N C E M
200 267 19900 15920
Opt_part_L_size, Opt_part_R_size, Opt_number_of_colors
38 162 89
N of L changes = 15
Min number of labels in a vertice, Max number of labels in a vertice
95 139
Solution Set
155(43) 56(44) 76(44) 140(44) 143(44) 189(44) 230(44) 234(44) 241(44) 62(45) 182(45) 191(45) 202(45) 212(45) 236(45) 193(77) 166(79) 18(83) 33(86) 168(86) 238(87) 247(87) 204(87) 231(87) 94(89) 104(89) 118(89) 91(90) 27(90) 258(90) 71(90) 102(91) 11(92) 88(92) 19(92) 264(93) 80(93) 240(93) 209(93) 233(94) 194(94) 126(94) 66(95) 206(95) 208(96) 158(96) 148(96) 34(98) 188(98) 215(98) 121(99) 254(99) 260(100) 145(101) 4(102) 106(102) 175(102) 228(102) 216(102) 200(102) 185(102) 153(103) 253(103) 179(104) 207(104) 100(104) 2(105) 9(105) 243(106) 59(106) 117(107) 48(109) 75(109) 38(110) 239(111) 186(112) 51(112) 115(112) 0(112) 246(113) 30(113) 137(113) 92(114) 81(114) 197(114) 113(116) 47(120) 83(120) 156(122) 
Number of edges by Color (l n)
0 156 122
1 47 120
2 83 120
3 113 116
4 81 114
5 92 114
6 197 114
7 30 113
8 137 113
9 246 113
10 0 112
11 51 112
12 115 112
13 186 112
14 239 111
15 38 110
16 48 109
17 75 109
18 117 107
19 59 106
20 243 106
21 2 105
22 9 105
23 100 104
24 179 104
25 207 104
26 153 103
27 253 103
28 4 102
29 106 102
30 175 102
31 185 102
32 200 102
33 216 102
34 228 102
35 145 101
36 260 100
37 121 99
38 254 99
39 34 98
40 188 98
41 215 98
42 148 96
43 158 96
44 208 96
45 66 95
46 206 95
47 126 94
48 194 94
49 233 94
50 80 93
51 209 93
52 240 93
53 264 93
54 11 92
55 19 92
56 88 92
57 102 91
58 27 90
59 71 90
60 91 90
61 258 90
62 94 89
63 104 89
64 118 89
65 204 87
66 231 87
67 238 87
68 247 87
69 33 86
70 168 86
71 18 83
72 166 79
73 193 77
74 40 46
75 64 46
76 82 46
77 6 45
78 7 45
79 8 45
80 13 45
81 16 45
82 20 45
83 21 45
84 24 45
85 26 45
86 31 45
87 32 45
88 35 45
89 37 45
90 39 45
91 41 45
92 42 45
93 43 45
94 44 45
95 53 45
96 55 45
97 60 45
98 62 45
99 63 45
100 67 45
101 77 45
102 95 45
103 98 45
104 108 45
105 132 45
106 135 45
107 141 45
108 162 45
109 170 45
110 172 45
111 174 45
112 176 45
113 180 45
114 182 45
115 191 45
116 202 45
117 212 45
118 236 45
119 252 45
120 1 44
121 3 44
122 5 44
123 10 44
124 12 44
125 14 44
126 15 44
127 17 44
128 22 44
129 23 44
130 25 44
131 28 44
132 29 44
133 36 44
134 45 44
135 46 44
136 49 44
137 50 44
138 52 44
139 54 44
140 56 44
141 57 44
142 58 44
143 61 44
144 65 44
145 68 44
146 69 44
147 70 44
148 72 44
149 73 44
150 74 44
151 76 44
152 78 44
153 79 44
154 84 44
155 85 44
156 86 44
157 87 44
158 89 44
159 90 44
160 93 44
161 96 44
162 97 44
163 99 44
164 101 44
165 103 44
166 105 44
167 107 44
168 109 44
169 110 44
170 111 44
171 112 44
172 114 44
173 116 44
174 119 44
175 120 44
176 122 44
177 123 44
178 124 44
179 125 44
180 127 44
181 128 44
182 129 44
183 130 44
184 131 44
185 133 44
186 134 44
187 136 44
188 138 44
189 139 44
190 140 44
191 142 44
192 143 44
193 144 44
194 146 44
195 147 44
196 149 44
197 150 44
198 151 44
199 152 44
200 154 44
201 157 44
202 159 44
203 160 44
204 161 44
205 163 44
206 164 44
207 165 44
208 167 44
209 169 44
210 171 44
211 173 44
212 177 44
213 178 44
214 181 44
215 183 44
216 184 44
217 187 44
218 189 44
219 190 44
220 192 44
221 195 44
222 196 44
223 198 44
224 199 44
225 201 44
226 203 44
227 205 44
228 210 44
229 211 44
230 213 44
231 214 44
232 217 44
233 218 44
234 219 44
235 220 44
236 221 44
237 222 44
238 223 44
239 224 44
240 225 44
241 226 44
242 227 44
243 229 44
244 230 44
245 232 44
246 234 44
247 235 44
248 237 44
249 241 44
250 242 44
251 245 44
252 249 44
253 250 44
254 251 44
255 255 44
256 257 44
257 259 44
258 262 44
259 265 44
260 266 44
261 155 43
262 244 43
263 248 43
264 256 43
265 261 43
266 263 43
Label List by vertices (vertice Id, Number of labels : set of labels
0 138 : 2 3 6 7 10 13 14 15 17 18 20 22 25 30 32 33 35 37 45 46 47 48 50 51 54 55 56 58 60 61 63 65 66 69 72 73 74 75 76 77 79 80 81 82 87 90 91 96 98 101 103 105 106 107 108 110 111 115 117 120 121 122 124 125 126 129 131 132 133 134 139 140 144 145 146 148 152 153 156 158 161 162 164 167 169 170 173 174 175 179 180 181 182 183 186 187 188 189 190 192 194 195 196 197 198 200 201 204 207 208 210 211 212 213 214 216 220 221 223 228 230 231 234 236 239 240 242 243 244 246 249 250 253 254 255 259 265 266
1 138 : 5 7 9 11 12 13 14 17 18 19 20 21 24 25 26 27 29 34 35 36 37 38 39 42 43 44 46 54 55 57 58 61 62 65 66 70 71 72 75 77 78 81 83 86 88 91 92 94 98 99 101 103 105 106 107 109 110 111 113 117 120 121 123 124 125 127 128 130 131 134 135 138 139 140 142 144 145 148 149 150 151 156 157 160 161 162 164 165 168 169 171 172 174 175 180 181 182 186 187 189 190 192 193 194 195 196 198 201 204 206 208 209 212 213 216 217 220 225 226 229 230 231 232 238 239 240 242 246 247 251 252 253 256 258 259 260 261 264
2 138 : 2 4 5 6 7 8 10 12 15 17 18 20 22 24 28 29 30 33 35 36 38 39 40 43 44 45 47 48 49 51 54 55 57 59 63 65 66 68 69 70 71 72 74 75 77 78 79 80 81 82 83 84 90 91 92 96 97 100 101 102 103 105 106 107 108 109 110 112 113 114 115 118 123 124 128 131 133 136 141 143 147 149 152 153 154 156 158 160 163 164 166 167 168 170 173 174 175 179 183 186 187 190 191 192 194 195 196 199 203 206 207 209 214 219 223 225 229 230 231 232 233 234 238 242 243 245 247 248 249 250 253 254 255 256 257 258 259 262
3 138 : 2 5 7 9 10 12 13 14 15 18 20 28 30 31 33 35 36 38 40 42 46 47 48 50 51 53 56 59 60 61 62 66 67 68 69 70 71 72 73 74 76 77 78 79 81 83 88 90 92 98 99 101 102 103 104 105 106 108 110 112 114 116 117 119 122 124 125 129 130 131 132 135 136 137 138 143 153 156 157 159 160 162 163 164 170 173 175 176 177 180 181 182 184 185 186 187 188 189 190 192 195 196 199 200 202 203 204 205 208 209 210 211 215 216 218 219 221 222 223 227 229 231 232 235 237 246 248 250 254 257 259 260 261 262 263 264 265 266
4 138 : 0 2 4 6 7 8 9 11 13 14 17 20 21 22 24 27 28 30 33 36 37 38 39 40 42 44 45 46 47 48 49 50 58 59 60 61 62 64 65 66 67 69 70 72 74 75 76 77 78 84 85 86 87 89 90 91 92 93 94 95 97 98 100 101 103 105 109 111 112 114 115 119 121 125 128 130 131 132 133 134 135 137 143 144 146 149 152 155 156 161 162 166 168 170 172 173 174 178 179 180 182 185 187 188 191 195 196 197 198 200 202 203 205 206 208 210 211 213 216 217 219 221 222 225 227 228 229 230 232 237 239 244 246 248 252 253 255 266
5 138 : 1 2 3 4 7 8 9 12 15 19 20 21 22 24 27 28 29 30 33 35 37 38 39 40 41 42 43 46 48 49 50 51 54 57 59 61 62 63 66 67 68 69 73 74 75 76 77 78 81 83 84 86 87 89 90 91 96 97 98 99 100 104 106 107 110 111 112 114 118 121 122 124 128 129 132 133 135 137 138 139 145 146 147 148 151 152 154 155 156 157 158 162 168 174 175 176 177 181 182 185 186 188 191 194 195 198 199 200 203 205 207 211 213 215 216 224 228 230 231 233 234 236 237 240 241 242 243 246 248 254 255 256 257 258 259 260 262 265
6 138 : 2 3 7 10 11 12 14 16 17 19 22 24 28 30 32 34 38 39 41 42 43 44 45 46 48 51 54 55 61 63 65 67 70 73 74 75 76 77 78 80 81 82 83 84 86 87 88 89 90 92 93 95 96 98 99 101 102 104 110 111 113 114 115 120 121 124 125 126 127 128 132 133 134 135 137 138 139 145 146 149 153 154 158 160 162 163 164 165 166 167 168 170 173 176 183 184 185 190 191 193 195 197 198 200 203 204 205 206 207 209 211 212 215 216 218 220 223 224 225 226 227 232 233 234 235 237 238 240 244 245 249 251 253 254 256 259 264 266
7 138 : 1 3 4 5 8 9 11 15 20 21 22 25 27 28 29 35 36 37 39 40 41 43 44 48 51 54 57 59 61 63 64 65 67 68 71 73 77 79 80 81 83 86 88 90 93 95 99 100 101 103 105 106 110 112 114 117 119 121 122 123 126 129 130 131 133 134 136 137 139 144 145 147 150 153 154 156 157 162 163 164 165 170 171 172 173 174 175 176 178 179 180 181 184 186 188 190 192 193 194 199 200 201 202 204 206 207 208 209 210 213 214 217 218 219 222 223 226 227 229 230 233 234 236 237 238 243 244 245 246 249 250 257 258 259 260 263 265 266
8 137 : 0 1 2 4 5 8 9 10 12 14 16 21 23 25 26 27 30 31 32 35 36 38 40 41 42 43 44 49 54 57 61 63 64 65 66 68 70 71 72 73 74 77 78 79 84 86 87 89 92 95 98 99 100 103 104 110 111 113 115 118 120 121 123 126 127 129 130 131 133 137 140 141 143 144 146 147 148 149 150 152 153 154 159 161 167 169 174 177 181 183 185 186 187 188 191 192 193 194 198 199 200 202 205 206 207 208 210 211 215 216 217 219 225 227 229 230 231 232 233 234 237 238 239 240 241 251 252 253 254 255 256 257 258 259 261 263 266
9 138 : 0 1 2 5 7 8 9 11 16 17 20 21 22 23 25 29 36 37 39 40 41 42 44 46 47 48 49 50 51 53 54 58 60 63 66 69 70 72 73 76 78 79 80 82 83 84 85 86 88 90 93 96 98 99 100 101 102 103 106 108 109 110 112 113 118 120 121 122 129 132 133 139 141 142 143 145 147 148 149 158 159 162 163 164 166 167 168 169 172 173 175 176 177 179 180 182 184 185 188 190 191 193 194 197 200 201 203 205 206 207 209 210 212 214 216 217 218 220 223 226 228 229 232 233 235 236 237 239 240 241 244 246 249 253 257 258 260 262
10 138 : 0 2 6 7 8 9 10 11 12 13 14 15 16 17 18 19 20 21 22 25 33 37 38 41 43 45 51 52 53 56 57 60 64 65 66 68 69 70 72 73 79 82 83 84 85 86 87 89 93 94 95 96 98 99 100 101 103 104 106 112 114 115 116 118 119 120 121 124 126 127 130 132 134 135 136 138 143 146 150 151 152 153 154 155 156 157 158 159 160 161 164 166 167 168 171 175 177 183 186 189 193 194 195 196 197 202 204 208 209 213 214 215 218 219 220 223 224 228 230 231 233 235 239 241 242 243 247 250 251 252 253 255 257 258 259 260 262 264
11 138 : 2 3 5 11 12 13 17 18 21 24 26 31 33 34 36 38 39 42 43 44 46 48 49 51 53 55 56 60 61 62 63 64 65 67 68 70 74 75 76 77 82 88 89 90 91 92 93 94 96 98 99 101 103 104 106 107 110 112 113 114 117 120 121 124 126 128 130 131 132 133 135 137 140 141 142 144 145 146 147 148 151 152 153 156 159 164 165 166 167 169 171 173 175 179 180 181 182 186 187 188 189 190 191 194 195 198 204 205 208 211 213 214 217 218 222 223 225 226 232 233 234 235 237 238 240 242 243 244 247 249 250 251 253 257 258 260 261 265
12 138 : 0 1 5 7 8 9 10 11 15 16 17 19 21 22 24 25 26 27 31 32 33 34 37 39 41 42 43 44 50 51 52 53 54 57 59 61 62 64 67 68 70 72 73 76 77 78 81 82 83 85 87 89 90 91 92 94 97 99 100 101 102 103 105 106 107 108 109 112 113 115 116 117 118 120 121 123 126 128 131 132 133 135 136 137 138 146 148 152 154 156 158 159 160 161 162 163 170 172 173 176 178 179 182 183 189 190 193 198 200 201 206 207 214 216 217 222 223 224 225 227 228 232 235 236 237 239 240 244 245 246 247 249 252 253 254 261 264 266
13 138 : 2 4 5 6 8 12 13 14 22 23 24 26 28 29 31 32 33 35 36 37 38 42 45 47 48 49 50 53 56 57 58 60 61 62 64 65 66 67 71 73 74 76 78 80 81 82 83 85 89 90 92 96 97 100 101 103 104 105 108 109 111 112 113 114 116 117 118 121 122 123 124 126 127 131 132 136 137 140 142 146 148 154 157 159 161 163 167 168 170 175 176 178 179 180 185 187 188 190 191 192 193 197 199 200 201 207 213 215 217 218 219 220 221 223 224 226 227 228 230 233 234 235 236 237 238 240 242 246 248 249 250 251 252 253 254 257 260 266
14 138 : 0 1 3 5 6 9 10 12 13 14 15 16 21 22 24 27 29 30 31 32 33 35 37 40 41 44 48 49 51 55 57 58 59 61 63 64 65 66 67 68 73 75 78 81 82 88 90 91 94 95 96 100 104 105 111 113 119 120 121 123 124 125 126 127 128 129 134 136 137 138 139 145 148 149 151 152 154 155 156 160 162 164 165 166 168 169 170 171 172 174 175 176 177 180 182 187 192 193 196 199 202 203 206 208 209 210 211 213 214 217 218 219 220 222 223 224 226 228 229 230 231 232 233 234 236 238 239 240 242 247 249 250 251 253 255 259 261 264
15 138 : 0 5 6 7 8 11 12 14 15 16 22 23 25 29 30 31 32 34 35 36 37 38 39 40 42 47 48 49 52 59 60 61 63 65 67 72 74 75 76 77 78 82 83 84 85 86 89 90 92 93 94 97 101 102 104 105 110 113 115 117 119 122 124 125 130 132 133 134 137 138 140 142 143 144 145 148 149 151 152 153 154 155 156 157 162 163 166 167 169 172 173 174 175 178 180 181 182 183 185 188 191 192 196 197 199 200 205 208 210 213 214 215 218 219 220 221 222 225 230 231 235 236 238 240 242 243 245 248 249 250 252 253 254 255 256 260 261 266
16 138 : 0 1 2 5 6 7 8 9 12 13 14 16 17 19 22 26 27 28 30 31 34 36 41 42 45 49 50 52 56 58 59 65 68 75 81 83 84 85 87 88 90 91 92 93 96 97 98 99 100 101 102 103 105 106 108 109 110 111 112 113 114 117 118 120 122 123 125 126 127 128 130 136 138 140 141 142 146 147 148 152 153 155 156 157 159 160 163 164 168 169 170 172 173 174 175 176 178 181 185 186 187 192 193 194 195 196 200 201 202 203 206 208 210 212 216 217 218 221 222 224 227 228 230 237 240 242 244 247 248 249 251 253 257 259 260 264 265 266
17 138 : 0 3 4 5 6 7 8 10 13 15 16 20 26 27 30 39 41 42 43 45 48 49 51 52 53 55 56 57 60 62 63 66 71 74 76 77 78 81 82 90 91 94 95 96 97 99 100 101 104 106 107 109 110 113 114 115 117 121 122 126 129 130 131 132 135 137 138 139 142 143 144 145 146 149 153 154 155 157 158 159 161 164 165 166 167 171 173 175 176 177 178 179 183 186 187 188 190 191 192 193 194 195 198 201 202 204 206 207 208 209 210 211 212 216 218 219 221 222 223 224 226 227 228 236 237 239 240 241 242 244 245 247 253 254 255 257 263 266
18 101 : 0 2 4 6 8 9 10 11 16 18 19 25 27 30 34 37 38 41 44 47 48 49 51 61 64 66 69 71 75 80 81 83 91 92 94 100 102 104 106 109 113 115 118 121 124 126 127 128 137 145 148 150 153 156 157 158 159 162 163 166 171 172 174 175 179 180 181 184 185 186 188 191 193 194 195 197 200 204 206 207 208 214 215 216 218 228 231 233 237 238 240 243 245 246 247 251 253 260 261 262 264
19 138 : 0 1 2 5 8 11 13 14 17 19 20 21 22 23 24 25 26 27 28 29 31 32 33 34 35 38 39 40 41 42 45 46 48 51 53 54 56 57 60 61 64 67 75 76 83 84 85 87 89 91 92 95 96 102 103 104 108 109 111 112 113 114 117 119 122 126 128 129 131 133 134 135 136 139 141 145 146 148 149 150 151 152 153 157 160 161 163 168 169 172 173 175 180 183 185 188 189 190 191 193 194 195 198 200 201 205 206 208 209 211 212 213 217 218 219 221 222 227 228 231 233 234 235 238 239 240 243 246 247 248 249 251 252 253 254 256 257 266
20 138 : 0 3 6 8 9 13 14 15 18 21 22 24 26 35 36 40 45 46 48 51 52 53 54 55 56 58 62 63 66 67 68 69 71 75 77 78 79 80 81 82 84 85 89 90 92 94 95 96 98 100 105 112 113 114 115 116 118 120 121 123 129 130 132 134 136 137 138 139 140 142 144 146 148 149 150 152 158 160 162 163 164 166 167 168 169 170 171 172 176 177 182 183 184 185 188 189 191 193 196 197 200 204 206 207 208 209 211 212 213 214 215 216 217 218 221 222 223 227 228 231 232 233 239 240 241 243 245 247 249 252 253 254 257 258 261 262 265 266
21 138 : 1 4 7 8 9 11 14 15 16 18 21 26 27 31 32 33 36 38 39 40 42 43 45 48 49 53 54 57 58 64 65 67 68 70 71 72 74 76 78 79 80 81 82 83 90 94 95 96 98 100 101 103 104 105 106 107 108 115 116 117 118 120 121 124 130 137 139 140 145 146 147 150 152 154 155 156 157 159 160 162 163 165 166 167 170 174 176 177 181 184 185 186 188 191 195 196 197 198 199 200 201 202 203 204 206 207 209 210 215 217 218 219 220 221 222 223 225 228 229 231 235 238 241 242 243 246 249 251 253 254 255 258 259 260 262 264 265 266
22 105 : 0 2 3 4 9 11 12 18 19 27 30 32 33 34 38 39 40 43 47 48 49 51 52 59 64 66 69 71 72 74 75 76 80 81 83 91 92 93 94 97 98 99 100 102 104 106 109 113 115 117 118 119 121 126 129 133 137 139 141 143 146 147 148 151 153 156 165 166 168 173 175 179 181 185 186 188 190 193 197 200 202 204 206 207 208 215 216 226 228 231 233 234 237 239 240 243 246 247 253 254 255 256 258 260 264
23 138 : 0 1 5 6 7 9 13 18 19 21 22 23 26 28 36 37 42 44 45 47 49 51 54 55 58 59 60 67 68 69 71 73 74 75 76 77 78 80 81 82 83 85 86 87 88 93 95 96 100 101 102 104 105 107 108 112 113 115 116 117 118 119 120 121 123 124 125 127 130 132 133 135 136 142 143 153 154 155 156 158 160 162 166 172 174 175 176 179 181 182 183 184 186 188 190 192 196 198 199 200 201 203 204 207 208 209 210 211 214 215 217 221 222 223 225 226 227 229 230 231 233 234 238 240 241 243 244 245 247 250 251 252 254 257 259 263 264 266
24 138 : 0 2 3 4 5 6 7 8 9 10 12 13 15 17 18 19 23 27 28 29 30 31 32 34 35 37 41 43 45 47 49 50 51 54 55 57 58 59 61 63 64 66 68 70 71 73 75 77 78 79 81 84 85 86 88 90 92 93 94 96 103 106 107 111 112 113 114 119 122 125 126 128 132 133 135 137 138 139 141 143 145 156 161 163 165 166 167 169 170 174 175 178 179 180 183 184 185 187 194 195 196 197 198 199 204 206 209 210 211 213 214 215 216 220 228 229 231 232 233 235 238 239 240 243 244 248 250 254 255 256 257 258 259 261 262 263 264 265
25 138 : 0 2 3 4 5 7 8 9 10 11 13 14 16 17 18 19 23 24 25 26 27 28 29 30 32 33 36 38 41 43 44 47 49 51 52 53 56 57 62 67 68 69 72 73 75 76 77 78 79 80 81 82 84 85 86 89 90 91 93 94 99 106 107 108 113 115 116 117 119 122 123 127 128 129 130 131 135 137 138 139 141 145 153 156 157 158 159 161 162 165 167 168 169 171 175 176 179 180 181 182 183 184 187 197 200 201 203 207 208 209 211 212 216 217 218 223 227 229 230 233 234 237 238 239 242 246 248 249 250 251 255 256 257 260 262 263 265 266
26 138 : 0 1 3 4 6 7 8 9 10 11 14 15 17 20 21 24 25 28 30 31 33 34 35 38 40 41 42 43 45 47 49 50 51 52 53 58 59 60 61 62 63 66 67 69 70 71 72 75 79 80 81 82 85 86 87 88 89 91 94 95 98 100 103 106 109 110 111 112 113 115 116 117 118 120 121 122 124 125 127 129 130 131 135 136 137 143 144 148 156 158 166 170 177 179 180 182 186 187 188 189 190 191 193 194 196 197 201 202 205 206 209 210 211 213 215 219 221 223 224 228 230 231 232 234 237 238 239 242 245 250 252 253 256 258 261 262 264 266
27 138 : 0 2 7 9 11 15 17 19 22 25 26 27 30 31 33 35 36 37 38 39 40 41 44 47 54 55 56 57 58 59 61 63 64 65 66 68 71 72 73 74 75 76 77 79 83 85 86 87 90 91 92 96 98 99 102 103 105 109 111 113 118 120 123 124 125 126 127 128 130 134 135 136 138 140 142 143 146 147 148 151 153 158 159 166 169 173 174 175 180 181 183 184 185 189 194 195 200 201 202 204 206 207 209 211 212 214 215 221 222 224 226 227 228 229 230 231 233 234 236 237 238 239 240 241 243 248 249 251 253 254 255 257 259 260 261 263 265 266
28 138 : 0 2 4 5 6 9 12 15 18 20 22 23 25 26 28 30 33 34 37 38 41 42 44 46 47 48 49 50 51 52 53 56 57 58 60 63 65 68 71 72 74 76 78 80 81 82 83 84 85 86 88 92 99 100 103 105 106 107 109 110 111 112 113 115 116 118 122 123 127 131 132 133 134 136 137 139 142 145 146 147 148 149 150 152 153 156 158 159 160 162 164 165 166 168 171 174 175 179 180 182 186 187 188 189 191 192 194 198 199 200 207 209 211 212 219 220 221 222 225 226 228 229 232 234 235 242 244 250 253 254 256 257 258 259 260 261 262 264
29 138 : 0 2 4 7 8 12 13 14 16 19 26 28 31 33 34 35 36 38 40 41 43 44 46 49 50 52 53 55 56 57 58 59 60 63 64 66 67 68 71 72 74 76 79 81 83 87 91 92 96 97 99 100 102 105 108 110 113 114 115 117 121 123 126 130 132 137 144 145 147 148 150 152 154 156 158 159 160 161 164 166 167 169 170 171 173 175 177 182 186 187 189 192 193 194 195 196 200 201 202 205 206 207 209 211 214 216 218 220 221 222 223 224 225 227 228 229 230 231 233 238 240 241 242 245 246 247 249 250 251 253 254 255 257 258 262 263 264 266
30 138 : 1 2 4 6 8 17 19 21 22 27 29 30 31 35 36 40 42 43 44 46 47 48 49 51 53 54 55 56 57 60 61 65 66 67 71 72 73 75 80 81 82 84 86 87 88 89 90 92 93 95 96 100 106 108 111 116 119 120 122 124 125 126 129 130 133 134 137 140 142 144 145 146 148 149 150 153 154 157 158 159 161 166 168 169 170 172 174 177 182 186 188 189 190 191 192 193 195 196 197 198 201 202 204 206 208 209 210 211 214 215 217 218 221 223 227 229 231 232 235 236 238 243 245 249 250 251 252 253 255 256 257 259 260 261 262 263 264 265
31 138 : 2 4 5 8 10 11 13 14 18 19 22 23 25 27 28 30 32 33 35 36 38 43 44 45 46 48 51 53 54 55 57 59 63 64 65 67 69 70 71 73 77 78 81 82 85 86 87 88 89 90 91 92 93 97 98 100 101 103 107 109 111 113 114 116 118 120 121 123 125 126 127 129 130 131 132 133 134 135 139 142 146 148 150 152 155 157 158 166 167 168 169 170 174 176 177 183 184 186 187 189 192 193 198 199 205 206 207 209 212 213 214 215 218 222 223 224 227 228 230 231 233 234 235 237 238 239 242 246 247 248 252 254 255 256 257 260 261 264
32 138 : 2 6 9 10 11 15 19 21 22 23 26 27 31 32 34 37 38 39 40 45 47 49 50 52 53 55 56 57 58 59 61 64 65 66 67 69 71 74 75 76 82 83 85 86 87 89 90 91 95 96 97 101 102 104 106 110 111 113 115 116 117 119 121 123 124 125 126 127 128 131 133 135 136 139 140 142 143 146 147 150 156 158 161 162 164 165 171 172 176 178 179 182 184 185 192 193 194 195 197 200 201 206 207 209 210 212 214 216 217 220 222 224 225 227 228 229 230 234 235 237 238 239 240 242 243 246 247 248 251 254 257 258 259 260 262 264 265 266
33 103 : 0 2 4 9 11 18 19 27 30 33 34 35 38 42 47 48 51 53 54 56 58 66 68 71 72 75 80 81 83 86 88 91 92 94 96 100 101 102 103 104 105 106 111 113 115 117 122 126 127 133 134 137 145 148 153 156 158 160 163 168 170 175 179 182 185 186 188 190 192 193 194 195 197 201 202 204 205 206 207 208 209 210 215 216 217 218 220 224 228 231 233 239 240 243 246 247 249 254 255 258 259 260 264
34 138 : 0 4 6 9 13 14 15 17 18 19 22 24 25 27 28 29 30 31 36 40 41 42 46 47 48 49 52 56 57 58 63 65 69 71 72 73 74 77 79 80 81 82 83 84 86 88 91 93 95 96 98 99 100 101 102 103 105 110 111 113 116 119 124 125 126 127 129 130 134 136 137 139 140 142 149 150 151 153 154 156 160 165 166 167 168 177 178 179 180 182 186 191 192 193 194 195 197 198 200 202 203 206 207 208 211 212 216 219 221 222 224 228 229 230 231 232 233 235 236 239 240 242 244 245 247 248 249 252 253 254 255 257 259 261 262 263 264 266
35 103 : 0 2 3 4 6 9 11 18 19 21 25 27 28 30 33 34 35 36 38 39 46 47 51 56 59 65 66 75 76 81 83 84 88 91 92 94 100 102 104 106 114 115 117 118 119 124 125 129 132 136 137 141 144 145 148 152 153 155 156 158 159 162 163 166 175 176 179 182 185 186 187 188 190 191 193 194 197 198 204 205 206 207 208 209 210 216 218 228 233 237 238 239 240 243 246 247 250 253 254 258 260 262 264
36 105 : 0 2 4 9 11 18 19 21 22 25 27 30 33 34 38 41 42 43 44 45 47 48 49 51 58 65 66 71 75 80 81 83 85 88 91 92 93 94 100 104 106 112 113 114 115 117 118 121 126 132 137 145 146 148 151 152 153 156 158 161 166 168 171 172 175 176 178 179 185 186 187 188 197 198 200 201 204 206 207 208 209 213 214 215 216 221 223 226 228 231 233 235 238 239 240 242 243 246 247 253 254 256 258 260 264
37 138 : 0 1 4 5 7 10 15 18 19 23 26 27 29 30 34 35 37 39 40 41 42 45 46 48 49 50 51 55 56 57 61 62 63 64 70 72 75 77 78 81 82 86 90 93 94 95 96 97 99 100 101 104 106 107 111 112 113 114 116 118 122 123 126 130 131 132 133 137 139 140 142 144 146 147 149 150 151 155 157 158 159 160 161 162 164 166 167 168 169 171 172 173 175 176 178 179 182 185 187 189 191 192 195 196 197 198 200 201 204 205 207 209 212 215 216 218 219 220 221 226 228 229 233 235 236 245 246 247 248 250 252 258 259 260 263 264 265 266
38 138 : 2 6 10 12 13 14 15 16 18 20 22 25 26 32 34 36 39 40 41 42 43 45 47 48 49 50 52 54 55 58 63 64 66 67 69 70 71 72 73 74 75 76 80 81 83 89 91 92 93 97 100 102 103 104 105 106 108 111 113 115 116 117 118 123 124 129 130 131 135 137 143 145 147 148 149 159 160 161 164 166 168 169 170 171 172 174 176 177 179 183 184 187 190 193 194 195 197 198 199 200 201 202 203 204 206 207 208 210 212 213 214 216 217 222 223 225 228 230 231 232 233 236 237 240 242 243 244 246 247 248 249 253 259 261 262 264 265 266
39 98 : 0 4 6 7 9 11 14 16 19 23 25 28 30 33 34 38 42 44 47 48 50 51 55 59 63 66 70 71 77 80 81 83 88 91 94 100 104 106 107 108 110 113 115 117 118 121 123 126 137 141 143 145 148 149 152 153 156 158 161 162 166 168 175 179 185 186 187 193 194 197 200 201 205 206 207 208 209 215 216 218 221 231 238 239 240 243 244 245 246 247 253 254 258 259 260 261 263 264
40 103 : 0 2 4 9 11 13 16 18 19 20 23 26 30 33 34 38 47 48 51 55 58 59 60 61 63 66 68 71 72 75 81 83 84 85 88 91 92 93 94 97 100 102 104 106 113 115 117 121 126 132 135 137 140 142 145 148 150 151 153 156 166 170 175 179 183 185 186 187 188 189 190 193 194 195 197 200 204 205 206 207 208 209 215 216 220 225 228 231 233 234 238 239 240 244 245 246 247 253 254 255 258 260 264
41 138 : 3 5 6 7 12 13 15 18 19 22 23 24 28 29 30 32 34 35 36 37 39 42 43 47 48 49 51 52 55 56 58 62 63 64 68 70 75 78 79 80 83 85 90 91 92 94 95 96 97 98 99 100 102 103 104 106 108 110 114 115 117 118 119 120 124 128 129 130 132 133 134 135 137 139 141 144 148 152 153 154 156 162 163 164 169 170 171 173 178 182 183 186 187 188 190 191 193 194 197 199 200 206 208 210 211 212 214 215 216 217 219 220 221 223 226 227 228 232 233 234 235 238 243 244 245 248 250 251 252 253 255 256 257 258 262 263 264 266
42 138 : 1 2 4 5 6 9 10 13 14 17 19 20 21 24 26 27 28 29 30 33 34 36 38 42 44 45 47 50 52 56 57 58 59 60 61 62 63 65 70 71 72 73 75 82 84 85 87 88 90 92 97 98 99 100 102 103 104 105 107 108 110 112 113 115 121 122 123 127 129 130 132 133 140 141 143 144 149 152 153 156 157 158 159 168 170 171 172 173 176 178 182 183 185 186 189 192 193 194 195 196 197 198 200 201 202 203 204 205 206 207 208 209 211 216 220 221 223 224 226 227 228 230 231 232 233 234 238 239 245 248 249 251 253 257 259 260 264 266
43 138 : 1 3 4 5 7 9 10 13 16 17 19 21 23 26 27 28 29 30 32 33 36 37 42 44 48 49 51 52 54 57 58 59 61 62 64 65 67 68 70 71 72 74 76 85 86 88 90 92 93 94 95 97 98 99 104 105 113 114 115 117 118 119 122 125 126 127 128 130 131 134 136 137 138 141 142 143 144 147 149 150 151 152 156 157 158 160 164 165 166 168 170 172 176 178 181 183 184 187 191 194 195 197 198 199 200 202 205 206 208 209 210 213 214 215 217 219 222 225 226 230 234 235 237 238 239 242 243 247 250 252 253 255 259 260 261 262 263 265
44 138 : 0 4 5 7 9 10 11 17 21 24 25 29 31 32 33 35 36 38 39 41 42 43 45 47 48 50 51 52 53 54 59 60 62 63 65 66 68 69 71 75 77 79 80 81 82 86 87 94 97 98 100 101 102 103 106 107 109 111 115 118 120 121 125 128 129 133 135 137 139 140 141 144 146 147 148 150 154 155 156 160 161 162 167 168 169 171 172 177 178 179 180 182 184 185 186 189 190 191 192 196 197 199 201 202 205 208 209 213 214 215 218 219 220 222 224 225 228 229 230 231 234 238 239 241 242 243 248 249 250 251 252 253 254 256 257 259 261 265
45 138 : 0 1 2 3 4 5 7 9 18 19 24 25 26 32 34 38 39 40 41 42 43 44 46 47 48 49 51 53 57 58 60 63 65 66 68 69 71 74 76 77 78 84 86 87 88 91 92 97 98 102 106 107 108 109 112 114 115 117 119 120 122 123 124 125 127 129 130 132 136 137 139 143 144 145 146 147 148 151 156 158 159 162 166 169 171 173 174 175 178 179 181 186 187 188 189 191 192 193 194 196 197 200 202 205 206 207 209 210 211 212 214 216 219 220 223 225 227 228 231 233 234 235 236 240 241 242 243 244 246 249 252 256 259 260 261 262 264 266
46 138 : 3 4 6 7 10 13 17 19 20 23 24 26 27 28 31 34 35 36 43 44 47 48 51 53 55 56 57 59 61 62 63 64 66 67 68 69 71 74 76 80 81 82 86 87 88 89 92 93 95 96 98 102 103 104 106 107 109 111 117 118 121 122 123 126 127 128 129 130 137 138 139 140 141 145 146 147 148 151 153 154 156 157 159 162 163 164 166 169 171 172 174 175 176 183 184 189 190 192 193 194 196 198 200 202 203 204 206 207 208 209 211 215 220 222 224 225 226 228 229 230 231 234 238 239 241 244 246 247 248 253 254 256 258 259 262 263 264 265
47 138 : 1 2 3 5 6 8 10 11 12 15 16 17 19 22 25 26 27 31 32 33 36 37 38 39 40 41 42 44 45 46 47 48 49 54 55 57 58 59 60 61 62 63 67 68 70 71 77 78 79 80 81 83 84 85 90 91 92 93 94 95 99 100 101 105 107 108 109 110 111 112 113 115 116 118 124 126 130 131 136 139 142 143 144 148 149 151 157 159 160 163 168 169 174 175 176 177 180 181 185 187 189 192 194 202 205 206 208 210 212 213 215 217 220 221 223 228 229 231 233 234 235 236 237 241 243 245 246 249 253 254 256 257 258 259 260 263 265 266
48 138 : 2 3 4 5 6 8 9 11 12 13 14 18 19 20 24 28 29 31 32 33 35 37 38 39 40 41 42 43 45 46 49 50 51 52 56 58 59 61 64 66 67 68 69 71 75 76 77 81 82 85 87 89 91 93 94 99 106 108 110 116 117 119 120 121 122 126 127 132 134 135 136 137 138 140 142 143 145 146 148 151 152 154 156 157 158 159 160 161 166 167 168 169 172 174 175 179 182 184 185 193 196 197 198 199 200 203 206 208 209 210 211 213 215 216 217 220 221 223 227 228 231 233 235 236 240 241 242 243 244 246 249 251 254 255 256 257 263 264
49 138 : 0 2 4 8 9 10 11 12 14 16 19 22 24 25 27 29 30 33 35 36 37 38 42 43 47 50 53 54 59 60 66 67 69 70 72 74 76 77 78 80 81 82 83 84 85 94 95 97 99 101 102 103 104 108 109 113 114 115 119 120 124 128 130 131 132 133 135 138 140 145 146 148 150 151 152 153 155 156 157 162 163 164 165 166 167 168 169 171 174 175 177 178 180 181 183 184 185 186 189 191 194 195 196 200 201 202 203 204 205 208 209 212 213 216 218 219 221 222 225 226 227 229 233 239 245 246 247 248 250 253 256 257 260 261 262 263 264 266
50 138 : 0 3 4 5 8 9 10 12 13 17 18 19 20 21 23 24 26 32 34 37 41 46 47 50 51 52 54 56 57 59 61 62 63 67 70 72 74 77 80 81 82 86 87 88 89 93 98 100 101 103 104 106 109 110 112 113 115 116 117 118 119 122 123 124 125 126 129 139 140 145 146 148 149 151 152 156 159 162 163 164 166 168 169 170 171 172 173 174 177 179 180 181 182 184 188 189 190 191 194 195 197 199 200 203 204 208 211 212 214 215 216 217 220 224 225 227 230 231 232 233 234 235 236 239 240 244 245 247 248 249 254 257 259 261 262 263 264 265
51 102 : 0 2 4 11 14 17 18 19 21 23 27 30 33 34 38 47 48 51 53 59 62 63 66 71 75 79 80 81 91 92 100 102 104 106 107 110 111 113 115 117 121 122 123 124 126 130 135 137 139 140 141 143 145 148 153 156 157 158 163 166 168 169 175 177 178 179 184 185 186 188 189 190 193 194 195 197 200 203 204 205 206 207 208 209 215 216 228 231 233 234 238 239 240 243 246 247 253 255 258 260 262 264
52 138 : 0 1 3 5 7 9 10 13 14 15 17 19 20 21 23 24 25 26 27 29 30 31 32 36 38 39 40 42 44 47 49 51 53 56 59 60 61 62 65 66 67 68 70 71 76 78 80 81 82 85 87 88 92 93 95 97 99 100 101 102 105 107 108 116 120 122 123 125 128 130 131 133 139 141 144 148 150 152 153 154 159 160 162 163 166 170 174 178 179 181 183 184 188 189 191 193 194 195 197 198 199 204 206 207 208 213 214 215 223 225 226 227 228 229 231 232 233 234 236 237 238 239 240 244 245 246 248 249 250 252 253 257 258 260 261 262 265 266
53 138 : 0 1 2 5 6 8 9 10 12 15 20 22 25 26 27 29 31 32 34 38 39 41 42 43 45 47 48 51 53 54 55 56 59 61 64 66 67 69 70 72 74 75 76 78 79 80 81 82 83 86 87 89 90 92 94 97 98 99 101 102 103 104 109 111 112 113 117 118 120 122 123 125 128 135 137 138 139 140 142 143 147 151 152 160 162 163 166 167 171 174 175 176 177 179 180 186 187 191 193 194 196 199 202 204 206 207 208 209 211 215 216 217 218 221 224 227 228 231 235 237 238 239 240 241 242 244 245 246 247 251 252 254 255 258 260 263 265 266
54 138 : 1 2 4 5 9 10 13 14 16 18 19 22 23 24 27 29 30 31 32 35 37 38 40 41 45 46 47 49 50 51 52 53 55 56 58 60 64 65 66 68 72 74 75 76 77 78 80 83 84 85 90 91 92 93 94 95 96 97 100 102 103 104 108 110 115 117 119 120 121 123 127 133 135 136 137 138 139 140 143 144 149 150 153 154 155 156 157 164 165 166 169 170 174 175 178 180 181 182 184 185 187 189 192 194 196 200 201 203 204 207 208 210 211 212 214 216 218 219 222 223 227 228 230 232 237 238 241 242 244 245 246 252 253 258 259 261 263 266
55 138 : 4 5 9 15 16 17 18 19 21 23 24 25 27 29 31 35 39 40 41 42 47 48 50 51 52 54 55 56 57 58 61 62 63 64 65 68 69 70 71 73 74 75 79 80 82 83 89 90 92 94 97 101 104 107 111 112 113 115 118 121 122 124 125 126 128 129 130 134 137 140 142 144 145 146 147 149 150 153 154 156 157 158 161 164 169 171 172 173 174 175 176 177 182 183 186 187 189 190 191 193 195 196 199 200 201 202 203 204 207 208 209 211 212 216 217 219 220 221 222 223 224 227 229 230 231 232 233 240 241 242 243 247 249 250 257 262 263 264
56 104 : 0 2 4 8 9 11 13 16 18 19 23 27 33 34 38 47 48 49 59 60 62 63 66 71 75 77 81 83 85 88 90 91 92 100 102 104 106 111 113 115 117 118 119 121 124 125 126 140 145 146 148 153 155 157 158 163 166 168 173 175 179 182 184 185 186 188 192 193 194 196 197 198 199 200 201 202 204 206 207 208 209 214 215 216 219 228 229 231 232 233 235 238 239 240 241 243 246 247 253 254 256 258 260 264
57 138 : 1 2 3 5 7 8 10 11 12 14 15 16 20 21 22 25 28 29 30 31 32 34 36 37 39 40 41 42 43 46 47 48 49 50 51 54 55 56 57 58 60 62 66 67 68 71 73 75 76 78 82 85 87 90 92 98 100 103 104 105 107 108 110 111 112 117 118 122 124 130 131 134 136 138 139 141 142 143 145 146 148 150 152 154 155 158 160 161 162 168 170 173 175 176 178 179 180 185 186 188 189 191 192 193 194 197 199 205 206 207 208 213 214 216 222 223 225 227 228 229 230 234 235 237 238 239 240 241 244 248 250 254 258 260 261 263 264 266
58 138 : 0 2 3 5 6 7 11 14 18 20 21 22 23 25 26 27 30 32 33 34 39 41 42 45 48 52 53 54 56 57 58 59 62 63 64 71 73 74 75 77 79 84 86 87 89 92 93 94 96 98 100 101 103 104 108 109 110 111 113 114 117 122 128 129 131 132 136 137 139 142 143 144 145 146 150 153 156 158 159 161 162 164 165 167 168 170 172 175 177 178 179 181 183 186 188 193 198 199 200 202 205 206 207 210 213 214 215 216 217 218 219 221 222 223 224 227 228 229 230 231 232 234 236 237 240 241 243 245 247 250 251 252 255 257 260 262 265 266
59 138 : 5 6 8 10 11 13 16 18 21 23 24 28 33 35 39 40 41 42 45 46 47 48 50 51 54 55 57 58 59 61 62 70 71 72 75 76 78 81 82 84 87 89 91 93 94 97 99 100 101 102 104 105 107 110 111 113 114 115 116 119 120 124 125 128 131 133 134 138 139 141 142 143 145 146 148 150 151 152 153 154 155 156 157 158 159 160 161 166 170 172 173 175 178 179 183 184 188 191 193 194 197 198 201 202 203 206 209 210 214 216 218 219 221 222 223 226 227 228 229 233 236 238 241 243 244 247 248 251 252 253 254 255 258 260 263 264 265 266
60 138 : 0 1 2 6 8 9 11 14 15 16 24 27 30 31 33 34 36 39 45 46 47 48 49 52 53 55 56 58 62 63 64 66 70 71 73 75 78 79 80 83 84 85 87 88 89 93 94 95 96 99 100 101 104 105 108 109 110 112 113 114 115 116 117 118 121 122 123 124 125 126 129 130 132 133 134 139 144 150 153 157 162 164 165 169 170 172 173 175 177 179 182 183 185 187 190 191 194 196 197 198 200 201 204 208 210 213 214 215 216 217 218 220 221 224 225 226 229 230 231 234 235 239 240 241 243 246 247 248 249 250 252 256 259 260 261 263 265 266
61 138 : 1 4 5 6 10 12 14 15 16 18 19 23 26 30 33 34 35 36 37 38 40 43 45 46 47 50 53 57 58 62 63 65 66 68 70 71 74 79 81 86 87 88 92 93 94 97 98 100 101 102 106 107 109 112 113 116 117 118 119 121 122 126 130 131 132 135 138 139 142 143 144 147 148 151 152 153 154 156 158 159 160 161 162 163 164 165 168 171 173 176 178 179 180 181 182 184 186 187 188 190 193 194 195 196 199 201 203 204 205 206 211 212 215 218 219 220 221 229 231 233 236 237 238 239 241 242 244 247 249 250 251 253 254 255 257 259 260 265
62 105 : 0 1 2 4 9 11 12 14 16 17 18 19 21 26 27 28 30 33 34 37 38 43 44 47 48 49 51 53 55 56 58 59 62 64 65 66 71 72 75 76 80 81 83 88 91 92 94 97 102 104 106 115 117 118 120 121 125 126 135 137 143 145 148 153 157 158 166 168 175 179 185 186 188 194 196 197 198 200 204 206 207 208 209 212 215 216 221 228 230 231 233 235 236 238 239 241 243 246 247 250 253 254 260 262 264
63 139 : 0 1 2 4 6 8 10 12 15 16 18 19 20 21 22 23 24 26 28 29 30 32 35 36 37 38 39 43 44 48 51 52 56 57 59 60 62 63 64 65 66 67 68 69 71 75 76 79 81 84 89 90 92 93 99 104 108 109 110 111 115 116 117 120 121 122 125 126 128 131 133 134 136 138 139 143 145 146 148 151 152 154 156 157 158 159 161 164 166 168 169 171 172 173 174 175 176 179 180 183 185 187 188 189 190 191 192 193 195 198 199 201 204 206 208 210 212 213 214 215 219 220 221 228 229 239 240 241 242 244 245 248 249 250 253 258 262 264 265
64 137 : 1 2 3 5 6 7 15 16 18 19 20 23 24 26 27 28 29 33 34 35 36 37 39 42 45 47 50 51 55 56 60 61 62 63 65 69 70 71 74 76 78 80 83 86 87 89 90 91 95 97 98 99 100 101 102 103 106 108 109 110 112 113 115 118 119 120 127 130 131 133 140 141 145 146 147 148 149 151 153 155 156 164 166 167 168 169 172 173 174 175 176 179 184 186 187 188 189 190 192 193 194 195 199 200 201 202 203 206 209 211 212 214 215 216 217 218 219 220 221 224 227 230 232 235 237 239 241 246 247 249 254 255 256 258 260 261 262
65 138 : 0 1 2 5 8 9 17 18 19 22 25 29 30 31 34 35 36 38 40 43 44 46 48 49 51 52 54 64 65 66 67 70 71 72 74 76 79 81 83 85 89 90 92 93 94 95 99 100 104 105 107 117 118 119 121 122 124 125 126 128 130 132 134 137 141 142 143 146 147 150 152 154 155 156 157 158 160 161 162 163 165 166 167 168 170 172 174 175 176 177 180 182 186 188 189 190 191 192 194 197 200 202 203 204 205 206 207 212 213 214 216 217 219 222 224 227 229 234 236 237 238 240 242 243 244 249 251 252 255 256 257 258 259 261 262 263 265 266
66 100 : 0 2 4 9 11 13 18 27 28 30 34 37 38 39 40 46 47 48 51 53 59 66 71 75 79 80 81 83 88 91 93 94 95 96 100 101 102 104 106 113 114 115 117 118 120 121 124 125 126 137 141 145 147 148 149 153 156 157 158 160 165 166 167 168 175 176 177 185 188 189 194 195 197 199 200 206 207 208 209 213 215 216 226 227 228 232 233 238 239 240 242 243 246 247 253 254 255 258 260 264
67 138 : 0 1 3 5 7 9 10 12 13 14 15 17 19 21 25 26 27 28 31 32 34 35 36 37 40 42 44 48 49 50 55 56 57 58 59 60 65 66 67 70 73 75 77 79 80 81 86 92 93 94 95 96 97 99 103 104 111 112 113 115 116 117 119 122 123 125 126 129 130 132 134 136 137 138 142 143 144 146 147 148 149 151 152 154 155 157 160 162 170 174 175 179 180 184 185 187 188 189 191 193 201 202 206 207 208 209 211 212 213 216 217 218 221 222 223 229 230 232 234 235 237 238 239 240 241 243 246 247 248 249 251 253 255 256 257 263 264 265
68 138 : 0 3 6 7 8 9 10 11 12 13 15 17 19 24 27 34 36 37 39 40 47 48 52 55 56 58 59 60 62 64 65 66 68 72 73 74 75 76 78 80 81 83 86 88 92 93 94 96 97 98 100 101 105 106 108 109 110 111 112 113 114 116 117 118 119 120 121 122 127 132 134 135 137 140 142 144 145 147 148 150 151 153 154 155 158 159 162 163 167 168 169 170 171 172 174 175 176 178 184 185 186 187 189 192 193 194 200 205 206 210 211 212 214 216 217 218 222 223 224 226 228 232 235 236 237 238 239 241 245 246 249 252 255 256 258 259 261 262
69 138 : 1 2 3 6 10 11 13 14 16 18 19 23 24 29 31 33 34 35 36 38 40 41 42 43 44 45 46 47 48 52 56 57 59 61 66 67 69 70 75 79 81 83 85 86 91 92 93 95 96 98 102 104 106 108 109 110 112 113 114 115 119 121 123 124 127 128 131 133 134 135 136 137 145 146 148 149 150 152 153 154 155 156 158 159 160 161 166 167 170 173 175 177 178 179 182 183 184 186 189 192 193 195 196 199 200 203 205 206 207 208 209 210 211 212 213 214 217 219 225 226 227 228 229 230 231 232 233 234 235 237 239 241 242 243 258 260 263 265
70 138 : 0 1 3 4 5 6 7 11 13 14 17 23 24 26 27 29 30 31 35 44 46 48 50 51 52 54 55 57 60 64 67 69 70 71 77 81 83 84 88 89 91 93 94 95 96 99 100 101 102 104 107 108 113 114 115 116 117 118 122 123 126 127 128 129 130 132 133 134 135 136 137 139 140 141 142 145 147 148 151 153 157 158 161 162 163 165 167 169 172 173 176 180 183 186 187 188 190 191 196 198 200 201 202 203 206 207 208 210 217 218 219 220 221 223 224 227 228 229 230 232 233 234 235 239 240 246 248 249 250 252 253 255 258 261 263 264 265 266
71 105 : 0 2 3 4 5 9 11 13 16 19 21 23 27 30 33 34 38 40 43 45 47 48 51 52 59 60 66 68 69 71 73 75 79 80 81 83 86 88 89 91 92 100 102 104 106 108 113 115 117 118 121 124 126 127 129 137 144 145 148 149 153 154 156 158 159 166 168 175 176 178 179 181 184 185 186 188 189 193 196 197 200 204 206 207 208 209 210 215 228 231 233 235 238 239 240 243 245 246 247 253 254 258 260 261 264
72 138 : 0 2 3 4 8 9 10 11 14 15 16 19 24 26 28 29 31 32 33 35 37 41 42 45 47 50 52 53 55 57 59 60 61 62 64 66 68 70 71 74 75 76 79 80 85 86 87 88 89 92 93 94 95 96 97 102 103 106 108 113 114 116 117 119 123 124 126 130 131 134 136 138 142 146 147 148 149 152 154 155 156 158 159 160 162 167 169 170 174 175 177 178 179 183 184 185 186 187 188 189 190 192 199 202 207 208 211 212 213 214 216 218 220 221 223 225 228 229 230 233 234 235 237 238 242 243 245 246 248 250 252 256 258 259 260 261 263 265
73 138 : 0 1 2 4 6 7 8 10 11 12 13 14 16 18 20 22 25 26 27 33 41 42 43 44 47 48 49 52 54 60 61 62 63 64 66 69 71 73 76 78 81 84 85 87 88 89 90 92 93 97 98 100 101 102 103 106 107 108 113 114 116 117 118 125 126 128 129 130 132 133 134 135 137 138 145 147 151 152 153 156 157 158 159 161 162 168 169 170 173 175 177 181 185 187 188 189 190 191 195 197 199 201 202 203 204 206 207 208 212 215 217 218 220 221 222 223 224 225 226 227 229 232 233 235 236 237 242 244 246 251 252 253 254 255 257 258 264 265
74 138 : 0 2 4 6 11 12 13 15 16 17 19 22 23 26 29 30 31 32 33 34 35 37 40 41 44 45 46 47 48 50 53 54 57 61 64 65 70 71 74 75 80 82 83 84 85 86 87 91 93 94 95 97 98 99 101 102 103 105 106 108 109 113 114 115 116 119 121 123 124 132 133 135 136 137 138 140 141 143 145 147 150 152 155 156 157 160 161 162 163 164 165 166 169 170 171 173 177 179 180 181 183 185 187 191 193 194 196 197 205 207 208 209 212 215 217 218 219 220 221 225 228 229 231 232 236 237 238 243 244 246 248 250 255 256 257 258 260 261
75 138 : 0 2 3 6 9 11 16 17 18 19 21 29 30 33 34 37 39 40 43 44 45 51 52 54 61 62 63 64 67 68 69 70 71 73 77 83 87 88 89 90 92 93 95 96 97 98 99 100 103 105 106 107 108 109 110 112 114 115 116 118 119 123 124 125 126 127 128 131 133 136 139 140 141 142 146 147 149 150 152 155 158 159 162 164 166 168 170 171 175 182 185 186 188 190 193 195 196 197 199 201 202 203 204 206 209 210 211 212 217 218 219 220 222 223 224 226 227 229 230 232 233 235 236 239 242 243 246 247 248 249 251 252 253 254 255 260 261 266
76 138 : 0 4 5 7 8 9 10 15 16 17 18 23 24 27 28 30 32 34 36 38 39 42 54 55 58 59 62 65 67 73 75 76 77 79 80 81 83 84 85 86 88 89 92 93 96 98 100 106 109 110 111 112 113 114 115 116 118 119 122 124 125 129 130 131 132 133 134 136 141 147 150 152 153 154 155 156 159 160 163 164 165 169 173 174 176 177 181 182 183 184 186 188 190 194 195 196 197 198 200 202 204 209 210 211 213 214 216 217 219 221 222 223 227 231 232 233 234 238 239 240 243 244 246 247 248 249 250 251 252 253 254 255 257 260 261 263 265 266
77 95 : 2 3 4 9 11 12 14 19 21 28 30 33 36 38 43 46 47 48 53 59 66 68 75 77 80 81 83 88 91 92 94 95 100 102 104 106 107 113 115 117 118 126 129 136 137 145 147 148 153 155 156 157 160 164 166 167 169 171 172 175 179 182 184 185 186 188 193 194 197 200 204 207 208 209 212 215 216 222 227 231 236 237 238 239 240 243 244 245 246 247 254 258 259 260 264
78 101 : 0 2 4 9 11 14 18 26 27 28 30 33 34 38 39 42 45 47 48 51 52 53 65 66 69 71 73 75 79 80 81 83 88 90 91 92 94 95 106 107 113 115 117 118 121 122 124 126 137 143 145 148 149 150 153 155 158 162 166 167 168 169 175 180 182 185 186 188 190 194 197 200 202 204 205 206 207 208 209 214 216 217 220 223 226 228 231 233 237 238 239 240 243 245 246 249 253 256 258 260 264
79 138 : 1 5 6 7 9 11 12 15 16 17 18 20 22 23 24 26 29 30 31 32 34 35 37 38 39 42 44 46 47 48 50 52 57 58 62 63 64 65 67 72 73 75 76 81 83 84 85 86 87 88 89 91 92 94 95 96 99 100 101 103 105 109 112 115 116 118 119 120 121 124 125 128 129 132 133 137 138 139 143 145 147 148 156 161 162 164 165 167 168 169 170 171 175 176 177 179 181 182 184 185 186 188 192 193 195 202 204 209 210 211 213 217 219 221 222 223 224 226 229 232 233 239 240 241 243 246 248 250 251 254 256 257 259 261 262 263 264 265
80 138 : 0 8 12 15 17 22 23 28 30 31 32 33 34 35 36 38 39 41 42 43 44 50 51 52 53 54 55 56 57 59 61 62 63 64 65 67 68 69 70 71 72 73 74 75 78 84 85 87 88 89 90 91 92 95 96 98 99 100 101 102 103 105 106 107 112 113 115 116 118 121 122 123 126 127 129 130 131 133 134 135 142 145 146 148 151 153 154 155 156 157 159 161 166 167 168 169 172 174 175 178 180 181 183 185 186 189 197 198 203 204 206 208 209 210 211 218 220 221 223 225 228 229 232 233 236 244 245 251 252 254 255 258 260 261 262 264 265 266
81 102 : 0 2 4 8 9 11 12 13 18 19 23 27 30 32 33 34 35 38 39 47 48 51 56 59 66 69 73 75 80 81 82 83 85 88 91 92 94 96 100 101 102 104 106 113 115 117 118 119 121 124 125 126 133 135 137 138 141 145 148 153 156 158 159 161 163 166 171 175 179 180 185 186 188 191 193 194 197 200 202 206 207 208 209 215 216 221 222 223 224 228 231 233 238 239 240 243 246 247 255 257 258 264
82 138 : 0 1 2 5 8 9 10 11 15 17 19 20 21 22 23 24 25 26 28 30 32 34 35 38 44 45 47 49 50 51 52 53 56 58 60 61 64 65 76 77 79 80 81 83 85 86 89 92 93 94 98 99 100 102 110 112 113 114 115 116 118 119 120 123 127 129 130 132 133 134 141 142 143 145 149 150 151 152 155 157 162 163 167 170 171 172 173 176 178 179 180 181 182 184 185 188 189 191 192 194 196 197 199 202 203 204 206 208 209 212 213 214 215 216 217 218 219 220 221 225 226 228 233 235 236 238 241 244 245 247 248 250 251 253 258 262 263 265
83 103 : 0 2 4 5 9 11 18 19 22 27 30 33 34 38 39 41 45 47 48 51 55 56 59 62 66 71 75 80 81 83 88 91 92 94 96 100 102 104 106 110 115 116 117 118 121 126 128 132 137 138 139 145 148 153 154 155 156 158 161 163 166 168 172 173 175 177 179 180 182 185 186 188 193 194 195 197 198 200 203 204 207 208 209 210 212 215 216 217 226 228 233 238 239 240 246 247 253 254 258 260 262 263 264
84 138 : 1 2 4 5 6 8 10 14 15 16 19 23 24 26 27 31 35 38 39 47 48 51 53 54 55 60 61 65 66 68 69 70 73 74 77 79 80 81 83 84 88 90 91 92 93 94 95 100 102 106 108 109 110 111 113 114 116 117 118 120 121 123 124 125 126 127 128 135 136 137 140 141 142 149 150 151 153 154 155 156 157 158 159 160 161 163 166 167 168 170 172 174 175 176 178 179 182 184 191 193 195 200 208 211 214 215 216 219 220 221 224 225 227 228 229 230 231 233 235 236 240 241 243 244 246 247 248 250 251 252 253 254 255 259 260 262 263 265
85 138 : 1 4 7 8 9 10 13 14 16 17 19 21 22 24 25 27 28 30 31 32 34 35 36 38 39 42 44 45 47 49 51 52 53 55 57 58 59 60 62 64 68 69 74 75 80 81 83 85 90 92 94 96 98 100 101 102 104 105 106 111 113 115 116 121 123 125 127 128 129 130 131 133 134 136 139 140 141 143 147 149 151 153 154 155 160 163 164 165 168 171 174 175 177 178 180 181 182 183 185 187 189 193 194 196 197 198 199 201 204 208 209 210 212 216 217 221 225 226 227 232 233 234 235 237 238 239 240 243 245 248 250 251 252 254 258 259 265 266
86 138 : 0 3 7 8 11 12 14 17 18 19 20 23 26 29 30 31 32 34 35 37 42 46 47 50 51 54 55 56 57 59 60 62 63 67 68 69 70 72 73 75 78 80 86 89 91 92 93 94 100 101 103 104 106 107 108 109 110 111 113 115 118 119 125 127 131 133 135 136 141 142 143 147 148 151 153 154 156 158 159 160 161 162 163 164 166 167 169 175 176 177 178 180 182 184 185 186 187 188 189 194 195 196 197 198 199 200 201 204 205 207 208 210 215 216 217 221 225 226 228 230 231 233 234 236 238 240 241 242 244 247 252 254 255 258 260 262 263 265
87 137 : 4 5 6 7 9 10 11 13 17 18 19 20 22 24 25 27 28 30 31 32 33 35 37 38 39 40 41 42 44 47 51 54 55 56 57 58 59 63 64 66 70 71 75 80 82 83 84 89 91 92 93 94 95 96 100 101 104 105 107 108 110 113 115 116 117 120 121 124 127 131 132 133 134 144 145 146 148 149 151 152 154 155 156 159 160 161 162 163 164 165 167 171 173 176 177 181 183 184 185 187 188 189 192 193 195 199 205 208 211 215 216 217 219 220 221 222 226 227 229 232 234 235 236 239 240 241 242 243 245 247 250 252 255 256 262 263 264
88 138 : 1 4 5 9 12 18 19 20 22 23 24 27 29 30 31 32 35 36 39 45 46 47 48 49 50 51 52 55 56 58 60 63 64 65 66 69 73 76 78 80 81 82 84 88 93 96 97 101 102 104 105 108 110 111 112 113 114 116 117 118 121 122 125 126 128 129 130 132 133 134 137 138 139 142 144 146 147 151 152 153 154 157 159 160 161 162 163 164 167 169 172 177 178 181 182 183 185 186 189 191 193 198 199 201 203 205 206 211 213 215 216 217 221 222 223 226 228 231 232 235 236 237 240 242 243 246 247 249 250 251 252 253 254 255 258 260 262 263
89 138 : 0 1 2 3 4 5 7 9 11 13 14 16 17 18 19 20 21 23 26 29 30 31 34 37 38 39 40 41 42 45 46 47 48 49 51 52 55 58 60 68 69 71 75 77 80 81 82 83 92 93 100 102 105 106 108 110 111 112 114 116 118 120 122 123 125 126 128 130 131 132 133 134 135 137 138 139 140 141 144 145 147 148 149 150 152 153 154 156 157 158 160 161 162 163 165 170 172 175 176 177 179 181 182 184 188 194 196 197 198 201 208 209 210 213 215 218 219 221 224 226 228 229 231 232 235 237 239 241 244 246 253 255 257 258 259 261 263 265
90 138 : 0 2 3 4 6 7 8 10 13 14 19 21 26 29 30 32 35 36 38 39 40 41 43 48 52 53 55 56 58 59 61 62 64 69 70 73 74 79 80 81 82 85 87 88 91 94 96 97 98 101 103 106 109 114 116 117 118 120 121 123 124 125 126 127 130 131 133 134 137 139 140 141 143 145 146 147 149 150 151 152 153 154 155 156 159 161 165 167 169 173 176 177 180 182 183 184 190 191 192 196 197 198 199 200 203 204 205 206 207 208 209 210 212 213 217 221 223 224 225 227 229 230 231 232 235 236 237 238 243 246 251 252 254 256 258 259 261 264
91 102 : 0 2 4 13 16 18 19 21 27 28 30 34 35 40 43 44 47 48 50 51 53 59 66 67 71 72 75 80 81 83 88 91 92 97 99 100 101 102 104 106 110 113 115 117 118 121 126 133 135 137 145 148 149 153 155 156 158 163 165 168 171 175 179 182 183 185 186 188 193 194 197 198 199 200 204 206 207 208 209 212 214 215 216 226 227 228 229 231 233 239 240 243 246 247 253 254 258 260 261 263 264 265
92 138 : 0 3 4 9 13 14 15 16 17 18 20 25 26 27 28 30 33 37 38 40 41 43 46 47 51 53 54 56 59 61 62 63 64 65 66 67 69 72 73 74 76 78 81 82 83 84 85 86 87 91 92 93 98 99 102 105 109 111 114 119 120 122 123 125 127 128 129 130 133 135 137 138 139 140 141 142 143 144 146 147 148 149 152 154 157 158 165 172 176 177 180 185 186 191 192 194 196 197 199 200 201 204 206 207 208 210 212 213 215 216 217 218 220 221 222 223 224 225 226 228 230 232 235 236 238 239 240 246 247 249 250 253 256 257 258 260 262 264
93 138 : 2 4 5 7 8 10 11 12 13 14 15 17 21 22 23 25 32 33 34 36 37 39 40 42 44 46 47 50 51 52 53 54 55 56 59 60 63 66 67 69 70 71 73 74 76 77 81 84 85 90 92 93 94 95 96 98 99 100 101 102 103 104 105 108 112 113 117 119 120 121 123 125 126 128 129 130 131 133 134 138 140 144 145 146 147 148 149 150 151 153 154 155 156 157 158 160 165 167 170 172 177 178 179 180 181 185 187 196 197 199 201 204 207 208 209 210 212 215 217 220 221 226 230 232 236 239 241 246 248 249 254 255 256 257 259 261 264 266
94 137 : 0 1 2 3 6 7 8 9 10 11 12 13 20 21 23 25 28 31 32 33 38 40 43 44 45 47 48 49 50 52 61 62 63 68 70 71 72 74 75 77 79 80 82 84 85 88 89 90 91 92 93 96 97 99 102 105 106 110 120 122 125 128 130 134 135 137 140 142 144 145 146 147 148 150 151 153 154 155 156 159 161 163 166 167 168 174 175 176 177 178 179 181 182 183 184 186 187 188 190 192 194 196 201 204 205 206 208 213 214 216 217 219 220 226 228 230 232 234 236 238 240 241 242 243 244 245 246 247 248 250 251 252 253 255 258 261 263
95 138 : 0 4 6 9 10 11 12 16 17 20 21 25 27 28 29 32 34 35 37 38 39 41 42 44 51 52 53 54 55 56 57 58 60 61 63 64 65 66 69 73 75 77 78 79 81 84 85 86 87 89 90 91 92 94 97 98 99 103 104 105 108 109 113 114 116 119 121 123 127 128 130 131 132 135 136 140 141 142 144 145 146 147 149 154 158 161 163 166 173 174 175 176 178 179 180 182 188 189 190 191 195 196 197 198 199 201 202 205 207 208 209 211 212 215 223 224 226 227 228 231 232 233 236 237 240 241 245 246 247 248 250 252 255 259 261 262 263 266
96 101 : 0 2 4 9 11 14 16 18 23 24 27 30 32 33 34 35 38 44 47 51 54 59 62 63 66 71 72 75 77 80 81 82 83 88 90 92 94 100 102 104 106 107 112 113 115 117 118 121 123 124 126 131 138 140 145 146 148 153 156 158 165 166 168 171 172 173 175 176 177 179 180 185 186 194 197 200 203 204 206 207 208 209 213 215 216 228 230 238 239 240 241 243 245 246 247 252 253 254 258 260 264
97 138 : 0 1 2 3 4 6 7 9 11 12 18 26 28 34 35 37 41 42 43 46 48 49 50 52 54 55 59 60 61 62 64 67 69 71 73 74 75 76 78 80 83 85 86 88 91 97 99 100 102 103 107 109 111 112 113 116 119 121 122 123 124 126 127 129 130 131 132 133 141 142 144 146 147 149 150 153 154 156 157 159 160 161 162 164 165 166 167 169 170 172 177 178 181 185 186 188 191 194 195 197 199 201 203 204 205 206 210 211 212 213 214 216 218 219 220 221 222 224 225 226 230 231 233 234 237 238 239 241 242 243 250 252 254 256 260 262 263 266
98 137 : 1 2 3 5 6 7 14 16 17 19 21 24 28 30 34 40 46 47 48 49 52 53 54 56 58 60 62 65 66 67 69 72 73 74 76 77 78 79 82 86 87 88 89 90 91 93 98 99 100 101 102 103 107 108 110 114 116 117 118 122 123 124 125 128 130 133 134 135 138 140 143 144 146 148 149 151 152 155 156 157 158 160 163 166 171 174 177 181 183 184 185 186 187 188 189 191 193 194 197 199 202 204 208 210 211 219 220 221 222 223 224 226 228 230 231 232 234 236 239 240 241 242 243 246 247 248 251 253 254 255 256 259 260 261 262 264 265
99 139 : 0 1 2 3 5 6 7 11 12 13 14 16 17 19 20 22 28 32 33 35 38 42 44 45 46 47 48 50 51 53 56 57 58 59 60 62 64 65 66 67 68 70 71 77 83 84 86 87 88 90 91 92 93 96 97 98 104 106 107 110 111 112 113 115 116 118 120 122 123 124 126 128 131 132 134 135 139 140 141 145 146 148 149 150 152 153 162 165 167 169 172 173 174 176 177 178 180 181 182 183 185 186 189 190 192 196 197 198 199 201 202 203 205 208 209 210 211 212 213 214 221 223 228 233 234 235 239 242 245 246 247 249 250 256 257 260 262 263 266
100 138 : 1 2 3 4 7 8 9 10 12 14 15 18 20 21 22 23 25 28 29 32 35 36 38 39 41 42 43 44 46 47 50 53 54 55 58 60 61 62 64 66 67 68 70 71 72 73 78 79 80 81 83 84 87 88 95 96 97 98 101 107 108 112 115 116 117 119 120 123 126 129 130 135 136 137 138 140 141 142 143 144 145 148 149 150 151 153 154 158 159 171 173 174 177 179 182 185 190 192 195 196 197 198 199 201 203 204 206 208 211 212 213 214 216 217 218 220 221 223 224 228 231 232 233 237 238 239 243 246 249 250 252 253 254 259 260 264 265 266
101 138 : 0 1 2 3 4 5 6 15 17 19 20 21 24 25 26 27 28 31 32 37 39 40 42 47 51 53 57 60 61 72 73 74 75 76 78 79 81 82 84 85 87 88 89 91 95 96 102 104 105 106 107 109 112 113 115 116 117 118 119 121 122 123 124 125 126 132 136 141 143 144 145 146 150 154 155 158 159 160 161 162 165 166 167 168 169 173 174 175 176 178 182 183 184 187 188 191 192 193 194 195 196 197 199 200 201 202 203 210 211 212 213 214 215 216 218 219 220 225 228 230 231 232 233 235 240 244 245 246 247 248 250 252 260 261 262 263 264 265
102 138 : 1 2 3 4 5 6 8 10 12 13 16 17 19 20 22 23 25 26 27 30 33 34 35 36 37 38 39 42 43 46 51 53 55 56 59 60 61 64 65 67 69 70 74 76 79 80 81 83 84 85 87 89 93 94 95 96 97 98 99 100 102 103 105 108 111 115 116 117 121 123 125 126 127 129 132 133 136 138 139 140 142 143 144 145 149 151 153 158 159 160 161 163 164 165 167 168 172 174 175 179 182 183 184 193 194 195 198 213 216 217 219 220 223 225 227 228 229 230 234 235 238 240 243 244 246 249 250 251 252 253 255 256 258 259 260 261 262 263
103 138 : 0 4 6 11 14 16 18 19 20 23 31 35 37 38 41 43 44 45 46 47 48 49 51 52 53 54 58 65 67 70 73 75 79 80 82 83 85 88 89 93 95 96 97 101 102 105 107 109 114 115 116 117 119 120 121 123 124 126 129 133 135 137 139 140 141 142 143 145 146 147 148 153 155 156 157 158 159 162 163 164 166 167 168 169 170 173 175 176 178 179 181 185 186 187 190 195 197 198 199 200 201 203 205 208 209 210 212 213 214 215 216 221 222 223 224 227 228 230 233 234 235 237 240 241 242 244 245 248 249 251 252 259 260 261 262 263 264 266
104 138 : 0 1 5 7 8 9 10 11 15 16 18 19 20 21 24 26 30 31 34 36 46 47 49 52 53 54 59 61 62 64 66 67 71 72 73 74 76 80 83 84 85 86 92 96 99 100 101 102 104 105 106 107 109 111 112 114 115 120 121 122 124 126 128 132 134 138 140 142 143 145 146 150 151 152 154 155 156 160 161 162 163 165 169 170 172 174 175 176 177 179 181 183 185 186 187 189 191 192 194 195 197 198 199 202 203 204 206 208 209 210 212 214 218 226 227 231 232 233 234 235 236 238 239 240 242 244 245 247 249 250 251 252 254 256 258 260 262 265
105 103 : 0 2 3 4 6 9 11 14 16 17 18 19 20 21 27 30 33 34 36 38 41 44 47 48 51 59 60 65 68 71 73 75 77 80 81 83 88 91 92 94 100 102 104 106 113 115 118 121 124 126 132 134 137 143 145 146 148 150 153 154 166 167 168 173 175 178 179 185 186 187 188 189 193 194 196 197 200 202 203 204 207 208 209 214 215 216 220 228 231 233 238 239 240 243 245 246 247 253 254 258 260 261 264
106 104 : 0 1 2 4 7 9 11 19 23 27 29 34 38 47 48 51 56 59 65 66 69 71 74 75 79 80 81 83 87 88 91 92 94 96 100 102 103 104 106 110 111 112 113 115 117 118 120 121 124 126 130 133 134 137 140 141 144 145 146 148 149 153 156 158 162 163 166 168 170 176 179 180 185 186 188 193 194 197 200 204 206 207 208 209 210 215 216 228 231 233 235 236 238 239 240 242 243 246 247 253 254 258 260 264
107 138 : 1 2 5 6 8 10 11 13 15 16 18 22 23 24 25 28 29 30 32 33 35 38 39 40 41 42 45 47 49 51 52 53 55 56 57 62 63 64 65 68 69 71 73 74 75 77 79 82 83 84 90 91 94 95 96 98 99 102 107 108 109 111 113 115 117 118 119 121 122 123 125 126 127 130 131 132 133 134 141 142 144 145 146 149 150 153 155 156 158 159 165 166 171 172 173 175 177 179 180 181 183 184 187 188 189 194 197 199 201 202 203 204 206 208 210 212 218 220 223 228 229 230 233 235 236 239 242 243 244 247 248 249 254 256 257 258 260 266
108 137 : 0 1 4 5 7 8 10 11 17 19 21 22 23 25 29 31 32 33 36 37 38 41 43 44 45 46 47 50 51 57 59 61 64 66 67 69 70 71 74 76 79 80 84 86 88 90 92 95 96 100 101 103 104 105 108 109 110 112 113 114 115 119 120 121 123 124 126 127 128 131 132 134 136 137 139 140 141 143 144 145 147 149 150 151 153 155 156 159 161 163 168 171 173 174 176 177 178 179 182 187 188 192 193 195 196 197 198 201 203 207 208 210 211 213 216 221 222 224 226 229 231 233 237 240 245 247 248 250 251 255 256 257 258 260 261 264 266
109 138 : 2 3 5 6 9 11 15 18 20 22 25 26 29 30 31 35 37 41 44 45 47 48 50 52 53 54 55 56 59 60 61 65 70 71 76 77 79 80 83 85 87 89 90 91 92 96 100 102 103 105 109 110 111 113 114 115 118 122 128 129 130 131 133 138 139 141 143 144 145 146 149 150 151 153 159 161 162 164 165 172 175 176 177 178 179 182 186 187 188 189 191 193 194 195 197 198 200 202 203 205 206 208 214 216 218 219 221 222 223 224 226 227 228 229 230 232 235 238 239 240 241 243 245 246 247 248 249 251 253 254 256 257 258 260 261 262 264 266
110 137 : 0 3 11 13 14 18 19 20 25 26 27 29 30 31 33 36 37 39 40 41 43 46 47 50 51 56 57 58 60 61 62 63 66 68 72 73 78 80 82 83 84 86 87 88 89 92 95 96 97 99 102 103 104 105 106 107 109 111 115 116 118 120 121 122 123 125 126 128 129 136 140 145 152 153 154 155 156 159 160 163 165 167 168 169 170 171 172 173 174 176 177 178 179 181 182 183 188 189 192 195 197 198 199 200 203 204 206 214 215 216 217 218 219 221 222 224 226 227 235 239 240 242 243 244 245 246 247 248 251 253 254 255 256 259 260 261 266
111 137 : 0 2 8 9 11 13 14 15 16 17 18 20 23 25 28 29 30 31 32 33 34 36 39 40 42 44 45 46 47 48 49 50 54 56 59 60 65 66 68 70 71 76 77 78 79 80 81 82 86 89 91 92 93 94 97 99 100 105 106 107 108 110 113 114 118 121 126 127 128 134 135 136 138 140 141 142 143 144 145 148 150 151 152 156 157 159 160 161 163 164 165 173 179 180 181 183 184 185 187 194 195 200 201 204 205 206 207 208 210 211 212 213 214 216 222 225 228 229 231 233 235 236 238 239 243 245 246 247 250 251 255 257 259 261 263 265 266
112 100 : 0 2 4 8 9 10 11 12 18 19 22 25 27 30 33 34 38 40 43 44 45 47 48 51 60 63 65 66 69 72 75 80 81 83 86 87 88 91 92 93 94 95 99 100 101 102 103 104 106 109 111 113 114 115 116 117 118 121 122 123 126 132 134 137 140 145 148 153 156 158 161 166 168 174 175 179 181 185 188 194 197 198 204 207 209 215 216 225 228 238 239 240 243 245 247 253 254 258 260 264
113 138 : 0 2 6 8 12 14 15 16 19 20 21 23 24 27 29 30 33 37 39 42 50 52 53 54 56 59 60 61 62 63 65 66 68 69 73 74 76 78 81 84 86 88 89 90 91 92 94 95 96 100 104 105 106 108 111 112 114 116 119 123 125 129 131 134 137 139 140 143 144 145 146 147 149 150 153 154 157 158 161 163 167 168 169 170 172 173 174 176 177 178 179 180 181 183 184 185 187 189 190 191 192 193 195 197 199 202 203 204 207 209 211 212 214 215 216 219 220 223 224 226 227 229 231 233 234 236 240 241 242 244 248 253 254 255 262 264 265 266
114 138 : 7 10 11 12 14 18 19 21 25 27 28 30 31 33 37 40 44 45 46 47 49 51 58 63 64 67 68 70 71 74 76 77 81 82 83 85 89 90 91 92 95 97 98 99 100 101 102 103 104 107 109 110 112 113 114 118 119 122 123 124 125 126 129 132 134 137 138 140 143 144 150 151 152 153 154 155 156 158 159 160 162 163 164 165 167 168 174 176 177 178 179 183 184 186 188 189 190 191 194 196 197 198 199 201 202 204 205 206 207 208 210 215 216 218 222 224 225 226 228 229 233 234 236 237 239 240 241 242 243 245 246 248 250 251 255 258 259 265
115 101 : 0 2 4 9 11 18 19 27 32 33 34 35 38 40 43 45 46 47 48 49 51 59 62 63 66 71 72 75 76 80 81 83 88 91 92 94 97 100 101 106 111 113 115 116 117 118 121 126 134 135 137 138 140 144 145 146 147 148 152 153 156 158 159 162 168 175 185 186 188 193 194 197 199 200 202 204 206 207 208 209 214 215 216 219 222 225 228 231 236 238 239 246 247 248 250 253 258 260 261 264 266
116 99 : 0 2 4 5 9 11 14 17 18 19 27 29 30 31 33 34 38 45 47 55 56 57 59 62 66 68 71 80 81 83 88 91 92 94 100 102 104 106 107 109 113 115 117 118 124 125 126 129 133 137 145 151 153 156 158 161 166 168 169 170 174 175 176 179 180 182 185 186 192 193 194 196 197 198 200 201 206 207 208 209 213 216 219 224 228 229 231 233 236 238 239 243 244 246 247 251 253 254 260
117 104 : 0 2 4 9 11 18 19 23 24 25 27 30 31 33 34 38 43 45 47 48 49 51 55 59 63 66 67 71 72 75 80 81 82 83 88 89 91 92 94 102 104 106 112 113 115 117 118 121 122 125 126 127 128 134 137 139 145 148 149 150 153 154 155 156 158 166 168 171 175 178 179 186 188 189 192 193 194 197 200 202 204 207 208 209 215 216 228 230 233 237 238 239 241 243 244 246 247 253 254 257 258 260 263 264
118 138 : 0 1 2 3 4 7 8 12 15 17 21 22 25 27 28 32 34 38 39 41 42 44 47 49 50 51 56 65 67 68 72 74 75 76 78 79 80 81 83 86 87 88 89 91 92 93 94 96 101 102 104 106 108 109 110 112 113 114 115 116 117 118 120 123 126 129 131 132 137 138 139 140 141 143 144 145 146 148 149 150 151 153 155 161 162 163 165 167 171 173 174 175 177 178 179 182 183 184 186 191 193 194 196 200 204 205 207 208 209 214 215 217 220 223 225 226 227 228 230 231 232 237 238 239 240 243 245 248 252 257 258 259 260 261 262 263 264 266
119 101 : 0 2 4 6 9 11 18 19 20 22 24 27 28 30 33 34 38 40 47 48 51 52 53 58 59 60 66 70 71 75 78 80 81 82 83 88 89 91 92 94 95 96 100 102 104 106 108 113 115 117 118 121 126 128 133 137 144 145 146 148 153 156 158 161 168 170 173 176 179 184 185 186 187 188 193 194 200 201 204 207 208 209 210 215 216 222 226 228 231 233 238 239 240 243 244 246 247 253 254 258 264
120 102 : 0 1 2 4 9 10 11 15 18 19 22 27 34 38 39 40 46 47 48 51 52 58 59 60 63 66 68 69 71 75 77 80 81 83 84 88 92 94 96 100 102 104 106 108 110 113 117 118 120 121 123 126 129 132 137 144 145 148 153 156 158 159 161 164 166 168 171 175 179 180 185 188 190 193 194 200 204 205 206 207 208 209 212 214 216 222 223 228 231 233 238 239 240 243 246 249 253 254 256 258 260 264
121 138 : 0 1 2 3 4 6 11 12 13 16 19 21 24 25 26 28 30 31 34 37 38 39 41 42 43 46 47 49 51 52 53 55 57 61 65 69 70 71 72 75 76 78 79 81 82 84 85 86 87 88 94 96 98 100 104 105 106 107 108 109 110 113 118 120 122 123 128 129 131 134 137 142 144 145 146 147 150 152 155 158 160 162 163 164 165 167 168 171 173 174 175 176 179 180 182 185 186 188 189 192 194 196 197 198 199 200 201 203 204 205 207 208 210 213 220 222 223 224 225 226 228 229 230 234 236 239 243 244 246 248 249 250 251 254 257 259 265 266
122 138 : 1 2 5 11 12 14 17 18 19 22 23 24 26 27 28 29 33 34 36 37 39 41 42 45 46 47 51 52 53 54 55 56 60 62 63 67 70 76 78 79 80 82 83 84 85 87 88 89 92 93 96 97 98 100 101 104 105 109 113 114 118 121 123 124 125 126 128 130 131 137 138 140 141 142 145 147 149 151 155 157 158 160 162 163 164 165 170 171 174 175 176 177 178 180 182 183 184 185 189 190 191 192 194 200 206 207 210 211 212 214 219 221 222 224 225 226 227 232 233 234 236 238 239 241 243 246 248 250 251 254 255 256 257 258 259 263 264 266
123 137 : 0 2 3 4 7 9 10 11 13 15 17 20 22 23 29 31 34 35 37 38 39 40 43 44 45 46 48 50 51 54 59 60 62 63 66 69 70 71 72 75 77 78 79 80 81 83 89 90 91 94 95 96 97 101 103 105 107 108 109 115 117 118 120 123 124 125 126 127 131 133 134 136 137 141 143 145 146 147 149 151 154 157 158 160 164 167 168 170 172 174 175 176 178 179 180 181 182 183 185 186 187 190 192 193 199 200 202 205 206 207 211 213 214 215 217 219 220 223 224 226 228 231 232 234 237 240 241 242 245 246 249 250 253 255 262 263 264
124 100 : 0 2 3 4 6 9 11 18 19 23 25 27 28 29 30 31 33 34 38 47 48 51 53 56 59 62 63 66 71 75 80 81 82 83 88 91 92 93 100 102 104 106 108 109 110 111 113 115 116 117 118 121 125 126 131 133 137 145 148 150 153 156 158 168 179 182 185 186 187 188 193 194 195 197 204 206 207 208 209 215 216 219 220 224 226 228 233 236 237 238 239 240 243 245 246 252 254 258 260 264
125 102 : 0 4 9 11 14 15 16 19 20 27 30 31 33 34 36 38 40 47 48 51 52 56 59 63 64 66 67 71 75 81 83 88 89 91 92 94 95 97 98 99 100 102 104 106 113 115 116 117 121 123 126 136 137 141 144 148 153 156 158 166 167 168 172 173 175 176 179 185 186 188 190 193 194 197 200 201 204 206 207 209 212 215 216 223 225 226 228 231 233 238 239 240 242 243 246 247 253 255 258 259 260 264
126 137 : 0 1 3 6 7 11 12 14 19 20 23 25 28 29 30 34 35 36 38 39 40 41 42 43 44 46 47 48 49 51 54 58 59 60 63 65 66 71 73 74 75 76 77 79 82 83 93 94 95 97 100 101 102 103 104 106 107 111 112 116 117 119 120 121 122 126 127 130 132 134 135 136 142 143 145 148 151 154 155 156 157 160 164 167 170 172 173 174 177 178 181 186 187 188 189 191 192 193 196 198 199 200 201 202 204 206 207 208 209 212 213 215 218 222 223 224 225 226 227 231 232 234 235 237 239 240 244 248 249 250 253 254 255 257 258 259 261
127 102 : 0 2 3 4 8 9 11 15 18 19 22 26 27 30 33 34 38 46 48 51 55 61 63 66 71 75 77 80 81 83 86 91 92 93 94 95 100 102 103 104 106 110 113 114 115 117 118 119 121 124 126 132 135 136 137 138 146 148 153 156 158 162 166 167 168 174 175 179 181 184 185 186 187 188 189 193 194 197 198 200 204 206 207 208 209 210 215 222 231 233 238 239 240 242 243 246 247 252 253 254 258 260
128 138 : 7 9 10 12 14 15 16 19 20 22 24 26 27 28 29 30 32 34 36 38 39 43 45 47 49 53 54 55 56 57 59 61 64 65 67 68 70 72 73 74 77 78 79 82 83 84 85 88 94 95 96 98 102 103 104 105 107 109 110 113 114 118 119 124 125 126 127 128 130 132 133 135 139 142 145 148 150 152 154 156 160 161 164 165 167 170 173 177 178 179 182 183 188 189 190 192 193 194 197 198 201 202 203 204 205 206 207 208 209 210 211 212 215 217 219 220 224 225 226 227 228 230 236 237 239 242 243 244 245 246 249 251 252 253 255 257 261 264
129 138 : 2 4 5 7 8 9 10 11 13 15 16 19 20 21 24 25 27 30 33 35 40 42 44 46 47 48 53 59 62 64 65 67 68 69 71 72 75 77 79 80 81 84 86 88 89 90 92 93 95 96 99 102 104 105 108 109 110 111 112 113 115 116 118 119 120 121 126 127 129 133 134 137 138 141 142 146 148 149 151 152 153 155 156 157 158 161 162 164 165 166 170 171 172 173 175 178 180 183 184 185 186 187 194 195 197 199 200 202 204 205 208 211 213 214 215 217 220 224 226 227 228 232 233 236 240 241 242 243 246 249 250 251 252 254 258 260 262 266
130 138 : 0 1 3 8 9 12 13 17 18 19 20 21 22 25 26 28 29 30 32 33 37 40 41 43 45 47 49 52 53 58 59 61 62 64 66 73 74 80 81 82 84 87 90 91 94 95 97 106 108 109 110 111 114 115 117 119 120 121 122 125 128 133 134 136 137 139 140 141 143 144 148 149 153 154 155 157 158 159 160 162 163 165 167 168 171 172 175 176 177 178 179 181 183 184 186 189 190 191 192 193 195 196 197 198 199 202 203 205 206 209 212 213 214 215 218 220 221 225 227 229 231 232 233 238 240 244 245 248 249 250 252 253 254 258 259 260 262 266
131 101 : 0 2 3 4 9 11 16 18 30 32 33 38 43 46 48 51 55 59 62 65 66 69 71 73 75 77 80 81 83 88 91 92 94 97 100 102 106 113 115 117 118 120 121 124 126 132 135 137 141 145 153 156 157 163 166 168 170 171 175 181 185 187 188 189 193 194 195 197 198 200 201 202 204 206 207 208 209 215 216 217 220 228 230 231 233 235 238 239 240 243 246 247 250 251 253 254 256 258 260 264 265
132 138 : 1 3 7 10 11 12 16 17 18 20 21 22 23 26 29 32 33 35 37 40 44 45 48 50 51 53 54 55 57 58 59 62 63 64 67 71 72 74 75 77 78 81 83 84 85 86 88 89 91 92 95 97 99 100 102 103 104 107 108 110 111 114 117 118 119 121 122 125 128 130 132 133 136 137 140 141 144 145 146 147 149 150 151 152 154 155 156 161 164 170 171 173 174 175 177 179 180 181 182 186 188 189 193 194 199 200 206 207 208 209 210 211 215 216 220 222 224 225 226 227 229 231 233 234 235 237 238 241 243 245 246 247 250 252 256 257 259 266
133 137 : 0 4 8 9 11 12 13 15 17 18 20 22 23 25 28 30 36 38 39 50 51 54 55 56 57 61 62 64 66 69 70 71 74 75 78 79 80 81 82 83 85 86 87 88 90 96 97 100 101 105 107 110 111 112 114 115 119 121 122 124 126 127 129 132 134 135 136 138 139 143 144 145 149 151 153 155 156 157 158 159 161 164 165 166 167 173 174 176 177 178 179 181 183 184 186 191 192 196 199 200 203 211 212 213 215 216 217 218 219 220 221 222 224 225 226 231 233 234 235 236 239 240 242 243 244 245 247 248 249 251 252 253 254 256 260 263 265
134 138 : 1 2 3 4 11 16 19 20 22 23 24 26 28 29 30 33 34 35 40 41 42 43 45 47 51 55 58 59 62 66 68 70 72 74 75 77 78 79 80 81 82 84 85 88 90 91 92 94 97 98 99 100 103 104 106 107 108 111 112 113 114 115 116 118 121 122 123 126 127 128 133 134 135 137 138 140 142 144 146 147 148 150 152 154 155 157 158 159 162 164 165 166 167 168 169 171 173 179 180 183 185 186 188 189 192 194 195 197 198 199 209 211 214 216 220 221 224 225 226 228 231 232 234 238 239 241 243 245 246 248 250 251 254 255 256 257 261 265
135 138 : 1 3 4 6 7 8 9 11 12 13 14 16 17 18 19 21 24 25 26 28 29 30 31 33 34 37 39 40 44 47 50 51 52 56 57 58 59 62 67 69 71 73 75 78 79 80 81 82 83 87 88 91 92 94 95 96 97 105 106 107 112 114 117 118 119 121 125 126 127 128 129 133 137 141 144 145 148 153 154 155 157 158 159 162 163 164 166 168 170 175 178 180 181 183 185 186 187 190 191 192 194 196 197 199 203 204 205 207 212 213 215 217 218 222 223 224 225 226 228 229 231 234 238 239 243 244 246 247 248 249 250 253 256 257 259 261 264 266
136 103 : 0 2 4 9 10 11 18 24 26 27 28 29 30 31 33 34 38 45 47 48 49 51 59 60 61 62 66 69 74 75 77 80 81 83 88 91 92 94 97 99 100 102 103 104 106 108 112 115 116 117 118 121 126 137 142 145 148 149 152 153 156 157 158 163 166 167 168 170 175 179 180 181 185 186 188 193 194 197 200 204 206 207 209 215 218 219 221 224 228 231 233 239 243 245 246 247 249 253 254 255 258 260 264
137 137 : 2 6 7 12 13 15 16 17 20 21 25 31 34 36 38 39 40 41 42 47 48 49 52 53 55 56 58 59 60 64 65 66 68 70 76 78 80 81 83 84 85 86 87 88 90 91 92 93 94 95 96 97 98 100 101 103 104 105 106 109 112 114 115 118 120 121 122 130 132 133 134 135 136 138 140 141 149 150 151 153 154 158 164 165 167 169 170 173 176 179 184 185 186 190 192 193 197 201 202 203 204 205 206 207 209 210 213 214 216 219 220 221 222 224 226 229 231 232 234 236 239 241 244 245 246 247 248 249 250 251 252 253 256 257 259 261 263
138 137 : 0 2 4 5 7 8 9 10 12 13 15 16 19 20 21 22 23 24 27 31 34 35 37 38 39 40 42 43 44 45 50 51 53 54 55 56 59 62 63 69 72 73 75 77 78 79 80 81 82 84 85 87 88 90 93 94 97 98 99 100 106 107 111 116 117 119 120 121 125 127 131 137 139 141 142 143 144 145 147 149 151 152 157 161 164 165 167 169 170 172 174 175 176 177 178 179 184 185 188 190 192 196 197 199 202 203 205 206 207 208 210 212 215 216 217 218 219 220 222 228 230 233 235 236 237 238 240 243 245 248 249 250 252 256 258 260 264
139 138 : 0 1 4 5 7 8 9 10 12 14 16 17 25 29 30 33 34 37 40 44 46 47 48 52 53 54 56 58 59 60 61 65 67 71 72 73 75 76 77 79 81 82 83 86 90 92 93 94 95 98 99 100 101 104 107 109 110 112 113 116 121 124 125 127 131 132 133 134 135 136 138 139 140 141 142 144 147 149 152 153 155 160 163 164 165 166 169 170 171 173 174 175 177 178 179 180 183 184 190 191 195 197 199 200 202 203 207 209 211 212 213 215 216 220 221 224 226 227 229 230 231 236 237 238 239 241 243 246 247 249 253 256 257 259 261 262 264 266
140 137 : 0 1 2 6 7 8 9 11 12 14 15 18 19 20 21 22 23 24 26 27 30 31 34 35 40 44 45 46 48 49 50 51 52 53 54 55 58 59 60 61 62 67 75 76 78 79 80 82 83 87 88 90 94 95 96 100 103 104 105 106 109 112 113 116 118 120 125 127 129 131 132 133 134 135 136 138 139 140 141 144 148 150 152 153 154 156 157 158 166 171 173 176 182 185 188 189 190 193 195 196 198 200 201 203 205 206 208 209 210 212 214 215 216 218 220 221 224 227 228 232 234 235 238 239 240 241 243 248 249 251 253 254 256 257 258 260 263
141 138 : 2 5 6 7 9 12 14 22 26 28 29 30 32 33 34 35 37 39 44 45 46 47 49 50 52 55 56 60 61 66 72 73 75 76 78 79 82 84 85 87 88 94 95 96 97 98 99 100 102 103 107 108 114 115 117 119 120 121 122 123 127 129 131 132 133 137 139 141 142 147 148 149 153 154 155 156 157 158 164 165 166 167 168 169 174 175 181 182 183 184 185 186 189 190 191 192 194 197 198 200 202 203 205 207 208 209 210 211 213 214 218 221 222 224 225 228 229 230 231 233 234 235 238 241 242 243 246 248 249 255 256 258 259 260 261 262 263 265
142 98 : 0 1 2 9 12 14 16 19 26 27 30 32 33 34 38 44 47 48 50 51 59 66 67 71 72 74 75 76 78 81 82 83 88 91 92 94 97 99 100 102 104 106 108 109 113 115 117 121 126 129 132 137 138 145 156 157 158 166 168 169 170 172 175 179 180 181 185 186 188 190 192 193 196 197 200 204 206 207 208 215 216 225 227 228 231 233 238 239 242 243 244 246 247 248 253 254 260 264
143 138 : 0 3 4 5 9 10 11 12 13 15 16 18 19 21 23 27 28 30 31 32 34 36 39 40 42 44 45 54 57 58 59 60 64 65 66 67 68 69 70 72 74 75 76 77 80 81 82 86 89 92 98 100 102 109 110 111 114 115 116 117 118 119 120 122 123 124 125 127 129 131 136 138 140 141 144 148 149 150 151 152 153 154 156 158 159 161 164 169 171 173 175 176 177 178 180 181 184 185 186 188 190 194 200 201 204 205 206 210 211 215 216 217 219 220 222 223 225 229 230 232 237 238 239 242 245 249 251 252 253 254 256 257 258 261 262 264 265 266
144 138 : 1 3 6 7 12 13 14 17 19 20 21 25 28 29 32 36 38 40 41 42 43 46 49 50 53 54 55 57 60 61 62 63 64 65 70 72 73 74 78 79 81 84 86 88 89 92 95 96 97 99 105 106 108 111 115 117 118 119 120 122 125 127 129 131 132 134 136 140 141 142 143 146 147 148 151 152 153 154 155 156 157 158 159 160 162 164 167 168 169 170 171 172 173 174 175 177 179 180 183 184 188 190 191 193 195 196 197 199 200 207 208 209 210 213 225 226 227 228 230 232 233 236 239 240 241 245 246 248 253 255 256 257 258 259 261 262 263 265
145 137 : 2 3 4 5 9 10 12 14 16 22 23 24 25 27 31 33 34 36 40 41 43 47 48 49 50 51 52 53 55 57 64 65 66 68 69 70 72 73 77 79 83 85 87 89 90 91 92 94 100 102 103 105 106 107 109 111 112 113 114 117 118 119 121 123 124 128 131 132 137 139 140 141 142 143 147 149 151 152 153 154 156 160 163 164 165 167 168 171 172 173 175 177 180 181 185 186 192 193 194 195 197 202 204 205 209 211 215 217 218 219 222 224 225 226 228 229 230 232 233 236 237 239 241 242 245 246 248 251 254 256 259 260 261 262 263 264 265
146 138 : 1 3 6 10 15 20 22 24 25 26 27 28 29 30 31 33 34 35 36 37 38 39 40 41 46 47 48 49 53 54 55 56 58 60 61 62 63 64 67 68 70 71 72 73 74 75 78 79 80 81 84 88 89 90 92 94 95 99 101 104 105 106 107 108 110 111 113 114 115 117 121 124 132 135 136 138 139 140 143 144 145 147 151 154 156 157 158 161 162 163 164 165 168 169 172 174 176 177 180 183 184 187 188 189 190 192 193 195 197 198 199 200 202 203 207 209 212 213 217 218 219 220 222 223 230 231 235 237 238 239 241 244 247 251 254 263 264 266
147 137 : 0 1 2 3 4 5 7 10 11 12 15 19 20 22 23 27 31 32 37 39 41 42 43 44 46 48 50 52 55 57 58 60 62 66 67 68 69 70 73 74 76 78 79 81 84 85 86 87 91 97 98 99 100 101 102 104 105 109 111 112 117 120 121 123 124 126 128 130 133 134 136 140 141 142 143 146 148 149 151 153 154 156 157 161 164 166 167 169 170 172 173 175 178 180 183 186 187 190 191 192 194 197 202 203 204 205 207 210 211 213 215 216 220 225 227 231 232 234 235 238 241 243 244 245 247 249 252 253 254 256 257 258 260 262 264 265 266
148 105 : 0 2 4 9 11 18 19 20 27 28 30 33 34 37 38 41 44 47 48 50 51 59 63 68 69 71 75 80 81 82 83 84 88 92 94 97 100 102 103 106 107 113 115 117 118 120 121 125 126 128 130 137 142 145 148 149 153 156 158 165 166 168 169 175 176 179 181 185 186 188 194 196 197 199 200 202 204 206 207 208 209 215 216 217 228 229 231 232 233 235 238 239 243 245 246 247 251 252 253 254 257 258 260 262 264
149 137 : 0 6 7 9 12 16 17 19 22 23 24 25 27 28 29 30 32 33 37 39 45 46 48 49 51 54 55 56 57 59 61 62 66 71 73 74 75 76 79 80 83 84 85 86 87 88 89 94 102 103 104 109 112 116 121 122 125 128 130 131 132 134 135 136 137 138 139 140 143 149 153 156 157 158 159 162 164 165 166 168 169 170 171 172 177 178 179 181 183 184 186 187 188 190 191 192 194 197 198 200 201 206 207 208 212 216 217 218 219 222 223 224 225 226 227 228 229 231 233 234 235 239 241 242 243 245 249 250 251 252 254 258 259 260 262 265 266
150 138 : 2 4 6 9 13 14 17 18 19 21 22 23 24 25 26 27 29 30 33 35 37 38 40 42 43 44 46 47 50 51 52 53 57 58 59 60 64 65 68 74 75 77 78 79 81 84 87 88 93 95 98 101 104 105 108 109 110 113 116 120 121 122 126 127 128 129 130 137 141 143 144 148 149 151 153 155 156 157 158 160 162 164 165 166 167 171 172 176 178 179 181 183 184 185 186 188 189 190 191 193 195 196 198 200 201 203 204 206 208 210 211 216 220 221 223 224 225 226 228 230 233 236 237 239 240 241 244 245 246 249 252 254 260 261 262 263 264 265
151 138 : 0 2 4 5 6 9 10 14 15 19 21 22 23 25 26 28 29 33 34 36 37 38 43 45 47 49 52 53 54 56 58 61 65 67 68 69 75 76 78 80 82 83 86 87 89 91 93 94 95 99 100 105 107 109 110 111 112 114 115 117 119 121 124 127 129 130 132 135 139 141 143 144 145 150 152 153 154 155 160 164 169 171 172 173 174 175 176 177 179 180 182 183 185 186 187 190 191 195 199 202 203 205 207 209 210 211 215 216 217 218 220 221 222 223 224 225 226 230 231 232 233 235 240 242 246 249 251 252 253 255 256 257 258 259 262 263 264 265
152 138 : 3 4 7 10 11 12 13 17 19 20 21 22 23 24 25 26 28 29 32 35 36 37 39 41 42 46 48 50 51 54 56 57 64 65 68 69 70 71 74 78 80 81 83 84 85 86 87 88 90 92 93 94 98 99 102 103 104 105 106 107 108 110 112 114 117 118 119 122 124 127 129 131 133 135 138 139 142 144 145 147 148 150 151 158 161 162 163 164 165 167 172 175 176 177 179 186 188 189 192 196 197 198 200 201 202 204 205 207 209 211 212 216 218 219 224 227 229 234 236 239 241 242 243 244 246 247 248 249 250 251 252 253 259 261 263 264 265 266
153 97 : 0 2 4 9 18 19 27 30 31 33 34 36 43 45 47 48 51 56 59 66 69 71 73 75 77 79 80 83 86 88 90 91 92 94 100 102 103 105 106 113 115 117 118 119 120 121 126 129 137 141 143 145 148 153 155 156 157 158 162 166 171 173 175 178 185 186 187 188 193 194 195 197 198 199 200 203 204 205 207 209 215 219 226 231 240 243 246 247 250 253 254 257 258 259 260 264 266
154 137 : 0 1 3 6 9 10 11 12 18 19 20 21 23 24 26 28 29 30 31 32 37 38 40 42 44 45 47 48 50 53 55 60 61 63 64 66 67 69 70 71 73 74 82 83 84 85 87 89 90 92 93 95 98 99 101 103 104 106 108 109 110 111 112 113 116 117 119 120 121 123 124 127 128 129 131 133 134 135 136 138 140 142 144 145 148 151 152 158 160 161 165 168 170 171 172 173 174 175 176 181 182 186 190 191 192 193 196 197 203 205 206 207 212 214 215 219 221 223 225 226 229 232 233 234 235 236 239 241 242 244 248 254 261 263 264 265 266
155 138 : 0 1 2 3 6 9 10 13 14 16 17 18 19 24 26 28 29 31 32 33 34 35 36 37 40 41 48 49 53 57 59 60 62 64 65 67 72 74 76 80 81 83 84 86 89 91 92 94 95 97 98 99 101 102 104 105 107 109 110 111 112 113 114 115 117 120 121 122 124 125 126 129 130 131 134 135 136 137 138 141 142 143 144 147 148 156 157 158 160 161 164 165 166 169 170 171 172 174 175 177 178 180 182 184 187 191 194 195 197 198 200 201 203 204 207 208 212 214 215 218 219 220 222 228 230 232 233 234 250 252 253 254 255 258 260 262 264 265
156 138 : 1 5 10 11 12 13 15 17 20 21 22 23 24 26 27 28 29 30 31 32 34 36 37 38 40 41 43 45 46 47 49 51 52 55 59 61 62 63 64 66 68 74 79 81 83 85 86 88 92 93 95 97 100 101 102 105 106 107 110 113 114 116 117 118 119 120 127 128 130 131 132 133 135 137 139 142 143 147 150 151 152 156 158 159 163 167 168 169 170 173 174 175 177 180 183 184 185 187 188 189 190 192 196 199 200 201 202 203 204 207 208 211 214 216 220 221 225 226 227 228 230 232 233 235 236 237 239 240 242 244 245 246 254 255 256 258 261 262
157 100 : 0 1 2 4 8 9 11 14 18 20 25 27 32 33 34 38 39 41 46 47 48 51 59 62 66 71 75 80 81 83 88 92 94 95 99 100 102 104 106 108 112 113 115 116 117 118 121 125 126 130 136 137 140 148 151 152 153 156 158 166 167 168 175 178 179 180 185 186 194 195 196 197 200 204 206 207 208 209 213 215 216 222 224 228 231 233 237 238 239 240 243 246 247 253 254 256 258 259 260 264
158 137 : 1 3 5 6 7 8 9 14 15 17 18 19 20 23 25 26 27 29 30 31 32 33 34 35 37 38 39 42 43 45 47 48 51 54 56 59 61 62 66 68 69 70 75 76 78 80 84 85 87 88 89 90 95 96 97 100 101 103 104 106 110 112 114 115 117 120 123 124 127 129 130 132 133 135 136 137 138 140 141 142 143 144 145 146 149 152 158 159 161 163 171 179 181 184 186 187 188 189 190 198 199 200 202 203 206 207 210 212 213 217 219 221 222 223 224 225 227 229 231 232 235 237 238 240 244 245 246 247 249 254 255 256 259 260 262 263 265
159 137 : 0 3 5 8 10 11 12 13 15 23 24 25 27 29 30 32 34 35 36 37 38 41 43 44 45 46 48 49 50 51 56 57 59 61 64 65 67 68 70 72 73 74 75 77 78 79 81 83 84 85 86 87 88 89 90 94 98 100 101 104 107 111 112 117 119 121 122 123 125 126 128 129 132 135 137 142 143 144 146 147 148 149 151 153 157 159 160 161 163 164 165 168 169 171 172 175 176 178 180 185 188 193 195 198 202 204 205 208 209 214 216 217 220 221 224 232 233 234 235 236 237 238 241 243 244 245 246 250 253 256 258 259 260 261 263 264 265
160 138 : 2 4 6 9 10 15 20 21 23 24 26 28 30 31 32 33 34 36 37 39 43 44 47 49 51 55 56 59 62 69 70 76 78 79 80 81 82 83 85 86 89 90 92 94 99 101 103 104 108 113 115 116 118 120 121 124 125 127 128 129 131 132 134 135 137 138 139 140 143 149 151 153 155 156 158 160 165 166 170 171 173 174 175 176 177 178 179 180 181 182 183 184 185 186 187 189 190 192 196 197 200 201 205 207 209 210 211 213 214 215 217 218 219 223 224 225 227 228 234 235 236 237 238 239 240 241 243 247 251 252 253 254 255 258 259 262 264 265
161 138 : 0 2 3 4 5 6 8 9 13 17 19 20 22 23 24 25 27 29 30 32 34 35 36 51 52 58 60 61 63 67 68 71 72 74 75 78 80 83 84 86 87 88 89 92 93 94 96 98 99 102 104 106 108 109 110 111 117 118 121 123 124 128 129 131 132 134 136 137 138 139 140 141 145 147 148 149 151 153 154 158 160 162 164 165 166 169 170 171 174 175 177 179 181 185 186 187 188 190 192 193 195 196 198 200 205 206 208 210 211 213 219 220 221 223 225 226 227 229 231 232 234 238 239 241 242 243 244 246 250 252 253 255 256 257 260 262 264 266
162 138 : 0 1 4 6 9 10 11 14 17 18 20 21 24 25 27 30 32 34 36 37 38 39 41 42 44 45 46 47 49 50 55 58 59 64 65 67 69 72 73 74 76 77 78 79 84 85 87 89 91 94 95 98 101 102 103 106 107 108 110 115 116 117 118 121 123 125 126 127 128 129 132 135 136 139 140 142 144 147 149 151 152 155 157 158 159 160 161 162 163 164 165 166 169 170 171 172 173 174 175 176 178 179 181 184 186 189 192 197 199 200 201 205 206 209 216 218 221 224 226 227 228 229 231 238 241 242 244 248 250 252 253 254 256 260 261 263 265 266
163 138 : 0 3 4 6 7 8 9 10 13 17 18 20 21 24 28 30 32 34 35 40 41 43 44 45 46 47 49 53 55 57 58 59 62 63 66 67 68 69 70 71 72 73 75 77 79 82 83 85 86 87 89 92 95 97 98 99 100 105 106 107 108 111 114 119 121 122 126 130 132 133 134 137 138 140 141 142 145 147 153 154 155 156 157 159 160 163 165 166 169 171 172 175 176 179 180 185 186 188 190 191 195 196 198 199 200 204 205 206 208 209 211 213 214 215 217 221 222 225 226 227 228 232 233 234 237 238 239 241 242 244 246 247 248 249 251 255 256 265
164 137 : 1 5 7 9 11 13 15 20 25 30 33 34 35 37 38 39 40 41 42 44 47 50 52 53 54 56 58 59 62 63 65 66 68 70 71 72 73 74 78 80 83 86 88 89 90 91 92 93 97 98 100 102 105 107 108 109 110 113 114 118 119 120 122 126 127 129 130 131 133 134 135 136 137 138 139 142 145 147 148 150 155 158 159 162 163 165 166 167 168 171 174 175 178 180 182 185 186 187 190 191 194 196 197 199 201 202 203 204 205 208 212 213 214 216 218 224 227 228 230 232 236 237 238 239 240 241 242 245 246 250 252 253 254 259 262 263 264
165 138 : 0 2 3 5 6 7 10 11 13 16 18 28 29 31 34 35 37 38 40 42 44 46 50 52 54 55 58 59 60 64 65 67 69 70 71 72 73 74 75 79 80 81 82 83 84 85 88 94 97 98 100 103 104 105 106 109 111 112 113 114 115 117 119 121 122 123 125 127 129 130 131 133 135 136 137 138 141 144 145 147 149 150 152 155 156 158 159 161 162 163 164 167 168 171 174 175 179 183 184 185 188 191 193 196 198 200 203 205 206 207 211 212 213 216 217 219 220 221 222 226 227 228 230 231 235 236 237 238 240 241 247 248 249 251 260 261 264 265
166 137 : 0 2 3 5 7 11 17 19 20 21 22 23 25 26 30 32 33 35 36 38 39 40 41 42 43 47 48 50 51 54 56 57 58 59 60 63 64 69 70 71 72 73 74 75 76 77 78 79 80 82 84 86 87 90 94 95 97 103 104 105 106 107 108 111 116 117 123 135 136 137 138 139 140 141 142 147 148 149 154 155 160 161 163 164 165 170 172 173 176 177 179 180 181 184 186 187 188 190 194 195 197 200 202 205 206 209 210 211 212 214 215 222 226 227 228 230 231 234 236 237 239 241 243 244 245 246 248 249 251 252 254 255 256 258 260 263 264
167 137 : 2 3 4 6 8 9 13 14 15 16 17 18 22 24 26 28 30 33 36 38 39 40 41 43 44 45 48 49 50 52 55 57 58 60 61 64 67 71 73 74 75 76 77 78 79 80 81 82 83 86 87 88 89 96 98 99 100 101 102 104 107 113 116 117 119 120 126 128 131 135 137 145 147 148 149 150 151 153 155 156 157 159 160 161 163 164 165 168 169 170 171 173 174 177 178 181 184 185 186 196 197 202 203 207 208 209 212 213 216 218 219 222 223 224 225 227 228 229 231 232 233 234 237 238 241 242 243 244 246 247 248 250 252 253 259 261 266
168 98 : 0 5 6 8 11 18 19 30 34 38 47 48 51 59 66 71 75 77 80 81 82 83 86 88 91 92 94 96 100 102 104 106 107 111 113 115 117 118 121 124 126 127 128 129 137 142 146 147 148 150 151 153 155 156 158 163 166 168 172 175 179 181 185 186 187 188 189 190 197 200 206 207 208 209 212 215 216 220 221 222 223 225 228 233 235 239 240 241 242 243 246 247 253 254 257 258 262 264
169 138 : 2 4 6 7 9 11 12 13 15 16 17 18 21 22 23 24 25 26 27 29 30 31 37 38 41 42 43 44 47 48 50 51 52 53 57 58 60 63 64 66 69 71 74 78 79 82 83 84 86 87 88 89 92 93 96 98 99 101 104 105 106 107 108 109 111 112 113 114 116 118 119 120 121 123 128 130 134 135 136 138 139 141 142 143 144 147 149 150 152 154 155 156 157 158 162 164 167 169 172 173 181 183 186 189 190 191 194 196 201 203 206 209 211 214 215 216 218 219 222 224 227 231 232 236 238 239 242 243 244 246 254 255 256 257 259 260 263 265
170 138 : 2 4 7 8 16 17 19 20 22 25 26 28 30 34 35 37 38 41 42 43 45 47 48 52 54 59 60 61 62 66 69 70 71 72 75 76 78 79 80 83 86 88 89 91 92 96 97 98 99 100 106 107 108 109 111 122 123 124 127 132 134 135 136 137 140 141 142 143 146 147 151 156 157 159 161 162 163 165 166 170 171 172 175 177 179 180 182 183 184 185 187 188 190 191 194 195 196 201 202 203 204 205 212 213 215 216 217 218 221 224 225 226 227 229 230 231 233 234 236 237 242 246 248 249 250 251 252 254 255 256 257 258 260 261 263 264 265 266
171 137 : 0 2 4 5 7 9 10 12 13 15 16 19 20 21 22 23 24 25 27 30 32 33 34 35 37 43 44 46 49 51 54 57 61 63 66 68 70 73 77 80 85 86 90 91 97 98 102 104 105 106 107 108 110 111 112 113 121 122 123 129 131 136 137 138 139 140 141 144 146 154 155 156 158 160 161 166 167 169 170 171 172 174 175 178 179 181 190 191 193 196 200 201 203 204 205 206 207 210 211 212 213 217 218 219 222 223 224 225 226 227 228 229 230 231 233 234 236 237 238 239 240 243 244 247 248 250 251 253 254 256 257 258 259 261 263 264 265
172 138 : 0 4 5 8 10 11 13 14 16 18 19 22 24 25 27 29 30 31 32 33 34 35 36 38 41 44 47 53 55 56 58 60 63 68 69 71 73 79 80 82 84 85 86 88 89 90 91 95 96 98 99 100 102 103 104 105 106 108 109 111 112 113 114 115 117 118 120 123 128 129 130 137 138 139 141 143 145 147 148 151 154 155 156 159 161 164 166 170 171 172 174 175 179 181 182 185 189 190 191 195 198 199 200 202 203 204 207 209 210 212 215 217 219 225 227 228 230 231 234 236 237 240 241 245 247 248 251 252 253 254 255 256 257 259 260 261 263 266
173 102 : 0 1 4 9 11 14 19 24 27 30 33 34 38 40 43 46 47 48 51 56 57 59 63 66 71 75 77 80 81 83 86 88 90 91 94 100 104 106 113 114 115 116 117 118 121 122 125 126 127 133 137 138 144 145 147 149 150 153 156 158 165 166 175 179 180 184 185 186 187 189 192 193 194 197 200 203 204 206 208 209 210 215 216 218 228 231 232 233 239 240 243 244 245 246 247 250 253 254 256 258 260 264
174 137 : 3 4 6 7 8 10 11 12 14 16 17 18 19 21 22 23 24 26 29 31 36 37 38 40 41 43 44 48 52 56 57 59 62 65 66 67 68 70 73 75 77 82 84 85 87 89 90 91 92 93 94 96 97 98 101 103 104 105 106 107 108 111 112 113 114 115 117 120 128 130 131 132 138 139 141 145 146 147 148 150 151 152 153 156 157 158 161 167 176 177 178 180 182 183 185 188 189 191 194 197 198 202 203 206 209 210 211 212 214 215 217 218 219 222 223 227 228 234 235 236 237 239 242 243 244 245 246 247 249 252 255 257 258 262 264 265 266
175 137 : 1 6 8 9 10 11 16 17 19 20 21 22 23 32 34 35 40 42 45 48 51 52 54 57 58 61 62 64 65 66 69 70 72 74 75 76 77 80 81 82 85 87 88 90 94 97 100 102 104 105 106 107 108 110 114 115 116 117 118 119 122 125 127 130 131 133 135 136 141 144 150 154 156 158 159 160 163 165 166 167 168 172 174 178 179 181 183 185 186 188 191 194 195 198 200 201 202 204 205 206 209 210 211 212 213 214 215 216 217 218 219 223 225 226 229 230 231 232 234 237 238 239 241 242 243 245 246 249 251 253 254 255 256 257 263 264 265
176 137 : 0 1 3 4 6 10 11 12 13 14 15 16 17 18 20 22 24 26 27 28 29 37 38 43 44 47 48 49 50 51 54 63 68 69 71 72 75 76 85 87 88 90 92 93 95 97 98 99 105 106 109 114 118 119 122 123 126 127 128 129 131 132 133 136 137 138 139 140 141 142 143 144 145 148 149 151 152 155 156 157 158 159 160 162 164 167 168 169 171 172 176 179 180 182 183 185 186 187 188 190 192 195 197 199 202 204 206 207 208 209 210 216 218 220 222 223 224 226 227 232 235 239 241 243 244 246 248 249 250 251 252 253 258 261 262 264 265
177 137 : 2 3 4 7 13 14 17 18 20 24 27 29 30 34 38 39 41 42 43 46 48 49 50 51 52 53 54 55 58 59 60 61 62 66 69 72 77 79 80 81 83 87 88 90 92 98 102 103 106 107 108 110 117 119 120 121 122 128 129 131 137 138 141 142 143 145 146 147 151 152 153 155 157 158 159 160 161 162 163 166 170 176 177 179 180 181 182 183 184 185 186 187 188 189 191 192 194 197 198 199 200 201 202 204 206 207 208 209 210 212 213 216 219 223 224 225 227 228 232 233 235 236 237 239 240 242 243 245 248 251 253 256 257 259 264 265 266
178 138 : 0 1 2 4 7 8 9 14 15 16 18 21 23 27 29 31 33 34 36 37 38 39 41 44 46 48 49 50 51 53 54 56 57 58 60 61 63 64 67 69 70 73 75 77 78 81 82 83 86 88 91 92 94 97 99 101 104 106 108 109 112 114 115 116 118 120 121 122 125 126 128 129 131 133 135 136 137 138 139 140 141 142 143 145 147 148 150 152 153 154 160 161 162 165 166 167 170 171 172 174 175 179 180 181 183 185 186 187 188 190 193 195 196 197 199 203 205 211 212 213 218 222 223 228 229 231 233 236 237 238 241 244 248 255 257 258 262 263
179 137 : 0 3 6 8 9 11 13 14 15 19 21 23 26 29 30 31 33 34 35 37 38 41 42 48 51 53 54 57 58 62 63 64 65 67 70 72 73 74 75 78 80 82 83 85 89 90 91 93 95 96 97 103 104 105 106 107 108 110 113 117 118 119 121 125 126 129 131 133 134 136 138 143 144 145 147 148 149 150 151 152 153 163 168 170 171 172 173 174 175 177 178 180 182 183 185 186 187 192 193 194 196 198 199 201 205 206 207 208 209 210 212 215 216 219 220 221 225 226 229 230 233 234 236 238 239 244 245 248 249 251 252 253 254 257 260 261 262
180 137 : 0 1 2 3 4 8 9 11 12 13 14 15 20 23 24 25 31 32 34 36 38 39 43 45 46 48 50 51 53 54 56 57 60 61 62 64 65 67 68 69 71 72 74 75 77 78 80 82 83 84 85 88 90 93 94 100 102 103 104 105 106 109 110 112 115 120 121 122 123 124 126 128 131 132 134 135 138 139 143 144 145 146 149 150 151 152 158 159 160 161 164 165 166 168 169 170 171 172 173 176 177 179 184 193 194 195 197 200 201 203 205 209 212 217 219 220 221 222 223 225 231 232 233 236 239 240 244 245 246 247 248 250 252 253 256 262 263
181 137 : 1 4 5 6 9 10 11 12 13 15 17 18 19 20 21 24 25 27 31 32 35 39 43 44 48 49 50 51 52 57 60 63 67 68 71 79 81 82 83 87 89 90 91 92 95 96 98 99 100 101 102 103 104 105 106 108 109 110 112 113 114 115 116 117 118 119 120 128 129 132 135 136 137 139 142 143 144 145 146 150 151 153 155 159 160 164 165 166 167 170 171 172 173 174 176 180 181 182 183 186 190 191 195 196 197 200 201 203 204 207 208 210 213 214 215 217 222 225 235 237 238 242 243 246 247 250 251 252 253 254 256 258 259 261 262 263 265
182 137 : 0 1 3 5 11 12 13 15 16 18 19 20 21 22 24 25 26 28 32 33 35 36 38 40 41 42 43 46 48 49 50 51 53 57 58 59 61 63 65 68 69 72 73 76 80 81 82 83 85 86 87 89 90 94 95 98 99 101 105 107 109 113 114 115 116 119 121 124 126 127 132 134 135 136 137 138 139 142 144 146 147 149 150 151 158 160 161 167 169 171 173 175 176 178 179 180 183 184 185 186 188 191 192 194 196 203 204 208 209 214 215 216 223 225 226 228 229 231 232 233 235 236 238 241 243 244 246 249 251 252 255 258 259 262 263 264 266
183 137 : 1 2 3 5 8 9 11 12 15 16 19 21 24 27 29 30 33 34 35 38 39 40 44 46 47 50 53 55 57 58 59 61 63 64 65 68 69 71 73 75 76 77 84 89 91 92 94 95 96 97 98 100 103 109 111 112 113 114 115 116 118 120 124 126 127 129 132 134 135 136 137 138 141 142 143 144 145 150 152 154 156 157 159 161 163 165 167 169 171 177 178 179 180 181 182 183 184 185 187 188 190 191 193 194 195 198 200 203 206 207 211 213 215 217 218 219 220 228 231 236 240 241 243 244 245 247 248 250 251 252 254 257 258 260 262 264 265
184 137 : 0 1 2 3 5 7 8 12 13 14 15 16 20 23 26 27 28 29 30 31 32 33 36 41 45 46 48 49 50 51 52 54 55 59 63 64 65 68 70 72 73 78 83 87 91 92 93 95 98 100 102 106 107 109 110 112 113 114 115 116 117 118 120 123 127 130 131 134 137 138 139 140 142 145 146 149 155 157 159 160 163 165 166 167 168 169 170 172 173 174 175 176 177 179 180 181 186 189 192 194 197 198 200 205 206 208 211 212 215 217 218 219 221 224 225 228 229 230 232 235 236 239 240 241 242 243 244 245 247 251 253 255 257 259 261 262 265
185 95 : 0 2 4 6 8 9 11 15 18 19 24 27 28 30 32 34 36 46 47 48 51 53 66 75 80 81 83 86 88 90 91 92 93 99 102 103 104 106 113 115 117 120 124 125 126 129 133 136 137 138 140 143 145 148 153 156 158 160 166 168 175 178 179 182 185 186 188 191 194 198 200 204 207 208 209 213 216 217 220 228 231 233 239 240 242 243 245 246 247 253 254 257 258 262 264
186 137 : 3 4 9 10 11 12 13 14 16 18 20 22 25 27 31 34 38 39 40 41 43 45 46 49 50 53 54 57 60 61 65 66 67 68 72 75 76 80 84 85 91 93 96 98 100 103 104 106 109 110 112 115 116 117 118 119 122 123 125 126 127 129 130 131 134 136 137 139 144 145 146 150 151 152 153 154 155 156 157 159 160 161 162 163 165 168 169 170 172 173 175 179 181 183 184 185 186 187 188 192 193 201 202 203 204 205 208 209 211 212 214 215 216 217 218 219 224 227 229 230 232 233 236 237 239 240 241 243 244 245 249 250 252 255 262 263 266
187 137 : 0 1 6 7 8 11 13 15 16 17 20 21 22 25 28 42 43 45 47 48 49 50 52 54 57 58 59 61 62 63 64 66 67 68 69 72 73 82 84 85 88 89 95 98 100 102 103 104 106 107 108 111 113 114 115 116 117 120 124 127 128 129 130 135 136 137 141 142 143 144 147 153 154 155 156 157 159 162 164 167 168 170 171 172 173 174 177 178 179 180 181 182 183 184 185 186 187 188 192 193 195 196 197 199 200 203 204 205 207 213 214 216 218 220 222 225 226 228 230 233 234 237 241 242 243 246 249 250 251 253 254 255 257 258 260 262 266
188 137 : 0 1 2 4 5 7 8 10 11 12 13 17 18 24 25 26 30 32 33 34 36 37 38 39 47 49 50 52 54 55 57 58 59 60 64 66 69 74 75 77 78 81 83 84 85 87 91 93 94 98 100 101 102 105 109 110 111 115 118 119 120 122 125 126 128 130 131 132 134 135 137 142 145 146 147 150 151 152 153 157 158 161 162 166 168 171 172 173 178 179 181 189 190 191 192 193 194 200 201 202 205 207 208 210 211 213 214 217 218 219 221 223 224 225 227 228 230 231 233 236 238 240 241 243 244 245 246 247 254 256 257 260 261 263 264 265 266
189 137 : 0 2 4 5 7 8 11 12 13 15 17 21 27 28 29 32 33 34 36 38 40 43 45 46 47 48 51 54 57 58 61 65 67 70 71 72 73 74 75 76 77 78 79 82 83 84 87 88 90 91 98 99 100 106 107 111 112 113 115 116 117 118 119 120 121 122 123 125 126 127 135 136 141 145 148 150 151 152 156 158 159 160 162 164 165 171 174 181 182 183 184 185 186 188 192 193 195 198 199 200 201 203 207 211 213 214 215 217 218 219 220 223 229 232 234 235 237 239 240 242 243 245 246 248 251 252 253 254 256 257 258 259 260 263 264 265 266
190 137 : 0 2 4 7 11 12 14 15 19 20 21 24 25 26 28 29 30 31 33 40 41 44 45 48 51 53 54 55 56 57 59 60 61 66 70 72 74 75 76 77 79 81 87 88 92 93 94 96 97 99 101 105 107 108 111 113 121 122 125 126 127 128 130 131 134 135 137 139 141 144 145 149 151 160 162 165 166 167 168 170 172 174 175 179 181 182 184 186 189 190 192 193 194 196 197 198 199 202 203 204 205 207 208 209 210 212 214 215 216 218 226 228 229 230 235 236 238 239 241 242 243 245 246 247 248 249 251 252 253 254 255 256 257 258 260 262 266
191 137 : 2 3 4 5 6 7 8 9 10 11 12 15 16 18 21 23 24 25 26 28 30 31 34 38 41 43 46 47 48 50 51 56 57 58 60 64 67 71 72 73 76 77 78 81 82 84 85 86 88 89 90 92 93 96 97 100 101 106 112 113 115 116 119 123 124 125 126 127 128 132 133 134 136 138 139 140 142 143 145 149 152 154 156 158 159 163 165 168 169 171 172 173 174 175 178 179 180 181 182 184 185 188 189 190 191 192 194 196 197 198 199 202 204 205 209 211 215 219 225 226 228 230 234 235 240 241 242 243 249 250 251 253 254 258 260 261 266
192 137 : 1 3 5 8 9 10 11 13 14 15 17 18 19 20 21 24 31 33 34 35 36 37 38 43 44 45 47 48 52 53 55 56 60 61 63 64 65 66 67 68 70 75 77 79 80 82 83 87 96 97 99 101 108 109 110 111 112 113 115 117 118 122 123 126 127 128 129 130 131 133 134 135 136 138 141 143 145 147 150 153 156 159 161 162 163 165 166 168 169 174 175 177 178 182 183 184 186 187 188 191 193 194 197 198 204 206 208 211 213 218 219 220 224 225 228 229 232 234 235 237 238 239 240 241 243 244 247 249 250 251 254 255 258 259 260 264 266
193 137 : 0 1 3 4 7 15 17 19 22 26 29 30 31 33 34 36 37 38 40 48 50 51 52 54 55 59 63 64 67 71 72 75 76 77 78 84 86 87 88 89 91 92 93 94 95 98 100 101 104 105 108 109 110 111 112 113 115 119 120 124 126 127 128 136 137 138 139 140 142 146 147 148 150 151 153 154 158 160 162 163 164 166 167 170 171 175 182 188 190 191 192 193 194 195 196 198 199 200 202 206 207 208 209 211 213 214 215 216 222 223 224 227 228 229 230 232 234 236 237 238 243 247 249 250 251 252 253 255 256 257 258 259 260 261 264 265 266
194 137 : 1 2 3 4 6 7 11 16 17 18 19 21 23 24 26 30 31 33 34 35 36 37 38 39 40 41 42 44 45 46 48 49 50 51 52 53 54 55 64 66 69 70 71 75 76 77 79 82 84 91 92 95 97 98 100 104 105 106 107 111 114 115 117 119 120 123 125 126 127 128 129 130 132 135 137 138 139 140 142 143 148 150 152 154 156 157 158 160 163 164 166 169 174 175 178 179 180 187 188 190 194 195 196 201 202 203 204 205 207 208 210 213 214 216 219 220 224 225 227 228 229 230 231 239 242 244 246 247 248 252 254 256 258 259 263 265 266
195 137 : 2 4 8 9 10 12 13 16 17 18 21 23 26 29 30 31 32 34 35 38 41 42 43 44 45 46 47 50 52 57 58 59 64 65 72 74 75 77 78 79 80 83 85 86 87 88 90 91 93 95 97 98 99 102 106 111 113 121 122 124 126 127 128 130 131 135 136 137 139 141 144 145 146 151 152 154 155 156 157 160 162 163 164 165 166 169 176 178 179 182 183 186 189 191 192 193 194 196 197 199 201 203 204 205 206 209 210 211 212 213 214 216 217 218 220 221 223 224 228 229 231 234 235 238 239 241 245 246 247 248 252 253 254 255 263 264 265
196 137 : 0 1 2 5 7 8 9 10 15 16 18 19 20 21 26 27 29 30 32 33 36 38 40 41 45 47 52 55 57 58 59 60 64 67 69 70 71 72 73 74 76 79 80 81 82 83 87 88 95 99 101 102 103 104 106 107 108 110 113 115 116 119 120 121 122 125 127 131 134 135 138 145 146 150 153 155 156 157 160 161 162 164 165 168 169 170 171 172 173 175 177 178 179 184 186 187 188 189 191 197 199 201 202 203 205 206 207 209 210 211 214 217 220 222 223 225 227 228 229 230 234 235 236 237 239 240 242 246 248 250 252 253 255 258 261 263 266
197 138 : 0 1 2 3 8 9 10 14 16 17 19 21 22 27 30 31 32 34 36 37 38 43 47 48 49 50 51 52 53 54 55 60 61 62 63 64 65 66 67 68 73 77 80 81 83 84 86 88 89 91 94 96 99 100 101 103 104 105 109 110 113 114 115 117 119 121 124 127 128 130 131 134 135 136 138 139 140 141 144 145 147 150 152 161 162 163 164 165 168 173 176 177 178 180 182 184 185 186 191 194 196 198 200 201 202 203 204 205 208 216 219 220 222 223 229 233 234 236 239 240 242 245 246 247 249 250 251 252 253 254 256 257 258 259 260 261 262 265
198 137 : 1 3 4 6 7 8 11 12 13 20 22 23 24 25 26 27 31 32 35 38 39 45 46 47 49 50 52 54 55 59 60 61 66 67 68 70 72 73 74 78 80 82 87 89 90 92 93 95 97 102 109 112 113 117 121 122 125 126 127 128 129 131 132 135 136 137 140 142 143 145 146 147 149 150 154 155 156 158 159 160 161 167 168 169 174 176 177 179 180 181 182 183 185 186 191 192 195 200 201 204 205 207 208 209 213 215 216 218 222 224 225 226 230 231 232 233 236 237 239 240 242 243 246 247 251 252 254 255 256 257 258 259 261 262 263 265 266
199 137 : 1 3 5 6 7 8 10 11 12 13 15 16 18 19 20 21 24 25 26 27 28 29 30 31 32 33 34 37 38 40 41 43 44 45 47 50 51 52 53 55 57 60 64 66 67 68 70 71 73 75 77 78 81 82 85 89 91 93 95 98 101 103 104 106 107 112 114 115 116 118 119 123 124 126 127 131 133 134 136 138 139 141 142 145 147 148 150 152 155 157 158 163 165 166 169 170 172 173 175 178 179 181 183 184 186 189 190 192 197 200 204 208 211 212 213 217 218 221 222 224 225 234 235 237 238 240 242 243 244 251 253 258 259 260 263 264 265
