N C E M
200 166 19900 15920
Opt_part_L_size, Opt_part_R_size, Opt_number_of_colors
46 154 86
N of L changes = 21
Min number of labels in a vertice, Max number of labels in a vertice
96 130
Solution Set
71(71) 109(72) 122(73) 161(73) 111(74) 130(74) 149(74) 7(74) 13(74) 39(74) 42(74) 45(74) 59(74) 91(74) 18(75) 26(75) 67(75) 69(75) 90(75) 108(75) 113(75) 145(111) 125(114) 3(116) 25(117) 138(117) 133(117) 44(117) 118(118) 65(118) 43(119) 114(119) 131(119) 107(119) 20(120) 141(120) 95(121) 105(122) 61(122) 120(122) 154(124) 148(124) 103(125) 147(125) 48(125) 40(126) 41(128) 63(128) 17(128) 21(128) 68(128) 37(128) 110(129) 88(129) 46(129) 82(130) 89(130) 10(131) 77(132) 115(132) 0(133) 54(133) 117(134) 102(134) 143(134) 83(135) 156(135) 23(136) 30(137) 72(137) 6(137) 56(137) 52(137) 163(138) 155(138) 96(139) 2(139) 57(140) 127(140) 162(140) 60(141) 70(143) 51(145) 11(147) 5(153) 16(161) 
Number of edges by Color (l n)
0 16 161
1 5 153
2 11 147
3 51 145
4 70 143
5 60 141
6 57 140
7 127 140
8 162 140
9 2 139
10 96 139
11 155 138
12 163 138
13 6 137
14 30 137
15 52 137
16 56 137
17 72 137
18 23 136
19 83 135
20 156 135
21 102 134
22 117 134
23 143 134
24 0 133
25 54 133
26 77 132
27 115 132
28 10 131
29 82 130
30 89 130
31 46 129
32 88 129
33 110 129
34 17 128
35 21 128
36 37 128
37 41 128
38 63 128
39 68 128
40 40 126
41 48 125
42 103 125
43 147 125
44 148 124
45 154 124
46 61 122
47 105 122
48 120 122
49 95 121
50 20 120
51 141 120
52 43 119
53 107 119
54 114 119
55 131 119
56 65 118
57 118 118
58 25 117
59 44 117
60 133 117
61 138 117
62 3 116
63 125 114
64 145 111
65 1 76
66 35 76
67 9 75
68 12 75
69 15 75
70 18 75
71 22 75
72 26 75
73 27 75
74 32 75
75 47 75
76 49 75
77 62 75
78 64 75
79 66 75
80 67 75
81 69 75
82 78 75
83 79 75
84 81 75
85 90 75
86 94 75
87 98 75
88 108 75
89 113 75
90 116 75
91 139 75
92 146 75
93 4 74
94 7 74
95 8 74
96 13 74
97 14 74
98 19 74
99 24 74
100 28 74
101 29 74
102 31 74
103 33 74
104 34 74
105 36 74
106 38 74
107 39 74
108 42 74
109 45 74
110 50 74
111 53 74
112 55 74
113 58 74
114 59 74
115 73 74
116 74 74
117 75 74
118 76 74
119 80 74
120 84 74
121 85 74
122 86 74
123 87 74
124 91 74
125 92 74
126 93 74
127 97 74
128 99 74
129 100 74
130 101 74
131 104 74
132 106 74
133 111 74
134 112 74
135 119 74
136 121 74
137 123 74
138 124 74
139 126 74
140 130 74
141 134 74
142 135 74
143 136 74
144 137 74
145 140 74
146 142 74
147 144 74
148 149 74
149 151 74
150 152 74
151 157 74
152 159 74
153 160 74
154 164 74
155 122 73
156 128 73
157 129 73
158 132 73
159 150 73
160 153 73
161 158 73
162 161 73
163 165 73
164 109 72
165 71 71
Label List by vertices (vertice Id, Number of labels : set of labels
0 129 : 0 1 2 4 5 6 7 8 9 10 11 12 13 14 15 16 19 21 22 24 28 29 30 31 32 33 34 35 36 37 38 39 40 41 42 45 47 48 51 52 53 54 55 57 58 59 60 62 63 65 66 67 69 71 72 73 74 75 77 78 79 80 81 82 83 84 85 86 87 88 89 91 92 93 94 95 97 98 99 101 102 103 104 106 107 108 109 110 111 113 114 115 116 118 119 121 122 124 125 126 127 128 129 130 131 132 134 135 136 137 138 141 144 146 149 150 151 152 154 156 157 158 159 160 161 162 163 164 165
1 129 : 0 1 2 3 4 5 6 7 8 9 10 13 14 16 18 20 21 22 23 24 25 26 27 28 29 30 31 32 33 35 36 37 38 39 40 41 42 43 45 47 49 50 51 52 55 56 57 58 59 61 62 63 65 66 67 69 71 72 74 75 77 78 79 80 81 83 84 86 87 88 89 90 92 93 94 95 96 97 99 101 103 104 105 106 108 109 110 111 112 113 114 115 116 117 118 119 120 121 122 123 125 126 127 128 129 131 132 134 136 138 139 141 142 144 145 146 147 148 149 150 151 152 153 156 157 160 161 164 165
2 129 : 0 1 2 4 5 6 7 8 10 11 12 13 14 15 16 17 18 19 20 21 22 27 28 29 30 31 32 33 34 35 39 42 43 44 45 46 47 48 49 50 51 52 54 55 56 57 58 59 60 61 62 65 66 67 68 70 72 73 74 76 77 80 81 83 84 85 86 87 88 90 91 92 93 94 95 96 97 98 99 100 101 103 104 105 106 107 109 110 111 112 116 117 118 119 121 123 125 126 128 129 130 131 133 135 136 138 139 141 142 143 144 146 147 149 150 151 152 153 154 155 156 157 158 159 160 161 162 164 165
3 129 : 0 1 2 3 4 5 6 7 9 10 11 12 13 14 16 17 18 19 22 23 24 25 26 27 28 29 30 31 32 33 34 35 36 37 38 39 40 41 42 43 44 45 46 47 48 49 51 52 53 54 55 56 58 59 61 62 64 66 67 68 71 72 74 79 80 82 85 86 87 89 90 91 92 93 94 95 96 97 99 100 101 103 104 105 106 107 108 109 111 112 113 114 115 116 118 120 121 122 123 124 126 127 129 130 131 132 134 136 137 138 139 140 141 142 144 146 148 149 150 151 152 153 155 156 157 161 162 164 165
4 128 : 1 2 3 4 5 6 7 8 10 11 12 13 14 15 16 17 18 19 22 23 24 26 27 28 29 30 31 32 33 34 35 36 37 38 39 40 41 42 43 44 45 46 47 49 50 51 54 57 58 59 60 62 63 64 65 66 67 68 71 72 73 74 76 77 78 79 80 81 82 85 87 89 91 92 94 96 97 98 100 102 104 106 107 108 109 111 112 115 118 119 120 121 122 123 124 125 126 127 128 129 130 134 135 136 139 140 142 143 144 145 146 147 148 149 150 151 152 155 156 157 158 159 160 161 162 163 164 165
5 129 : 0 1 3 4 5 8 9 10 11 12 13 14 15 16 18 19 20 24 25 26 27 28 30 31 32 33 34 36 37 39 41 42 43 45 46 47 48 49 50 51 52 55 56 57 58 59 62 63 64 65 66 67 68 69 70 71 72 73 74 76 77 78 79 80 81 83 84 85 86 87 88 89 90 91 92 94 95 99 100 101 102 103 104 105 106 107 108 109 110 111 112 114 116 118 119 120 121 122 123 124 125 126 128 129 130 131 132 134 135 136 137 139 140 142 143 144 145 148 149 152 153 155 156 157 158 159 160 163 165
6 104 : 0 1 2 3 4 5 6 7 9 10 16 17 18 19 20 21 22 23 25 29 30 34 35 37 38 40 41 43 44 46 47 48 49 51 52 53 54 56 57 58 59 60 61 63 65 66 70 72 76 77 78 79 81 82 83 85 87 88 89 91 95 96 97 98 102 103 104 105 106 107 108 110 112 114 115 117 118 119 120 122 124 125 127 131 132 133 134 135 136 138 145 147 148 150 151 154 155 156 157 158 159 162 163 165
7 129 : 0 1 2 3 4 5 7 8 9 11 12 13 14 15 17 18 19 21 22 23 24 26 27 28 29 30 31 32 33 34 35 37 38 39 41 42 43 44 45 47 48 49 50 51 53 54 56 57 58 59 60 62 63 64 66 67 68 69 70 74 76 77 78 79 81 82 85 86 87 89 90 93 94 95 98 99 100 101 102 104 106 107 108 109 110 111 112 113 116 117 118 119 120 122 123 125 126 127 128 129 130 131 132 133 134 135 137 139 140 141 142 144 145 146 147 148 149 150 151 152 153 157 159 160 161 162 163 164 165
8 129 : 0 2 3 5 6 7 8 9 10 11 12 13 14 15 16 18 19 21 22 23 24 25 26 27 28 29 30 32 33 34 35 37 38 39 41 42 43 45 46 47 48 50 51 52 53 55 56 58 59 60 62 64 65 67 68 69 71 73 74 76 77 78 79 80 81 83 84 85 86 87 88 89 91 92 93 94 97 98 99 100 101 102 104 105 106 108 109 110 111 112 113 114 115 117 121 122 124 125 126 127 128 130 132 133 134 135 137 138 139 140 142 143 144 146 147 148 149 150 151 152 153 154 155 156 159 160 161 162 164
9 129 : 0 4 5 6 7 8 9 11 12 13 14 15 16 17 18 19 20 21 22 23 24 25 26 27 28 29 30 31 33 34 35 36 37 38 39 41 42 44 45 47 48 49 50 51 52 54 59 60 61 62 63 64 66 67 68 69 70 71 74 75 78 79 80 82 83 84 85 86 87 91 92 93 94 95 97 100 101 102 103 104 105 106 107 108 109 111 113 114 115 116 117 119 121 122 123 124 125 127 128 129 130 131 132 135 136 137 138 139 140 141 142 145 146 147 149 150 151 152 153 154 156 157 158 159 160 161 163 164 165
10 129 : 0 1 2 3 6 7 8 9 10 12 13 14 16 18 19 20 23 25 26 27 28 29 30 31 32 33 34 35 36 37 39 40 41 42 44 45 46 47 48 49 50 51 53 54 57 58 59 60 61 62 63 66 67 69 70 71 72 73 74 75 76 77 79 80 81 82 83 85 86 88 92 93 94 95 97 98 99 100 101 102 104 107 108 109 110 111 112 114 116 117 119 120 121 122 123 124 125 126 127 128 129 130 131 132 134 135 136 137 138 139 140 141 142 144 145 146 147 148 149 150 151 153 156 158 159 160 161 163 164
11 96 : 0 2 3 4 5 6 10 11 16 17 18 19 20 21 22 23 25 29 30 32 36 37 38 39 40 41 43 44 46 47 48 49 50 51 52 53 55 56 57 60 61 63 64 65 66 68 70 72 73 77 82 83 86 89 90 94 95 98 101 102 103 104 105 106 109 110 113 114 117 118 120 122 125 127 128 129 131 132 133 136 137 138 141 143 145 147 148 149 151 154 155 156 161 162 163 164
12 129 : 1 2 4 5 6 8 9 10 11 12 13 14 15 16 18 19 21 22 23 24 25 27 28 29 30 33 34 35 36 38 39 41 42 45 47 49 50 51 52 55 56 57 58 59 60 61 62 63 64 65 66 67 68 69 70 71 72 73 74 77 78 79 80 81 83 84 85 86 88 89 90 92 94 95 96 97 98 99 100 101 103 104 106 107 108 109 110 111 112 113 114 115 119 120 121 124 126 127 128 129 130 131 134 135 137 138 139 140 141 142 143 144 145 146 147 148 150 151 152 153 154 155 157 158 159 160 161 164 165
13 129 : 0 1 2 3 5 6 7 8 9 10 11 12 13 14 15 17 18 19 22 23 24 26 27 29 31 32 33 34 36 37 39 41 43 45 46 47 48 49 51 52 54 55 56 57 58 59 62 63 64 66 67 69 70 71 72 73 74 75 76 77 78 79 80 81 82 83 84 85 86 87 88 90 92 94 96 98 99 101 102 103 105 106 107 108 109 110 111 112 113 116 117 118 119 120 121 122 123 126 128 129 130 131 132 134 135 136 137 138 139 140 141 144 145 146 147 148 149 150 151 152 153 154 157 158 159 161 162 164 165
14 102 : 0 2 3 5 6 10 11 12 13 14 15 16 17 20 21 22 23 24 25 30 31 32 33 35 37 38 40 41 42 43 44 46 47 48 51 52 53 54 56 57 58 60 61 63 64 65 66 68 70 71 72 75 76 77 81 82 83 84 89 90 96 98 99 102 103 105 107 108 110 112 113 114 115 116 117 118 120 124 125 127 131 132 133 136 140 141 142 143 147 148 149 150 152 154 155 156 159 161 162 163 164 165
15 129 : 0 4 5 6 7 8 9 10 12 13 14 15 16 17 18 20 21 22 23 24 25 26 27 28 29 30 31 32 33 34 35 36 37 39 41 42 43 44 45 46 47 48 49 50 52 54 55 56 59 61 62 65 66 67 68 70 71 72 73 74 75 76 77 79 80 81 82 83 85 87 88 89 90 92 93 96 97 98 99 101 102 103 104 105 106 108 109 110 111 113 114 116 117 118 119 121 122 123 124 126 128 130 131 133 134 135 136 137 138 139 142 143 144 145 146 147 149 150 151 152 153 154 155 157 158 161 163 164 165
16 105 : 0 2 3 4 5 6 7 10 11 12 14 16 17 18 19 20 21 23 25 26 29 30 32 35 37 38 39 40 41 43 44 45 46 48 50 51 52 53 54 56 57 60 61 63 65 68 69 70 71 72 75 77 78 79 81 82 83 88 89 91 92 95 96 98 99 100 102 103 106 107 109 110 112 113 114 115 117 118 120 121 122 124 127 129 131 133 135 138 141 143 145 146 147 148 150 152 154 155 156 159 160 162 163 164 165
17 129 : 1 2 4 5 9 11 12 13 14 15 17 18 19 21 22 23 24 26 27 28 29 31 32 33 34 35 36 37 38 39 41 42 45 46 48 49 50 51 52 53 54 55 56 57 58 59 60 62 65 66 67 68 69 70 71 72 73 74 75 76 80 81 82 83 84 85 86 87 89 90 91 92 93 94 95 97 98 100 101 103 105 106 107 109 110 111 112 113 114 115 116 117 118 120 121 122 123 124 126 127 128 129 130 134 135 136 137 138 139 140 142 143 144 146 147 148 149 151 152 153 154 155 156 157 158 159 160 161 164
18 129 : 1 6 7 8 10 11 13 14 15 16 17 18 19 20 21 22 23 25 26 27 28 29 31 32 33 34 35 36 37 38 39 40 42 43 44 45 48 49 50 51 52 53 54 55 56 57 58 59 61 62 65 66 67 69 70 73 74 75 78 79 80 83 84 85 86 87 89 90 91 92 93 94 95 96 97 98 99 100 101 102 103 105 106 107 108 109 110 111 112 113 114 115 116 118 119 120 121 122 123 125 126 128 129 130 131 134 136 137 138 139 140 142 145 146 147 148 149 150 151 154 155 156 157 158 159 161 162 164 165
19 129 : 0 1 2 3 4 5 7 8 9 10 11 12 13 14 15 16 17 18 19 20 21 22 23 24 25 26 27 28 29 30 31 32 33 35 36 37 38 39 42 43 44 45 46 47 48 49 51 52 54 56 58 59 60 62 63 65 67 68 69 70 71 73 74 75 77 79 80 83 84 85 86 87 91 92 93 95 96 97 98 99 101 102 103 106 108 109 110 111 113 117 118 120 122 123 124 126 127 128 129 130 131 132 134 135 136 137 139 140 141 142 143 144 146 147 148 149 150 151 152 153 154 155 157 158 159 160 161 164 165
20 128 : 0 1 2 3 6 7 8 9 10 11 12 13 14 15 16 17 18 19 21 22 23 24 25 27 28 29 31 32 33 34 35 36 37 38 39 40 42 43 44 45 47 49 50 51 53 54 55 56 58 62 64 66 67 68 70 71 73 74 75 76 77 78 80 81 82 83 84 85 86 87 89 90 91 92 93 94 98 99 100 101 102 106 107 108 109 110 112 113 114 116 119 120 121 122 123 124 125 126 127 129 130 132 133 134 135 136 137 138 139 140 142 144 145 146 147 148 149 151 152 153 154 155 156 157 159 160 161 164
21 129 : 1 2 4 7 8 9 10 12 14 15 17 18 20 21 22 23 25 26 27 28 29 30 31 32 33 34 36 37 38 39 40 41 42 44 45 46 48 49 50 53 54 55 56 57 58 59 60 61 63 64 65 66 67 69 70 73 74 75 76 77 78 81 82 83 84 85 86 87 88 89 91 92 93 94 95 96 97 98 100 101 102 103 105 106 107 108 109 111 113 114 115 116 117 118 119 120 121 123 124 126 128 129 131 134 135 136 137 138 139 140 141 142 144 145 146 147 148 149 150 151 152 157 158 159 160 162 163 164 165
22 129 : 0 1 2 3 4 5 7 11 12 13 14 16 17 18 19 22 23 24 26 27 29 32 33 34 35 36 37 38 39 42 43 44 45 47 48 49 50 51 52 53 55 57 58 59 60 61 62 63 65 66 67 68 69 70 72 73 74 77 78 79 84 85 86 87 89 90 91 92 93 94 95 96 97 99 101 104 105 106 107 108 109 110 111 112 113 114 115 116 117 119 120 121 123 124 125 126 128 129 130 131 132 134 135 136 138 139 140 141 142 144 145 146 147 149 150 151 152 153 154 155 156 157 159 160 161 162 163 164 165
23 98 : 0 2 3 6 9 10 11 12 15 16 17 18 20 21 22 23 25 27 30 31 35 37 39 41 42 43 44 46 47 48 50 51 54 56 57 59 60 61 67 68 69 70 72 73 74 75 77 78 79 80 82 84 85 88 89 90 92 94 95 96 97 102 104 105 106 107 110 113 114 115 117 118 120 121 125 126 127 128 131 133 134 136 138 141 145 146 147 148 150 153 154 155 156 158 160 162 163 165
24 129 : 1 2 4 5 6 7 8 9 10 12 13 14 15 16 17 18 19 21 22 23 24 26 28 29 30 31 33 34 37 39 40 41 42 44 45 46 47 49 50 53 54 55 56 57 59 60 62 63 64 66 67 68 70 71 72 73 74 75 76 77 81 82 83 84 85 86 87 90 91 92 93 94 97 98 99 100 102 103 104 105 107 109 111 113 114 115 116 118 119 121 122 123 124 126 127 128 129 130 131 132 133 134 135 136 137 138 139 140 141 143 144 145 146 147 148 149 150 151 152 153 154 155 158 159 160 161 162 163 165
25 129 : 1 2 3 5 6 7 8 9 10 11 13 14 15 17 18 21 22 24 25 26 27 28 29 31 32 33 34 35 36 37 38 39 44 45 46 48 50 52 53 54 55 56 57 58 59 60 61 62 63 64 66 68 69 70 71 72 73 74 75 76 78 80 81 83 84 85 86 87 89 90 91 92 93 94 95 96 97 98 99 100 104 105 106 108 109 111 112 113 115 116 117 118 119 120 121 122 123 126 127 130 131 132 133 134 135 136 137 138 139 140 142 143 144 146 148 149 150 151 152 155 156 157 158 159 160 161 162 163 165
26 128 : 1 2 4 5 6 7 8 9 10 12 14 15 16 18 19 20 21 23 25 26 27 28 29 31 32 34 36 37 38 39 41 42 44 45 46 47 48 49 50 51 52 53 55 58 61 62 64 65 66 67 68 69 70 71 72 73 74 75 76 78 79 80 83 84 85 86 87 88 89 90 91 92 93 94 95 96 97 98 99 100 101 102 104 105 106 108 109 110 111 112 113 115 116 119 120 121 123 125 126 128 129 130 132 133 134 135 136 138 139 140 141 142 144 145 146 149 150 152 153 154 155 156 157 161 162 163 164 165
27 100 : 0 1 2 3 5 6 7 10 11 12 15 16 17 20 21 22 23 24 25 26 27 28 30 35 36 39 41 43 44 46 48 51 52 54 55 56 57 59 60 61 63 64 65 67 68 69 70 72 73 74 75 77 78 79 82 83 84 85 89 90 93 96 98 99 100 101 102 103 105 115 117 118 120 122 123 124 125 127 131 133 136 138 139 140 141 143 145 147 148 149 152 154 155 157 158 159 162 163 164 165
28 129 : 0 1 4 6 7 8 9 11 12 13 14 15 16 17 18 19 22 23 24 26 27 28 29 30 31 32 33 34 35 37 39 40 42 43 44 46 49 50 51 52 53 56 57 59 60 61 62 63 64 66 67 68 69 71 74 75 76 78 79 80 81 82 83 84 85 86 87 89 93 94 95 96 97 98 99 100 101 102 104 109 110 111 112 115 116 117 118 119 121 122 123 124 126 128 129 130 131 132 133 134 135 136 137 138 139 140 141 142 144 145 146 148 149 150 151 152 153 154 155 156 157 158 159 160 161 162 163 164 165
29 102 : 1 2 3 4 5 6 7 10 11 16 17 19 20 21 22 23 24 25 26 28 29 30 31 36 37 39 40 41 44 46 48 49 51 52 53 54 55 56 60 61 62 63 64 65 68 69 70 72 75 77 78 79 80 81 82 83 84 86 88 89 90 91 94 96 97 98 101 102 105 107 108 109 112 113 114 115 117 118 122 125 127 131 132 133 134 138 139 141 143 144 145 146 147 148 152 153 154 155 156 157 162 163
30 129 : 0 1 2 3 4 5 7 8 9 10 11 12 13 14 15 16 18 21 22 23 26 27 28 30 31 32 33 34 35 36 37 40 42 43 44 45 46 47 48 49 50 52 53 54 57 59 60 61 62 64 66 67 68 70 71 72 73 74 75 77 78 79 81 82 84 85 86 87 88 89 90 92 93 95 98 99 100 101 102 103 104 105 107 108 109 110 111 112 113 114 115 116 118 119 121 123 124 126 127 128 130 131 132 133 135 136 137 138 139 140 141 143 144 145 146 148 149 150 151 152 153 154 155 156 157 158 159 161 164
31 129 : 0 1 3 4 6 7 8 10 11 12 13 14 15 16 18 19 24 25 26 27 29 30 31 32 33 35 36 38 41 42 44 45 46 47 49 50 51 53 54 55 56 57 58 60 61 62 63 64 66 67 68 69 70 71 74 75 76 77 78 79 80 81 84 85 86 87 88 89 90 91 92 93 94 97 98 99 100 103 104 106 107 108 109 110 111 112 113 115 116 117 118 119 120 121 123 124 125 126 128 129 130 131 132 134 136 137 138 139 140 142 143 144 145 146 147 149 150 151 152 153 154 155 156 157 158 159 160 161 164
32 129 : 0 1 2 3 4 6 7 8 9 10 11 12 13 14 15 18 19 21 22 23 24 25 26 28 29 31 32 33 35 36 37 39 40 41 42 43 44 45 46 49 50 52 53 54 55 57 58 60 61 62 63 65 66 69 72 73 76 77 78 79 80 81 84 85 86 87 90 91 93 94 95 96 97 98 99 100 101 102 103 104 106 107 108 109 110 112 113 114 115 116 117 118 119 121 122 123 124 126 127 128 129 130 131 133 134 135 137 138 140 141 142 143 145 146 147 148 149 150 151 152 153 154 155 158 159 160 161 162 165
33 129 : 1 3 4 5 6 7 9 11 12 13 14 15 16 17 20 21 22 23 25 26 27 28 30 31 32 33 34 36 37 38 39 41 42 43 44 45 46 47 48 50 51 53 55 56 57 58 59 60 61 63 64 66 67 69 70 71 72 73 74 75 77 78 79 80 81 82 83 84 85 86 87 89 90 92 93 94 97 98 99 101 102 104 105 106 107 108 109 111 112 113 115 116 118 119 120 121 123 124 126 127 128 129 130 132 133 134 135 136 139 140 143 144 145 146 147 149 150 152 153 155 156 157 158 160 161 162 163 164 165
34 129 : 1 2 3 4 5 7 8 9 10 13 14 15 16 18 19 20 22 23 24 25 26 27 28 29 30 31 32 33 34 35 38 39 40 41 42 43 46 47 48 49 51 52 54 55 56 59 61 62 63 64 66 67 68 69 71 73 74 75 76 78 79 80 81 82 84 86 88 89 90 91 93 94 95 97 98 99 100 101 102 104 105 106 107 108 111 113 114 115 116 118 119 120 121 122 123 124 126 127 129 130 131 132 133 134 135 136 137 139 140 142 143 144 146 147 148 149 150 151 152 153 155 157 158 159 160 161 162 164 165
35 99 : 0 1 2 3 4 5 6 10 11 12 14 15 16 17 18 20 21 22 25 26 27 30 32 35 36 37 38 39 40 41 43 46 48 51 52 54 55 56 57 60 61 62 63 64 65 68 72 73 74 75 77 79 80 81 85 87 88 89 90 94 95 96 99 102 103 105 110 114 115 117 118 120 122 124 127 128 129 131 133 134 135 137 138 139 140 143 145 146 147 148 149 150 151 154 155 156 162 163 164
36 129 : 0 2 3 5 6 7 8 9 10 11 12 14 15 18 21 22 23 25 27 29 31 32 33 35 37 39 40 42 44 45 47 48 49 50 51 52 53 54 55 56 58 59 61 62 63 64 66 67 68 69 71 73 74 75 76 77 78 80 81 82 83 84 85 86 87 88 89 90 91 92 93 94 95 97 98 99 100 101 102 104 105 106 107 108 109 110 111 115 116 117 119 121 122 123 124 125 126 128 130 131 132 134 135 137 138 139 140 142 143 144 145 147 148 149 150 151 152 153 154 155 157 158 159 160 161 162 163 164 165
37 129 : 0 1 4 5 6 7 11 13 14 15 16 17 18 19 20 22 23 24 25 26 27 28 29 31 32 33 34 36 37 38 39 40 41 44 45 47 48 49 50 53 54 55 58 59 60 62 63 64 65 66 67 68 69 71 72 73 74 75 76 78 79 80 81 82 84 85 87 88 89 91 92 93 94 95 99 101 102 103 104 105 106 107 110 111 112 113 114 115 117 118 119 120 121 122 123 124 126 128 129 131 132 133 135 136 137 139 140 142 144 145 146 147 148 149 150 151 152 153 154 155 156 157 158 159 160 161 163 164 165
38 129 : 0 1 2 3 4 6 7 8 9 11 12 14 15 16 18 22 26 27 28 29 30 31 33 34 38 39 40 41 42 43 44 45 46 47 48 49 52 53 54 55 57 58 59 60 62 63 64 65 66 67 68 69 70 71 72 73 75 76 78 79 80 81 82 83 84 85 87 88 90 91 92 93 95 96 97 98 99 101 102 104 106 107 108 109 111 112 113 114 116 119 120 121 122 123 124 125 126 128 129 130 131 132 133 135 136 137 138 139 140 141 142 143 145 146 147 149 150 151 152 153 154 156 158 159 160 161 163 164 165
39 129 : 0 2 4 5 7 8 9 12 14 15 16 17 18 19 20 22 24 25 26 27 28 29 30 31 32 34 35 36 37 39 40 41 42 44 47 49 50 51 53 55 56 58 59 61 63 64 66 67 68 69 70 71 73 75 76 77 78 79 81 83 84 85 87 88 90 91 92 93 94 95 96 97 98 99 100 101 102 104 105 106 107 108 109 110 111 112 114 116 118 119 120 121 122 123 124 125 127 130 131 132 133 134 135 136 137 139 140 141 142 144 145 146 147 148 149 150 151 152 153 154 155 156 157 159 160 161 162 163 165
40 130 : 0 1 2 3 4 5 6 7 8 9 10 11 12 14 15 16 17 18 19 20 23 25 26 28 29 31 32 34 37 38 39 40 41 42 43 44 45 46 49 50 51 52 53 54 55 56 58 61 62 63 65 66 67 68 70 71 72 73 74 76 78 79 81 82 85 86 87 90 91 92 93 94 95 96 97 98 99 100 101 102 103 104 105 108 109 110 111 112 113 116 117 118 119 121 122 123 124 125 126 127 128 129 130 131 132 134 135 136 137 138 139 140 141 142 143 144 146 147 148 149 152 153 155 157 159 160 161 162 164 165
41 129 : 0 1 3 4 5 6 8 10 12 14 15 18 19 20 22 23 24 25 26 27 28 29 30 31 32 33 34 36 37 38 39 40 41 44 45 46 47 49 50 51 53 54 55 57 58 59 60 62 64 68 69 70 71 72 73 74 75 76 77 78 79 80 81 82 84 86 87 88 89 90 91 92 94 95 96 97 98 99 101 102 103 104 106 108 109 110 111 112 113 114 115 117 118 119 120 121 122 123 124 126 127 129 131 132 133 134 135 136 137 138 139 140 142 144 146 147 149 151 152 155 156 157 158 159 160 161 162 164 165
42 129 : 0 2 3 4 5 6 7 8 9 10 11 12 13 14 15 17 18 19 21 23 26 27 28 29 30 32 33 34 37 38 39 40 41 46 47 48 50 51 53 54 55 56 58 59 60 61 63 64 66 67 69 70 71 73 74 75 76 78 79 81 82 83 84 85 86 87 88 89 90 91 92 95 96 97 99 100 101 102 104 106 107 108 109 110 111 112 113 115 116 117 118 119 120 121 122 125 126 127 128 129 132 134 136 137 138 139 140 141 142 143 144 146 147 149 151 152 153 154 155 156 157 158 159 160 161 162 163 164 165
43 104 : 0 1 2 3 5 6 7 8 10 11 12 13 15 16 17 20 21 23 25 26 30 31 32 36 37 40 41 42 43 44 46 48 49 50 51 52 54 56 57 59 60 61 63 64 65 68 70 72 76 77 82 83 85 86 87 88 90 94 95 96 99 102 103 105 106 107 109 110 112 114 115 117 118 120 122 125 126 127 128 129 131 133 135 137 138 141 142 144 145 146 147 148 149 151 153 154 155 156 157 160 162 163 164 165
44 102 : 0 2 5 6 7 10 11 13 17 20 21 22 24 25 29 30 31 32 34 35 37 38 40 41 43 44 45 46 48 49 50 51 52 53 54 56 57 58 59 60 61 62 63 65 66 68 70 75 76 77 78 79 81 83 85 88 89 93 94 95 96 98 101 102 103 104 105 110 114 115 116 118 120 122 123 125 127 129 130 131 133 136 137 138 139 140 141 142 143 144 145 146 147 148 150 154 155 156 158 159 162 163
45 129 : 1 4 5 7 8 9 10 11 12 13 14 15 16 17 18 23 24 25 26 27 28 30 31 32 33 34 35 36 37 38 39 40 42 43 44 45 46 47 48 49 50 51 52 53 54 55 56 57 58 59 60 61 63 64 65 66 67 68 69 70 71 74 75 76 79 80 82 83 84 85 86 87 88 89 90 91 92 93 94 95 96 97 98 99 100 101 102 108 109 110 111 112 113 114 118 119 120 122 123 125 126 127 128 129 130 132 134 135 137 139 140 142 143 145 147 148 149 150 151 152 153 154 155 156 157 158 160 163 164
46 129 : 1 2 3 5 6 7 8 9 10 11 12 15 17 21 22 23 24 26 27 28 29 30 31 32 33 35 36 37 39 40 41 42 43 45 46 48 49 50 51 52 53 54 55 56 58 59 60 61 62 64 65 66 67 68 70 71 75 76 78 79 80 81 83 84 85 86 89 90 91 92 93 94 95 97 98 100 102 103 104 106 107 108 110 112 113 114 116 117 118 119 120 121 123 124 125 126 127 128 129 130 131 132 133 134 135 136 137 138 139 140 142 143 144 145 146 147 148 149 150 151 152 154 156 159 160 161 163 164 165
47 129 : 0 1 3 4 5 7 9 10 11 12 13 14 15 16 17 20 21 24 25 28 29 30 31 32 33 34 35 36 38 40 41 42 44 46 47 48 49 50 51 52 53 54 55 56 57 58 59 61 63 64 66 67 68 69 73 74 78 79 81 82 83 84 85 87 88 89 90 91 93 94 95 96 97 98 99 100 101 103 104 105 106 107 108 109 110 111 112 113 114 115 116 119 121 122 123 124 125 127 128 129 131 132 134 135 136 137 138 139 140 141 142 143 144 145 146 147 149 150 151 154 156 157 159 160 161 162 163 164 165
48 129 : 0 1 2 3 4 7 8 9 11 12 13 14 15 16 17 19 22 23 24 25 26 27 28 29 30 31 33 34 35 36 37 38 40 43 44 45 46 47 48 49 50 51 52 53 54 56 57 58 59 60 61 64 65 66 67 68 69 71 72 73 74 75 77 78 79 80 81 83 85 86 87 88 90 91 92 93 94 96 97 98 99 101 103 106 107 108 109 110 111 112 113 114 116 117 118 119 120 121 122 123 124 126 127 128 130 132 134 135 136 137 139 140 142 143 144 146 147 150 151 152 153 154 155 156 159 162 163 164 165
49 129 : 0 1 4 5 6 8 9 10 11 12 13 14 17 18 19 22 24 27 28 30 31 32 33 34 35 36 38 39 40 41 43 44 45 46 47 48 49 50 51 52 53 54 55 56 58 59 60 61 62 63 64 65 66 67 69 70 71 72 73 75 76 77 78 79 80 81 82 84 85 86 87 88 89 90 91 92 93 97 98 99 100 101 102 103 104 105 106 107 108 110 111 112 113 114 115 116 117 118 119 120 121 123 124 125 126 129 130 133 134 135 136 137 138 140 143 145 147 148 149 150 152 154 155 156 157 158 159 160 163
50 129 : 1 3 4 5 7 8 9 10 12 13 15 16 17 18 19 20 21 22 24 25 27 29 30 31 32 33 34 36 38 39 40 41 42 43 47 49 51 52 53 54 55 56 57 58 59 61 62 66 67 68 69 71 74 75 76 77 78 79 80 81 82 83 84 85 86 87 88 89 91 92 93 94 95 98 99 100 102 104 105 106 107 109 111 114 115 116 117 118 119 120 121 122 123 125 126 127 128 129 131 132 133 135 136 137 138 140 142 143 144 145 146 147 148 149 150 151 152 153 155 156 157 158 159 160 161 162 163 164 165
51 100 : 0 2 3 4 5 6 9 10 11 13 14 16 17 18 19 20 21 22 23 24 25 26 29 30 31 32 35 37 40 41 43 44 46 47 48 51 52 53 54 56 57 60 61 62 63 65 68 69 70 72 76 78 81 82 83 85 86 88 89 92 93 94 96 100 102 103 104 105 106 107 110 112 114 115 116 117 118 120 123 124 125 127 128 129 131 132 133 134 143 144 145 147 153 154 155 156 159 162 163 164
52 100 : 0 1 2 3 5 6 7 8 9 10 11 12 15 16 18 19 20 21 22 23 25 26 30 37 38 40 41 43 44 46 47 48 49 50 51 54 55 56 57 60 61 62 63 65 66 70 72 75 76 77 82 83 85 87 88 89 90 95 96 100 102 103 105 106 107 108 109 110 112 113 114 117 118 119 120 121 122 125 127 129 132 133 134 135 137 138 139 141 143 145 146 148 149 151 155 156 160 161 162 163
53 129 : 0 2 3 4 5 6 7 8 9 11 12 13 18 19 22 23 24 25 26 27 28 29 30 32 33 34 36 37 38 39 40 41 42 44 45 46 47 48 49 50 51 53 54 56 58 59 60 61 62 64 65 66 67 68 69 71 73 74 75 76 77 78 79 81 82 83 84 85 87 89 90 91 92 93 94 96 97 98 99 100 101 102 104 105 106 107 108 110 111 112 113 116 118 119 121 122 123 124 126 127 128 129 130 131 132 133 134 135 136 138 139 140 141 142 146 148 149 150 151 152 154 155 157 158 159 160 163 164 165
54 129 : 0 1 2 3 4 6 7 8 9 12 13 14 17 18 19 21 24 25 26 27 28 29 31 33 34 35 36 37 38 39 40 41 44 45 46 49 50 51 52 53 58 59 61 62 63 64 65 66 69 70 71 72 74 75 76 77 78 79 80 81 82 83 84 85 86 87 89 90 91 92 93 94 95 96 97 99 100 101 103 104 105 107 108 109 110 111 112 113 114 115 116 118 120 121 124 125 126 128 129 130 131 132 133 134 136 137 138 139 141 142 143 144 146 148 149 150 151 153 154 155 157 158 159 160 161 162 163 164 165
55 129 : 0 1 3 4 6 7 8 9 11 13 14 15 16 18 21 22 24 25 26 27 28 29 31 32 33 34 35 36 37 38 39 40 41 42 44 45 47 48 50 52 53 54 59 60 61 62 63 66 67 68 69 71 73 74 75 76 77 78 79 80 81 85 86 87 88 90 91 92 94 95 96 97 98 99 100 101 102 104 105 106 107 109 110 111 112 113 114 115 116 117 118 119 120 121 122 123 124 126 127 128 129 130 131 132 133 136 137 139 140 142 146 147 148 149 150 151 152 153 154 155 156 157 158 159 160 161 162 164 165
56 129 : 2 3 4 7 8 9 11 13 14 15 16 17 18 20 21 22 24 25 26 27 28 31 32 33 34 35 36 37 38 40 41 42 43 44 45 46 50 52 54 55 56 57 58 62 64 65 66 67 68 69 70 71 72 73 74 75 76 77 78 79 80 81 84 87 88 89 90 91 92 94 95 96 97 99 100 101 102 106 107 108 109 111 112 113 114 115 116 117 118 119 121 122 123 124 125 126 128 129 130 131 133 134 135 136 137 138 139 141 142 144 146 148 149 150 151 152 153 154 155 156 157 158 159 160 161 162 163 164 165
57 128 : 0 1 2 3 4 5 6 7 8 9 10 11 12 13 14 15 16 19 20 21 22 23 24 26 27 28 30 32 33 35 36 40 41 42 43 45 46 47 52 53 54 55 56 57 58 59 61 62 63 64 66 67 68 69 71 72 73 74 75 76 77 78 79 80 81 83 84 85 86 87 88 89 91 92 93 94 96 97 98 100 101 102 103 106 109 110 111 112 113 115 116 117 118 119 121 122 123 124 125 126 128 130 131 132 134 135 136 137 139 140 141 142 143 146 147 149 150 151 152 153 155 158 159 160 161 162 164 165
58 129 : 1 2 3 6 7 8 11 12 13 14 15 16 20 22 23 24 25 26 27 28 29 30 32 34 35 36 37 38 40 42 43 44 45 46 47 49 50 52 53 54 55 57 58 59 60 61 62 64 65 66 67 69 70 71 72 73 74 75 76 77 78 80 81 83 84 85 86 88 89 90 91 92 94 96 97 98 99 100 101 103 104 105 106 107 108 109 111 112 113 115 116 117 118 119 120 122 123 125 126 127 128 130 132 133 135 136 137 139 140 141 142 143 144 145 146 147 150 151 152 153 155 157 158 159 160 162 163 164 165
59 129 : 1 3 4 6 7 8 9 11 12 13 15 18 19 20 21 22 24 25 26 27 28 31 33 36 38 39 40 42 43 44 45 46 49 51 52 53 54 55 57 58 59 60 61 62 63 64 65 67 68 69 70 71 72 73 74 75 76 78 79 80 81 82 83 85 86 87 88 89 90 91 92 93 94 96 98 99 100 101 102 104 105 106 108 109 112 113 114 116 118 119 120 121 122 123 124 125 126 127 128 129 130 132 133 134 135 136 137 138 139 140 142 144 146 147 149 151 152 153 154 155 156 157 158 159 160 161 163 164 165
60 129 : 0 1 3 5 7 8 9 10 11 13 16 17 18 19 20 21 22 25 28 29 30 32 34 35 36 37 38 39 40 41 42 43 44 45 46 47 48 49 51 52 53 54 55 56 57 58 59 61 62 64 67 68 69 70 71 72 73 75 76 77 78 79 80 81 82 84 85 86 88 89 90 91 92 93 94 95 96 97 99 100 101 103 104 106 108 109 111 112 113 115 116 119 120 121 122 123 125 126 129 130 131 132 133 134 135 136 137 138 139 140 142 143 144 146 147 148 149 152 153 155 156 157 158 159 160 161 162 163 165
61 128 : 0 2 3 4 5 6 7 8 9 10 11 12 13 14 15 16 18 19 20 21 23 24 26 27 28 31 33 34 35 37 38 41 42 43 44 45 47 49 50 51 52 54 57 59 60 61 62 63 64 65 66 67 69 70 71 72 73 74 78 80 81 82 83 84 85 86 87 89 90 91 92 93 94 95 96 97 98 99 100 103 104 105 107 108 109 110 113 115 116 117 119 120 122 124 126 128 129 130 131 132 134 135 138 139 141 142 143 144 146 147 148 149 150 151 152 153 154 155 156 157 158 159 160 161 162 163 164 165
62 129 : 0 1 3 4 5 6 7 8 9 11 14 15 16 18 19 20 21 22 23 24 25 26 27 28 29 31 32 33 34 35 36 38 39 40 41 42 43 47 48 49 50 51 52 53 55 56 58 59 64 65 66 68 69 70 71 72 73 74 75 76 77 78 79 80 83 84 85 86 87 88 90 91 92 93 94 96 97 98 99 100 102 103 104 105 106 107 108 110 111 112 114 115 116 117 119 122 123 124 125 126 127 129 130 132 135 136 137 139 140 142 144 145 146 148 149 150 151 152 153 155 157 158 159 160 161 162 163 164 165
63 101 : 0 2 5 6 7 10 11 12 13 15 16 17 18 19 20 21 23 24 25 27 28 30 31 32 34 35 36 37 40 41 42 43 44 46 47 48 49 51 52 53 54 56 57 60 61 63 65 66 68 72 74 75 78 79 82 83 86 88 89 90 93 94 95 96 97 99 102 103 105 110 114 115 116 117 118 120 123 124 125 126 127 128 131 133 135 138 141 143 144 147 148 150 151 154 155 156 159 162 163 164 165
64 129 : 1 2 3 4 5 6 7 8 9 10 11 13 14 15 16 17 19 22 23 24 25 26 27 28 29 30 31 32 33 34 35 36 37 38 42 43 46 47 49 51 52 53 54 56 57 58 59 60 61 62 63 64 65 66 67 70 71 72 73 74 75 76 77 78 79 81 82 84 85 87 90 91 92 93 94 95 97 98 99 100 103 104 108 109 110 115 116 117 119 120 121 123 124 125 127 128 129 130 131 132 134 135 136 137 139 140 142 143 144 145 146 147 148 150 151 152 153 154 155 156 157 158 159 160 161 162 163 164 165
65 101 : 0 3 5 6 9 10 11 13 16 17 20 21 22 25 27 29 30 33 35 36 37 38 39 40 41 44 45 46 48 50 51 52 53 54 56 58 60 61 63 65 68 70 72 74 75 76 77 80 82 83 87 88 89 90 92 93 94 95 96 97 98 100 101 102 103 105 106 107 108 110 114 115 117 118 120 121 122 125 127 128 130 131 133 135 138 141 142 143 145 147 148 149 152 154 155 156 159 162 163 164 165
66 129 : 0 1 2 3 4 5 6 8 9 10 11 12 13 14 16 17 18 19 23 24 25 26 28 29 30 32 33 34 35 36 37 38 39 41 42 43 44 45 46 47 49 50 52 54 55 56 58 59 60 62 63 66 67 68 69 71 72 73 74 75 76 77 79 80 81 82 83 84 85 86 87 88 89 90 91 93 94 95 97 98 99 100 101 105 107 108 109 110 112 113 114 115 116 117 119 120 121 122 124 126 127 128 129 130 131 132 133 134 135 136 137 139 140 141 142 143 144 146 150 151 152 153 155 157 160 161 163 164 165
67 128 : 0 1 2 3 4 5 7 8 9 11 12 13 14 15 16 17 18 20 22 23 24 26 27 28 29 31 32 33 34 35 36 37 38 39 40 41 42 45 47 49 50 51 52 53 55 56 58 62 63 64 66 67 69 71 72 74 75 76 77 78 79 80 81 82 83 84 85 86 87 91 92 93 96 97 98 99 100 101 102 103 104 105 106 107 108 109 110 111 113 114 115 116 118 119 121 122 123 124 125 126 128 130 131 132 133 135 136 137 138 140 143 144 145 146 147 151 152 153 154 155 156 157 159 160 161 163 164 165
68 99 : 1 2 5 6 10 11 12 15 16 17 18 20 21 23 25 26 28 30 33 35 37 40 41 43 44 46 47 48 50 51 52 54 56 57 58 59 60 61 63 65 67 68 74 77 79 82 83 85 87 88 89 90 92 94 95 96 99 100 102 103 105 107 110 112 113 114 115 116 117 118 120 122 124 125 127 129 131 133 137 138 139 141 142 143 145 148 149 150 154 155 156 157 158 160 161 162 163 164 165
69 129 : 0 1 2 4 5 6 7 8 9 12 13 14 17 19 22 23 24 26 27 32 33 34 35 36 37 38 39 41 44 45 46 47 48 49 50 51 52 53 54 55 56 57 58 59 60 61 62 63 65 66 67 68 70 71 73 74 75 76 77 78 79 81 82 83 84 85 86 88 89 90 91 92 93 94 95 96 97 98 99 100 101 102 103 105 106 107 108 109 111 112 113 114 115 116 117 118 119 122 123 124 125 126 127 129 130 132 133 135 136 137 139 140 143 144 145 146 148 149 151 152 153 156 157 158 159 161 162 163 165
70 128 : 1 2 4 5 6 7 8 9 11 12 15 16 17 19 20 21 22 23 25 26 27 28 29 30 31 33 34 35 36 37 39 41 42 43 45 47 49 50 51 52 53 55 56 57 59 60 61 62 64 65 66 67 69 71 72 73 74 75 76 77 79 80 81 82 83 85 86 87 88 89 91 92 93 94 95 96 98 99 100 101 102 104 106 108 109 111 112 114 115 117 119 120 121 122 123 124 126 127 128 129 130 132 133 135 136 137 138 139 140 141 143 144 145 147 148 149 150 151 152 153 154 156 158 159 160 161 164 165
71 128 : 0 1 2 3 4 5 6 7 9 13 15 16 17 18 19 23 24 25 26 27 28 29 30 32 33 34 36 37 38 39 40 41 43 45 47 48 49 50 52 53 54 55 56 57 58 59 60 63 64 66 68 69 70 74 75 76 78 79 80 81 82 83 85 86 87 89 90 91 93 94 95 96 97 98 99 100 101 103 104 105 108 109 110 113 114 115 116 117 118 119 121 122 123 124 125 126 128 129 130 132 133 134 137 138 139 140 141 142 143 144 145 148 149 150 151 152 153 154 155 156 157 158 159 160 161 162 163 165
72 129 : 0 1 2 3 4 5 8 9 10 11 13 14 15 16 17 18 23 24 25 26 27 28 29 30 32 33 34 35 36 37 38 39 41 42 43 44 45 46 48 49 50 52 53 54 56 58 59 60 61 62 64 68 69 70 71 73 74 75 76 77 79 80 81 82 83 84 85 86 88 89 91 92 93 94 95 96 97 98 99 100 101 102 103 105 106 107 108 109 110 111 112 113 115 116 119 120 121 123 126 127 130 132 133 135 136 137 138 139 140 142 143 144 145 146 149 150 151 152 153 155 156 157 158 160 161 162 163 164 165
73 129 : 0 1 2 3 4 5 8 9 11 12 14 16 17 18 19 20 21 22 23 24 26 27 28 29 31 32 33 34 36 38 39 40 42 43 44 47 49 50 52 53 54 55 57 58 59 63 64 67 68 69 70 71 72 73 74 76 77 78 79 80 81 83 84 85 86 87 89 90 91 92 94 97 98 99 100 101 102 103 104 106 107 109 111 113 115 116 117 120 121 122 123 124 125 126 127 128 129 130 131 132 133 134 135 136 137 138 139 141 142 143 144 145 146 147 148 149 150 151 153 154 155 157 158 159 160 161 162 164 165
74 128 : 0 2 4 7 8 9 10 11 13 14 17 18 19 21 22 24 27 30 31 32 33 34 35 36 37 38 39 40 42 43 44 45 46 47 48 49 50 53 55 57 58 59 60 62 64 65 66 67 69 70 71 72 73 74 75 76 78 79 80 81 82 84 85 86 87 88 89 90 91 92 93 94 95 96 97 99 100 101 102 104 105 106 108 109 111 112 113 114 115 116 118 119 121 122 123 124 126 127 128 129 130 131 132 134 135 136 137 138 139 140 141 142 143 144 145 146 149 153 154 155 157 158 159 160 161 162 163 165
75 129 : 0 1 2 3 4 5 6 8 9 10 11 12 13 14 15 19 22 24 26 28 29 30 32 33 34 35 36 37 38 40 41 42 43 44 45 46 47 48 49 50 51 53 54 55 57 58 60 62 63 64 67 69 70 71 72 73 74 75 76 77 78 79 80 81 82 84 85 86 87 88 90 91 93 94 96 97 98 99 100 101 102 104 106 107 108 110 111 112 113 115 116 117 118 119 120 121 122 123 124 125 126 128 129 130 132 134 135 136 137 139 140 142 144 146 147 148 150 151 153 154 156 157 158 159 160 161 163 164 165
76 103 : 0 2 3 5 6 9 10 11 12 15 16 17 20 21 22 23 24 25 27 30 34 35 36 37 38 40 41 42 43 44 45 46 48 49 51 52 54 56 57 59 60 61 63 68 69 71 72 73 77 78 82 83 85 87 88 89 90 91 95 96 97 100 101 102 103 104 105 106 107 108 110 111 115 116 117 118 120 121 122 125 126 127 128 131 133 136 137 138 141 143 145 146 147 148 150 155 156 157 158 162 163 164 165
77 128 : 0 1 2 3 5 7 9 11 13 14 15 18 19 20 21 22 24 27 28 29 30 31 32 33 34 35 36 38 39 40 41 42 43 44 45 46 50 51 52 53 55 56 57 58 59 60 61 62 64 65 66 67 69 71 74 75 76 78 80 81 82 83 84 85 86 87 88 89 90 91 92 94 96 97 98 99 100 101 102 103 104 105 106 107 109 110 111 112 113 114 115 116 117 119 121 122 123 124 126 127 128 130 131 132 133 134 136 137 138 139 142 144 145 150 151 152 153 154 156 157 158 159 160 161 162 163 164 165
78 129 : 1 2 4 5 6 7 8 9 10 11 12 13 14 15 16 17 18 19 20 21 22 23 26 27 28 29 30 31 32 33 34 35 36 38 39 40 41 42 44 45 47 49 50 52 53 54 55 56 57 58 59 60 62 63 64 65 66 67 70 71 73 74 75 76 77 78 79 80 81 86 87 88 89 90 91 92 93 94 95 97 99 100 101 102 103 106 107 109 110 111 112 113 116 119 120 121 123 124 126 127 128 129 130 131 132 134 135 136 137 140 142 143 144 145 147 148 150 151 152 153 154 157 158 159 160 161 162 164 165
79 129 : 0 1 3 4 5 6 7 8 9 10 12 13 14 16 17 18 19 20 21 22 24 25 26 27 28 29 30 31 32 33 34 35 36 38 39 40 41 42 46 47 49 50 52 53 54 55 56 58 59 60 61 62 63 64 66 67 68 70 71 72 73 74 75 76 78 80 81 83 85 87 88 89 90 91 92 96 97 98 99 100 101 103 104 105 106 107 108 109 110 111 112 113 115 116 117 121 122 123 124 127 128 130 132 133 134 135 136 137 138 139 140 142 143 144 146 147 148 150 151 152 153 154 157 158 159 160 161 163 165
80 129 : 1 3 4 5 6 7 8 9 10 11 12 13 14 15 16 17 19 20 21 22 23 24 26 27 28 29 30 31 32 33 35 36 37 38 39 41 42 43 44 47 48 49 50 51 52 54 55 56 57 58 59 61 62 64 65 66 67 72 73 74 75 76 77 78 79 81 82 83 84 86 87 88 91 92 94 95 97 98 99 100 101 102 103 104 105 107 108 109 110 113 114 115 116 119 121 122 123 124 125 126 127 128 130 131 134 135 136 137 138 139 142 143 144 145 146 149 150 151 154 155 156 158 159 160 161 162 163 164 165
81 129 : 2 4 5 7 8 9 10 11 13 15 16 17 18 19 20 23 24 25 26 28 29 30 31 32 34 35 36 38 40 41 42 43 44 45 46 47 48 50 52 54 55 56 57 58 59 62 64 65 66 67 68 69 70 72 73 74 75 77 78 79 80 81 82 83 84 85 86 87 90 91 92 93 94 95 96 97 98 99 101 102 103 104 105 106 107 109 110 111 113 115 116 117 118 120 121 123 124 125 126 127 128 129 130 131 132 134 135 136 137 138 140 142 143 146 147 148 153 154 155 156 157 158 159 160 161 162 163 164 165
82 128 : 0 1 2 3 4 7 8 9 10 11 12 13 14 15 16 17 18 19 21 22 23 24 25 26 28 29 30 31 32 33 34 35 37 38 39 40 41 42 43 45 47 48 49 51 53 55 57 58 61 62 64 65 66 67 68 69 70 71 73 74 76 77 78 79 80 81 82 83 84 86 87 88 91 92 93 95 96 97 98 99 100 101 102 103 105 106 107 108 109 110 111 112 113 114 115 117 119 122 123 124 126 128 129 131 132 134 136 137 138 140 141 142 143 144 146 148 149 150 151 152 153 155 157 158 159 161 162 165
83 129 : 0 1 4 5 6 8 9 11 12 13 15 16 17 19 20 22 23 24 25 27 28 29 31 32 33 34 35 36 37 38 40 41 43 44 45 48 49 50 51 52 53 54 55 56 57 58 59 60 61 62 63 64 65 66 67 68 69 70 71 72 73 74 75 76 78 79 80 81 82 85 87 88 89 90 92 93 94 96 97 98 99 100 101 102 104 105 106 108 109 110 111 113 114 115 116 117 118 122 123 124 125 126 127 128 129 130 134 135 136 137 138 139 140 142 143 144 146 147 149 150 152 153 154 155 156 157 159 162 165
84 103 : 0 2 3 4 5 6 7 8 10 11 15 16 17 19 21 23 25 26 27 29 30 31 34 35 36 37 38 39 40 41 43 44 46 48 50 51 52 55 56 57 58 60 61 63 65 68 70 71 72 77 79 82 83 84 85 86 88 89 93 94 95 96 101 102 103 104 105 107 109 110 111 112 113 115 117 118 119 120 121 122 125 127 129 131 132 133 134 138 140 141 142 143 147 148 149 151 154 155 156 158 162 163 165
85 129 : 1 2 3 5 7 8 10 12 13 14 15 17 18 19 20 22 23 24 25 26 27 28 29 31 32 33 35 36 37 38 39 40 41 42 43 45 46 48 49 52 53 54 55 57 58 59 60 61 62 63 65 66 67 68 69 71 72 73 74 76 77 78 79 80 81 82 83 84 85 86 87 88 89 91 92 93 96 97 98 99 100 101 102 105 106 107 108 109 111 112 115 117 119 121 122 123 124 128 129 130 132 133 134 135 136 138 139 140 141 142 143 144 145 146 147 149 150 151 153 154 155 156 157 158 160 161 163 164 165
86 128 : 0 1 3 4 5 11 12 13 14 15 16 19 20 21 22 24 25 26 27 29 31 32 33 34 35 36 37 38 39 40 42 45 46 47 48 49 50 51 53 54 55 56 57 58 59 61 62 63 64 67 69 70 73 75 76 77 78 79 80 81 82 83 84 85 86 88 89 90 91 92 93 94 95 96 97 98 99 100 101 102 103 105 106 109 110 111 112 113 115 117 118 119 121 122 123 124 126 128 129 130 132 133 134 135 136 137 138 140 141 143 144 145 146 147 148 150 151 152 153 154 156 157 158 160 161 163 164 165
87 129 : 0 1 2 4 5 6 7 8 11 12 13 14 15 16 17 19 20 22 23 24 26 27 28 29 30 31 33 34 35 36 37 38 39 40 41 45 46 47 48 49 50 52 53 56 57 58 59 60 61 62 63 64 65 66 67 68 70 72 74 75 76 77 78 79 80 81 82 83 84 85 86 87 89 91 92 93 94 95 96 97 99 100 101 102 103 104 106 107 108 109 113 115 116 118 119 120 121 122 123 124 125 126 129 130 131 132 133 134 135 136 137 138 139 140 143 146 147 149 150 151 152 154 155 159 160 161 162 163 164
88 105 : 0 1 2 3 5 6 7 10 11 13 15 16 17 21 23 25 27 29 30 31 32 33 36 37 38 39 40 41 42 43 44 46 48 49 50 51 52 54 57 60 61 63 65 66 68 70 72 76 77 81 82 83 84 88 89 93 95 96 97 100 101 102 103 104 105 106 107 109 110 111 112 114 115 116 117 118 120 121 124 125 127 129 130 131 132 133 137 138 139 141 143 144 145 146 147 148 149 152 154 155 156 157 159 162 163
89 128 : 0 1 2 3 4 5 6 7 8 9 10 11 12 13 14 15 17 19 20 21 23 24 26 27 28 29 30 31 32 33 34 35 36 37 40 42 43 45 46 47 48 50 52 53 54 55 56 57 59 61 62 64 65 66 67 68 71 72 73 74 75 77 78 79 80 82 83 84 89 91 92 93 95 96 97 100 102 103 104 106 108 110 111 112 113 114 115 116 117 118 119 120 121 122 123 124 125 126 127 128 129 130 132 134 135 136 137 138 139 140 141 142 143 145 146 149 151 153 155 157 158 159 160 161 162 163 164 165
90 103 : 0 1 2 3 5 6 7 8 10 11 12 13 14 16 17 20 21 22 23 25 27 30 31 34 35 36 37 40 41 43 45 46 48 51 52 53 55 56 57 60 61 62 63 64 65 66 68 69 70 72 73 75 77 79 80 82 83 88 89 90 91 93 95 96 98 99 102 103 104 105 106 107 109 110 114 115 117 119 120 121 122 124 127 130 131 138 141 142 143 145 146 147 148 150 151 152 155 156 157 159 160 162 163
91 129 : 0 1 4 6 7 8 9 10 12 13 15 16 17 18 20 21 22 23 24 26 28 29 30 32 33 34 35 37 38 39 42 43 45 46 48 49 50 51 53 55 56 59 60 62 63 64 65 66 67 68 69 70 71 72 73 74 75 76 77 78 79 82 83 84 85 86 87 88 89 92 93 95 96 98 99 100 101 104 105 106 107 109 110 111 112 113 115 116 117 118 120 121 122 123 124 125 126 127 128 130 133 135 136 137 139 140 141 142 143 144 145 146 147 148 150 151 152 153 154 155 156 157 158 159 161 162 163 164 165
92 101 : 2 3 4 5 6 7 8 10 11 14 16 17 19 20 21 23 24 25 27 28 30 31 38 40 41 44 45 46 47 48 51 52 53 54 56 57 60 61 62 64 65 67 68 69 70 72 74 76 77 80 82 83 86 88 89 90 92 95 96 98 102 103 104 105 107 110 111 113 114 115 116 117 118 119 120 121 122 126 127 128 129 131 133 135 138 139 140 141 143 144 145 147 148 151 154 155 156 157 162 163 165
93 129 : 0 1 4 6 8 10 11 12 14 16 17 19 20 21 22 23 24 27 28 29 30 31 32 34 35 36 37 38 39 41 43 44 45 47 49 50 51 53 55 56 58 60 61 62 64 65 66 67 68 69 70 71 72 73 74 75 77 78 79 80 81 83 84 85 86 87 89 90 91 92 93 94 96 97 98 99 100 101 104 105 106 107 108 109 110 111 112 115 116 117 119 120 121 122 124 125 126 127 128 129 130 131 132 134 135 136 137 138 139 140 142 144 145 146 148 149 150 151 153 154 156 157 159 160 161 162 163 164 165
94 129 : 0 1 2 4 6 7 8 9 10 11 14 15 16 17 18 19 21 22 23 24 26 27 28 30 31 32 33 34 35 36 38 39 40 42 44 45 46 47 48 49 51 52 53 54 55 56 57 58 59 60 62 63 64 65 66 67 68 69 71 72 73 74 75 76 77 78 79 80 81 82 83 85 87 88 90 92 93 94 96 97 98 100 101 106 107 109 110 111 112 113 114 115 116 117 119 122 123 124 126 127 128 129 130 131 132 133 134 135 138 139 140 141 144 146 147 148 149 150 152 153 154 156 157 158 159 161 163 164 165
95 128 : 0 1 2 3 4 5 6 11 12 13 14 15 16 17 19 21 23 24 25 26 28 29 30 31 32 33 34 36 37 38 39 40 42 43 44 47 48 49 50 51 52 53 54 55 56 57 58 59 60 63 64 65 66 67 69 70 73 74 75 77 78 79 80 81 82 83 84 85 86 87 88 90 91 93 94 95 97 98 99 100 102 103 104 105 106 107 108 109 112 114 115 116 117 118 119 120 122 123 124 126 129 130 131 132 133 134 135 136 139 140 141 143 144 145 148 150 151 152 153 154 155 156 157 160 162 163 164 165
96 98 : 0 2 3 5 6 8 9 10 11 12 16 17 18 20 21 22 23 25 26 27 29 30 31 33 34 35 36 37 39 43 44 45 47 48 49 51 52 54 56 57 59 60 61 63 64 65 68 69 70 73 74 77 83 86 88 89 90 91 95 96 97 100 102 103 104 105 107 110 112 114 115 117 118 119 120 121 122 123 125 126 127 129 130 131 132 133 139 141 142 143 144 147 148 150 152 154 162 163
97 128 : 0 1 3 4 5 6 9 10 11 12 13 14 15 17 18 19 20 21 22 23 24 25 26 27 28 29 31 32 33 35 36 38 42 43 45 46 47 48 49 50 52 54 55 56 58 59 60 61 62 63 64 65 66 67 69 70 71 72 73 74 75 77 78 79 82 84 87 88 89 90 92 93 94 97 98 99 100 101 102 103 104 106 107 108 109 110 113 114 115 116 118 120 122 123 124 125 126 128 129 130 131 133 134 135 136 138 139 141 142 143 145 147 148 149 150 151 152 153 155 156 157 158 159 160 161 162 164 165
98 128 : 0 2 3 4 7 9 12 13 14 15 16 17 18 21 22 23 24 25 26 27 28 29 30 31 32 34 35 36 38 39 40 41 42 43 44 45 47 49 50 51 52 53 55 56 57 58 62 64 65 66 67 68 69 70 71 74 75 76 77 78 79 80 81 83 84 85 86 87 88 92 93 94 95 96 97 98 99 100 101 102 104 105 106 107 108 109 110 111 112 113 114 116 117 120 121 122 123 124 126 127 128 129 130 131 132 133 135 138 139 142 145 146 148 149 150 151 152 153 154 157 158 159 160 161 162 163 164 165
99 104 : 0 1 2 3 4 5 6 9 10 11 12 13 14 16 19 20 21 22 23 25 26 30 31 33 34 35 37 40 41 43 44 46 47 48 52 54 55 57 58 60 61 63 64 65 67 68 69 70 72 75 76 77 78 79 82 83 88 89 94 95 96 97 102 103 104 105 106 107 110 111 112 114 115 116 117 120 123 125 126 127 128 129 130 131 133 135 137 138 139 140 141 142 143 144 145 147 148 152 154 155 156 160 162 163
100 128 : 0 1 2 4 8 9 10 12 13 14 15 17 19 20 22 23 24 25 26 27 28 29 31 32 33 34 35 36 37 38 39 40 41 42 43 45 47 48 49 51 52 53 55 57 58 59 60 61 62 63 64 65 66 67 68 71 72 74 75 76 77 78 79 80 82 83 85 86 87 88 90 91 92 93 94 96 97 98 100 101 103 104 107 108 109 110 111 112 113 116 119 120 121 122 123 125 127 128 130 131 132 134 135 136 137 138 139 141 142 143 145 146 148 149 150 151 152 155 156 157 158 159 160 161 162 163 164 165
101 128 : 1 3 4 6 7 8 9 10 12 13 14 15 16 17 18 19 20 22 23 24 26 27 28 29 31 32 33 34 35 36 38 39 40 42 45 46 47 48 49 50 51 52 53 55 56 57 58 59 60 61 62 63 64 65 66 67 68 69 70 73 74 75 78 79 80 81 82 84 85 86 87 89 90 91 92 93 96 97 99 101 102 103 104 105 107 109 110 111 112 113 114 116 117 118 119 120 123 124 125 126 127 128 130 132 133 134 135 136 138 139 140 143 144 145 146 147 148 149 150 151 153 154 158 159 160 161 164 165
102 129 : 0 4 5 6 8 9 10 11 12 13 14 15 16 17 18 19 20 21 24 25 28 29 30 31 32 34 35 36 39 40 41 42 45 47 49 50 51 53 54 55 56 57 58 59 60 61 62 63 64 65 66 68 69 70 71 72 73 75 76 78 79 80 81 82 83 84 85 86 87 88 89 90 92 93 96 97 98 99 100 101 102 104 105 106 108 109 110 111 112 116 117 119 120 121 122 123 124 125 126 128 129 130 131 132 133 134 135 136 138 139 140 142 144 146 147 148 149 150 152 153 154 157 158 159 160 161 162 163 165
103 128 : 0 1 2 4 5 7 8 10 11 12 13 14 15 18 19 20 22 23 25 26 27 29 30 31 32 33 34 35 36 38 40 42 43 45 46 47 48 49 50 55 57 58 59 60 61 62 63 64 66 67 68 70 71 72 73 74 75 76 77 80 81 82 83 84 85 86 87 88 90 91 92 93 94 95 96 97 98 99 100 101 103 106 108 110 111 112 113 114 115 116 117 119 121 122 123 124 125 126 128 129 130 132 134 135 136 140 141 142 143 144 145 146 147 149 150 151 152 153 156 157 158 159 160 161 162 163 164 165
104 129 : 0 1 2 4 6 7 8 9 10 11 12 13 14 16 17 18 19 21 22 23 24 25 26 27 28 29 30 31 32 33 34 35 37 38 39 40 41 42 43 44 45 46 47 48 49 50 52 53 54 55 57 58 59 60 62 64 66 68 69 71 73 74 75 76 77 78 79 80 81 83 84 85 86 88 90 92 93 94 95 96 97 98 99 100 101 102 103 104 105 106 108 109 111 112 113 114 116 118 120 121 123 125 129 130 131 133 134 135 136 137 138 139 140 141 142 143 144 146 148 151 152 153 156 157 158 161 163 164 165
105 129 : 1 2 5 6 7 8 9 11 13 14 15 16 17 18 19 22 24 25 26 27 28 29 30 31 32 33 34 35 36 37 39 42 43 44 45 47 49 50 52 53 54 55 57 58 60 61 62 63 64 66 67 68 69 72 73 74 75 76 77 78 79 80 81 82 83 84 85 87 88 90 91 92 93 94 95 96 98 101 103 104 105 106 107 108 110 111 112 113 114 116 117 118 120 121 122 123 124 126 127 128 129 130 132 133 135 137 138 139 141 143 144 145 146 147 149 150 151 152 153 154 156 157 158 159 161 162 163 164 165
106 129 : 0 1 2 3 4 5 6 7 8 9 12 13 15 16 17 18 19 20 22 25 26 27 28 29 31 32 33 34 35 36 38 40 41 42 44 45 46 48 49 53 54 56 57 58 59 60 61 62 63 64 66 67 68 69 71 72 73 74 76 77 78 79 80 81 82 83 84 85 86 87 88 89 90 91 92 93 94 95 96 97 100 101 102 103 104 106 107 109 111 112 113 115 117 119 120 121 122 124 125 126 127 129 130 133 134 135 137 138 139 140 141 143 144 146 148 149 150 151 152 153 154 155 156 157 158 160 163 164 165
107 129 : 0 1 2 3 4 7 8 9 11 12 13 14 15 18 19 21 22 23 24 26 27 30 31 32 33 34 35 38 39 41 42 43 44 45 46 47 49 50 51 52 53 54 55 56 58 59 60 62 63 64 66 68 69 70 71 72 73 74 75 76 77 78 79 80 81 82 83 85 86 88 89 90 92 93 94 95 96 97 99 100 101 102 103 104 105 106 108 110 111 112 114 115 116 117 118 119 120 121 123 124 126 127 128 129 131 132 134 135 136 137 138 140 141 142 144 147 148 149 150 151 152 153 155 156 158 160 161 162 165
108 128 : 0 1 2 4 5 8 9 11 12 13 14 15 16 17 18 19 20 21 22 24 25 26 27 28 29 30 31 32 33 34 35 36 37 38 39 41 42 43 45 46 48 50 52 53 54 55 56 57 58 59 61 62 63 65 67 69 70 71 72 73 74 77 78 79 80 81 82 84 85 86 87 88 90 91 92 93 94 96 97 98 99 100 101 104 105 106 111 112 113 114 115 116 117 119 120 121 124 126 127 128 130 131 132 134 135 136 137 139 140 143 144 145 146 147 150 151 152 154 155 156 157 158 159 160 161 163 164 165
109 128 : 0 1 2 6 7 8 9 10 11 12 13 14 15 16 17 18 19 20 22 23 24 25 27 28 29 30 32 33 34 35 37 38 39 42 44 45 46 47 48 49 50 51 53 54 55 56 57 58 59 60 61 64 65 66 67 68 69 70 71 72 73 74 75 78 79 80 83 84 86 89 91 92 93 95 97 98 99 101 102 103 104 105 106 108 109 110 111 112 113 114 116 117 119 120 121 122 125 126 128 129 130 131 132 133 134 135 136 137 138 139 140 143 145 146 147 149 150 152 153 154 155 157 158 159 160 161 163 164
110 128 : 0 1 3 4 5 6 10 12 13 14 15 16 17 18 19 21 22 23 24 25 28 29 30 31 32 34 35 36 38 39 40 42 46 47 50 51 52 53 54 55 57 58 59 60 61 62 63 64 65 66 67 69 70 71 73 75 76 77 79 80 81 82 83 84 85 86 87 90 91 92 93 94 95 96 97 98 99 100 101 102 104 105 106 107 108 109 110 111 112 113 114 115 116 117 118 119 121 122 125 126 127 128 129 130 131 134 136 137 138 140 141 142 143 144 147 149 150 151 152 153 155 156 157 158 159 161 164 165
111 104 : 0 2 3 4 6 9 10 11 15 16 17 19 20 21 23 24 25 27 30 33 36 37 39 40 41 43 44 46 47 49 50 51 52 54 56 57 60 61 63 65 67 68 70 72 73 76 77 80 81 82 83 84 86 88 89 92 93 95 96 102 103 105 106 107 109 110 111 112 115 117 118 119 120 122 124 125 127 128 130 131 133 134 135 136 137 138 139 140 141 143 145 147 148 152 153 154 155 156 158 160 162 163 164 165
112 129 : 1 2 3 5 6 7 8 9 10 11 12 13 14 15 17 18 19 20 22 23 24 25 26 27 29 30 33 36 37 38 39 41 42 43 45 49 50 51 53 54 56 57 58 59 60 61 62 63 64 65 66 67 69 70 71 74 77 78 79 80 81 82 83 84 86 88 89 90 91 92 93 94 95 96 98 100 101 102 103 104 105 106 108 109 111 112 113 114 115 116 117 121 122 123 124 125 126 127 129 130 132 134 135 136 137 138 139 140 141 142 143 144 146 147 148 149 150 151 152 153 155 156 157 159 160 161 162 163 164
113 128 : 1 2 3 4 5 6 7 8 9 12 13 15 16 18 19 20 21 22 23 24 25 26 27 28 29 30 31 33 34 36 38 39 40 41 42 44 45 46 47 48 49 50 51 52 53 54 55 56 57 60 62 63 64 65 66 67 68 69 70 71 72 73 75 76 79 80 81 83 85 86 87 88 89 90 91 92 93 94 95 97 98 100 101 102 103 104 107 108 109 111 112 113 114 116 118 119 121 124 125 126 127 128 130 134 135 136 137 138 139 140 142 143 144 146 148 149 151 152 153 154 156 157 158 159 162 163 164 165
114 129 : 1 3 4 5 6 7 9 10 11 12 13 14 15 16 17 18 19 20 21 22 24 25 26 27 28 29 30 31 32 34 36 38 39 40 41 42 43 44 45 46 47 48 50 52 53 54 55 57 58 59 60 61 64 66 67 68 70 71 74 75 76 78 80 81 82 83 84 86 87 88 89 90 91 92 93 94 97 98 99 101 102 103 106 107 108 109 111 112 113 115 116 117 120 121 122 123 124 126 127 128 129 130 131 132 135 137 139 140 142 143 144 145 146 147 149 150 151 152 153 154 156 157 158 159 160 161 162 164 165
115 102 : 0 2 3 5 6 8 11 12 13 14 16 17 20 21 22 23 24 25 27 30 31 35 37 39 40 41 43 44 45 46 48 50 51 52 53 54 56 57 58 59 60 61 63 64 65 67 68 69 70 72 73 77 78 83 88 89 91 93 94 95 96 97 102 103 105 106 107 108 110 112 114 115 117 118 120 122 123 124 125 127 128 129 131 132 133 136 138 141 142 143 145 146 147 154 155 156 157 159 160 162 163 164
116 128 : 0 1 2 3 4 8 9 10 11 12 13 14 15 16 17 18 19 20 21 23 24 27 28 31 32 34 35 37 38 39 41 42 43 44 45 47 48 49 50 51 52 53 54 55 59 60 61 62 63 64 65 67 68 69 70 73 74 75 76 77 78 79 80 81 82 84 85 86 88 90 91 93 94 95 96 97 98 99 100 102 103 104 105 106 107 108 109 110 111 112 114 115 116 117 119 120 121 122 123 124 125 128 129 130 132 133 134 135 137 139 141 142 144 145 148 149 150 152 153 156 157 158 159 160 161 163 164 165
117 100 : 0 1 2 4 5 6 7 8 10 11 16 18 20 21 23 24 25 27 30 32 33 35 37 38 40 41 42 43 44 46 47 48 52 54 55 56 57 59 60 61 62 63 65 66 68 69 70 71 72 73 75 77 79 80 81 82 83 84 88 89 92 93 95 96 97 99 102 103 104 105 107 108 111 114 117 119 120 123 125 127 129 131 132 133 137 138 140 141 143 144 145 147 148 150 154 155 156 157 162 163
118 129 : 0 1 2 3 4 5 8 9 10 11 12 13 14 15 16 18 19 21 22 24 25 26 28 30 31 32 33 34 36 39 41 42 43 44 46 47 49 50 51 53 54 55 57 58 59 60 61 62 63 64 66 67 68 69 70 71 72 73 74 75 77 78 79 80 81 82 83 84 85 86 87 88 90 92 93 94 99 100 101 102 103 107 108 109 110 111 112 113 114 115 116 117 118 119 121 122 123 125 126 128 129 130 131 132 133 134 135 136 137 139 140 142 143 144 146 147 148 149 150 151 152 153 155 156 158 159 161 163 165
119 128 : 0 1 2 3 4 5 6 8 9 10 11 12 13 14 16 17 18 19 21 22 23 24 26 27 28 29 30 31 32 33 34 35 36 37 38 39 40 42 43 44 45 46 47 49 50 53 54 55 56 57 58 62 64 65 66 67 69 70 71 72 73 74 75 76 77 78 79 80 82 83 84 85 86 87 88 89 91 92 93 94 95 97 98 99 101 102 107 108 109 112 115 116 117 119 120 121 124 126 127 129 130 131 132 133 134 135 136 139 140 142 143 146 147 149 150 151 152 153 154 156 157 158 159 160 161 163 164 165
120 128 : 0 1 2 3 4 5 7 8 9 10 11 12 13 14 15 16 18 19 20 21 22 23 24 25 26 28 29 31 32 33 34 35 37 39 40 42 43 44 45 46 47 49 50 51 53 55 56 59 61 62 64 65 66 67 69 70 73 74 75 76 78 79 80 81 82 84 85 87 88 89 90 91 92 93 94 95 96 98 101 102 103 104 105 108 110 111 112 113 115 117 118 120 121 123 124 126 127 128 129 130 132 133 134 135 136 137 139 140 141 142 143 144 146 149 150 151 152 153 155 157 158 159 160 161 162 163 164 165
121 128 : 0 1 4 5 6 7 8 9 11 13 14 16 17 18 19 21 23 24 25 26 27 28 29 30 31 33 34 35 36 37 39 41 42 44 45 46 48 49 50 51 52 53 54 55 56 57 58 59 64 65 66 67 70 71 72 73 74 75 76 77 78 79 80 81 82 84 85 86 87 89 90 91 92 93 94 95 96 98 99 100 101 102 104 106 108 110 111 112 113 114 116 117 118 119 121 122 123 126 127 128 129 130 131 132 133 134 136 137 139 140 141 143 144 145 148 149 151 153 154 155 157 158 160 161 162 163 164 165
122 128 : 0 2 4 5 6 7 8 9 10 11 12 13 14 15 16 17 18 19 21 22 23 24 25 26 27 28 29 30 31 32 33 35 36 38 39 42 44 45 46 47 49 50 51 52 53 55 57 58 59 61 62 63 64 65 66 67 69 70 71 73 74 77 78 79 80 83 84 85 86 87 88 92 93 94 96 98 99 100 101 103 104 105 107 108 110 111 112 113 114 117 118 120 121 122 123 124 126 127 129 130 132 133 135 136 137 138 140 141 143 144 145 146 147 148 149 150 151 152 155 156 157 158 159 161 162 163 164 165
123 128 : 1 3 4 5 6 8 9 10 11 12 13 14 15 16 17 18 19 21 22 23 26 28 29 31 32 34 35 38 39 40 44 46 49 52 53 54 55 58 60 61 62 63 64 65 66 67 68 69 70 71 74 75 76 77 78 79 80 81 82 83 84 85 86 87 88 89 90 91 92 93 94 95 96 97 98 100 101 104 105 106 108 109 110 112 113 116 117 118 119 120 121 122 123 124 126 127 128 129 132 134 135 136 138 140 141 142 143 144 145 146 148 149 150 151 152 153 154 155 156 157 158 159 160 161 162 163 164 165
124 103 : 0 1 2 3 4 5 6 8 10 11 12 13 15 17 18 20 21 23 25 28 29 30 31 33 34 37 38 40 41 43 44 45 46 47 51 52 53 54 56 57 59 60 61 63 65 66 68 70 72 75 77 79 81 82 83 86 87 88 89 90 93 95 96 97 102 103 104 105 106 107 108 109 110 111 114 115 117 118 120 122 125 127 128 129 131 132 133 135 138 141 145 146 147 151 152 153 154 155 156 157 161 162 163
125 104 : 0 2 3 4 5 6 8 9 10 11 15 16 17 20 22 23 26 30 31 32 35 36 37 38 40 41 43 44 46 47 48 51 52 54 56 57 58 60 61 62 63 65 67 70 71 72 75 76 77 80 81 82 83 84 85 86 87 91 92 93 94 95 96 97 100 102 103 104 105 106 107 109 110 113 114 115 117 118 119 120 121 124 125 127 128 129 131 133 134 138 141 142 143 145 147 148 154 155 156 158 159 161 162 163
126 129 : 0 1 2 3 4 5 7 8 9 10 13 14 15 16 17 18 19 21 22 23 24 25 26 28 29 30 31 32 33 34 36 38 39 40 41 42 43 45 48 49 50 51 52 53 56 58 60 61 62 63 64 66 67 69 70 71 72 73 74 75 76 78 79 80 81 82 84 85 86 87 89 90 91 92 94 97 98 99 100 102 103 104 106 108 109 110 111 112 113 114 116 117 118 119 120 121 124 125 126 128 129 130 131 132 134 135 136 137 139 140 141 142 143 144 146 149 150 151 152 153 155 157 158 159 160 161 162 164 165
127 128 : 0 1 2 3 4 6 7 9 12 14 15 18 19 21 22 23 24 26 27 28 29 31 33 34 35 36 37 38 39 41 42 44 47 48 49 50 53 54 55 58 59 60 61 62 63 64 65 66 68 69 70 73 75 76 78 79 80 81 82 83 84 85 86 87 88 89 91 92 93 94 95 96 97 98 99 100 101 102 103 104 105 106 108 109 111 114 115 116 118 119 120 121 122 124 125 126 127 128 129 130 131 132 134 136 137 139 140 141 142 143 144 146 148 149 150 151 153 154 155 156 157 158 159 160 161 163 164 165
128 128 : 1 2 3 4 5 6 7 9 10 11 12 13 14 15 16 17 18 19 20 23 24 25 26 28 32 33 34 37 38 39 41 43 45 46 47 48 49 51 53 54 55 56 57 59 60 63 64 67 69 70 71 72 73 74 75 76 77 78 79 80 82 83 84 85 86 87 88 89 90 91 93 94 95 97 98 99 100 101 102 103 104 105 106 107 108 110 111 112 113 114 117 118 119 120 121 123 124 125 126 127 128 129 130 132 134 135 136 137 138 139 142 143 144 145 146 147 149 150 151 152 153 156 159 160 162 163 164 165
129 127 : 0 1 2 4 5 7 9 10 11 12 13 14 16 17 18 19 20 21 22 23 24 25 26 27 28 31 32 33 35 36 37 38 39 42 43 44 45 46 47 49 50 51 52 53 54 55 57 58 59 62 63 65 66 67 68 69 70 71 74 75 76 77 78 79 80 82 84 85 86 87 88 89 90 91 92 93 95 97 98 99 100 104 106 107 108 109 110 111 112 113 114 115 116 117 118 119 122 123 124 126 127 128 129 131 134 138 139 140 142 143 144 145 146 150 152 153 154 155 156 157 158 160 161 162 163 164 165
130 128 : 0 2 3 4 5 6 7 8 9 11 12 13 14 15 16 17 18 19 20 22 23 24 25 27 28 29 30 33 34 35 36 38 39 40 41 42 43 44 45 46 47 48 49 50 51 53 54 55 56 58 59 60 61 62 63 64 65 66 67 69 71 72 75 76 78 79 81 82 83 84 85 86 87 88 90 91 92 93 95 96 97 98 100 103 104 105 106 108 109 110 111 112 116 117 118 119 121 122 125 126 127 128 129 130 132 134 135 136 137 138 139 140 142 143 144 145 147 149 150 151 152 156 157 158 159 160 161 165
131 105 : 0 1 2 3 4 5 6 8 9 10 11 12 15 16 17 20 21 22 23 24 25 27 29 30 32 34 36 37 40 41 43 45 46 48 51 52 53 54 55 56 57 60 61 62 63 65 69 70 72 73 74 77 78 82 83 88 89 90 91 95 96 98 101 102 103 104 105 107 110 111 113 114 115 116 117 119 120 122 125 127 128 129 130 132 133 134 135 137 138 141 142 143 144 145 147 148 150 153 154 155 156 157 159 162 163
132 128 : 1 2 3 4 5 6 7 8 9 10 13 14 15 16 17 18 19 20 21 22 23 24 26 27 28 30 31 32 33 34 35 36 37 38 41 42 43 44 45 47 49 50 51 55 56 57 60 62 63 65 66 67 68 69 70 71 72 73 74 75 76 80 81 82 83 84 87 88 89 90 91 92 93 94 95 96 97 98 99 100 101 105 106 108 109 110 111 112 113 115 116 117 118 119 120 121 122 123 124 125 126 130 132 133 134 136 137 140 142 143 144 145 146 149 150 151 153 154 155 156 157 158 159 160 161 162 164 165
133 128 : 3 4 7 8 9 11 12 13 14 15 16 18 19 20 21 23 24 26 27 28 29 30 31 32 33 35 36 39 40 42 44 45 46 47 48 49 50 51 52 53 55 56 57 58 59 60 62 63 64 66 67 69 71 72 73 74 76 77 78 79 80 82 83 84 85 86 87 89 91 92 93 94 95 97 98 99 100 101 102 103 104 105 106 107 108 109 112 113 114 115 116 117 118 119 120 121 122 123 124 125 126 127 129 131 132 133 134 135 137 138 139 140 142 143 144 146 149 151 152 153 154 155 157 158 161 162 163 164
134 127 : 0 1 2 3 4 5 6 7 8 9 10 12 13 14 15 16 19 20 21 22 23 25 26 27 28 29 30 31 33 34 35 36 37 38 40 42 44 46 47 48 49 50 51 53 54 55 56 58 59 61 62 63 64 65 66 67 68 70 71 72 73 75 78 79 80 81 83 84 85 89 90 91 92 93 94 95 96 97 100 101 103 104 105 106 107 108 110 111 112 113 114 116 117 119 122 124 126 127 128 129 131 132 133 134 135 136 137 139 140 142 144 146 147 148 149 150 151 152 153 155 157 159 160 161 163 164 165
135 128 : 0 1 2 3 4 5 6 7 8 9 10 11 14 15 18 19 20 21 22 23 24 25 27 29 30 31 32 33 34 35 36 37 38 39 41 42 43 44 46 47 49 50 52 53 54 55 57 58 59 60 61 62 67 68 69 70 71 73 74 75 76 78 79 80 83 84 86 87 89 90 91 92 93 95 97 98 100 101 102 104 106 107 108 109 111 112 113 114 115 116 117 118 119 122 123 125 127 128 130 131 132 134 135 136 137 138 139 140 141 142 144 146 147 148 149 150 151 152 153 154 157 159 160 161 162 163 164 165
136 102 : 0 1 2 3 5 6 8 9 11 13 14 16 17 19 20 21 23 25 28 30 32 33 34 35 39 40 41 43 44 47 48 50 51 52 54 56 57 59 60 61 63 65 66 67 68 70 72 77 79 82 83 86 88 89 90 91 92 93 94 95 96 99 101 102 103 104 105 106 107 110 114 118 119 120 124 125 126 127 129 131 132 133 136 139 140 141 143 145 146 147 148 149 152 154 155 156 160 161 162 163 164 165
137 128 : 1 2 5 8 9 10 11 12 13 14 15 17 18 19 20 21 22 23 24 25 26 27 28 29 31 32 33 34 36 37 38 39 42 43 46 47 48 49 50 51 54 55 56 57 58 59 60 61 62 64 66 67 68 69 70 71 72 73 74 75 76 77 78 79 80 81 82 83 84 88 90 91 92 93 98 99 100 101 102 103 104 105 106 108 109 110 111 112 113 115 116 117 118 119 120 121 122 123 124 125 126 128 130 132 133 134 135 136 137 138 139 140 141 143 144 145 146 150 151 152 153 157 158 159 161 162 164 165
138 128 : 0 1 2 4 5 7 8 9 10 12 13 15 16 18 20 22 25 26 27 28 30 32 33 34 35 38 39 40 42 43 44 46 47 48 49 50 51 53 54 55 56 58 59 60 61 62 63 64 66 67 68 69 70 71 73 75 76 77 78 79 80 81 82 83 84 85 86 87 88 90 91 94 95 96 97 98 99 100 101 102 104 106 107 108 110 111 112 114 115 117 118 119 120 121 122 123 124 125 126 128 129 130 132 133 134 135 136 137 138 139 140 142 144 146 147 148 149 150 151 152 153 155 157 158 159 160 161 163
139 128 : 1 2 3 4 5 7 8 9 11 12 13 14 15 17 18 19 22 24 26 27 28 29 32 33 34 35 36 37 38 39 40 41 42 43 45 46 47 49 53 54 55 56 58 59 60 61 62 63 64 65 67 68 69 71 72 73 74 75 76 77 78 79 81 84 86 87 88 89 90 91 92 93 94 95 98 99 100 103 104 105 106 107 108 109 111 113 114 115 116 118 120 121 122 123 124 126 128 129 130 131 132 133 134 135 136 137 138 139 141 142 144 146 148 149 151 152 153 154 155 156 157 158 159 160 161 162 163 164
140 101 : 0 2 3 5 6 7 10 11 12 14 17 19 20 21 23 25 26 28 29 30 31 33 36 37 40 41 43 44 46 47 48 49 50 51 52 53 54 55 56 57 60 61 63 64 67 68 69 70 77 81 82 83 85 86 87 88 89 90 91 93 95 96 98 99 102 105 107 110 113 114 115 117 118 120 121 127 129 131 132 133 134 135 136 137 138 140 141 143 144 145 147 151 152 154 155 156 157 158 159 162 163
141 128 : 1 2 3 6 7 8 9 10 11 12 13 14 15 16 17 18 19 20 22 24 26 27 28 29 31 32 33 35 36 38 39 41 42 43 44 45 46 47 49 50 51 52 53 54 55 57 58 59 61 62 63 64 65 66 68 69 71 72 73 74 75 76 77 78 80 81 83 84 85 87 90 91 92 93 95 96 97 98 99 100 102 103 104 105 106 107 108 112 113 114 115 116 118 119 121 122 123 124 125 126 128 130 131 132 133 134 135 136 137 138 139 141 142 143 144 146 149 150 153 155 156 157 160 161 162 163 164 165
142 128 : 0 1 3 4 5 6 7 8 9 11 12 13 14 15 17 18 19 20 23 25 26 27 29 35 36 37 38 39 41 42 43 44 45 47 50 51 52 53 55 56 57 58 61 62 64 65 66 68 70 71 72 73 74 75 76 77 78 79 80 81 82 83 84 85 86 88 89 90 91 92 95 96 98 99 100 101 103 104 105 106 107 108 112 113 114 115 116 117 118 119 121 123 125 127 128 130 131 132 134 135 136 137 139 140 141 142 143 144 145 146 147 148 149 150 151 152 154 155 156 157 158 159 160 161 162 163 164 165
143 103 : 0 2 3 5 6 7 8 9 10 11 14 15 16 17 20 21 22 23 24 25 27 28 29 30 32 33 34 35 36 37 38 40 41 43 44 46 48 49 51 52 53 54 55 56 57 60 63 64 65 66 67 68 70 71 72 76 78 82 86 87 88 89 90 92 95 96 98 100 103 105 107 110 111 114 115 116 117 118 119 120 127 128 131 132 133 134 137 138 139 141 142 143 145 146 147 148 150 154 155 156 160 162 163
144 103 : 0 1 2 3 5 6 10 11 12 15 16 17 19 20 21 22 23 25 27 29 30 31 35 37 39 40 41 43 44 46 47 48 51 52 53 54 55 56 57 58 59 60 61 63 65 66 68 70 72 77 78 80 82 83 84 86 88 89 91 92 95 96 99 100 102 103 104 105 107 108 110 111 112 114 115 116 117 118 120 122 123 124 125 126 127 130 131 134 136 138 140 141 143 146 147 148 151 154 155 156 159 160 162
145 128 : 0 1 4 5 6 7 8 9 10 11 12 13 14 16 17 18 19 21 22 23 24 25 26 27 28 29 30 31 32 33 34 35 36 39 40 41 42 43 44 45 47 48 49 50 51 52 53 54 55 58 59 63 64 67 68 69 70 71 72 73 74 76 78 79 80 81 84 85 86 87 88 89 91 94 95 96 98 99 100 101 102 105 106 107 108 110 112 113 114 116 118 119 123 124 125 126 127 128 129 132 133 134 135 136 137 138 139 140 141 142 145 146 147 148 149 150 151 153 154 155 157 158 159 160 161 162 164 165
146 128 : 0 1 2 3 4 5 6 7 10 11 12 13 14 15 16 17 18 20 21 22 23 24 25 27 28 33 35 36 37 38 39 41 42 43 45 47 49 50 51 52 53 55 56 57 58 59 60 61 62 63 66 67 68 69 70 71 73 74 75 76 77 78 79 80 82 83 84 85 87 90 91 94 97 98 99 100 101 102 103 104 106 108 109 110 111 112 113 114 116 117 120 121 122 123 124 125 128 129 130 131 132 133 136 137 139 140 141 142 143 144 145 146 147 148 149 150 151 152 153 155 156 157 158 159 161 162 164 165
147 100 : 0 2 3 5 6 7 10 11 16 17 18 19 20 21 22 23 25 27 28 30 32 34 35 37 38 40 41 42 43 44 46 47 48 49 50 51 52 54 56 57 58 60 61 64 65 68 70 71 72 73 76 77 80 82 83 88 89 90 92 93 94 95 96 100 102 103 105 106 110 112 114 115 118 120 122 125 127 130 131 133 137 138 139 140 141 142 143 144 145 148 149 152 154 156 157 158 161 162 163 164
148 128 : 1 2 4 5 6 7 8 9 10 12 13 14 15 16 17 18 19 20 21 22 23 24 27 28 29 30 31 33 34 35 37 39 40 41 42 43 44 45 46 47 48 49 50 51 53 55 57 58 59 60 62 63 64 65 66 67 68 69 71 72 73 74 75 76 78 79 80 81 82 83 84 85 86 87 91 92 93 94 97 98 99 100 101 102 103 104 105 107 108 109 111 112 113 114 115 116 117 118 119 120 122 123 124 126 127 129 130 132 135 137 138 139 140 142 143 144 145 147 148 150 152 156 158 159 160 161 164 165
149 127 : 0 1 2 3 4 5 6 7 9 11 12 13 14 16 17 18 19 20 22 25 26 27 29 31 32 34 35 36 37 38 39 40 41 42 44 46 47 48 50 51 52 53 54 55 56 57 58 59 60 61 62 63 64 65 66 67 69 70 71 72 73 74 75 76 78 79 81 82 83 85 86 88 89 90 91 93 94 95 96 97 98 100 101 102 103 104 105 106 107 108 109 111 112 113 115 116 120 122 123 124 126 127 129 133 135 136 137 138 140 141 142 143 146 147 148 149 150 151 152 153 154 158 159 160 162 164 165
150 99 : 0 2 3 4 5 6 9 10 11 12 15 16 17 19 20 21 22 23 24 25 26 27 30 31 32 34 35 36 37 40 41 44 46 49 51 52 53 57 58 60 61 62 63 64 65 67 68 69 70 76 77 78 79 82 83 88 89 93 95 96 97 99 102 103 104 107 108 110 112 113 114 115 116 117 118 120 121 124 125 127 131 133 135 137 138 141 143 144 145 147 148 149 150 152 154 155 156 162 164
151 98 : 0 2 3 5 6 7 8 10 11 12 16 17 19 20 21 23 25 26 27 29 30 33 34 36 38 40 41 43 44 45 46 47 48 51 52 54 56 57 59 60 62 63 65 68 70 72 73 75 77 80 81 83 87 88 89 90 94 95 96 101 102 103 105 107 108 110 111 114 115 116 117 118 119 120 127 129 133 134 135 137 138 141 143 144 145 147 148 149 153 155 156 158 159 160 162 163 164 165
152 128 : 0 1 2 4 5 7 8 11 13 14 16 17 18 19 20 21 22 23 26 27 28 29 30 31 32 33 35 36 37 38 40 41 42 44 45 46 47 48 50 51 52 53 54 55 56 57 58 59 61 62 63 64 65 66 67 70 71 72 73 74 75 77 79 80 81 82 83 84 85 86 87 88 89 90 91 93 94 96 97 98 100 101 102 103 104 106 107 109 110 111 112 113 116 117 118 119 122 123 124 125 126 130 131 133 134 135 136 138 140 143 145 146 147 150 151 152 153 154 155 156 157 158 159 161 162 163 164 165
153 128 : 1 2 3 4 6 7 8 9 10 11 12 13 14 15 16 17 18 19 20 21 22 23 24 25 27 28 29 30 31 32 33 35 38 39 40 41 42 46 47 48 49 50 51 52 54 55 56 57 58 60 61 62 63 64 65 66 69 71 73 74 75 76 77 78 79 81 82 84 85 86 87 90 91 92 93 94 95 96 99 100 103 104 106 108 109 111 114 115 116 117 118 119 121 122 123 124 125 126 127 128 129 130 131 133 134 135 137 138 139 140 142 144 146 147 149 151 152 153 154 155 156 158 159 160 161 162 163 165
154 128 : 1 2 4 5 6 7 8 9 12 13 14 16 18 20 21 24 25 26 27 28 29 31 32 33 34 36 38 39 40 44 45 46 47 48 49 50 52 53 54 56 57 58 60 62 63 64 66 67 69 70 71 72 74 75 76 77 78 80 81 82 83 84 85 86 87 88 89 90 91 92 93 95 96 97 98 99 100 101 103 104 105 106 107 108 109 110 111 112 113 117 118 119 120 121 122 123 124 127 131 132 133 134 135 136 137 138 139 140 141 143 144 145 146 147 148 149 150 151 153 154 155 156 157 158 159 160 163 164
155 128 : 1 2 3 6 7 8 9 11 12 14 15 16 17 18 19 20 22 29 30 31 32 33 34 36 37 38 39 40 41 42 43 44 45 46 49 50 52 54 55 57 58 59 60 61 62 63 64 65 66 67 68 69 70 72 73 75 76 77 78 79 80 81 83 84 85 86 87 88 89 90 91 92 94 95 97 98 99 100 101 102 104 106 107 108 109 112 113 115 116 118 119 121 122 123 124 125 126 128 129 130 131 132 134 135 136 137 138 139 141 142 143 144 146 147 148 149 150 151 152 153 155 156 157 158 159 160 163 165
156 102 : 0 2 3 4 5 6 7 8 10 11 14 15 17 19 20 21 22 23 25 26 27 30 34 36 37 40 41 42 43 44 46 47 48 51 52 54 55 56 57 60 61 62 63 64 65 67 68 70 72 75 77 79 81 83 84 86 89 92 95 96 97 98 99 101 103 105 107 110 114 115 116 117 118 119 120 122 123 124 125 127 130 131 133 134 136 138 140 141 143 145 147 148 151 153 154 155 156 157 158 160 162 163
157 128 : 1 3 4 5 6 8 9 12 14 15 18 19 20 21 22 23 24 26 28 29 30 31 32 34 35 36 37 39 40 41 45 46 47 48 49 51 52 53 56 57 58 59 60 61 62 63 64 65 66 67 70 71 72 73 74 75 76 77 78 79 80 81 82 84 86 87 88 90 91 93 96 97 98 99 101 102 103 104 106 108 109 110 111 112 113 114 115 116 117 118 119 120 122 123 124 126 128 129 130 132 133 134 135 136 137 138 139 140 141 142 144 146 148 149 150 151 152 153 154 155 156 157 158 159 160 161 162 164
158 128 : 0 1 2 3 4 5 6 7 8 9 10 11 12 13 14 15 16 18 19 20 21 22 24 26 27 28 32 33 34 37 38 40 42 43 45 47 48 49 53 54 55 57 58 60 61 62 63 65 66 67 68 69 70 73 74 75 76 78 79 80 81 82 83 84 85 86 87 89 90 91 93 94 95 96 97 98 99 100 101 103 104 105 106 107 108 109 112 113 115 116 118 119 121 122 123 125 128 129 130 131 132 133 135 136 137 138 139 141 142 143 144 145 146 147 148 149 150 151 152 153 155 156 157 158 159 162 163 165
159 128 : 1 2 3 4 6 7 8 9 10 12 14 15 16 17 18 20 21 23 25 26 27 28 29 30 31 32 33 34 35 37 38 39 40 41 42 45 46 47 48 50 51 52 55 57 58 59 61 62 63 64 65 67 69 70 73 74 75 76 77 79 80 81 83 84 85 86 87 89 90 91 92 93 94 95 96 97 98 99 100 101 103 104 107 110 112 113 116 117 119 120 121 122 123 124 125 126 128 129 130 131 132 133 134 136 137 138 139 140 141 142 144 146 147 148 149 150 151 152 153 155 157 158 159 160 161 162 163 165
160 128 : 1 3 5 7 10 11 12 13 14 15 16 17 18 19 23 24 26 27 28 29 30 31 32 33 34 35 39 40 41 43 45 46 47 48 49 50 52 53 55 56 58 59 60 61 62 63 64 65 67 69 70 71 72 73 75 76 78 79 80 83 85 86 87 88 89 90 91 92 93 94 97 98 99 101 102 103 104 105 106 108 109 110 111 112 113 115 116 118 120 121 122 123 124 127 128 129 130 131 132 133 134 136 137 139 140 141 142 143 144 145 146 147 148 150 152 153 154 155 156 157 158 159 160 161 162 163 164 165
161 128 : 1 2 3 4 5 6 7 8 9 10 11 12 13 15 16 18 19 20 21 22 24 25 26 28 30 31 32 34 35 36 38 39 40 42 43 45 46 47 48 49 50 51 55 58 59 60 61 62 63 64 66 67 68 69 71 72 73 74 75 76 78 81 83 84 85 86 87 90 91 92 93 94 97 98 99 100 101 102 104 105 106 107 108 109 110 111 112 113 114 115 116 117 118 119 121 123 124 125 126 128 129 130 131 132 134 135 136 137 138 139 141 142 143 144 146 147 151 152 153 155 156 157 158 159 160 161 162 164
162 128 : 0 1 2 4 5 7 8 9 10 11 12 13 14 15 16 17 19 20 21 22 23 24 26 27 28 29 30 31 32 33 34 36 37 38 39 41 42 47 48 50 51 52 53 55 56 57 58 59 60 61 62 64 66 67 69 70 71 72 73 75 76 77 78 79 80 81 83 85 86 87 88 89 91 92 93 94 95 96 97 98 99 100 101 104 105 106 107 108 109 110 112 114 115 116 117 119 120 121 122 123 124 126 127 128 130 131 132 133 135 136 137 139 141 142 143 145 149 151 152 153 156 157 158 160 162 163 164 165
163 128 : 0 2 3 4 5 6 7 8 9 10 11 12 13 14 15 17 18 19 21 22 24 25 26 27 28 29 30 31 32 33 35 37 38 42 43 45 46 47 49 50 51 53 54 55 56 57 58 59 60 61 62 64 66 67 68 71 72 73 74 75 76 77 78 79 80 81 82 85 87 88 89 90 91 92 94 95 97 102 103 104 105 107 108 109 110 111 112 113 114 115 116 117 118 119 120 121 122 123 125 126 127 129 130 131 132 135 136 137 139 140 142 144 146 147 150 151 152 153 154 156 158 159 160 161 162 163 164 165
164 128 : 0 1 4 5 6 7 8 9 10 11 12 14 15 16 17 18 19 22 23 24 25 28 29 31 32 33 35 36 37 38 40 41 42 44 45 47 48 50 51 52 54 55 56 57 58 59 60 61 63 64 65 67 68 69 70 71 72 73 74 75 76 77 79 80 83 84 85 86 87 88 89 90 91 92 94 95 96 97 98 99 101 103 104 106 107 108 109 111 112 113 115 117 118 119 121 123 124 125 128 130 132 133 134 136 137 138 139 140 141 142 143 145 146 147 148 149 150 152 154 155 156 157 158 159 160 163 164 165
165 128 : 1 2 3 4 6 7 8 9 10 11 12 13 14 15 18 19 20 22 23 24 25 26 27 28 29 30 32 33 35 37 38 41 42 43 44 45 46 47 48 50 51 52 53 55 56 58 60 61 63 64 66 67 68 69 70 71 72 73 75 77 78 79 80 81 82 83 84 85 86 87 88 91 92 93 94 95 96 97 98 99 100 101 102 103 105 108 109 110 111 112 113 114 116 119 120 123 124 126 127 128 129 130 131 132 134 136 137 139 140 143 144 146 147 148 150 151 152 153 154 157 158 159 160 161 162 163 164 165
166 128 : 0 1 2 3 5 6 7 9 11 12 14 15 18 20 21 23 24 25 26 27 28 29 30 32 33 34 35 37 38 39 41 42 43 45 47 48 49 50 52 53 54 55 56 57 58 59 62 63 64 65 66 67 69 70 71 72 73 74 75 76 78 79 80 81 82 83 84 87 88 91 92 94 95 96 98 99 100 101 102 103 104 105 108 109 110 111 112 113 114 116 119 121 122 123 124 125 126 127 128 129 130 131 132 133 134 137 138 139 140 141 142 143 144 146 147 148 149 150 151 152 156 157 158 159 160 161 164 165
167 128 : 0 1 2 7 8 9 10 12 13 14 15 17 18 19 20 21 22 23 24 25 26 27 28 29 30 32 33 34 35 36 38 39 40 41 43 44 45 46 49 52 53 55 56 57 60 61 62 63 64 65 67 68 69 70 71 72 73 74 75 76 78 80 81 84 85 86 87 88 91 92 94 95 96 97 99 100 101 102 105 106 107 108 109 110 111 112 113 115 117 118 119 120 121 122 123 124 126 127 128 129 133 134 135 136 138 139 140 141 142 143 144 145 146 147 149 151 153 154 155 156 157 158 159 160 161 162 164 165
168 98 : 0 1 2 3 5 6 10 11 13 15 16 18 20 21 22 23 24 25 28 30 34 35 36 37 38 40 43 44 45 46 47 48 49 51 52 53 54 55 56 57 58 59 60 61 63 64 65 66 69 70 71 72 73 74 76 81 82 83 84 85 88 89 91 95 96 103 105 107 108 110 112 113 114 115 117 118 120 125 131 133 134 137 138 142 143 144 145 147 149 152 153 155 156 158 160 162 163 165
169 127 : 1 2 4 5 6 7 8 9 12 15 16 18 19 20 21 22 23 25 27 29 30 31 33 35 36 37 38 39 41 42 43 44 45 46 47 50 51 55 57 59 61 62 63 64 66 67 68 69 70 71 72 73 74 75 76 79 80 81 82 83 84 85 86 87 88 89 90 91 92 93 97 98 99 100 101 102 104 105 106 107 108 109 110 111 113 114 115 116 117 118 119 121 122 123 124 125 127 128 129 130 132 133 134 135 136 139 140 141 143 144 145 146 149 150 152 153 154 155 156 157 158 159 160 161 162 163 165
170 102 : 0 1 2 3 4 5 6 7 8 10 16 17 20 21 23 24 25 26 27 30 33 34 36 37 38 39 40 41 43 44 45 46 48 49 50 51 52 54 56 57 59 60 61 62 63 65 66 68 70 71 72 75 76 77 78 82 83 84 87 88 89 90 91 93 94 95 96 98 101 103 105 107 108 110 112 113 114 117 118 120 123 124 126 127 128 131 132 133 134 138 140 141 142 143 145 147 155 156 160 161 162 163
171 128 : 1 2 3 5 6 7 9 10 11 12 13 14 15 17 19 20 21 22 24 25 26 27 28 29 30 31 32 33 34 35 36 37 38 39 40 41 42 43 45 47 49 50 51 52 53 54 55 56 58 59 61 64 65 66 67 69 71 72 73 74 76 77 78 79 80 81 82 83 84 85 86 89 90 92 94 95 96 97 98 99 100 101 102 104 106 107 108 109 110 111 112 113 114 115 116 118 119 121 123 124 125 126 127 129 130 132 135 136 140 141 142 144 145 147 149 150 152 153 155 156 157 158 160 161 162 163 164 165
172 128 : 0 1 4 6 7 8 9 10 11 12 13 14 15 16 19 20 26 27 28 29 30 31 32 33 34 35 36 38 39 40 42 43 45 46 47 48 49 50 51 52 53 57 58 59 61 62 64 65 66 67 69 71 73 74 75 76 77 78 79 80 81 82 83 84 85 87 88 89 90 91 92 93 95 96 97 100 101 102 104 105 106 107 109 110 111 112 113 116 119 120 121 122 123 124 126 127 128 129 131 132 133 134 135 136 138 139 140 142 143 144 145 146 147 149 150 151 152 153 154 155 156 157 158 159 160 162 164 165
173 128 : 1 2 4 5 6 7 9 10 11 12 16 18 19 20 21 22 24 25 26 27 28 29 30 32 35 36 37 39 40 41 42 44 45 46 47 48 49 50 51 53 55 56 57 58 61 62 64 65 66 67 69 70 73 74 75 76 77 78 79 80 81 83 84 85 86 87 88 90 91 93 94 96 97 98 99 100 101 102 104 105 106 107 109 110 111 112 113 115 116 117 119 120 121 122 123 125 126 127 128 129 130 131 132 134 135 136 137 139 140 142 143 144 145 146 147 148 149 151 153 155 156 157 158 159 160 161 162 165
174 128 : 0 1 2 3 4 5 6 8 9 10 11 13 15 16 18 19 20 23 24 25 26 27 28 29 32 33 34 35 38 39 40 41 42 45 46 47 48 49 50 51 52 54 55 57 58 59 60 61 62 65 66 68 69 70 71 73 74 75 76 78 79 80 81 82 83 84 85 86 87 89 90 91 92 93 95 96 97 98 99 100 101 102 103 104 108 109 111 112 113 114 115 116 117 118 119 120 121 123 124 126 127 128 131 132 133 134 135 139 141 142 143 144 145 146 147 148 151 152 153 155 156 157 158 159 160 161 162 163
175 128 : 0 1 2 5 6 7 8 9 12 13 14 15 16 17 18 19 20 22 23 24 27 28 29 30 31 32 33 35 36 37 38 39 42 43 45 46 47 48 49 51 53 55 57 58 60 61 62 63 64 65 68 69 70 71 72 73 74 75 76 79 80 81 82 83 84 85 86 87 89 90 91 92 94 95 97 98 101 103 106 107 108 109 110 112 113 114 116 117 118 119 120 121 122 123 124 126 127 128 129 130 131 132 133 134 135 136 137 138 139 140 141 142 143 144 145 148 149 151 152 153 156 157 158 159 160 161 163 164
176 128 : 1 2 3 4 5 6 7 9 12 14 15 16 17 18 19 21 22 24 25 26 27 28 29 30 31 32 34 35 36 37 38 39 40 42 44 46 47 48 49 52 53 54 55 58 59 60 61 62 63 64 65 66 67 68 69 70 72 73 74 76 77 80 81 82 84 85 86 87 88 89 90 91 92 94 95 96 97 98 101 103 104 106 107 108 109 110 111 112 115 116 117 118 119 121 122 123 124 126 127 129 130 131 132 133 135 136 137 138 139 140 141 142 143 144 145 146 150 151 152 153 154 156 159 160 161 162 164 165
177 128 : 1 2 5 6 7 8 9 10 11 12 13 14 15 16 17 18 19 20 21 24 25 26 27 29 31 33 35 36 37 38 39 40 41 42 43 44 45 46 47 49 50 51 52 53 54 57 58 59 60 61 64 65 67 68 69 70 71 72 73 74 75 76 77 78 79 80 82 83 84 85 86 87 89 91 92 93 94 96 97 98 99 100 101 102 104 105 106 107 108 111 112 113 114 115 116 117 118 119 120 121 123 124 126 128 131 132 134 135 136 137 138 140 141 143 145 146 147 149 150 152 155 156 157 158 160 162 163 164
178 106 : 0 2 3 5 6 7 8 10 11 13 16 17 20 21 23 24 26 28 30 35 36 37 40 41 43 44 46 48 50 51 52 53 54 56 57 59 60 61 63 65 66 68 70 72 73 76 77 78 81 82 83 85 86 88 89 90 91 94 95 96 98 100 102 103 104 106 107 108 110 113 114 115 116 117 118 120 121 123 125 126 127 128 130 131 133 134 138 140 141 142 143 145 147 148 151 152 154 155 156 157 158 159 160 162 163 164
179 128 : 1 2 3 4 6 7 8 9 10 11 13 14 16 18 19 20 21 24 25 26 27 28 29 30 31 32 33 34 35 36 37 38 39 40 42 43 45 48 51 53 54 57 58 59 60 62 63 64 66 67 68 69 71 73 74 75 76 77 78 79 80 82 87 89 90 91 92 93 94 95 96 98 99 100 101 102 103 104 105 106 107 108 109 110 111 112 113 114 116 117 119 121 122 123 124 126 128 129 130 131 133 134 135 136 137 139 140 141 142 143 144 145 146 147 148 149 150 151 152 153 155 156 158 160 161 163 164 165
180 102 : 0 2 3 5 6 9 10 11 12 13 15 16 17 18 20 21 22 23 25 26 32 34 37 39 40 41 44 46 47 48 49 50 51 52 54 56 57 60 61 63 65 67 68 70 72 73 76 77 79 82 83 84 87 88 89 94 95 96 97 98 99 100 102 103 104 105 107 109 110 114 115 117 118 120 121 123 124 125 127 128 131 134 135 137 138 140 141 142 143 144 145 146 147 148 150 151 154 155 156 162 163 165
181 128 : 0 1 2 4 6 8 9 10 12 13 14 15 16 17 18 19 20 21 22 24 26 27 28 29 30 31 32 34 36 37 38 40 42 43 44 45 46 47 48 49 50 51 54 55 59 60 62 63 65 66 67 69 70 71 73 74 75 76 77 79 80 81 83 85 87 88 90 91 92 93 94 96 97 98 99 100 101 102 103 104 105 106 109 111 112 113 114 116 117 118 119 120 122 123 125 126 127 128 129 130 131 132 133 134 135 136 137 138 140 141 142 143 144 146 147 148 149 150 151 152 153 155 157 159 160 161 162 165
182 104 : 0 1 2 3 4 5 6 9 11 13 16 19 20 21 22 23 24 25 30 31 33 37 38 40 41 43 44 45 46 48 51 52 53 54 55 56 57 58 60 61 63 65 67 68 70 72 74 77 78 79 81 82 84 86 87 88 89 90 93 94 95 96 97 100 102 103 105 106 107 108 109 110 112 114 115 116 117 121 122 123 125 127 128 129 131 133 134 136 139 141 143 144 145 147 148 152 154 155 156 160 161 162 163 164
183 102 : 0 2 3 5 6 7 8 9 10 11 14 16 17 20 21 22 23 24 25 28 30 34 35 36 37 39 40 41 42 43 44 45 46 48 49 51 52 53 54 55 56 57 59 60 61 63 64 65 66 68 70 72 73 76 77 80 81 82 83 88 89 93 95 96 98 99 104 105 108 110 113 114 115 117 120 125 126 127 128 129 131 133 134 135 136 138 139 141 142 143 145 146 147 148 149 154 155 156 159 160 162 163
184 128 : 0 1 2 3 4 6 7 8 9 11 12 13 14 15 16 18 20 21 22 24 25 26 28 31 32 33 34 35 37 38 40 41 42 45 46 47 48 49 50 51 52 53 54 55 56 57 58 59 60 62 63 64 66 69 70 72 73 74 75 76 77 78 79 80 81 82 84 85 86 87 88 89 91 92 93 94 95 98 99 100 101 104 106 107 108 109 111 112 113 115 117 118 119 120 121 122 123 124 125 127 128 129 130 131 132 134 135 138 139 140 143 144 145 146 148 149 150 151 152 153 155 156 158 159 161 162 163 164
185 99 : 0 2 3 5 6 10 11 12 13 16 17 21 23 25 26 28 30 31 33 35 37 39 40 41 42 43 44 45 46 48 51 52 55 56 57 60 61 62 63 64 65 66 68 69 70 72 74 76 77 78 81 82 83 84 86 88 89 90 95 96 97 98 99 100 102 104 107 110 113 114 115 117 118 120 124 126 127 128 130 131 133 134 138 140 141 142 143 145 147 148 153 155 156 157 158 160 162 163 165
186 128 : 1 3 4 5 6 8 10 11 12 13 14 15 17 18 20 21 22 23 24 25 26 27 29 30 31 32 34 35 36 37 38 39 40 41 42 43 45 47 48 49 50 51 52 53 55 56 57 58 59 62 63 64 65 67 68 69 70 71 74 76 77 78 80 81 82 83 84 85 89 90 91 92 93 94 96 97 98 100 101 102 104 105 107 108 109 110 111 112 113 114 118 119 120 121 123 124 128 129 132 133 134 135 136 137 138 139 140 141 142 144 145 146 148 150 151 152 154 155 156 157 158 159 160 161 162 163 164 165
187 128 : 0 1 3 4 6 7 8 9 10 13 14 15 17 18 19 20 21 22 24 25 26 27 28 29 31 32 34 35 36 37 38 39 41 42 43 44 45 48 49 50 51 53 54 55 56 58 59 60 61 62 63 64 66 68 69 70 71 72 73 74 75 76 80 81 82 83 84 86 87 88 89 90 91 92 93 94 95 96 97 98 99 100 101 103 104 105 106 107 108 109 110 111 112 113 115 116 117 118 119 120 121 122 123 124 125 126 127 128 129 130 131 132 134 136 137 140 141 142 144 146 149 150 153 156 158 160 161 163
188 128 : 0 5 6 8 9 12 13 15 16 18 20 21 22 23 24 25 26 28 29 31 32 33 34 35 36 38 39 40 41 42 43 45 46 49 50 51 52 53 54 55 57 58 59 60 61 62 64 65 66 67 68 69 70 71 72 73 74 75 76 78 80 81 82 83 84 85 86 87 88 90 91 92 93 94 96 97 98 102 103 104 107 108 109 111 113 115 116 118 119 120 121 122 123 124 125 126 127 129 130 132 135 136 137 138 139 140 141 142 143 144 145 146 147 148 149 150 151 152 153 154 155 156 157 158 159 160 161 163
189 128 : 0 1 2 3 4 8 9 10 13 14 18 19 20 21 23 24 25 26 27 28 29 30 31 32 34 35 36 38 39 40 42 45 46 47 48 49 51 52 53 55 57 58 60 61 62 63 64 65 67 68 69 70 71 72 73 74 75 76 77 79 80 81 82 84 85 86 87 88 89 90 91 92 93 94 95 96 97 99 101 103 104 105 106 107 108 109 110 111 113 114 115 116 118 119 121 122 123 125 126 127 129 131 132 133 135 136 137 139 141 142 143 145 147 148 149 150 151 152 153 154 155 156 159 161 162 163 164 165
190 101 : 0 2 3 5 6 7 9 10 11 13 15 16 17 18 19 20 21 22 23 25 26 34 36 37 38 41 43 44 45 46 48 51 52 53 54 56 59 60 61 63 64 65 68 70 72 77 78 81 82 83 84 86 88 89 90 93 95 96 97 98 99 100 101 102 104 105 107 110 111 113 114 115 117 118 119 124 125 127 128 130 131 132 135 136 138 139 141 142 143 145 150 151 153 154 155 156 158 159 161 163 164
191 128 : 0 1 3 4 6 7 8 13 14 15 16 17 18 19 21 23 24 25 26 27 29 30 31 32 33 34 35 36 37 39 40 43 44 45 46 47 48 50 54 55 59 62 63 64 65 66 67 68 69 70 71 72 73 74 75 76 77 78 79 80 81 82 84 85 86 87 88 89 90 91 92 93 94 95 96 97 98 99 100 101 102 106 107 108 109 110 111 112 113 114 115 116 118 119 121 122 123 124 125 126 127 130 132 133 134 135 136 137 141 142 143 145 146 147 148 149 150 151 152 153 154 158 159 161 162 163 164 165
192 128 : 0 1 2 4 8 9 10 12 13 14 15 16 18 19 20 21 22 23 24 26 27 28 30 31 32 33 35 36 37 38 39 40 41 42 43 44 45 46 47 48 49 50 52 55 56 59 60 61 62 63 64 65 66 67 68 69 70 71 72 74 75 76 77 78 79 80 81 84 85 87 88 90 92 93 94 95 96 97 98 99 100 101 102 103 104 105 106 107 108 109 110 112 115 117 118 119 122 123 124 125 128 130 132 134 135 136 137 138 139 140 143 144 145 147 149 151 153 154 155 156 157 158 159 160 161 162 163 164
193 103 : 0 2 3 4 5 6 10 11 12 14 16 17 20 21 22 23 25 29 30 31 33 34 36 37 39 40 41 42 43 44 46 48 50 51 52 53 54 56 57 58 62 63 65 66 68 69 70 71 72 76 77 79 81 82 85 86 88 89 96 98 99 100 101 102 103 105 106 107 110 111 114 115 118 119 120 121 122 124 125 127 131 133 137 138 140 141 143 144 145 146 147 148 149 150 153 154 155 156 157 158 159 162 164
194 100 : 0 2 3 4 5 6 10 11 12 16 17 20 21 22 23 24 29 30 32 33 37 40 41 44 46 47 48 49 50 51 52 54 56 57 58 60 61 63 65 66 67 68 69 70 72 73 77 80 82 83 84 86 87 88 89 90 93 94 96 97 98 99 100 101 102 103 106 108 110 111 114 115 116 117 118 120 121 125 126 127 128 129 131 139 140 141 142 143 144 145 147 148 149 153 154 155 156 157 162 164
195 128 : 0 1 2 3 4 5 6 7 8 11 12 13 14 16 17 18 19 20 21 23 24 26 27 28 29 30 31 32 33 34 35 36 38 39 42 43 45 47 49 50 53 54 55 56 57 58 59 60 62 63 64 66 67 69 70 71 73 74 75 76 77 78 80 82 83 84 85 86 88 90 91 92 94 97 98 99 100 101 103 104 105 106 107 109 110 111 112 113 114 115 116 118 119 120 121 122 125 126 127 128 129 130 132 133 134 135 137 139 141 142 144 145 146 148 149 150 151 152 153 154 155 156 158 159 160 161 162 164
196 128 : 2 3 4 5 6 7 8 9 10 12 15 16 17 19 20 21 22 23 24 26 27 29 30 31 33 34 35 36 37 39 40 41 42 43 45 47 49 50 51 54 55 57 58 59 60 61 62 64 66 67 69 71 72 73 74 75 77 78 79 80 81 82 83 84 86 87 88 89 90 93 94 95 96 98 99 100 101 102 105 106 107 108 110 111 112 113 115 116 117 118 119 120 121 123 124 125 126 128 129 130 131 134 135 136 137 138 139 140 142 143 144 145 147 148 149 150 151 152 153 155 157 158 160 161 162 163 164 165
197 128 : 4 6 7 8 9 10 12 15 16 18 19 20 22 23 24 27 28 29 30 31 32 33 34 35 36 38 39 40 41 42 43 44 45 47 49 50 52 53 55 56 57 59 60 61 62 64 65 68 69 70 71 73 74 75 76 77 78 79 80 81 84 85 86 87 88 90 91 92 93 94 95 96 98 99 100 101 102 103 104 105 106 107 108 109 110 111 112 113 114 115 116 117 119 120 121 122 123 124 125 126 127 129 130 132 134 136 137 138 139 140 142 144 146 147 148 150 151 153 154 155 156 157 158 160 161 163 164 165
198 128 : 0 1 3 4 5 6 7 8 10 11 13 14 15 17 18 19 20 21 24 25 26 28 29 30 31 32 33 34 35 37 38 39 41 42 43 44 45 46 48 49 50 53 54 55 57 58 59 61 62 63 64 65 66 69 70 71 72 73 74 75 76 78 80 81 82 84 86 87 89 90 91 92 94 95 96 97 99 100 102 103 104 105 106 108 111 114 115 116 118 119 120 121 122 123 124 125 126 127 129 130 131 133 134 135 136 137 139 140 141 142 145 146 147 148 149 150 151 152 153 154 156 157 158 159 160 161 163 164
199 128 : 0 1 2 3 5 6 7 8 9 10 11 12 14 15 16 17 18 19 20 22 23 24 25 26 27 28 29 30 31 32 34 36 37 38 39 42 43 44 45 46 47 48 49 50 51 53 56 58 59 60 61 62 63 64 66 67 69 71 73 74 75 76 78 79 80 82 84 85 86 87 90 91 92 93 94 95 96 97 99 100 102 103 105 108 109 111 112 113 114 115 116 119 120 121 122 124 126 127 128 129 130 132 134 136 137 138 139 140 142 144 145 146 147 148 149 150 151 152 153 154 155 157 158 160 161 163 164 165
