N C E M
200 200 19900 15920
Opt_part_L_size, Opt_part_R_size, Opt_number_of_colors
45 155 85
N of L changes = 14
Min number of labels in a vertice, Max number of labels in a vertice
99 132
Solution Set
141(59) 99(59) 102(59) 104(59) 113(59) 151(59) 159(59) 160(59) 163(59) 9(60) 105(60) 117(60) 130(60) 148(60) 124(97) 119(101) 21(101) 191(101) 146(102) 20(103) 198(104) 177(105) 56(105) 175(106) 92(106) 39(106) 91(107) 44(108) 34(108) 5(110) 98(110) 0(110) 170(111) 26(112) 144(112) 67(112) 25(113) 15(114) 36(114) 135(115) 188(115) 61(115) 58(115) 62(115) 194(115) 199(116) 154(116) 76(116) 108(116) 83(116) 115(117) 138(117) 51(117) 13(117) 171(117) 72(118) 158(119) 118(119) 24(120) 1(121) 70(121) 140(121) 114(122) 190(122) 195(122) 8(123) 11(123) 42(123) 172(123) 31(123) 43(124) 187(124) 178(124) 133(125) 179(125) 19(125) 46(127) 32(127) 149(129) 186(129) 147(130) 40(133) 64(135) 82(137) 125(139) 
Number of edges by Color (l n)
0 125 139
1 82 137
2 64 135
3 40 133
4 147 130
5 149 129
6 186 129
7 32 127
8 46 127
9 19 125
10 133 125
11 179 125
12 43 124
13 178 124
14 187 124
15 8 123
16 11 123
17 31 123
18 42 123
19 172 123
20 114 122
21 190 122
22 195 122
23 1 121
24 70 121
25 140 121
26 24 120
27 118 119
28 158 119
29 72 118
30 13 117
31 51 117
32 115 117
33 138 117
34 171 117
35 76 116
36 83 116
37 108 116
38 154 116
39 199 116
40 58 115
41 61 115
42 62 115
43 135 115
44 188 115
45 194 115
46 15 114
47 36 114
48 25 113
49 26 112
50 67 112
51 144 112
52 170 111
53 0 110
54 5 110
55 98 110
56 34 108
57 44 108
58 91 107
59 39 106
60 92 106
61 175 106
62 56 105
63 177 105
64 198 104
65 20 103
66 146 102
67 21 101
68 119 101
69 191 101
70 124 97
71 2 60
72 3 60
73 4 60
74 6 60
75 9 60
76 14 60
77 16 60
78 22 60
79 23 60
80 27 60
81 37 60
82 48 60
83 49 60
84 52 60
85 53 60
86 54 60
87 69 60
88 71 60
89 73 60
90 79 60
91 81 60
92 86 60
93 105 60
94 117 60
95 122 60
96 130 60
97 148 60
98 7 59
99 10 59
100 12 59
101 17 59
102 18 59
103 28 59
104 29 59
105 30 59
106 33 59
107 35 59
108 38 59
109 41 59
110 45 59
111 47 59
112 50 59
113 55 59
114 57 59
115 59 59
116 60 59
117 63 59
118 65 59
119 66 59
120 68 59
121 74 59
122 75 59
123 77 59
124 78 59
125 80 59
126 84 59
127 85 59
128 87 59
129 88 59
130 89 59
131 90 59
132 93 59
133 94 59
134 95 59
135 96 59
136 97 59
137 99 59
138 100 59
139 101 59
140 102 59
141 103 59
142 104 59
143 106 59
144 107 59
145 109 59
146 110 59
147 111 59
148 112 59
149 113 59
150 116 59
151 120 59
152 121 59
153 123 59
154 126 59
155 127 59
156 128 59
157 129 59
158 131 59
159 132 59
160 134 59
161 136 59
162 137 59
163 139 59
164 141 59
165 142 59
166 143 59
167 145 59
168 150 59
169 151 59
170 152 59
171 153 59
172 155 59
173 156 59
174 157 59
175 159 59
176 160 59
177 161 59
178 162 59
179 163 59
180 164 59
181 165 59
182 166 59
183 167 59
184 168 59
185 173 59
186 174 59
187 176 59
188 180 59
189 181 59
190 183 59
191 184 59
192 185 59
193 189 59
194 193 59
195 196 59
196 169 58
197 182 58
198 192 58
199 197 58
Label List by vertices (vertice Id, Number of labels : set of labels
0 131 : 1 3 4 5 7 8 9 12 13 14 15 16 17 18 20 21 26 28 30 33 34 38 41 45 47 49 51 53 55 56 59 60 64 65 66 67 69 70 72 75 77 78 79 80 82 83 84 85 86 89 90 91 93 94 97 99 100 101 102 103 104 105 107 108 109 110 112 113 114 118 120 122 123 124 125 126 128 130 131 132 133 134 135 136 137 139 140 143 144 146 147 148 150 151 152 153 154 156 157 159 160 161 162 163 164 165 166 167 168 170 171 172 173 174 176 178 179 182 183 185 186 187 188 190 191 192 193 194 195 198 199
1 104 : 0 1 4 5 8 11 12 13 15 16 19 20 21 24 25 27 28 29 31 32 34 36 37 39 40 41 42 43 44 46 48 56 58 61 62 63 64 65 68 69 70 74 76 82 83 87 88 90 91 92 94 95 96 99 101 102 107 108 113 114 115 117 118 119 120 124 125 127 133 137 138 140 142 144 145 146 147 148 149 153 154 157 158 159 161 163 165 170 172 176 177 178 182 183 186 187 188 190 191 192 194 195 197 199
2 131 : 1 2 3 6 7 8 10 12 14 16 17 18 20 22 23 24 26 28 29 33 34 35 36 37 39 42 44 45 46 50 52 54 56 57 58 59 60 61 63 64 66 67 68 71 72 73 74 77 78 79 80 81 82 84 85 86 87 88 89 91 94 95 96 97 98 100 101 102 103 104 107 110 112 113 114 115 117 118 119 120 121 123 126 127 128 129 130 131 132 133 134 136 143 144 145 146 149 150 151 152 153 155 156 157 158 159 161 163 165 167 171 172 173 175 176 177 178 180 183 184 185 186 191 192 193 194 195 196 197 198 199
3 131 : 0 2 4 6 7 9 11 12 13 14 15 19 20 25 27 28 29 30 31 33 34 35 36 37 38 42 43 46 47 48 50 52 53 54 55 58 61 62 63 64 66 67 68 70 71 73 75 76 77 78 79 83 84 85 86 87 89 91 93 96 97 99 101 102 103 104 106 109 111 114 116 118 120 122 123 124 125 126 127 128 130 131 133 134 136 137 139 141 142 143 144 146 147 150 151 152 153 154 155 157 158 159 160 161 163 164 165 166 167 168 173 176 178 179 180 181 182 183 184 185 186 187 188 189 190 192 194 195 196 197 199
4 131 : 0 2 3 4 7 9 10 11 12 13 15 16 17 20 21 23 24 25 26 27 28 30 32 33 35 36 37 40 43 44 46 48 50 53 55 57 58 59 60 61 62 64 66 68 70 71 72 74 75 77 78 81 82 83 84 86 87 89 90 91 93 95 96 98 99 100 101 102 103 104 106 107 108 109 110 112 113 114 115 116 117 118 119 120 121 123 127 128 129 130 133 134 135 136 137 138 139 140 141 143 146 152 153 154 157 161 162 166 167 168 169 170 171 172 173 174 178 179 180 181 182 183 184 188 189 190 192 194 197 198 199
5 105 : 0 1 2 5 6 8 10 11 13 15 18 19 20 21 22 24 25 26 31 32 34 36 38 39 40 42 43 44 46 47 51 56 57 58 61 62 64 68 70 71 72 76 77 78 81 82 83 86 90 91 92 96 98 100 107 108 109 111 115 118 119 121 122 123 124 125 127 133 135 136 137 138 140 141 142 144 146 149 152 153 154 158 166 168 170 172 173 174 175 177 178 179 182 186 187 188 189 190 191 192 194 195 196 198 199
6 131 : 0 1 3 4 5 6 7 8 9 10 11 13 14 16 19 21 24 25 26 27 28 29 30 31 33 35 37 38 41 42 43 45 48 49 50 51 52 53 54 56 59 60 62 65 66 69 70 71 72 73 76 81 83 84 87 89 90 92 93 94 96 97 98 100 101 104 105 106 107 108 110 111 112 114 116 118 119 120 121 123 124 126 128 130 132 133 134 136 138 140 141 144 145 147 148 149 150 151 152 153 154 155 158 159 160 162 163 165 168 169 170 173 174 175 176 177 178 179 180 182 184 186 187 188 189 192 195 196 197 198 199
7 109 : 0 1 5 7 9 11 13 14 15 16 18 20 21 24 25 26 28 29 31 32 34 36 37 38 39 40 42 43 44 46 48 51 52 55 56 57 58 59 61 62 64 67 70 74 75 76 80 82 83 86 87 88 91 92 98 104 105 108 110 112 114 115 116 118 119 120 124 127 129 130 133 134 135 136 138 139 140 144 147 149 151 152 153 154 158 159 160 170 171 172 173 174 175 176 177 178 179 180 183 185 186 187 188 190 191 194 195 198 199
8 131 : 0 2 3 5 6 7 8 13 15 16 17 18 19 20 21 23 25 27 30 33 35 36 39 41 42 43 44 45 46 47 48 49 50 51 52 53 54 55 56 58 60 62 63 64 65 66 68 72 73 74 75 76 77 79 81 83 84 85 86 87 91 93 94 95 101 102 105 106 107 108 109 111 112 113 114 116 117 118 120 121 123 125 127 129 130 133 134 135 137 138 141 144 145 146 147 149 150 151 152 153 155 156 159 160 161 162 163 164 165 166 167 168 171 173 175 178 179 180 181 182 183 184 187 189 190 192 195 196 197 198 199
9 109 : 0 1 4 5 6 10 11 13 15 16 19 20 21 22 23 24 25 26 27 28 30 31 32 33 34 35 36 39 40 42 43 44 45 46 50 51 52 54 55 57 58 62 64 67 70 72 73 74 76 79 81 82 83 84 86 87 91 92 93 98 99 108 113 114 115 117 118 119 121 123 124 125 128 133 134 135 137 138 140 144 147 149 152 154 155 158 162 165 166 169 170 171 172 175 177 178 179 180 181 182 186 187 188 190 191 194 195 198 199
10 132 : 0 3 4 5 6 8 10 11 12 13 15 16 17 19 21 23 25 26 29 30 31 32 33 35 36 37 38 40 41 42 43 45 47 50 53 54 57 58 59 60 61 62 63 64 65 66 67 68 69 72 74 75 77 78 79 80 81 82 83 85 86 88 91 92 93 94 95 100 101 102 103 104 108 110 111 112 113 114 115 116 118 119 121 122 123 124 125 127 129 130 131 132 134 135 137 139 140 142 143 144 146 147 149 150 151 152 154 156 157 159 160 161 162 163 165 167 168 169 172 173 175 177 178 179 181 183 184 188 192 193 197 199
11 130 : 3 5 6 9 10 11 12 14 15 18 19 20 24 25 26 28 29 33 34 35 38 39 40 45 46 47 48 49 52 54 56 57 59 60 62 63 64 65 66 68 70 74 75 76 79 80 81 83 84 85 86 87 88 90 92 93 95 96 97 100 101 102 103 104 105 106 107 108 111 113 115 117 118 119 120 122 123 125 126 129 130 131 133 134 135 136 138 139 140 141 143 144 145 146 148 149 150 151 153 155 156 157 159 160 161 162 163 166 168 169 170 171 173 174 175 177 178 179 180 181 182 184 186 189 190 191 193 197 198 199
12 131 : 2 3 4 5 10 11 12 14 16 18 19 20 22 23 24 26 27 31 32 33 34 35 37 38 39 40 41 42 45 46 47 49 51 52 55 58 61 62 66 67 68 69 71 72 74 76 77 78 79 81 82 83 84 85 87 89 90 91 92 93 94 95 96 98 100 101 103 104 105 106 108 109 110 112 114 115 117 118 120 121 123 124 125 126 128 129 131 132 133 135 137 138 140 145 147 148 150 155 156 157 159 160 162 163 164 165 166 167 170 171 172 173 174 175 176 177 178 179 182 183 184 185 188 189 192 193 194 195 196 198 199
13 131 : 1 2 5 6 7 11 12 15 16 19 22 24 26 27 30 32 34 35 36 37 39 40 41 43 44 47 48 49 50 53 54 57 58 59 62 64 65 66 67 68 70 71 72 75 77 78 79 81 83 84 86 87 88 89 90 91 92 93 94 95 97 98 99 100 104 105 106 108 109 111 112 115 116 117 118 119 122 124 125 126 127 130 131 132 133 135 137 139 141 142 143 146 147 149 153 154 155 156 157 158 159 161 162 163 164 165 167 168 170 171 172 173 174 175 176 177 179 180 181 183 184 185 187 188 189 192 193 194 195 198 199
14 108 : 0 1 3 4 5 8 9 10 11 13 15 16 17 18 19 20 21 25 26 29 31 32 34 36 39 40 42 43 46 50 51 52 54 56 57 58 59 61 62 63 64 66 67 69 70 74 76 77 80 82 84 85 87 90 91 98 100 101 105 108 109 111 114 115 116 118 119 123 124 128 130 133 134 135 138 139 140 144 145 146 147 148 149 150 153 154 155 158 160 165 166 170 171 172 174 175 176 177 178 179 186 187 188 190 194 195 198 199
15 131 : 1 2 6 7 8 9 12 13 14 15 17 18 19 20 22 23 24 26 29 30 32 35 36 38 39 40 41 42 43 47 48 49 50 51 52 53 54 56 57 59 60 61 62 63 64 66 68 71 72 74 75 76 79 81 82 83 85 86 87 88 89 91 92 93 97 98 101 102 103 104 106 107 108 109 111 113 116 117 120 122 123 125 126 127 130 131 133 134 137 138 139 140 142 143 144 145 146 147 148 149 150 151 152 153 155 156 157 159 160 161 162 163 167 168 169 170 171 174 178 179 180 181 183 184 187 189 193 196 197 198 199
16 105 : 1 3 5 8 9 10 13 15 17 19 20 22 23 24 25 26 29 30 31 32 34 36 39 40 41 42 43 44 46 47 50 51 56 58 60 61 62 64 65 66 67 68 69 70 71 72 74 76 77 82 83 91 92 98 99 100 101 108 114 115 117 119 120 122 124 125 130 133 135 136 138 140 141 142 144 147 148 149 150 154 156 158 163 164 168 169 170 171 172 175 177 178 179 182 183 186 187 188 190 191 192 194 195 198 199
17 131 : 2 3 6 7 8 9 10 11 12 13 16 17 18 19 20 22 23 29 30 31 32 34 35 36 38 39 40 41 42 43 44 45 47 48 49 50 51 52 54 56 62 63 64 67 69 70 71 74 75 76 77 78 79 80 82 84 85 86 88 89 91 92 94 96 97 99 100 102 103 105 107 109 110 111 112 113 115 116 117 118 119 121 123 124 125 127 128 130 131 133 134 135 137 140 142 143 145 146 147 148 149 151 152 153 157 158 159 160 161 162 163 164 165 166 167 169 170 171 175 176 180 181 182 183 185 187 188 193 196 198 199
18 131 : 1 2 3 4 5 6 8 9 10 11 14 15 16 18 20 21 23 24 27 28 29 30 31 34 36 37 38 39 40 41 45 46 47 48 49 51 53 54 55 56 58 59 61 62 65 66 70 72 77 78 79 80 81 82 85 88 93 95 96 99 101 102 107 108 109 110 111 112 113 114 115 117 118 120 122 127 129 130 132 135 136 139 140 141 142 143 144 145 146 147 149 150 152 153 154 156 157 158 160 161 162 163 164 165 166 168 169 172 173 174 175 176 177 178 179 180 181 182 185 186 188 189 190 191 192 193 194 196 197 198 199
19 131 : 0 1 3 4 5 6 7 11 12 13 15 16 17 18 20 22 24 27 28 29 31 32 33 34 36 37 39 40 42 49 50 51 52 53 55 56 57 58 59 60 61 62 63 64 65 66 68 69 70 71 73 75 76 78 79 81 82 84 85 86 88 89 91 93 95 96 97 100 102 103 104 106 107 108 109 111 112 113 115 116 117 118 120 121 123 124 125 126 127 129 130 131 133 135 137 139 140 141 144 145 147 149 152 154 155 156 160 163 164 165 166 167 169 171 172 173 174 176 178 179 180 181 182 184 186 188 190 191 193 195 198
20 131 : 0 1 2 3 4 5 6 7 8 10 11 13 15 17 18 19 21 22 23 25 26 27 29 30 31 32 34 35 36 38 39 44 45 46 47 48 49 52 53 54 55 56 57 59 60 63 64 65 66 67 68 71 72 73 74 75 77 79 80 81 82 83 85 86 88 91 92 93 94 96 97 98 99 102 104 105 106 107 110 112 114 116 119 121 125 126 127 129 131 134 136 137 138 140 141 146 147 148 149 150 152 154 155 156 160 162 163 166 167 168 169 170 171 173 175 176 178 179 180 181 182 183 185 186 187 189 190 195 197 198 199
21 131 : 0 1 2 4 5 8 9 11 12 14 17 21 24 25 26 27 28 29 30 31 33 36 37 38 39 42 43 44 45 46 47 50 51 52 53 54 55 57 58 62 63 64 65 66 67 68 69 71 72 73 76 77 78 79 80 81 82 83 84 85 87 89 91 92 93 94 95 97 98 100 101 102 103 105 106 107 108 110 111 113 119 120 126 127 128 131 132 134 135 136 137 139 140 141 143 145 146 147 148 150 151 153 154 158 159 160 161 164 165 166 167 169 170 171 172 175 176 178 180 181 182 183 185 186 187 190 192 193 196 198 199
22 131 : 0 1 2 3 4 5 8 10 11 13 15 17 18 19 21 22 24 26 27 28 29 30 32 35 38 41 43 45 46 48 49 51 53 54 56 57 58 59 60 64 65 66 67 68 69 71 75 76 78 79 80 81 82 83 86 87 89 90 91 93 95 97 99 100 101 103 104 105 106 107 108 109 111 113 114 115 117 118 119 120 121 122 123 124 125 126 127 129 130 131 132 134 136 137 138 140 141 142 143 144 145 149 151 153 156 158 160 163 164 166 168 169 170 173 176 177 178 180 181 182 184 186 187 188 192 193 194 196 197 198 199
23 131 : 1 2 3 4 5 6 7 9 14 15 18 19 20 21 22 23 24 25 27 28 29 34 35 36 37 38 40 42 43 44 47 49 50 51 52 54 55 56 59 61 62 63 66 67 68 69 70 71 72 73 74 75 76 78 79 80 81 82 83 88 89 90 91 93 94 95 96 97 99 100 103 106 107 108 110 111 112 113 116 117 118 119 121 122 126 131 132 133 134 135 137 138 139 140 142 143 144 145 146 147 148 152 153 154 155 156 157 158 159 162 163 164 165 166 168 171 172 174 175 176 177 179 181 184 188 192 193 194 196 197 198
24 107 : 0 2 5 6 8 9 11 13 14 15 17 18 19 20 22 24 25 26 29 31 32 34 35 36 37 39 40 42 43 44 46 50 51 55 56 58 60 62 64 67 70 72 74 77 78 82 83 87 88 91 92 93 94 97 98 99 101 102 105 106 108 112 114 115 119 122 124 125 132 133 134 135 138 139 140 144 146 147 149 150 151 152 153 154 158 161 163 169 170 171 172 174 175 177 178 179 182 185 186 187 188 190 191 194 195 198 199
25 103 : 0 1 5 7 8 9 11 12 13 18 19 20 21 22 24 25 26 28 31 32 33 34 36 37 39 40 41 42 43 44 46 47 48 51 53 54 56 57 59 61 62 64 67 70 71 72 77 79 80 81 83 87 89 91 92 98 101 107 108 109 114 115 118 124 125 127 132 133 135 138 140 143 144 145 146 147 149 153 154 158 164 167 170 171 172 174 175 176 177 178 179 183 184 186 187 188 190 191 194 195 197 198 199
26 131 : 0 1 2 3 4 5 6 7 9 10 11 13 14 15 17 18 21 22 24 25 26 27 29 32 33 34 36 37 39 40 41 42 43 47 49 50 51 54 58 59 60 61 62 63 64 65 67 68 69 75 76 78 79 80 82 84 85 86 87 89 90 96 97 98 99 100 102 103 104 107 109 111 112 113 114 115 116 117 118 120 121 122 123 124 127 128 129 130 131 133 134 136 139 142 143 144 145 147 150 151 152 153 154 155 156 159 160 162 164 166 167 168 169 171 172 173 174 178 180 182 183 184 186 187 189 190 193 194 195 196 199
27 131 : 0 1 2 3 4 6 8 9 10 11 13 14 16 17 18 19 21 22 23 24 25 26 27 28 29 30 32 34 36 39 40 43 44 45 49 50 52 53 56 57 58 60 61 63 65 66 68 69 70 72 73 74 76 77 78 82 83 84 85 86 88 89 91 92 93 94 95 96 99 101 102 104 106 107 109 110 111 112 113 115 116 119 121 122 123 127 128 129 131 132 136 137 139 141 142 143 146 148 150 156 158 160 161 162 163 164 165 167 168 170 173 174 175 176 177 180 181 182 183 184 185 186 187 189 190 192 193 194 195 196 199
28 101 : 0 1 3 5 6 8 10 11 12 14 15 19 20 21 24 25 26 28 31 32 33 36 37 39 40 43 44 45 46 48 50 51 56 58 59 60 61 62 64 67 68 69 70 71 72 76 82 83 87 89 90 92 96 98 99 101 107 108 113 114 115 116 117 118 119 120 124 125 126 130 132 138 140 143 144 146 147 148 151 152 154 156 160 164 167 170 171 172 174 175 177 178 179 186 187 190 191 194 195 198 199
29 131 : 0 1 2 3 4 5 6 8 10 11 14 15 16 17 19 25 26 27 28 29 34 35 37 38 39 41 42 43 44 48 49 50 51 52 53 54 55 56 58 59 62 64 65 66 68 69 72 73 74 77 79 81 83 84 85 86 87 88 93 94 95 96 97 99 100 104 105 106 107 108 109 110 112 113 115 116 118 119 125 126 127 129 130 132 133 134 135 136 138 139 140 141 142 144 145 147 148 150 151 153 155 156 158 159 160 162 163 164 166 167 168 171 172 174 177 179 180 181 184 185 186 188 189 190 192 193 194 195 196 198 199
30 132 : 0 1 2 3 6 7 9 10 15 16 17 18 19 21 22 23 26 27 28 29 31 32 34 35 36 37 43 46 48 52 53 55 56 59 60 62 63 64 65 67 70 71 72 73 74 75 76 77 78 85 86 89 92 93 94 95 97 98 99 102 103 104 105 107 109 111 112 113 114 115 117 120 121 122 124 125 127 128 129 130 131 132 134 135 136 139 140 141 144 146 147 148 149 150 151 152 154 156 157 158 159 160 161 162 163 164 165 167 168 169 172 173 174 175 178 180 182 183 184 185 186 188 189 190 191 192 193 194 195 196 197 198
31 131 : 0 2 3 4 6 7 9 10 11 16 17 18 20 21 22 23 24 25 26 28 29 30 32 33 34 37 40 43 46 47 48 49 51 52 53 54 55 56 57 58 59 62 64 65 66 70 72 73 74 75 77 79 80 82 83 85 86 87 88 89 90 93 94 96 98 99 100 101 102 103 104 105 110 111 113 115 116 117 120 121 122 125 128 130 131 132 133 134 137 138 139 140 141 145 146 147 148 150 151 152 153 157 158 159 160 161 164 165 166 167 168 169 172 173 174 175 180 181 183 185 186 187 188 189 190 191 194 196 197 198 199
32 131 : 0 1 2 3 6 7 8 9 14 15 18 19 21 22 23 24 26 29 30 31 32 35 36 37 38 40 42 43 46 47 48 49 50 51 52 53 54 55 57 58 61 62 63 66 68 69 70 73 76 77 79 80 81 82 83 84 85 86 89 91 93 94 95 97 98 99 101 102 103 104 105 106 107 108 110 112 114 115 117 118 119 120 121 124 125 126 127 128 131 132 137 138 142 143 144 146 147 148 149 150 151 153 159 160 161 163 164 165 166 169 170 174 176 177 178 180 182 183 184 185 186 189 190 191 192 193 194 195 196 197 199
33 131 : 4 5 7 8 9 10 11 12 14 16 18 19 20 22 23 24 25 27 29 30 31 32 33 35 37 38 39 40 45 46 49 50 51 52 57 59 60 61 62 63 65 67 68 69 70 71 72 73 74 75 78 80 81 82 83 84 86 87 88 90 91 93 94 95 96 97 98 99 100 102 110 113 116 117 119 120 122 123 124 125 127 129 131 132 135 136 137 138 140 141 142 143 144 145 148 149 150 151 155 156 157 159 161 162 163 164 165 166 167 168 169 171 172 173 174 178 180 182 183 186 187 189 190 191 192 193 194 195 196 198 199
34 131 : 1 2 4 5 6 8 11 12 14 15 18 20 22 27 29 31 32 34 35 37 38 39 43 44 45 46 47 48 50 51 53 55 57 59 62 63 65 66 68 69 71 72 74 76 78 79 80 81 82 85 86 89 90 91 93 94 96 97 99 100 101 102 103 104 105 107 108 109 110 113 114 115 117 118 119 121 123 125 126 127 128 129 130 132 136 137 139 141 142 143 145 146 147 149 150 152 153 155 157 158 159 160 161 162 164 165 166 168 169 170 171 172 173 175 176 177 178 179 180 181 182 185 186 188 189 190 192 193 195 196 198
35 99 : 0 4 5 8 11 13 14 15 20 21 22 23 25 27 29 31 32 34 36 37 38 39 40 42 43 45 46 48 50 51 56 57 58 61 62 64 65 70 74 76 79 82 83 88 91 92 93 96 98 108 109 114 115 118 119 120 121 123 124 125 127 131 133 135 136 138 139 140 141 144 146 147 149 154 158 159 165 166 167 169 170 171 172 175 176 177 178 179 181 182 183 186 187 188 190 191 194 195 198
36 130 : 1 2 3 4 6 7 8 9 10 11 12 13 14 15 16 18 19 22 23 24 27 28 29 30 31 33 34 36 40 42 43 45 46 47 49 50 53 54 55 57 59 60 61 64 66 67 68 69 70 72 73 74 76 77 80 83 86 87 89 90 91 93 96 97 98 99 100 101 102 103 104 105 106 107 108 112 113 115 116 117 120 121 123 124 126 127 129 130 132 133 134 136 137 138 139 142 144 146 147 148 149 150 151 155 156 157 158 159 160 161 163 164 165 166 170 172 173 177 179 183 185 186 187 189 190 194 196 197 198 199
37 131 : 1 2 4 5 6 7 8 9 10 11 12 13 15 20 21 22 24 26 28 29 30 32 34 35 38 39 41 42 44 46 47 49 51 53 54 55 57 58 62 63 64 66 68 70 71 73 74 75 77 78 79 80 81 82 84 86 87 88 89 90 92 94 95 96 97 98 99 101 102 103 104 105 106 107 108 109 110 112 114 116 117 118 119 121 125 128 129 131 132 134 135 136 137 139 140 141 143 144 145 148 150 151 153 155 158 159 160 161 164 165 166 167 168 169 171 173 174 175 176 177 178 182 183 186 187 188 189 191 193 194 197
38 130 : 1 2 4 5 9 10 11 12 15 17 19 23 27 28 29 30 32 33 35 38 39 41 45 46 51 52 53 55 56 57 59 60 63 64 65 67 68 69 70 72 73 74 77 79 80 81 83 84 85 86 88 89 91 92 94 96 98 100 101 103 106 108 110 112 113 114 115 117 118 119 120 121 122 123 124 126 127 128 129 133 134 136 137 138 139 140 141 142 143 145 147 148 149 152 153 154 155 156 159 160 161 165 166 167 168 170 174 175 176 177 178 179 180 181 182 183 184 185 187 188 189 190 191 192 193 194 195 196 198 199
39 131 : 0 1 2 3 4 5 6 8 9 10 12 13 14 16 17 18 20 22 23 24 25 27 28 29 32 34 36 37 38 40 41 42 43 45 46 47 48 50 51 52 54 56 60 63 64 65 66 68 69 70 72 73 74 77 78 79 80 81 82 84 85 86 87 88 92 93 94 95 96 98 101 102 103 104 105 106 108 114 115 117 118 125 126 129 130 131 132 135 136 137 138 139 141 142 144 145 146 147 148 149 152 154 155 156 157 158 159 160 161 163 164 166 168 171 172 174 175 177 179 180 181 182 184 186 187 189 191 193 194 196 197
40 130 : 0 1 2 4 6 7 8 9 10 12 13 14 16 18 19 20 21 22 24 25 26 28 29 35 36 37 39 40 41 43 45 47 49 50 52 53 55 56 59 62 63 64 66 67 69 70 71 72 73 74 75 78 79 80 81 82 86 88 89 90 91 93 95 96 97 98 99 101 103 104 107 110 112 113 115 116 117 118 119 121 122 124 126 127 129 131 135 138 139 143 144 145 146 147 150 152 154 155 156 157 158 160 161 162 164 166 167 169 173 174 175 176 177 178 179 181 182 183 184 185 186 187 189 192 193 195 196 197 198 199
41 105 : 1 2 5 6 7 8 9 11 13 19 20 22 24 25 26 27 31 32 34 35 36 38 39 40 41 42 43 44 46 50 51 56 57 58 59 61 62 64 67 72 74 79 82 83 88 91 92 93 96 97 98 101 102 104 109 114 115 117 119 120 123 124 125 126 127 132 133 134 135 138 140 142 144 145 146 147 149 152 154 158 160 161 162 167 168 170 171 172 175 177 178 179 183 185 186 187 188 190 191 193 194 195 196 198 199
42 130 : 0 1 4 7 8 9 11 13 14 18 19 21 22 23 24 25 27 28 29 30 31 32 33 34 35 36 39 40 41 43 44 45 46 47 48 50 51 54 55 56 58 59 60 61 63 64 66 68 69 71 72 73 75 76 78 79 80 81 84 85 86 87 88 90 91 94 95 96 99 100 101 103 104 105 106 109 111 112 113 115 116 119 120 122 123 126 127 129 131 132 133 134 135 136 137 138 139 140 141 142 143 144 145 147 148 149 151 153 155 156 162 164 166 167 169 170 173 176 179 180 181 182 183 184 186 187 192 195 197 199
43 131 : 2 6 7 8 11 13 15 16 17 20 22 23 24 25 28 29 30 31 32 33 35 36 39 40 41 45 46 47 48 49 51 52 53 54 55 56 58 59 60 61 62 63 64 65 66 69 70 72 75 76 77 78 79 81 83 84 85 86 87 88 89 91 92 93 94 95 96 98 100 101 102 103 105 106 107 110 111 112 113 114 118 119 121 123 125 128 130 131 132 133 134 135 136 137 138 139 140 142 143 144 145 146 148 150 151 154 155 156 157 159 162 166 167 168 169 170 171 173 174 175 177 178 180 183 184 186 188 189 195 196 197
44 130 : 1 3 5 7 10 11 12 13 14 15 16 17 19 26 31 33 34 38 44 45 46 48 49 50 51 52 53 54 55 57 58 59 60 61 62 64 68 69 70 71 72 73 74 76 77 78 80 83 84 86 88 89 91 92 93 95 97 99 100 101 102 104 107 109 110 111 112 115 116 117 118 119 121 122 123 124 127 128 129 130 132 133 134 135 136 137 138 139 140 141 142 145 148 149 151 152 154 156 161 163 164 165 169 170 171 172 173 175 176 177 178 179 181 182 183 184 185 186 187 188 189 190 191 192 194 195 196 197 198 199
45 130 : 0 3 5 6 7 8 9 10 11 12 14 17 18 20 23 24 26 27 30 31 33 35 39 40 45 46 49 50 51 53 54 55 56 57 58 59 60 62 64 65 70 71 72 73 74 75 76 77 80 81 84 87 89 90 96 97 99 100 103 104 105 107 108 109 110 112 113 114 115 116 117 118 119 120 121 122 123 125 126 127 128 129 130 131 132 133 134 136 137 138 139 140 142 144 145 146 147 148 149 150 151 153 156 158 161 162 163 164 168 169 171 172 173 174 175 176 178 179 181 183 184 186 187 188 189 190 191 192 195 199
46 101 : 0 5 11 13 15 16 17 19 20 21 23 24 25 26 28 31 32 34 35 36 37 38 39 40 41 42 43 44 46 47 48 53 55 56 58 61 62 64 67 69 70 71 72 73 74 76 80 82 83 84 85 89 91 92 93 100 105 107 108 109 114 115 118 119 120 122 125 127 128 131 133 136 138 140 144 146 147 149 151 158 159 165 170 171 173 174 175 177 178 179 183 184 186 187 188 190 191 196 197 198 199
47 131 : 0 1 2 5 7 10 12 13 14 15 17 18 19 22 23 24 26 27 31 33 34 35 36 38 41 45 48 49 50 52 53 54 56 57 60 62 65 66 67 68 69 71 73 74 76 78 79 80 84 85 86 87 88 89 91 92 93 96 97 98 99 100 101 103 104 106 109 114 116 117 119 120 121 122 123 124 126 129 130 131 132 133 134 135 137 138 139 140 141 142 143 144 145 146 147 148 149 151 153 154 155 158 161 162 164 166 167 168 169 170 171 173 175 176 177 178 179 180 181 183 184 186 188 189 190 192 193 194 195 197 198
48 130 : 0 1 2 4 5 6 7 8 9 10 12 13 15 17 19 20 21 22 23 26 27 29 30 35 36 37 38 42 43 44 45 47 48 51 52 53 54 55 57 58 60 61 62 64 65 68 72 73 76 77 80 81 83 84 85 87 89 92 94 95 96 97 98 99 100 102 104 106 108 109 110 111 112 113 114 116 117 119 121 122 123 124 126 128 129 130 132 133 134 135 136 137 138 143 144 147 148 149 150 151 153 154 159 161 162 163 165 167 169 170 171 172 173 174 176 177 178 179 180 181 182 183 184 186 190 191 193 195 196 197
49 106 : 0 1 2 4 5 7 8 10 11 12 13 14 15 18 19 20 21 22 24 25 26 27 31 32 34 39 40 42 43 44 45 46 49 51 52 53 55 56 58 61 62 63 64 67 68 76 78 79 82 83 84 85 86 91 92 98 100 105 107 108 110 113 114 115 116 117 118 124 125 129 133 135 138 144 147 148 149 153 154 156 157 158 161 164 167 169 170 171 172 175 176 177 178 182 183 184 186 188 190 191 192 194 195 196 198 199
50 130 : 0 1 2 4 5 7 8 9 10 11 13 14 16 18 19 20 21 22 23 25 27 30 31 32 34 36 37 38 40 41 42 43 44 45 46 49 51 52 54 55 56 57 59 61 62 63 65 66 68 69 75 78 79 80 81 82 84 88 89 90 92 93 94 95 96 97 99 100 103 104 105 106 109 112 113 114 117 118 120 121 122 123 125 126 128 131 132 136 137 140 141 142 144 145 147 148 149 150 151 152 155 156 157 158 159 160 161 163 164 165 166 167 170 171 174 176 177 178 180 181 182 183 184 185 187 190 192 193 196 197
51 131 : 0 1 4 6 8 9 10 11 13 14 16 18 21 22 23 25 26 28 29 30 31 32 35 37 38 39 40 43 44 45 46 48 49 51 52 53 55 56 57 58 59 63 64 65 66 68 70 71 72 77 78 79 80 81 82 86 87 88 89 91 92 93 94 96 98 99 102 103 104 105 107 108 109 110 113 116 118 123 125 126 127 128 129 130 131 135 136 138 139 140 144 145 146 147 148 149 150 151 152 157 158 159 160 162 163 164 165 167 169 170 171 172 174 176 178 179 180 181 182 183 184 185 186 187 188 189 190 191 194 196 199
52 131 : 0 1 3 4 5 6 7 11 13 14 15 19 20 21 22 23 24 25 26 28 29 30 31 32 33 36 37 38 39 43 46 47 49 52 53 55 56 57 58 59 61 62 63 64 66 67 68 69 70 71 72 73 74 76 79 80 81 82 83 86 87 88 89 91 93 94 95 96 97 99 101 103 104 105 107 110 111 112 115 116 120 121 124 125 126 128 129 130 133 134 136 137 138 140 141 144 146 149 150 151 154 156 157 158 161 162 163 164 165 168 169 170 171 172 174 176 178 180 181 184 185 187 188 189 190 191 193 195 196 197 199
53 130 : 0 1 3 7 8 9 10 11 12 14 15 16 17 18 20 24 25 26 27 28 33 34 35 36 37 41 42 44 46 47 48 49 54 56 58 60 61 62 64 65 66 67 68 69 70 71 72 73 74 75 76 77 79 80 82 86 87 88 89 90 91 92 94 95 99 100 101 102 105 106 107 108 109 110 111 112 114 115 116 119 121 122 127 128 129 130 131 135 137 138 139 140 141 142 143 146 147 150 152 153 154 155 158 160 162 163 164 165 166 168 169 170 172 173 174 175 176 179 180 181 182 183 185 186 190 192 193 195 197 199
54 130 : 0 2 3 4 6 7 10 11 14 17 19 21 22 23 25 27 28 29 31 33 35 37 38 39 40 41 43 46 47 48 49 52 56 57 59 60 61 62 63 65 66 68 70 72 74 75 76 78 80 81 83 84 85 86 87 88 94 95 96 100 101 102 104 106 110 111 113 115 117 119 120 121 122 123 124 126 128 129 130 132 137 138 140 141 142 143 144 145 146 147 149 150 151 152 153 154 155 156 158 159 160 162 163 164 165 166 168 169 170 172 173 174 175 176 177 178 179 180 182 183 186 189 190 191 192 193 194 195 198 199
55 131 : 1 2 3 5 6 7 9 10 11 12 14 15 16 18 23 24 25 26 28 30 32 33 35 36 37 40 41 43 44 45 47 48 49 50 51 52 55 56 58 60 62 63 65 66 68 69 72 74 75 76 77 78 79 81 82 84 85 86 88 89 90 91 92 93 95 97 98 99 100 103 105 106 108 110 111 112 113 114 117 119 120 121 122 126 127 128 129 133 135 137 138 140 143 144 146 147 148 149 150 152 154 156 157 159 160 161 162 163 165 166 167 168 170 172 173 174 176 181 182 183 185 186 188 189 190 192 193 194 195 197 198
56 130 : 0 2 3 5 6 9 10 11 13 14 16 18 19 21 22 24 27 28 29 31 32 33 34 35 36 38 40 43 44 47 48 50 51 52 53 54 56 59 61 63 64 65 66 67 68 69 70 71 73 74 75 77 80 86 87 91 92 93 96 99 100 101 102 103 104 105 106 107 108 109 111 113 115 117 120 121 122 126 128 130 131 132 133 136 137 138 139 140 141 142 143 145 147 148 149 151 152 154 156 157 158 159 160 161 162 163 164 165 166 167 168 169 172 173 174 180 181 182 185 186 187 188 189 191 192 194 195 196 197 198
57 131 : 0 1 5 6 10 11 12 14 15 16 17 18 21 23 24 26 27 28 29 30 31 32 33 34 35 36 37 38 41 42 44 46 48 49 50 51 53 55 56 57 58 59 60 61 62 63 64 65 66 67 69 70 72 74 75 77 78 79 81 84 85 86 88 91 93 94 96 97 98 100 102 103 105 107 108 109 111 112 113 116 117 120 121 122 123 124 125 127 128 129 130 131 135 137 139 141 143 144 145 146 147 149 151 153 154 156 157 159 160 162 167 168 170 171 173 174 175 176 177 179 180 183 185 188 189 193 195 196 197 198 199
58 102 : 0 1 2 3 8 11 13 14 19 20 21 22 24 25 26 31 32 34 35 36 38 39 40 41 42 43 46 47 51 52 56 58 59 60 61 62 64 67 71 73 75 76 79 80 82 87 88 91 92 97 98 103 105 111 112 113 115 118 119 120 125 126 131 133 135 136 138 139 140 144 145 146 149 152 154 157 158 159 164 166 168 169 170 171 172 173 175 177 179 181 185 186 187 188 190 191 192 194 195 197 198 199
59 130 : 0 1 2 6 7 8 9 10 12 13 16 18 19 20 21 22 25 26 27 28 29 35 36 37 39 40 43 44 45 46 47 48 49 50 53 55 58 60 61 64 66 67 73 74 76 77 78 80 82 83 85 86 87 88 89 90 91 92 94 95 96 99 100 103 104 106 109 110 112 113 114 116 118 120 121 123 124 125 127 128 129 130 131 132 133 135 136 137 138 139 141 142 143 144 145 150 151 154 155 156 157 158 160 161 162 163 164 165 166 167 170 171 174 178 180 182 184 186 187 188 189 190 191 192 193 194 195 196 197 198
60 130 : 1 2 3 4 5 6 8 9 11 12 13 14 16 20 23 26 27 29 30 31 34 37 38 39 40 41 42 43 45 46 47 49 50 52 53 58 60 61 62 67 68 71 73 74 75 76 79 81 82 86 87 88 89 90 91 92 96 97 98 99 100 101 102 103 104 106 111 112 113 114 115 116 117 118 119 120 121 122 125 127 128 129 130 131 132 133 134 136 137 138 140 142 143 144 146 147 150 151 152 154 157 160 161 163 164 165 166 167 168 169 170 171 172 173 176 177 178 179 180 181 182 184 187 188 191 192 193 195 196 198
61 131 : 0 1 2 3 4 6 7 8 9 10 12 13 15 16 17 18 19 22 23 25 26 27 28 30 31 32 37 39 40 41 42 43 44 45 47 49 50 51 52 53 54 55 59 60 62 64 65 67 69 70 71 72 73 76 77 78 79 80 82 83 84 86 87 89 90 91 94 95 96 99 102 105 110 112 116 117 119 123 125 127 128 130 131 132 134 135 139 141 143 145 146 147 148 149 150 151 154 155 156 159 160 161 163 164 165 166 167 168 169 170 171 172 174 176 177 178 179 180 182 183 184 186 187 190 191 193 194 196 197 198 199
62 131 : 0 1 4 5 6 7 9 10 11 12 13 14 15 18 19 20 21 22 24 27 29 30 31 33 34 35 37 38 39 40 41 42 44 45 46 47 52 54 55 59 61 62 64 66 67 68 69 72 73 75 76 77 78 79 81 82 83 85 86 87 91 92 93 94 96 97 99 100 101 102 104 106 107 111 112 113 114 116 118 119 121 122 125 126 128 129 130 131 132 135 136 137 138 139 140 143 145 146 147 148 149 151 152 153 154 156 157 158 163 164 168 169 170 172 173 174 177 179 180 182 185 186 187 188 191 192 193 194 195 196 198
63 131 : 2 4 6 7 8 10 11 13 15 16 19 20 21 24 25 26 28 29 30 31 32 33 35 36 38 40 43 44 45 46 47 48 49 50 52 53 54 57 59 60 61 64 65 69 72 76 77 78 80 82 85 87 88 89 90 92 93 95 96 98 99 100 101 102 103 104 105 108 110 111 112 115 116 117 121 122 123 125 126 127 128 129 130 131 133 135 136 138 139 140 141 142 143 145 146 147 148 150 151 153 154 155 157 158 161 162 163 166 168 169 174 176 178 179 180 181 182 183 184 185 186 188 189 190 192 194 195 196 197 198 199
64 130 : 1 4 13 14 15 16 17 18 19 20 21 26 27 28 29 30 31 32 33 37 39 40 42 43 44 46 47 48 49 50 52 53 54 55 56 58 61 63 64 65 66 69 70 71 72 73 75 77 78 79 80 85 88 91 93 94 95 96 98 99 100 101 103 105 108 109 110 111 113 115 116 117 119 120 121 122 123 126 128 129 130 131 134 136 138 139 140 141 142 143 144 145 146 150 151 152 153 154 155 156 157 158 161 165 166 167 168 169 170 172 174 176 177 179 180 181 182 184 185 187 188 189 190 191 192 193 194 195 196 198
65 131 : 3 5 6 10 11 12 13 14 15 16 17 18 21 23 24 25 26 27 28 29 30 34 35 37 39 40 41 42 43 44 45 47 48 49 50 52 56 57 58 59 60 62 63 64 65 67 70 71 72 73 74 75 76 78 80 81 82 83 84 85 87 88 89 90 94 95 96 98 99 100 102 104 105 107 110 113 114 116 117 118 119 120 122 123 124 125 126 127 129 131 132 133 135 137 139 142 143 144 147 150 151 152 153 156 157 161 162 163 164 165 166 168 169 170 171 172 173 174 176 177 178 182 183 185 189 190 191 192 193 194 199
66 105 : 1 3 5 6 8 9 11 13 14 15 19 20 21 24 25 26 31 32 33 34 35 36 39 40 42 43 44 46 47 49 50 51 56 57 58 60 62 63 64 65 66 67 70 72 76 79 82 83 84 87 91 92 97 98 99 106 107 108 109 114 115 116 118 119 122 123 124 125 126 132 133 134 135 136 138 140 142 146 147 149 154 155 156 158 162 164 169 170 171 172 175 176 177 178 179 180 182 184 186 188 190 192 194 195 198
67 130 : 1 2 3 5 6 7 9 10 11 12 13 14 15 16 17 18 19 21 22 23 25 27 28 29 30 31 33 35 37 45 46 48 52 54 55 56 57 58 60 61 62 63 65 68 69 70 73 74 79 80 82 84 85 87 90 91 93 96 98 99 100 101 102 103 104 108 109 110 111 115 116 117 118 120 121 122 123 124 125 126 129 130 131 133 134 135 136 137 139 141 142 145 146 147 148 149 150 151 152 153 154 156 157 159 160 162 164 167 168 169 170 171 172 173 175 176 178 179 180 182 183 185 187 188 190 194 195 196 197 198
68 131 : 2 6 7 9 10 12 13 14 15 16 18 20 22 25 26 27 30 33 34 37 39 40 42 43 44 45 46 47 49 50 52 54 55 57 58 59 63 66 67 71 73 74 75 76 77 78 79 80 81 82 83 84 85 86 87 88 89 90 91 94 95 97 100 102 103 104 105 107 108 110 112 113 114 115 116 118 119 120 122 123 126 128 130 134 135 136 138 142 144 145 146 147 149 150 151 152 153 155 156 157 158 160 161 162 163 166 167 168 169 170 171 172 175 176 178 180 182 183 184 187 189 190 191 192 193 194 195 196 197 198 199
69 131 : 2 5 6 7 8 9 11 12 13 14 15 17 19 21 23 24 25 28 29 31 33 34 35 36 37 38 40 41 42 44 46 47 48 49 52 54 56 57 58 60 61 62 65 67 68 69 70 71 73 74 75 77 78 80 81 82 83 84 85 86 87 89 90 91 92 93 94 95 99 101 103 104 105 106 107 108 109 112 114 116 118 119 122 123 127 129 130 131 135 136 139 142 143 145 146 147 148 149 150 151 152 155 156 158 159 161 163 164 166 167 169 171 172 174 175 176 178 180 181 182 183 185 187 188 190 191 192 194 195 196 197
70 105 : 0 1 3 4 5 8 9 10 11 13 14 15 19 20 21 24 25 26 27 31 34 35 36 37 39 40 42 43 44 46 50 51 54 55 56 58 60 61 62 63 64 66 67 69 70 72 76 78 82 83 84 85 86 87 88 91 92 93 97 98 99 100 102 103 108 109 115 116 118 119 123 124 125 128 130 131 133 135 138 140 141 143 144 146 147 149 153 154 166 171 172 175 177 178 179 185 186 187 188 193 194 195 197 198 199
71 108 : 0 1 3 5 8 11 13 15 18 19 20 21 24 25 26 27 31 32 34 35 36 39 40 42 43 44 46 49 50 51 56 59 61 62 64 70 71 72 73 76 78 79 80 82 83 85 86 90 92 97 98 100 101 102 105 106 110 111 112 113 114 115 118 119 124 125 129 133 134 135 139 141 143 144 146 147 148 149 150 151 154 156 157 158 159 165 168 170 171 172 173 174 175 178 179 180 183 186 187 188 190 191 192 194 195 197 198 199
72 131 : 0 1 4 5 7 9 11 14 15 16 17 18 19 20 21 23 24 26 28 29 32 34 36 41 42 43 45 46 47 48 49 51 52 56 58 59 60 61 62 63 64 65 67 69 70 71 72 73 74 75 77 78 80 82 83 86 88 89 90 91 93 94 95 96 98 99 101 102 104 105 107 108 110 111 113 115 116 117 120 122 124 125 126 128 129 132 134 135 137 139 140 143 145 148 149 150 153 154 155 156 157 158 159 160 162 163 164 166 167 169 170 174 175 176 177 178 181 182 183 184 185 186 187 188 189 193 194 196 197 198 199
73 132 : 0 4 5 6 7 9 10 12 13 14 15 16 17 20 21 22 23 24 25 26 27 30 33 34 35 36 37 38 41 42 44 46 47 48 49 52 53 54 55 56 57 58 59 60 61 62 63 66 68 71 72 73 74 75 76 78 79 80 81 86 87 91 94 95 96 98 100 101 103 104 105 106 107 109 111 112 117 119 120 121 123 125 126 128 129 130 131 133 134 136 138 140 142 144 145 147 148 151 153 155 156 157 160 161 163 164 165 166 168 169 172 174 175 176 177 178 180 181 182 183 184 185 186 187 190 191 192 193 194 195 196 197
74 130 : 0 2 3 4 6 8 9 10 12 13 15 16 17 18 20 21 23 24 25 26 30 33 34 35 36 37 38 39 40 43 44 46 48 50 51 52 53 54 58 59 60 61 63 65 66 68 70 72 73 75 79 81 82 83 84 85 86 88 89 90 92 93 94 95 96 97 98 102 103 104 105 106 107 108 110 111 113 115 116 118 120 121 122 123 124 126 128 130 131 132 133 134 137 138 139 144 148 149 150 151 152 153 155 156 159 160 162 163 167 168 169 173 175 176 178 179 180 181 182 184 185 186 187 190 193 194 195 196 198 199
75 104 : 0 1 3 4 5 8 11 13 14 15 17 19 20 21 24 30 31 32 33 34 39 40 41 42 43 44 46 51 52 56 57 58 59 60 61 62 64 67 70 72 75 76 82 83 84 86 88 89 90 91 92 98 101 102 108 114 115 117 118 119 120 121 123 124 125 128 132 133 134 135 136 137 138 140 142 144 146 147 149 152 154 156 158 164 170 171 172 173 174 175 176 177 178 179 183 186 187 190 191 192 194 195 198 199
76 131 : 0 2 3 4 5 6 7 10 11 12 13 14 18 19 20 21 23 24 26 27 28 29 30 31 32 33 37 39 40 41 43 44 45 46 48 49 50 51 53 55 56 57 59 60 61 67 68 69 70 71 73 75 79 81 82 83 84 85 86 87 88 91 92 93 94 95 96 98 99 102 104 106 108 109 110 111 115 116 118 119 120 122 123 124 125 126 127 128 132 133 134 137 139 141 142 143 145 146 147 148 149 150 151 153 154 155 156 158 160 161 164 165 168 169 172 174 176 177 178 183 184 185 186 187 189 191 195 196 197 198 199
77 131 : 0 2 3 4 6 7 8 10 14 16 17 18 19 22 23 25 27 28 29 30 33 36 38 39 40 44 46 47 48 52 53 55 56 57 58 61 63 64 66 67 68 69 71 72 74 75 77 78 79 80 82 83 84 85 86 87 88 89 91 92 93 94 95 96 97 98 99 100 101 102 104 105 107 112 113 114 117 118 121 122 124 126 128 130 131 132 133 134 136 137 138 139 141 142 143 144 146 148 149 151 152 153 154 155 156 157 160 162 165 166 167 169 170 171 172 175 176 177 182 184 185 187 188 189 190 191 192 193 195 196 197
78 131 : 1 2 3 4 5 6 7 8 10 13 14 15 17 18 19 20 22 26 28 29 31 33 35 36 38 42 43 46 48 50 54 58 59 62 63 64 65 66 67 68 69 70 72 73 74 75 76 78 79 80 81 83 84 85 87 88 89 90 91 92 93 94 95 97 99 100 102 103 104 105 106 108 109 110 111 112 114 115 116 117 120 121 122 123 124 125 128 129 131 132 133 134 135 137 138 139 141 142 143 144 145 148 149 151 152 154 155 156 158 160 162 163 165 168 169 171 175 177 178 180 181 182 184 185 186 187 190 192 193 195 198
79 131 : 0 1 2 3 4 5 6 8 9 10 11 12 13 14 15 16 17 18 19 20 21 23 26 30 32 34 35 38 39 44 45 47 48 49 50 51 52 53 54 55 56 57 59 60 61 62 63 64 65 67 68 69 72 74 75 78 80 83 85 87 88 90 92 93 94 95 96 103 104 105 107 108 109 110 111 112 113 117 118 119 121 122 126 129 132 133 134 135 138 139 141 142 143 144 145 146 147 148 149 150 151 152 153 155 156 157 160 161 164 165 166 167 168 169 171 172 173 175 176 177 178 180 181 182 183 188 190 191 193 195 197
80 131 : 0 3 4 5 7 8 9 11 12 13 14 15 16 18 19 22 24 26 27 28 29 31 32 33 36 37 39 42 44 45 46 47 48 50 51 52 53 54 55 57 59 61 62 65 66 67 68 70 71 72 73 74 75 76 77 78 79 80 81 82 85 86 89 90 91 92 93 94 95 99 100 101 102 104 105 106 109 110 111 112 113 114 116 117 120 121 122 126 127 128 129 130 131 133 134 136 138 139 141 142 143 145 146 147 148 149 152 153 154 155 156 157 165 166 167 168 171 172 173 174 180 182 184 185 186 190 191 192 193 196 199
81 131 : 1 2 3 4 5 6 7 8 9 10 12 14 15 16 18 19 22 23 24 27 28 29 30 32 33 36 37 38 39 41 42 44 46 47 48 50 51 53 56 60 61 62 64 65 66 67 68 69 73 74 75 76 77 79 81 82 83 84 85 88 89 90 91 95 96 97 101 105 106 108 109 110 111 112 113 114 115 116 118 120 121 122 125 126 127 128 129 130 133 135 137 138 140 144 145 146 148 152 153 154 155 156 158 159 161 162 163 164 165 166 167 169 170 176 178 179 180 181 183 184 185 186 188 189 190 191 194 195 196 198 199
82 131 : 0 3 4 5 8 9 10 13 15 16 17 18 19 23 24 28 29 30 31 32 33 35 37 38 39 40 41 43 45 46 48 49 51 52 55 57 58 59 60 61 62 63 64 65 66 68 69 73 74 76 77 78 79 80 81 85 88 90 91 92 94 95 97 98 100 101 103 104 105 106 107 111 113 114 115 116 117 119 120 122 123 126 127 129 131 135 136 137 138 139 141 144 145 147 148 149 150 151 152 153 154 156 157 158 159 160 163 165 167 169 171 172 173 174 175 176 178 179 182 183 185 187 189 190 192 193 194 195 196 198 199
83 131 : 1 2 3 4 6 7 8 9 10 13 15 17 19 23 25 27 28 29 31 32 34 35 36 38 39 40 42 45 47 48 49 50 52 53 54 56 58 59 60 62 63 64 65 66 67 68 69 70 73 74 76 77 78 81 82 83 84 85 87 92 93 94 95 96 98 100 101 102 104 105 106 108 109 110 111 113 114 116 117 118 119 123 124 125 127 128 129 130 131 133 134 135 136 138 139 140 141 142 143 144 145 146 148 149 150 151 152 155 159 160 161 162 164 165 166 168 169 170 172 173 179 181 182 185 186 187 191 194 195 196 199
84 131 : 1 2 3 4 6 7 12 14 15 16 17 18 19 21 23 26 27 28 30 31 32 33 35 37 39 41 42 43 44 46 51 52 57 58 61 62 64 65 67 69 70 71 73 74 76 77 78 80 81 84 85 86 88 89 92 93 94 95 96 97 98 100 101 102 104 105 106 107 108 110 111 113 114 116 118 119 120 122 123 124 125 126 127 128 131 132 133 135 136 138 139 141 142 143 144 145 146 149 150 152 153 154 155 156 157 158 160 161 164 165 166 167 169 173 175 177 178 180 184 186 187 188 189 190 192 193 194 195 196 197 199
85 130 : 2 3 4 5 6 9 10 13 14 15 17 19 20 21 22 23 24 25 26 27 28 33 34 35 36 37 39 40 41 42 43 44 46 49 50 52 53 54 55 56 59 60 61 63 64 67 68 69 71 73 74 77 78 79 80 81 83 87 88 89 90 92 93 94 95 96 97 100 103 104 105 106 107 111 113 114 115 116 120 122 123 125 127 129 132 134 136 137 139 140 141 142 143 145 148 149 150 152 153 155 156 157 158 159 160 161 162 165 166 168 172 173 174 175 176 178 179 180 181 182 183 184 185 186 188 189 193 195 197 198
86 131 : 0 2 3 4 7 8 9 10 12 18 19 22 23 25 30 31 35 36 37 38 39 40 46 48 49 51 53 56 57 59 60 62 63 64 66 67 68 69 70 71 72 74 76 77 78 79 81 82 83 87 88 89 90 92 93 94 95 96 97 98 100 102 103 104 106 107 109 110 112 113 116 118 119 120 121 123 125 126 127 129 130 132 133 134 136 137 138 139 143 144 146 148 149 150 151 152 153 154 155 156 157 158 159 160 161 162 163 164 167 169 170 171 173 174 175 178 179 180 181 182 183 184 185 186 188 190 192 193 196 198 199
87 131 : 0 1 2 3 4 5 8 9 10 11 12 15 16 18 20 21 23 25 26 27 28 29 30 31 33 35 36 38 40 41 43 44 45 46 49 50 51 52 54 55 56 57 59 62 63 65 67 68 69 70 71 72 75 76 77 79 82 85 87 88 89 90 92 95 97 99 100 102 104 105 106 107 108 109 110 111 112 113 115 116 117 118 122 123 126 127 128 131 132 133 135 137 138 139 140 141 142 143 145 147 148 149 150 151 155 156 157 158 159 160 161 163 164 168 169 171 172 173 176 177 178 179 181 187 189 190 192 194 195 196 199
88 131 : 1 2 3 5 8 9 11 12 14 15 16 17 18 19 21 22 24 27 28 29 30 33 34 36 37 39 40 41 42 45 46 47 48 49 51 52 53 54 55 56 57 58 59 61 62 63 64 67 68 70 71 73 74 75 76 77 79 81 82 83 84 85 86 87 88 90 92 96 98 100 101 103 104 106 108 109 110 111 113 115 116 117 120 121 125 126 128 130 132 133 134 135 136 137 138 140 141 142 144 145 146 147 148 149 150 153 155 162 164 167 168 170 172 174 175 176 177 178 182 183 186 187 188 189 191 192 193 194 195 196 197
89 130 : 1 2 4 5 6 7 8 9 10 12 13 14 17 18 19 20 21 22 23 24 26 28 29 30 31 35 37 38 39 40 41 42 44 45 47 48 49 51 53 57 58 59 60 62 63 64 65 66 67 68 69 70 72 73 74 79 81 82 83 84 85 86 87 88 93 94 99 103 104 105 108 109 110 113 114 115 116 117 118 119 120 121 123 124 126 128 130 132 134 136 137 138 141 142 143 144 146 147 149 150 151 152 153 154 155 156 159 161 164 165 166 167 168 170 171 172 174 179 180 181 182 183 184 185 188 189 190 195 198 199
90 131 : 0 2 3 5 6 7 8 10 12 13 14 15 16 17 18 20 21 22 23 25 26 29 30 31 32 33 34 35 37 39 40 41 42 43 44 45 46 47 48 49 50 52 58 60 61 62 63 65 66 68 69 70 71 72 73 75 77 78 79 81 82 84 85 86 87 89 93 94 96 97 101 103 104 107 108 112 113 115 116 117 119 121 122 124 125 126 128 129 131 132 133 134 135 136 137 138 140 142 143 144 145 147 148 149 152 154 156 157 159 160 161 165 166 168 169 170 171 173 174 177 179 181 184 185 186 187 188 191 192 194 197
91 130 : 0 2 5 6 7 8 9 10 11 13 15 18 19 20 21 23 24 26 27 28 29 32 33 36 39 40 42 43 46 47 48 49 50 52 53 54 55 56 57 58 59 60 62 63 66 67 68 69 71 72 74 76 77 79 80 81 83 86 88 89 90 91 95 96 97 99 101 103 105 106 108 109 110 111 114 115 117 118 119 122 123 125 126 127 128 129 130 131 132 134 135 137 138 139 141 148 150 151 152 153 155 156 157 158 159 160 163 165 167 169 171 172 173 175 176 180 181 183 184 185 188 189 190 191 192 193 194 195 198 199
92 101 : 0 1 2 4 5 6 11 13 14 15 19 24 25 26 32 34 35 36 37 39 40 42 43 44 45 46 47 48 50 51 52 56 58 60 62 63 64 66 67 70 72 73 75 76 78 80 82 83 88 97 99 100 103 105 108 114 118 119 120 124 125 127 128 131 133 134 135 138 140 141 142 143 144 146 147 149 152 154 155 158 159 162 164 167 168 170 171 172 175 177 178 179 186 187 188 190 191 194 195 198 199
93 131 : 0 1 2 3 4 9 10 11 12 14 15 16 17 18 19 20 21 23 24 25 26 29 31 33 34 35 36 37 38 39 41 42 44 47 50 52 54 55 58 60 63 65 66 67 68 70 71 73 75 76 78 80 81 82 83 84 85 86 88 89 91 92 93 95 97 98 99 101 102 103 104 105 106 107 108 109 110 112 113 114 115 117 118 120 121 122 123 125 126 127 128 129 130 132 133 137 138 142 144 145 148 150 151 152 153 155 157 159 160 161 162 163 164 165 166 168 171 172 174 177 180 187 188 190 191 192 193 195 196 197 199
94 130 : 1 6 8 9 11 12 13 14 15 17 18 19 22 23 24 25 27 28 29 30 33 36 38 40 41 42 43 45 47 48 49 50 52 53 54 55 58 59 60 63 64 65 66 67 69 72 73 74 75 77 79 80 81 82 83 84 85 86 87 89 90 92 93 95 97 102 103 104 106 107 108 110 112 115 116 117 118 119 121 122 123 124 125 126 127 129 131 132 133 135 138 139 140 141 142 143 145 147 150 151 153 154 155 157 159 161 162 163 164 166 167 169 172 174 175 177 178 179 180 181 183 185 187 188 189 193 194 196 197 199
95 131 : 0 4 6 7 8 9 10 11 12 14 16 17 18 19 20 21 23 26 27 28 30 31 32 33 34 35 37 38 40 43 44 49 52 53 54 55 56 57 58 60 61 62 63 64 65 66 67 68 69 71 72 73 75 76 77 84 86 88 89 90 93 96 97 98 99 100 101 102 104 105 106 107 109 111 112 115 116 118 119 120 121 123 126 127 128 129 130 131 132 133 135 136 137 138 139 141 142 143 147 148 149 151 152 153 154 155 156 157 158 161 162 166 167 168 170 171 173 175 178 180 181 183 184 187 189 190 191 192 194 195 196
96 130 : 1 2 4 5 6 7 8 11 12 13 14 15 16 17 18 19 21 23 27 28 29 31 32 33 34 35 37 38 39 40 41 42 43 45 46 47 49 50 51 52 53 54 56 57 58 59 60 62 64 70 71 73 74 76 77 78 79 80 81 83 84 85 86 87 88 89 90 94 95 96 97 98 100 101 103 104 106 107 108 109 110 111 112 115 116 117 120 121 122 123 124 125 132 133 137 140 141 143 146 148 149 152 153 155 157 159 164 165 166 167 169 171 172 173 178 179 180 182 183 184 186 189 190 191 192 193 195 197 198 199
97 131 : 0 1 2 3 4 5 6 9 10 14 15 16 27 28 29 30 31 32 33 34 35 36 40 41 42 43 44 46 48 49 51 52 54 56 57 58 60 61 62 63 64 65 66 67 68 69 70 71 72 73 74 75 77 80 81 82 85 87 90 92 94 95 97 103 104 105 106 108 109 110 112 114 115 116 117 118 119 120 121 122 124 126 128 129 131 132 133 134 136 137 139 140 141 142 143 144 145 147 148 150 151 152 153 154 155 156 157 160 161 163 164 165 171 172 173 174 175 176 179 180 182 183 185 186 187 190 193 194 196 197 198
98 130 : 0 1 2 3 6 7 8 9 10 11 12 13 15 16 17 18 19 21 24 26 27 28 31 32 33 34 35 38 39 40 41 42 43 44 45 46 47 48 49 52 54 55 57 58 59 60 62 65 69 70 71 72 73 74 75 76 77 79 82 84 85 89 90 92 94 96 97 98 99 101 102 103 105 107 108 111 112 113 115 116 119 121 122 123 124 126 131 132 135 136 139 140 141 142 144 147 151 152 153 154 155 156 157 158 159 160 162 164 165 168 171 172 174 175 176 181 183 184 185 186 187 188 189 190 192 193 194 195 196 199
99 131 : 1 2 4 7 8 9 10 11 12 14 16 19 21 22 23 25 26 27 29 30 32 33 34 37 39 40 41 42 43 45 47 49 50 51 53 54 55 56 57 59 60 62 63 64 66 68 69 70 72 73 75 76 77 79 80 81 83 84 86 87 88 90 91 93 94 95 96 97 99 100 101 102 104 105 107 108 109 110 112 113 114 116 120 121 122 123 124 127 128 129 130 131 136 139 140 141 142 143 145 146 147 148 150 151 152 156 157 161 162 164 165 167 172 175 176 177 179 180 183 184 185 187 188 189 190 191 194 195 196 197 199
100 130 : 0 1 3 6 8 10 13 14 16 17 19 21 23 24 25 26 27 28 30 31 33 34 35 36 38 40 42 43 44 45 46 47 48 49 50 51 53 54 55 57 58 59 60 61 62 67 69 71 72 73 75 76 77 78 79 80 81 82 87 89 90 91 94 95 96 97 100 101 104 105 106 107 108 109 114 116 117 118 119 120 123 125 126 128 129 130 132 134 135 137 138 139 140 141 145 146 147 149 152 153 154 155 156 157 158 159 161 162 163 164 167 168 169 171 172 173 174 177 179 180 181 182 184 185 186 189 195 196 197 199
101 130 : 0 2 4 5 7 8 9 11 12 13 14 15 16 17 18 22 23 25 26 27 29 30 31 36 38 39 40 43 45 46 47 49 50 51 52 53 54 55 56 57 58 60 61 63 64 65 66 68 70 73 74 75 78 79 80 82 83 84 85 86 87 88 90 92 94 95 99 101 102 103 105 106 109 110 111 112 113 114 115 116 117 119 121 122 123 126 127 128 131 132 133 139 140 143 145 147 148 149 150 151 152 153 155 157 158 159 160 162 163 165 166 168 170 171 172 173 174 175 176 178 180 181 182 185 187 189 190 196 198 199
102 130 : 2 6 7 8 9 10 11 12 13 14 15 16 17 19 20 22 23 24 25 26 27 30 31 34 35 36 39 40 41 42 44 47 48 49 50 51 52 53 54 55 56 59 60 61 63 65 68 70 71 72 73 74 76 77 78 81 82 84 87 88 89 90 91 92 93 96 97 98 99 102 103 104 105 107 108 111 112 118 119 121 122 123 128 129 130 132 133 136 138 139 140 141 143 145 147 148 149 150 154 155 156 157 158 159 160 162 163 164 165 166 168 170 171 172 174 178 179 182 183 184 185 188 189 190 192 193 194 195 196 199
103 129 : 0 2 3 5 6 7 9 11 12 13 15 17 18 20 21 23 25 27 28 29 30 31 32 34 36 37 40 41 44 45 48 50 53 54 55 57 58 59 61 63 65 66 67 68 69 71 72 73 74 75 77 79 80 84 85 86 88 89 90 93 94 96 97 98 99 100 101 102 103 104 106 107 110 111 112 114 115 118 119 121 124 125 126 129 131 134 135 136 139 141 142 143 144 145 146 148 149 150 151 152 153 156 157 158 159 160 161 162 166 169 171 172 173 174 175 178 181 182 183 186 187 188 192 193 194 195 196 197 199
104 104 : 0 1 4 5 7 8 11 13 15 17 19 20 21 22 25 26 27 29 31 32 34 36 39 40 41 42 43 44 46 47 51 57 58 59 61 62 63 64 65 67 70 72 76 81 82 83 84 86 91 92 93 96 98 99 101 102 103 105 108 109 112 114 115 116 118 119 123 124 125 127 132 133 134 135 137 138 140 144 145 146 149 152 154 158 160 167 169 170 171 172 173 175 177 178 179 185 186 187 188 189 190 191 195 198
105 130 : 2 3 4 6 9 10 11 12 13 14 15 16 17 18 19 20 23 24 25 27 29 30 31 32 33 34 35 41 42 43 47 49 51 53 54 57 58 60 61 63 64 66 68 69 70 72 75 76 77 79 80 82 83 86 87 89 90 91 92 93 94 95 97 99 101 103 104 105 106 109 113 115 117 119 122 124 125 126 128 129 130 131 132 133 134 137 140 141 142 143 146 147 148 149 152 153 154 155 156 157 158 159 160 162 163 164 165 166 168 170 175 176 177 178 179 180 181 182 183 184 185 187 189 190 191 193 194 196 197 198
106 129 : 0 1 2 4 5 6 7 8 9 10 13 14 16 17 25 26 28 29 32 34 35 38 40 41 42 44 45 46 47 48 52 53 54 55 57 58 59 60 64 65 67 68 69 70 71 73 76 78 79 81 82 83 84 85 86 88 89 90 91 93 95 96 100 101 102 105 106 107 109 110 112 115 116 117 118 119 120 121 122 123 124 125 126 127 128 129 130 133 134 135 140 141 142 143 144 145 147 148 149 150 152 153 160 161 162 163 164 165 166 167 168 169 170 171 172 173 176 178 182 183 184 185 187 188 189 190 191 193 194
107 130 : 3 5 8 11 16 17 18 19 20 22 23 24 25 26 27 29 31 32 33 34 35 37 38 40 41 44 46 48 50 53 54 55 56 59 60 61 63 65 66 68 70 72 74 75 77 78 79 82 83 85 86 87 88 90 94 95 97 98 99 100 102 104 105 106 107 109 110 111 112 113 115 116 117 119 120 122 123 124 125 126 129 130 131 132 133 134 135 137 139 140 141 142 143 144 145 146 147 151 152 153 154 155 157 158 159 160 161 163 167 169 170 171 172 173 175 176 177 181 184 185 186 189 190 191 192 193 195 197 198 199
108 130 : 1 2 4 5 7 9 11 14 15 16 17 19 21 22 24 25 26 27 28 29 30 31 32 33 35 36 39 40 41 42 43 45 46 47 48 49 50 55 56 57 58 61 63 64 65 66 67 68 70 71 75 79 81 82 83 84 86 87 88 90 92 95 96 97 99 100 101 102 103 104 107 108 109 110 111 112 113 116 117 119 120 121 122 124 126 127 128 129 131 133 137 139 141 142 144 145 146 148 149 150 152 153 155 157 158 159 160 162 163 166 167 168 170 171 172 174 176 177 179 182 184 185 187 189 192 193 194 195 198 199
109 130 : 0 1 2 3 5 6 9 10 11 12 16 17 18 19 21 22 23 24 25 26 27 29 30 31 32 33 34 35 39 40 41 42 44 45 48 54 55 56 60 61 62 63 65 66 67 68 69 70 73 76 78 79 80 82 83 84 87 88 89 90 92 93 94 96 97 98 102 103 104 106 107 108 109 110 112 113 114 116 117 120 121 122 124 125 126 127 128 129 130 131 132 133 135 136 137 138 139 140 142 143 146 149 150 152 155 156 157 158 160 161 162 163 164 166 167 170 171 173 175 178 179 180 181 183 184 190 191 192 194 199
110 130 : 0 3 6 7 8 9 10 11 12 15 17 18 19 21 22 24 25 26 27 28 29 30 33 37 38 39 41 44 45 46 47 48 50 51 52 53 56 58 59 61 63 64 67 68 69 71 73 74 76 77 78 79 82 84 85 87 88 90 91 93 94 95 97 99 100 102 103 104 109 110 111 112 113 114 116 117 120 122 123 125 127 128 129 130 132 134 136 137 140 142 143 146 147 148 149 150 151 152 153 154 156 157 158 159 160 163 165 167 169 172 174 175 179 180 181 182 183 184 185 186 187 188 189 192 193 194 195 196 198 199
111 105 : 0 1 3 5 6 8 11 12 13 15 18 19 20 21 24 25 26 29 31 32 33 34 35 37 39 40 41 42 44 51 54 56 58 59 60 61 62 63 64 65 66 67 70 72 76 80 81 82 83 85 88 91 92 93 97 98 101 103 104 108 111 113 114 115 118 119 121 122 125 129 130 131 133 134 135 140 141 142 144 146 147 149 150 154 158 160 164 166 169 170 171 172 177 178 179 186 187 188 190 193 194 195 196 198 199
112 130 : 1 2 4 5 7 8 9 10 11 13 14 16 18 21 22 24 26 29 30 31 32 33 35 37 38 39 41 42 43 45 46 49 50 51 52 53 54 57 58 59 61 62 63 64 67 68 69 72 74 75 76 78 81 82 83 85 86 87 88 89 91 93 94 95 98 100 101 102 103 104 105 106 108 109 112 113 115 116 118 120 121 124 126 127 128 129 130 131 132 134 135 137 139 140 141 142 143 144 146 147 148 149 150 152 153 154 155 156 157 158 159 162 163 167 168 170 173 174 175 176 178 179 183 188 190 191 192 195 197 199
113 130 : 1 2 3 4 6 7 8 10 11 12 16 17 18 20 21 22 23 25 27 28 29 30 31 32 35 36 38 40 43 44 45 46 48 49 50 52 53 54 55 57 58 59 61 62 64 65 68 69 70 71 74 77 78 80 81 83 84 85 86 89 90 91 95 96 97 98 99 101 102 103 105 106 107 108 109 111 113 114 115 116 118 120 121 122 129 130 131 132 134 136 137 138 139 143 144 150 151 153 155 156 157 158 159 160 161 164 165 167 170 171 172 173 178 179 180 181 183 184 185 186 188 189 190 191 192 193 194 195 198 199
114 130 : 0 1 2 3 6 7 8 9 11 12 13 16 17 18 19 22 23 24 25 26 27 28 30 32 37 40 42 43 45 47 49 50 51 52 53 54 55 56 57 60 61 63 64 65 66 67 70 71 72 75 76 78 79 80 82 84 85 86 87 88 89 91 93 95 96 98 100 101 103 104 105 106 107 109 114 115 118 121 122 123 124 125 126 127 128 129 132 133 134 135 136 137 139 141 142 143 144 146 148 151 152 153 155 156 157 159 161 162 163 164 165 166 167 169 172 173 174 175 176 179 180 182 183 184 187 190 193 195 197 198
115 130 : 0 3 4 5 6 8 9 10 11 14 15 16 17 18 19 20 22 23 25 27 29 30 31 33 36 39 40 41 43 45 46 47 48 49 50 51 53 54 55 56 57 58 61 63 65 71 72 74 75 76 77 78 81 82 84 89 90 94 95 96 97 98 99 100 101 105 107 108 109 111 112 114 115 116 117 120 121 122 123 124 125 126 128 130 131 132 135 136 137 138 139 141 142 143 146 147 148 149 151 153 155 156 157 158 160 162 163 166 167 169 172 174 176 177 179 180 183 184 185 186 187 188 189 191 192 193 195 196 197 198
116 103 : 0 1 3 5 6 8 11 12 13 15 16 19 20 21 22 23 24 25 26 31 32 34 36 38 39 40 42 43 44 45 46 49 51 54 56 61 62 64 67 68 69 70 73 74 75 76 78 79 80 82 92 98 99 100 108 109 114 115 116 118 119 120 124 125 127 130 132 133 134 135 136 138 139 140 142 144 146 147 149 151 153 157 159 160 161 165 170 171 172 173 175 177 178 179 184 186 187 188 190 191 194 196 199
117 130 : 0 2 3 5 6 8 10 11 12 16 17 21 22 23 24 25 26 27 30 33 37 38 39 40 41 42 44 47 49 50 54 55 56 58 60 61 62 63 64 65 66 67 68 69 71 72 74 75 77 78 80 81 82 83 84 85 86 87 88 90 91 92 93 94 97 98 99 100 102 105 107 108 109 110 112 113 115 117 119 120 122 125 127 128 129 131 132 134 136 137 138 139 140 145 146 147 148 149 151 155 157 158 159 162 163 164 165 166 167 168 171 173 174 175 177 181 182 185 186 187 188 190 191 192 194 195 196 197 198 199
118 130 : 0 1 3 4 6 7 8 9 10 11 12 13 14 16 17 19 20 21 22 23 24 25 26 27 28 29 30 32 33 34 36 37 39 40 41 42 43 44 45 46 48 49 50 51 52 53 55 56 57 58 64 65 67 69 70 72 73 74 75 76 77 78 79 81 83 84 85 86 90 94 95 96 97 98 99 100 101 105 106 107 111 112 113 116 117 119 120 121 123 129 131 133 134 135 137 138 139 140 143 145 146 147 148 151 152 154 156 158 160 161 165 168 169 170 171 172 173 175 176 180 181 184 185 188 189 190 193 194 195 199
119 130 : 0 2 3 4 5 7 9 11 12 14 16 17 18 19 20 21 22 24 26 29 32 33 34 36 37 38 39 42 43 45 47 49 53 54 55 56 57 59 61 63 64 65 66 68 69 70 71 72 73 75 76 77 78 79 80 81 82 85 88 89 90 91 92 93 94 95 96 97 98 99 102 103 104 106 107 110 113 115 116 117 118 119 120 122 123 125 126 127 129 133 134 135 136 137 138 139 141 142 143 149 151 152 153 156 158 161 162 164 165 166 168 169 171 172 173 174 175 176 178 179 181 184 185 188 191 193 195 197 198 199
120 130 : 0 1 2 3 6 7 8 9 10 19 21 22 23 25 27 29 30 31 32 33 35 36 39 41 42 43 46 47 48 49 51 52 53 54 55 56 58 60 62 64 68 70 71 72 74 76 77 79 80 82 83 85 89 90 92 93 94 95 97 98 100 101 102 103 106 107 109 110 111 113 115 116 117 118 120 121 122 123 124 126 127 129 130 133 135 137 138 139 141 143 144 147 148 150 151 152 153 154 155 156 157 158 159 162 163 164 167 168 169 172 173 174 175 177 178 179 181 182 185 186 188 189 190 191 192 193 194 195 197 199
121 130 : 1 2 3 4 6 7 12 13 15 16 17 19 20 22 23 24 25 26 28 30 31 32 33 34 35 38 43 45 46 47 48 50 51 52 53 54 57 58 59 62 63 64 65 66 69 70 71 72 73 75 77 80 82 83 84 85 87 88 90 92 94 95 97 98 99 101 102 104 105 106 107 108 110 111 115 116 118 119 120 122 124 125 126 127 128 131 133 136 137 138 140 141 143 144 145 146 147 149 150 151 154 157 159 160 161 163 164 165 166 168 170 171 174 175 176 177 179 183 185 186 188 189 190 191 192 193 194 195 197 199
122 130 : 1 2 3 4 6 7 8 9 10 11 12 13 15 16 20 25 27 30 31 32 33 34 36 37 38 39 41 42 43 48 49 50 54 56 57 58 60 61 63 65 66 67 68 70 72 74 76 78 79 80 81 82 83 84 85 86 87 88 89 90 93 94 95 96 98 99 101 103 104 105 106 109 110 111 113 114 116 118 119 121 123 125 126 127 128 129 131 132 133 134 135 137 138 139 140 141 142 144 147 148 149 152 154 155 156 157 159 160 161 162 163 164 166 167 168 169 170 171 173 174 176 178 179 181 184 188 189 192 195 197
123 106 : 0 1 6 8 9 11 12 13 14 15 16 19 20 21 23 24 25 26 30 31 32 34 36 39 40 41 43 44 45 51 54 58 60 61 62 64 67 68 69 70 71 72 75 76 80 81 82 83 87 89 91 92 96 97 98 102 106 107 108 111 112 114 115 118 121 124 125 130 131 132 133 135 138 139 140 144 145 146 147 149 152 154 155 158 159 162 169 170 171 173 175 176 177 178 179 180 184 186 187 188 190 191 194 195 197 199
124 105 : 0 1 2 3 5 8 11 13 19 20 21 24 25 26 27 28 31 32 33 34 35 36 38 39 40 41 42 43 44 45 46 50 51 53 58 61 62 63 64 67 69 70 71 72 76 82 83 84 87 88 91 92 98 100 101 102 108 111 112 113 114 115 118 119 121 123 124 125 126 127 130 133 135 136 138 140 141 144 145 146 147 149 156 158 160 161 162 167 170 171 172 174 177 178 179 180 186 187 188 189 190 191 194 196 199
125 130 : 1 2 3 4 5 8 9 10 12 13 16 17 19 21 23 24 25 26 27 28 32 33 34 35 36 37 40 41 42 43 44 47 48 49 50 51 52 54 55 57 58 59 60 61 62 63 65 66 67 68 69 73 75 77 78 80 81 82 84 86 87 90 92 94 98 99 100 101 104 105 106 107 109 112 114 115 116 117 118 120 121 122 123 124 127 128 130 134 136 138 140 144 146 147 149 150 151 152 153 154 155 156 157 158 159 161 164 166 167 168 169 171 174 175 176 177 178 180 181 182 183 186 189 190 191 192 194 197 198 199
126 130 : 0 2 4 5 6 7 8 10 11 16 18 19 20 22 23 24 26 28 29 30 31 34 36 37 38 39 40 41 42 45 47 48 49 50 52 53 54 55 57 60 62 63 64 65 66 67 69 71 72 73 75 76 78 80 82 83 85 86 88 89 90 93 95 97 98 99 101 102 103 104 105 107 110 112 114 115 116 118 120 122 123 126 127 129 130 131 132 133 134 135 138 139 140 142 143 147 148 149 150 153 154 155 156 157 159 160 161 162 163 164 165 169 170 172 174 175 176 179 180 181 184 185 187 189 190 192 194 195 197 198
127 130 : 1 2 3 4 7 8 9 11 12 13 15 16 17 20 21 22 23 26 28 30 33 35 37 38 44 45 46 48 49 50 51 52 53 54 55 56 58 59 62 63 64 65 66 67 68 71 72 73 74 75 81 82 83 84 85 86 87 88 89 90 91 92 94 96 97 98 99 100 101 102 103 104 106 107 110 111 114 115 117 118 121 122 123 125 126 127 129 131 132 134 136 137 138 140 142 144 145 149 152 153 155 157 158 159 161 163 165 166 167 169 171 172 175 176 178 179 180 181 182 184 185 186 187 189 190 191 193 195 198 199
128 130 : 0 1 2 4 7 8 9 12 13 14 15 16 17 18 20 21 22 23 26 28 29 30 31 32 34 36 40 41 44 45 46 47 48 49 50 51 53 54 55 59 61 64 65 67 68 69 70 71 74 75 77 78 79 80 82 83 84 87 89 90 92 93 94 95 96 97 100 102 103 104 105 107 108 109 110 111 114 115 116 117 121 122 123 124 125 126 129 130 131 134 136 139 140 141 142 143 144 145 148 149 150 152 153 155 156 159 160 162 165 167 168 169 170 172 173 175 178 180 181 183 184 185 186 189 192 194 196 197 198 199
129 109 : 0 1 2 3 5 6 7 8 10 11 12 13 14 15 16 17 19 20 21 22 24 25 26 31 32 34 36 37 39 42 43 44 46 51 52 55 56 57 58 59 61 62 63 64 67 69 70 72 76 79 80 82 83 88 90 91 92 93 97 98 108 110 111 114 115 117 118 119 124 125 133 137 138 140 142 146 147 149 150 154 156 157 158 161 166 167 170 171 172 174 175 177 178 179 181 182 184 185 186 187 188 189 190 191 192 194 195 198 199
130 101 : 0 2 5 7 8 9 10 11 13 19 20 21 24 25 28 31 32 34 38 39 40 42 43 44 45 46 48 49 51 53 56 58 61 62 64 67 68 69 70 71 72 73 75 76 83 84 85 86 87 88 92 96 97 98 101 105 108 109 110 114 118 119 122 123 124 125 133 135 138 143 144 145 146 147 149 151 154 155 157 158 160 162 166 167 170 171 172 174 175 177 178 179 184 187 190 191 192 194 195 198 199
131 130 : 1 3 4 5 10 13 14 15 17 21 22 23 25 27 28 29 31 32 33 35 36 37 38 40 42 43 44 45 47 48 49 50 51 52 53 54 55 57 58 60 63 64 65 66 68 70 72 74 75 77 78 79 81 83 84 85 87 88 90 91 92 94 95 98 103 104 108 109 110 111 112 115 116 117 118 119 120 121 122 123 124 125 126 127 128 129 130 131 134 135 136 137 141 142 143 144 147 150 151 153 156 157 158 159 161 163 164 165 168 169 171 173 174 175 176 178 180 183 184 185 186 187 188 189 190 192 193 196 197 198
132 108 : 0 1 2 3 5 7 8 9 11 15 16 17 18 19 20 21 24 25 26 29 31 32 34 35 36 38 39 40 41 42 43 44 45 46 48 49 51 56 58 61 62 64 65 67 68 70 71 72 73 75 76 80 82 83 85 86 89 90 91 92 93 98 102 104 105 113 114 118 119 121 124 125 127 130 133 135 136 138 140 143 146 147 149 154 158 160 163 166 168 170 171 172 175 177 178 179 185 186 187 188 189 190 191 194 195 196 198 199
133 130 : 0 1 3 4 6 7 8 9 11 12 13 14 15 17 18 20 21 22 23 24 28 29 33 36 37 38 40 41 44 46 47 48 49 50 51 52 53 54 55 56 57 58 60 62 64 65 66 67 68 69 73 74 75 76 77 80 83 84 86 87 88 90 92 93 94 95 97 98 99 102 103 104 106 107 108 110 111 114 117 118 119 120 121 122 123 124 127 129 130 131 133 134 135 136 139 141 142 144 146 148 149 151 153 157 158 159 160 161 162 163 164 168 169 170 171 173 174 179 180 181 183 185 187 188 189 191 192 196 198 199
134 105 : 0 1 5 8 12 13 15 18 19 20 21 24 25 26 27 31 32 34 36 37 38 40 42 43 47 48 51 52 56 58 61 62 64 65 66 67 70 72 73 74 76 78 82 83 86 90 91 92 96 98 101 105 111 114 115 117 118 119 124 125 128 130 133 135 137 138 139 140 141 144 146 147 149 150 151 153 154 155 158 161 165 166 167 168 170 171 172 177 178 179 182 183 186 187 188 189 190 191 192 193 194 195 197 198 199
135 103 : 0 1 5 8 11 13 15 19 20 21 24 25 26 29 31 32 33 34 36 38 39 40 41 43 44 45 46 47 48 51 55 56 58 59 61 62 64 67 69 70 71 72 75 76 79 80 81 82 84 85 90 91 92 94 95 97 98 99 102 105 107 108 111 112 114 115 117 124 125 127 130 133 135 138 140 144 146 147 149 153 154 156 157 162 164 167 168 171 172 174 175 177 178 179 181 186 187 188 190 191 192 194 199
136 131 : 0 2 3 4 5 7 8 9 10 11 13 15 16 18 19 20 21 24 25 26 27 28 30 31 32 33 35 36 37 38 39 41 43 45 47 48 49 50 51 52 54 55 56 62 65 67 68 69 70 71 73 74 75 77 78 79 81 82 83 84 85 86 88 91 94 95 97 98 99 100 101 102 103 104 106 108 109 110 111 112 114 116 117 119 122 127 128 129 130 131 132 133 134 137 142 143 144 148 150 151 153 154 155 156 158 160 161 162 166 167 168 170 172 174 175 177 178 179 180 181 182 183 185 187 190 191 192 193 194 197 198
137 101 : 0 1 3 10 11 12 13 15 16 19 20 21 25 26 28 31 32 34 35 36 37 39 40 42 43 44 45 46 47 50 51 52 55 56 57 60 61 62 63 64 67 68 70 72 75 76 78 81 82 83 85 88 89 92 95 98 106 108 110 114 115 116 117 119 124 125 128 130 132 133 135 137 138 140 141 142 144 145 147 149 151 154 158 160 165 171 172 173 174 175 177 186 187 188 189 190 191 194 195 198 199
138 105 : 0 4 5 8 11 13 15 18 19 20 21 22 25 26 30 31 32 34 36 39 40 42 44 45 46 47 48 50 51 52 56 58 61 62 64 67 70 72 73 74 76 81 83 87 88 89 91 92 93 95 96 98 100 102 107 113 114 115 116 117 118 125 126 127 128 131 133 135 137 138 140 141 143 144 147 149 153 154 157 158 160 162 164 166 169 170 171 172 175 177 178 179 180 183 186 187 188 190 191 193 194 195 197 198 199
139 130 : 2 3 4 5 6 8 9 11 13 14 16 17 18 19 21 23 24 26 27 28 29 31 32 34 36 37 39 43 44 46 47 48 50 55 57 58 59 60 61 63 64 66 67 68 69 70 71 73 74 75 76 78 79 80 82 83 84 86 87 90 91 94 95 96 97 99 100 101 102 103 104 106 107 108 110 111 112 114 115 116 117 120 125 127 129 133 134 135 136 137 138 141 142 144 146 147 148 150 151 152 154 155 156 157 158 159 160 161 162 163 165 166 167 169 174 176 178 180 181 182 184 185 186 187 188 191 192 193 195 196
140 130 : 0 1 2 5 7 8 9 10 11 12 14 15 16 17 18 20 22 25 26 27 28 30 33 34 36 37 38 39 40 42 44 50 51 52 54 55 56 57 60 61 62 63 64 65 66 70 72 73 75 77 78 80 81 82 83 84 85 86 87 88 90 91 92 93 95 96 100 103 104 106 107 108 109 111 112 113 114 115 116 118 121 122 123 124 125 128 130 131 132 133 134 136 137 139 140 141 144 145 146 147 148 150 152 154 155 156 157 158 162 166 167 169 170 175 176 178 179 180 181 183 186 187 188 192 193 195 196 197 198 199
141 130 : 1 2 4 7 8 9 10 11 12 14 16 17 18 19 20 22 23 27 29 30 31 33 34 36 38 39 40 43 47 48 49 50 51 52 53 55 56 57 58 59 61 65 66 67 68 70 71 73 75 77 79 80 81 82 84 86 89 91 92 93 95 96 97 98 100 101 102 103 104 105 108 110 111 112 114 115 116 117 123 126 127 129 130 132 133 134 135 136 137 138 142 143 144 147 148 150 151 152 157 160 161 162 163 164 165 167 168 171 172 174 175 177 178 179 180 181 184 185 186 187 188 189 190 191 192 193 194 196 197 199
142 130 : 0 6 8 12 14 15 16 19 20 21 22 23 24 25 26 27 30 32 33 34 35 39 41 42 43 47 51 53 54 56 57 59 60 61 63 64 66 68 69 71 72 73 74 76 77 78 80 81 82 83 84 89 90 91 92 95 96 97 98 99 101 102 103 105 106 107 108 112 113 117 118 119 120 125 126 127 128 129 132 133 134 135 137 139 140 141 142 144 145 146 147 150 153 154 155 156 157 158 160 161 162 163 164 166 167 168 169 170 171 172 173 175 179 180 181 182 183 184 185 188 189 190 191 192 193 194 196 197 198 199
143 101 : 0 4 5 7 8 11 13 15 16 19 20 23 24 25 26 27 31 34 35 36 39 40 42 43 44 45 46 48 51 55 56 58 59 62 64 66 67 70 71 72 76 77 82 83 86 90 91 93 96 99 101 102 111 113 114 115 119 121 122 124 125 126 129 132 133 135 136 138 140 142 143 145 146 149 154 156 158 160 161 167 170 171 172 175 176 177 178 179 184 185 186 187 188 189 190 191 194 195 196 198 199
144 130 : 0 1 2 3 4 5 6 7 10 12 15 16 19 21 23 24 26 27 28 29 30 33 35 36 37 38 39 40 41 42 46 51 52 53 56 59 61 63 64 65 66 67 69 70 71 73 75 76 77 78 80 82 83 84 85 87 88 89 90 92 94 96 97 98 99 100 101 102 103 104 105 106 107 109 110 111 113 114 115 116 120 125 126 127 128 129 130 131 132 133 134 135 136 137 140 141 143 146 148 149 150 151 153 157 158 160 163 164 165 166 167 168 169 170 173 175 176 178 181 182 183 184 185 186 188 189 190 192 197 198
145 130 : 1 2 6 7 8 9 10 11 14 15 16 17 18 19 20 21 22 23 28 29 34 35 38 40 41 42 43 46 47 49 51 53 54 57 59 60 61 63 64 65 66 67 69 71 72 74 76 77 78 79 81 82 83 85 87 89 90 91 92 93 94 95 96 97 99 100 101 102 106 107 108 109 110 112 113 115 116 117 119 121 122 123 124 125 126 127 128 129 131 133 134 135 136 138 141 142 144 145 146 147 149 150 155 156 157 158 160 162 163 165 166 168 169 170 172 173 174 176 178 179 181 185 187 189 190 191 192 193 196 197
146 130 : 0 1 4 6 7 8 10 11 12 14 15 17 18 19 20 21 23 24 26 27 28 29 30 31 34 35 37 38 39 40 41 42 45 47 48 49 50 51 52 53 54 55 57 59 60 61 63 64 65 66 67 69 71 73 75 76 80 82 84 85 89 90 91 92 96 97 98 100 101 103 105 106 107 108 110 111 112 116 117 119 123 124 125 126 128 130 132 137 138 139 140 142 144 146 147 150 151 153 154 155 156 159 160 161 163 164 165 166 167 170 171 174 175 176 177 178 180 182 184 185 186 187 188 189 190 191 192 195 196 197
147 130 : 0 1 4 5 7 8 11 13 14 17 18 19 20 21 23 25 28 29 32 35 37 40 41 42 45 46 47 49 50 51 53 54 55 56 57 58 60 61 62 63 64 65 67 68 69 70 71 73 75 76 77 78 80 83 84 86 89 91 93 95 96 101 102 103 104 105 106 107 109 111 113 116 117 118 119 120 121 122 123 124 125 126 127 128 129 130 132 133 134 140 141 142 143 145 146 147 148 149 150 151 153 155 156 157 159 161 162 163 164 166 167 168 169 170 171 172 173 176 177 178 179 180 181 188 189 191 193 197 198 199
148 130 : 2 3 5 6 7 8 9 11 12 13 14 15 19 21 22 23 24 26 29 30 31 32 33 34 35 38 41 43 45 47 49 50 51 52 53 54 55 56 57 60 61 67 70 71 72 74 75 76 79 80 81 82 83 84 87 88 90 91 92 93 94 95 99 100 105 106 108 109 110 111 112 113 117 118 121 122 123 125 127 128 130 131 136 137 139 140 144 145 146 147 149 150 154 155 156 157 158 159 161 162 163 164 165 166 167 168 169 171 174 175 177 178 179 180 181 183 184 185 186 187 188 189 190 191 192 193 195 196 197 199
149 130 : 0 1 2 3 5 7 8 9 10 12 13 14 15 16 18 19 20 21 22 25 28 34 35 37 38 39 40 41 43 44 46 48 52 53 54 55 59 63 64 65 66 67 69 71 73 74 75 77 78 80 81 82 84 89 90 92 93 95 97 98 100 102 104 105 106 107 108 109 110 111 112 113 114 116 119 121 122 125 127 128 129 130 131 132 133 134 135 136 140 141 142 143 144 145 146 147 148 149 150 155 157 160 162 163 165 166 167 169 170 172 173 174 175 176 178 179 181 182 183 186 187 188 189 192 193 195 196 197 198 199
150 101 : 0 1 5 8 9 11 12 13 15 17 18 19 22 23 24 25 26 30 31 32 34 36 39 41 42 43 46 47 50 51 56 58 61 62 64 67 70 71 72 75 76 77 79 80 82 83 85 86 91 92 93 94 96 100 101 102 103 107 109 111 112 113 114 115 118 119 123 124 125 133 135 138 140 143 144 146 147 148 149 152 154 158 159 161 164 165 169 170 171 173 175 177 178 179 182 190 191 194 195 198 199
151 130 : 0 1 2 3 4 5 6 7 8 9 11 12 14 16 17 18 20 22 23 24 25 26 27 28 31 32 33 34 35 37 38 39 40 41 42 43 45 48 49 50 52 54 57 58 62 64 65 66 67 68 70 72 74 75 79 81 82 83 84 86 89 91 94 95 97 98 100 101 103 105 106 107 108 109 111 112 116 117 120 122 123 124 126 128 129 130 134 136 138 139 141 143 144 145 146 147 148 149 150 154 155 158 159 160 161 162 163 165 166 168 169 171 173 174 176 177 179 180 182 183 186 187 188 191 192 194 195 196 197 199
152 106 : 0 1 4 5 7 8 11 12 13 14 16 19 20 21 24 25 26 31 33 34 35 36 38 39 41 42 43 44 46 51 52 56 58 61 62 64 65 66 67 68 69 70 72 73 75 76 77 78 81 82 83 86 89 91 92 100 102 103 107 108 109 111 114 115 116 118 119 125 132 133 135 138 144 146 147 148 149 151 154 158 161 162 171 172 173 174 175 177 178 179 180 181 182 183 184 185 186 187 188 190 191 194 195 197 198 199
153 102 : 0 1 3 4 7 8 11 12 13 15 17 19 20 21 24 25 26 34 36 39 40 42 43 44 45 46 47 48 51 54 55 56 58 59 61 62 63 64 67 70 72 76 79 81 83 90 91 92 93 98 101 106 108 110 112 113 114 115 118 119 120 124 125 126 128 131 133 135 137 138 140 142 143 144 146 147 149 152 154 155 156 158 162 163 164 170 171 172 176 177 178 182 186 187 188 190 191 194 195 196 198 199
154 130 : 1 2 4 6 11 12 13 14 16 17 18 20 22 23 25 26 27 28 29 30 31 32 36 37 38 39 41 42 45 48 49 50 51 52 53 55 58 61 62 64 65 66 67 69 71 72 73 76 77 80 81 85 87 88 89 90 92 93 95 96 99 100 102 103 106 107 109 110 112 113 114 117 120 121 122 123 125 127 128 130 131 132 133 135 136 137 139 140 141 142 143 144 145 147 148 149 150 151 152 154 155 156 157 158 160 161 162 163 164 165 166 168 169 170 171 174 175 178 180 182 183 184 185 188 189 190 192 193 194 196
155 130 : 1 2 7 8 10 11 12 13 14 16 19 20 21 23 24 27 28 30 31 32 33 34 35 37 38 41 42 46 48 49 50 51 52 53 54 55 56 58 60 61 63 64 65 68 69 73 75 77 78 79 80 82 85 86 87 88 89 90 91 93 94 95 99 101 104 106 108 109 110 111 113 114 115 116 117 118 120 122 123 125 126 128 130 132 133 134 136 138 139 140 141 144 145 146 147 148 149 150 151 152 155 156 158 159 162 163 164 166 167 168 170 171 173 174 175 177 181 182 183 185 186 188 189 190 193 194 195 196 197 198
156 105 : 0 1 2 4 5 6 7 8 11 12 13 17 18 19 20 21 24 25 26 27 30 31 32 34 35 40 42 43 44 46 47 49 50 51 53 54 56 58 60 61 64 65 70 71 72 75 76 78 82 83 84 88 91 92 99 100 108 109 112 114 115 118 119 122 123 124 125 128 132 133 138 140 141 144 145 146 147 149 150 153 154 155 158 159 163 167 170 171 172 173 175 177 178 179 181 186 187 188 189 190 191 194 195 198 199
157 130 : 0 1 3 4 5 7 9 10 13 14 15 16 17 18 19 21 24 25 26 27 28 30 31 32 33 36 37 38 40 41 42 44 45 46 50 54 55 56 57 58 59 62 63 64 66 67 68 69 71 74 76 77 80 82 83 84 87 88 90 91 93 95 96 98 99 100 102 103 104 105 106 107 109 111 112 114 116 121 122 123 124 126 127 128 129 131 132 133 134 137 138 140 141 143 145 147 148 150 152 154 157 160 161 162 163 164 165 166 167 168 169 171 173 174 175 176 177 178 179 181 182 183 185 186 188 192 193 194 196 199
158 130 : 0 2 5 7 8 9 10 13 15 16 17 18 19 20 21 23 25 26 27 28 32 33 34 35 36 37 40 41 43 44 45 46 47 48 49 50 52 53 54 57 58 59 60 62 64 66 69 75 76 77 79 80 83 84 85 86 87 89 90 92 94 95 96 97 98 100 102 103 104 105 108 109 110 111 112 113 114 116 118 120 122 123 124 125 127 128 130 131 132 133 135 136 137 140 142 145 147 148 149 150 151 152 153 154 156 157 158 159 160 161 163 166 167 168 170 172 173 177 179 180 181 182 185 186 189 190 191 193 196 198
159 130 : 0 1 2 3 4 6 7 8 9 10 12 13 15 16 17 18 19 20 21 22 23 24 25 26 29 30 31 32 33 35 36 37 40 41 42 43 44 45 47 49 51 52 53 54 57 58 59 60 61 62 63 65 67 70 71 73 77 78 80 81 82 84 85 86 87 89 93 95 97 101 102 103 104 105 108 109 112 113 114 116 117 120 121 122 124 127 128 130 131 132 134 136 140 142 143 144 145 146 147 148 151 152 154 156 157 158 160 163 165 167 168 169 172 173 174 176 177 178 182 184 185 188 189 192 193 194 196 197 198 199
160 101 : 0 1 3 5 8 11 15 19 20 24 25 26 27 31 32 33 36 37 39 40 42 43 44 45 46 47 49 50 56 57 59 61 62 64 67 70 72 73 76 81 82 83 86 87 90 91 92 94 98 105 108 114 115 117 118 119 120 124 125 130 133 135 136 138 139 140 141 142 146 147 149 152 155 156 158 162 165 167 168 170 171 172 174 175 176 177 178 179 180 184 186 187 188 190 191 193 194 195 196 197 198
161 130 : 0 1 3 4 6 8 10 12 14 15 16 20 21 22 23 24 26 27 28 34 36 37 38 40 41 42 44 48 49 51 52 53 54 55 56 57 59 60 63 64 66 69 71 72 73 74 75 76 79 81 82 85 86 87 88 89 90 92 94 97 98 99 100 101 102 103 104 106 107 110 112 113 114 116 118 119 120 121 123 125 126 127 131 132 133 134 135 136 140 141 142 146 147 148 149 150 151 152 153 154 155 157 159 160 162 167 168 169 170 173 175 176 177 178 179 180 183 184 185 186 187 188 189 190 192 193 194 195 197 199
162 130 : 1 2 3 4 5 8 10 11 12 13 14 15 17 18 20 21 22 25 26 27 28 30 31 35 36 38 39 40 41 44 45 47 49 50 52 53 54 56 57 58 60 63 65 66 67 69 70 71 72 73 74 77 79 80 81 83 84 86 87 88 89 90 91 94 97 98 99 100 101 102 104 105 106 107 108 111 112 113 114 115 116 118 120 121 122 124 125 126 127 128 132 135 136 137 138 141 142 144 145 146 147 148 150 152 153 156 157 158 159 161 162 163 164 165 167 168 169 172 176 179 180 181 182 183 184 187 190 193 194 199
163 103 : 0 1 5 6 8 9 10 11 12 13 15 19 20 21 22 24 25 26 27 31 32 34 36 39 40 41 42 43 44 45 46 49 50 51 55 56 57 58 60 62 64 67 70 72 73 74 76 79 82 86 88 89 90 92 93 98 108 110 113 114 118 119 121 125 131 133 135 136 138 140 141 142 143 144 146 147 148 149 151 153 154 155 164 166 169 170 171 172 173 175 177 179 180 185 186 187 188 189 190 191 194 195 199
164 131 : 2 3 5 7 10 11 14 15 16 17 19 20 22 23 24 26 28 30 31 32 33 35 36 37 40 42 43 45 48 50 51 53 54 57 58 59 60 61 63 64 65 66 67 68 70 71 73 77 78 79 81 82 85 87 89 91 92 94 95 97 98 99 100 101 103 106 108 109 110 111 112 113 116 118 120 121 122 123 124 125 126 127 128 133 134 135 137 138 139 141 142 143 144 146 147 148 149 150 152 153 154 155 158 159 160 164 165 167 169 170 172 173 174 176 177 179 180 181 183 184 185 186 187 189 190 191 193 194 195 196 197
165 129 : 0 1 3 5 6 7 8 9 10 11 12 13 14 15 20 22 24 25 26 27 28 29 30 31 33 35 37 38 39 40 41 43 44 46 47 49 51 52 53 57 58 61 63 64 65 66 67 68 69 72 73 76 77 78 79 81 82 83 84 85 86 87 88 90 94 95 98 99 100 103 104 105 106 107 109 110 111 112 114 115 117 118 119 121 125 126 128 129 133 134 136 137 138 139 140 141 143 146 149 150 152 153 154 155 158 159 161 164 166 167 168 169 170 171 172 173 174 176 180 182 183 184 185 189 190 191 192 193 196
166 130 : 0 1 3 4 5 6 9 10 11 12 13 15 16 22 24 25 28 29 30 31 33 34 35 36 37 38 40 41 42 43 44 45 46 47 48 49 51 52 53 54 55 57 58 59 60 61 65 68 71 72 74 75 76 77 79 81 82 83 84 85 86 87 88 89 90 93 94 96 99 100 101 104 106 107 108 109 110 111 112 116 118 119 122 123 126 127 129 130 131 132 133 136 137 138 139 141 143 144 145 147 149 153 154 155 156 158 160 161 163 164 165 166 168 170 171 173 174 175 177 178 179 181 184 186 188 190 191 192 196 197
167 130 : 1 3 5 6 8 9 10 11 12 14 17 20 22 23 25 26 27 29 30 31 34 36 37 39 41 43 44 45 48 49 53 54 55 56 57 59 60 61 62 64 65 66 67 68 69 70 72 73 74 75 77 78 79 80 81 83 84 85 86 88 89 91 93 94 97 98 99 101 103 104 105 106 108 109 110 111 112 114 115 117 118 119 121 122 123 125 127 128 129 130 131 133 135 137 139 140 141 142 144 145 150 151 155 157 158 159 160 161 163 165 168 170 171 172 173 174 176 178 179 181 183 184 185 186 188 189 190 191 193 194
168 103 : 0 1 3 5 8 9 11 12 13 15 18 19 20 24 25 26 28 31 32 34 36 39 40 42 43 44 46 47 51 55 56 58 60 61 64 65 67 69 70 71 72 76 77 82 83 87 91 92 96 97 98 101 107 108 109 111 113 114 115 118 119 120 125 126 129 133 135 137 138 140 145 146 147 149 151 154 155 158 160 162 164 165 169 170 171 172 173 174 177 178 179 183 184 186 187 188 190 191 193 194 195 197 198
169 130 : 1 2 3 4 6 7 10 12 13 14 16 17 19 20 21 23 24 26 27 28 29 30 31 33 35 36 38 41 42 44 45 46 48 51 57 59 60 61 62 64 68 69 70 71 73 74 75 76 78 79 80 83 84 85 86 88 89 90 92 93 94 95 98 99 100 101 102 103 106 107 108 110 111 112 113 114 115 116 117 118 119 120 121 123 124 126 127 128 129 131 132 133 134 135 136 137 139 141 144 146 149 150 152 153 154 156 157 158 161 162 163 164 165 166 168 170 175 178 179 181 182 184 186 191 193 194 195 197 198 199
170 130 : 1 3 8 9 10 11 12 13 14 15 17 18 19 21 22 23 24 25 27 28 29 30 32 33 34 35 36 38 39 43 45 48 49 51 52 53 54 56 58 62 63 64 65 67 68 74 75 76 77 78 80 81 82 83 84 86 88 89 90 91 93 94 95 96 97 98 99 100 102 103 106 107 108 109 110 111 112 113 115 116 118 120 121 122 123 124 125 126 128 129 130 131 132 133 134 135 136 137 139 141 142 147 152 153 155 157 159 160 161 162 163 168 169 173 174 175 176 178 179 180 181 183 184 189 190 193 194 195 197 199
171 103 : 0 1 3 4 5 11 12 13 16 17 19 20 21 24 25 26 31 32 34 36 39 40 42 43 44 46 47 48 50 51 56 58 61 62 64 65 67 69 70 71 73 76 79 80 82 83 90 91 92 93 97 98 101 103 106 108 111 113 114 115 116 118 119 120 122 123 124 125 127 130 132 133 135 138 140 141 142 145 147 149 154 157 158 161 162 170 171 172 175 177 179 181 182 185 186 187 188 189 194 195 196 198 199
172 130 : 0 1 2 6 8 12 14 15 16 20 21 22 23 26 30 31 32 33 34 35 36 37 38 39 40 42 44 45 46 47 49 50 51 52 53 54 55 56 57 61 62 64 65 66 67 68 70 71 73 74 75 76 77 78 79 80 81 82 83 84 85 87 88 94 95 96 97 99 103 105 106 107 109 111 112 114 115 117 118 120 121 122 128 129 130 131 134 135 136 137 139 140 142 143 145 147 148 149 150 151 152 153 154 156 157 158 162 163 164 165 166 167 168 171 172 173 174 176 178 180 182 185 186 187 191 193 194 195 196 197
173 130 : 0 1 2 3 4 8 9 10 12 13 14 16 17 18 19 20 22 26 28 29 30 31 32 33 34 35 36 37 38 39 41 42 45 47 48 49 50 52 53 54 56 57 59 61 63 64 65 68 71 72 76 80 81 82 84 85 87 88 89 90 91 92 95 96 97 98 99 100 102 103 104 106 107 108 109 111 113 114 116 117 118 119 121 124 125 126 130 131 133 134 135 137 139 140 141 144 147 148 150 152 153 154 155 156 157 158 159 161 162 165 166 167 168 170 172 175 176 177 178 180 181 183 188 191 193 195 196 197 198 199
174 106 : 1 5 7 9 11 13 16 18 19 24 25 28 31 32 34 36 37 39 40 42 43 44 46 48 51 54 56 58 60 61 62 63 64 67 68 70 71 72 73 74 75 78 82 83 85 90 91 92 94 98 99 102 104 105 108 109 110 114 115 117 118 119 121 122 124 125 127 128 129 133 135 138 139 140 144 146 148 149 153 154 158 159 161 166 168 170 171 172 175 177 179 181 182 184 186 187 188 189 190 191 193 194 195 196 198 199
175 105 : 0 1 5 7 8 10 11 15 16 19 20 21 23 24 25 26 27 29 31 32 33 34 36 37 38 39 40 41 42 43 44 45 46 56 57 58 59 61 62 64 67 70 71 72 73 76 78 80 81 82 83 88 91 95 98 99 105 109 110 111 112 114 115 118 119 122 123 124 125 127 130 131 133 134 135 138 140 143 144 146 147 149 150 152 153 154 155 158 161 171 172 177 179 181 183 186 187 188 190 191 192 194 195 198 199
176 130 : 1 3 6 7 9 10 11 14 16 17 21 22 23 25 26 27 28 29 30 33 34 36 37 38 40 41 43 46 48 49 50 52 53 54 55 58 60 61 63 65 66 67 70 71 72 73 74 75 76 77 78 79 82 83 88 89 90 94 95 96 97 98 100 101 105 106 107 108 110 112 114 115 116 117 119 120 121 123 124 125 126 127 128 129 132 133 134 135 136 137 138 139 140 141 142 143 145 147 148 149 154 157 158 159 160 161 162 164 165 166 168 169 170 171 172 173 176 178 181 183 185 188 189 190 192 193 194 195 196 199
177 130 : 1 3 4 5 7 8 10 11 12 13 15 17 19 21 22 23 24 25 29 30 32 33 34 36 37 38 41 42 43 45 46 51 52 53 54 55 56 58 59 60 61 62 64 67 69 70 71 72 73 74 76 78 79 80 82 83 85 86 87 88 89 90 91 92 94 95 96 98 100 103 105 107 108 109 111 113 115 116 118 119 120 121 122 127 128 129 130 131 132 133 134 135 137 138 142 143 144 145 149 151 153 154 155 156 157 159 160 161 162 163 164 165 167 171 172 174 176 178 181 182 184 185 187 189 191 193 194 195 196 198
178 130 : 3 4 5 6 8 12 13 14 15 17 18 19 20 21 22 23 24 26 27 28 30 31 32 34 37 38 39 40 41 43 44 45 46 47 50 53 56 58 59 60 61 63 64 65 66 69 70 71 72 73 75 76 77 78 79 80 81 84 85 86 87 88 91 92 93 94 95 96 97 101 102 103 105 106 108 109 112 115 119 120 121 122 123 126 128 129 130 131 132 133 134 136 139 143 144 145 147 148 151 152 153 157 159 160 162 163 164 169 170 171 172 174 176 177 178 179 180 181 182 183 184 187 189 191 192 193 195 196 197 199
179 131 : 0 1 4 5 6 7 8 9 10 11 14 17 18 19 21 22 23 24 25 27 29 31 32 33 34 35 36 37 38 39 40 41 42 45 46 47 50 51 52 53 55 56 58 59 61 63 66 67 69 70 71 73 74 75 76 77 78 79 82 84 86 88 90 92 93 94 96 98 103 104 106 107 108 109 110 112 113 114 117 120 122 123 124 126 127 128 129 130 131 132 133 134 137 139 141 142 143 144 146 147 148 150 151 152 155 156 157 159 161 163 166 167 168 169 170 171 173 174 175 177 178 179 180 185 188 190 191 192 193 195 197
180 130 : 0 2 3 4 7 12 13 14 15 16 17 18 19 20 22 23 24 25 26 28 29 31 32 33 37 38 39 40 41 45 47 49 51 52 53 54 55 58 59 60 61 63 66 67 69 70 71 72 74 75 76 77 78 80 81 82 83 85 87 88 94 95 96 97 99 100 102 103 106 107 109 110 111 112 113 114 115 117 118 119 123 124 125 126 127 128 130 132 134 139 141 142 143 144 145 146 147 148 151 153 154 155 157 158 159 162 163 164 165 166 167 168 170 172 173 177 178 180 181 183 185 186 187 188 189 192 193 195 197 198
181 130 : 0 1 2 4 6 7 9 11 13 14 15 16 17 19 20 21 22 25 26 28 30 31 32 33 35 36 37 38 40 41 43 44 45 48 49 50 53 54 55 57 58 59 60 62 63 66 68 69 70 71 74 75 76 77 78 80 81 83 84 85 87 89 91 92 93 94 99 100 101 104 105 106 107 108 109 112 117 118 119 120 121 122 124 127 129 131 136 138 139 140 142 143 145 148 151 152 154 156 158 159 160 161 162 163 164 165 166 167 168 170 173 176 177 178 179 180 181 183 184 186 187 189 190 191 192 193 194 195 197 199
182 130 : 0 2 3 4 6 7 10 13 15 18 22 23 24 25 27 28 29 30 31 32 33 35 36 38 40 41 42 43 46 47 48 50 51 53 54 55 58 59 63 64 65 66 67 69 70 73 76 77 78 80 81 82 83 85 87 88 89 90 91 93 95 96 97 98 99 101 102 103 106 108 109 110 111 112 114 116 117 118 120 121 122 125 126 127 128 129 130 133 135 136 138 140 141 142 143 144 145 147 148 149 151 152 154 155 158 161 162 163 166 167 168 169 170 171 172 173 175 178 184 186 187 188 189 191 192 193 194 196 197 198
183 130 : 0 1 2 4 5 13 14 18 19 20 21 22 24 25 26 27 29 30 31 32 34 36 38 42 43 44 45 47 48 49 52 53 54 56 57 58 60 61 62 63 64 65 66 68 69 71 73 74 75 76 78 80 81 82 84 85 86 87 89 90 92 93 94 95 97 98 99 100 102 103 104 107 109 110 111 112 113 114 115 117 119 120 121 123 127 128 134 136 138 139 141 142 143 144 145 148 149 151 157 159 162 163 164 165 166 167 168 169 170 171 172 173 176 180 181 182 183 184 185 186 187 188 189 190 192 194 195 196 197 198
184 130 : 0 1 4 5 6 9 10 15 17 18 19 21 22 23 24 26 28 30 31 32 33 35 36 37 40 44 46 47 48 52 53 54 55 56 57 58 59 60 62 63 64 65 66 69 71 72 73 74 75 78 79 80 81 82 83 84 86 87 88 89 90 91 94 96 97 98 99 100 101 102 103 105 107 109 110 113 116 120 121 122 123 125 126 128 129 130 131 132 133 134 135 138 140 143 144 146 147 148 149 150 151 152 153 154 156 159 160 162 163 164 165 169 171 172 174 175 176 179 180 181 182 184 185 188 189 192 195 197 198 199
185 130 : 0 1 4 10 11 14 15 16 17 19 21 22 23 24 25 27 28 30 32 33 34 36 37 38 39 41 42 43 44 46 48 50 51 52 53 55 57 59 60 61 62 63 64 65 66 67 68 69 70 71 72 76 77 78 80 81 83 84 89 91 92 93 94 95 96 97 98 99 101 105 106 108 110 111 113 117 118 122 123 124 125 126 128 131 135 136 137 138 139 140 143 145 147 148 149 150 151 154 155 156 157 159 161 162 163 165 166 167 168 169 173 174 175 176 177 178 180 181 182 183 184 185 186 187 191 192 193 194 196 199
186 130 : 1 2 3 4 5 9 11 12 13 14 15 17 18 19 21 22 23 24 27 30 32 33 34 35 36 37 38 40 41 42 45 46 47 48 49 51 52 55 56 57 58 59 60 61 62 63 67 68 73 74 75 79 80 81 82 85 86 89 90 93 94 95 96 97 99 100 101 102 103 104 105 106 107 108 110 113 114 118 119 120 121 122 123 124 125 126 128 129 130 131 132 134 135 137 141 142 143 144 145 146 149 151 154 155 157 159 165 166 167 169 171 172 174 175 176 177 178 180 181 182 185 186 187 190 191 192 194 195 197 199
187 130 : 0 1 2 3 4 6 8 10 11 16 17 21 22 23 25 28 29 30 32 36 38 39 40 44 46 47 48 54 55 56 57 59 62 64 65 66 67 68 69 71 72 74 75 77 78 81 82 83 84 85 87 88 89 90 93 94 95 96 97 98 99 102 103 104 105 106 107 108 109 110 111 112 113 115 116 117 121 122 123 124 125 126 127 129 133 134 135 136 139 141 142 145 147 150 151 152 153 154 155 158 159 160 162 163 164 165 166 172 173 175 176 177 179 180 181 182 183 184 186 187 188 189 190 191 193 194 195 196 197 198
188 104 : 0 1 3 5 7 11 12 13 14 15 17 19 20 21 22 24 25 26 27 31 32 33 34 36 38 40 42 43 44 46 49 55 57 58 61 62 64 66 67 70 72 74 75 76 79 82 83 91 92 95 96 98 102 106 108 115 118 119 120 124 125 127 130 131 132 133 135 138 140 143 144 145 146 147 148 154 155 158 159 161 165 170 171 172 173 174 175 176 177 178 179 180 183 184 185 186 187 188 191 194 195 197 198 199
189 130 : 0 1 3 4 6 7 8 13 15 16 17 18 19 22 23 24 26 27 28 31 32 33 35 36 38 40 42 45 48 49 51 52 53 54 56 57 58 59 60 62 63 64 66 68 71 73 74 75 76 78 79 80 81 82 83 84 85 86 87 88 89 90 94 97 98 99 100 103 104 105 108 110 111 113 114 115 116 119 120 122 123 124 125 127 128 130 132 133 134 135 136 138 139 140 144 145 146 147 148 150 152 153 154 155 156 157 161 162 165 167 168 170 171 172 173 175 177 182 183 184 185 186 187 188 191 193 195 196 197 198
190 130 : 0 2 3 4 5 7 8 10 13 14 15 16 17 20 21 22 24 25 26 28 30 31 32 33 34 37 38 40 44 45 46 47 48 50 52 53 55 56 59 61 62 64 65 66 70 72 74 75 77 79 80 81 82 83 84 86 87 89 91 93 95 96 99 100 102 104 105 106 109 110 113 114 116 117 118 122 124 125 126 128 129 131 132 133 135 136 138 139 140 142 145 148 149 150 152 153 154 156 157 158 159 160 162 163 164 165 166 168 169 172 173 175 176 177 178 180 181 182 183 184 185 186 187 191 192 195 196 197 198 199
191 100 : 0 1 2 3 5 8 11 12 13 15 16 19 20 21 25 26 28 29 30 31 32 34 36 38 40 41 43 44 46 51 56 58 61 63 64 67 70 72 73 76 78 81 82 83 84 91 92 98 102 105 107 108 111 112 114 115 118 123 124 125 126 129 132 133 134 135 136 139 140 144 147 148 149 154 158 159 160 161 163 164 165 170 171 172 175 178 179 180 185 186 187 188 190 192 194 195 196 197 198 199
192 130 : 0 2 3 4 5 6 8 9 10 11 12 13 14 15 16 18 19 20 21 22 26 29 33 35 36 37 39 41 42 43 44 45 46 47 49 50 51 52 54 55 56 57 58 59 60 64 65 66 67 68 69 70 72 74 77 78 79 83 84 85 86 93 94 95 98 100 101 102 103 104 106 107 108 110 111 112 113 115 118 119 120 121 122 126 127 128 129 130 131 133 134 135 136 137 141 142 143 144 147 151 152 153 154 156 157 158 160 161 162 163 165 166 169 170 172 173 175 176 177 178 179 181 182 184 189 190 192 193 195 199
193 130 : 1 2 5 6 8 9 13 14 16 17 18 19 20 24 25 26 27 28 29 30 31 32 33 35 37 38 40 42 43 44 45 46 47 48 49 50 51 53 55 56 57 58 59 60 63 66 67 68 69 70 71 72 73 74 77 79 82 85 87 89 90 91 92 93 94 95 96 97 98 99 100 101 102 106 108 110 115 120 123 124 125 126 130 131 132 134 135 136 137 138 139 142 143 144 145 147 148 149 150 151 152 153 154 155 156 157 159 161 163 164 165 167 169 170 173 174 176 179 181 182 183 184 185 189 190 191 192 195 196 198
194 105 : 1 4 5 6 7 8 9 11 12 13 15 17 18 19 20 21 23 24 25 26 31 32 34 36 39 40 42 43 44 46 50 51 56 58 60 61 62 64 67 69 70 71 72 73 74 75 76 77 82 83 84 91 98 101 102 105 108 109 111 112 113 114 115 117 118 119 121 124 125 130 133 135 136 137 138 140 141 144 145 146 147 148 149 150 152 154 158 167 168 170 171 172 175 176 177 178 179 182 186 187 188 190 194 195 198
195 130 : 0 1 3 4 5 6 7 8 9 11 12 13 15 16 17 19 21 22 23 24 25 26 27 28 29 30 31 32 34 36 37 39 41 42 43 44 45 48 53 54 55 57 60 62 63 64 67 69 70 74 76 78 79 81 83 85 86 88 89 90 93 94 96 97 101 103 105 106 109 110 111 113 114 115 117 118 119 120 121 127 129 130 131 132 134 135 136 137 138 139 140 141 145 146 147 148 150 151 153 158 159 160 161 162 165 166 167 169 170 171 172 173 174 176 178 179 181 183 184 185 186 189 190 191 193 194 195 196 197 198
196 130 : 0 4 6 7 9 10 12 13 15 17 18 20 21 22 23 25 26 29 31 32 33 34 35 36 37 38 39 40 41 43 44 45 46 47 48 50 52 53 54 55 57 58 59 61 62 63 64 66 67 70 71 73 75 76 77 81 83 85 87 89 90 91 93 94 96 97 99 100 101 103 104 106 107 108 110 111 112 114 115 118 120 121 125 127 128 129 130 131 132 133 134 135 136 140 141 142 143 145 147 150 151 152 155 158 159 160 164 168 171 172 173 174 175 178 181 182 184 185 186 187 188 189 190 192 193 195 196 197 198 199
197 130 : 0 2 3 6 7 11 12 13 14 18 19 20 22 23 24 25 27 28 30 32 33 34 35 36 37 38 39 41 44 45 47 49 50 52 53 55 56 57 59 60 61 67 68 69 70 71 74 76 77 78 79 82 83 85 86 87 89 91 92 93 94 95 97 98 99 102 103 104 105 107 108 109 110 111 113 114 115 118 119 121 122 124 125 126 127 129 130 131 132 133 134 135 136 139 141 142 143 144 145 147 149 150 151 152 153 154 155 157 158 159 161 163 164 166 168 170 172 175 176 181 182 185 187 189 190 194 195 196 197 199
198 130 : 0 1 2 6 9 10 12 13 14 15 17 21 22 23 24 25 26 27 28 29 30 31 32 33 34 35 37 38 39 40 41 42 43 46 48 49 51 52 53 55 56 57 58 60 61 62 64 65 66 67 69 70 71 72 73 76 77 78 81 82 83 84 85 86 88 90 92 93 94 95 96 97 99 100 103 104 105 106 109 110 112 113 114 117 118 120 122 125 126 130 131 132 134 135 136 137 138 144 147 149 151 152 153 154 159 160 161 162 163 164 165 168 171 173 174 175 176 177 179 180 181 182 183 184 185 186 194 195 196 197
199 130 : 1 2 3 4 7 8 14 18 19 20 21 22 23 24 25 26 27 28 29 30 31 32 35 37 38 39 40 41 44 45 46 48 49 53 55 57 58 59 60 62 64 65 67 68 69 70 74 75 76 77 78 79 80 81 82 83 84 85 86 87 88 91 93 94 96 97 98 100 101 106 107 108 109 110 111 117 118 119 120 121 123 124 126 127 129 132 136 138 139 142 143 144 145 150 151 152 154 155 156 160 161 162 163 164 165 166 167 170 171 172 173 174 175 176 177 179 180 181 183 184 187 188 189 190 191 193 195 196 197 199
