N C E M
200 233 19900 15920
Opt_part_L_size, Opt_part_R_size, Opt_number_of_colors
32 168 83
N of L changes = 12
Min number of labels in a vertice, Max number of labels in a vertice
88 142
Solution Set
33(56) 36(56) 57(56) 129(56) 136(56) 187(56) 97(57) 105(57) 143(57) 159(57) 162(57) 168(57) 99(79) 203(80) 133(83) 38(84) 231(84) 224(85) 85(85) 76(85) 176(86) 79(87) 135(87) 101(87) 74(87) 26(87) 180(88) 201(88) 147(89) 73(89) 21(90) 96(90) 155(91) 75(91) 52(91) 126(91) 16(91) 112(92) 134(92) 83(93) 175(93) 222(93) 177(94) 122(94) 150(94) 211(95) 103(95) 182(95) 32(96) 128(96) 81(96) 158(96) 124(96) 167(96) 163(97) 14(98) 41(98) 213(99) 192(99) 165(100) 223(100) 217(101) 69(101) 20(102) 216(102) 13(102) 114(103) 12(103) 196(103) 153(103) 0(103) 169(105) 68(105) 189(105) 6(106) 46(106) 174(109) 230(109) 104(110) 219(110) 59(114) 25(117) 125(118) 
Number of edges by Color (l n)
0 125 118
1 25 117
2 59 114
3 104 110
4 219 110
5 174 109
6 230 109
7 6 106
8 46 106
9 68 105
10 169 105
11 189 105
12 0 103
13 12 103
14 114 103
15 153 103
16 196 103
17 13 102
18 20 102
19 216 102
20 69 101
21 217 101
22 165 100
23 223 100
24 192 99
25 213 99
26 14 98
27 41 98
28 163 97
29 32 96
30 81 96
31 124 96
32 128 96
33 158 96
34 167 96
35 103 95
36 182 95
37 211 95
38 122 94
39 150 94
40 177 94
41 83 93
42 175 93
43 222 93
44 112 92
45 134 92
46 16 91
47 52 91
48 75 91
49 126 91
50 155 91
51 21 90
52 96 90
53 73 89
54 147 89
55 180 88
56 201 88
57 26 87
58 74 87
59 79 87
60 101 87
61 135 87
62 176 86
63 76 85
64 85 85
65 224 85
66 38 84
67 231 84
68 133 83
69 203 80
70 99 79
71 61 58
72 1 57
73 2 57
74 3 57
75 4 57
76 7 57
77 8 57
78 9 57
79 18 57
80 24 57
81 29 57
82 31 57
83 34 57
84 35 57
85 37 57
86 40 57
87 42 57
88 45 57
89 47 57
90 48 57
91 50 57
92 53 57
93 56 57
94 62 57
95 67 57
96 77 57
97 82 57
98 84 57
99 86 57
100 91 57
101 97 57
102 105 57
103 107 57
104 109 57
105 113 57
106 142 57
107 143 57
108 159 57
109 162 57
110 168 57
111 181 57
112 209 57
113 5 56
114 10 56
115 11 56
116 15 56
117 17 56
118 19 56
119 22 56
120 23 56
121 27 56
122 28 56
123 30 56
124 33 56
125 36 56
126 39 56
127 43 56
128 44 56
129 49 56
130 51 56
131 54 56
132 55 56
133 57 56
134 58 56
135 60 56
136 63 56
137 64 56
138 65 56
139 66 56
140 70 56
141 71 56
142 72 56
143 78 56
144 80 56
145 87 56
146 88 56
147 89 56
148 90 56
149 92 56
150 93 56
151 94 56
152 95 56
153 98 56
154 100 56
155 102 56
156 106 56
157 108 56
158 110 56
159 111 56
160 115 56
161 116 56
162 117 56
163 118 56
164 119 56
165 120 56
166 121 56
167 123 56
168 127 56
169 129 56
170 130 56
171 131 56
172 132 56
173 136 56
174 137 56
175 138 56
176 139 56
177 140 56
178 141 56
179 144 56
180 145 56
181 146 56
182 148 56
183 149 56
184 151 56
185 152 56
186 154 56
187 156 56
188 157 56
189 160 56
190 161 56
191 164 56
192 166 56
193 170 56
194 171 56
195 172 56
196 173 56
197 178 56
198 179 56
199 183 56
200 184 56
201 185 56
202 186 56
203 187 56
204 188 56
205 190 56
206 191 56
207 194 56
208 195 56
209 197 56
210 198 56
211 199 56
212 200 56
213 202 56
214 204 56
215 205 56
216 207 56
217 208 56
218 210 56
219 212 56
220 214 56
221 215 56
222 218 56
223 220 56
224 221 56
225 227 56
226 228 56
227 229 56
228 232 56
229 193 55
230 206 55
231 225 55
232 226 55
Label List by vertices (vertice Id, Number of labels : set of labels
0 92 : 0 4 6 11 13 14 15 16 17 20 21 22 25 26 29 32 34 38 39 40 41 46 52 53 55 59 63 65 68 69 73 74 76 79 81 82 83 85 88 90 94 95 96 99 101 103 104 112 114 115 122 126 128 129 130 134 135 147 148 153 155 157 158 159 163 165 166 169 174 175 177 180 182 183 189 192 196 201 203 204 206 208 211 213 216 217 219 222 223 224 230 231
1 142 : 1 2 3 5 6 8 10 11 13 14 15 19 20 21 23 24 25 26 27 29 30 31 33 35 36 37 39 40 42 45 46 47 48 50 51 53 54 55 56 57 58 59 61 68 69 70 71 77 79 80 81 82 87 89 90 92 93 94 95 97 98 100 101 102 103 104 105 106 107 108 110 112 114 115 116 119 120 121 122 123 124 125 126 129 130 131 132 133 137 138 139 141 142 144 145 146 148 149 158 160 161 164 166 167 168 172 174 175 178 179 184 186 187 188 189 190 192 193 194 195 196 198 202 203 204 205 208 211 213 214 215 216 218 219 220 221 222 226 227 228 229 231
2 92 : 0 2 4 6 11 12 13 14 16 20 21 25 26 32 37 38 41 46 50 52 57 58 60 63 67 68 69 72 73 74 75 76 79 81 83 85 88 96 99 101 103 104 109 112 114 122 124 125 126 128 135 136 138 145 147 148 150 153 155 156 157 158 162 163 165 166 167 169 170 173 174 175 176 177 182 189 192 196 202 203 211 213 215 216 217 219 222 223 224 228 230 231
3 96 : 0 1 5 6 11 12 13 14 16 21 25 26 29 30 32 38 39 41 42 43 45 46 52 55 59 65 68 70 73 74 75 76 79 81 83 85 88 89 96 98 99 101 103 104 112 114 118 122 124 126 128 133 134 135 139 145 147 150 152 153 155 156 157 158 162 165 167 169 172 174 175 176 177 180 182 186 187 189 192 196 201 203 208 211 213 215 216 217 219 222 223 224 227 230 231 232
4 95 : 0 6 11 12 13 14 16 18 21 24 25 26 30 31 34 35 38 41 46 50 52 59 61 62 65 69 70 73 74 75 76 79 81 83 84 87 88 89 94 96 99 101 103 104 105 112 114 122 124 125 126 128 133 134 135 137 140 144 147 150 153 154 157 158 162 163 165 167 172 174 175 176 177 180 182 189 190 192 196 201 203 210 211 213 216 217 218 219 222 223 225 227 228 230 231
5 142 : 0 2 3 5 8 9 10 11 12 14 15 16 19 22 23 25 27 29 31 32 33 34 36 37 38 39 40 41 42 43 45 47 50 51 52 53 56 57 58 59 63 64 65 66 70 72 73 77 78 79 80 81 87 90 91 92 94 97 98 100 104 105 108 110 111 113 114 117 118 119 120 121 123 124 125 126 127 129 131 133 137 138 140 141 142 143 144 145 146 147 148 151 152 153 154 155 156 157 158 162 164 165 166 168 171 172 174 175 177 178 180 181 182 183 184 185 186 187 189 190 193 194 195 196 197 198 199 201 202 207 209 210 211 214 215 217 218 222 224 225 230 232
6 98 : 0 2 3 5 6 11 12 13 14 16 20 21 25 26 27 32 38 40 41 46 49 52 59 60 61 68 69 73 74 75 76 78 79 81 83 85 89 92 95 96 103 104 106 112 114 122 125 126 128 133 134 135 136 146 147 149 150 153 155 158 161 163 164 165 167 168 169 174 175 176 177 180 182 184 189 190 194 196 198 199 201 203 204 206 209 211 213 214 216 217 219 221 222 223 224 229 230 231
7 93 : 0 3 6 12 13 14 16 19 20 21 25 26 27 32 38 41 42 45 46 51 52 55 59 64 66 68 69 73 74 75 78 79 80 81 84 85 93 94 96 99 101 103 104 105 114 118 119 122 124 125 126 128 133 134 135 139 144 148 150 153 155 157 158 161 165 167 169 174 175 176 177 180 182 189 190 192 196 200 201 203 205 208 209 211 213 216 217 219 222 223 224 230 231
8 142 : 3 5 6 7 13 15 19 20 22 23 24 25 26 27 29 31 32 34 35 37 39 41 42 44 45 46 47 48 49 50 53 54 56 58 59 60 61 62 63 64 65 66 67 69 70 71 72 73 75 77 80 81 83 84 85 87 89 90 91 92 94 95 97 99 100 103 107 108 109 111 112 113 114 116 117 118 120 121 125 127 128 129 130 132 136 137 138 140 141 142 147 148 149 150 152 154 155 158 159 163 165 166 167 169 170 171 172 173 174 175 176 178 179 181 182 183 185 187 188 190 195 196 198 199 202 203 204 206 208 210 214 215 218 219 221 222 223 224 225 227 230 232
9 142 : 2 3 4 5 6 7 8 9 14 15 16 17 18 19 20 21 22 23 25 28 29 30 31 34 35 36 37 39 42 43 44 45 47 48 49 53 54 56 57 58 59 64 66 68 70 71 72 74 75 76 77 78 79 80 82 83 84 85 86 88 89 90 91 92 93 95 96 97 100 101 104 105 107 108 110 111 115 116 117 118 121 122 123 124 125 130 131 133 135 139 140 141 142 143 144 145 146 147 150 151 152 154 156 159 160 161 164 168 171 172 173 179 181 186 188 189 190 192 193 194 195 196 198 200 201 202 203 205 207 209 212 214 216 218 220 221 225 227 228 229 230 232
10 142 : 0 3 5 7 8 10 12 14 15 17 18 22 23 25 26 28 32 33 34 36 37 39 47 48 49 50 51 54 55 56 57 59 62 63 64 68 70 71 72 75 76 77 81 82 83 84 86 87 89 90 91 93 94 95 97 98 101 102 104 105 106 109 111 113 115 116 117 119 120 121 122 123 125 127 128 130 132 134 135 136 137 138 140 142 144 145 146 148 149 150 151 152 154 155 158 159 160 161 162 163 165 166 167 168 171 175 176 177 178 179 181 183 184 185 186 187 189 190 191 194 196 197 199 200 201 202 203 207 208 209 212 214 215 221 223 224 225 226 227 229 230 232
11 142 : 0 1 2 4 5 6 7 9 10 12 13 15 16 17 18 19 20 21 22 25 26 28 29 30 31 32 33 35 37 39 40 43 45 47 48 50 53 54 55 57 58 59 60 61 62 63 64 65 67 68 69 70 71 72 73 75 76 77 78 79 80 81 83 84 85 86 87 88 89 90 93 94 95 98 99 100 101 102 105 107 108 113 117 118 119 122 124 125 126 128 129 130 131 132 133 135 136 139 141 143 145 147 149 151 153 156 157 158 159 167 172 173 175 176 178 179 186 187 188 189 190 191 193 195 196 197 198 200 206 210 211 213 214 216 218 219 220 224 225 226 227 232
12 142 : 0 1 2 3 6 8 10 11 14 15 17 18 21 23 24 25 26 28 29 30 34 36 40 41 42 43 46 48 49 52 54 57 58 59 61 62 63 64 65 66 67 68 69 70 72 73 74 76 77 79 80 82 83 85 86 88 90 91 94 96 98 100 101 102 103 104 105 107 109 110 111 113 114 115 116 121 123 128 130 132 136 138 140 141 142 143 144 146 147 148 149 150 151 152 154 155 157 161 164 166 167 169 170 171 172 173 175 176 178 179 185 187 188 189 190 192 194 195 196 198 199 200 204 206 208 209 210 212 213 214 215 216 217 219 220 221 222 223 224 225 226 232
13 142 : 0 2 4 6 7 9 10 13 14 15 16 18 19 20 22 23 24 25 26 28 29 32 34 36 37 40 41 44 48 49 53 55 56 57 58 60 61 62 64 65 66 68 71 75 76 78 79 80 84 85 86 87 88 94 95 96 97 99 100 101 102 105 106 107 111 112 113 114 115 117 119 122 124 125 126 127 129 130 131 132 133 134 135 136 140 141 142 144 145 146 148 149 152 156 157 159 160 161 162 163 164 166 167 169 171 175 176 177 179 182 184 185 186 187 188 189 191 192 193 195 197 199 201 202 204 206 207 208 210 212 214 215 217 218 220 221 223 225 227 228 229 231
14 142 : 0 1 2 3 4 5 6 7 10 11 12 13 14 15 16 17 19 20 21 22 23 25 26 27 28 29 31 33 35 36 37 38 39 40 43 45 46 47 48 51 52 53 54 55 59 61 62 63 64 66 67 69 72 73 74 75 77 78 79 80 81 82 83 84 85 87 88 90 92 94 97 98 99 100 101 103 105 106 107 109 111 113 116 117 121 122 123 125 130 133 134 135 136 138 139 142 145 147 148 150 152 153 154 158 160 161 164 167 170 172 175 176 178 179 184 185 188 189 190 191 192 194 196 197 198 199 202 207 208 211 212 213 214 215 217 219 223 225 226 227 228 232
15 142 : 0 3 4 6 7 11 12 14 15 16 17 19 20 21 23 25 27 32 35 36 37 38 39 40 42 43 45 46 47 49 50 51 52 53 54 55 56 57 58 59 60 61 62 64 65 68 70 71 72 73 78 80 81 82 85 87 89 92 93 94 95 96 97 98 100 107 109 111 112 113 114 115 117 118 119 120 121 122 123 125 128 129 130 131 132 136 137 138 140 142 143 144 145 148 150 152 154 155 156 157 158 159 161 162 166 167 168 170 173 174 176 177 178 179 181 182 183 187 188 189 191 193 197 198 199 200 204 205 206 207 208 209 215 218 219 221 222 225 226 228 229 230
16 142 : 1 2 3 6 9 10 13 15 16 17 18 19 20 22 25 26 27 28 29 31 32 33 34 37 38 40 41 42 44 45 46 49 50 51 52 53 57 58 59 60 61 62 63 64 65 66 69 70 71 72 74 75 77 78 79 81 82 84 85 89 90 93 94 95 103 107 108 111 112 113 114 117 118 119 121 123 125 126 127 128 131 132 133 135 136 137 139 141 144 146 147 149 150 151 153 154 156 157 158 159 160 162 163 164 167 170 171 176 177 179 180 182 183 186 187 189 190 195 196 197 199 200 201 205 206 207 208 209 211 212 213 214 215 216 217 218 220 221 226 227 228 229
17 142 : 0 2 3 4 5 6 7 9 14 15 16 17 19 23 24 25 27 28 31 32 33 35 37 41 42 44 45 46 47 48 49 51 53 54 55 57 59 61 62 63 64 65 66 68 69 70 71 72 77 78 81 83 84 86 87 88 90 91 92 93 94 95 96 98 100 101 102 105 106 107 108 110 112 113 116 118 120 121 122 123 124 125 127 129 130 132 133 135 136 137 138 141 142 143 145 146 149 151 154 157 159 160 162 165 166 167 168 171 177 179 181 184 185 186 187 188 190 192 194 195 196 197 198 199 200 201 206 208 209 211 214 215 221 222 223 224 225 226 227 229 230 232
18 142 : 0 1 2 4 5 7 8 9 11 12 15 20 23 24 25 27 28 29 30 31 33 35 36 37 38 39 40 42 43 44 47 49 50 51 54 59 60 65 66 68 71 72 73 74 75 76 77 79 80 84 85 86 87 88 90 92 94 96 98 99 101 102 106 109 110 112 114 115 116 117 118 120 121 123 124 126 127 129 133 134 136 137 138 140 142 143 144 145 147 150 151 153 154 156 157 158 159 160 163 166 170 171 173 174 175 177 178 179 180 181 182 183 185 186 189 191 194 195 196 197 199 200 201 202 203 204 205 206 209 210 212 214 216 217 218 221 223 226 227 228 229 230
19 142 : 0 1 2 3 7 9 10 11 13 15 17 21 23 24 28 29 31 33 34 35 39 40 41 42 44 45 47 49 50 51 53 54 58 59 60 61 62 63 64 65 67 68 69 72 74 76 78 80 82 83 84 85 86 87 91 92 93 96 97 98 99 100 101 105 106 107 108 111 112 113 116 117 118 119 120 125 126 129 130 132 133 134 139 142 143 144 145 150 151 152 153 154 155 156 157 158 159 161 162 165 166 167 168 169 170 174 175 179 180 181 182 184 185 186 187 188 191 192 193 198 199 200 202 203 204 209 211 213 214 215 216 218 219 220 221 222 224 225 226 228 229 232
20 142 : 0 2 4 5 7 8 9 10 11 12 14 15 21 22 23 24 26 28 30 31 32 34 36 38 39 42 44 45 49 50 51 53 54 55 56 58 60 61 62 63 64 65 66 67 68 69 70 71 76 77 78 83 84 85 86 87 89 92 94 96 97 98 99 102 103 104 106 107 109 110 111 113 114 119 120 121 124 125 126 127 130 131 134 135 137 140 141 144 145 148 149 150 151 152 153 154 155 157 158 160 161 162 163 168 170 171 172 174 175 176 177 178 184 185 186 189 190 193 195 196 197 198 200 201 202 205 206 208 209 211 212 215 217 218 220 222 224 226 227 229 231 232
21 141 : 0 1 2 3 4 5 7 8 9 10 11 12 14 17 21 22 23 24 25 26 31 32 33 35 36 39 40 41 45 46 48 51 52 53 54 55 56 57 59 61 62 63 68 69 70 71 77 78 79 80 82 84 85 86 90 91 92 93 97 99 101 102 104 105 106 109 113 115 116 117 119 121 124 126 128 129 132 135 136 138 142 143 144 146 147 148 151 152 153 154 155 156 159 160 162 166 169 170 171 173 174 175 176 177 179 180 181 183 184 185 186 187 188 189 190 191 192 193 194 196 197 198 201 202 203 206 207 208 209 210 214 215 216 219 220 221 223 228 229 230 232
22 142 : 0 1 2 4 5 8 9 11 12 13 14 16 18 19 20 21 22 23 24 25 27 30 32 36 38 42 45 46 47 50 51 52 53 54 56 57 58 59 60 62 63 65 67 69 70 71 72 74 75 77 78 79 80 83 88 90 94 95 96 97 98 99 100 102 105 107 109 110 111 112 113 115 116 117 118 120 121 126 127 128 129 130 131 135 136 138 139 141 142 143 144 146 148 151 152 153 154 155 160 163 164 166 170 171 172 173 174 177 178 181 182 183 185 186 188 191 193 194 196 197 199 200 201 204 205 206 207 209 212 214 215 217 218 219 220 222 223 224 226 227 229 232
23 142 : 1 3 4 6 8 9 10 11 12 14 15 17 18 19 20 22 25 26 28 30 34 37 40 41 42 43 44 46 47 48 49 50 51 52 56 57 58 59 60 66 67 68 71 72 73 75 76 77 79 80 81 82 84 85 86 88 89 92 93 94 95 96 97 98 99 102 104 107 108 109 110 111 113 115 116 118 119 121 122 124 126 127 128 129 130 132 136 138 139 140 143 145 146 147 148 149 151 152 154 155 156 157 158 159 160 161 162 166 167 168 171 172 173 174 175 177 179 180 185 191 193 194 196 198 199 201 203 204 205 206 207 209 210 213 214 215 218 224 225 227 229 231
24 142 : 0 1 2 4 5 7 9 11 12 17 18 21 23 24 25 26 28 29 30 33 34 35 36 37 38 40 41 43 44 46 47 48 50 51 52 53 54 55 58 59 60 61 64 65 66 67 68 70 72 73 75 77 78 81 82 85 86 87 89 90 91 92 94 95 97 100 101 102 107 108 112 116 117 118 121 122 123 124 127 128 129 130 131 132 134 135 137 139 141 144 148 149 150 152 153 155 156 158 160 161 163 167 170 171 173 174 175 178 182 183 184 185 186 187 188 189 194 195 196 197 198 199 200 201 202 203 204 205 207 208 210 211 212 215 216 218 219 222 226 229 230 231
25 90 : 0 3 6 9 12 13 14 16 20 21 25 31 32 38 41 46 52 54 59 65 68 70 74 76 79 81 83 85 88 96 99 100 101 102 103 104 109 111 112 113 114 119 124 125 128 129 131 132 133 134 135 142 146 147 148 152 153 154 155 158 163 164 165 167 169 173 174 175 176 177 178 180 182 183 184 186 189 192 200 201 211 213 216 217 219 222 223 224 230 231
26 91 : 0 2 4 6 10 11 13 14 16 21 22 25 26 30 32 34 38 41 46 47 49 52 59 62 68 69 71 73 74 75 76 79 81 83 84 85 96 99 100 101 103 104 108 109 112 113 114 122 124 125 126 128 133 134 135 143 150 153 155 158 159 163 164 165 167 168 169 172 173 174 175 176 177 180 182 189 192 197 201 204 210 211 213 217 219 222 223 224 227 230 231
27 88 : 0 6 8 12 13 14 16 20 21 25 26 32 38 41 44 50 53 54 59 66 68 69 70 73 74 75 76 79 81 83 85 88 89 96 99 101 103 104 106 112 114 122 124 125 126 128 130 131 133 134 137 141 150 153 155 157 164 165 167 168 169 172 174 175 177 178 179 180 182 185 189 194 196 201 203 205 208 209 211 213 215 216 217 223 224 229 230 231
28 142 : 0 1 2 4 5 7 8 9 10 11 15 16 17 19 22 26 27 28 29 30 33 34 35 36 37 38 41 42 43 44 47 48 50 54 56 57 58 59 60 61 62 65 66 67 68 71 72 76 77 79 80 82 83 84 85 87 88 91 92 94 97 99 100 102 106 107 108 109 110 113 114 117 118 120 121 122 123 124 125 126 127 128 130 131 132 138 139 140 141 142 144 145 147 148 149 151 154 156 157 158 159 160 162 164 165 166 168 169 171 176 179 180 182 185 186 187 190 193 200 202 204 207 208 209 210 212 213 215 217 218 219 220 221 223 224 225 226 227 228 229 231 232
29 142 : 0 4 7 9 10 11 12 15 16 17 18 19 20 22 25 28 30 31 32 35 37 39 41 42 45 46 49 50 51 53 54 55 57 58 59 60 61 62 63 64 68 70 72 74 75 77 78 80 82 84 86 87 88 89 91 93 95 96 98 99 102 103 104 107 108 109 110 113 114 115 116 117 118 120 123 124 125 127 130 131 136 138 139 140 142 144 145 146 148 149 150 152 153 154 155 156 157 158 159 160 161 164 165 166 167 168 169 172 174 175 177 178 179 180 182 183 184 185 188 193 194 196 199 202 206 207 209 210 213 214 216 217 218 219 223 224 225 227 228 229 230 231
30 142 : 3 4 5 7 8 9 10 12 17 19 20 24 25 27 28 29 30 31 34 35 36 37 38 39 40 42 44 46 47 49 50 53 54 56 57 58 59 60 61 66 67 70 71 72 73 76 77 78 79 81 83 84 85 88 90 94 95 96 98 104 106 107 108 112 114 115 117 118 119 120 122 123 125 126 127 129 130 131 134 135 137 138 140 141 142 143 144 145 146 148 149 150 155 156 158 159 160 161 162 163 164 167 168 170 172 173 175 177 180 181 183 184 187 189 191 192 194 195 197 199 201 202 203 205 206 207 210 212 213 215 216 218 219 220 221 223 224 226 228 229 230 232
31 142 : 0 1 3 4 6 7 11 12 13 14 15 17 18 19 20 21 22 24 25 26 28 30 31 33 34 35 39 40 43 45 48 49 50 51 52 53 54 56 57 58 59 61 62 63 64 65 68 70 71 73 75 77 78 80 84 85 86 88 89 93 94 96 97 98 100 104 105 107 108 109 116 117 119 120 121 122 128 129 131 134 136 137 138 139 141 142 143 144 147 148 149 152 154 155 157 158 159 162 163 164 165 166 168 169 170 171 173 175 178 179 181 183 184 186 187 189 192 194 197 199 202 205 206 208 210 213 214 216 217 218 219 220 221 222 223 224 227 228 229 230 231 232
32 142 : 0 1 2 3 5 6 9 10 12 14 16 17 18 19 20 28 29 30 31 33 34 36 37 39 40 42 43 44 45 46 48 49 51 53 56 58 60 61 64 65 66 67 68 69 70 71 72 73 74 77 78 81 83 88 91 92 94 99 100 102 103 104 105 106 107 108 109 110 111 114 115 116 119 121 123 125 127 128 129 130 134 135 136 137 138 139 140 141 142 144 145 147 153 154 156 158 159 161 162 164 167 170 171 172 173 175 176 177 178 179 181 184 185 187 192 193 194 196 197 199 200 201 202 203 204 206 208 209 211 213 215 218 220 222 223 224 226 228 229 230 231 232
33 142 : 0 1 2 3 4 6 10 13 15 16 17 18 22 23 26 28 30 31 32 33 34 36 38 39 40 41 42 43 45 46 48 49 50 53 54 55 56 58 59 66 67 68 69 70 75 76 77 78 80 82 86 87 89 90 92 93 94 95 97 98 102 105 106 107 108 109 111 114 116 118 120 121 122 129 131 132 133 135 137 139 140 142 143 145 146 147 150 151 152 153 155 156 157 160 162 163 164 165 166 168 170 173 174 175 176 178 179 181 185 186 188 189 191 192 194 195 197 198 199 200 202 206 207 208 209 210 212 213 214 215 216 217 218 219 220 222 225 226 227 228 229 231
34 142 : 0 1 2 3 6 7 8 9 10 12 13 14 15 16 18 19 21 24 28 29 30 31 33 35 36 38 39 40 41 42 44 49 50 51 52 53 56 58 59 61 62 63 64 65 67 71 72 75 76 79 80 81 82 83 84 85 87 88 89 90 91 92 94 97 98 100 101 102 103 105 106 107 110 111 115 117 119 121 122 123 126 127 128 129 130 132 136 138 139 140 142 143 145 147 149 150 151 152 155 156 159 160 161 162 164 166 167 170 172 173 175 176 177 181 182 183 186 188 189 190 191 192 196 197 198 200 201 202 204 205 209 212 215 217 218 220 221 225 226 228 230 231
35 142 : 0 1 2 3 4 9 10 11 12 13 15 17 18 20 24 25 28 29 30 31 32 33 34 35 36 37 39 41 43 45 46 47 51 54 55 60 61 62 63 64 65 66 67 72 74 76 77 79 81 82 83 84 85 86 88 90 91 95 101 103 104 105 106 107 109 115 117 119 121 122 124 125 126 127 129 130 131 133 134 136 137 138 139 140 144 145 148 151 152 154 155 156 157 158 159 160 161 163 164 165 166 169 170 173 175 176 177 178 182 183 184 185 187 188 189 191 192 193 195 199 201 202 204 205 206 207 208 209 210 212 213 214 215 217 218 219 221 222 225 227 229 232
36 142 : 0 2 4 5 6 8 10 14 15 16 17 20 22 23 24 27 29 31 32 33 35 36 37 38 39 42 44 46 47 48 49 51 54 55 58 60 61 63 65 67 68 70 72 74 78 79 80 83 84 87 89 90 91 92 94 97 100 101 102 103 104 105 106 107 108 110 111 116 117 120 121 122 123 125 127 128 130 132 136 137 138 139 140 143 144 146 147 148 149 153 154 155 157 158 159 160 161 162 163 164 165 168 171 172 173 176 177 178 179 184 185 186 187 190 191 195 196 198 200 201 202 203 204 205 207 208 210 211 212 214 215 216 217 218 220 221 222 224 226 227 229 231
37 142 : 0 2 3 4 5 7 8 9 10 15 16 18 20 21 22 23 24 26 27 29 30 31 33 34 35 38 39 40 42 43 45 46 48 49 50 51 52 55 57 59 60 61 63 65 66 67 68 69 70 71 73 75 76 83 85 86 87 88 90 91 92 93 94 95 100 101 104 107 110 111 116 117 118 119 124 125 127 128 132 135 137 138 139 140 142 143 144 145 149 150 152 153 156 157 158 160 162 163 164 166 167 169 170 172 173 174 175 179 180 182 184 185 189 192 193 194 195 196 199 200 201 202 203 205 209 213 214 215 216 217 218 219 220 221 222 224 226 227 228 229 230 231
38 142 : 1 3 4 5 7 8 9 11 12 13 14 16 17 18 19 20 22 23 24 27 28 30 32 33 35 42 43 44 45 47 48 50 51 53 55 56 57 58 59 61 64 68 69 70 73 74 77 78 81 82 83 84 85 88 89 90 91 92 93 95 96 97 98 100 102 104 105 106 107 108 111 114 115 117 119 120 123 124 125 126 127 131 132 133 134 135 136 139 140 141 142 143 144 145 147 149 151 153 154 157 158 160 161 162 164 165 166 170 171 173 174 177 179 180 183 184 186 189 190 191 193 194 196 199 201 203 204 205 206 208 209 210 213 216 218 221 222 223 225 228 231 232
39 93 : 0 2 3 4 6 12 13 14 16 20 21 22 23 24 25 26 28 29 32 41 48 50 52 59 60 65 67 68 69 70 73 74 75 76 79 81 83 85 88 96 97 99 100 101 103 104 110 112 114 119 123 124 125 126 128 133 134 135 147 153 154 155 158 163 165 168 169 172 174 175 176 177 180 182 185 189 192 196 203 204 209 211 213 216 217 219 222 223 224 226 227 230 231
40 142 : 2 4 5 6 7 8 9 12 15 16 18 19 21 22 23 25 28 31 35 36 39 41 43 44 46 50 51 54 55 61 62 64 65 66 67 68 69 71 77 78 79 81 82 84 85 87 89 90 91 92 93 94 95 96 97 98 101 102 103 104 105 107 108 109 111 112 113 114 115 117 121 122 123 125 127 129 131 132 135 137 138 139 140 141 142 145 146 147 148 149 151 153 154 155 156 157 158 159 160 161 163 165 166 167 168 169 171 175 176 177 178 181 183 184 185 186 187 188 191 193 195 197 198 199 201 204 207 208 209 210 212 214 218 220 222 225 226 227 228 229 230 232
41 89 : 4 6 12 13 14 16 20 24 25 27 28 29 32 37 38 41 42 44 46 53 59 63 65 68 74 75 76 79 80 81 82 85 94 96 99 103 104 110 112 114 115 117 122 124 125 126 128 129 132 133 134 135 138 147 149 150 153 155 159 163 165 167 169 171 174 175 176 177 178 180 182 189 192 196 201 203 205 209 210 211 213 216 217 219 222 223 224 230 231
42 94 : 0 6 12 13 14 16 17 20 21 24 25 26 31 32 41 46 50 52 56 57 59 68 69 71 73 74 75 79 81 82 84 85 87 93 96 99 101 103 104 112 114 115 117 122 124 126 128 129 134 135 137 142 147 148 150 153 155 157 158 159 160 162 163 164 165 167 169 170 172 174 176 177 180 182 184 187 189 192 196 201 203 211 213 216 217 219 221 222 223 224 226 228 230 231
43 91 : 0 1 6 12 13 14 16 17 18 19 20 21 24 25 26 30 31 32 38 41 45 46 48 49 52 59 67 68 69 72 73 74 75 76 79 82 83 85 90 93 95 96 99 100 101 102 103 104 115 121 124 126 127 128 133 134 135 136 141 147 150 153 155 156 158 163 165 167 169 170 172 174 180 181 182 189 192 193 196 201 203 206 213 216 217 219 222 223 224 230 231
44 142 : 0 1 2 3 4 5 7 8 9 11 12 15 17 18 20 21 23 24 25 27 28 29 30 31 32 35 36 37 40 42 45 48 49 53 57 60 61 62 63 66 67 69 70 72 73 75 76 77 78 79 86 88 90 91 93 94 95 96 98 102 104 106 108 109 111 114 115 117 118 119 120 121 124 125 127 128 134 136 137 138 140 141 142 143 147 148 149 150 151 152 153 154 157 161 162 163 164 166 169 171 172 173 174 175 176 177 180 183 185 187 188 191 192 193 194 196 197 200 201 203 204 205 206 207 208 209 210 211 212 213 216 217 218 220 223 225 226 228 229 230 231 232
45 142 : 0 1 2 3 4 5 9 10 13 17 24 26 27 28 29 30 32 33 36 37 39 40 41 43 45 47 48 49 50 52 53 56 57 58 59 60 61 62 64 65 66 67 68 69 70 72 73 81 83 86 87 90 91 92 93 96 97 99 100 101 102 104 105 106 107 108 111 113 116 118 119 120 122 123 124 125 126 127 128 129 130 131 132 139 142 143 145 146 149 151 152 153 154 155 156 157 159 160 164 166 167 168 169 170 171 173 174 175 178 181 182 184 187 190 191 192 193 196 197 198 202 204 205 207 208 209 210 212 214 217 218 219 220 221 222 224 226 227 228 229 230 232
46 142 : 4 5 7 9 11 15 17 18 20 21 22 23 24 25 26 27 28 31 33 34 35 37 38 40 41 42 43 44 46 47 48 51 52 53 54 55 56 57 58 59 63 64 65 66 69 70 71 73 74 75 76 78 79 82 84 86 87 88 89 92 93 95 97 98 100 101 102 103 105 106 107 108 109 110 111 115 120 121 122 124 126 128 129 132 133 136 137 139 141 142 147 148 151 152 154 156 159 160 161 163 164 165 167 169 170 172 176 179 180 181 182 183 185 186 187 188 189 190 193 194 195 196 197 198 199 200 201 202 203 206 207 209 210 211 213 216 221 223 224 225 231 232
47 97 : 0 1 3 12 13 14 16 20 21 23 25 26 32 36 38 41 42 45 46 47 48 49 52 59 68 69 70 73 74 75 76 79 81 83 85 95 96 99 101 103 104 107 111 114 117 122 124 125 128 129 133 134 135 140 143 147 150 153 155 158 160 161 162 163 165 167 169 174 175 176 177 180 182 183 187 189 192 196 201 203 207 208 209 211 213 215 216 217 219 222 223 224 227 228 230 231 232
48 142 : 0 1 3 5 6 7 8 9 11 13 15 16 17 18 19 21 24 25 26 27 28 29 30 33 34 35 36 37 38 39 40 41 43 44 45 47 48 49 50 51 53 55 56 57 58 59 60 61 62 63 67 68 69 72 73 74 76 77 81 85 86 92 93 94 97 98 103 105 106 109 110 113 116 118 119 120 121 122 123 124 125 127 130 133 134 136 138 139 140 141 145 147 148 149 152 155 156 157 158 161 165 166 167 168 169 170 171 172 173 174 175 177 178 179 182 187 188 189 191 192 193 196 197 199 200 204 206 209 210 214 216 217 218 220 224 225 226 227 228 230 231 232
49 142 : 0 1 2 3 4 5 7 8 11 12 13 14 15 19 21 22 23 24 26 28 29 30 31 32 34 35 36 38 40 42 44 45 47 49 51 54 55 56 60 61 62 67 68 69 70 71 72 79 80 81 83 85 87 89 90 92 93 94 95 97 99 103 104 105 106 107 108 109 111 113 114 115 117 120 121 122 123 124 127 131 134 137 138 139 140 141 143 146 147 148 149 150 151 154 156 158 159 160 161 163 165 166 167 168 169 171 172 174 175 177 180 182 183 184 185 188 190 191 193 196 199 200 204 207 208 210 211 212 213 215 216 218 219 220 221 225 226 227 228 229 230 232
50 142 : 0 1 2 3 5 6 7 9 13 14 15 16 17 18 19 20 21 22 23 25 28 29 31 34 35 36 37 39 40 42 43 44 46 47 48 49 50 52 54 56 58 61 64 65 67 68 69 70 71 75 76 79 80 82 84 85 87 88 89 90 91 93 94 95 96 98 100 101 103 104 108 112 113 114 115 117 118 119 121 122 125 127 129 134 136 137 139 140 143 144 145 146 147 149 150 151 153 154 155 159 160 161 162 163 166 167 169 170 173 174 176 177 178 179 181 182 184 185 186 187 188 191 192 193 196 197 199 202 205 206 208 210 211 212 213 214 215 216 219 220 221 229
51 141 : 1 2 4 5 7 10 14 16 18 19 22 25 27 29 31 33 34 35 39 42 44 45 46 47 50 53 55 56 57 58 59 60 62 63 64 65 66 68 69 70 71 72 73 75 78 79 80 81 82 83 87 89 92 93 96 97 98 99 101 102 103 105 106 108 109 111 114 115 118 119 121 122 123 124 125 128 129 135 137 139 141 145 147 148 149 150 151 152 153 155 156 158 159 160 161 162 164 168 170 171 172 173 174 179 181 182 185 187 188 189 192 193 195 196 198 199 200 201 202 204 205 206 207 209 210 211 212 214 215 216 217 218 220 221 222 223 224 229 230 231 232
52 142 : 0 1 2 6 7 9 10 11 12 15 18 19 24 26 27 28 29 30 31 33 36 39 40 41 42 43 44 47 48 51 53 54 55 57 60 61 63 64 65 75 77 78 79 80 83 84 85 86 88 90 91 93 96 99 101 102 103 104 105 108 111 113 114 115 117 118 120 121 122 123 124 126 127 128 130 131 133 135 136 138 141 142 143 145 146 149 150 151 153 154 155 156 157 159 160 162 165 166 167 168 170 171 172 177 178 180 181 184 186 189 190 191 192 193 194 195 196 197 198 199 200 201 203 204 205 206 207 208 211 212 213 215 216 217 219 220 222 224 226 229 230 232
53 96 : 0 3 6 7 9 12 13 14 15 16 21 25 32 34 36 38 41 43 44 46 47 52 53 58 59 62 65 67 68 69 71 73 74 75 76 79 81 83 85 96 99 101 102 103 104 112 114 122 124 125 126 128 132 133 134 135 147 150 152 153 154 155 158 163 165 167 169 170 174 175 176 177 180 182 186 189 190 192 196 201 202 203 204 205 209 210 211 213 216 217 219 222 223 224 230 231
54 142 : 0 1 2 3 4 5 7 10 11 12 16 18 19 20 21 22 23 24 25 26 28 31 32 35 36 38 39 40 41 42 44 47 50 51 52 53 54 55 56 60 61 63 64 65 66 67 68 69 70 71 72 74 75 76 78 79 80 81 82 85 86 87 88 90 91 96 98 100 101 102 104 106 110 111 113 114 115 116 117 118 119 121 122 123 125 129 132 133 137 138 142 143 144 145 148 150 151 157 158 159 160 161 164 165 166 168 169 170 171 174 175 176 179 186 188 189 190 194 195 197 199 200 201 203 204 205 207 209 211 212 214 215 219 220 222 225 226 227 228 229 230 232
55 97 : 0 3 6 9 12 13 14 16 20 21 22 25 26 28 32 33 38 40 41 46 48 52 59 67 68 69 70 73 75 81 82 83 84 85 95 96 99 100 101 103 104 105 106 108 110 111 112 114 122 123 124 125 126 127 128 133 134 135 138 145 146 147 153 155 157 158 161 162 163 164 165 166 167 169 174 175 176 177 180 182 189 192 196 201 203 211 213 216 217 219 220 222 223 224 227 230 231
56 142 : 0 1 3 4 5 7 8 9 10 15 16 17 18 19 20 21 22 25 27 28 32 33 34 37 38 42 43 45 46 49 50 51 52 57 58 60 61 62 65 66 67 68 69 71 72 74 76 77 78 80 81 82 83 84 85 86 87 88 90 92 93 94 97 98 99 102 104 106 107 112 113 114 115 116 117 118 119 121 123 124 126 129 130 131 137 141 143 146 149 152 155 156 157 159 160 162 163 166 167 168 170 171 172 173 178 179 180 181 182 183 184 185 186 187 188 189 190 192 193 194 195 197 199 200 204 205 209 210 211 214 215 216 217 218 219 221 223 224 226 227 228 230
57 142 : 1 5 6 9 10 11 12 14 15 17 20 22 23 24 25 26 27 29 30 34 35 36 37 38 40 41 43 44 45 46 47 48 51 53 54 55 56 57 59 60 62 63 66 67 68 69 70 71 73 76 77 78 79 80 83 84 85 87 91 93 94 96 97 98 100 103 105 107 108 109 112 113 116 117 118 119 120 121 123 125 126 130 132 134 136 137 138 140 141 142 143 144 147 148 151 153 154 155 158 159 160 161 162 163 164 165 168 169 170 171 173 175 176 178 179 181 182 183 184 185 186 188 193 195 197 198 200 202 203 206 208 209 212 215 216 217 220 222 224 226 230 231
58 142 : 1 3 4 7 8 9 10 11 15 18 20 22 23 25 27 29 30 31 33 34 36 37 39 40 41 42 43 45 46 47 50 51 53 54 55 57 59 60 63 64 65 67 68 69 71 72 73 74 80 82 83 84 86 87 88 91 95 98 99 103 105 106 107 108 112 113 114 115 116 117 118 119 120 121 125 127 130 131 132 134 136 138 139 140 141 142 143 144 145 146 147 148 149 150 152 153 154 155 157 160 162 166 167 168 170 172 173 176 177 179 180 181 182 183 186 188 194 195 196 198 200 201 202 206 208 209 211 212 214 215 217 218 221 222 224 225 226 227 229 230 231 232
59 142 : 0 1 4 5 6 7 8 11 12 14 17 18 19 22 25 26 27 29 30 31 33 34 35 37 39 40 42 43 44 45 46 47 48 50 51 52 53 54 55 56 57 58 59 60 61 62 63 64 67 68 69 71 72 73 74 79 80 81 82 86 88 89 90 91 93 97 99 100 101 102 103 104 106 107 111 112 116 118 119 120 123 125 130 131 132 133 134 137 138 139 140 141 142 146 148 149 150 151 152 157 158 160 162 163 165 166 168 169 170 173 176 178 179 181 184 186 192 194 195 196 197 199 203 206 207 209 211 212 213 215 216 217 218 221 222 223 227 228 229 230 231 232
60 142 : 2 3 4 7 8 9 12 13 15 16 17 18 19 20 23 25 26 28 30 31 34 36 37 38 39 40 41 42 43 44 45 48 53 54 55 56 60 65 66 67 68 69 70 71 76 77 80 81 83 84 85 86 88 89 91 92 93 98 100 102 103 104 105 107 108 109 110 113 116 119 120 121 122 123 124 125 126 127 128 129 130 131 132 134 135 138 139 141 144 145 146 148 151 152 153 155 156 158 160 164 165 166 167 168 170 173 174 177 178 179 180 181 182 183 184 185 187 188 189 191 194 196 197 198 199 200 201 205 206 207 213 216 217 218 220 223 224 225 227 228 229 231
61 142 : 1 2 3 4 5 6 9 10 12 13 14 16 17 20 25 28 29 31 32 33 40 41 42 44 47 48 49 50 51 52 53 54 55 56 59 60 61 62 69 73 75 77 78 79 80 82 83 85 86 87 89 91 93 94 95 96 98 100 101 102 103 104 105 106 107 110 111 113 115 117 119 120 121 122 123 124 125 130 131 133 134 135 136 138 139 141 142 143 146 147 148 149 150 152 153 154 156 158 162 163 165 166 168 169 170 171 172 179 180 181 183 184 186 188 189 190 191 193 194 195 196 197 199 200 202 204 205 206 207 208 209 210 212 213 214 215 216 217 218 220 226 230
62 142 : 1 4 6 7 8 9 10 12 13 14 16 17 21 26 29 31 32 34 35 37 39 40 41 42 43 44 48 49 53 54 56 57 60 61 62 63 64 66 67 68 70 72 73 74 76 78 79 81 85 86 89 90 91 93 94 95 97 98 100 105 106 107 108 110 111 112 113 114 116 118 120 121 122 123 124 126 129 131 132 134 136 137 138 139 141 142 145 146 148 149 150 151 152 154 155 157 158 159 160 161 167 168 169 170 172 174 176 178 179 183 186 187 188 189 191 193 194 195 197 198 199 200 201 202 203 204 205 206 207 210 211 212 214 215 217 218 220 221 222 223 225 226
63 142 : 2 3 5 6 7 8 10 12 15 16 17 19 20 21 22 23 25 27 28 30 31 32 33 34 35 36 37 38 42 43 44 46 47 53 55 58 59 60 61 62 66 67 72 74 77 78 84 88 89 91 92 93 94 95 96 97 99 100 101 104 105 106 107 108 109 110 113 114 115 116 117 118 119 120 121 123 124 126 127 130 131 135 136 139 141 143 145 147 148 149 151 152 153 155 157 158 159 162 163 167 168 169 172 175 176 177 180 183 184 186 187 188 189 190 191 192 193 194 195 196 197 198 200 201 202 203 204 205 206 208 210 212 213 214 215 217 218 219 220 221 224 228
64 142 : 1 2 5 6 7 8 9 11 14 16 17 18 21 22 23 24 25 26 27 28 29 31 32 33 35 38 39 40 41 44 45 46 47 48 49 50 52 55 56 58 61 62 63 68 69 70 71 78 79 82 83 84 85 86 87 89 90 91 95 102 103 105 106 108 109 110 111 116 118 119 120 123 124 126 130 131 135 136 137 138 139 140 141 142 143 145 147 149 151 152 153 154 157 158 159 162 163 164 167 168 169 171 172 173 174 175 177 180 181 182 183 184 185 187 188 191 192 193 194 195 197 199 200 201 202 206 208 211 212 213 215 216 217 220 222 223 225 226 228 229 230 231
65 142 : 0 1 3 4 6 9 10 11 13 16 19 21 22 23 24 25 27 28 29 31 32 33 36 37 38 40 41 43 44 46 48 49 50 54 57 59 60 61 62 64 65 66 67 68 69 72 75 76 77 78 81 82 83 87 89 92 94 95 96 97 98 99 100 102 103 105 106 107 111 113 114 115 116 117 121 123 126 128 129 130 131 132 134 136 139 141 144 145 146 147 151 156 158 160 161 162 163 164 166 167 168 169 170 174 179 180 181 183 184 185 186 187 188 189 196 197 199 200 201 202 205 206 207 209 210 211 212 213 214 215 217 218 219 220 221 223 224 225 227 228 229 232
66 142 : 0 1 5 7 8 10 11 12 13 15 17 18 20 22 23 24 26 27 28 29 31 33 35 36 40 41 43 44 45 46 47 48 51 52 53 54 57 59 60 61 62 63 64 67 68 69 73 76 78 79 81 83 84 85 87 88 89 90 91 92 94 98 99 100 101 102 103 104 108 110 115 116 117 118 119 122 123 124 126 127 128 129 133 134 136 137 138 139 140 141 147 149 151 152 153 154 157 158 159 164 165 166 169 170 171 172 173 175 179 182 183 184 185 186 188 192 193 194 195 198 199 200 202 204 205 206 207 208 212 213 216 217 218 219 220 221 223 224 227 228 229 230
67 142 : 0 1 2 3 5 6 7 9 10 12 15 17 18 19 20 23 25 26 27 32 33 34 37 40 41 42 45 50 51 52 53 54 55 56 58 59 60 61 62 65 66 67 69 70 71 73 75 77 78 80 81 85 86 88 89 90 92 93 95 97 99 100 103 105 106 108 109 110 115 116 117 120 121 122 123 125 127 129 130 131 132 136 138 141 142 143 146 147 148 149 150 151 152 155 156 157 159 161 162 164 165 166 169 170 175 176 177 179 180 181 183 184 187 188 191 192 194 197 199 200 201 204 205 207 208 209 212 213 214 215 216 217 219 221 223 224 226 227 228 229 230 232
68 142 : 1 2 3 4 6 7 8 9 11 12 13 16 18 19 20 21 22 24 25 26 28 30 32 33 34 35 36 37 42 43 44 45 46 47 49 50 51 52 53 55 56 59 61 62 63 65 67 68 69 70 73 75 76 77 78 79 80 87 89 90 91 92 93 96 97 99 102 103 104 105 106 107 108 109 111 112 114 115 117 119 120 123 126 127 128 131 134 136 137 139 140 141 142 143 145 147 150 151 152 153 154 157 159 160 163 164 167 168 169 171 173 174 175 176 177 180 184 185 189 190 191 193 196 198 201 202 204 205 206 209 210 212 213 215 216 217 219 220 224 226 228 232
69 142 : 1 2 3 5 6 7 8 9 10 13 14 18 19 20 22 23 24 25 26 27 28 29 30 32 33 34 37 39 40 41 42 43 44 45 46 50 51 52 53 57 58 60 61 63 65 70 72 73 75 77 78 79 80 83 84 86 87 88 89 91 99 100 101 104 105 106 107 108 109 110 111 116 117 119 120 121 122 123 127 129 131 132 133 137 138 140 141 143 144 146 147 148 149 151 153 154 157 159 161 163 164 165 170 171 172 173 174 175 176 179 181 182 184 186 187 189 190 193 195 196 197 199 200 202 203 204 205 206 207 209 210 211 213 214 218 220 225 226 228 229 231 232
70 142 : 0 1 2 3 4 5 6 8 9 12 13 14 15 16 17 18 19 22 23 24 25 26 28 29 30 32 33 34 37 43 45 46 47 48 51 52 53 54 55 57 59 60 61 62 64 65 66 68 71 72 75 76 78 82 84 87 88 90 91 92 94 96 99 101 102 103 104 105 108 109 111 113 117 118 119 121 123 124 128 129 130 131 133 134 136 137 138 139 142 143 144 145 146 149 152 153 155 156 159 160 162 164 165 167 168 169 170 171 178 179 180 181 190 191 193 195 197 199 201 203 206 207 208 209 210 211 212 213 214 215 216 218 219 220 221 223 224 225 226 228 231 232
71 99 : 0 4 6 7 12 13 14 16 20 21 22 25 26 28 30 32 34 35 38 41 44 46 47 49 52 57 59 60 68 69 73 74 75 76 81 83 85 88 89 91 95 96 97 98 101 104 105 109 112 114 115 122 124 125 126 128 133 134 135 136 138 147 150 153 155 158 162 163 165 167 168 169 171 172 174 175 176 177 180 182 186 189 192 200 201 203 204 211 213 216 217 219 220 222 223 224 230 231 232
72 142 : 0 1 2 3 4 8 9 10 11 12 14 16 17 19 20 22 23 24 26 27 28 29 31 32 33 34 41 42 43 44 45 51 53 54 55 58 59 61 63 65 66 67 68 69 72 74 75 77 80 81 82 84 87 88 89 90 91 95 97 98 99 100 101 102 105 106 108 110 112 114 116 117 118 119 121 123 124 127 128 129 130 131 132 135 137 138 140 142 144 145 147 148 151 152 153 154 156 157 159 160 162 164 165 166 167 168 169 171 173 179 180 181 183 184 186 188 189 190 191 192 194 196 197 198 199 205 206 209 210 213 214 215 216 217 218 219 220 221 224 225 227 228
73 142 : 0 1 2 4 5 6 7 9 11 12 15 18 22 23 24 25 27 29 32 36 40 41 43 44 48 49 51 52 53 54 55 57 59 60 62 63 64 66 67 69 71 75 78 79 80 82 83 84 85 86 88 89 90 91 92 93 94 95 96 97 102 103 104 106 108 109 110 111 113 114 115 116 117 121 123 124 125 126 128 129 130 131 132 134 139 140 141 143 144 145 149 150 151 152 154 157 158 159 160 161 162 164 166 167 168 169 170 172 174 175 176 178 179 181 183 184 185 186 191 193 194 195 196 197 199 200 201 204 206 207 208 211 214 218 219 222 225 226 227 228 229 230
74 141 : 1 6 7 9 10 11 12 13 16 17 18 20 21 22 24 25 28 29 32 33 35 37 39 41 43 48 50 57 58 59 60 61 63 66 67 68 69 70 71 72 74 76 78 79 80 81 82 83 85 86 87 88 89 90 92 93 95 96 98 99 100 101 102 104 105 106 107 109 110 111 114 115 116 118 121 122 124 125 127 128 132 136 138 139 140 141 142 143 145 146 147 149 153 155 156 160 161 162 166 167 168 169 170 171 172 173 175 180 182 183 185 186 187 188 190 192 193 194 195 197 198 199 201 204 206 207 208 210 211 213 214 215 216 218 219 223 226 227 228 229 232
75 142 : 2 3 7 8 11 13 14 15 16 17 18 24 25 26 27 28 29 32 33 34 42 44 45 46 47 48 49 50 53 54 55 56 57 58 59 60 61 62 63 64 67 68 69 72 73 74 75 79 80 81 88 89 90 93 94 95 97 98 99 100 103 104 105 107 108 110 111 113 114 115 116 118 119 120 121 122 123 124 125 126 127 128 130 132 136 139 142 144 146 147 148 151 152 154 155 156 157 158 159 160 161 162 164 167 169 171 173 174 175 177 180 183 186 187 188 190 191 194 195 197 198 200 202 203 204 206 207 208 209 210 211 212 214 216 217 218 220 221 225 226 228 232
76 142 : 0 1 2 3 5 6 8 9 10 11 12 14 15 16 18 22 23 24 25 26 27 28 30 32 34 37 38 39 40 41 43 45 46 47 48 50 51 52 53 54 56 57 58 60 63 64 65 66 67 71 73 74 77 78 80 81 82 86 87 88 90 91 94 96 100 102 106 107 108 109 112 113 115 117 118 120 122 125 127 128 130 131 132 133 134 136 137 139 140 144 146 147 148 149 150 151 154 156 157 159 160 161 163 164 166 167 168 169 170 172 173 177 178 179 183 184 186 189 191 192 193 197 198 199 200 201 202 207 209 210 211 215 216 218 219 220 221 225 226 228 229 230
77 142 : 2 3 5 6 8 10 13 14 17 18 19 21 22 23 30 31 32 33 34 36 38 39 40 42 43 44 46 47 48 49 51 52 54 55 58 59 60 64 67 68 69 70 71 72 73 74 76 79 80 81 83 86 87 88 90 91 94 95 97 98 103 105 108 109 110 111 115 116 117 118 119 120 121 122 123 125 126 127 129 130 131 132 133 137 139 140 141 142 143 144 146 147 151 152 154 160 161 162 163 164 165 166 169 171 174 175 178 179 181 182 183 184 185 187 188 189 190 191 193 194 196 197 200 203 204 208 209 210 212 214 217 218 219 220 221 222 223 225 226 228 231 232
78 142 : 1 2 3 5 6 8 10 11 14 15 17 18 19 20 21 22 23 24 31 32 33 34 35 37 40 42 45 46 47 50 54 55 56 57 59 61 63 65 66 68 70 72 74 75 77 78 79 80 84 88 91 95 96 97 98 99 100 101 102 105 106 107 109 110 112 113 114 116 117 118 120 121 124 125 127 129 130 131 132 134 135 136 137 138 139 140 141 142 146 147 148 149 152 154 155 156 158 159 161 162 163 167 168 169 171 172 173 176 178 181 183 184 185 186 187 189 193 195 197 198 199 200 205 206 208 209 211 212 213 214 215 217 220 222 223 224 225 226 228 229 230 231
79 142 : 0 1 3 4 5 6 7 8 9 11 12 13 15 16 17 19 22 23 24 25 26 29 30 31 32 38 39 41 42 43 44 45 46 47 48 49 51 52 54 55 56 57 58 59 60 61 62 64 65 67 69 70 71 72 74 77 78 79 80 81 82 84 87 89 90 94 95 96 100 101 102 103 106 109 111 112 113 114 116 117 120 121 123 125 126 128 129 130 132 135 136 138 139 140 143 144 145 147 151 152 155 156 157 159 160 162 164 166 167 169 172 173 174 175 176 180 181 183 188 191 195 196 200 201 202 203 204 205 206 207 209 210 212 213 214 217 219 220 224 226 227 230
80 97 : 0 1 6 12 13 14 16 20 22 23 25 26 30 32 34 35 38 39 41 42 46 47 52 59 64 68 69 71 73 74 75 76 79 81 82 83 85 88 93 94 96 99 100 101 103 104 109 110 112 114 118 122 125 126 128 133 134 135 138 139 142 145 147 148 153 154 155 158 163 165 167 169 174 175 176 177 180 182 187 189 192 196 201 203 211 213 216 217 218 219 222 223 224 228 230 231 232
81 142 : 1 5 6 7 9 11 12 13 14 16 18 20 22 23 24 25 29 30 31 33 34 35 36 37 38 39 41 42 43 44 45 47 49 50 51 54 55 56 57 58 61 62 63 65 66 67 69 70 71 72 77 78 81 83 84 86 88 89 90 92 94 102 103 105 106 107 111 114 115 116 117 118 119 121 122 123 126 127 128 130 131 132 133 134 135 136 140 141 144 145 146 148 150 152 153 154 155 157 160 161 163 164 166 168 171 173 174 175 178 180 181 182 184 186 188 190 191 193 195 196 197 198 199 201 203 204 205 206 209 210 211 212 213 214 217 220 221 222 223 227 228 229
82 142 : 0 1 2 8 9 10 11 12 13 17 18 19 20 21 22 25 30 34 35 36 37 39 40 41 42 43 46 47 48 49 51 53 55 56 57 60 61 62 63 64 65 67 68 71 73 74 77 78 81 86 87 88 89 92 93 94 95 97 100 102 105 107 108 109 110 112 113 114 118 119 120 121 122 123 124 127 131 132 133 136 137 139 140 141 144 145 146 148 150 151 152 153 156 157 158 162 163 166 167 168 169 170 171 172 174 175 178 180 181 182 186 187 188 189 190 191 192 193 194 195 196 199 200 201 202 205 207 208 209 210 211 212 214 215 217 222 223 225 227 230 231 232
83 142 : 2 3 4 5 6 8 9 10 12 13 15 16 17 18 24 26 27 30 31 32 33 37 38 39 43 45 46 48 49 50 53 55 56 59 61 62 64 65 66 67 70 71 73 75 77 78 79 80 81 82 83 84 86 87 89 90 91 93 95 96 97 98 99 100 102 103 105 108 111 112 113 115 117 119 120 123 124 126 127 128 129 131 132 140 141 142 143 146 147 149 151 153 156 159 161 162 163 164 166 167 168 169 170 172 174 175 176 177 178 179 180 181 182 183 184 186 187 188 189 190 192 193 195 196 197 199 204 205 206 210 211 212 213 215 217 218 219 220 221 223 228 229
84 142 : 1 4 5 6 7 8 10 14 15 16 17 18 19 20 23 24 27 28 30 31 32 34 35 36 37 38 39 40 42 43 44 45 47 49 50 51 52 56 57 58 61 62 64 68 71 73 75 77 78 79 80 81 82 83 84 85 86 87 88 98 99 100 101 102 103 104 105 108 110 111 113 116 118 119 120 121 127 128 129 130 131 133 134 135 136 138 140 141 142 143 144 148 149 150 152 155 157 159 163 164 165 166 167 169 170 171 172 174 175 181 183 184 185 187 188 189 190 192 193 194 196 198 199 201 204 209 210 211 212 213 214 217 219 221 222 223 225 226 227 230 231 232
85 142 : 0 1 2 5 7 8 9 10 13 14 16 17 18 20 21 22 23 24 25 27 28 30 31 33 34 36 37 38 39 42 43 44 45 47 48 49 50 51 52 54 56 59 60 62 66 67 69 70 71 73 75 76 78 84 86 87 88 89 90 92 94 97 100 102 104 107 108 109 110 111 113 114 115 116 121 122 126 127 128 131 132 133 134 136 137 138 139 141 142 143 144 145 147 149 150 151 152 153 154 160 161 163 166 167 168 169 171 172 173 174 178 179 181 182 183 184 186 187 189 190 191 192 193 194 195 196 200 201 203 204 205 206 207 209 214 215 216 217 221 225 230 232
86 142 : 1 4 6 7 8 9 10 11 12 13 14 15 17 18 19 20 24 28 30 31 32 33 34 35 36 39 40 43 45 46 48 49 51 52 53 54 55 56 60 61 62 63 64 65 66 68 70 71 78 79 82 83 84 85 86 87 88 91 94 96 98 100 102 103 104 105 106 108 109 112 115 117 118 119 120 123 125 127 130 131 132 133 134 135 137 139 140 141 142 143 144 145 146 150 152 153 154 156 158 160 161 163 164 165 168 169 171 172 174 176 177 178 181 182 183 184 185 186 187 189 191 193 194 195 196 197 198 200 206 207 208 210 213 215 219 221 222 223 224 225 229 232
87 142 : 0 1 3 4 7 9 10 12 13 14 15 16 18 20 21 22 23 25 27 28 29 31 32 33 34 35 36 37 38 40 42 45 46 47 49 50 52 55 57 58 61 63 64 65 67 69 70 72 73 75 76 77 80 82 83 84 85 87 89 91 92 93 94 99 102 103 104 106 107 111 113 114 115 118 122 123 126 127 130 131 132 133 134 136 137 138 140 141 142 143 145 146 148 149 153 154 155 156 157 161 162 165 167 168 169 170 171 172 174 176 177 178 179 180 181 182 183 184 185 186 188 189 190 192 195 199 200 202 205 207 208 209 212 217 218 219 220 222 224 228 229 230
88 142 : 0 1 2 4 5 6 7 8 9 10 11 12 13 14 15 16 17 18 19 20 23 24 28 29 30 31 34 35 36 37 38 39 41 43 45 48 49 50 53 54 56 57 58 61 62 63 64 66 68 69 75 76 77 80 85 86 88 89 90 91 93 94 95 98 100 102 103 104 105 106 107 109 113 115 117 119 124 125 126 128 129 131 132 133 135 136 139 140 141 142 143 144 146 147 148 149 151 152 154 156 158 159 163 164 165 167 168 169 170 173 175 176 177 179 180 181 183 184 185 186 190 191 192 197 198 199 203 204 205 211 214 216 218 219 220 221 223 224 225 226 227 232
89 92 : 0 6 8 12 13 14 16 20 21 24 25 29 31 32 38 46 52 59 61 62 68 69 71 74 76 79 81 83 85 87 88 96 97 100 103 104 111 112 114 118 122 124 125 126 128 131 133 134 135 140 141 145 147 150 152 153 155 158 163 165 167 169 171 172 174 175 176 177 178 180 182 184 189 190 192 195 196 197 198 201 203 211 213 217 219 222 223 224 228 230 231 232
90 142 : 0 2 3 4 6 7 9 10 13 17 18 20 21 23 24 25 27 29 30 31 32 33 35 36 37 39 40 43 44 48 49 50 51 53 54 55 56 58 60 61 63 65 66 67 68 72 73 75 76 77 79 80 82 88 89 93 95 96 97 98 99 100 102 103 107 109 110 113 114 115 116 119 122 123 124 128 129 130 131 132 134 135 137 138 139 141 142 144 146 147 150 151 154 155 156 157 158 159 160 163 166 169 171 172 173 174 175 177 179 180 183 185 188 190 191 192 193 194 195 196 197 199 201 202 203 206 207 208 209 210 212 214 215 216 217 221 222 223 226 228 229 232
91 95 : 0 2 6 7 12 13 14 16 20 21 25 26 32 34 38 40 41 46 52 53 59 65 68 69 71 73 74 75 76 79 81 82 83 85 92 93 96 97 99 101 103 104 108 109 112 114 122 124 125 126 128 129 131 134 135 136 143 147 150 152 155 157 158 163 165 173 174 175 176 177 178 179 180 182 184 187 189 190 196 201 203 204 207 211 212 213 215 216 217 219 223 224 230 231 232
92 142 : 2 5 6 7 8 14 15 20 21 22 24 27 28 30 31 37 40 41 43 44 45 46 47 48 49 52 53 55 56 58 60 61 62 63 64 65 66 67 69 70 71 73 75 76 77 78 79 80 81 82 84 89 91 92 93 95 97 99 100 101 102 106 107 108 109 110 114 115 116 117 118 120 123 124 125 127 128 129 130 131 133 134 135 137 139 140 141 142 143 145 146 147 149 154 155 156 158 159 161 162 164 165 166 168 169 170 171 172 174 175 176 177 178 179 180 181 184 187 188 189 191 192 194 195 202 204 207 208 209 214 218 219 220 222 223 225 226 227 228 229 230 231
93 142 : 1 3 5 6 7 8 9 13 15 17 18 19 20 21 22 24 27 29 31 33 35 37 38 40 44 45 46 47 54 55 56 57 59 60 62 63 64 65 70 71 72 73 74 77 79 81 82 83 84 87 89 90 92 93 94 95 96 97 99 100 101 102 104 105 107 109 110 112 113 117 119 122 123 124 128 129 132 134 136 138 139 140 141 142 144 145 146 147 148 149 150 151 152 154 155 157 159 160 161 162 164 165 166 167 168 169 170 172 173 174 180 181 182 184 185 186 189 191 192 193 195 196 197 199 205 206 208 209 210 211 212 214 217 218 220 221 223 224 227 228 230 232
94 142 : 0 1 2 3 4 7 8 9 10 11 12 14 17 19 23 24 25 27 28 29 31 33 34 36 37 39 40 42 43 44 45 49 50 51 54 55 56 57 58 61 62 63 66 68 69 70 75 77 78 79 80 81 83 84 85 86 87 89 90 91 92 94 95 100 102 105 107 109 110 111 113 115 116 117 118 119 120 121 122 123 124 126 127 128 129 133 134 135 136 138 139 140 141 143 146 150 152 154 155 156 157 158 159 160 161 162 163 164 165 166 169 173 174 175 176 179 181 182 185 186 189 190 192 193 194 198 199 201 202 203 205 206 208 212 215 216 219 220 225 227 231 232
95 142 : 3 4 6 7 9 10 11 13 14 16 18 19 20 22 23 24 26 27 28 29 31 34 35 36 38 39 41 42 43 45 49 50 54 56 58 59 60 64 65 67 69 70 71 72 75 77 79 80 82 83 86 88 90 91 92 94 95 98 100 101 107 108 109 110 111 112 113 114 116 117 122 123 124 125 128 129 130 131 132 134 135 137 138 139 140 141 142 143 144 147 148 150 151 152 155 156 158 162 164 165 166 167 170 172 173 174 176 178 179 181 182 185 187 188 191 192 193 194 195 198 200 201 202 203 204 205 206 209 210 212 216 217 219 220 221 222 223 224 225 226 228 232
96 142 : 0 3 6 7 8 10 11 12 14 15 16 17 18 19 20 21 24 25 26 27 28 29 33 34 35 37 40 42 47 48 50 52 54 55 57 58 59 60 63 64 65 66 67 68 69 72 74 77 78 79 80 82 83 84 86 87 88 89 90 91 92 94 95 96 97 98 100 101 103 104 105 107 108 109 110 111 112 113 114 115 116 117 119 120 124 130 133 137 138 139 140 141 143 145 148 151 153 154 155 157 158 160 164 165 166 167 170 171 172 180 181 183 184 187 188 191 193 194 196 198 202 203 204 205 207 208 210 211 212 214 217 219 220 221 223 224 225 226 227 228 229 230
97 142 : 0 4 5 6 7 8 9 10 14 19 20 23 24 25 27 28 31 32 33 35 36 37 41 42 44 45 47 48 50 51 52 55 56 60 61 63 64 66 68 69 70 71 73 75 77 79 80 82 83 84 86 88 90 91 92 99 101 102 104 105 106 108 109 111 113 114 119 120 123 124 125 126 127 129 130 132 133 134 137 138 140 141 142 143 144 145 150 151 152 153 155 156 157 158 160 163 164 165 167 168 169 170 171 174 178 179 180 183 187 188 189 190 191 193 195 196 198 199 200 201 202 203 204 205 207 209 210 211 213 214 215 216 220 222 223 224 225 226 227 228 230 231
98 142 : 1 2 3 5 10 11 13 14 15 16 17 19 20 21 22 24 25 26 29 31 32 33 36 38 39 43 45 46 47 48 49 52 53 54 57 58 59 60 62 64 67 69 70 71 72 76 78 80 81 82 85 86 90 91 93 95 97 99 100 101 105 108 109 110 111 113 114 115 116 117 118 120 123 124 125 126 127 128 129 131 132 133 134 135 136 139 140 141 146 147 148 149 151 154 155 158 162 165 166 167 170 171 172 173 174 176 177 179 181 183 184 185 186 188 190 191 192 193 194 195 197 198 200 204 205 206 208 210 211 213 214 215 216 217 218 223 225 226 228 229 230 232
99 142 : 0 2 3 5 7 8 9 10 11 12 13 14 15 16 20 26 27 30 33 34 35 37 38 39 41 42 44 45 48 56 57 59 60 62 63 64 65 68 70 71 72 73 74 75 77 78 81 82 84 85 87 88 89 91 92 93 97 98 99 100 102 105 106 108 109 110 112 113 114 115 116 117 118 120 121 122 124 129 130 131 133 135 136 139 141 143 144 145 146 148 149 150 152 153 154 155 156 157 158 159 160 161 162 165 166 168 170 173 174 176 179 180 181 182 183 184 185 186 190 193 195 196 199 200 202 204 205 207 208 210 211 212 213 215 219 220 221 224 228 229 230 232
100 142 : 1 2 3 5 7 8 10 11 12 13 14 15 18 20 21 23 24 27 28 29 34 37 38 41 42 43 44 45 46 47 48 49 54 55 57 59 60 61 63 64 65 67 68 69 70 71 72 74 76 77 79 82 85 89 91 94 95 96 98 100 102 103 104 105 107 108 109 113 116 117 120 123 124 125 126 127 128 129 131 133 135 138 141 142 143 144 145 146 148 150 151 152 155 159 160 163 164 166 167 168 171 172 173 174 177 178 181 185 186 187 191 192 193 194 198 199 200 201 202 203 204 206 207 208 209 210 212 214 215 216 217 218 220 221 222 223 225 226 227 229 230 232
101 142 : 0 4 6 9 10 11 12 14 15 16 19 20 21 23 25 27 28 29 30 33 34 36 40 42 43 44 45 49 50 52 53 55 56 57 58 59 60 61 63 64 66 67 69 70 72 73 75 77 78 82 83 85 87 88 90 92 95 98 101 102 103 105 106 107 108 109 110 111 112 116 117 118 120 121 122 123 124 125 126 127 131 134 136 139 142 143 144 146 148 149 152 153 155 156 160 163 165 167 168 169 170 171 172 173 174 176 177 178 181 182 183 184 185 188 189 190 191 192 193 194 195 196 197 199 200 202 204 205 206 211 212 214 215 217 218 221 222 226 227 230 231 232
102 142 : 0 2 3 4 5 8 12 13 14 17 19 21 22 23 31 33 35 36 38 39 40 41 42 43 44 45 46 47 48 49 52 56 57 58 59 60 62 64 67 69 72 73 74 75 77 79 82 83 84 86 87 88 89 91 92 93 95 96 97 98 99 102 104 105 106 107 109 110 111 112 113 115 116 118 119 123 124 125 127 130 131 136 138 139 141 143 146 148 149 152 153 154 155 160 161 162 163 164 165 166 167 169 171 172 174 175 178 180 182 183 184 185 186 188 189 190 191 192 193 194 198 202 203 206 208 212 214 215 216 217 218 219 220 221 223 225 226 227 228 230 231 232
103 142 : 0 3 4 5 6 7 8 9 10 11 13 14 19 20 23 24 25 27 28 31 34 35 37 39 40 41 42 43 44 45 47 48 49 51 52 53 54 55 56 58 59 61 63 64 66 67 70 71 72 73 74 75 77 78 79 80 82 83 85 86 88 90 91 92 94 98 99 101 104 105 106 109 111 112 114 115 120 122 123 124 127 130 132 134 137 138 139 141 142 143 144 145 148 149 150 154 156 158 160 161 164 165 166 169 170 172 173 174 176 177 179 180 182 183 186 188 189 191 193 194 195 196 197 198 200 201 204 205 207 209 210 212 213 214 218 220 222 224 227 229 231 232
104 142 : 0 1 3 6 7 8 10 12 13 15 17 20 21 22 24 26 27 30 31 32 34 35 36 37 38 39 42 43 44 48 49 50 51 56 58 59 61 62 66 67 71 72 74 75 79 80 81 82 83 86 87 88 89 91 92 94 95 96 98 102 103 104 106 108 110 111 112 114 115 117 118 119 120 124 125 126 127 129 130 132 133 134 135 136 138 139 140 141 142 143 144 145 147 152 153 154 157 158 159 161 162 164 166 167 168 169 170 171 172 174 175 181 182 183 184 186 187 190 191 193 198 199 200 201 202 203 205 206 207 208 211 213 214 218 222 225 226 227 228 229 230 231
105 142 : 1 3 4 5 6 7 8 9 10 11 13 15 16 17 18 22 23 25 27 28 29 31 32 35 36 39 40 41 42 43 45 46 47 48 49 50 53 54 56 58 62 63 64 67 68 69 71 72 73 75 77 78 79 80 81 86 89 90 92 93 94 97 101 102 103 106 113 114 115 118 119 120 123 124 125 126 127 128 129 133 134 137 138 139 140 141 142 143 144 145 148 149 150 151 153 154 155 159 160 161 163 164 167 168 169 170 172 173 174 175 176 180 183 185 186 187 188 189 190 192 194 196 197 198 199 203 204 205 207 209 210 211 218 220 221 222 223 224 225 227 230 232
106 93 : 0 3 4 6 9 11 12 13 14 15 16 20 21 25 26 32 34 38 41 44 46 49 51 54 57 59 60 67 68 69 70 73 74 75 76 79 81 82 83 84 85 87 89 93 96 99 101 103 104 107 114 118 122 124 125 126 133 147 150 153 155 158 162 163 165 167 168 169 173 175 180 182 184 189 192 196 200 201 202 203 211 213 216 217 219 222 223 224 228 229 230 231 232
107 142 : 0 2 3 4 6 7 8 10 13 14 15 17 18 19 21 23 24 26 27 29 30 31 32 34 35 37 41 43 44 45 47 51 52 53 55 56 57 59 62 63 64 65 66 68 69 70 71 72 74 75 78 80 82 84 85 86 89 91 92 93 94 97 99 100 101 102 104 106 107 108 109 110 113 114 115 116 117 120 122 123 124 125 126 127 129 130 132 134 137 138 139 140 141 143 145 149 150 151 152 153 154 155 157 159 162 165 166 168 170 171 175 178 180 181 182 183 184 185 186 187 188 189 190 195 196 197 199 200 201 202 205 207 208 209 210 216 219 220 222 223 230 232
108 142 : 0 1 2 5 6 8 9 11 14 15 18 24 26 28 30 31 32 34 35 37 39 40 42 45 46 47 50 51 52 54 56 57 58 59 60 61 64 65 66 67 68 69 72 75 77 78 79 80 81 82 83 84 86 88 90 91 92 93 94 95 98 100 101 103 108 109 110 111 113 114 115 118 119 120 121 122 123 124 125 128 130 131 135 136 137 138 140 143 144 145 146 147 150 151 152 154 155 156 159 161 162 163 165 166 167 170 171 174 175 177 180 181 183 184 185 187 188 190 191 194 198 199 200 201 202 203 205 206 207 208 209 210 212 215 216 217 219 222 225 227 228 231
109 142 : 0 1 2 3 5 8 9 10 12 14 15 17 18 19 22 23 26 27 28 29 32 33 35 37 42 43 44 45 46 51 54 55 56 64 66 67 68 70 71 72 73 74 75 76 77 81 84 86 87 88 89 90 91 92 93 94 95 98 101 102 103 104 105 107 108 109 113 115 116 117 119 120 122 123 124 125 126 127 128 129 130 132 137 140 144 145 148 151 152 153 154 155 158 159 160 163 164 165 166 167 169 172 173 174 175 178 183 184 186 187 188 189 191 192 194 195 196 197 198 201 202 203 204 205 207 209 210 211 214 215 216 217 218 219 220 221 223 226 227 229 230 231
110 142 : 0 2 3 5 6 7 8 10 15 18 19 21 24 25 26 28 30 32 36 37 38 39 41 42 43 45 46 47 48 50 51 52 54 56 58 60 64 66 67 68 74 75 77 80 81 82 84 85 86 87 88 89 90 91 92 94 96 97 98 100 101 102 104 107 109 110 111 112 113 115 116 117 118 119 124 126 130 131 132 133 134 138 139 140 141 142 144 145 146 147 150 153 155 156 162 163 164 166 167 168 170 172 173 174 175 176 177 178 180 181 183 185 186 188 191 192 194 195 198 199 200 201 202 203 204 205 206 209 210 211 212 214 216 218 221 222 224 227 229 230 231 232
111 98 : 0 3 4 12 13 14 16 19 20 21 25 26 29 31 32 38 40 41 44 46 47 52 53 57 59 68 69 70 71 73 74 75 76 79 81 83 84 85 96 99 101 102 103 112 114 122 124 125 126 128 129 133 134 135 136 137 142 143 145 147 148 150 153 155 158 159 162 163 165 167 169 172 174 175 176 177 180 182 187 189 192 196 198 201 203 205 212 213 216 217 219 221 222 223 224 227 230 231
112 142 : 0 1 2 4 8 9 10 11 12 13 14 18 20 23 25 27 29 30 31 32 34 37 38 39 40 41 43 44 49 50 51 53 54 55 58 59 63 64 65 66 68 71 74 76 77 78 79 80 81 83 85 86 93 94 96 97 98 101 102 104 106 107 108 109 110 111 112 114 116 117 118 119 120 122 123 124 129 130 137 139 140 141 143 144 146 148 149 150 151 153 154 156 157 158 159 160 161 162 166 167 171 172 173 174 175 177 178 179 180 181 182 185 189 190 191 194 195 196 200 203 205 206 207 208 209 211 215 216 217 218 220 221 222 223 225 226 227 228 229 230 231 232
113 142 : 0 2 4 6 8 9 10 11 12 13 16 17 19 20 21 24 26 27 28 29 32 33 34 35 36 37 38 39 41 42 43 48 49 51 54 55 56 57 59 60 63 66 69 70 72 75 77 78 80 82 87 88 89 90 92 93 95 96 98 99 101 102 103 106 107 108 109 110 111 113 114 116 118 120 122 125 126 127 128 129 131 132 136 139 141 142 143 145 146 148 152 153 157 158 159 161 162 164 165 167 168 169 170 171 172 174 176 177 178 182 183 186 187 188 189 190 191 192 194 197 198 200 201 202 203 204 205 207 208 209 210 212 213 218 219 220 221 223 224 227 230 232
114 93 : 0 2 4 6 7 11 12 13 14 20 21 22 23 25 26 29 31 32 34 37 38 40 41 46 47 52 57 59 60 61 62 68 69 70 71 73 74 76 79 83 85 96 97 99 101 103 104 105 109 112 124 125 126 127 128 131 133 134 135 137 146 147 150 153 155 158 162 163 165 166 167 169 174 175 180 186 189 190 192 194 196 201 203 211 213 216 217 219 222 223 224 230 231
115 142 : 0 2 3 4 5 6 7 8 12 15 17 19 23 26 27 29 30 31 33 37 38 39 41 42 48 50 51 52 53 54 55 60 62 63 65 66 69 70 73 74 75 80 82 83 85 86 87 88 89 91 93 95 96 97 104 108 109 111 113 114 115 116 117 119 120 121 123 125 127 129 130 132 134 135 136 137 138 139 140 142 144 145 146 147 148 149 150 156 157 158 159 162 163 164 165 169 170 171 172 173 175 177 179 180 181 183 185 186 189 190 192 193 194 195 196 197 198 200 202 204 205 206 207 209 210 212 213 214 217 218 219 220 222 223 224 225 226 227 228 229 230 232
116 142 : 1 3 4 5 6 7 8 10 11 14 15 16 17 19 20 21 22 23 24 25 26 28 29 35 36 37 38 40 43 44 45 46 50 51 52 54 55 56 57 58 59 60 62 63 66 70 71 72 73 77 79 82 85 87 88 89 90 92 94 96 100 104 105 107 109 110 112 113 115 116 117 118 119 120 122 125 126 128 130 131 132 134 135 136 137 138 139 141 142 144 145 146 150 151 155 156 157 160 161 162 166 170 171 172 173 175 176 178 179 180 183 185 186 189 190 191 192 193 195 196 197 200 201 202 206 207 208 209 210 212 213 214 216 219 221 222 224 226 228 229 231 232
117 142 : 1 2 3 4 5 6 7 8 9 10 12 13 14 16 17 18 19 21 22 27 28 29 30 31 33 35 38 39 43 44 45 46 47 48 49 55 56 59 60 61 63 64 66 67 68 69 73 75 76 77 79 81 82 83 84 86 87 90 92 96 103 106 107 108 113 114 117 118 120 121 123 126 128 129 130 131 132 133 134 135 136 137 138 140 141 143 145 146 147 151 152 153 155 156 157 158 160 161 162 163 167 168 169 171 172 174 177 178 181 183 184 185 186 187 188 191 194 195 197 198 199 200 202 203 204 205 207 208 210 212 213 214 216 219 223 225 226 228 229 230 231 232
118 142 : 2 5 6 7 8 10 13 15 16 17 18 20 22 23 24 25 27 28 30 31 32 33 34 35 36 37 42 45 47 51 52 53 54 55 56 57 58 59 61 62 63 66 70 74 75 78 80 82 85 86 87 88 91 92 93 94 95 96 97 98 103 104 105 106 107 111 112 113 114 116 118 119 121 123 128 132 135 138 139 141 142 143 144 148 149 150 151 153 154 155 156 160 161 162 164 165 166 170 171 172 173 176 177 178 179 180 183 184 185 186 187 188 190 191 192 193 194 196 197 198 202 203 204 205 206 208 209 210 211 213 214 216 217 218 219 222 223 227 228 229 230 232
119 142 : 1 3 4 8 9 10 11 12 13 14 15 17 22 27 28 30 31 32 33 35 36 41 43 44 45 47 48 50 51 54 55 56 58 59 60 61 62 63 65 67 68 71 73 75 77 78 79 81 82 85 86 87 88 92 93 100 101 105 106 107 108 110 112 114 115 117 119 120 121 122 123 124 125 126 129 131 132 133 135 137 138 140 143 144 145 146 148 150 151 153 156 157 158 160 161 162 163 164 165 166 170 171 174 175 176 178 179 180 181 183 184 185 187 188 189 190 191 194 195 197 198 199 202 203 204 205 207 208 212 215 216 217 218 219 220 222 223 224 225 226 227 228
120 142 : 1 5 6 7 8 9 10 12 13 14 15 17 18 21 24 25 28 32 33 34 35 37 38 39 40 41 42 43 45 46 48 49 51 52 53 54 56 57 58 60 61 62 63 65 67 72 73 74 75 76 79 80 81 85 86 87 88 89 90 94 95 98 99 100 104 105 106 108 112 114 115 116 117 120 122 125 126 127 129 133 137 138 139 140 141 142 147 148 149 151 152 153 156 159 160 161 162 166 169 170 171 172 174 175 178 179 180 181 182 184 186 188 189 190 191 195 196 197 198 199 201 203 205 206 208 209 210 211 213 214 215 216 217 219 220 221 222 226 227 228 230 232
121 142 : 2 4 5 6 8 9 10 11 12 18 19 20 23 24 27 28 29 30 31 36 39 40 41 43 46 47 48 49 50 54 55 56 57 59 60 61 63 64 66 67 70 71 72 73 74 75 76 77 78 82 84 85 90 91 92 93 94 95 96 97 98 100 101 103 104 106 107 108 109 110 111 112 113 115 119 121 123 124 125 126 127 128 129 131 132 133 135 137 143 144 146 148 149 150 151 154 155 156 157 158 161 163 164 165 167 168 170 172 173 174 179 181 184 186 187 188 189 190 192 193 194 195 197 198 200 204 205 206 207 208 209 214 218 220 221 223 225 226 227 229 230 231
122 142 : 0 1 5 8 9 11 12 13 14 18 19 21 23 24 28 29 30 32 34 35 36 39 41 42 43 44 45 46 47 48 49 51 52 53 54 55 57 58 59 62 63 64 65 66 67 70 72 73 74 76 77 81 82 85 86 87 88 90 91 92 93 95 98 100 103 105 106 108 109 110 112 113 115 118 123 124 126 127 129 130 131 132 136 137 139 143 144 145 146 147 148 149 152 154 155 156 161 162 163 164 166 169 171 173 174 177 178 179 180 181 184 185 186 187 188 189 190 192 193 195 196 197 198 200 201 202 203 204 207 208 212 213 214 216 218 220 221 224 225 229 231 232
123 142 : 0 4 6 8 10 12 13 14 17 19 21 23 24 25 27 28 31 33 36 37 41 43 46 47 48 49 50 51 56 59 60 61 62 63 64 65 66 67 68 71 72 73 76 80 81 86 87 90 91 93 94 95 96 97 99 101 103 107 110 111 112 113 114 115 116 118 119 120 121 123 125 126 127 128 129 131 132 133 135 136 137 140 142 143 145 147 148 150 151 152 157 158 161 162 163 165 166 168 169 171 172 174 175 176 177 178 179 180 183 184 185 186 187 188 190 193 196 197 200 201 202 204 205 207 208 209 211 214 215 216 218 219 220 221 222 224 225 227 228 229 230 232
124 142 : 0 2 3 5 7 9 11 12 13 16 18 19 24 25 26 27 29 30 32 35 36 37 39 40 41 44 46 47 48 51 52 54 57 60 63 64 65 66 68 70 71 72 73 77 78 82 83 84 86 87 90 91 92 93 94 95 97 99 101 102 103 104 105 106 109 110 111 112 113 114 115 116 117 123 124 125 126 127 130 131 133 134 135 136 137 139 140 141 142 143 144 145 148 149 151 153 158 159 161 162 164 165 167 168 169 170 171 174 176 181 184 185 186 187 188 189 190 191 192 194 196 198 202 204 206 207 208 210 211 213 214 216 218 219 220 223 224 225 227 228 229 230
125 141 : 2 4 6 9 11 12 16 18 19 20 23 25 26 27 28 29 30 33 35 39 41 42 43 44 46 47 48 49 50 52 53 54 55 56 57 58 59 60 61 62 63 65 66 67 70 72 73 74 76 77 79 80 83 84 86 87 89 90 91 92 93 94 96 97 101 102 103 104 105 106 107 108 110 111 113 114 115 117 118 119 121 124 127 131 132 133 135 136 137 140 143 144 146 147 148 150 151 152 154 155 156 160 161 164 166 167 168 171 173 174 176 177 179 180 184 185 186 187 188 189 190 195 196 199 202 203 205 207 208 210 211 213 219 220 221 222 225 228 229 230 231
126 142 : 1 3 4 6 7 8 10 11 12 14 16 17 18 20 22 23 25 27 30 33 34 35 36 38 39 40 41 43 45 46 47 48 49 52 56 57 59 61 62 64 65 67 69 71 74 77 79 82 83 84 88 89 90 91 92 93 94 95 96 97 98 99 102 104 106 107 109 111 112 115 116 117 118 119 120 121 123 124 126 129 132 133 135 136 137 138 140 141 144 145 146 147 148 149 150 152 153 154 156 159 160 161 163 164 165 166 167 168 173 174 175 178 181 182 183 184 185 188 190 191 193 195 196 197 198 199 202 203 205 206 208 213 215 217 219 221 222 225 227 228 229 232
127 142 : 1 3 4 6 7 9 10 11 13 15 16 17 20 21 22 23 24 25 27 29 30 32 33 34 35 36 38 40 43 45 46 47 49 50 54 55 56 59 60 62 63 66 67 69 70 72 73 74 76 77 80 82 83 84 86 87 88 90 91 92 93 94 96 97 101 102 103 105 106 108 109 110 111 112 114 116 119 121 122 123 124 125 126 127 129 131 132 136 137 138 140 141 142 144 145 148 151 152 153 156 157 159 160 161 162 165 166 168 169 171 172 177 178 180 183 187 189 190 191 192 194 195 196 199 202 203 204 205 208 210 213 214 218 219 220 223 224 225 226 227 228 232
128 142 : 1 2 3 4 5 6 8 11 12 13 14 15 16 17 19 20 21 22 26 30 31 33 35 36 37 40 41 42 43 45 46 49 52 56 57 58 61 63 66 67 70 72 74 76 77 78 79 80 82 84 85 86 87 90 95 97 98 100 101 106 107 108 109 110 112 113 114 115 119 120 121 123 126 127 129 130 131 132 134 135 136 138 139 140 143 144 147 148 149 151 152 154 156 158 160 161 162 163 168 169 170 172 173 174 175 176 178 179 181 183 184 185 187 188 189 190 191 192 194 198 199 201 202 204 206 207 208 209 211 215 216 218 219 220 221 222 225 226 227 229 230 231
129 142 : 0 1 3 5 6 7 13 14 16 17 18 19 20 22 23 25 29 30 31 32 33 35 36 38 39 40 41 42 43 44 45 46 50 51 52 54 56 57 59 61 62 63 64 65 66 71 72 74 77 78 82 83 85 87 88 89 91 93 94 95 97 102 104 107 108 111 114 115 117 118 119 121 122 125 126 130 134 135 136 137 138 140 142 146 147 148 149 150 152 154 156 157 158 159 160 161 162 163 164 165 170 171 173 174 176 177 178 179 181 182 183 184 185 186 188 190 192 193 195 196 197 198 199 200 201 202 203 204 205 206 207 210 212 215 216 217 218 221 225 227 228 231
130 141 : 2 3 5 6 7 8 9 10 12 13 15 17 18 20 21 22 25 26 28 30 32 33 34 36 37 38 39 42 43 44 47 49 50 52 53 55 56 57 59 60 62 63 65 66 67 68 70 72 73 75 76 78 80 83 85 86 87 89 90 91 92 94 95 97 98 99 101 102 103 107 110 111 113 116 117 119 120 121 122 124 125 126 128 129 130 131 132 133 137 143 144 146 148 149 150 152 157 164 165 166 167 169 170 171 172 174 175 178 179 182 184 185 187 188 189 191 192 195 197 198 202 203 204 207 208 211 212 213 214 215 216 217 218 220 223 226 227 228 230 231 232
131 141 : 0 2 7 8 11 13 15 18 19 20 21 22 23 24 25 29 31 32 33 35 36 37 38 42 44 45 46 47 48 51 52 53 54 58 59 60 61 62 63 65 66 67 68 70 71 72 73 74 76 77 78 79 82 84 87 88 89 91 94 95 98 100 101 102 103 105 106 109 110 111 115 119 120 121 122 125 127 129 130 136 137 139 142 145 146 148 149 151 153 154 155 156 157 159 160 162 163 164 165 166 167 169 170 172 173 174 175 176 177 178 179 180 181 184 185 186 187 190 191 195 196 197 198 199 201 203 204 206 207 209 211 213 214 215 216 221 223 225 226 230 232
132 142 : 1 2 3 4 5 7 8 9 13 15 18 20 21 22 24 25 27 29 31 32 33 36 37 39 40 41 42 43 44 45 46 47 51 53 55 56 58 59 60 62 64 65 67 68 69 70 71 74 75 77 78 84 85 86 89 91 93 95 96 98 99 100 103 105 106 107 109 111 113 116 117 120 121 123 124 125 126 127 130 131 132 133 135 136 138 140 141 142 144 145 147 148 149 150 151 153 156 157 158 159 162 168 169 173 174 175 177 178 179 180 181 183 185 186 187 188 189 190 192 195 196 199 201 204 205 206 207 208 212 216 217 218 219 221 222 224 225 228 229 230 231 232
133 91 : 0 2 6 12 13 14 16 20 21 24 25 29 32 38 41 44 46 52 54 59 63 68 69 73 74 75 76 79 80 83 84 85 93 94 96 99 101 103 104 112 113 114 118 124 125 126 128 133 135 141 147 148 149 150 153 155 157 158 163 164 165 167 169 170 174 176 177 180 182 183 187 189 190 192 195 196 200 201 205 211 212 213 216 219 220 222 223 224 230 231 232
134 142 : 0 2 5 6 8 9 11 12 13 14 17 18 20 21 22 23 24 25 27 30 31 33 34 35 36 38 40 41 43 44 47 48 49 50 54 55 56 57 61 63 64 65 67 68 69 70 74 77 82 83 86 89 90 92 95 97 98 99 101 102 103 104 105 108 109 110 112 113 114 115 117 119 120 121 124 125 129 130 132 137 141 143 144 145 147 150 151 153 154 155 159 161 165 166 167 168 169 170 171 172 173 174 177 178 179 180 181 183 184 185 186 187 188 189 191 192 193 195 196 197 198 199 200 202 203 205 206 209 210 214 215 216 217 218 219 221 222 224 225 226 230 232
135 142 : 1 4 5 6 7 11 14 15 16 17 18 19 20 22 23 24 27 28 29 30 31 33 34 35 37 38 39 40 42 43 50 53 56 57 58 59 61 62 63 66 68 69 71 74 75 77 78 79 80 82 83 86 87 88 89 90 91 94 95 96 97 98 101 104 105 107 108 110 111 112 113 114 115 116 117 118 120 124 125 128 129 131 132 133 136 140 141 142 143 144 145 146 147 150 153 154 155 157 159 161 163 165 166 168 169 170 171 175 177 178 179 180 181 182 184 185 186 188 191 194 195 196 197 200 201 202 203 204 206 212 214 217 219 220 224 225 226 228 229 230 231 232
136 142 : 0 1 2 4 6 7 8 9 10 11 14 15 16 17 18 19 20 25 26 27 29 30 31 32 33 34 35 37 39 41 42 48 49 50 51 53 54 55 57 58 60 61 64 65 66 68 69 70 71 75 78 79 80 81 82 83 85 86 87 92 93 94 96 97 98 102 107 108 110 111 112 114 115 117 118 120 122 125 127 128 130 131 132 134 136 137 139 142 144 146 150 152 153 154 155 156 159 161 162 163 164 165 167 168 169 171 172 173 175 180 181 182 184 187 188 190 192 193 194 196 197 198 199 205 206 208 209 210 213 214 215 216 217 218 219 220 224 225 226 227 230 232
137 142 : 6 7 8 9 11 12 16 17 18 19 20 22 25 26 28 30 33 38 39 41 44 45 46 48 49 51 53 54 55 56 62 63 64 65 68 70 71 74 76 77 78 79 80 81 82 83 84 89 92 95 96 98 99 100 102 104 105 107 110 111 112 116 118 119 121 123 124 125 126 127 129 131 133 134 136 137 142 143 148 149 150 151 152 153 156 157 158 159 160 161 163 164 165 166 168 169 170 171 172 174 175 177 179 180 181 182 183 185 186 187 188 189 190 191 193 194 195 197 200 201 202 203 206 208 209 210 211 212 213 214 216 218 219 221 222 223 226 227 228 229 231 232
138 142 : 1 2 3 4 9 10 16 18 19 22 23 24 26 28 30 32 33 35 37 38 41 42 43 47 48 49 50 51 52 53 54 55 56 57 58 60 62 63 66 67 71 72 74 75 82 87 88 89 90 91 92 93 94 96 98 99 101 102 103 106 107 108 109 110 111 112 114 119 120 121 122 123 124 127 128 129 130 132 134 136 137 138 139 141 143 144 145 146 148 149 150 151 153 154 156 157 159 160 161 164 167 170 172 173 177 178 179 181 182 184 185 186 188 189 190 192 193 196 197 198 200 203 205 206 207 209 210 211 212 214 216 217 220 221 222 225 226 227 228 229 231 232
139 141 : 0 3 6 7 8 10 19 20 23 25 27 28 33 34 35 36 37 43 46 47 48 49 50 51 52 53 55 56 57 58 60 61 62 65 66 67 68 69 70 71 74 75 76 77 79 80 83 84 85 88 89 90 91 92 94 95 96 97 98 100 103 106 108 109 110 111 113 115 116 117 118 119 121 123 124 128 130 132 134 136 138 140 142 144 145 146 150 153 154 158 160 161 164 165 166 167 170 171 172 173 174 176 177 178 179 180 181 183 186 187 188 190 191 194 195 197 198 199 202 204 206 207 208 209 210 212 213 214 215 216 218 219 221 222 223 224 225 226 228 229 231
140 142 : 7 8 10 11 15 19 20 23 25 27 28 29 30 35 37 38 39 40 42 44 45 48 49 50 51 52 53 55 56 57 58 60 61 62 65 66 67 68 69 70 72 73 74 75 76 79 80 81 83 85 86 88 90 92 93 94 95 96 97 98 99 100 101 102 103 105 107 109 110 112 113 114 115 116 120 121 123 124 125 126 127 130 135 136 138 139 140 142 145 147 148 150 152 154 156 157 158 159 161 162 163 165 168 171 172 174 175 178 179 182 183 186 187 188 190 191 192 193 196 198 199 200 201 202 205 208 210 211 212 213 215 216 217 220 221 223 224 225 227 230 231 232
141 141 : 1 2 4 6 7 9 10 11 12 13 14 15 16 17 18 21 24 25 26 27 28 30 32 33 36 37 38 39 40 43 46 48 49 50 52 54 56 57 58 59 62 63 65 68 69 70 71 72 73 76 78 79 80 81 82 83 85 86 89 90 93 95 97 99 100 102 104 105 112 115 116 117 118 119 120 121 122 123 124 125 127 129 130 131 132 133 134 135 138 139 140 141 143 146 148 149 151 152 154 155 156 157 158 159 161 164 166 168 170 171 172 176 177 178 179 183 185 189 190 191 193 197 199 200 201 202 203 205 206 210 212 213 214 215 217 218 220 222 223 225 226
142 141 : 0 1 2 3 4 6 8 10 12 14 22 23 24 27 28 29 30 31 33 34 35 40 41 42 44 45 46 48 49 50 51 55 58 59 60 63 64 65 66 67 69 70 73 79 80 81 83 84 86 87 89 90 91 92 94 95 96 97 98 99 100 104 110 111 112 114 115 119 120 121 123 124 130 134 135 136 137 138 139 140 141 143 145 147 149 152 153 155 156 157 159 160 161 162 164 165 167 168 169 172 173 174 175 176 177 178 179 182 183 187 189 191 192 194 197 198 199 200 201 204 205 206 207 208 209 211 212 213 215 216 218 219 222 223 224 225 227 228 229 231 232
143 141 : 0 1 2 4 5 6 7 8 9 10 11 13 15 17 19 21 22 26 27 28 30 32 34 35 36 37 38 39 40 41 42 43 44 45 50 51 55 58 59 61 62 63 64 65 66 70 71 72 74 76 77 78 81 82 84 85 86 87 88 89 90 92 93 94 96 97 99 101 103 104 105 109 110 111 112 113 115 116 117 118 123 124 125 127 131 134 135 137 139 140 143 149 150 154 156 157 158 160 161 162 163 164 165 168 171 177 181 182 183 184 188 189 190 191 193 194 196 197 199 200 201 203 204 205 206 207 208 209 210 212 219 220 221 222 223 225 226 228 229 231 232
144 95 : 0 1 5 6 12 13 14 16 21 24 25 26 27 32 34 38 41 46 48 52 53 58 59 62 64 68 69 73 75 76 79 81 83 84 85 90 94 96 99 100 101 103 104 106 108 112 114 116 122 124 125 126 128 133 134 135 138 147 150 153 155 158 159 163 165 167 168 169 172 174 175 176 177 179 180 182 187 189 190 192 195 196 201 203 210 211 213 214 215 219 223 224 229 230 231
145 95 : 0 5 6 11 12 13 14 16 19 20 21 24 25 26 32 36 38 40 41 46 47 50 52 59 64 68 69 73 74 75 76 79 81 83 84 85 86 87 96 97 99 100 103 104 105 106 107 108 112 114 115 122 124 125 126 133 134 135 137 142 143 145 147 150 153 155 163 164 165 168 174 175 176 177 178 180 185 189 196 200 201 203 209 211 213 216 217 219 221 222 223 224 227 230 231
146 141 : 0 1 3 4 5 7 8 9 10 11 12 13 17 18 19 20 21 22 23 24 28 31 34 35 36 39 41 42 43 44 46 48 51 53 54 55 56 57 58 59 60 62 63 64 65 66 67 68 69 71 72 73 74 76 77 78 79 80 81 83 84 86 87 89 91 92 93 96 102 104 105 106 108 109 112 116 117 118 119 123 125 127 128 129 133 134 136 138 139 142 143 145 146 148 149 150 151 159 160 161 162 163 166 168 170 173 176 179 180 182 183 188 189 191 192 193 194 195 196 198 199 200 202 204 205 206 207 208 209 212 215 216 217 219 220 221 222 225 226 228 229
147 141 : 0 1 2 5 6 7 9 11 12 13 14 15 17 18 23 24 25 26 27 29 32 34 35 36 37 39 40 41 44 45 47 49 50 51 52 53 54 57 59 60 61 62 63 64 65 66 67 69 70 74 77 81 82 85 86 88 89 92 93 94 96 98 102 105 106 107 108 109 110 111 112 114 116 118 119 120 121 122 126 128 130 131 132 134 135 136 137 140 146 148 149 150 151 152 153 154 157 160 163 169 173 175 176 177 178 179 181 182 185 189 191 192 193 194 195 196 197 198 199 200 202 203 204 205 207 208 209 210 211 212 213 214 216 218 222 223 225 226 227 228 231
148 141 : 1 2 6 10 11 13 14 16 17 18 19 21 23 25 26 27 28 29 34 35 36 37 39 41 43 45 47 50 52 53 54 57 59 60 61 62 63 64 67 68 69 73 74 75 81 82 83 84 86 87 89 90 92 93 94 95 96 98 100 102 106 108 109 110 111 112 115 118 122 123 125 127 128 130 131 132 133 134 135 137 140 141 142 143 145 148 149 150 151 152 153 154 155 156 159 160 161 162 163 166 168 170 171 173 176 177 178 181 182 184 186 187 188 189 190 191 193 194 195 196 197 198 199 201 206 208 209 210 213 215 218 219 221 223 224 225 226 227 229 230 232
149 141 : 0 2 3 5 9 11 13 14 16 17 19 20 21 22 24 26 27 30 32 33 34 37 41 45 46 47 48 50 54 55 57 62 63 64 65 68 69 71 73 74 75 77 78 79 80 82 83 84 86 87 88 90 91 93 94 96 98 100 101 103 104 108 111 112 113 114 115 116 117 118 119 121 122 127 128 129 132 135 138 139 141 142 143 145 146 147 149 150 151 152 154 155 157 160 161 164 167 168 170 172 175 176 177 178 179 181 183 184 188 190 191 193 194 195 196 200 201 202 203 205 207 208 209 210 211 212 213 214 215 216 219 220 221 222 223 224 226 227 229 230 232
150 142 : 0 1 2 5 6 7 8 9 10 11 13 15 16 17 18 19 20 21 23 24 25 27 29 36 37 39 40 42 44 45 46 47 49 50 51 53 54 55 56 57 58 60 64 65 66 70 71 72 73 74 75 77 80 84 87 89 91 92 93 94 95 96 97 100 102 104 105 107 109 110 111 112 113 114 117 120 123 124 125 126 128 131 132 134 135 137 138 139 140 143 144 145 146 148 150 151 153 155 156 157 158 162 163 164 167 169 170 171 172 173 174 175 181 184 186 187 189 190 191 194 197 199 201 202 203 206 207 208 209 210 214 215 217 220 221 222 223 225 226 227 228 231
151 141 : 0 1 2 4 8 9 10 11 15 17 18 23 24 25 26 27 28 30 31 33 35 36 37 38 39 40 41 43 44 46 47 48 50 52 55 58 59 60 61 62 67 70 73 74 76 77 78 80 81 84 85 86 89 90 92 93 95 98 100 101 102 103 105 106 108 109 110 111 112 113 117 118 119 120 121 125 127 128 129 130 131 132 134 135 136 137 138 139 140 142 144 145 146 147 148 149 150 152 155 156 159 160 161 162 165 168 170 173 174 175 178 180 181 182 183 184 185 187 188 189 190 191 194 195 196 198 200 201 204 208 209 210 211 216 218 219 221 223 224 227 232
152 142 : 1 2 5 6 7 8 9 11 12 13 14 15 16 17 18 22 24 25 27 28 32 33 34 36 37 38 40 41 44 45 50 54 56 57 58 60 64 66 69 70 71 72 73 77 78 79 80 81 82 83 85 87 89 90 91 93 94 95 96 100 102 103 104 107 108 109 111 113 115 116 117 118 119 120 121 123 126 127 128 129 130 131 132 134 139 141 142 144 145 147 149 150 151 152 153 154 157 158 159 162 164 167 168 169 171 175 176 178 179 180 182 185 187 188 189 191 192 194 197 198 199 200 202 205 207 208 210 211 213 214 215 216 217 222 224 225 226 228 229 230 231 232
153 141 : 0 2 3 4 6 8 9 10 11 12 13 14 15 16 19 20 24 25 26 27 28 29 30 31 32 33 36 39 40 41 42 43 44 45 46 47 48 50 51 52 53 54 58 59 61 63 66 68 69 71 77 80 81 82 84 85 86 88 90 91 95 96 97 98 100 102 104 106 109 110 113 116 117 118 122 123 125 126 127 128 129 130 131 132 133 139 141 142 143 144 145 147 148 149 150 153 154 155 157 159 160 161 164 172 173 175 176 179 180 181 183 185 186 189 190 191 193 194 195 197 199 200 202 207 208 209 213 214 215 216 217 218 219 220 221 222 224 225 229 231 232
154 141 : 1 2 3 5 7 8 9 11 12 13 17 18 20 22 23 24 25 26 27 29 30 31 35 37 39 40 44 45 47 50 51 54 55 57 58 60 62 64 65 66 67 68 69 72 74 75 76 77 80 84 85 87 89 93 95 97 98 100 103 107 110 111 112 113 116 117 120 122 124 127 128 131 132 133 134 135 136 137 139 142 143 144 145 146 147 148 150 151 152 154 155 156 158 159 160 161 162 163 164 165 166 167 169 171 173 174 176 177 178 179 180 181 182 184 188 190 195 196 199 202 204 205 206 207 208 209 211 213 215 217 218 219 220 223 224 226 228 229 230 231 232
155 142 : 2 3 4 5 7 12 15 17 19 20 23 24 25 26 27 28 29 30 33 34 36 37 39 40 41 42 43 45 49 50 51 53 54 55 56 57 58 59 62 65 66 67 69 71 75 77 78 80 81 82 83 84 87 88 89 90 91 93 94 95 98 99 100 101 105 106 107 108 109 115 116 117 118 119 120 121 123 124 127 129 130 132 133 135 136 137 138 140 141 144 151 152 154 155 156 159 160 161 163 164 165 167 168 169 170 173 175 176 178 179 180 181 182 184 187 188 191 192 193 194 196 197 198 200 202 204 205 206 207 208 213 214 215 216 218 220 222 227 228 229 230 231
156 141 : 2 3 5 6 10 11 13 14 16 18 19 20 21 22 23 25 28 29 30 32 33 35 36 39 40 41 43 45 46 48 51 52 53 54 55 56 57 59 60 61 62 64 67 68 69 71 72 73 75 77 81 83 84 86 88 89 90 91 92 94 95 97 101 103 104 105 106 107 108 109 111 113 118 119 120 123 124 126 127 130 131 136 137 139 142 143 144 146 148 149 150 151 153 154 155 156 157 161 162 163 164 165 167 169 170 172 173 175 177 181 183 184 185 187 191 192 193 195 196 198 199 200 201 203 205 206 207 210 212 214 215 216 219 221 222 223 224 228 229 230 232
157 142 : 1 3 4 5 7 8 9 10 11 12 13 15 16 17 18 19 21 22 23 27 28 30 31 32 33 34 36 38 39 40 42 43 44 48 50 51 52 53 55 58 59 61 62 65 67 68 71 72 73 74 78 79 80 81 83 86 87 88 90 91 92 95 96 97 98 99 103 104 107 108 112 119 120 121 122 126 128 129 130 134 135 137 138 140 141 142 143 144 146 149 150 151 152 155 157 158 160 161 162 166 167 168 170 172 174 175 178 179 181 182 183 188 191 192 193 194 195 198 201 202 204 205 206 207 208 210 212 213 214 217 218 219 220 221 222 223 224 225 226 227 229 232
158 95 : 0 1 4 6 12 13 14 15 16 17 20 21 22 25 26 31 32 34 40 41 42 46 49 52 59 65 66 68 69 71 73 75 76 79 81 83 85 90 93 99 101 103 104 106 107 110 112 114 115 122 124 125 126 133 134 135 137 147 150 153 155 156 158 159 163 165 167 169 174 175 176 177 180 182 184 185 189 192 194 195 196 201 211 212 213 216 217 219 222 223 224 225 227 230 231
159 142 : 0 3 4 5 6 7 8 11 12 15 16 17 18 19 20 21 23 24 25 29 30 31 33 34 35 38 40 42 44 45 46 47 48 50 51 52 54 55 56 58 61 62 65 66 72 73 74 77 78 80 82 84 86 87 91 92 93 94 95 97 98 99 100 101 102 104 105 106 109 110 111 112 113 114 115 116 119 120 121 122 125 126 127 128 130 131 132 133 134 135 136 137 138 142 144 146 148 151 154 156 161 162 164 167 169 170 171 173 174 176 178 179 181 183 185 188 189 190 191 194 195 196 197 198 199 201 204 205 209 210 212 213 215 217 218 220 221 223 224 227 230 232
160 141 : 0 1 3 5 8 12 13 14 15 17 18 19 20 21 24 25 29 34 35 36 37 39 43 44 47 48 49 50 53 54 55 56 57 58 60 61 62 64 65 66 67 68 69 70 71 72 73 76 77 78 81 82 83 84 86 87 88 89 91 92 93 96 98 99 100 102 104 106 107 109 111 112 114 115 116 121 122 123 126 128 129 131 132 133 134 135 137 138 139 140 141 143 146 147 152 154 155 157 159 160 163 165 166 167 169 177 178 179 180 182 183 184 185 187 188 189 191 193 194 195 196 197 198 200 202 205 206 207 208 211 212 214 215 217 219 221 222 227 228 230 232
161 141 : 0 1 2 4 6 8 9 12 13 14 16 17 18 19 22 23 24 25 27 29 30 31 32 33 34 36 38 39 40 42 43 44 45 47 48 49 51 52 53 54 56 58 59 60 61 66 68 69 72 75 76 78 80 83 84 85 86 87 89 91 92 93 94 95 103 104 105 106 107 108 109 110 111 112 113 116 117 118 119 120 123 127 129 133 139 140 143 144 146 148 149 151 152 153 154 155 156 157 158 159 163 164 165 168 170 171 172 173 174 175 176 179 183 184 185 186 187 190 193 194 195 197 199 201 203 204 209 210 211 212 213 215 218 221 224 225 226 227 228 229 231
162 141 : 0 1 2 3 5 6 8 9 10 11 13 16 19 21 23 24 25 26 27 30 34 35 38 39 40 41 42 43 44 45 48 49 51 53 54 57 59 60 62 64 66 67 69 71 73 75 77 79 82 84 86 89 90 91 92 93 95 97 98 100 101 102 103 104 105 106 107 108 109 110 111 116 120 123 126 127 129 130 133 134 135 136 138 139 140 141 142 143 144 145 146 147 148 149 151 154 155 158 160 161 162 163 165 166 168 169 171 172 174 175 178 179 180 181 182 183 184 185 186 189 190 192 193 197 199 202 204 205 207 208 210 211 212 216 220 224 225 229 230 231 232
163 141 : 1 3 4 5 7 8 9 10 11 12 13 15 16 19 20 21 23 24 25 26 28 29 30 32 35 37 38 42 43 45 46 48 49 50 51 52 53 54 55 57 58 59 60 61 65 66 69 71 72 73 77 78 79 80 81 83 84 86 88 89 90 91 93 97 98 99 100 103 104 106 107 110 111 115 116 117 118 120 121 122 125 128 130 132 133 135 137 138 139 141 143 144 145 147 149 151 154 155 158 160 161 163 166 167 170 171 172 173 176 178 180 181 182 183 186 190 192 193 194 197 198 199 200 201 204 205 206 207 210 211 215 216 217 220 221 224 225 226 230 231 232
164 91 : 0 4 6 10 11 12 13 14 20 22 25 26 32 34 35 38 39 41 46 48 49 52 59 68 73 74 75 79 81 82 83 85 96 97 98 99 101 103 104 109 112 114 115 118 121 122 124 125 126 128 130 133 134 135 137 142 147 150 153 155 158 163 164 165 167 169 171 173 174 175 176 177 180 182 189 190 192 194 196 201 203 211 212 213 216 217 219 222 223 228 231
165 92 : 0 6 11 12 13 14 16 20 21 25 26 32 33 35 38 40 46 52 59 66 68 69 71 73 75 76 79 81 83 85 89 91 94 96 97 99 101 104 105 110 112 113 114 122 124 125 126 128 129 133 134 135 142 147 149 150 153 154 155 157 158 159 163 165 167 174 177 180 182 184 189 192 193 196 198 199 201 203 207 210 211 212 213 216 217 219 222 223 224 228 230 231
166 141 : 0 1 2 3 4 5 6 8 10 11 12 13 14 16 18 19 21 22 23 27 28 29 30 35 38 39 41 44 45 49 50 51 53 54 57 59 61 62 65 66 67 68 71 72 75 76 77 78 82 83 84 85 86 87 89 91 92 93 94 95 98 99 100 102 103 106 107 109 110 111 113 118 119 120 121 122 123 124 127 128 129 130 131 132 133 135 137 138 139 140 142 144 146 148 150 151 152 155 157 159 160 162 167 170 171 173 174 177 178 180 181 183 184 187 188 189 190 191 193 195 196 198 202 203 204 206 209 212 213 214 216 217 218 220 221 225 226 228 229 230 231
167 142 : 0 1 2 3 5 6 7 8 12 13 14 15 16 18 19 20 22 24 25 26 29 31 32 33 34 35 36 43 45 46 48 49 50 53 54 55 56 57 58 60 61 62 63 64 65 66 70 72 75 77 78 81 84 87 88 91 92 93 94 95 96 97 98 99 100 101 102 103 104 105 106 108 109 110 113 115 116 118 119 121 122 125 126 127 128 131 134 135 137 141 144 146 147 152 153 157 158 160 162 166 169 170 172 173 175 176 178 179 182 183 184 185 186 187 188 189 191 196 198 199 200 201 202 204 205 208 209 210 211 213 214 216 217 218 219 220 221 222 225 226 231 232
168 142 : 2 3 4 5 6 8 9 10 11 13 15 18 19 21 22 23 24 30 31 32 34 36 37 38 39 40 42 43 45 46 48 49 52 53 54 55 56 57 58 59 60 63 64 66 69 71 72 73 74 75 76 77 78 79 80 81 82 83 84 89 90 91 92 94 95 99 102 103 105 107 108 110 115 116 117 118 119 120 121 123 126 127 128 130 131 132 136 138 139 140 142 144 145 146 147 149 151 156 159 161 162 166 167 168 170 172 173 174 176 178 179 181 182 183 184 185 186 188 189 190 192 193 196 202 205 206 210 211 212 213 214 216 217 218 219 221 223 224 225 227 230 231
169 91 : 0 6 12 13 14 16 20 21 25 26 32 35 38 41 44 46 52 55 56 59 68 73 74 76 79 81 82 83 87 88 89 96 97 99 101 103 108 110 112 113 114 122 124 125 126 128 133 134 135 136 137 142 143 147 150 153 155 157 158 163 164 165 167 169 172 174 175 177 180 182 187 189 192 196 202 206 210 211 213 217 219 220 222 223 224 225 227 228 229 230 231
170 142 : 0 1 2 4 5 8 12 14 16 18 19 21 22 24 25 26 27 29 30 31 32 33 34 36 37 38 39 43 44 45 48 49 50 52 53 54 56 58 60 61 63 64 65 66 68 69 71 72 73 74 75 77 78 79 80 87 89 90 91 92 93 96 99 100 102 103 104 105 106 109 110 112 113 115 116 118 120 121 123 127 129 130 131 133 135 137 138 140 141 142 144 145 146 147 148 150 151 153 154 156 159 160 161 162 163 165 166 168 169 171 173 174 177 178 180 182 183 185 186 187 188 189 191 194 195 197 198 200 201 204 206 207 210 215 216 217 218 225 226 228 229 231
171 141 : 0 1 2 3 4 6 7 8 9 10 11 13 14 15 18 19 20 21 22 23 26 27 29 30 31 32 34 37 38 43 44 46 47 49 50 51 52 53 55 56 59 61 62 63 64 65 67 68 70 71 72 74 75 78 80 81 82 83 84 85 86 94 97 103 104 107 108 110 111 113 116 117 118 119 120 121 122 124 125 127 128 129 132 134 136 137 138 139 141 142 143 144 145 146 147 151 152 154 157 158 159 160 161 167 168 169 170 171 172 177 180 181 182 183 186 187 190 191 194 195 197 198 199 200 201 202 204 205 208 210 211 212 217 218 219 221 225 226 227 229 232
172 141 : 4 6 7 8 10 11 14 15 16 19 20 21 23 24 25 28 29 30 31 34 35 36 37 40 41 43 44 46 47 48 49 50 52 53 54 55 57 61 62 64 67 68 70 72 74 75 76 77 78 80 82 84 85 86 88 89 91 92 94 95 96 97 98 102 105 107 108 111 112 114 115 117 118 119 120 121 122 123 125 127 128 129 131 136 137 138 139 141 142 143 144 145 146 151 155 157 160 161 163 165 166 169 170 171 176 177 178 181 182 184 185 187 189 193 194 195 196 198 199 203 204 205 207 209 210 211 212 213 214 216 218 219 220 222 223 225 226 227 230 231 232
173 141 : 0 2 3 4 6 7 15 19 21 22 23 27 28 29 31 36 37 38 39 40 44 45 46 47 49 51 52 53 55 56 57 58 61 62 63 64 69 70 72 73 77 78 81 82 83 85 86 88 89 90 91 94 97 98 102 103 104 105 106 107 108 109 110 112 113 114 115 116 117 118 119 120 121 122 123 124 125 129 130 132 133 136 138 139 142 143 144 146 147 151 154 155 156 157 158 161 162 163 164 168 171 172 173 174 176 177 178 179 180 181 183 184 185 186 187 191 193 194 195 197 198 199 200 201 202 204 206 207 208 211 212 214 216 217 218 219 221 224 225 230 231
174 141 : 0 1 3 5 6 9 10 11 12 14 15 20 21 22 23 24 25 28 31 33 36 38 41 42 47 48 51 52 53 54 55 56 57 59 60 61 62 63 66 68 69 70 72 73 75 78 82 83 84 85 86 88 89 90 91 92 93 94 95 96 97 100 101 102 103 104 105 106 108 109 110 111 113 115 116 119 124 125 129 132 133 136 138 139 140 142 144 145 146 148 149 150 152 153 154 155 156 158 159 164 165 166 168 170 173 175 176 177 183 184 185 187 189 191 192 193 194 196 197 198 199 200 207 211 212 213 214 215 216 219 220 221 222 223 225 226 227 228 229 230 232
175 141 : 0 1 2 3 4 5 8 9 10 11 12 13 15 16 17 23 24 25 26 28 30 32 34 35 37 38 40 42 43 44 46 48 53 56 58 59 61 63 64 65 67 71 72 73 74 75 77 78 80 81 86 87 88 91 92 96 97 98 99 100 104 105 107 108 109 110 111 112 113 114 115 116 118 119 120 121 122 123 124 127 128 130 131 132 134 136 137 138 139 140 141 142 143 144 146 147 149 154 156 157 159 160 164 165 167 169 170 171 174 175 177 178 180 181 183 185 186 187 188 189 192 195 196 197 198 203 204 207 208 209 210 212 216 217 218 221 223 226 227 229 232
176 141 : 0 1 3 4 5 7 12 13 14 15 17 18 19 20 24 25 27 28 30 31 32 33 35 36 37 38 39 41 42 48 49 50 52 53 55 56 57 58 61 62 63 64 65 66 67 70 73 74 80 81 82 84 87 88 89 90 91 92 94 95 97 98 99 100 101 102 104 106 107 108 112 113 114 115 116 118 119 121 122 123 125 127 129 132 133 134 135 136 141 143 144 145 146 148 149 150 151 152 154 155 156 157 160 161 162 164 165 166 168 170 171 172 174 176 178 181 183 191 192 193 194 196 197 198 199 204 208 210 211 212 213 214 219 221 225 226 227 228 229 231 232
177 141 : 0 1 2 3 4 5 7 9 10 12 13 14 15 16 17 18 19 20 22 23 25 26 27 28 29 31 32 33 34 36 38 39 40 44 46 47 48 49 50 51 53 57 62 66 67 69 70 72 74 76 77 78 81 82 84 87 88 89 90 91 92 97 98 99 100 102 103 104 105 106 107 108 109 110 114 116 117 118 119 120 121 123 125 128 130 131 132 137 138 140 141 142 143 145 146 148 149 150 152 156 159 160 163 164 165 168 170 172 173 174 175 176 177 178 179 180 181 183 184 185 187 189 190 191 193 196 197 199 200 204 205 206 208 209 211 215 218 219 226 229 232
178 90 : 0 2 12 14 16 20 21 25 26 32 38 40 41 42 46 47 52 53 58 59 65 68 69 70 73 74 75 76 79 80 81 86 87 96 98 99 100 101 103 104 112 114 116 117 118 119 122 124 125 126 127 128 130 131 132 133 134 135 139 147 150 151 153 155 158 167 168 169 170 174 175 176 177 179 180 182 189 192 201 203 204 207 210 216 217 223 224 229 230 231
179 142 : 0 2 4 5 7 8 9 11 13 14 15 18 19 21 22 26 29 30 31 32 33 34 35 36 37 38 41 43 44 46 47 48 49 50 51 52 54 55 56 58 60 62 63 71 72 73 75 78 80 82 84 86 88 89 93 94 95 96 98 99 101 103 106 108 110 111 113 114 115 117 119 120 121 122 123 125 126 129 130 131 134 135 138 140 141 145 146 149 152 153 156 158 162 163 164 166 167 168 170 171 173 174 175 176 178 179 180 181 182 183 184 185 186 187 189 190 192 193 194 195 197 198 199 201 202 204 211 212 214 215 216 219 220 222 223 224 225 226 227 229 230 231
180 94 : 0 3 4 6 11 12 14 16 20 22 24 25 26 32 33 37 38 41 42 46 47 52 57 59 68 69 70 73 74 75 76 81 83 85 87 88 96 97 101 104 105 110 112 113 114 122 124 125 126 128 129 133 134 135 137 140 145 147 150 151 152 153 155 158 163 165 167 168 169 174 175 176 177 180 181 186 189 192 194 196 201 203 208 211 213 216 217 219 222 223 224 225 230 231
181 141 : 0 5 6 7 8 10 13 15 17 18 19 20 21 22 23 25 27 28 29 30 31 32 33 34 35 36 37 39 42 43 46 47 48 50 51 52 53 55 56 57 59 60 61 63 64 65 66 67 69 70 72 74 75 76 77 78 79 86 87 90 91 93 95 98 99 100 101 103 104 105 106 109 110 112 113 116 119 120 121 122 124 127 128 130 131 133 134 135 136 137 138 139 140 141 143 144 147 148 149 152 153 156 157 159 160 165 167 169 171 173 174 175 176 177 178 179 180 183 184 187 189 190 191 193 194 195 196 198 199 200 204 205 207 215 216 218 227 229 230 231 232
182 141 : 0 2 5 6 8 10 11 12 13 14 15 16 17 18 19 20 21 22 23 25 27 28 29 30 33 34 38 39 42 44 45 47 48 49 50 51 54 58 59 61 62 69 72 74 76 78 79 80 82 84 85 86 87 89 90 92 93 94 95 96 97 98 99 100 102 104 105 109 111 113 114 115 118 125 130 138 141 146 147 148 149 150 151 152 153 155 157 158 159 160 162 163 166 167 169 170 171 172 174 175 178 179 180 181 183 184 186 187 189 190 192 193 194 196 197 198 199 201 202 203 204 205 206 207 211 212 214 215 216 217 220 221 222 223 224 225 226 227 230 231 232
183 142 : 1 3 5 8 9 10 12 14 15 16 17 18 20 21 22 25 26 29 33 34 35 36 37 38 39 40 41 42 45 50 51 55 56 57 58 60 61 62 63 64 65 66 67 69 72 73 74 75 76 78 80 81 82 83 84 86 87 88 91 92 93 95 96 97 99 100 101 102 103 109 110 116 117 118 119 120 123 125 127 128 130 132 133 134 135 136 140 141 143 144 145 148 149 150 152 157 158 162 165 167 168 169 170 171 172 173 175 176 178 181 182 183 185 187 188 190 191 192 193 194 195 196 197 200 201 202 203 204 207 208 209 210 215 219 220 221 222 223 224 225 230 232
184 142 : 0 1 2 3 4 5 7 8 9 11 15 17 18 19 20 23 24 27 29 30 33 34 36 37 38 40 42 43 44 46 47 48 49 50 52 55 56 57 58 63 66 68 69 70 71 72 73 74 75 78 80 82 83 84 85 86 89 90 91 92 95 96 97 98 99 100 102 104 105 106 109 110 113 115 116 117 118 120 121 122 124 125 126 129 130 133 135 139 140 144 146 149 150 155 156 160 161 162 163 164 165 166 167 169 172 173 178 180 182 185 186 188 189 192 193 195 196 197 198 202 205 206 207 208 209 210 213 214 215 217 219 220 221 222 224 225 226 227 228 229 230 231
185 142 : 0 1 2 4 5 7 8 9 11 12 15 17 22 24 26 27 29 30 31 34 35 36 37 38 39 40 41 44 45 48 49 53 55 56 57 58 60 64 66 67 68 69 70 71 75 77 78 80 81 83 84 85 86 87 88 89 91 93 95 96 97 99 100 101 102 103 105 106 108 110 112 113 114 115 116 124 126 129 130 131 134 135 137 138 139 140 143 144 145 146 147 148 150 152 153 154 156 158 159 161 162 163 164 166 168 169 171 172 176 178 180 181 183 186 187 192 195 198 202 204 205 206 207 208 209 210 211 212 214 215 217 218 220 221 222 223 225 226 227 228 230 231
186 142 : 4 6 9 10 11 13 14 16 18 20 21 22 23 24 25 26 28 29 31 32 35 36 37 38 39 40 41 42 44 45 47 50 52 55 58 59 61 62 63 64 65 68 72 73 75 77 80 81 82 84 87 88 90 91 92 93 94 95 98 100 102 104 106 107 108 110 111 112 113 114 115 118 120 121 123 124 125 126 128 130 133 136 138 139 140 141 142 144 145 146 148 149 151 153 154 155 156 158 159 161 164 165 166 167 168 169 173 174 177 178 179 180 182 183 188 189 190 191 192 193 194 195 196 197 198 200 206 207 208 209 210 211 212 214 215 216 219 220 221 227 228 232
187 141 : 0 1 2 5 7 8 9 10 14 15 16 17 18 20 21 23 24 25 26 27 29 31 36 37 39 41 43 45 47 50 51 52 54 55 56 59 62 64 66 67 69 70 71 72 76 78 82 84 85 86 89 90 93 95 96 98 100 105 108 109 110 111 112 113 114 116 118 119 120 121 122 127 129 131 132 133 135 137 138 139 140 141 143 144 146 148 149 150 151 152 153 156 157 158 159 160 161 164 166 168 171 173 174 178 179 180 181 182 184 185 186 188 191 194 196 198 199 200 202 203 204 209 211 212 213 214 216 218 219 220 221 222 223 224 225 226 227 229 230 231 232
188 141 : 0 1 3 5 7 10 14 15 16 17 19 22 26 27 31 32 33 34 35 37 38 39 40 41 45 46 49 51 52 53 55 58 60 62 64 65 66 68 69 70 72 73 74 75 77 80 81 82 83 85 88 89 92 93 96 97 98 99 100 104 106 107 108 109 110 115 116 117 118 119 120 121 122 125 128 129 130 131 132 133 136 138 139 140 142 143 144 145 147 149 150 151 154 155 156 157 158 163 164 165 166 167 168 173 175 177 178 179 180 181 182 185 186 187 188 189 190 191 194 195 197 198 200 201 202 203 204 207 212 213 214 215 216 218 220 224 226 227 228 229 231
189 141 : 1 3 6 7 8 11 16 17 20 21 22 23 25 26 27 28 29 30 33 35 36 37 39 40 42 43 44 45 46 47 49 50 51 53 55 56 58 59 60 61 62 63 64 66 67 68 70 72 75 76 79 80 84 86 88 90 91 93 97 98 99 100 101 102 103 104 106 110 111 112 115 116 122 123 124 125 126 127 129 130 131 134 135 136 137 138 140 141 142 143 144 146 147 148 150 152 153 154 155 156 158 159 160 163 164 165 167 170 171 173 176 179 182 186 187 188 190 191 192 193 194 195 196 197 198 199 200 202 204 205 207 208 211 213 215 217 218 219 221 223 227
190 142 : 1 3 4 5 6 7 9 10 11 17 18 19 20 24 26 27 30 31 32 33 34 35 36 37 40 41 44 45 47 48 49 51 52 53 54 56 57 58 61 63 64 65 67 68 72 74 76 78 80 84 85 86 87 88 90 91 92 93 94 97 98 100 101 103 104 106 107 108 109 110 111 112 113 114 116 117 120 121 123 125 126 127 128 129 131 134 135 137 140 141 142 143 145 146 151 152 153 154 155 156 158 159 160 161 162 163 164 166 172 173 177 178 183 185 186 187 188 190 191 193 195 196 197 198 205 206 207 209 210 212 213 214 217 219 222 223 225 226 227 228 229 231
191 142 : 1 3 4 9 10 12 14 17 18 19 22 23 25 26 28 29 30 33 34 35 38 39 40 41 42 47 48 49 50 51 52 56 57 58 59 60 63 64 65 66 67 68 69 71 72 74 77 78 80 82 84 85 86 88 92 93 96 97 98 99 101 104 105 106 107 109 111 112 113 116 117 118 119 122 125 126 127 129 130 132 134 137 142 145 146 147 149 150 151 154 155 156 157 158 159 160 161 162 165 167 169 170 173 174 175 178 180 181 182 183 184 185 186 190 191 193 194 195 196 197 198 200 201 202 207 208 209 210 211 212 213 214 215 216 217 218 220 223 224 225 226 228
192 141 : 2 4 5 6 8 10 12 13 17 20 23 25 26 27 28 30 31 32 33 34 36 39 40 41 42 43 44 46 49 50 51 52 53 55 56 58 59 60 61 62 63 64 65 67 69 70 71 77 79 81 82 85 86 87 89 91 92 96 97 99 100 101 102 105 106 107 110 111 116 117 118 119 121 122 124 127 128 129 131 132 133 134 136 137 139 140 141 143 145 146 147 148 149 150 151 152 155 156 157 158 159 161 164 166 168 169 171 172 173 174 175 178 182 185 188 189 190 191 192 193 195 196 198 200 201 202 203 206 208 210 211 215 216 218 219 220 221 223 228 229 231
193 141 : 0 1 3 4 6 8 9 12 13 14 16 17 18 19 20 21 24 25 26 27 30 31 32 35 38 39 40 41 43 45 46 47 48 51 53 56 58 60 61 62 63 66 67 71 72 73 74 75 76 77 78 80 81 82 86 87 88 90 91 95 96 97 99 102 104 105 106 107 110 111 113 114 115 116 117 118 119 120 125 126 127 129 132 135 136 137 141 142 143 146 147 148 149 150 151 153 154 157 159 161 162 163 165 166 167 168 169 171 172 173 176 185 186 187 188 189 190 193 198 199 200 202 204 205 206 207 209 211 212 213 215 219 220 221 222 223 225 226 229 230 232
194 141 : 4 6 7 10 11 13 14 16 17 18 19 20 21 22 24 27 28 29 30 31 33 34 35 36 38 40 42 43 44 47 48 49 50 51 52 53 54 56 58 64 65 66 68 69 70 76 77 78 80 81 83 84 86 91 92 93 95 96 97 98 99 102 103 106 107 108 110 113 115 116 119 120 123 124 126 128 131 132 133 134 135 136 137 138 139 140 144 145 146 149 151 153 154 155 156 159 160 161 162 165 166 167 169 172 173 175 176 179 181 184 185 186 188 191 193 195 197 198 199 200 201 202 203 204 205 206 208 211 212 213 215 218 219 220 221 223 226 228 229 230 231
195 141 : 4 8 9 11 13 15 18 19 20 22 23 25 27 28 29 30 32 33 34 36 37 40 42 43 44 45 47 48 49 50 51 52 55 57 58 59 61 62 63 64 66 67 68 69 71 72 74 75 77 78 79 81 82 84 85 86 88 90 91 92 93 95 96 104 105 106 107 109 111 112 113 119 120 121 123 130 131 132 133 134 136 137 138 140 141 142 143 144 147 148 149 150 152 153 155 156 157 161 162 164 165 166 168 170 171 172 177 179 180 181 182 184 185 187 188 189 190 191 192 194 196 199 200 201 202 203 205 206 207 208 209 210 212 214 215 216 226 227 228 229 230
196 142 : 0 1 3 4 6 9 12 13 15 19 20 22 23 24 27 28 29 30 31 32 33 34 35 36 37 38 41 42 47 49 51 53 55 56 57 59 60 61 63 64 65 69 71 72 78 79 80 82 84 85 87 89 90 91 92 93 94 95 97 98 100 103 104 108 109 111 112 114 115 117 118 120 122 124 125 127 130 131 132 133 134 135 136 139 142 143 146 149 151 152 153 156 157 158 159 160 161 162 164 165 167 168 169 171 173 174 175 176 177 178 179 180 181 182 183 185 186 190 191 193 194 195 198 199 200 201 202 203 205 206 209 210 212 214 216 217 221 222 228 230 231 232
197 141 : 1 2 5 6 7 9 10 12 14 18 19 21 22 25 27 29 30 33 35 36 37 39 40 41 42 44 45 46 47 48 51 53 55 57 59 60 61 63 64 65 66 67 68 69 70 71 73 74 75 80 81 84 85 86 87 88 89 90 92 93 94 96 97 98 99 102 105 106 107 108 109 113 116 117 118 119 120 121 122 126 127 129 131 132 136 137 142 143 144 146 147 149 150 152 155 156 159 160 161 163 165 166 167 169 170 171 173 175 176 177 179 180 181 182 184 185 186 187 188 194 196 197 199 200 204 206 207 208 209 211 212 213 216 218 220 221 224 225 226 227 228
198 141 : 2 3 5 7 10 11 14 15 16 17 18 22 25 27 28 29 30 31 32 34 35 36 38 39 40 44 45 48 49 51 52 53 54 55 56 57 58 59 61 62 63 64 65 67 68 69 71 73 74 78 81 86 88 90 92 93 95 98 101 102 103 105 106 109 110 111 113 114 117 118 120 121 124 127 128 130 131 132 133 134 135 136 138 140 142 144 149 151 153 155 156 157 158 160 163 164 166 167 168 169 171 172 174 178 179 180 181 184 185 187 188 189 190 191 193 194 195 198 200 203 204 205 206 207 208 209 212 213 214 215 216 217 218 220 221 222 224 228 229 230 232
199 141 : 2 3 4 6 7 8 10 12 13 15 16 18 20 21 22 23 26 27 28 29 31 32 33 35 36 39 40 41 42 43 44 46 47 49 50 52 53 54 62 63 64 65 67 68 70 71 75 78 81 83 85 91 92 93 94 95 96 97 98 99 101 103 106 107 108 111 114 115 116 117 118 119 120 121 123 124 125 126 128 129 131 135 136 138 139 140 143 144 145 146 148 149 150 151 152 155 156 157 160 161 162 165 167 168 169 170 173 176 179 181 182 183 184 185 186 187 188 192 194 195 196 197 198 200 202 205 207 209 211 212 213 214 215 217 219 221 224 226 227 229 231
