N C E M
200 267 19900 3980
Opt_part_L_size, Opt_part_R_size, Opt_number_of_colors
49 151 30
N of L changes = 9
Min number of labels in a vertice, Max number of labels in a vertice
32 36
Solution Set
83(6) 125(6) 165(6) 39(7) 51(7) 75(7) 88(8) 137(8) 159(8) 212(72) 84(73) 38(75) 92(77) 260(77) 26(79) 181(80) 45(80) 4(81) 65(82) 0(84) 245(84) 265(86) 6(87) 46(88) 143(93) 185(94) 221(94) 80(96) 81(97) 239(101) 
Number of edges by Color (l n)
0 239 101
1 81 97
2 80 96
3 185 94
4 221 94
5 143 93
6 46 88
7 6 87
8 265 86
9 0 84
10 245 84
11 65 82
12 4 81
13 45 80
14 181 80
15 26 79
16 92 77
17 260 77
18 38 75
19 84 73
20 212 72
21 126 16
22 183 15
23 139 14
24 166 14
25 20 13
26 23 13
27 61 13
28 164 13
29 171 13
30 259 13
31 52 12
32 86 12
33 141 12
34 157 12
35 158 12
36 209 12
37 222 12
38 242 12
39 250 12
40 24 11
41 30 11
42 66 11
43 72 11
44 73 11
45 99 11
46 105 11
47 106 11
48 112 11
49 121 11
50 140 11
51 142 11
52 145 11
53 154 11
54 161 11
55 189 11
56 205 11
57 215 11
58 216 11
59 258 11
60 262 11
61 1 10
62 3 10
63 8 10
64 9 10
65 14 10
66 17 10
67 22 10
68 43 10
69 48 10
70 49 10
71 54 10
72 55 10
73 70 10
74 74 10
75 90 10
76 95 10
77 96 10
78 102 10
79 109 10
80 119 10
81 128 10
82 133 10
83 138 10
84 150 10
85 160 10
86 174 10
87 197 10
88 201 10
89 202 10
90 207 10
91 208 10
92 231 10
93 240 10
94 247 10
95 252 10
96 264 10
97 2 9
98 7 9
99 11 9
100 12 9
101 19 9
102 21 9
103 25 9
104 27 9
105 29 9
106 32 9
107 34 9
108 35 9
109 37 9
110 40 9
111 42 9
112 53 9
113 58 9
114 59 9
115 63 9
116 64 9
117 69 9
118 89 9
119 98 9
120 100 9
121 107 9
122 113 9
123 116 9
124 122 9
125 127 9
126 131 9
127 134 9
128 147 9
129 156 9
130 163 9
131 170 9
132 175 9
133 176 9
134 179 9
135 180 9
136 187 9
137 195 9
138 200 9
139 210 9
140 213 9
141 214 9
142 218 9
143 228 9
144 229 9
145 232 9
146 251 9
147 253 9
148 266 9
149 5 8
150 10 8
151 15 8
152 16 8
153 18 8
154 28 8
155 31 8
156 33 8
157 36 8
158 41 8
159 44 8
160 47 8
161 56 8
162 57 8
163 62 8
164 67 8
165 68 8
166 71 8
167 76 8
168 77 8
169 78 8
170 82 8
171 85 8
172 87 8
173 88 8
174 91 8
175 93 8
176 94 8
177 103 8
178 104 8
179 108 8
180 110 8
181 111 8
182 114 8
183 115 8
184 117 8
185 123 8
186 129 8
187 130 8
188 132 8
189 135 8
190 136 8
191 137 8
192 144 8
193 146 8
194 149 8
195 153 8
196 155 8
197 159 8
198 168 8
199 169 8
200 172 8
201 173 8
202 177 8
203 178 8
204 182 8
205 190 8
206 192 8
207 194 8
208 196 8
209 199 8
210 219 8
211 220 8
212 223 8
213 225 8
214 226 8
215 227 8
216 233 8
217 234 8
218 237 8
219 244 8
220 246 8
221 248 8
222 249 8
223 254 8
224 256 8
225 257 8
226 261 8
227 13 7
228 39 7
229 50 7
230 51 7
231 60 7
232 75 7
233 79 7
234 97 7
235 101 7
236 118 7
237 120 7
238 124 7
239 148 7
240 151 7
241 152 7
242 162 7
243 184 7
244 186 7
245 188 7
246 191 7
247 193 7
248 198 7
249 203 7
250 204 7
251 211 7
252 224 7
253 230 7
254 236 7
255 241 7
256 243 7
257 255 7
258 263 7
259 83 6
260 125 6
261 165 6
262 167 6
263 206 6
264 217 6
265 235 6
266 238 6
Label List by vertices (vertice Id, Number of labels : set of labels
0 35 : 3 6 7 14 15 38 40 65 84 99 126 128 133 141 143 159 161 162 163 164 165 179 204 205 207 211 212 216 233 242 243 245 249 260 265
1 34 : 0 6 18 21 24 26 35 38 45 69 80 84 87 92 93 98 99 123 128 143 163 181 205 212 213 217 219 221 226 238 239 250 260 265
2 34 : 4 24 26 34 38 45 46 65 75 80 81 84 93 127 143 145 162 170 175 176 181 185 196 212 221 230 233 235 239 245 247 260 262 265
3 34 : 4 10 26 33 52 57 61 63 64 69 71 72 80 84 86 105 112 116 128 133 146 148 158 175 181 184 190 206 208 211 212 218 228 229
4 34 : 0 4 8 26 31 45 46 56 65 76 77 78 81 86 98 101 109 124 135 167 170 177 179 181 185 195 212 213 221 222 239 242 262 264
5 34 : 9 10 11 42 46 52 66 84 92 105 132 136 138 139 148 156 160 161 171 181 182 183 185 205 212 222 226 232 240 247 259 260 265 266
6 34 : 18 24 26 38 41 45 51 65 72 80 81 87 89 92 118 127 142 157 162 164 166 180 185 195 203 216 221 229 231 244 247 255 265 266
7 34 : 4 5 26 46 56 65 77 78 92 104 109 111 126 140 143 145 166 175 177 178 180 191 212 216 221 228 229 238 239 244 245 257 260 265
8 34 : 5 6 20 36 38 46 66 80 81 99 100 105 107 118 119 124 126 135 143 152 185 201 205 212 213 217 219 221 239 242 258 260 265 266
9 34 : 8 12 22 33 46 64 72 85 86 95 108 113 114 117 119 126 128 133 138 139 143 150 164 166 175 181 185 190 208 214 218 239 245 260
10 33 : 0 4 6 26 29 38 45 46 55 63 65 67 69 80 81 84 92 94 102 107 123 134 143 154 169 181 185 188 190 210 221 239 265
11 34 : 2 6 22 38 45 46 59 61 68 80 86 89 92 93 103 107 121 141 146 158 171 185 186 187 193 201 202 216 219 221 239 241 245 265
12 34 : 0 9 11 12 29 33 42 43 45 46 55 59 74 77 80 84 112 114 126 131 133 134 141 157 164 166 180 181 201 209 221 233 245 260
13 34 : 0 4 7 11 26 36 44 45 78 81 84 104 137 143 147 154 160 168 181 189 191 210 212 216 222 223 230 245 250 251 258 259 260 265
14 34 : 27 29 45 46 59 78 80 84 85 87 91 112 113 128 129 139 147 153 166 181 189 194 200 201 202 216 221 225 230 239 242 245 246 263
15 33 : 0 4 6 21 26 36 38 45 66 80 81 92 96 106 107 109 132 139 143 147 151 154 181 185 212 221 239 245 247 260 262 265 266
16 34 : 4 6 27 38 43 49 59 67 70 77 78 81 84 89 102 105 108 118 119 132 164 185 199 200 202 210 212 219 221 229 239 247 262 265
17 34 : 6 18 24 26 27 34 45 46 62 65 67 80 90 92 116 139 142 143 160 171 181 182 187 191 209 221 222 236 239 242 251 259 261 265
18 34 : 5 14 26 38 42 44 46 49 52 57 60 61 65 89 122 127 143 146 150 161 163 170 176 177 181 183 197 204 220 221 239 253 260 265
19 34 : 0 4 6 16 40 44 45 46 50 61 64 65 66 67 69 85 99 107 110 113 128 140 143 150 164 179 182 214 224 239 247 252 253 254
20 35 : 0 4 6 13 20 37 38 45 46 51 65 80 81 84 109 129 143 146 157 163 164 178 181 185 187 209 212 221 239 245 250 251 260 262 265
21 34 : 0 26 45 46 55 66 74 76 78 81 87 103 127 130 131 134 136 142 143 148 158 159 178 181 183 202 215 218 224 239 244 245 257 260
22 34 : 4 6 16 19 22 27 30 38 52 59 67 79 84 86 89 92 103 132 133 143 148 154 168 180 183 185 187 198 201 219 237 239 260 261
23 33 : 0 4 6 26 27 38 45 46 65 73 80 81 92 101 117 126 130 143 179 181 185 189 190 205 208 209 212 221 239 245 251 253 260
24 34 : 0 4 6 30 33 38 46 61 65 74 80 81 84 92 102 114 131 146 152 179 181 185 197 209 210 212 214 221 231 239 245 260 264 265
25 34 : 0 4 6 10 25 26 32 33 37 38 45 46 64 71 75 92 119 126 133 140 141 143 145 159 185 189 204 215 233 239 257 260 265 266
26 34 : 0 6 10 11 20 30 38 44 46 61 67 74 80 84 86 107 109 122 126 129 132 166 167 169 171 181 185 210 212 231 236 239 250 260
27 35 : 0 6 8 26 33 35 38 39 45 46 65 67 74 80 81 83 84 99 151 181 183 185 196 197 205 211 212 221 223 239 245 246 247 260 265
28 34 : 0 5 8 13 22 49 50 54 65 76 81 84 90 96 105 106 125 132 136 137 143 147 166 172 174 178 185 194 212 217 222 237 258 265
29 34 : 0 6 9 26 38 45 46 65 74 75 80 81 96 107 109 111 143 179 181 185 196 203 212 221 222 223 228 239 245 250 253 254 260 265
30 34 : 0 2 4 5 6 35 43 46 65 73 80 85 86 97 109 116 121 132 136 143 148 167 173 181 182 183 185 214 218 224 244 245 261 265
31 34 : 0 16 24 30 45 55 77 80 81 88 92 95 105 114 131 143 147 152 172 180 181 186 189 191 202 208 210 216 219 236 239 245 254 265
32 34 : 0 10 12 30 35 38 47 48 55 56 65 69 80 81 82 87 88 94 102 111 148 154 156 162 176 183 191 192 197 212 221 239 242 245
33 34 : 19 20 26 29 31 33 38 46 54 56 63 65 80 81 93 100 110 111 112 128 136 140 141 143 171 175 179 202 214 221 230 236 245 258
34 34 : 25 42 45 46 50 53 61 72 80 81 84 92 96 101 103 106 109 115 123 140 155 162 166 169 180 181 191 198 202 220 221 239 250 265
35 35 : 0 6 26 38 45 46 59 80 81 84 88 91 106 107 126 130 138 143 151 152 170 181 185 188 194 196 212 214 221 239 240 245 250 252 265
36 36 : 0 4 6 12 14 24 26 38 39 45 46 65 69 71 81 84 99 109 122 141 143 149 154 160 165 166 177 181 196 209 216 221 239 259 262 265
37 34 : 0 4 8 12 61 67 81 86 92 95 96 98 109 110 111 118 121 128 139 141 145 164 165 166 174 181 187 202 212 217 221 239 245 257
38 34 : 0 1 2 6 11 18 36 40 45 46 55 77 78 80 81 90 101 106 119 131 138 139 141 142 143 145 164 165 175 181 184 191 212 231
39 33 : 0 4 25 38 44 45 46 55 57 60 66 67 73 80 81 84 92 114 126 140 151 159 185 195 211 222 225 228 230 235 239 256 260
40 34 : 0 32 34 37 44 45 46 48 50 58 81 92 95 101 103 116 119 135 139 171 185 202 212 220 224 226 232 234 245 246 256 258 260 261
41 33 : 0 4 6 13 21 26 45 46 53 65 69 74 79 80 81 84 92 95 96 127 172 178 181 183 185 212 221 223 239 245 259 264 265
42 34 : 6 11 36 40 44 46 47 49 54 65 84 86 91 92 94 105 138 141 142 143 166 192 200 210 212 214 238 245 248 251 260 261 265 266
43 34 : 0 6 25 38 45 46 49 50 65 69 77 81 86 106 108 122 139 143 155 160 164 170 171 173 180 181 185 201 212 221 230 245 254 264
44 34 : 3 4 6 24 25 28 38 44 45 46 51 54 65 73 74 81 84 96 98 102 138 143 152 161 171 180 204 208 220 230 239 251 258 266
45 34 : 0 7 10 21 23 43 45 53 54 61 64 65 68 78 81 104 128 142 144 152 155 160 183 186 191 208 212 234 235 245 251 259 260 263
46 34 : 0 6 31 37 45 47 49 52 53 65 80 81 82 91 95 102 114 118 126 153 173 181 187 189 198 206 208 221 224 227 230 237 242 245
47 34 : 0 1 3 4 6 19 26 38 45 49 59 65 81 84 134 159 173 183 184 185 190 196 203 212 221 226 231 239 245 259 260 262 265 266
48 34 : 0 6 12 18 29 48 55 61 65 80 84 87 113 126 128 136 148 151 152 183 188 189 202 205 211 219 221 225 232 234 236 245 260 265
49 34 : 1 4 12 19 26 38 65 80 84 86 102 113 117 121 132 136 156 158 180 181 182 191 193 201 206 215 216 229 231 234 251 255 256 265
50 34 : 0 1 4 9 14 15 17 26 30 39 47 52 61 71 80 81 84 92 96 111 115 133 143 144 147 158 164 172 185 212 221 245 258 265
51 33 : 0 4 6 21 22 26 29 45 65 80 81 84 92 106 112 115 143 154 179 181 183 185 195 196 212 221 232 235 238 239 253 263 265
52 34 : 0 5 6 17 40 45 51 52 53 70 80 81 84 92 95 97 99 110 117 143 147 150 158 166 176 185 192 193 212 216 246 248 258 265
53 34 : 0 4 6 7 26 37 38 45 46 52 68 79 80 81 84 92 93 124 143 154 181 201 205 208 209 212 221 225 238 239 245 260 262 265
54 34 : 0 4 18 21 32 33 38 45 46 55 59 63 73 79 81 88 110 136 144 145 166 169 171 181 185 193 204 219 229 239 244 252 260 265
55 34 : 0 6 7 8 19 22 36 45 46 54 58 61 65 75 80 81 84 85 88 90 92 98 115 130 164 174 179 182 186 187 212 237 243 249
56 34 : 4 9 38 45 46 57 69 91 100 104 105 112 115 117 119 134 138 142 143 151 171 175 185 188 190 196 222 224 233 239 242 245 258 260
57 34 : 9 12 26 32 34 72 80 81 83 84 85 90 96 101 106 117 120 125 143 150 154 182 203 212 221 224 226 239 244 250 257 259 260 265
58 35 : 0 7 30 32 34 38 39 43 44 45 49 63 80 84 87 99 118 141 143 148 151 185 190 205 207 212 214 218 221 227 239 245 250 256 259
59 34 : 4 6 9 21 22 43 48 50 51 53 65 66 67 73 81 83 84 91 112 123 125 143 153 154 160 162 170 180 195 197 212 245 259 265
60 34 : 1 4 6 8 20 26 38 40 45 46 47 53 65 72 80 81 84 92 94 96 115 126 131 143 147 150 181 205 212 239 245 260 263 265
61 34 : 3 6 25 26 30 38 40 51 65 70 81 84 89 91 115 122 139 140 143 160 175 181 184 194 198 199 213 221 224 226 243 252 255 260
62 35 : 3 6 12 25 30 34 42 45 54 65 80 86 88 92 97 105 112 116 120 121 122 136 151 166 172 177 181 185 186 189 239 245 250 258 260
63 34 : 0 1 4 6 37 38 45 53 57 58 61 66 81 92 93 97 121 127 132 133 141 143 147 155 173 183 208 214 221 239 250 256 260 265
64 34 : 6 8 19 37 51 60 65 68 69 70 80 84 85 86 102 108 109 120 148 166 170 181 185 192 201 202 208 216 228 245 250 254 265 266
65 34 : 2 4 6 28 38 40 43 46 51 61 66 82 84 93 96 98 114 118 123 139 140 141 143 163 167 172 187 192 210 211 233 258 260 261
66 33 : 0 4 6 8 12 19 26 30 45 46 65 66 80 81 84 92 96 110 121 126 132 137 143 158 181 185 188 212 221 229 240 245 254
67 34 : 0 3 6 11 21 26 27 35 38 44 46 52 64 68 80 81 93 96 99 129 146 148 160 166 183 185 186 215 219 232 237 239 243 252
68 33 : 0 4 6 26 38 45 46 49 52 59 63 65 71 80 81 84 92 114 118 120 143 152 171 181 185 205 206 212 221 239 245 260 263
69 34 : 0 4 21 38 46 50 51 61 65 80 81 82 84 89 96 103 134 139 161 177 178 181 195 196 197 210 221 226 234 235 245 247 264 265
70 33 : 0 4 35 36 38 41 46 64 65 80 81 84 86 92 98 107 112 124 137 154 155 158 178 181 184 185 205 214 221 225 239 245 265
71 34 : 4 15 25 26 27 31 40 43 45 46 49 51 52 65 66 80 92 95 102 111 137 148 150 152 155 177 188 210 217 220 229 245 260 266
72 34 : 0 4 7 10 26 27 46 51 56 78 80 84 85 88 96 100 106 121 126 134 157 164 172 185 188 198 200 211 212 220 221 228 260 264
73 34 : 0 2 3 6 17 19 23 38 40 43 53 57 61 70 74 92 110 142 143 157 159 174 177 186 200 212 221 236 239 241 247 253 256 265
74 34 : 3 9 18 26 32 33 46 54 61 62 63 76 92 98 103 106 108 121 123 126 154 157 164 185 207 208 221 223 246 257 260 261 264 265
75 34 : 1 3 4 15 23 36 38 45 46 65 68 78 81 98 99 114 117 127 132 136 140 149 156 162 181 189 194 197 203 237 239 240 248 256
76 34 : 0 2 3 18 38 43 46 53 72 81 82 89 90 92 100 104 108 123 142 150 160 172 185 209 210 221 235 241 242 245 246 247 254 265
77 34 : 4 6 15 16 26 80 84 95 101 106 112 114 124 129 133 135 150 151 157 161 165 167 171 175 179 185 190 212 215 227 239 243 247 264
78 33 : 0 1 4 6 18 26 37 44 45 58 62 63 82 84 92 96 99 124 144 157 172 185 217 221 226 228 234 236 245 252 253 255 260
79 33 : 0 4 6 26 38 39 46 65 80 81 92 113 128 136 140 143 163 169 177 181 185 193 209 212 216 221 233 245 249 259 260 262 265
80 34 : 10 15 24 26 28 29 32 37 38 40 43 46 54 61 74 80 83 108 111 135 136 149 158 161 181 185 188 200 209 212 213 234 235 237
81 33 : 0 4 24 26 30 38 45 46 47 49 56 65 67 81 84 86 92 123 126 143 155 181 185 189 212 216 221 222 231 239 245 260 265
82 34 : 0 4 8 48 65 74 76 78 79 80 84 103 122 129 134 141 150 169 175 182 185 199 200 203 207 209 221 231 245 250 251 258 261 266
83 34 : 6 28 34 35 37 38 52 54 65 78 80 81 82 92 98 103 122 140 143 156 163 171 174 181 187 199 201 207 223 237 238 239 245 260
84 34 : 0 4 6 8 19 20 26 30 38 45 46 53 65 75 80 81 84 92 100 143 150 164 179 181 187 197 212 221 225 239 245 260 262 265
85 34 : 0 4 18 28 38 39 45 60 68 74 80 81 84 86 94 119 125 139 145 153 156 174 181 184 185 193 197 213 221 236 237 239 259 265
86 34 : 0 6 38 45 46 54 55 75 79 80 81 83 92 102 104 108 110 131 146 174 186 187 208 209 213 229 234 238 245 246 253 256 259 265
87 33 : 11 18 19 26 31 37 57 63 65 68 69 86 97 99 106 108 117 123 126 131 133 151 152 154 167 185 199 212 215 221 239 241 260
88 33 : 0 1 4 6 8 11 15 23 43 45 65 69 92 94 98 110 115 122 124 131 142 143 172 174 178 185 193 197 201 220 221 227 245
89 34 : 23 26 36 38 45 46 54 65 81 91 109 115 123 127 139 142 143 152 157 159 160 163 171 183 185 221 227 232 234 236 239 245 260 265
90 33 : 0 4 6 26 40 45 46 58 63 65 75 80 81 84 92 93 112 118 121 140 157 181 185 199 210 212 221 229 234 239 260 262 265
91 33 : 0 8 19 23 24 40 58 65 84 90 95 106 107 120 134 135 138 146 149 165 170 185 192 195 203 215 221 223 232 239 245 247 250
92 34 : 4 21 29 33 35 38 46 52 54 57 58 68 80 81 88 90 93 101 117 123 141 143 158 166 173 181 185 200 212 228 244 254 260 261
93 33 : 22 26 38 42 46 60 63 64 65 74 76 80 81 92 123 135 141 153 154 156 159 181 183 190 207 213 218 222 224 239 240 251 263
94 33 : 0 5 6 15 22 38 45 71 80 84 86 94 107 121 122 130 134 142 153 181 185 192 200 203 215 220 222 239 242 252 253 261 265
95 33 : 2 11 17 21 23 25 26 31 34 39 45 50 65 74 78 80 81 84 92 106 114 127 143 144 166 185 195 208 221 222 227 239 240
96 34 : 0 4 6 7 13 17 20 46 47 62 71 81 84 95 99 107 121 122 134 145 158 166 181 185 190 192 197 212 235 239 240 245 252 258
97 33 : 0 3 4 6 14 24 26 30 42 46 48 56 62 81 130 153 157 180 181 183 185 192 204 206 216 219 224 228 241 246 249 260 265
98 33 : 11 24 27 37 38 45 63 72 101 106 112 113 121 133 134 143 144 149 157 167 181 189 193 206 212 213 218 221 227 239 240 243 245
99 32 : 0 4 6 26 32 38 41 45 46 65 80 81 84 88 92 122 129 136 143 152 169 177 181 185 210 212 221 245 246 261 264 265
100 33 : 0 4 6 13 17 19 22 33 35 42 44 45 46 80 81 84 92 129 138 143 178 181 185 190 193 212 221 245 252 260 262 263 265
101 34 : 0 1 7 15 26 43 45 48 53 57 80 81 82 84 116 127 142 151 172 176 181 199 203 205 209 212 213 220 240 243 245 251 260 264
102 33 : 0 9 36 46 58 64 66 72 80 105 108 134 137 141 144 154 159 161 181 184 186 197 207 211 212 216 222 232 241 243 245 265 266
103 34 : 0 6 29 38 45 46 70 81 90 96 124 130 134 143 147 148 151 155 158 159 174 181 185 189 198 208 212 214 221 222 244 259 260 265
104 33 : 0 4 6 8 21 26 38 44 45 46 65 76 80 81 84 92 99 138 161 169 176 181 185 204 220 221 232 239 253 260 262 263 265
105 34 : 4 14 20 26 54 60 84 94 98 101 106 113 116 127 133 141 145 164 175 179 184 185 186 198 201 208 212 218 245 248 255 258 260 265
106 33 : 4 6 17 21 23 28 31 50 61 92 104 108 132 135 144 145 165 167 171 184 185 188 194 195 212 221 223 229 240 246 259 261 265
107 34 : 0 22 26 34 43 45 46 54 55 65 70 76 80 81 98 105 126 127 141 143 144 146 156 164 166 181 185 194 199 212 216 218 221 244
108 34 : 1 4 14 32 38 45 46 48 64 65 73 81 84 92 94 95 121 134 156 160 176 180 185 199 202 207 219 222 231 232 245 252 257 259
109 34 : 0 4 6 26 38 39 42 45 46 65 74 81 84 92 125 126 135 143 157 166 170 176 183 185 188 195 201 221 226 232 239 251 260 265
110 34 : 4 8 14 38 45 53 62 65 71 73 78 80 84 85 87 91 92 97 98 104 125 136 140 163 181 187 211 221 228 239 240 243 256 260
111 34 : 2 3 4 6 9 31 38 46 80 82 86 90 97 115 130 137 151 155 162 164 168 185 187 195 204 212 218 221 241 243 246 256 264 265
112 35 : 0 4 6 7 8 26 38 45 46 61 65 75 81 83 92 95 143 145 150 155 166 177 181 185 190 198 205 212 221 227 235 239 245 250 260
113 33 : 4 26 38 43 46 50 65 71 72 81 96 102 109 115 120 133 134 155 165 168 185 197 202 206 207 215 216 221 222 239 248 256 260
114 33 : 0 6 16 25 26 46 54 61 80 81 84 89 95 105 106 119 129 130 139 143 159 168 178 192 198 202 209 212 221 222 239 242 261
115 33 : 1 17 20 43 45 56 62 65 69 84 89 92 101 117 130 141 143 146 147 161 169 185 199 206 209 218 221 234 237 239 260 265 266
116 33 : 0 4 15 19 27 31 33 34 35 45 46 49 50 58 64 80 83 92 99 114 131 143 168 180 181 185 207 218 245 248 249 255 260
117 33 : 0 2 6 7 11 23 30 42 56 65 70 79 81 84 92 102 110 112 116 126 160 180 181 184 194 201 205 206 212 216 231 239 258
118 33 : 0 4 14 23 26 42 53 60 65 76 82 84 90 92 103 116 120 121 127 141 154 173 185 189 195 199 203 211 212 221 234 239 260
119 33 : 4 6 26 36 38 45 65 72 79 80 81 91 112 121 143 160 163 164 178 181 185 195 198 210 212 220 221 239 251 253 260 262 265
120 33 : 0 1 6 12 24 31 35 38 45 55 56 57 68 80 91 92 94 97 102 105 112 120 147 153 164 187 216 221 232 238 239 255 265
121 33 : 2 5 16 22 25 26 30 32 34 37 38 40 52 60 72 104 105 112 135 143 168 175 176 195 199 200 212 215 218 232 242 252 254
122 33 : 0 7 8 17 19 26 28 41 46 53 59 65 70 81 85 99 123 124 139 140 158 174 179 183 185 194 202 212 221 229 240 245 252
123 33 : 3 6 14 23 29 38 41 43 46 47 52 62 65 76 80 105 124 128 134 142 159 166 170 181 189 221 232 233 240 242 248 249 260
124 33 : 0 6 24 26 29 30 45 46 65 72 73 80 81 86 92 96 132 143 155 161 163 181 185 194 196 213 221 239 245 253 260 264 265
125 33 : 0 4 6 10 12 16 26 28 31 38 62 65 71 76 81 92 94 105 127 143 153 169 174 181 191 207 221 243 245 255 259 260 265
126 33 : 0 8 26 35 59 62 66 67 70 77 81 84 90 101 103 116 119 131 137 145 149 167 189 207 231 238 239 241 243 246 249 259 265
127 34 : 0 3 4 6 14 26 38 45 46 52 55 63 65 73 80 84 92 98 118 143 159 178 181 183 185 209 212 215 221 239 244 261 262 265
128 33 : 4 9 14 19 20 26 37 39 46 56 58 60 68 71 74 84 92 130 133 153 161 166 181 185 205 209 212 213 215 221 236 242 253
129 33 : 0 4 6 26 38 45 46 64 66 73 79 81 84 92 159 161 163 176 185 186 199 212 213 224 225 226 227 235 239 245 247 255 260
130 33 : 4 17 21 25 26 30 33 38 41 46 48 66 81 83 84 92 101 105 145 156 168 171 181 194 196 204 207 223 229 239 244 253 265
131 34 : 4 26 27 34 39 48 58 61 62 70 73 79 80 84 86 87 101 105 137 143 157 171 172 183 185 186 197 200 215 221 239 241 248 260
132 33 : 0 4 6 24 26 27 32 36 42 45 46 53 54 65 80 84 92 95 100 122 128 142 161 166 170 181 195 221 239 245 257 260 265
133 33 : 8 10 29 30 31 34 41 45 49 52 61 69 84 88 104 105 112 115 118 143 153 166 172 201 202 212 213 239 245 248 259 261 265
134 33 : 0 3 16 25 30 37 42 43 59 65 70 80 115 138 140 142 144 146 160 161 168 171 185 202 203 211 221 226 236 242 245 251 265
135 33 : 0 4 5 6 46 48 49 52 53 56 71 73 75 80 82 102 107 120 130 136 141 142 143 144 145 160 163 181 191 221 230 239 258
136 33 : 3 4 6 9 14 26 27 28 37 48 68 80 81 87 88 92 120 121 128 140 143 154 174 178 185 189 202 207 222 248 254 258 260
137 33 : 0 6 12 26 30 38 39 45 55 72 87 92 103 113 119 137 143 168 176 181 185 192 194 196 209 213 221 236 240 242 244 245 265
138 33 : 2 6 14 20 32 38 41 43 46 48 65 70 72 74 80 92 127 143 156 176 179 184 185 186 189 192 212 231 244 245 249 252 265
139 33 : 4 7 14 23 26 29 38 41 52 65 81 82 91 92 106 109 113 129 135 139 143 146 150 159 162 170 181 189 196 219 239 255 256
140 33 : 0 4 6 13 14 20 26 33 36 45 46 58 65 81 92 99 121 126 142 143 181 185 219 220 221 222 235 239 242 245 250 264 265
141 33 : 0 6 9 12 23 26 28 37 45 48 59 74 84 85 102 130 139 160 178 181 185 196 219 221 222 223 231 232 245 250 259 260 264
142 34 : 20 22 24 26 45 46 55 65 73 77 80 81 83 84 87 92 104 105 110 115 128 135 143 155 164 180 191 205 208 215 232 239 245 260
143 33 : 0 25 26 32 34 45 46 64 65 80 92 104 122 138 143 147 153 154 162 167 177 183 187 192 198 201 206 208 216 221 222 233 252
144 33 : 9 10 23 32 35 38 39 45 60 65 77 80 81 83 88 92 116 129 135 136 143 153 157 158 171 177 180 191 209 212 226 239 258
145 33 : 0 2 4 6 12 16 26 27 46 52 71 80 92 94 102 103 112 116 127 143 154 156 160 176 181 192 201 204 215 245 257 260 265
146 33 : 0 6 17 20 25 28 57 65 71 72 96 99 100 102 116 133 139 149 168 170 181 185 197 209 221 225 236 238 241 250 254 265 266
147 33 : 2 16 17 20 23 26 32 38 41 62 67 70 80 81 92 95 97 106 108 118 119 124 139 140 165 180 185 190 218 221 233 245 265
148 33 : 4 6 9 16 17 21 26 29 38 46 48 62 73 76 80 81 84 91 93 109 128 134 145 171 173 181 200 212 221 239 246 252 260
149 33 : 4 13 22 26 28 38 58 61 67 80 81 84 89 93 102 103 115 117 123 130 141 157 160 188 189 221 239 241 242 249 254 258 262
150 33 : 2 4 7 14 19 26 28 31 39 45 46 49 64 75 80 84 90 106 125 130 143 147 150 153 170 183 185 190 200 241 243 255 265
151 33 : 5 13 14 16 19 26 45 61 65 68 72 74 75 76 90 129 139 143 174 175 177 188 190 196 200 204 212 215 221 231 239 248 260
152 33 : 0 6 7 10 13 20 24 34 35 41 45 46 54 77 80 84 92 111 113 114 143 150 181 182 194 197 201 207 212 214 224 228 245
153 33 : 6 17 26 36 38 45 46 52 58 65 66 73 80 84 87 99 135 143 149 159 162 181 185 194 221 229 239 245 248 249 252 265 266
154 33 : 0 1 6 26 38 42 46 63 86 89 90 92 99 119 121 126 128 139 143 149 150 182 185 201 210 225 229 237 245 247 258 262 265
155 33 : 0 4 6 11 17 19 27 32 43 45 46 51 65 70 81 104 117 119 128 143 157 161 178 179 183 205 225 227 233 240 241 255 265
156 33 : 6 12 24 27 40 42 45 52 65 66 71 80 81 88 92 108 111 114 116 128 135 137 143 157 181 182 221 225 237 245 249 260 263
157 33 : 3 5 6 12 20 23 38 41 42 45 65 92 97 109 119 121 125 143 145 157 179 185 192 212 216 221 222 232 240 242 260 264 265
158 33 : 0 16 23 26 31 33 38 40 45 46 65 79 84 92 112 146 149 155 157 164 171 175 181 185 209 221 223 228 245 248 253 259 265
159 33 : 0 3 4 5 6 38 45 46 55 65 72 80 81 84 100 107 112 126 143 145 157 161 171 172 181 221 233 238 245 249 256 260 265
160 33 : 4 10 28 29 44 45 46 50 62 81 83 92 100 113 119 121 125 126 130 139 143 144 152 158 164 193 205 207 221 223 239 254 260
161 33 : 0 3 4 20 26 27 38 45 46 49 65 80 81 92 111 117 128 131 143 145 146 157 173 181 186 206 212 221 229 231 245 260 264
162 33 : 0 4 6 13 20 26 46 80 81 84 88 92 107 110 112 131 139 150 170 171 172 174 181 185 204 212 214 220 233 239 245 264 265
163 33 : 0 2 4 6 7 18 45 47 48 73 81 84 90 92 98 104 133 140 164 165 171 175 181 182 183 185 214 215 221 225 239 241 262
164 33 : 0 4 13 26 34 38 45 46 48 49 81 85 90 92 95 100 113 115 129 138 142 143 158 174 176 180 181 204 208 215 218 221 256
165 33 : 3 4 10 20 32 36 38 45 46 51 63 66 84 100 143 147 166 169 179 185 191 200 202 214 221 222 245 251 252 253 260 263 266
166 33 : 10 15 22 26 41 45 46 82 86 89 92 95 120 122 133 138 141 144 149 161 168 181 184 185 195 205 227 237 239 245 251 264 265
167 33 : 6 20 26 34 36 45 47 55 61 84 86 88 108 113 116 118 145 161 162 173 174 176 181 198 199 207 217 230 242 251 260 262 265
168 33 : 6 16 22 24 26 28 39 52 60 62 65 75 77 80 81 90 92 93 126 139 143 162 169 181 185 197 215 234 236 240 244 251 265
169 33 : 0 2 6 14 21 23 25 26 38 56 60 63 65 70 76 80 90 108 120 142 150 170 176 181 189 193 197 218 219 225 231 257 265
170 33 : 4 5 6 23 26 45 46 68 70 73 77 81 92 129 132 138 153 173 187 200 212 218 221 222 227 228 239 245 249 250 259 262 265
171 33 : 0 4 6 27 38 45 46 47 49 57 64 65 78 80 81 92 107 120 135 143 145 154 163 181 215 221 223 233 234 239 245 257 260
172 33 : 0 6 20 26 29 30 31 38 45 46 47 81 83 84 92 105 109 123 143 146 148 149 185 197 212 216 221 226 231 239 245 250 265
173 33 : 18 23 26 37 49 57 64 65 66 69 80 84 87 94 100 140 143 149 152 161 169 177 181 184 185 202 215 221 225 230 237 245 265
174 33 : 4 15 22 38 46 47 59 69 80 81 85 117 133 143 147 156 158 168 169 182 189 197 204 208 219 221 225 228 229 239 245 260 265
175 33 : 1 4 12 24 45 46 65 69 70 72 73 84 92 95 97 98 99 131 146 160 162 181 183 201 212 213 223 239 240 247 252 256 259
176 33 : 0 4 6 14 17 26 42 45 46 58 65 67 80 81 84 92 93 94 129 143 158 181 185 193 212 221 239 245 247 255 257 260 265
177 33 : 1 4 6 23 26 35 41 45 46 59 65 81 82 84 89 92 110 120 127 143 158 206 212 217 227 228 239 242 244 245 253 261 262
178 33 : 1 4 6 9 11 15 20 23 25 42 60 65 82 89 90 92 119 156 157 174 185 187 194 200 210 212 214 215 221 242 249 250 257
179 33 : 4 6 13 17 20 26 38 45 59 65 74 80 92 93 109 131 132 138 143 154 155 163 205 209 212 224 228 239 245 246 256 260 265
180 33 : 0 11 13 15 26 40 46 63 64 75 79 80 91 92 106 108 111 127 144 158 163 173 185 199 207 220 234 237 239 249 259 260 265
181 33 : 0 1 10 13 26 32 35 41 46 73 94 110 113 163 173 175 176 178 181 182 183 207 212 214 225 233 238 245 247 259 260 262 265
182 33 : 0 4 18 38 50 65 66 72 78 81 82 85 89 97 117 119 125 133 143 154 156 163 165 167 168 188 198 203 239 245 253 263 265
183 33 : 0 2 4 5 6 20 22 45 47 62 70 71 80 85 111 122 125 139 143 144 149 168 170 174 179 181 212 214 221 231 254 264 265
184 33 : 0 4 5 6 26 38 45 46 47 80 81 100 106 122 124 126 137 140 143 161 181 185 193 211 212 217 220 221 230 232 245 247 266
185 34 : 4 16 17 22 23 44 48 58 77 81 84 92 109 116 119 124 125 133 138 142 143 181 183 185 187 203 217 221 229 239 242 245 248 258
186 33 : 5 6 11 23 24 46 56 102 114 117 124 131 132 139 143 158 169 173 184 189 199 200 203 212 221 223 224 239 240 245 254 264 265
187 33 : 1 4 9 33 38 46 57 59 60 66 69 72 80 92 111 114 116 123 129 139 143 158 161 181 185 196 210 212 221 226 239 245 265
188 33 : 0 1 9 11 17 21 23 26 45 46 56 58 65 70 76 79 81 97 113 122 137 156 171 181 185 188 213 234 239 245 247 263 265
189 34 : 4 6 9 26 34 38 45 65 80 81 87 88 89 92 95 104 109 126 143 149 158 181 185 190 194 195 212 221 239 245 250 252 260 265
190 33 : 0 4 6 26 46 64 65 68 80 91 92 100 105 110 118 140 143 145 151 155 167 171 172 181 185 210 212 221 233 235 239 263 265
191 33 : 6 23 29 44 45 46 58 65 66 79 81 84 85 99 103 107 111 143 145 169 176 181 183 211 212 213 221 230 254 257 259 260 265
192 33 : 4 6 8 26 38 46 54 55 65 80 81 84 91 92 137 138 143 173 175 181 185 212 220 221 227 244 245 246 248 249 250 257 265
193 34 : 0 6 11 15 22 24 25 26 29 31 38 51 56 65 68 75 84 92 98 111 137 142 143 164 207 212 218 223 228 239 242 245 258 265
194 33 : 6 9 16 17 35 38 45 48 54 72 73 76 119 126 131 143 150 156 165 170 181 182 185 195 198 208 227 239 243 245 247 248 265
195 33 : 7 26 30 35 38 40 46 48 53 55 59 67 80 84 92 93 100 112 121 147 156 158 166 174 175 181 182 185 217 221 240 265 266
196 33 : 2 4 6 15 20 26 41 46 55 63 65 80 100 103 137 143 150 153 181 183 185 211 217 226 228 237 245 246 252 255 257 260 265
197 33 : 0 4 6 21 38 46 49 57 65 81 84 87 92 100 104 110 126 143 157 173 181 185 205 209 212 221 226 227 231 245 250 260 265
198 33 : 0 4 6 18 26 38 45 47 73 77 81 84 89 92 94 113 126 131 138 141 143 148 164 174 177 181 185 209 221 239 245 260 265
199 33 : 0 6 7 18 28 38 50 52 57 77 80 81 97 102 107 113 116 126 138 140 143 144 147 149 168 192 193 230 231 239 245 260 263
