N C E M
200 100 19900 3980
Opt_part_L_size, Opt_part_R_size, Opt_number_of_colors
20 180 29
N of L changes = 4
Min number of labels in a vertice, Max number of labels in a vertice
33 36
Solution Set
58(31) 43(32) 13(33) 30(33) 70(53) 37(54) 71(56) 4(56) 40(57) 19(58) 96(60) 23(60) 27(60) 10(61) 42(61) 12(62) 83(62) 87(63) 85(63) 52(64) 6(64) 56(64) 68(66) 84(66) 60(70) 73(70) 3(72) 93(74) 51(77) 
Number of edges by Color (l n)
0 51 77
1 93 74
2 3 72
3 60 70
4 73 70
5 68 66
6 84 66
7 6 64
8 52 64
9 56 64
10 85 63
11 87 63
12 12 62
13 83 62
14 10 61
15 42 61
16 23 60
17 27 60
18 96 60
19 19 58
20 40 57
21 4 56
22 71 56
23 37 54
24 70 53
25 1 34
26 9 34
27 74 34
28 0 33
29 5 33
30 11 33
31 13 33
32 15 33
33 25 33
34 29 33
35 30 33
36 38 33
37 49 33
38 59 33
39 62 33
40 65 33
41 88 33
42 2 32
43 7 32
44 8 32
45 14 32
46 16 32
47 17 32
48 18 32
49 20 32
50 21 32
51 22 32
52 24 32
53 26 32
54 28 32
55 32 32
56 33 32
57 34 32
58 35 32
59 36 32
60 39 32
61 41 32
62 43 32
63 44 32
64 45 32
65 46 32
66 47 32
67 48 32
68 50 32
69 53 32
70 55 32
71 57 32
72 63 32
73 64 32
74 67 32
75 69 32
76 75 32
77 76 32
78 77 32
79 78 32
80 79 32
81 81 32
82 82 32
83 86 32
84 89 32
85 98 32
86 99 32
87 31 31
88 54 31
89 58 31
90 61 31
91 66 31
92 72 31
93 80 31
94 90 31
95 91 31
96 92 31
97 94 31
98 95 31
99 97 31
Label List by vertices (vertice Id, Number of labels : set of labels
0 36 : 1 3 4 6 10 12 15 19 21 23 24 27 33 36 37 39 40 42 43 51 52 54 56 60 61 68 70 73 74 83 84 85 87 89 93 96
1 35 : 0 1 6 7 8 9 16 17 18 22 25 28 35 36 38 40 51 54 57 58 60 63 65 66 67 68 69 70 76 77 80 86 89 93 96
2 36 : 5 10 14 15 16 18 20 22 23 24 26 30 34 36 38 39 43 45 47 51 54 55 60 61 62 64 67 69 71 73 82 83 84 85 96 98
3 36 : 0 3 4 5 7 8 9 12 13 15 20 21 23 25 31 35 37 40 42 45 52 53 56 57 60 66 68 69 73 74 80 81 85 91 92 99
4 36 : 3 5 9 10 15 17 18 19 21 23 25 27 30 33 34 36 38 41 43 45 46 48 53 54 60 68 73 75 77 85 87 88 89 90 93 95
5 36 : 3 5 7 9 10 12 14 20 22 23 28 32 35 38 39 41 46 50 51 58 59 62 66 67 68 75 76 79 83 84 86 88 92 93 98 99
6 36 : 1 2 5 7 9 12 19 20 21 27 31 33 35 37 38 39 42 45 46 47 48 52 54 55 58 60 64 68 69 73 81 82 85 87 93 95
7 36 : 0 3 4 7 9 12 14 18 20 21 23 30 31 38 41 44 46 48 52 54 55 59 71 73 81 82 83 86 87 88 91 92 93 95 96 97
8 36 : 0 4 5 8 9 11 13 16 20 25 27 35 36 37 39 40 42 43 49 55 58 66 70 71 79 80 81 84 85 86 87 88 89 94 95 96
9 36 : 3 4 5 6 9 10 12 19 23 27 28 36 37 38 39 42 47 51 52 56 57 60 64 67 68 69 71 72 73 79 83 84 85 87 93 96
10 35 : 3 6 7 9 10 12 16 17 21 24 25 39 41 46 52 53 55 56 61 62 64 67 69 73 77 78 81 83 88 89 92 93 94 95 97
11 35 : 2 4 5 8 12 14 15 16 18 19 20 21 29 31 32 36 39 43 51 55 56 60 61 63 64 65 67 72 83 87 89 90 91 94 96
12 36 : 3 5 6 7 15 16 19 22 23 25 27 34 36 38 40 42 50 52 53 58 60 63 68 73 74 76 79 83 84 85 87 94 95 96 98 99
13 36 : 0 3 9 10 12 21 22 25 26 29 31 32 33 36 39 42 45 48 52 57 58 59 60 65 67 68 70 74 79 84 85 87 88 93 94 95
14 35 : 2 4 6 7 13 14 18 22 24 26 28 31 33 41 42 43 45 48 49 50 51 60 61 63 64 65 66 67 70 73 74 81 87 88 94
15 35 : 0 1 3 6 7 10 14 16 17 18 19 22 25 36 38 40 41 42 43 51 54 56 58 59 64 69 70 71 75 77 82 87 89 94 98
16 36 : 1 4 5 7 13 14 15 19 22 24 26 29 34 36 37 38 41 42 43 46 49 55 59 62 65 66 69 70 82 88 89 90 94 96 98 99
17 35 : 0 3 4 6 10 12 13 15 16 19 24 26 27 28 37 40 51 52 56 60 61 67 68 69 70 71 73 83 84 85 87 93 95 96 97
18 36 : 2 4 5 8 12 13 15 16 17 19 20 23 24 26 30 35 39 41 44 47 50 53 55 60 63 65 68 71 77 80 90 92 94 95 97 98
19 35 : 1 4 7 8 10 11 12 17 18 20 22 23 32 35 38 47 49 52 57 60 62 66 68 70 71 75 80 81 86 87 94 95 96 97 99
20 34 : 3 4 7 9 10 12 15 16 19 23 27 28 35 36 37 39 42 50 51 52 56 60 67 68 70 71 73 74 77 83 84 85 93 96
21 36 : 0 2 3 6 8 11 12 13 14 15 19 21 23 24 31 35 40 41 42 48 49 52 54 57 59 60 63 65 72 76 77 82 88 92 96 97
22 35 : 2 5 9 10 12 15 17 18 24 28 29 31 37 43 47 48 49 51 56 57 59 62 63 67 68 70 71 78 83 85 91 92 95 96 97
23 36 : 4 11 13 14 21 24 26 27 29 32 35 37 40 45 47 48 50 52 55 56 58 60 61 66 68 71 73 79 80 82 86 87 91 95 98 99
24 36 : 0 3 4 5 7 8 10 14 15 18 19 20 25 27 28 30 33 37 39 46 48 50 55 62 66 67 69 70 79 85 87 88 92 93 96 98
25 36 : 0 3 4 9 10 12 13 18 24 25 28 30 32 33 34 37 40 44 45 51 52 54 60 61 66 67 68 70 75 79 80 83 86 88 93 99
26 35 : 1 5 7 13 18 27 33 36 37 41 42 45 46 47 51 52 61 63 66 68 69 73 74 75 77 78 79 82 85 91 92 95 97 98 99
27 35 : 5 7 11 15 17 22 26 27 28 32 34 36 38 44 45 48 50 51 54 58 59 62 65 66 67 68 71 72 74 77 79 81 85 89 99
28 36 : 1 9 12 14 15 22 24 25 29 34 35 38 40 42 43 45 47 55 56 57 58 64 65 70 74 76 77 78 79 84 85 88 90 93 94 97
29 34 : 3 4 6 10 12 15 19 23 27 28 32 37 40 41 42 47 51 52 53 59 60 61 64 70 71 73 83 84 85 87 89 93 94 96
30 35 : 0 3 4 6 10 12 19 23 26 27 28 36 40 42 49 51 52 54 56 60 62 64 68 70 71 73 74 83 84 85 87 93 96 97 98
31 36 : 0 8 12 15 18 19 21 22 24 27 28 29 30 31 33 40 44 49 50 51 53 55 56 59 61 63 66 68 75 78 80 81 83 85 91 95
32 35 : 3 4 6 9 10 12 13 16 19 23 25 27 35 37 40 42 45 49 51 52 53 56 60 65 68 70 71 73 77 78 83 85 89 93 97
33 35 : 4 5 6 9 21 25 27 29 32 37 40 41 46 47 48 49 51 52 54 57 58 69 71 72 76 78 80 83 85 86 87 91 95 96 98
34 36 : 0 1 5 6 10 19 20 22 25 32 36 37 40 43 46 47 50 52 60 62 68 71 73 74 76 78 80 81 82 84 85 90 91 94 97 98
35 36 : 0 6 7 8 13 17 22 23 31 33 36 38 40 42 43 44 47 52 54 56 58 60 63 64 65 68 74 76 79 80 82 83 85 90 95 97
36 35 : 3 6 8 12 13 14 16 18 20 26 27 28 29 32 42 44 46 49 52 53 55 57 63 64 66 70 73 74 77 82 83 84 89 92 95
37 36 : 0 3 6 7 20 25 31 35 36 37 41 42 44 48 49 51 53 54 56 58 59 60 61 64 72 75 76 77 78 79 87 89 93 96 97 98
38 36 : 4 7 10 13 20 21 23 24 26 27 29 31 32 33 34 36 38 41 44 49 50 51 53 58 60 65 67 69 70 71 80 83 86 87 91 94
39 35 : 1 3 6 14 15 17 19 21 23 26 27 31 32 33 36 38 40 42 43 44 45 47 53 54 55 60 66 70 72 73 75 77 79 88 98
40 36 : 6 7 8 10 11 16 17 18 19 23 24 27 30 32 33 35 37 38 40 41 42 47 49 52 58 59 64 69 76 80 81 83 84 97 98 99
41 35 : 1 3 4 9 14 17 18 21 23 24 27 29 34 36 37 40 41 42 46 47 49 50 56 60 65 69 73 76 83 84 85 88 93 97 99
42 36 : 0 1 2 5 9 13 17 22 24 25 27 36 41 42 43 44 46 51 52 59 60 64 65 70 73 76 80 83 84 87 89 93 94 95 98 99
43 36 : 1 4 8 9 11 15 19 22 24 26 27 28 34 35 36 39 41 43 44 46 51 53 57 59 64 66 67 71 72 73 77 87 89 92 96 99
44 35 : 0 1 4 5 12 13 20 24 28 31 33 34 43 46 47 48 50 52 56 58 62 63 65 67 68 69 70 71 72 75 76 84 92 94 98
45 36 : 0 2 4 6 8 10 11 15 16 18 24 31 33 35 37 42 43 44 47 52 56 62 65 67 69 74 75 79 81 82 85 89 92 93 94 98
46 35 : 0 2 4 9 10 17 18 21 24 27 28 34 37 38 39 43 44 48 53 57 60 61 63 64 68 69 71 72 73 81 86 88 96 98 99
47 35 : 0 2 3 4 6 9 10 12 13 15 17 22 26 34 36 38 39 41 42 47 48 51 53 56 62 67 68 70 72 76 77 78 86 90 99
48 36 : 0 2 3 6 8 9 10 11 22 25 28 29 34 35 37 39 42 45 47 49 50 52 62 69 71 72 75 78 79 80 84 85 87 93 94 97
49 35 : 0 5 8 16 18 22 23 26 27 28 29 30 33 35 38 39 42 46 48 49 51 52 56 60 67 68 73 74 76 78 81 82 86 92 96
50 36 : 0 3 5 6 9 13 14 15 16 17 20 21 23 29 32 36 38 39 47 49 50 52 59 60 63 65 66 71 72 73 77 87 88 89 96 97
51 36 : 3 4 9 15 18 25 27 30 32 35 38 39 41 47 48 49 52 53 56 58 62 79 82 83 84 85 86 87 89 90 91 92 93 94 96 99
52 35 : 2 7 9 10 11 12 15 17 18 20 22 25 32 33 38 39 44 52 55 57 59 60 61 62 71 73 74 78 80 83 84 85 86 88 90
53 35 : 6 7 14 19 24 25 26 31 33 37 38 41 42 49 51 54 55 56 57 62 63 67 70 72 83 84 85 88 90 91 92 93 95 97 98
54 35 : 4 7 11 13 16 20 22 26 36 37 42 46 48 49 52 54 55 60 61 62 63 67 68 69 73 74 76 78 79 81 83 84 86 89 96
55 35 : 1 4 5 6 14 23 26 29 30 33 35 36 38 40 46 50 53 55 58 62 68 70 71 73 76 77 83 84 86 88 91 92 96 97 98
56 35 : 1 3 6 9 11 13 17 21 25 26 27 34 35 38 40 43 45 47 51 59 61 64 65 66 68 71 75 79 83 89 90 92 93 96 99
57 35 : 0 1 2 3 5 7 14 15 16 17 18 29 30 33 37 43 46 48 49 53 57 61 62 65 66 67 73 74 80 83 84 88 94 95 97
58 35 : 2 13 14 15 16 17 18 19 21 25 27 29 31 34 36 37 38 40 42 49 50 51 52 53 55 56 60 62 63 78 83 86 87 93 94
59 35 : 3 4 7 8 10 21 22 23 24 25 27 31 32 40 45 49 51 52 54 55 61 62 65 72 73 77 82 85 86 88 89 94 97 98 99
60 35 : 0 2 6 11 15 19 22 23 25 26 27 28 29 31 32 35 36 37 38 42 51 54 56 58 59 66 67 74 80 88 90 91 95 97 99
61 35 : 3 8 9 12 15 21 29 30 33 40 42 43 44 46 47 50 51 52 63 64 65 68 69 72 73 74 76 77 85 87 90 91 95 96 98
62 35 : 0 2 3 5 9 12 13 15 17 21 23 26 29 30 31 36 39 40 42 44 47 51 52 55 56 68 77 78 85 86 87 89 96 98 99
63 35 : 0 1 2 3 4 6 8 12 14 19 23 26 27 29 31 36 42 47 49 50 53 54 61 65 66 70 74 78 82 83 84 85 88 90 94
64 35 : 1 4 5 10 11 13 20 21 22 23 29 31 34 36 39 40 42 43 45 49 51 55 58 59 66 69 70 72 74 81 83 87 88 93 98
65 35 : 3 4 6 9 12 16 17 19 21 24 26 29 34 38 39 41 46 49 51 54 57 61 68 69 72 77 79 81 84 85 88 93 96 97 99
66 35 : 7 11 14 17 18 22 23 25 27 28 29 31 34 35 37 41 44 48 53 58 59 64 70 71 72 75 78 83 84 86 87 88 91 93 99
67 35 : 1 9 11 12 15 21 24 26 27 31 34 36 46 48 49 51 52 57 64 65 67 71 72 73 77 78 83 85 88 89 91 93 94 95 97
68 35 : 1 3 12 16 17 19 20 21 25 32 33 34 37 39 48 50 53 55 59 62 63 65 70 73 74 75 77 78 82 89 91 92 94 96 97
69 35 : 1 3 6 8 11 13 16 17 19 20 23 24 25 26 28 29 31 32 33 39 40 43 51 52 66 69 71 72 79 81 82 85 86 93 99
70 35 : 0 2 4 5 7 12 15 18 28 29 33 34 36 38 40 43 45 49 50 52 53 56 64 66 69 71 72 76 84 85 93 94 97 98 99
71 35 : 2 5 7 9 13 16 19 24 27 29 30 35 36 40 44 45 46 47 48 50 54 56 57 59 62 65 70 71 74 75 76 80 85 86 87
72 35 : 4 6 7 10 13 15 17 19 27 28 31 32 37 39 40 43 45 53 54 59 63 67 70 71 72 82 83 85 86 87 88 91 92 93 95
73 35 : 0 1 3 5 8 12 15 16 18 23 24 28 29 32 33 34 39 40 42 44 48 55 59 60 61 63 64 65 70 76 81 82 88 95 97
74 35 : 7 8 16 21 22 23 24 25 31 32 33 35 41 47 48 51 52 57 58 61 62 64 65 66 67 71 73 75 78 80 82 84 93 96 97
75 35 : 1 5 6 11 16 26 27 29 31 35 37 38 40 41 46 50 52 57 58 59 62 63 66 68 69 78 85 86 87 88 91 92 93 94 99
76 35 : 3 4 5 8 10 15 21 23 24 25 27 29 30 33 34 35 37 43 48 52 53 55 57 60 62 64 69 77 79 83 87 89 91 97 98
77 35 : 0 1 2 4 5 8 11 15 19 22 25 26 32 33 35 36 37 39 47 48 49 50 55 56 57 58 59 77 80 82 86 88 90 92 96
78 35 : 6 10 16 17 18 19 20 24 25 26 30 34 35 37 41 42 50 53 54 56 57 58 59 61 68 71 72 73 74 75 83 87 88 91 99
79 35 : 2 8 11 13 17 20 22 26 29 30 35 36 39 40 42 43 44 52 54 56 58 60 61 67 68 71 73 75 77 82 83 86 88 95 97
80 35 : 4 6 8 12 21 23 25 27 30 37 38 42 46 49 50 52 53 54 57 58 59 62 63 68 72 73 74 77 80 82 88 89 91 93 95
81 35 : 2 17 18 19 22 23 26 27 30 32 33 34 37 39 42 43 49 54 56 61 62 69 70 73 76 78 79 84 85 87 88 90 92 96 99
82 35 : 1 4 5 7 8 10 14 24 26 31 33 34 35 41 44 48 54 57 61 62 64 67 68 69 73 76 78 82 84 85 86 88 91 92 96
83 35 : 3 4 5 6 10 12 15 16 19 21 27 30 32 37 39 40 42 45 48 51 52 56 60 68 71 73 77 83 84 85 87 93 94 96 98
84 35 : 2 6 8 10 13 14 17 20 23 25 29 31 33 36 40 47 48 49 53 54 57 61 63 64 67 68 71 77 83 85 91 93 94 98 99
85 34 : 1 2 3 4 6 8 9 12 19 23 25 26 27 32 37 40 42 45 51 52 58 60 68 70 71 73 83 84 85 87 93 96 98 99
86 35 : 0 1 10 11 12 17 18 19 21 23 26 29 30 34 46 47 54 55 56 59 60 64 68 70 72 73 79 80 82 83 87 90 93 97 99
87 34 : 3 4 6 9 10 12 19 23 24 27 33 37 42 44 45 51 52 56 58 59 61 67 68 71 73 76 78 83 84 85 87 93 96 98
88 36 : 3 4 6 11 12 13 19 20 21 22 23 26 27 28 37 40 42 48 49 51 56 57 60 68 70 71 73 79 83 84 85 87 91 93 96 98
89 35 : 0 4 7 10 11 15 16 18 19 21 29 30 33 37 38 41 43 46 47 50 51 53 58 59 60 61 62 70 72 73 77 81 87 92 97
90 35 : 3 7 9 12 14 16 18 21 29 32 33 42 43 45 46 48 52 57 60 61 62 63 67 68 69 72 73 74 77 80 83 88 93 97 99
91 35 : 2 3 6 7 11 14 15 16 18 21 25 30 31 35 37 40 45 46 49 50 53 54 57 62 65 67 68 74 75 77 86 87 90 92 97
92 35 : 0 1 3 6 10 14 18 23 24 27 29 32 33 40 42 43 44 49 51 55 57 59 60 62 63 74 75 78 82 84 88 90 92 96 99
93 35 : 1 6 7 14 16 21 23 25 27 28 30 31 34 38 45 46 49 51 52 55 56 57 62 65 69 70 71 72 79 82 84 88 90 93 96
94 35 : 1 2 3 8 13 18 20 21 22 24 29 31 32 34 36 38 41 42 43 45 46 47 50 52 59 60 61 63 64 67 70 73 77 82 92
95 35 : 6 16 18 19 20 22 25 30 31 32 38 39 42 43 46 51 55 59 60 62 63 69 71 72 76 77 81 86 87 88 92 93 94 96 98
96 35 : 0 2 4 7 8 10 12 14 17 29 30 32 34 35 37 42 49 50 52 54 64 66 67 71 74 77 78 80 83 86 87 90 93 96 97
97 35 : 2 6 8 11 15 19 22 23 25 26 30 32 43 46 48 53 54 57 63 64 66 74 80 83 84 87 88 89 90 91 92 96 97 98 99
98 35 : 3 4 8 9 10 11 12 13 16 17 19 20 22 24 25 28 36 37 42 48 50 51 55 60 64 72 77 78 81 82 84 86 92 93 97
99 35 : 0 1 3 7 10 13 15 19 26 28 29 43 48 53 54 55 61 64 65 66 69 72 74 76 80 81 84 86 88 90 91 93 94 96 99
100 35 : 0 2 4 6 7 11 15 17 18 19 23 25 26 34 37 40 43 57 59 62 63 65 66 68 70 72 77 79 81 82 83 88 90 91 93
101 35 : 1 2 4 5 7 8 10 12 13 18 20 22 28 29 33 34 42 44 45 49 50 51 55 56 58 65 66 68 76 80 83 87 90 93 98
102 35 : 0 3 4 5 8 12 17 18 20 29 30 32 34 37 41 44 48 49 53 57 58 61 63 66 72 74 78 79 81 84 88 89 93 98 99
103 35 : 1 2 3 5 10 11 15 16 19 20 23 24 27 29 31 35 37 40 42 43 50 55 56 58 60 62 66 71 72 78 79 89 90 93 95
104 35 : 0 2 4 5 8 14 19 21 23 25 27 29 31 32 33 41 49 51 58 61 66 70 71 73 76 77 78 81 84 87 91 92 93 98 99
105 35 : 2 6 11 15 16 18 22 24 30 31 37 40 42 44 50 51 64 66 67 69 70 75 76 79 81 82 83 84 86 87 88 90 91 92 95
106 35 : 0 1 3 4 6 7 8 10 11 20 27 30 33 35 47 48 51 53 56 58 59 60 61 62 64 65 69 73 74 80 82 84 85 87 99
107 35 : 5 7 10 13 20 27 28 30 31 38 39 41 42 44 45 51 53 54 57 58 62 63 68 73 74 75 81 83 84 85 87 89 93 94 95
108 35 : 0 2 3 10 11 12 13 14 18 19 20 25 27 30 32 38 43 44 45 48 50 52 54 56 61 62 65 73 78 80 81 84 85 86 96
109 35 : 2 4 6 7 9 15 16 19 23 24 25 33 35 48 55 56 57 58 59 60 61 62 63 67 75 79 82 83 86 88 91 93 97 98 99
110 35 : 3 6 7 8 22 24 26 30 39 41 43 44 46 47 48 49 51 52 55 56 59 62 63 72 75 78 79 80 82 84 93 94 95 97 99
111 35 : 2 4 7 8 11 16 18 19 21 27 28 29 31 40 43 44 48 51 53 55 57 61 64 65 71 75 76 79 83 90 91 92 93 94 95
112 35 : 9 10 12 14 20 23 32 34 36 37 38 47 49 54 55 57 59 60 61 62 63 65 66 67 68 81 83 84 89 91 92 93 94 97 99
113 35 : 1 7 12 15 17 19 22 27 28 29 31 34 35 42 47 48 51 58 60 66 68 70 71 72 76 79 80 81 84 85 86 92 95 96 97
114 35 : 6 12 13 14 18 23 26 28 29 35 40 44 47 48 51 52 55 57 59 60 61 64 65 75 76 78 79 81 83 86 87 88 90 96 97
115 35 : 2 5 6 9 11 12 13 17 22 26 29 30 40 44 45 46 50 51 52 54 62 67 69 71 75 76 81 84 86 87 88 89 91 95 97
116 35 : 1 3 5 10 11 12 18 20 22 23 24 28 30 32 37 51 53 54 55 57 59 61 64 65 67 71 72 77 78 82 85 86 88 90 97
117 36 : 2 3 4 6 10 11 12 14 19 23 27 29 30 37 40 42 44 46 51 52 53 56 60 65 68 70 71 73 77 80 83 84 85 87 95 96
118 35 : 0 3 4 5 12 18 20 22 23 24 27 33 34 40 42 44 45 47 48 52 53 55 57 60 74 76 79 81 82 86 88 90 91 95 96
119 35 : 1 5 7 11 12 14 21 31 32 40 42 43 46 48 50 53 62 64 67 69 70 71 72 73 74 75 84 85 89 90 93 94 95 96 99
120 35 : 3 4 5 6 8 9 12 14 17 18 21 22 29 34 39 42 44 46 48 51 54 59 60 61 66 67 72 75 79 86 87 91 92 93 94
121 35 : 12 17 19 21 22 23 28 32 34 35 37 39 40 43 45 46 48 50 55 56 65 67 69 73 74 77 79 80 82 86 87 90 94 95 98
122 35 : 0 8 9 11 13 15 18 22 26 35 37 38 41 43 44 45 47 48 49 51 57 58 60 61 63 65 66 68 69 76 77 82 83 87 93
123 35 : 2 3 5 6 7 27 28 30 31 33 36 39 40 41 49 51 52 60 61 62 63 67 68 69 70 71 74 77 80 81 83 85 90 94 99
124 35 : 1 2 6 11 12 15 25 27 28 31 35 37 44 48 54 56 59 63 69 73 74 75 76 77 79 81 84 85 87 89 92 93 95 96 99
125 35 : 0 2 3 5 7 9 10 12 16 23 24 27 32 38 41 42 44 49 53 57 59 68 69 71 73 74 75 76 77 82 87 91 93 94 95
126 35 : 0 4 6 7 9 12 16 19 25 28 34 37 39 44 45 48 51 52 55 58 60 66 67 69 71 72 76 79 80 82 90 91 95 98 99
127 35 : 0 7 8 13 19 21 23 29 31 32 34 39 41 47 55 56 58 59 63 64 65 67 75 76 78 80 85 87 88 90 92 93 95 98 99
128 35 : 3 4 6 10 12 13 18 19 23 27 35 37 40 42 44 47 51 52 56 60 67 68 70 73 84 85 86 87 89 91 93 95 96 97 99
129 35 : 1 6 8 10 12 14 17 18 23 29 34 36 38 41 52 53 54 55 56 57 58 61 62 64 68 76 77 80 82 83 84 91 94 96 98
130 35 : 0 2 12 15 16 19 20 23 24 28 30 33 36 39 44 46 48 51 58 59 61 64 66 67 68 70 71 81 87 89 91 93 94 95 97
131 35 : 1 2 6 11 13 17 18 20 21 30 31 32 39 40 41 42 43 44 47 49 51 52 56 57 61 62 68 71 74 81 82 87 89 95 96
132 35 : 3 6 12 13 14 26 30 33 34 38 44 46 50 54 59 63 65 68 74 78 80 81 82 83 86 87 88 89 90 92 93 94 97 98 99
133 35 : 7 8 10 13 15 18 22 23 27 28 31 32 33 40 44 46 50 54 56 59 60 62 73 74 75 76 81 82 83 86 89 90 91 96 98
134 35 : 3 7 10 11 12 16 17 20 22 25 31 35 41 42 43 46 55 57 59 60 61 68 70 72 75 78 83 84 85 90 91 94 96 98 99
135 35 : 3 4 6 7 8 10 12 14 22 23 27 36 37 40 41 42 43 49 51 52 53 56 60 68 70 71 73 83 84 85 89 90 93 95 96
136 35 : 1 3 6 7 10 14 19 21 22 23 25 28 29 32 39 41 43 48 49 56 57 58 61 64 65 68 69 74 76 83 85 88 89 96 97
137 35 : 4 9 13 17 20 22 24 25 31 32 35 37 38 40 42 43 50 51 56 59 60 62 70 73 74 77 78 80 84 85 86 90 94 96 98
138 34 : 3 4 6 11 16 18 19 23 27 35 37 38 40 42 44 45 47 51 54 56 60 68 70 71 73 74 75 83 84 85 87 90 96 98
139 35 : 0 3 10 12 15 17 23 24 28 34 36 38 39 40 41 44 46 47 50 51 53 56 65 68 74 75 81 82 83 85 86 91 92 93 99
140 35 : 2 3 6 13 14 18 21 23 25 26 28 30 41 45 46 47 53 54 55 56 59 60 61 62 65 74 76 78 80 81 84 88 91 93 96
141 35 : 2 4 5 6 12 14 18 23 24 25 32 34 37 39 40 41 51 52 56 59 62 65 68 69 73 74 77 81 85 89 90 92 93 97 99
142 35 : 2 4 9 10 19 21 22 24 25 26 27 28 32 34 38 42 43 45 55 58 60 62 65 68 71 73 75 80 81 84 89 91 92 93 97
143 35 : 1 9 10 11 16 19 20 21 23 26 28 31 35 36 37 38 44 45 53 56 63 64 67 68 72 73 75 76 77 86 87 90 92 93 96
144 35 : 0 2 8 9 14 16 18 19 22 23 24 29 38 47 48 52 69 74 75 76 77 78 79 80 81 82 83 84 87 90 92 94 95 96 99
145 35 : 8 11 12 24 25 27 28 30 31 33 35 36 39 43 50 51 52 53 55 56 57 58 67 68 70 71 73 78 80 85 87 90 92 93 97
146 35 : 3 4 6 10 12 23 24 27 33 37 42 46 49 50 51 52 54 56 60 62 67 68 70 71 73 78 79 83 84 85 87 89 93 95 96
147 35 : 6 8 13 14 15 16 25 26 27 28 30 33 40 44 46 52 55 58 63 64 65 70 73 75 76 78 80 83 84 85 86 87 94 96 97
148 35 : 3 5 8 9 10 12 14 15 21 22 27 29 30 38 39 40 42 44 46 49 59 61 63 65 66 73 74 78 80 89 90 92 96 97 98
149 35 : 1 4 6 7 9 11 12 13 14 15 16 17 20 23 24 27 32 36 41 43 45 46 50 52 56 59 62 64 69 74 77 82 84 92 93
150 35 : 1 4 6 8 10 14 15 16 25 26 27 29 39 42 43 45 46 47 53 55 61 63 65 67 68 71 75 76 81 84 85 89 93 94 98
151 35 : 1 3 4 9 12 15 16 20 24 28 30 35 43 45 49 50 53 55 56 59 62 63 64 66 68 73 74 78 80 81 86 91 93 94 96
152 35 : 1 3 4 6 7 12 13 17 18 20 21 24 30 31 34 38 40 52 55 58 59 61 63 64 66 68 72 77 85 86 89 90 96 98 99
153 35 : 5 13 18 19 27 28 30 32 34 37 38 39 40 43 55 56 57 60 62 63 68 69 71 76 77 79 81 84 86 88 93 94 96 98 99
154 35 : 0 2 4 9 13 20 22 23 25 26 27 30 34 35 41 43 48 49 53 56 59 60 74 75 76 77 78 82 84 85 87 89 91 93 97
155 35 : 6 7 9 11 12 13 14 17 22 23 25 32 34 35 46 48 53 60 63 68 70 71 72 73 75 76 77 78 81 82 88 91 93 95 96
156 35 : 3 5 6 9 16 17 18 20 23 25 28 29 36 37 39 42 49 50 51 52 57 64 65 66 67 70 72 80 81 82 85 87 92 93 94
157 35 : 0 1 2 6 10 15 20 23 31 33 35 36 38 45 46 47 50 56 59 63 65 66 74 78 79 82 83 84 85 87 90 91 93 97 99
158 35 : 1 4 5 10 13 15 24 27 30 34 35 37 38 39 40 45 52 54 56 59 60 62 64 65 68 70 72 73 75 76 80 81 85 95 96
159 35 : 1 2 3 8 9 10 15 22 23 26 27 28 33 34 37 38 41 43 46 58 61 63 66 67 68 71 73 79 80 83 87 89 92 94 96
160 35 : 0 2 3 10 11 14 15 16 25 27 37 38 41 43 45 46 52 54 55 56 57 59 64 65 68 69 71 75 76 78 79 81 83 87 99
161 35 : 1 3 8 9 10 15 16 19 22 26 32 36 39 40 42 44 45 48 52 53 55 68 71 72 73 74 75 80 82 85 87 93 95 98 99
162 35 : 8 11 14 16 19 20 21 27 30 36 42 45 47 54 56 57 59 63 66 72 73 74 75 79 82 83 84 85 86 87 88 89 90 96 98
163 35 : 0 1 2 3 7 9 10 14 16 19 21 27 30 31 35 36 40 42 50 51 64 65 66 69 71 75 76 79 84 85 87 91 93 95 96
164 35 : 2 3 7 10 12 14 15 16 17 18 20 26 36 38 39 40 50 51 57 59 60 64 65 67 68 72 74 76 79 83 84 86 87 97 98
165 35 : 2 9 11 14 16 18 23 27 29 34 35 38 39 40 43 47 54 55 56 57 58 61 63 64 66 70 76 78 84 85 88 92 93 96 99
166 35 : 1 2 6 7 9 11 16 20 22 23 24 26 27 31 33 35 40 41 42 43 44 50 58 60 63 64 68 73 74 75 78 81 83 87 90
167 35 : 3 7 11 12 17 24 25 26 29 31 41 42 43 44 45 49 50 54 57 60 61 68 70 72 74 75 77 81 83 85 86 87 92 93 96
168 35 : 1 8 9 10 11 18 19 22 24 26 28 33 34 41 42 49 50 56 57 58 60 61 64 65 69 70 71 75 77 83 85 89 90 97 98
169 35 : 8 10 16 17 26 33 34 35 37 41 42 43 46 48 55 60 61 65 68 69 71 72 73 74 75 79 84 85 87 88 89 92 93 97 98
170 35 : 1 2 5 6 9 10 11 17 20 22 24 26 28 29 34 35 45 46 47 51 52 53 54 57 61 62 64 66 72 74 76 77 82 84 91
171 35 : 0 8 10 13 15 17 19 20 23 26 27 30 33 34 35 37 39 42 44 45 47 51 53 57 58 65 68 89 90 91 92 93 94 95 98
172 35 : 0 1 2 6 9 11 13 15 19 20 21 23 24 28 30 33 37 38 39 41 45 48 50 52 55 57 58 64 66 71 74 80 81 87 89
173 35 : 0 1 4 6 8 11 12 21 23 25 28 30 32 39 41 42 45 47 53 54 57 60 63 65 66 67 68 71 75 76 78 79 89 94 95
174 35 : 1 2 5 8 10 12 16 17 21 23 31 34 37 38 40 41 44 49 52 54 56 62 65 66 71 76 80 82 84 89 92 93 95 96 99
175 35 : 4 5 6 11 12 13 14 16 18 19 21 25 33 37 42 47 50 53 54 58 66 67 68 70 73 74 76 77 85 91 92 93 94 95 96
176 35 : 0 3 7 14 17 26 27 29 33 37 42 44 47 50 51 60 66 67 68 71 72 75 78 81 82 83 86 87 88 89 90 91 92 93 99
177 35 : 0 3 7 12 13 19 24 32 36 37 38 39 44 46 48 49 51 53 54 60 63 64 69 72 78 79 80 81 83 84 85 89 94 95 98
178 35 : 2 4 5 8 10 13 17 20 21 23 24 25 27 31 32 39 42 46 47 48 50 51 53 55 59 71 73 74 76 79 80 84 89 90 96
179 35 : 0 1 3 4 6 10 11 12 13 19 21 29 30 37 41 42 51 52 56 60 68 69 70 71 72 73 75 76 79 83 85 86 90 93 96
180 35 : 0 3 5 8 11 13 14 17 20 23 29 30 32 33 41 45 47 49 50 51 52 64 66 70 76 78 80 82 83 85 87 88 93 98 99
181 34 : 0 1 5 6 7 16 17 19 20 21 23 30 33 34 35 36 38 39 42 49 50 51 56 62 63 65 70 71 75 80 82 90 91 99
182 35 : 2 5 6 8 9 12 14 17 20 25 32 35 37 40 41 47 52 54 55 57 62 66 69 72 73 75 76 77 79 82 86 88 93 96 98
183 35 : 0 1 2 3 5 11 13 14 16 20 22 30 34 35 36 42 45 47 48 50 51 52 53 56 60 68 74 77 78 84 85 89 92 97 99
184 35 : 3 4 6 10 12 14 19 23 27 28 30 33 37 40 41 42 44 51 52 56 58 60 63 68 70 71 73 78 79 84 85 87 93 95 96
185 35 : 4 5 6 10 11 13 14 16 17 27 30 39 40 41 42 44 46 49 52 53 56 60 66 67 68 69 73 81 82 83 84 90 93 95 96
186 35 : 2 13 17 20 25 26 28 31 32 34 35 36 38 42 44 45 46 47 50 51 56 58 62 67 70 72 75 78 80 85 86 88 90 91 96
187 34 : 3 4 6 9 10 12 13 14 15 19 23 27 30 32 36 37 42 45 51 52 56 60 61 68 69 70 71 73 79 83 84 85 87 93
188 35 : 1 5 11 15 17 18 20 25 26 30 33 35 37 40 42 45 48 56 59 60 62 63 68 70 71 72 75 79 85 87 91 92 93 95 96
189 35 : 0 3 4 5 9 11 14 17 23 26 28 30 34 36 37 45 46 48 49 51 53 54 56 57 58 63 70 72 73 79 81 82 87 91 94
190 35 : 1 3 4 5 9 10 11 19 21 23 28 42 45 52 56 58 59 60 65 69 72 73 76 78 79 82 84 86 87 88 92 93 94 97 98
191 35 : 0 1 3 6 8 9 15 19 20 21 28 31 32 33 39 44 47 53 55 56 58 60 63 66 69 71 73 75 80 83 86 89 90 91 93
192 35 : 0 3 4 5 8 11 18 19 22 23 24 25 28 29 33 35 36 37 41 50 51 54 60 67 68 69 73 75 77 81 84 85 94 95 98
193 33 : 0 1 3 6 10 12 16 19 20 23 27 28 40 42 44 49 51 52 56 60 61 63 64 68 70 71 73 80 83 84 90 93 96
194 35 : 0 1 5 6 10 11 14 22 24 29 34 36 42 43 45 51 59 60 63 64 67 68 69 71 79 81 82 84 86 89 91 92 93 96 99
195 35 : 2 7 11 18 21 23 28 31 33 37 38 39 40 41 44 45 46 53 55 56 62 63 66 68 69 77 78 83 84 86 87 89 93 95 97
196 35 : 1 2 5 9 10 12 13 14 17 22 26 32 38 40 43 45 49 50 51 52 55 56 57 63 65 73 74 79 80 81 88 93 94 96 98
197 35 : 6 10 11 13 19 21 26 29 30 31 33 34 36 37 44 45 47 48 49 51 52 54 57 65 68 69 70 78 79 80 83 89 93 94 99
198 35 : 8 9 14 19 20 21 26 29 32 37 38 39 40 42 45 46 47 54 56 58 64 66 67 68 69 70 73 75 78 81 84 88 94 96 98
199 35 : 1 5 9 12 13 22 27 31 32 39 41 42 46 49 50 52 53 56 58 61 64 67 70 71 72 75 78 79 81 83 85 86 92 93 96
