N C E M
200 367 19900 3980
Opt_part_L_size, Opt_part_R_size, Opt_number_of_colors
30 170 29
N of L changes = 7
Min number of labels in a vertice, Max number of labels in a vertice
32 36
Solution Set
322(2) 165(3) 346(3) 67(4) 174(4) 20(5) 109(5) 164(55) 98(56) 178(57) 274(58) 193(59) 257(60) 236(61) 209(61) 126(63) 223(63) 320(67) 56(68) 215(69) 84(70) 315(71) 308(71) 361(74) 259(75) 71(75) 162(76) 237(77) 265(85) 
Number of edges by Color (l n)
0 265 85
1 237 77
2 162 76
3 71 75
4 259 75
5 361 74
6 308 71
7 315 71
8 84 70
9 215 69
10 56 68
11 320 67
12 126 63
13 223 63
14 209 61
15 236 61
16 257 60
17 193 59
18 274 58
19 178 57
20 98 56
21 164 55
22 345 14
23 42 13
24 195 13
25 342 13
26 138 12
27 143 12
28 246 12
29 287 12
30 338 12
31 21 11
32 31 11
33 90 11
34 105 11
35 116 11
36 139 11
37 179 11
38 273 11
39 283 11
40 0 10
41 1 10
42 3 10
43 19 10
44 86 10
45 91 10
46 129 10
47 151 10
48 153 10
49 158 10
50 180 10
51 188 10
52 216 10
53 227 10
54 232 10
55 235 10
56 268 10
57 280 10
58 293 10
59 295 10
60 319 10
61 332 10
62 11 9
63 16 9
64 18 9
65 23 9
66 27 9
67 45 9
68 48 9
69 53 9
70 63 9
71 95 9
72 99 9
73 102 9
74 106 9
75 108 9
76 118 9
77 122 9
78 131 9
79 147 9
80 156 9
81 166 9
82 173 9
83 175 9
84 204 9
85 207 9
86 220 9
87 221 9
88 233 9
89 249 9
90 250 9
91 255 9
92 278 9
93 282 9
94 284 9
95 294 9
96 299 9
97 305 9
98 317 9
99 318 9
100 321 9
101 325 9
102 330 9
103 337 9
104 356 9
105 2 8
106 5 8
107 6 8
108 8 8
109 9 8
110 10 8
111 25 8
112 26 8
113 38 8
114 40 8
115 41 8
116 44 8
117 51 8
118 59 8
119 61 8
120 62 8
121 74 8
122 78 8
123 80 8
124 88 8
125 92 8
126 96 8
127 100 8
128 107 8
129 111 8
130 114 8
131 120 8
132 123 8
133 130 8
134 136 8
135 140 8
136 141 8
137 145 8
138 150 8
139 152 8
140 163 8
141 167 8
142 169 8
143 170 8
144 171 8
145 181 8
146 182 8
147 183 8
148 185 8
149 189 8
150 190 8
151 191 8
152 210 8
153 213 8
154 225 8
155 226 8
156 281 8
157 300 8
158 310 8
159 314 8
160 316 8
161 326 8
162 327 8
163 336 8
164 4 7
165 12 7
166 13 7
167 22 7
168 28 7
169 30 7
170 32 7
171 35 7
172 36 7
173 37 7
174 43 7
175 50 7
176 54 7
177 57 7
178 60 7
179 64 7
180 66 7
181 68 7
182 73 7
183 75 7
184 81 7
185 82 7
186 85 7
187 93 7
188 97 7
189 103 7
190 110 7
191 113 7
192 121 7
193 124 7
194 128 7
195 133 7
196 134 7
197 135 7
198 142 7
199 146 7
200 159 7
201 160 7
202 161 7
203 168 7
204 184 7
205 198 7
206 200 7
207 202 7
208 208 7
209 214 7
210 217 7
211 219 7
212 224 7
213 229 7
214 230 7
215 240 7
216 241 7
217 242 7
218 243 7
219 245 7
220 247 7
221 248 7
222 252 7
223 254 7
224 264 7
225 267 7
226 269 7
227 271 7
228 275 7
229 276 7
230 292 7
231 296 7
232 298 7
233 301 7
234 302 7
235 309 7
236 347 7
237 349 7
238 352 7
239 359 7
240 362 7
241 7 6
242 17 6
243 24 6
244 29 6
245 39 6
246 46 6
247 47 6
248 52 6
249 55 6
250 65 6
251 70 6
252 72 6
253 83 6
254 89 6
255 94 6
256 101 6
257 112 6
258 115 6
259 117 6
260 125 6
261 127 6
262 132 6
263 137 6
264 144 6
265 149 6
266 155 6
267 157 6
268 172 6
269 176 6
270 177 6
271 186 6
272 187 6
273 192 6
274 199 6
275 201 6
276 211 6
277 212 6
278 218 6
279 234 6
280 238 6
281 244 6
282 251 6
283 253 6
284 256 6
285 260 6
286 262 6
287 263 6
288 266 6
289 270 6
290 272 6
291 277 6
292 279 6
293 286 6
294 288 6
295 289 6
296 291 6
297 297 6
298 306 6
299 307 6
300 311 6
301 313 6
302 323 6
303 324 6
304 335 6
305 340 6
306 341 6
307 343 6
308 344 6
309 348 6
310 350 6
311 351 6
312 360 6
313 363 6
314 364 6
315 366 6
316 15 5
317 20 5
318 33 5
319 34 5
320 49 5
321 58 5
322 69 5
323 76 5
324 77 5
325 87 5
326 104 5
327 109 5
328 119 5
329 148 5
330 194 5
331 205 5
332 206 5
333 231 5
334 239 5
335 258 5
336 290 5
337 303 5
338 312 5
339 328 5
340 329 5
341 331 5
342 334 5
343 339 5
344 354 5
345 357 5
346 365 5
347 14 4
348 67 4
349 79 4
350 154 4
351 174 4
352 196 4
353 197 4
354 203 4
355 228 4
356 261 4
357 285 4
358 333 4
359 353 4
360 355 4
361 358 4
362 165 3
363 222 3
364 304 3
365 346 3
366 322 2
Label List by vertices (vertice Id, Number of labels : set of labels
0 35 : 0 1 32 38 43 45 46 56 62 71 78 80 84 98 111 112 118 125 157 162 164 174 178 186 215 257 259 265 274 279 295 329 335 347 353
1 35 : 0 5 16 38 44 49 78 80 84 92 96 98 100 105 107 111 123 137 168 193 202 211 218 221 233 236 259 294 301 304 316 320 328 350 352
2 35 : 16 24 37 48 56 59 68 71 92 100 102 105 114 120 126 136 146 153 156 167 215 236 237 240 241 259 262 265 271 280 284 297 301 330 366
3 35 : 9 12 38 41 51 60 71 80 87 98 106 110 121 155 158 164 173 176 177 187 215 246 248 250 259 282 285 291 313 315 316 325 327 338 361
4 34 : 6 32 50 56 63 71 84 93 98 126 154 162 175 178 193 209 215 223 232 236 237 239 251 252 259 265 280 286 308 315 320 338 352 361
5 35 : 1 34 56 59 74 84 88 103 136 159 162 163 164 171 188 193 204 218 221 225 226 237 241 243 268 282 287 292 305 306 310 320 352 359 361
6 35 : 16 18 40 49 56 63 71 73 86 93 98 116 125 129 152 161 167 179 184 186 193 198 216 229 243 262 287 290 308 314 315 336 345 350 365
7 33 : 3 10 56 66 74 84 98 99 126 143 145 152 162 164 178 192 193 209 215 223 236 237 257 259 265 274 308 315 320 335 343 359 361
8 34 : 0 14 40 46 56 81 84 95 123 124 129 131 143 151 163 167 169 191 195 209 214 236 237 254 257 259 277 289 297 303 306 310 341 343
9 34 : 1 31 56 63 67 71 81 88 122 126 158 160 162 164 168 178 193 197 209 215 223 237 243 257 258 259 265 274 292 302 308 315 320 361
10 35 : 3 5 29 40 48 79 82 95 96 122 126 130 134 136 139 145 150 153 156 162 164 176 187 193 209 215 236 237 265 280 296 299 336 359 361
11 35 : 11 12 23 24 55 56 66 72 75 86 109 126 138 141 143 150 167 182 198 212 213 215 226 227 243 246 257 266 284 293 306 317 320 362 363
12 35 : 2 4 11 36 37 56 64 71 72 84 100 117 126 129 136 152 172 178 189 204 207 209 210 227 232 240 251 259 265 277 296 333 335 336 349
13 36 : 3 7 10 20 31 56 61 71 84 89 98 115 119 123 126 162 163 178 185 192 193 209 215 223 236 237 238 242 248 257 259 265 270 315 320 361
14 35 : 30 38 44 47 49 56 63 70 73 78 84 88 95 98 100 121 129 143 156 181 186 193 197 209 223 237 259 276 300 315 325 337 341 344 345
15 35 : 4 12 45 56 68 71 72 75 78 83 90 98 114 120 127 133 134 162 188 192 209 212 237 242 259 271 274 300 312 313 348 349 350 361 364
16 35 : 10 23 46 59 112 134 147 148 159 173 179 186 209 215 216 219 224 230 240 245 247 258 260 278 292 300 308 316 319 320 323 345 350 351 361
17 35 : 0 9 29 35 39 67 81 104 107 113 126 145 162 179 191 195 208 209 210 218 220 229 241 243 250 255 256 259 265 277 293 312 314 325 327
18 35 : 26 29 45 46 51 63 74 84 100 116 119 138 139 153 161 162 173 179 193 204 218 223 235 237 241 244 265 269 290 298 305 341 353 362 365
19 35 : 0 5 9 16 18 60 69 71 74 84 85 98 100 108 138 151 164 166 175 196 199 209 215 221 232 238 249 265 274 292 299 308 323 336 352
20 35 : 21 40 45 47 50 71 75 89 98 105 108 111 116 117 119 124 126 139 164 166 178 179 180 244 257 265 293 299 302 303 318 319 320 324 334
21 35 : 8 22 39 41 70 71 83 102 104 131 132 134 162 178 200 206 209 211 223 229 233 237 259 296 302 306 307 308 311 315 324 325 332 341 363
22 34 : 12 18 22 31 34 47 48 81 82 120 124 143 150 162 175 180 193 204 207 209 214 221 226 229 242 257 258 259 261 308 315 338 353 361
23 35 : 5 34 36 48 54 61 71 73 84 86 97 100 103 107 109 111 140 162 164 209 227 239 240 247 274 300 308 315 320 325 342 348 353 356 366
24 36 : 20 33 56 70 74 84 98 126 133 153 160 162 163 164 174 178 190 193 209 215 218 223 232 236 237 247 257 259 265 274 302 308 315 320 338 361
25 35 : 0 3 12 44 56 68 82 91 98 110 111 112 125 126 150 161 162 163 169 179 181 187 201 216 223 236 245 281 282 289 315 320 335 342 355
26 35 : 4 11 12 37 45 56 78 87 107 108 112 134 140 178 209 232 234 246 249 257 259 274 276 281 288 295 308 310 311 317 320 321 352 361 363
27 35 : 17 31 41 42 46 47 55 59 71 73 77 78 117 125 126 141 143 147 154 162 166 178 191 236 251 259 263 277 278 283 295 321 327 362 364
28 32 : 3 10 21 32 56 71 84 98 111 114 124 126 162 164 166 170 178 190 193 209 223 236 237 257 259 265 266 292 308 315 320 361
29 35 : 4 5 17 30 56 57 78 84 93 104 106 116 124 132 137 161 199 204 209 210 217 220 235 240 265 266 283 284 302 308 315 320 326 338 359
30 35 : 2 6 12 13 16 24 39 83 98 100 120 122 125 139 143 148 150 161 162 172 186 187 215 219 228 230 237 259 265 268 280 311 315 358 361
31 35 : 19 35 56 60 63 87 96 98 110 116 122 144 153 159 162 164 188 206 209 219 233 244 276 280 283 288 291 308 315 320 326 330 334 360 361
32 35 : 17 31 32 36 53 58 77 86 93 99 126 134 158 169 188 199 209 213 223 243 247 250 283 291 295 306 308 321 327 334 335 337 357 359 363
33 34 : 3 6 20 26 31 38 56 62 71 81 84 90 126 131 142 157 162 178 209 215 236 237 239 257 259 265 270 274 294 308 315 320 334 361
34 35 : 2 5 31 37 40 51 56 63 71 84 92 106 117 136 140 142 143 159 169 178 188 191 200 229 259 274 283 284 289 315 316 323 337 345 356
35 35 : 6 15 36 41 52 56 57 60 61 71 74 81 91 97 108 112 143 151 177 189 193 203 209 215 264 266 268 284 287 297 305 319 331 345 361
36 35 : 3 7 11 13 24 28 43 62 71 76 87 100 110 120 142 144 160 162 169 170 197 209 216 217 225 237 246 268 269 282 287 295 304 307 365
37 35 : 36 37 53 56 63 71 86 93 95 106 108 116 118 119 141 149 155 156 159 160 183 188 193 201 202 215 227 229 272 274 299 317 319 326 349
38 35 : 1 2 3 9 11 13 38 45 63 81 95 107 108 110 122 147 164 182 201 209 224 235 236 242 259 265 268 276 305 320 336 337 342 346 363
39 35 : 3 5 7 23 28 41 65 71 73 77 78 86 92 106 120 143 156 163 165 181 193 215 218 219 248 249 253 266 274 307 309 320 324 340 359
40 35 : 4 28 56 67 91 131 143 162 164 180 184 190 195 217 223 236 239 245 252 253 265 268 274 281 293 296 302 313 314 315 321 338 345 358 361
41 35 : 6 16 23 33 45 53 71 84 102 140 147 175 194 199 200 212 214 215 219 221 223 237 249 269 273 279 280 284 304 308 316 319 324 328 361
42 35 : 16 42 56 57 88 91 114 131 145 149 150 162 166 174 177 178 189 193 207 213 221 223 244 247 269 270 273 296 297 320 327 337 350 356 361
43 35 : 7 31 36 43 56 84 86 93 97 98 102 121 126 127 153 166 198 204 235 236 237 250 265 267 268 277 279 286 288 298 308 315 335 347 366
44 35 : 25 31 47 58 70 76 80 82 84 86 107 109 118 122 126 130 138 164 194 195 209 217 223 234 241 260 273 274 287 301 340 345 351 354 363
45 34 : 10 19 25 44 45 68 108 118 129 131 138 144 162 164 173 174 183 194 223 224 227 245 251 260 264 276 281 293 305 315 320 345 355 356
46 35 : 9 26 28 46 53 61 62 84 98 115 126 143 150 151 162 180 193 203 223 236 252 257 266 270 271 296 300 306 309 313 317 325 334 335 341
47 34 : 8 24 38 43 45 52 53 59 68 71 98 114 130 177 178 181 186 193 194 206 235 246 248 249 252 259 265 271 284 290 320 327 337 353
48 36 : 10 21 41 50 56 71 81 84 86 98 118 126 129 162 164 173 178 181 193 209 215 223 236 237 255 257 259 265 274 307 308 315 322 336 337 340
49 34 : 5 35 58 61 93 98 116 126 137 146 152 155 162 193 207 209 223 227 236 237 246 253 257 263 264 273 274 287 295 300 303 311 320 345
50 35 : 4 6 14 17 24 44 47 64 84 88 96 121 140 146 166 178 179 196 217 244 246 260 265 273 278 279 285 306 318 320 323 341 345 352 354
51 35 : 16 18 21 35 43 57 64 67 68 69 78 107 131 135 147 148 159 173 174 178 179 181 193 208 237 243 244 257 269 304 308 313 350 357 361
52 35 : 29 50 59 61 75 76 90 103 114 123 131 137 151 164 178 204 206 209 211 212 215 226 241 252 265 276 293 320 321 325 328 330 345 362 364
53 35 : 13 14 16 28 40 45 49 50 53 61 63 84 103 126 138 144 150 171 179 195 215 246 252 265 267 272 274 300 313 320 329 348 356 361 365
54 35 : 1 26 37 63 68 71 76 85 89 108 118 139 151 164 169 178 181 187 192 193 205 209 215 226 258 259 265 286 300 318 337 348 360 363 364
55 35 : 8 9 10 36 56 58 81 84 90 102 107 114 126 139 143 179 183 184 187 190 196 208 210 232 236 237 260 263 265 286 287 295 302 308 334
56 35 : 1 9 17 46 54 56 61 70 71 77 84 138 146 149 160 172 180 182 188 215 254 259 263 265 269 273 280 299 301 310 326 337 350 353 361
57 34 : 11 12 28 50 52 84 98 107 128 131 164 173 178 185 193 195 220 232 233 234 236 246 256 258 265 287 289 305 309 318 327 330 335 355
58 34 : 35 42 56 62 64 71 72 75 84 91 99 105 112 114 126 136 143 200 215 235 246 253 254 259 264 265 291 292 311 318 331 347 352 361
59 34 : 0 2 14 17 31 32 82 84 92 93 98 113 115 126 138 143 144 185 188 193 207 223 244 252 254 257 259 268 269 281 298 308 318 340
60 34 : 5 8 28 84 85 99 112 113 126 128 129 130 136 141 147 162 171 175 204 205 215 234 246 252 259 274 281 287 299 305 308 310 320 321
61 33 : 6 7 41 56 71 126 128 152 153 162 164 178 180 189 198 209 215 223 236 237 257 258 259 265 266 274 315 320 329 332 337 357 361
62 34 : 15 27 44 56 65 86 101 107 109 122 130 159 164 195 205 209 216 221 227 230 236 241 257 265 286 287 292 315 318 324 325 346 357 361
63 35 : 7 21 40 46 49 52 57 71 76 88 91 94 98 131 134 139 141 151 171 178 187 189 196 213 214 233 236 237 257 265 273 301 308 310 356
64 35 : 5 17 26 36 49 51 53 56 64 71 94 98 99 155 173 177 182 187 191 193 202 204 209 213 218 223 237 240 257 263 265 288 294 308 361
65 35 : 6 13 22 23 38 64 71 79 83 88 102 117 129 158 193 209 215 221 223 226 230 239 254 257 262 265 292 297 298 320 324 329 336 340 352
66 34 : 32 56 71 84 98 105 113 116 126 152 157 160 162 164 179 209 215 223 236 237 257 265 270 274 291 308 315 320 327 335 338 352 356 361
67 35 : 18 19 39 46 51 83 86 139 145 163 179 207 209 216 225 235 236 257 265 268 269 273 274 298 301 307 308 315 320 327 329 333 334 361 365
68 35 : 2 27 31 38 42 48 58 62 64 65 70 71 87 96 117 119 120 122 126 138 141 143 169 173 205 208 212 213 215 237 255 257 265 268 322
69 35 : 17 42 48 53 56 60 67 68 71 90 91 98 124 126 139 144 168 184 187 195 215 227 236 237 255 274 278 292 296 300 327 351 355 361 363
70 35 : 17 31 39 40 42 53 57 66 74 77 90 98 102 107 130 138 143 162 173 180 183 203 209 216 223 237 257 259 265 272 297 310 315 320 338
71 35 : 9 16 41 58 62 65 83 89 91 93 116 118 126 138 147 148 162 190 193 209 210 213 237 253 265 270 273 280 284 286 288 334 336 359 361
72 35 : 0 10 19 41 44 47 59 62 74 80 82 83 84 129 153 158 164 193 199 215 223 225 254 262 272 286 288 300 325 327 331 332 348 351 357
73 36 : 19 33 40 41 43 44 51 62 87 92 96 99 106 111 126 140 161 171 190 192 193 195 209 237 247 257 284 287 291 292 305 308 318 322 343 363
74 35 : 13 17 29 44 66 71 103 115 126 135 147 154 164 178 202 203 209 210 219 223 226 228 239 247 262 274 285 289 296 298 300 303 308 315 339
75 34 : 19 33 61 65 71 72 74 77 84 87 92 110 158 163 164 190 193 194 215 219 230 236 237 239 253 254 262 267 294 297 298 309 323 361
76 34 : 30 35 48 56 59 61 80 88 98 113 117 120 133 139 154 160 164 197 236 245 257 262 270 274 278 285 287 294 308 310 315 342 360 361
77 35 : 3 13 19 26 38 51 56 84 119 122 126 128 150 162 164 167 171 193 199 200 205 223 248 250 255 259 260 267 272 289 296 297 308 346 352
78 34 : 22 27 35 48 50 57 59 75 80 87 89 99 108 113 117 131 139 152 173 180 183 188 194 214 223 229 256 259 265 295 316 338 361 365
79 35 : 45 53 58 60 62 69 70 99 102 118 135 162 164 178 189 191 221 223 224 236 255 259 274 276 283 291 295 298 299 302 308 319 320 332 361
80 35 : 0 20 31 43 50 55 71 84 98 123 126 130 133 145 157 162 164 201 209 215 223 236 237 257 259 261 265 274 302 308 315 320 329 344 361
81 35 : 52 84 86 105 139 142 146 172 181 215 217 221 223 233 237 245 248 259 268 269 273 276 278 284 289 296 300 314 315 319 320 329 343 349 356
82 35 : 7 11 14 23 50 56 68 75 80 84 101 133 139 142 162 169 191 201 209 220 234 271 274 280 288 289 317 320 321 324 331 337 356 357 361
83 35 : 1 4 12 24 33 38 44 53 70 84 98 99 109 110 127 135 141 142 143 158 169 176 182 200 210 244 265 273 290 307 308 320 348 349 359
84 34 : 56 66 70 71 81 84 98 105 126 162 163 164 171 178 181 193 209 210 215 227 237 242 243 251 257 259 265 273 274 315 320 354 361 362
85 34 : 9 11 14 27 28 56 66 80 84 90 98 115 132 138 153 173 198 211 237 249 255 256 270 273 274 275 282 285 315 316 325 329 343 361
86 35 : 35 39 48 51 53 66 68 79 84 120 121 159 164 171 173 177 193 195 209 223 227 255 256 257 274 281 317 318 325 327 331 332 333 342 348
87 35 : 0 1 15 52 56 72 78 91 96 99 102 119 138 140 164 171 178 201 206 215 216 222 223 229 232 253 274 283 295 315 316 318 324 330 336
88 35 : 27 33 78 88 90 95 98 99 116 136 143 148 172 173 192 198 200 215 216 218 234 236 237 248 249 251 263 276 278 291 293 294 315 328 338
89 35 : 4 9 34 37 42 59 95 98 122 125 131 134 138 180 209 214 232 233 234 236 237 249 257 275 280 288 302 313 316 320 326 332 342 361 362
90 35 : 19 21 25 51 65 84 89 90 93 98 113 124 125 141 162 177 183 210 212 218 220 223 233 256 265 273 274 280 281 315 329 339 340 345 354
91 34 : 27 56 69 71 84 93 98 116 126 130 135 160 162 164 178 193 209 215 220 222 223 233 236 237 243 259 265 272 274 315 320 337 361 364
92 34 : 1 3 8 22 25 31 90 92 161 163 177 178 191 196 209 211 215 223 224 230 237 249 257 259 265 274 278 292 314 315 320 338 352 360
93 34 : 6 19 42 51 60 71 73 98 120 126 153 170 209 223 230 241 256 257 258 259 265 268 274 280 289 291 292 297 300 336 338 339 340 356
94 34 : 15 26 32 48 51 75 79 110 143 148 155 158 162 164 172 175 178 183 191 193 216 220 221 237 253 259 274 276 280 294 318 323 339 366
95 34 : 3 4 6 21 39 46 56 91 124 126 136 153 156 158 169 175 191 193 200 210 215 219 220 223 237 264 265 270 308 310 315 324 342 361
96 35 : 1 2 5 10 31 38 42 53 78 92 98 116 138 140 146 158 162 164 175 176 182 183 185 224 230 236 255 257 262 265 286 298 305 330 338
97 35 : 23 42 59 65 78 105 106 126 127 135 141 151 160 162 164 175 187 188 189 207 236 237 254 257 265 281 284 298 305 315 332 342 361 364 366
98 35 : 11 15 27 40 55 56 68 79 82 84 109 119 135 136 142 151 167 173 181 202 210 219 223 237 250 253 263 272 308 314 318 336 354 355 361
99 34 : 0 1 56 71 84 93 113 126 143 162 164 172 178 185 205 209 215 220 223 232 236 237 255 257 259 264 265 274 277 294 308 312 315 361
100 34 : 10 12 18 51 53 54 56 69 81 84 94 98 105 126 158 162 164 188 200 202 227 230 236 245 249 250 264 273 275 287 295 342 359 361
101 34 : 56 66 71 84 105 113 121 126 128 152 162 169 178 209 211 215 218 222 223 225 235 236 237 246 257 259 265 271 273 274 308 315 327 361
102 34 : 3 21 36 38 49 65 85 89 97 105 109 118 132 139 143 145 173 179 193 209 212 213 220 221 223 232 234 236 265 268 275 282 310 315
103 34 : 16 18 19 54 60 90 92 96 99 105 120 151 170 172 186 188 207 211 215 224 229 236 237 274 278 279 294 315 321 330 345 347 348 364
104 34 : 2 21 24 54 56 71 72 76 84 106 145 150 170 177 193 215 220 221 231 235 236 247 256 267 278 286 297 304 305 314 315 338 359 360
105 34 : 34 40 80 116 139 143 151 178 183 185 188 206 207 214 215 219 226 231 235 236 237 258 259 265 275 279 282 288 295 301 308 310 338 345
106 34 : 4 36 39 43 71 90 106 108 111 120 124 126 141 144 149 150 153 167 193 215 225 235 237 238 248 265 274 283 294 301 315 316 320 366
107 34 : 1 10 25 27 34 71 98 114 134 153 158 164 167 189 192 207 215 219 236 237 245 259 261 264 265 268 277 284 314 315 320 331 356 362
108 34 : 5 23 30 37 54 56 71 96 126 134 169 178 183 190 223 231 237 242 259 265 271 272 274 279 295 306 308 311 320 321 339 349 355 360
109 34 : 19 30 39 47 84 85 89 90 101 114 130 136 164 180 196 206 207 223 224 225 226 256 259 264 265 288 302 315 316 317 321 334 341 349
110 34 : 2 21 43 71 84 95 98 126 133 140 142 162 164 169 179 182 193 209 215 236 237 248 251 255 265 267 274 280 315 320 332 356 361 364
111 34 : 1 56 85 86 98 121 126 129 162 164 170 177 178 185 189 193 195 209 215 223 236 237 252 257 259 261 263 265 267 274 308 315 351 361
112 34 : 3 11 21 27 41 56 71 73 89 102 122 125 127 142 151 164 178 181 214 215 219 236 247 254 256 274 280 306 308 317 325 340 345 361
113 34 : 48 56 71 76 84 98 101 110 142 146 153 155 164 182 186 202 221 225 233 246 249 251 253 257 264 265 295 297 299 300 340 342 348 361
114 34 : 1 19 20 36 56 60 70 74 90 101 108 126 137 138 157 176 182 191 225 229 237 245 261 274 281 295 308 315 328 330 338 344 354 364
115 34 : 7 12 18 37 42 52 62 80 84 103 126 138 149 162 172 178 193 194 202 215 237 253 260 274 279 295 313 315 322 326 330 341 345 360
116 34 : 56 62 63 71 84 95 98 105 122 126 162 164 166 178 192 193 203 209 215 223 237 255 259 265 271 274 293 307 308 315 320 352 356 361
117 34 : 14 28 34 47 53 60 82 91 102 103 108 144 148 164 166 180 188 193 209 210 220 233 237 247 249 257 264 270 281 294 295 332 361 362
118 34 : 23 25 28 45 65 84 85 101 103 105 138 139 141 151 156 160 161 195 198 202 221 227 231 249 257 260 268 282 308 312 317 319 330 347
119 34 : 1 22 40 48 60 82 121 123 126 134 156 167 171 179 180 182 209 215 230 231 236 255 259 264 265 293 308 316 319 326 329 339 351 361
120 35 : 1 26 31 33 56 71 84 98 126 133 152 158 164 170 177 178 184 193 203 209 215 223 235 236 237 257 259 265 272 308 315 320 343 346 361
121 34 : 8 26 27 63 98 129 139 153 155 156 159 162 178 181 186 195 212 215 223 227 248 257 259 274 276 289 295 298 308 318 320 358 360 362
122 34 : 29 42 47 58 99 100 102 106 118 126 138 156 157 158 166 170 184 192 209 233 236 259 265 269 271 274 282 285 289 320 330 332 344 361
123 34 : 5 15 16 18 22 25 41 52 54 71 102 108 116 135 138 150 158 178 188 193 215 252 255 278 279 300 303 315 320 321 356 361 365 366
124 34 : 2 10 18 27 36 42 56 62 63 74 75 84 86 108 126 134 156 162 164 202 223 233 237 255 256 265 271 274 299 319 320 333 357 361
125 34 : 19 39 52 59 74 78 91 102 122 128 130 137 162 178 179 195 208 210 215 223 238 240 269 276 290 292 299 302 308 320 326 332 351 361
126 34 : 2 13 26 30 56 57 71 82 126 129 142 162 164 168 178 179 188 204 214 223 229 231 237 246 299 309 310 314 315 328 345 347 361 363
127 34 : 2 45 56 61 71 84 95 98 117 118 124 126 139 162 164 192 209 215 216 220 223 236 237 257 259 261 264 265 267 274 308 315 334 361
128 34 : 9 22 62 64 84 101 102 106 117 125 140 142 146 155 162 164 165 186 209 217 223 229 234 242 252 274 283 287 308 312 315 349 358 361
129 34 : 27 56 71 84 98 99 119 126 162 163 169 178 182 195 200 215 223 236 237 241 247 251 257 259 265 267 274 275 308 315 320 336 338 361
130 34 : 4 9 20 27 28 39 63 66 85 98 105 106 111 122 126 162 164 176 178 187 209 213 238 248 257 267 274 284 294 315 320 326 361 362
131 34 : 3 7 21 64 69 84 88 97 98 108 132 137 162 166 178 184 193 195 236 240 245 247 257 259 260 266 283 299 309 311 314 317 320 347
132 34 : 6 8 11 35 38 55 56 71 84 85 98 114 115 146 162 164 178 193 209 215 218 223 225 237 241 257 259 265 275 291 308 315 320 361
133 34 : 10 18 20 25 27 30 46 48 51 65 90 94 95 111 149 152 155 162 175 183 189 193 201 207 223 231 237 238 243 274 324 326 339 361
134 34 : 1 8 15 37 51 75 84 93 101 126 133 158 162 164 178 188 190 195 207 213 215 229 233 246 250 262 266 288 308 309 315 317 339 342
135 34 : 0 9 15 18 25 32 44 56 84 116 119 120 123 155 162 172 176 209 222 236 250 255 272 275 286 294 315 320 333 345 347 349 352 361
136 34 : 16 32 37 62 71 90 101 102 162 164 178 180 184 193 204 208 215 222 231 232 236 237 259 280 282 291 305 314 317 319 320 326 338 362
137 34 : 7 27 42 74 84 97 98 111 123 124 126 138 150 164 179 188 193 195 223 226 245 257 259 268 273 283 287 299 308 313 332 345 347 361
138 34 : 6 11 45 56 71 98 105 106 162 164 168 170 173 178 193 209 215 223 227 232 236 237 238 246 257 259 265 274 275 277 308 315 320 361
139 34 : 3 6 8 26 27 56 67 71 80 103 105 115 118 126 144 150 161 166 181 182 185 191 193 195 197 212 219 236 257 280 319 320 332 350
140 34 : 16 43 71 112 116 131 146 154 156 162 176 195 207 214 220 233 255 257 260 264 265 282 287 293 294 301 305 313 314 319 320 328 337 344
141 34 : 20 30 32 41 56 83 84 88 118 126 129 130 159 162 164 171 184 185 211 213 216 232 236 246 248 250 253 257 259 278 301 308 309 342
142 34 : 31 32 34 44 56 59 61 70 80 84 113 118 124 125 126 132 162 164 165 168 178 185 202 207 228 232 250 259 261 270 283 299 328 361
143 34 : 6 21 71 84 94 98 111 113 117 126 131 140 145 162 164 178 193 201 209 211 215 223 237 259 265 273 274 275 308 315 320 351 357 361
144 34 : 0 12 18 24 30 42 54 71 95 97 106 113 127 136 147 164 168 178 185 199 206 208 223 228 233 251 254 259 295 315 320 337 338 343
145 34 : 4 8 23 25 51 55 56 57 59 84 97 100 113 115 116 127 185 191 200 209 223 224 232 235 236 237 243 265 272 281 311 315 326 332
146 34 : 12 13 22 26 37 45 55 71 107 126 128 130 162 178 179 213 223 226 243 252 257 267 268 283 299 300 312 316 326 330 337 342 345 361
147 34 : 16 18 22 37 50 57 63 71 97 98 99 105 118 152 156 158 162 164 168 175 188 199 247 259 283 293 294 307 308 311 312 315 320 351
148 34 : 21 31 32 50 56 71 84 98 105 106 109 126 135 139 152 164 166 169 178 193 209 215 223 236 237 243 257 259 265 308 320 337 343 361
149 34 : 13 19 22 36 39 75 76 77 95 100 104 122 123 125 147 161 162 167 182 215 220 232 236 237 241 273 281 285 335 337 339 344 348 359
150 34 : 22 25 71 84 89 91 108 123 126 127 134 175 178 179 182 186 208 209 215 222 223 231 240 252 259 266 279 283 290 312 337 342 345 361
151 34 : 11 20 22 26 56 74 82 99 106 112 121 122 136 149 174 175 178 193 208 215 239 249 255 259 265 273 283 293 303 314 345 358 360 361
152 34 : 0 9 18 57 64 84 90 99 101 107 138 142 147 181 194 196 198 211 214 215 216 223 224 226 227 237 238 259 308 318 332 335 342 361
153 34 : 3 60 66 69 76 98 101 124 127 148 162 163 199 215 216 221 223 227 236 237 249 265 274 303 305 309 311 315 317 319 320 339 347 356
154 34 : 21 48 83 84 110 127 136 145 162 164 181 184 189 191 192 203 204 214 215 223 225 237 242 251 254 262 274 280 283 285 320 330 332 349
155 34 : 17 31 42 55 71 84 104 105 126 133 145 151 152 157 163 174 175 178 184 185 193 198 201 208 215 225 246 247 259 308 336 338 349 364
156 34 : 9 22 37 40 54 61 66 84 89 91 92 98 111 116 133 135 147 178 203 216 224 257 259 262 274 299 308 310 311 320 330 331 335 361
157 34 : 11 30 42 45 48 61 65 84 96 108 110 114 147 189 195 213 216 226 243 249 257 259 271 275 282 298 315 319 323 330 333 338 351 361
158 35 : 0 1 11 23 31 53 58 63 71 72 83 85 96 116 123 125 131 146 158 164 165 223 226 235 236 237 257 259 275 278 308 317 338 355 361
159 34 : 8 13 18 21 23 26 42 48 64 71 88 128 130 139 145 167 170 178 190 197 201 209 212 244 246 249 274 287 290 293 309 355 358 359
160 34 : 1 3 29 43 47 69 75 97 104 115 118 128 129 130 135 149 168 170 177 193 195 198 200 236 237 244 277 280 287 294 308 315 319 342
161 34 : 4 30 31 34 56 60 71 77 84 107 122 123 143 153 157 183 189 193 195 209 236 239 257 259 263 265 308 318 333 342 343 349 360 361
162 34 : 2 8 19 56 63 66 71 84 89 96 126 154 157 162 164 171 180 193 209 215 220 223 233 236 237 259 265 274 308 315 320 343 361 365
163 34 : 25 31 32 38 43 65 94 129 139 150 156 158 166 167 168 171 189 201 204 209 230 236 242 246 257 274 290 315 320 325 327 342 350 358
164 34 : 5 13 42 45 71 85 92 94 110 126 161 176 180 184 185 198 201 209 211 215 226 237 246 248 259 315 317 324 327 342 344 350 358 361
165 34 : 0 27 43 48 52 83 84 104 114 126 135 151 164 179 183 190 198 199 212 226 234 278 279 280 281 287 308 315 321 324 325 345 361 363
166 34 : 14 23 43 44 56 71 90 95 115 117 129 141 206 208 217 224 236 237 240 242 274 281 282 283 295 298 305 319 320 342 350 351 354 360
167 34 : 0 15 18 20 21 44 50 54 67 71 103 112 124 126 151 170 180 197 207 209 223 225 230 239 250 251 257 262 274 282 294 321 345 360
168 34 : 11 23 35 42 56 82 86 91 92 98 100 112 120 122 126 128 135 158 189 193 210 214 223 265 269 274 278 298 308 310 317 318 321 330
169 34 : 30 49 56 64 66 75 83 95 100 104 106 128 142 144 172 178 189 193 209 217 238 240 257 259 265 274 283 299 320 321 326 327 332 361
170 34 : 19 25 33 55 68 71 74 77 92 94 115 133 155 175 184 190 193 194 198 213 217 220 236 246 265 267 277 287 296 303 305 315 325 356
171 34 : 23 26 32 51 68 71 73 75 88 98 114 131 137 173 176 180 185 199 217 236 242 257 265 267 269 278 314 316 323 341 342 345 361 366
172 34 : 16 23 28 53 56 79 84 90 94 100 132 144 155 156 178 183 186 208 223 236 238 259 276 278 283 307 315 323 336 341 342 346 347 348
173 34 : 8 17 27 41 72 73 84 85 87 112 141 149 160 162 167 170 178 202 204 214 225 232 244 250 265 269 283 284 287 308 310 315 320 363
174 34 : 5 7 25 34 35 42 54 68 71 77 84 86 92 97 103 121 156 162 178 204 205 232 236 265 272 279 293 304 307 311 313 314 315 320
175 34 : 8 24 49 71 94 116 123 129 137 160 161 162 170 178 193 206 213 221 228 232 236 237 248 259 265 277 296 297 308 309 314 320 353 357
176 34 : 10 11 21 49 52 57 84 90 132 138 152 156 164 176 178 180 188 204 211 235 236 237 250 257 259 260 293 320 331 338 343 345 354 366
177 34 : 23 29 30 38 42 45 54 56 79 81 84 86 90 91 97 108 137 140 149 156 162 164 187 205 207 215 250 259 274 276 315 321 326 332
178 34 : 0 42 50 56 79 84 95 103 107 110 120 128 136 139 145 164 176 178 190 202 212 217 228 240 241 257 273 293 301 308 309 312 347 366
179 34 : 0 41 71 72 73 84 87 96 98 109 115 129 148 151 165 168 179 190 195 205 215 223 240 245 275 291 303 308 310 320 326 328 349 356
180 35 : 2 56 71 72 84 86 88 90 93 94 98 126 145 146 162 164 165 166 178 193 198 200 215 223 235 236 237 257 259 265 274 308 315 352 361
181 33 : 21 56 71 72 84 86 91 96 98 126 162 164 172 178 185 193 210 215 235 237 257 259 265 273 274 293 302 308 315 320 345 359 361
182 34 : 28 46 54 56 71 84 95 97 98 118 126 136 145 166 167 168 190 193 210 228 234 236 237 241 250 303 318 319 323 333 342 347 361 362
183 34 : 6 12 56 70 73 84 85 94 96 104 116 118 121 132 147 154 162 180 229 236 246 249 257 259 263 268 275 287 301 306 321 332 357 364
184 34 : 19 56 69 71 84 98 114 126 162 164 178 193 197 215 216 218 223 236 237 257 259 263 265 270 286 308 312 315 320 344 345 356 361 362
185 34 : 8 25 54 56 64 80 85 92 103 104 121 123 130 144 147 151 159 162 171 180 183 209 215 223 230 237 257 266 271 274 287 292 299 325
186 34 : 2 6 13 25 35 52 53 55 71 105 128 132 147 166 167 192 208 216 227 236 237 259 265 271 274 277 290 306 315 316 320 343 361 366
187 34 : 16 23 41 57 73 121 130 140 147 148 153 164 193 196 200 207 217 223 225 227 238 245 250 254 257 259 282 284 306 308 316 353 361 366
188 34 : 10 19 29 36 57 64 84 105 111 126 133 138 140 141 159 162 164 178 215 216 224 230 237 254 259 265 274 284 289 296 308 319 342 361
189 34 : 35 56 71 84 91 95 98 109 114 126 162 164 175 178 184 193 205 209 215 223 236 237 257 259 261 265 274 308 315 320 340 354 361 365
190 34 : 1 8 40 42 59 61 71 73 80 82 84 107 127 133 151 157 171 204 219 220 237 240 246 257 271 274 293 301 308 319 320 331 341 364
191 34 : 3 44 58 78 88 97 111 126 135 149 153 162 166 169 175 183 190 191 215 216 225 233 256 257 258 266 274 282 290 293 315 320 347 354
192 34 : 2 16 18 19 33 44 48 60 62 71 80 123 126 132 146 153 163 171 174 195 227 228 237 244 250 258 274 284 307 315 323 330 344 359
193 34 : 3 4 24 55 56 71 98 116 121 123 131 145 160 193 194 209 215 217 223 235 242 245 254 282 283 286 308 313 315 336 342 344 349 350
194 34 : 0 21 28 40 59 102 110 132 134 141 152 162 164 168 181 182 191 193 202 209 227 231 237 238 252 259 263 265 302 305 323 331 361 362
195 34 : 29 30 40 50 56 61 66 74 81 88 98 102 113 126 159 160 193 195 208 234 235 237 241 242 260 267 274 288 308 317 321 325 340 344
196 34 : 7 13 24 42 69 71 78 82 84 91 100 120 131 137 150 151 161 162 170 178 199 209 223 237 257 259 265 281 287 293 320 325 332 342
197 34 : 5 9 21 26 29 42 81 103 111 129 140 146 152 154 157 159 163 168 170 223 236 268 284 296 301 305 315 318 328 330 338 348 361 365
198 34 : 10 11 19 21 29 67 71 73 86 91 98 99 101 129 133 137 161 162 163 167 175 178 213 224 236 257 274 278 309 315 317 336 351 361
199 34 : 15 33 35 47 55 76 96 98 106 127 128 140 141 147 149 153 157 162 182 204 221 235 237 242 268 282 294 307 309 320 340 341 344 361
