N C E M
200 133 19900 3980
Opt_part_L_size, Opt_part_R_size, Opt_number_of_colors
38 162 29
N of L changes = 4
Min number of labels in a vertice, Max number of labels in a vertice
33 36
Solution Set
117(19) 24(20) 108(20) 21(20) 111(62) 73(62) 106(63) 57(63) 131(64) 6(64) 65(65) 33(65) 75(67) 47(67) 87(67) 43(68) 115(71) 120(72) 80(72) 92(73) 82(74) 0(74) 20(75) 105(76) 84(76) 76(78) 34(81) 8(82) 125(84) 
Number of edges by Color (l n)
0 125 84
1 8 82
2 34 81
3 76 78
4 84 76
5 105 76
6 20 75
7 0 74
8 82 74
9 92 73
10 80 72
11 120 72
12 115 71
13 43 68
14 47 67
15 75 67
16 87 67
17 33 65
18 65 65
19 6 64
20 131 64
21 57 63
22 106 63
23 73 62
24 111 62
25 74 27
26 28 25
27 59 24
28 62 24
29 16 23
30 27 23
31 49 23
32 118 23
33 119 23
34 3 22
35 11 22
36 30 22
37 51 22
38 77 22
39 5 21
40 7 21
41 12 21
42 13 21
43 22 21
44 31 21
45 36 21
46 37 21
47 38 21
48 41 21
49 42 21
50 48 21
51 53 21
52 58 21
53 61 21
54 64 21
55 71 21
56 81 21
57 83 21
58 85 21
59 88 21
60 91 21
61 98 21
62 109 21
63 130 21
64 1 20
65 2 20
66 4 20
67 9 20
68 10 20
69 14 20
70 15 20
71 17 20
72 18 20
73 19 20
74 21 20
75 23 20
76 24 20
77 25 20
78 26 20
79 29 20
80 32 20
81 35 20
82 39 20
83 40 20
84 45 20
85 50 20
86 52 20
87 54 20
88 55 20
89 60 20
90 63 20
91 66 20
92 67 20
93 69 20
94 70 20
95 72 20
96 78 20
97 79 20
98 86 20
99 89 20
100 93 20
101 95 20
102 96 20
103 99 20
104 100 20
105 101 20
106 102 20
107 103 20
108 104 20
109 107 20
110 108 20
111 110 20
112 113 20
113 121 20
114 122 20
115 123 20
116 126 20
117 128 20
118 44 19
119 46 19
120 56 19
121 68 19
122 90 19
123 94 19
124 97 19
125 112 19
126 114 19
127 116 19
128 117 19
129 124 19
130 127 19
131 129 19
132 132 19
Label List by vertices (vertice Id, Number of labels : set of labels
0 36 : 0 2 6 8 14 17 20 22 24 25 33 34 43 47 57 58 63 65 73 75 76 82 83 84 87 92 97 103 105 106 111 115 120 125 126 131
1 35 : 0 1 8 11 14 19 25 27 28 30 33 40 43 46 60 62 64 66 75 76 87 93 97 100 104 105 106 110 115 116 120 121 126 130 131
2 35 : 0 4 6 16 23 26 27 28 33 35 37 38 41 43 44 46 48 49 51 53 70 73 75 76 80 81 85 87 102 104 113 115 116 120 131
3 35 : 3 5 8 11 31 34 40 42 46 48 51 53 55 56 59 60 63 65 67 70 72 80 81 83 84 85 86 89 94 105 116 117 118 120 123
4 35 : 11 13 14 15 20 23 24 25 29 31 34 42 48 51 58 60 61 64 66 68 70 74 83 87 88 100 101 103 104 109 110 115 122 125 131
5 35 : 4 5 6 7 8 9 19 20 21 22 27 38 45 51 52 54 60 65 66 67 72 73 75 79 82 83 87 105 106 109 111 112 114 115 129
6 35 : 3 6 15 16 20 22 25 31 34 38 39 42 46 47 52 57 61 62 67 68 75 76 77 82 84 91 92 102 105 109 114 118 120 128 131
7 35 : 1 3 8 10 16 20 23 34 37 43 45 47 49 54 57 58 60 62 64 65 80 81 82 84 92 94 97 100 102 109 110 111 116 124 127
8 35 : 0 8 11 12 13 15 19 27 28 43 47 50 52 58 61 65 70 73 74 75 78 80 87 92 93 98 100 103 107 109 115 119 120 130 132
9 35 : 0 4 10 11 12 13 18 19 25 31 33 38 40 42 44 46 47 51 59 61 65 76 79 80 81 84 87 92 96 107 114 120 124 126 131
10 35 : 0 1 2 7 8 10 13 14 21 22 24 25 34 40 51 66 69 72 74 76 77 80 84 92 95 96 98 103 108 112 115 119 122 124 126
11 36 : 4 11 13 14 17 21 24 26 29 33 34 43 49 51 52 57 64 67 69 73 75 76 77 82 83 84 93 102 107 109 111 112 115 130 131 132
12 35 : 0 6 8 16 20 24 27 33 34 41 43 44 46 47 57 65 73 76 82 84 86 87 89 92 98 100 104 105 106 111 114 115 119 120 132
13 34 : 0 5 6 7 8 18 20 33 34 38 43 47 49 50 55 57 65 73 75 76 80 82 83 84 87 92 105 106 107 111 114 124 125 131
14 35 : 4 7 8 9 13 14 15 18 21 22 25 26 28 33 35 39 45 49 52 56 64 72 80 82 86 89 91 98 102 106 109 114 116 128 132
15 35 : 0 2 6 7 8 26 29 32 33 36 41 43 47 51 52 54 56 57 70 73 74 75 76 80 84 85 87 89 92 106 111 115 120 125 131
16 35 : 13 14 18 28 29 37 41 42 47 48 49 57 59 63 65 71 74 79 80 89 91 92 93 95 97 101 105 111 114 116 117 119 123 126 131
17 35 : 5 7 11 29 31 33 39 41 44 45 51 60 61 62 73 74 77 78 79 82 83 84 86 87 88 89 91 95 99 100 106 108 122 129 131
18 35 : 2 6 8 13 20 21 26 28 30 32 37 39 41 46 47 48 58 65 74 76 79 81 82 90 92 105 106 107 108 115 116 118 123 124 125
19 35 : 0 6 7 16 17 20 29 31 33 34 39 40 43 54 55 57 64 65 67 73 76 80 82 83 84 87 92 97 105 106 115 120 125 127 131
20 35 : 0 1 6 12 14 15 16 17 19 25 28 32 42 45 52 57 62 65 68 69 73 75 82 86 90 98 101 111 112 120 124 125 126 131 132
21 35 : 0 1 6 18 19 22 25 30 34 36 38 39 48 51 53 57 58 63 66 71 74 76 78 90 94 99 101 103 106 113 114 115 124 131 132
22 35 : 3 8 9 13 17 18 21 30 31 43 47 51 54 57 58 64 73 77 78 79 82 97 100 104 106 107 108 115 117 122 124 125 129 130 131
23 35 : 0 1 6 8 16 19 20 23 24 34 40 47 50 57 65 70 75 76 80 82 85 92 94 99 100 102 105 106 107 111 115 120 125 130 131
24 35 : 0 6 7 19 20 27 30 33 34 38 42 49 64 65 69 70 75 80 83 85 95 97 104 105 111 112 116 118 122 123 125 126 127 129 131
25 35 : 1 2 6 12 17 21 27 34 40 42 43 50 52 69 71 75 80 82 85 87 88 96 98 101 102 103 107 108 113 119 120 121 128 131 132
26 35 : 0 2 8 9 12 17 18 21 34 36 41 44 48 51 56 57 61 65 71 72 75 76 81 85 86 87 94 105 111 116 119 120 123 125 127
27 35 : 0 7 16 17 28 33 39 40 43 45 47 49 55 56 60 64 65 69 70 72 75 79 81 91 98 99 105 106 109 111 113 115 118 125 131
28 34 : 0 2 6 12 13 16 17 20 21 34 38 45 50 56 66 67 70 75 77 80 90 91 92 96 99 101 106 108 119 120 122 123 125 132
29 35 : 2 3 7 8 10 13 15 18 19 20 22 23 24 28 33 36 41 46 59 62 71 74 75 80 82 84 101 106 112 115 125 127 128 131 132
30 34 : 2 3 8 9 12 21 22 28 32 35 41 45 47 50 52 56 57 60 64 67 73 74 76 80 93 106 109 115 116 119 120 122 130 131
31 35 : 0 4 10 12 13 21 26 28 29 30 36 42 49 52 53 57 62 63 65 71 81 86 91 93 98 101 102 105 113 115 116 117 122 129 131
32 35 : 11 14 18 31 43 44 47 50 53 58 63 65 66 70 71 72 73 75 79 80 82 91 95 97 103 104 107 112 113 117 119 121 125 131 132
33 35 : 1 4 9 12 13 15 16 37 38 40 44 46 47 48 50 63 64 65 66 74 75 76 77 78 84 88 91 96 97 99 100 115 120 123 128
34 35 : 3 5 6 11 20 21 28 30 33 34 35 43 53 55 62 64 65 71 73 82 83 84 85 88 91 92 98 99 104 107 111 112 116 123 124
35 35 : 2 9 17 18 19 20 22 25 29 31 38 40 48 53 57 58 63 67 70 72 75 79 82 88 89 90 91 92 93 97 101 107 120 126 127
36 35 : 0 5 6 7 8 10 14 18 20 26 35 39 44 52 55 57 68 69 71 72 73 78 85 86 90 94 98 111 115 117 119 121 125 127 130
37 35 : 2 13 15 16 19 21 24 25 27 32 39 51 56 59 70 73 77 83 84 85 87 89 91 92 96 104 110 111 113 116 117 120 121 126 127
38 35 : 5 6 8 16 17 20 33 34 45 46 47 53 57 65 69 73 75 76 77 80 82 83 84 87 95 102 103 104 105 106 111 115 120 125 126
39 35 : 0 9 10 20 21 25 33 37 40 43 47 49 50 56 59 63 65 69 73 75 76 79 80 84 89 92 95 99 102 105 109 110 115 120 125
40 35 : 1 4 8 10 13 17 22 38 41 45 47 50 52 57 58 62 66 70 71 75 76 80 84 87 89 91 92 97 108 114 116 117 122 127 128
41 35 : 0 2 3 6 11 20 26 28 32 33 38 45 52 55 57 58 62 63 65 68 72 80 84 86 94 95 97 100 109 110 115 124 126 129 130
42 35 : 8 10 14 15 18 20 21 33 36 37 39 40 43 45 47 50 51 58 63 64 65 75 76 77 80 83 86 88 100 109 110 124 125 128 131
43 34 : 0 4 7 8 9 19 20 22 27 34 39 43 49 57 59 67 69 72 75 76 77 80 82 87 93 98 111 115 116 123 125 128 130 132
44 34 : 0 3 4 6 8 11 16 20 23 34 35 36 40 43 45 46 47 48 51 64 69 74 76 78 84 85 97 99 105 106 108 121 124 128
45 35 : 0 6 8 16 18 20 23 33 34 36 42 43 47 52 57 61 65 69 73 75 76 80 82 84 87 91 92 94 103 106 111 121 122 124 125
46 35 : 1 7 9 11 12 13 21 23 34 35 37 38 47 48 49 52 55 62 76 77 79 80 84 87 89 93 102 111 115 119 120 122 124 125 132
47 34 : 0 6 9 16 30 36 37 42 47 53 55 57 62 63 64 70 73 76 84 86 88 89 90 93 97 98 99 101 102 107 110 115 120 126
48 35 : 0 3 8 10 20 27 31 34 35 47 54 57 58 71 77 80 82 85 86 87 88 91 101 102 105 106 107 111 114 115 117 129 130 131 132
49 34 : 0 9 12 20 27 28 33 34 36 37 43 47 48 50 53 57 58 59 61 67 76 87 88 90 92 95 99 106 108 111 116 119 120 126
50 35 : 3 5 8 11 28 29 30 31 43 45 57 58 59 60 61 67 69 79 80 82 83 84 102 103 106 108 115 116 120 121 122 124 128 131 132
51 35 : 0 1 6 15 21 23 26 28 46 47 48 57 60 62 63 66 68 69 72 76 80 81 83 84 95 99 102 103 105 106 118 120 126 127 130
52 35 : 0 1 8 25 29 32 35 43 44 47 48 57 58 59 62 66 67 73 77 78 87 88 92 93 95 99 101 103 107 109 110 111 115 117 126
53 35 : 0 3 8 18 19 20 25 26 27 33 36 43 45 47 49 50 55 60 63 67 83 91 92 99 102 103 105 108 116 120 123 125 129 130 131
54 34 : 0 1 3 12 25 27 29 33 35 45 51 53 58 61 72 75 76 78 80 82 88 95 96 98 101 105 107 109 113 122 124 128 129 132
55 35 : 5 6 7 12 14 23 27 33 36 39 41 43 44 46 55 60 66 71 73 74 75 78 80 83 87 90 91 92 100 104 108 115 122 127 132
56 35 : 7 10 16 18 21 25 28 33 34 35 41 43 47 51 57 58 65 69 70 71 73 75 78 79 80 93 94 98 105 109 111 118 120 126 132
57 34 : 2 3 4 6 8 12 17 29 30 32 34 47 54 62 65 78 79 87 89 91 93 98 99 110 111 113 116 118 120 125 126 127 128 130
58 34 : 8 10 11 13 15 17 32 34 36 37 39 41 42 50 52 53 56 57 61 64 65 67 70 74 75 87 89 92 94 98 99 123 124 128
59 35 : 4 10 14 17 19 20 22 23 26 34 39 43 48 50 52 56 57 58 61 69 71 73 74 75 76 80 81 85 86 87 101 102 105 111 120
60 34 : 0 1 6 8 17 20 21 33 34 39 57 70 73 75 76 77 82 84 85 87 92 98 103 105 106 111 113 114 115 116 120 125 128 131
61 34 : 0 1 3 10 12 18 19 28 33 35 47 51 52 53 55 62 64 66 70 82 91 98 100 105 106 112 118 120 121 124 126 127 129 131
62 35 : 3 6 7 9 14 17 20 22 25 27 34 40 44 46 47 49 54 59 61 65 69 73 75 79 80 81 84 92 100 106 115 123 125 127 130
63 34 : 2 4 6 7 10 11 19 20 21 25 26 32 48 49 50 51 53 56 64 71 73 77 86 87 92 106 107 112 115 121 124 125 126 131
64 34 : 4 6 14 21 27 32 33 34 38 44 45 51 64 65 73 74 75 76 81 82 90 92 105 106 107 114 118 119 121 125 126 130 131 132
65 34 : 1 6 14 23 28 29 32 33 34 42 44 45 46 54 57 65 66 74 87 91 92 99 100 106 107 111 112 115 119 122 124 125 126 127
66 34 : 14 20 21 24 25 28 30 31 38 47 50 53 57 61 65 68 72 73 74 79 80 94 99 101 104 106 110 114 116 118 119 120 128 132
67 35 : 4 10 20 29 30 31 40 47 49 56 57 58 61 71 72 74 76 79 80 87 88 90 91 94 97 98 101 102 103 108 110 118 128 129 131
68 35 : 4 6 8 11 15 18 20 25 28 31 36 40 43 44 52 53 54 71 76 80 82 84 85 95 104 106 107 108 117 118 123 125 128 131 132
69 34 : 3 8 10 12 13 18 27 30 32 33 35 38 45 46 47 52 65 66 73 80 85 87 89 90 96 101 106 113 115 116 118 120 121 131
70 35 : 0 8 10 16 17 28 41 43 44 47 54 57 61 62 63 65 73 75 76 77 79 82 83 84 87 93 104 105 106 111 115 118 120 125 131
71 35 : 6 7 8 17 21 25 31 33 34 38 39 43 53 67 74 75 82 84 87 88 92 97 104 105 106 110 111 112 113 117 120 124 128 129 131
72 35 : 0 5 10 12 15 18 28 31 32 37 38 42 44 47 54 59 69 75 79 85 88 89 92 106 107 108 112 113 115 118 124 125 126 129 130
73 35 : 0 4 5 18 19 20 29 39 42 43 44 49 52 55 57 65 67 69 73 74 76 83 88 89 92 93 96 98 102 103 105 113 115 117 120
74 34 : 0 1 4 6 8 20 21 33 34 42 43 46 47 53 57 59 60 61 62 65 73 75 76 80 92 98 102 105 106 111 115 120 125 131
75 35 : 0 1 8 9 12 22 28 32 33 35 37 43 47 57 58 62 65 69 73 75 76 80 84 87 92 94 106 107 111 115 118 125 126 130 131
76 34 : 0 11 16 18 19 20 21 23 30 34 42 43 45 54 61 63 64 71 76 77 79 84 86 91 92 93 102 108 112 119 120 126 129 132
77 34 : 0 2 6 17 18 19 24 28 31 32 34 37 40 41 57 58 73 79 80 82 84 85 90 91 94 100 101 102 106 113 122 123 126 129
78 34 : 3 8 14 25 35 38 44 45 54 57 60 65 66 67 71 72 73 74 81 82 84 87 92 94 95 97 98 105 113 115 118 120 122 123
79 34 : 0 1 6 8 16 20 26 28 33 34 35 36 43 47 49 50 59 65 66 74 76 80 82 84 87 95 105 106 108 115 116 121 125 131
80 34 : 0 1 8 11 20 23 24 26 27 33 35 50 53 57 65 67 69 73 82 87 88 92 95 97 98 103 104 108 109 111 119 120 124 129
81 34 : 5 6 8 9 10 11 26 28 31 37 47 57 66 69 70 73 76 79 83 88 92 94 99 101 102 104 105 112 116 120 125 126 128 131
82 34 : 0 2 3 15 19 23 24 25 30 32 34 36 38 42 43 44 45 58 63 64 69 74 77 86 87 89 105 107 109 115 119 120 123 131
83 34 : 0 6 8 16 17 20 27 28 33 34 47 51 52 55 57 59 65 73 75 76 80 84 85 87 89 92 102 105 111 115 125 127 130 131
84 34 : 0 3 5 7 14 22 27 31 36 37 48 50 51 57 60 61 64 72 73 75 77 78 81 82 83 84 86 92 95 105 115 120 122 128
85 34 : 1 2 22 23 30 31 32 44 47 48 57 58 65 73 75 76 78 81 83 84 85 90 91 94 95 96 97 100 105 123 124 125 127 130
86 34 : 3 6 7 8 9 17 18 28 33 35 46 47 48 49 51 55 56 64 68 71 73 78 80 81 82 87 92 106 108 109 114 117 127 131
87 34 : 2 4 8 11 20 22 30 32 33 36 42 51 54 57 60 65 71 73 76 78 84 91 92 98 101 102 104 107 110 111 114 120 125 126
88 34 : 6 8 19 20 25 37 40 47 48 52 55 56 60 64 65 78 80 84 87 92 98 101 105 113 115 116 120 121 123 125 126 127 131 132
89 35 : 6 7 8 10 18 20 21 22 24 33 41 43 46 47 54 59 61 62 65 75 76 80 82 84 87 98 105 106 108 110 115 120 125 130 131
90 35 : 3 6 8 12 13 14 15 16 26 33 40 41 42 43 46 59 67 73 74 76 84 87 93 98 101 103 104 109 111 115 118 122 128 130 132
91 34 : 11 16 18 20 27 33 34 36 43 52 53 54 55 58 62 63 64 69 73 75 76 77 81 82 84 96 98 103 109 118 119 120 125 132
92 34 : 0 2 6 8 18 19 20 21 34 36 43 47 59 65 75 76 80 82 86 87 91 95 100 105 106 111 114 115 120 125 126 130 131 132
93 34 : 0 2 4 5 15 20 24 26 27 28 44 45 47 50 54 55 57 59 64 68 72 75 77 82 89 94 96 99 101 104 109 116 120 125
94 34 : 0 5 6 8 20 21 31 34 36 39 47 57 65 66 73 75 82 84 87 92 96 99 100 105 106 110 111 113 115 120 125 127 128 131
95 34 : 6 8 21 30 33 34 37 42 43 48 49 53 54 65 75 78 80 82 84 86 96 106 109 113 114 115 119 120 121 124 125 126 127 129
96 34 : 6 8 13 20 22 30 33 36 38 43 48 49 52 54 55 60 63 64 65 73 76 78 82 83 84 87 92 96 98 102 105 111 122 128
97 34 : 0 3 8 10 12 17 20 24 28 31 32 34 35 43 48 55 62 64 66 68 69 71 75 83 84 88 94 96 100 114 118 120 127 131
98 34 : 1 3 4 6 10 22 23 24 31 33 39 40 47 57 65 66 70 71 74 80 90 91 96 99 104 105 106 108 111 117 124 125 129 130
99 34 : 1 5 6 12 13 17 27 30 34 35 36 43 51 59 60 75 76 77 80 82 83 93 94 98 99 100 106 111 114 116 119 123 125 131
100 34 : 13 15 18 20 23 24 26 30 32 34 36 37 41 45 47 64 72 74 75 76 86 92 93 95 96 105 108 111 112 114 115 117 120 125
101 34 : 0 2 8 9 12 15 17 18 20 22 29 30 33 36 39 42 43 47 56 60 63 65 66 68 75 78 87 91 93 103 105 106 124 131
102 34 : 1 10 11 20 22 28 29 41 45 47 53 58 61 65 68 71 73 74 76 80 81 83 84 90 91 92 98 105 106 110 113 115 120 125
103 34 : 0 6 14 15 20 21 30 31 33 34 35 37 47 50 55 65 67 70 71 73 76 78 83 84 86 93 94 108 109 111 114 118 123 129
104 34 : 6 9 13 14 20 22 23 30 34 39 40 43 46 47 48 51 53 59 64 65 66 75 80 82 87 92 93 99 105 109 117 119 120 125
105 34 : 0 3 6 7 8 9 10 17 22 24 26 32 33 34 35 42 43 47 57 75 76 80 82 84 91 92 95 105 106 120 122 128 129 131
106 34 : 5 8 12 16 19 20 24 26 32 34 43 47 48 49 51 57 61 65 73 75 76 80 82 84 87 89 99 105 106 108 111 115 125 131
107 34 : 0 1 5 6 8 12 20 21 25 33 34 54 55 59 65 73 75 77 80 82 87 92 98 105 106 111 115 116 117 118 120 125 127 131
108 34 : 0 1 4 5 8 9 12 16 18 19 22 23 24 29 35 49 54 55 69 73 74 76 81 84 87 99 106 108 109 111 117 119 125 128
109 34 : 0 4 6 7 11 12 14 20 26 27 30 32 44 45 48 51 56 63 69 71 73 75 81 83 84 87 92 97 99 104 119 120 128 131
110 34 : 0 3 6 7 20 24 33 34 38 43 45 47 50 65 72 74 75 76 80 82 84 86 87 90 92 105 106 111 115 116 120 125 127 130
111 34 : 5 9 11 13 14 15 18 20 24 27 34 36 39 53 56 58 62 65 69 70 73 84 87 88 90 100 102 105 106 109 111 115 117 122
112 34 : 5 7 14 17 24 26 27 33 38 41 51 52 56 57 58 59 65 67 70 71 73 76 82 87 90 94 100 109 111 114 119 129 130 131
113 34 : 0 3 4 5 6 10 13 23 30 33 34 37 43 46 50 51 55 61 67 70 75 76 79 83 84 86 101 103 105 106 107 109 110 125
114 34 : 2 3 8 10 12 19 20 21 23 30 33 34 39 42 45 47 51 56 57 59 70 78 82 84 87 90 92 101 107 111 112 120 121 122
115 34 : 8 9 13 15 19 25 27 28 33 44 55 59 67 69 72 75 76 80 81 82 87 89 90 101 105 106 107 111 113 114 117 124 125 132
116 35 : 0 6 8 20 21 22 28 32 33 34 38 39 40 42 43 46 47 57 65 73 75 76 82 84 86 87 90 94 104 105 106 111 115 120 125
117 34 : 10 15 16 19 21 23 24 40 43 55 57 60 62 68 71 72 73 75 77 79 80 89 90 92 96 103 105 113 114 117 119 123 126 131
118 34 : 1 7 9 13 20 27 30 31 32 33 37 40 43 56 57 60 63 70 72 73 74 78 84 88 91 92 98 101 106 109 111 112 117 121
119 34 : 6 7 23 25 33 34 38 41 42 46 50 54 55 57 62 63 64 67 74 77 82 83 85 87 92 93 96 108 110 111 114 120 125 131
120 34 : 3 6 12 14 15 29 32 39 43 48 51 52 53 57 58 59 60 64 66 70 72 75 79 81 82 84 87 99 105 106 111 125 128 131
121 34 : 0 1 3 5 10 11 13 23 27 29 33 34 40 43 46 47 48 62 63 65 71 76 80 84 87 89 92 93 95 103 111 120 124 125
122 34 : 0 4 6 8 11 12 20 35 37 43 47 49 52 54 55 57 62 73 75 76 80 81 82 84 85 87 95 99 105 106 111 117 120 131
123 34 : 0 5 6 7 13 14 18 20 24 27 30 32 34 35 43 44 48 60 61 65 66 70 82 85 87 92 95 104 106 113 120 121 129 131
124 34 : 5 6 20 24 33 34 43 47 57 65 68 73 74 76 79 80 81 82 84 86 87 89 92 105 106 108 110 111 117 118 119 125 129 131
125 34 : 2 7 8 21 22 26 27 35 42 43 45 50 51 53 54 55 64 67 70 72 73 74 78 80 82 89 90 102 105 106 110 117 123 131
126 34 : 0 5 6 8 16 26 28 33 34 43 47 57 60 61 65 70 73 75 80 82 85 88 92 93 98 99 105 110 111 115 118 120 128 131
127 34 : 0 1 6 8 15 16 20 24 28 31 33 34 43 53 54 57 59 60 70 73 75 84 85 92 104 105 111 115 118 120 125 127 130 131
128 34 : 0 1 8 9 14 15 20 22 25 27 42 43 49 57 63 65 73 75 77 78 80 81 82 84 96 101 105 111 113 114 122 123 127 128
129 34 : 3 7 8 11 17 18 22 30 33 34 43 49 54 61 75 79 81 82 84 93 103 104 105 106 107 110 111 112 113 119 121 127 131 132
130 34 : 0 6 7 12 13 17 19 20 25 31 34 37 43 52 53 57 65 73 74 76 78 87 90 92 102 103 105 107 110 112 117 118 120 125
131 35 : 0 4 5 15 20 30 32 38 42 47 55 56 59 60 61 64 73 74 75 76 88 90 94 96 105 106 110 111 112 113 117 119 122 125 127
132 34 : 0 3 14 15 18 20 21 31 33 40 47 54 56 67 71 72 76 82 90 92 93 96 98 104 106 111 114 115 120 121 122 123 125 131
133 34 : 0 6 8 16 20 28 34 37 41 43 47 50 53 57 59 65 66 73 74 75 76 80 82 86 87 92 95 97 105 106 115 125 126 131
134 34 : 7 8 13 14 25 26 33 34 36 38 40 41 43 44 49 58 59 60 61 65 74 75 76 80 85 93 96 100 105 110 114 120 121 127
135 34 : 0 6 8 20 22 27 30 33 38 39 47 51 56 57 65 68 73 74 76 78 80 83 84 87 91 92 97 100 105 111 115 120 125 129
136 34 : 0 5 8 13 18 24 29 38 40 42 43 44 47 49 56 61 62 65 78 80 84 92 94 105 106 108 111 112 117 120 121 125 126 130
137 34 : 5 7 9 12 31 34 38 39 40 41 42 47 56 60 61 62 65 71 73 74 76 80 82 85 92 103 105 111 112 115 121 123 125 132
138 34 : 0 2 6 8 16 20 28 33 34 42 43 51 55 62 65 69 73 75 76 80 82 84 87 92 94 97 101 105 106 111 115 119 130 131
139 34 : 3 4 7 19 20 22 23 25 27 31 33 34 35 36 43 47 49 58 65 75 76 83 90 92 95 101 111 113 116 118 119 120 121 122
140 34 : 0 5 8 11 13 20 27 33 34 42 43 47 48 50 57 59 65 75 76 80 84 87 92 96 105 106 111 115 120 125 126 128 129 131
141 33 : 0 8 15 20 24 33 34 41 43 47 57 62 65 69 72 74 76 80 82 84 85 87 92 103 105 106 107 111 115 120 122 125 131
142 34 : 0 1 6 15 19 24 26 36 37 38 39 43 50 53 58 62 63 67 68 74 79 80 86 89 92 95 96 106 108 111 118 121 125 129
143 34 : 2 8 12 14 16 17 20 25 27 29 31 32 33 42 43 47 53 56 73 75 80 84 88 101 104 109 111 117 118 119 125 127 129 132
144 34 : 2 5 8 9 13 27 30 32 33 34 43 45 48 51 54 55 61 66 71 77 80 83 85 88 92 98 102 107 109 115 119 123 125 131
145 34 : 8 15 23 24 26 34 36 41 42 43 45 61 63 71 80 81 84 94 96 99 102 105 106 107 113 116 119 120 121 122 125 127 128 130
146 34 : 0 2 3 6 16 17 20 33 34 36 44 49 50 61 64 71 72 75 76 78 79 82 83 84 88 90 95 97 99 111 118 120 121 129
147 34 : 0 2 7 8 9 10 20 23 29 31 34 39 46 47 48 52 54 57 62 65 76 77 79 84 85 87 101 111 115 119 120 123 125 128
148 34 : 4 8 10 20 22 26 27 35 43 44 47 49 57 60 63 72 78 80 83 88 90 91 92 95 97 100 102 104 110 112 124 125 128 131
149 34 : 0 4 6 16 20 21 28 31 33 45 47 57 62 66 72 74 76 78 81 85 92 93 97 104 105 110 111 115 118 119 120 121 125 132
150 34 : 0 7 9 10 11 26 41 46 47 49 54 56 58 61 63 68 75 79 80 81 84 86 87 88 89 95 107 111 112 115 119 120 121 126
151 34 : 8 9 12 17 22 23 29 34 37 41 43 46 47 49 53 57 59 62 66 74 82 84 87 92 94 104 105 108 110 115 117 122 130 131
152 34 : 0 4 6 9 11 15 16 18 25 27 28 32 34 41 43 52 59 60 68 69 75 76 78 80 82 84 92 96 105 107 109 115 129 131
153 34 : 5 12 19 20 23 27 31 32 44 46 57 67 70 71 75 76 81 82 87 89 97 98 101 104 105 108 109 112 116 117 118 122 129 130
154 34 : 0 2 8 11 20 29 33 34 36 37 40 41 44 45 49 50 63 68 73 75 78 82 84 88 89 92 95 96 111 113 115 119 125 131
155 34 : 2 3 8 15 20 21 24 26 28 29 39 43 45 47 58 61 62 69 73 75 80 81 82 84 85 94 100 106 112 121 123 125 126 127
156 34 : 0 7 10 11 15 16 20 22 26 27 33 36 40 47 52 56 57 62 68 70 76 80 81 82 87 93 99 102 108 112 120 121 123 132
157 34 : 8 13 20 27 32 33 34 35 40 42 43 46 51 56 57 64 65 73 76 80 82 84 87 88 93 99 104 105 106 108 111 118 120 128
158 34 : 5 6 8 11 14 15 18 23 31 32 33 35 43 47 49 50 54 56 62 68 73 74 79 84 97 100 102 105 111 113 123 124 130 132
159 34 : 1 4 10 16 20 33 34 37 47 52 53 54 57 59 62 68 76 79 80 82 84 85 90 92 93 95 100 104 106 111 119 126 130 131
160 34 : 8 9 10 12 16 18 19 22 24 25 30 31 33 37 45 50 52 54 63 68 72 73 74 75 89 103 105 108 110 111 123 125 130 131
161 34 : 1 2 5 6 14 25 26 38 39 41 49 51 53 61 62 63 67 73 75 81 82 84 85 91 92 94 95 102 104 105 110 113 115 124
162 34 : 2 4 5 9 11 12 15 16 23 29 39 40 41 50 61 67 68 74 80 82 84 86 87 90 92 96 100 103 105 110 113 115 118 125
163 34 : 1 8 10 14 20 23 30 31 32 34 37 51 56 57 62 67 69 78 80 82 88 92 93 96 105 106 109 110 111 113 114 115 121 127
164 33 : 0 8 16 18 20 26 31 34 36 50 51 56 57 60 65 66 68 75 76 80 82 84 87 92 102 105 115 116 117 120 122 125 131
165 34 : 2 3 6 8 17 20 34 37 43 57 58 60 61 63 64 65 68 73 76 82 84 89 96 97 101 104 109 115 116 117 122 123 128 129
166 34 : 0 1 6 26 29 37 43 48 52 57 61 65 67 75 76 79 80 81 82 85 86 88 92 96 100 101 104 108 113 115 118 126 130 131
167 34 : 7 9 10 13 16 22 34 40 41 43 49 53 54 61 62 67 74 75 76 82 85 86 87 88 94 96 114 118 121 122 123 125 127 131
168 34 : 0 1 6 7 8 19 27 28 30 31 33 34 40 43 47 73 74 75 76 82 84 87 89 92 94 95 97 99 105 106 118 120 125 129
169 34 : 0 1 6 8 19 20 23 29 31 33 35 38 41 42 43 53 55 57 58 59 70 75 76 77 84 88 90 103 105 106 109 122 125 128
170 34 : 12 16 19 20 23 25 36 39 44 48 52 53 58 64 70 71 72 73 76 77 79 81 82 90 91 97 105 106 111 112 115 117 125 131
171 34 : 0 3 8 12 13 23 25 29 31 34 36 38 43 46 48 54 62 65 71 73 75 76 77 86 88 89 99 100 108 125 128 129 130 131
172 34 : 4 8 16 22 23 30 34 35 43 49 56 57 59 62 66 69 70 71 72 73 75 76 80 84 86 88 91 96 98 113 115 121 125 129
173 34 : 0 8 16 17 19 23 29 33 38 43 46 48 52 55 60 61 69 72 75 92 93 96 101 104 105 107 109 110 114 115 118 120 121 125
174 34 : 0 3 5 6 9 11 13 15 19 20 22 26 29 30 37 51 55 68 76 77 80 82 87 89 96 97 102 103 110 112 114 125 130 131
175 34 : 0 3 5 6 12 14 18 21 22 34 35 39 40 43 44 50 51 58 59 60 64 66 68 75 77 80 82 83 84 94 108 112 115 126
176 34 : 0 5 8 14 17 29 30 34 35 37 41 43 45 66 74 76 77 81 86 103 105 109 110 111 112 113 115 118 122 123 125 126 130 131
177 34 : 1 8 9 20 25 28 29 32 33 34 47 48 53 54 65 68 76 78 80 85 91 93 94 95 99 102 105 106 107 115 118 121 125 131
178 33 : 0 4 6 8 20 34 35 43 47 57 68 73 74 75 76 77 82 83 84 87 88 92 99 100 105 106 111 115 120 124 125 130 131
179 34 : 0 2 6 9 17 19 20 34 36 39 43 46 47 48 56 59 62 63 65 67 71 81 82 84 87 89 92 96 97 114 116 119 125 128
180 34 : 0 4 6 8 11 13 16 26 33 34 41 46 47 50 53 55 58 59 63 65 67 71 72 81 83 85 93 104 105 110 112 115 121 131
181 34 : 0 2 3 6 7 11 14 15 19 22 29 36 38 43 44 51 56 65 66 72 77 79 80 87 97 106 110 115 116 118 119 121 129 132
182 34 : 1 2 11 13 24 26 28 30 34 35 39 46 57 58 59 63 75 77 80 82 86 87 90 94 95 97 105 106 107 113 117 119 120 131
183 34 : 3 4 5 6 7 12 29 33 36 37 42 44 47 49 56 59 62 65 68 69 78 81 82 83 86 88 90 91 96 103 105 112 119 125
184 34 : 5 13 15 17 27 28 40 41 43 44 45 46 49 50 59 60 61 64 67 68 75 80 85 87 90 106 107 110 112 114 121 122 125 131
185 34 : 0 1 6 22 23 24 28 29 30 38 43 47 54 65 66 71 73 76 80 83 84 85 86 100 106 109 111 112 113 114 115 118 123 125
186 34 : 0 9 10 11 14 19 20 30 32 34 35 38 39 41 42 45 48 49 55 57 60 62 66 76 77 79 87 88 93 101 105 109 112 119
187 33 : 0 4 18 20 26 31 33 40 43 47 57 59 65 73 75 76 78 80 82 84 87 92 93 94 105 106 111 116 120 123 124 131 132
188 34 : 5 11 12 16 21 24 27 37 38 44 45 47 49 52 57 63 69 72 74 77 80 81 82 83 91 93 98 99 103 106 108 120 121 123
189 34 : 0 8 17 20 24 33 34 37 42 43 50 54 57 62 68 70 75 76 80 82 83 84 87 92 94 95 101 103 105 111 115 120 131 132
190 34 : 4 8 10 11 12 23 25 29 30 35 43 48 49 57 58 60 63 71 72 74 78 79 85 99 100 101 103 104 105 109 113 118 122 127
191 34 : 0 2 6 9 11 14 20 34 41 44 49 55 58 64 65 73 78 79 80 91 92 95 100 103 105 107 114 119 120 124 125 129 131 132
192 34 : 5 6 11 13 16 17 20 26 29 30 36 37 38 47 49 53 54 59 64 66 77 78 82 84 88 89 95 100 111 112 114 115 120 131
193 34 : 0 2 3 6 9 15 22 28 39 46 47 48 52 56 57 59 66 67 77 80 81 82 84 86 89 90 91 92 98 110 120 124 125 127
194 34 : 3 4 6 15 25 28 32 33 36 40 41 42 47 48 53 57 59 60 63 68 70 72 73 76 80 84 89 97 100 105 107 113 123 127
195 34 : 2 6 16 20 24 29 35 37 40 42 47 52 55 65 66 68 70 76 79 80 82 86 91 95 97 101 105 109 115 118 120 122 124 129
196 34 : 0 2 17 20 27 37 38 45 46 50 57 59 60 63 65 66 68 69 81 85 89 92 100 102 103 111 114 115 117 118 123 125 128 132
197 34 : 0 6 7 8 10 14 26 34 39 43 47 51 57 67 68 69 73 74 76 77 80 87 88 92 102 105 111 119 120 123 125 129 130 131
198 34 : 0 6 20 28 33 34 35 37 38 41 44 55 57 67 68 70 72 76 77 80 84 86 87 88 97 98 103 107 115 116 124 127 128 130
199 34 : 3 4 6 9 11 24 28 32 33 34 36 39 41 43 49 53 59 65 67 80 92 93 94 96 98 100 103 108 111 122 125 130 131 132
