N C E M
100 83 4950 990
Opt_part_L_size, Opt_part_R_size, Opt_number_of_colors
19 81 14
N of L changes = 2
Min number of labels in a vertice, Max number of labels in a vertice
16 19
Solution Set
18(7) 4(8) 3(26) 63(30) 62(30) 49(32) 80(36) 82(37) 36(37) 6(38) 28(39) 69(40) 21(41) 26(43) 
Number of edges by Color (l n)
0 26 43
1 21 41
2 69 40
3 28 39
4 6 38
5 36 37
6 82 37
7 80 36
8 49 32
9 62 30
10 63 30
11 3 26
12 30 12
13 11 11
14 35 10
15 40 10
16 52 10
17 71 10
18 7 9
19 9 9
20 14 9
21 16 9
22 17 9
23 23 9
24 37 9
25 55 9
26 67 9
27 76 9
28 78 9
29 0 8
30 1 8
31 2 8
32 4 8
33 5 8
34 8 8
35 10 8
36 12 8
37 13 8
38 19 8
39 22 8
40 31 8
41 33 8
42 38 8
43 41 8
44 42 8
45 44 8
46 46 8
47 47 8
48 51 8
49 54 8
50 72 8
51 73 8
52 74 8
53 75 8
54 15 7
55 18 7
56 20 7
57 24 7
58 25 7
59 27 7
60 29 7
61 32 7
62 34 7
63 39 7
64 43 7
65 45 7
66 48 7
67 50 7
68 56 7
69 57 7
70 59 7
71 60 7
72 61 7
73 64 7
74 65 7
75 68 7
76 70 7
77 77 7
78 81 7
79 53 6
80 58 6
81 66 6
82 79 6
Label List by vertices (vertice Id, Number of labels : set of labels
0 18 : 3 8 11 22 26 34 36 40 49 55 58 60 62 63 65 70 74 78
1 18 : 0 4 8 15 18 24 35 37 38 40 49 52 55 61 68 69 71 82
2 18 : 7 15 18 26 27 28 33 35 38 44 49 52 57 59 65 68 69 82
3 18 : 2 4 5 6 27 28 36 37 46 48 51 57 63 64 71 72 80 82
4 18 : 2 21 26 28 30 31 41 46 52 56 62 65 68 72 73 75 77 82
5 18 : 0 9 20 23 25 26 28 40 43 44 49 58 62 69 76 78 80 82
6 18 : 1 5 6 9 11 19 21 24 34 35 36 37 40 41 50 53 59 81
7 18 : 3 4 12 13 16 20 25 30 31 49 53 63 65 69 72 73 74 80
8 17 : 2 3 26 28 32 46 50 51 53 55 64 66 69 71 73 74 75
9 17 : 3 7 12 25 35 36 38 41 47 52 54 57 66 69 70 72 80
10 18 : 2 8 9 21 24 25 26 32 47 52 58 61 63 68 69 77 79 80
11 18 : 1 5 6 9 11 13 18 20 25 26 30 33 51 54 56 58 71 78
12 17 : 3 7 17 23 24 31 39 45 47 48 52 54 66 69 71 74 80
13 18 : 6 10 16 21 25 29 30 34 38 46 49 50 53 66 73 76 77 82
14 18 : 11 13 21 31 35 37 43 44 46 49 51 54 55 66 69 75 76 80
15 17 : 1 15 26 29 30 35 36 40 41 43 49 55 62 69 70 71 73
16 17 : 12 18 21 25 26 33 38 41 43 47 56 59 67 73 74 76 82
17 18 : 5 6 10 16 19 22 26 30 35 36 45 50 56 57 60 69 73 80
18 17 : 3 6 15 21 23 26 28 36 51 54 60 62 63 69 78 80 82
19 17 : 3 4 6 10 11 13 17 27 36 37 39 63 66 69 74 80 81
20 19 : 3 4 6 21 23 26 28 36 39 44 48 49 63 69 71 76 78 80 82
21 18 : 7 9 11 12 16 21 31 38 49 51 52 61 62 70 77 78 81 82
22 17 : 2 6 14 15 16 21 24 26 28 30 36 41 49 60 62 69 82
23 17 : 6 7 11 12 21 28 30 34 36 37 46 49 55 62 63 70 71
24 17 : 12 15 17 28 31 35 36 37 42 43 49 54 56 60 61 63 78
25 18 : 0 6 17 21 29 35 38 40 45 46 50 51 61 67 69 71 75 80
26 17 : 3 6 16 21 26 28 39 59 62 63 69 70 76 77 78 80 82
27 17 : 7 8 11 12 21 22 27 28 34 36 48 59 64 67 68 69 80
28 17 : 0 3 5 6 8 9 13 21 31 49 51 60 61 63 69 74 82
29 17 : 8 12 21 23 31 33 36 41 48 51 57 62 63 69 73 77 80
30 17 : 6 9 11 15 16 20 21 25 26 34 36 46 55 59 69 79 80
31 17 : 3 5 6 14 21 23 26 28 30 36 40 44 47 49 63 80 82
32 17 : 3 4 5 12 14 19 28 29 31 41 42 53 63 65 77 80 82
33 17 : 3 6 8 9 12 22 26 27 33 35 45 51 62 70 74 76 82
34 17 : 10 11 19 21 24 28 30 37 39 44 46 51 63 65 67 69 80
35 17 : 10 16 24 32 34 36 40 44 45 59 67 69 70 73 74 75 78
36 17 : 1 10 13 16 21 27 28 32 33 34 36 37 50 54 72 73 79
37 17 : 6 16 26 27 28 36 48 52 59 60 62 63 64 67 68 71 74
38 17 : 2 6 8 11 17 18 22 26 40 50 51 52 54 67 69 74 77
39 17 : 1 5 9 12 14 17 21 26 31 36 44 46 49 66 67 80 82
40 17 : 4 5 6 17 21 22 24 26 29 40 42 43 49 56 61 62 75
41 17 : 0 1 3 6 10 18 25 26 35 42 56 61 66 74 75 77 79
42 17 : 6 13 17 19 22 23 26 28 36 41 44 48 52 64 72 74 79
43 17 : 1 2 5 6 16 23 27 35 36 40 52 56 63 65 69 80 82
44 17 : 2 4 17 23 29 31 32 39 40 44 54 55 62 65 69 73 82
45 17 : 9 14 17 26 36 40 42 48 49 56 60 62 63 66 77 80 82
46 17 : 0 23 27 29 32 34 43 50 55 59 60 65 69 71 78 80 82
47 17 : 6 9 21 24 28 31 33 36 38 40 41 46 62 65 69 79 82
48 17 : 6 14 16 20 26 28 33 38 48 62 63 64 67 68 71 75 81
49 16 : 1 2 4 12 14 25 28 31 36 43 44 64 73 78 80 81
50 17 : 2 3 9 14 15 22 26 28 35 37 40 41 43 47 48 72 82
51 17 : 0 3 7 11 20 26 35 42 49 52 59 60 62 67 69 70 82
52 17 : 3 5 6 14 21 26 27 28 36 42 49 58 62 63 75 80 82
53 17 : 1 9 19 23 24 26 30 33 34 35 62 63 64 77 78 80 82
54 17 : 5 6 8 13 19 21 27 28 38 49 53 65 76 77 78 80 81
55 17 : 3 7 13 23 30 32 33 36 41 46 48 49 53 57 58 69 78
56 17 : 3 6 14 21 23 26 28 30 40 41 49 54 58 62 63 69 82
57 17 : 1 3 9 11 17 26 31 34 36 49 57 67 69 70 72 75 81
58 17 : 1 3 6 21 30 33 36 38 49 50 62 63 64 65 69 73 82
59 17 : 6 9 13 14 19 21 23 28 29 30 36 39 42 63 69 80 82
60 17 : 0 5 6 11 20 21 26 30 47 48 54 60 67 74 77 79 82
61 17 : 3 10 14 17 26 28 29 31 33 36 37 41 61 62 63 68 74
62 17 : 3 13 14 17 21 24 26 36 49 52 54 59 62 63 72 81 82
63 17 : 0 1 3 10 11 12 21 26 28 32 36 40 49 62 64 71 80
64 17 : 3 6 9 10 14 21 25 26 27 30 36 48 62 69 80 81 82
65 17 : 6 8 13 14 26 28 30 32 36 42 49 51 62 63 69 80 82
66 17 : 5 6 14 21 23 30 32 34 37 43 49 54 55 62 67 68 75
67 17 : 1 2 5 6 7 11 17 18 28 33 36 45 55 72 78 80 82
68 17 : 2 6 21 22 26 28 36 43 49 51 54 58 67 69 72 80 82
69 17 : 0 6 14 16 19 21 26 28 35 45 49 52 56 57 69 75 82
70 17 : 0 3 9 15 21 24 28 33 36 45 49 50 62 63 66 76 80
71 17 : 2 3 6 19 21 26 30 42 47 49 52 55 62 63 69 78 80
72 17 : 6 10 11 19 20 21 27 28 36 47 53 61 63 70 72 75 82
73 16 : 2 3 15 26 28 36 49 55 62 63 67 69 71 75 80 82
74 17 : 3 6 8 14 16 19 20 21 26 39 40 47 50 62 70 72 82
75 17 : 0 4 6 15 21 26 28 38 42 46 47 57 58 60 68 72 81
76 18 : 4 18 20 21 22 26 28 34 35 43 45 50 63 73 76 79 80 82
77 17 : 2 3 8 18 20 21 25 33 35 40 42 47 55 56 63 69 82
78 16 : 0 1 3 16 17 18 22 28 30 36 49 55 56 72 76 80
79 17 : 3 5 11 13 17 21 26 36 37 44 46 49 54 69 73 76 80
80 17 : 7 11 15 25 28 38 49 53 57 62 63 66 69 76 80 81 82
81 17 : 4 6 7 10 21 22 28 34 36 42 52 57 62 63 65 67 76
82 17 : 6 7 10 21 26 28 36 39 43 49 61 62 63 64 67 69 80
83 16 : 3 6 18 21 26 28 29 49 59 62 63 67 69 70 80 82
84 17 : 3 6 13 26 28 36 38 43 44 52 56 61 62 63 69 71 82
85 17 : 0 1 7 8 9 19 28 29 44 45 49 57 58 68 79 81 82
86 17 : 11 12 16 20 22 33 35 36 38 39 42 62 64 65 69 80 82
87 17 : 6 7 11 12 17 22 26 28 29 47 49 56 62 71 79 81 82
88 17 : 4 8 12 21 22 26 28 31 37 39 44 45 46 47 69 74 80
89 17 : 3 6 17 21 23 26 28 32 36 37 55 62 63 64 69 80 82
90 17 : 3 11 16 18 19 29 30 36 48 52 53 57 69 71 73 75 82
91 17 : 2 7 10 19 20 26 36 37 38 42 45 49 51 62 63 68 76
92 17 : 21 26 29 39 42 44 50 53 59 62 63 64 68 71 76 78 82
93 17 : 0 3 4 7 20 28 37 46 47 57 61 63 69 72 75 76 79
94 17 : 6 13 15 18 21 23 24 26 32 36 41 45 47 49 52 63 82
95 17 : 6 10 19 24 26 27 28 30 39 45 49 50 53 60 78 79 81
96 17 : 6 7 8 21 25 26 28 36 37 49 51 55 58 62 69 80 82
97 16 : 6 13 15 21 22 26 28 30 36 49 59 61 69 77 80 82
98 17 : 0 6 7 8 16 28 32 35 36 39 41 49 54 62 66 70 71
99 17 : 1 10 18 21 23 26 32 40 49 52 55 58 60 63 68 71 76
