N C E M
100 183 4950 990
Opt_part_L_size, Opt_part_R_size, Opt_number_of_colors
5 95 13
N of L changes = 3
Min number of labels in a vertice, Max number of labels in a vertice
14 18
Solution Set
12(2) 53(2) 28(3) 40(16) 159(18) 161(18) 149(26) 11(27) 80(28) 4(28) 47(29) 153(32) 160(41) 
Number of edges by Color (l n)
0 160 41
1 153 32
2 47 29
3 4 28
4 80 28
5 11 27
6 149 26
7 159 18
8 161 18
9 40 16
10 76 10
11 145 10
12 26 9
13 13 8
14 18 8
15 97 8
16 105 8
17 106 8
18 110 8
19 150 8
20 51 7
21 65 7
22 70 7
23 77 7
24 111 7
25 124 7
26 179 7
27 3 6
28 19 6
29 32 6
30 34 6
31 44 6
32 49 6
33 52 6
34 58 6
35 64 6
36 94 6
37 123 6
38 130 6
39 158 6
40 175 6
41 9 5
42 17 5
43 23 5
44 29 5
45 36 5
46 39 5
47 45 5
48 55 5
49 60 5
50 62 5
51 66 5
52 69 5
53 73 5
54 86 5
55 88 5
56 89 5
57 92 5
58 116 5
59 117 5
60 128 5
61 131 5
62 134 5
63 137 5
64 138 5
65 139 5
66 154 5
67 156 5
68 162 5
69 163 5
70 166 5
71 181 5
72 182 5
73 1 4
74 5 4
75 6 4
76 7 4
77 8 4
78 10 4
79 15 4
80 16 4
81 21 4
82 24 4
83 31 4
84 38 4
85 41 4
86 42 4
87 43 4
88 48 4
89 50 4
90 56 4
91 67 4
92 72 4
93 74 4
94 82 4
95 87 4
96 95 4
97 98 4
98 101 4
99 108 4
100 113 4
101 119 4
102 122 4
103 125 4
104 127 4
105 136 4
106 140 4
107 142 4
108 144 4
109 146 4
110 148 4
111 151 4
112 164 4
113 168 4
114 171 4
115 0 3
116 2 3
117 14 3
118 20 3
119 22 3
120 25 3
121 27 3
122 28 3
123 35 3
124 37 3
125 46 3
126 54 3
127 57 3
128 59 3
129 61 3
130 71 3
131 75 3
132 78 3
133 79 3
134 81 3
135 90 3
136 93 3
137 96 3
138 99 3
139 100 3
140 102 3
141 103 3
142 104 3
143 109 3
144 112 3
145 114 3
146 118 3
147 120 3
148 121 3
149 126 3
150 129 3
151 133 3
152 141 3
153 143 3
154 155 3
155 157 3
156 165 3
157 167 3
158 169 3
159 170 3
160 172 3
161 173 3
162 174 3
163 176 3
164 12 2
165 30 2
166 33 2
167 53 2
168 63 2
169 84 2
170 85 2
171 107 2
172 115 2
173 132 2
174 135 2
175 152 2
176 177 2
177 178 2
178 180 2
179 68 1
180 83 1
181 91 1
182 147 1
Label List by vertices (vertice Id, Number of labels : set of labels
0 18 : 22 34 38 62 66 70 71 80 94 109 113 123 134 145 164 166 174 182
1 18 : 5 11 19 41 45 47 52 55 62 84 89 98 137 140 143 160 172 181
2 18 : 7 18 51 65 70 76 77 81 97 118 119 130 137 146 150 153 160 164
3 14 : 4 11 39 40 47 80 97 117 145 149 153 159 160 161
4 18 : 2 4 13 23 26 33 36 40 42 48 50 74 76 82 142 153 163 176
5 18 : 2 19 22 31 32 41 50 52 63 73 77 82 100 110 116 150 159 160
6 18 : 3 4 26 29 34 47 49 50 69 74 94 100 130 152 158 161 166 167
7 18 : 3 9 23 26 36 40 49 80 83 95 97 101 111 120 124 135 139 159
8 18 : 10 13 24 26 32 38 39 48 54 65 68 86 101 130 138 149 150 161
9 18 : 2 4 6 8 9 11 29 47 69 71 72 74 93 139 141 151 153 172
10 18 : 0 1 3 4 6 11 17 22 27 73 96 104 111 160 167 173 178 181
11 18 : 1 3 4 8 11 14 17 41 61 72 99 114 116 138 155 158 175 179
12 18 : 41 49 57 60 70 73 80 92 116 124 130 138 142 155 158 161 166 172
13 18 : 11 19 38 51 52 61 64 65 66 86 92 98 108 145 159 160 172 178
14 18 : 1 9 11 49 58 72 75 88 110 114 116 130 132 134 160 168 173 175
15 18 : 4 10 11 18 26 28 31 45 76 87 100 101 111 122 155 160 168 182
16 18 : 11 17 20 43 53 72 77 84 89 90 97 110 122 128 149 158 160 173
17 18 : 4 23 31 34 43 50 58 60 64 87 97 124 129 131 139 153 158 182
18 18 : 3 4 12 25 28 47 48 65 77 97 105 111 112 113 124 126 137 149
19 18 : 4 11 74 92 95 98 99 116 119 123 139 140 153 160 163 169 171 173
20 15 : 4 11 28 40 47 80 97 106 149 150 153 159 160 161 180
21 18 : 4 14 32 40 43 44 50 51 66 70 80 86 87 121 142 150 161 173
22 18 : 10 14 32 35 37 47 71 77 86 106 112 127 143 148 153 160 165 166
23 18 : 4 13 17 21 29 31 44 45 58 63 81 89 94 130 131 149 153 179
24 16 : 4 11 12 28 39 40 47 80 136 149 153 159 160 161 164 180
25 18 : 4 9 10 14 17 26 49 51 70 72 80 91 98 104 110 126 136 160
26 18 : 11 16 18 32 47 69 89 91 96 105 124 145 149 150 158 167 168 180
27 18 : 13 20 29 60 66 70 111 133 137 144 145 148 149 153 159 167 172 179
28 18 : 4 13 19 31 37 64 71 89 99 106 114 119 120 145 147 153 160 179
29 18 : 9 13 34 36 40 49 51 82 105 118 124 127 128 135 153 154 159 174
30 18 : 18 24 34 38 56 60 67 77 81 82 84 88 92 122 123 136 149 159
31 18 : 1 11 14 19 23 27 40 51 52 59 76 78 94 111 114 123 134 149
32 18 : 4 11 15 42 47 51 60 68 74 97 103 105 110 125 153 173 177 180
33 18 : 1 11 29 32 37 41 58 99 122 123 125 128 131 139 145 168 170 182
34 18 : 1 43 45 47 48 55 73 80 105 119 129 130 134 148 153 161 163 176
35 14 : 4 11 40 47 75 80 106 136 145 149 153 159 160 161
36 18 : 26 48 49 51 59 66 73 80 88 98 106 110 136 151 157 160 181 182
37 18 : 5 8 18 20 34 40 54 56 66 71 77 87 90 95 98 133 144 160
38 18 : 4 18 24 26 31 36 47 56 70 86 97 134 149 154 155 162 163 176
39 18 : 7 8 11 21 25 39 42 50 56 70 94 107 110 119 142 148 161 169
40 18 : 4 5 35 52 55 56 87 89 94 105 110 118 128 146 159 165 174 182
41 18 : 20 21 32 39 48 64 74 80 86 118 133 144 145 149 153 159 162 171
42 18 : 0 17 18 36 58 130 136 137 138 149 150 153 160 162 163 166 167 170
43 18 : 13 26 38 45 49 66 77 87 90 95 125 140 142 145 158 160 162 168
44 18 : 4 5 8 16 39 40 45 87 96 99 105 135 144 149 154 160 163 176
45 18 : 18 30 36 54 59 60 69 70 76 93 95 111 123 139 152 159 167 168
46 18 : 4 18 27 34 38 58 59 70 77 111 124 128 153 156 159 164 179 182
47 18 : 17 19 23 26 43 44 52 69 71 78 115 121 123 125 139 145 153 160
48 18 : 25 44 56 57 58 59 72 76 80 88 101 113 129 135 145 149 150 156
49 18 : 10 24 41 47 65 67 70 77 79 96 117 131 134 137 145 161 168 171
50 18 : 3 30 40 66 70 76 88 110 129 134 142 147 148 149 153 154 160 170
51 15 : 4 11 40 47 53 75 80 117 149 150 153 159 160 161 164
52 18 : 0 4 13 40 42 57 64 70 77 80 92 105 107 121 154 164 166 170
53 18 : 21 26 44 47 75 82 86 93 115 124 133 137 146 149 150 152 163 172
54 18 : 4 16 21 22 40 47 55 59 64 88 103 105 106 123 138 144 154 181
55 17 : 4 7 10 56 69 80 88 106 118 143 154 156 157 159 160 162 176
56 18 : 3 4 17 22 34 36 42 49 69 76 78 89 122 150 153 159 161 179
57 18 : 6 11 16 21 23 25 65 73 80 89 102 110 143 157 159 162 165 174
58 18 : 23 28 29 39 45 46 47 57 64 103 104 105 117 144 156 160 166 181
59 18 : 4 9 11 15 22 62 65 76 106 117 125 131 141 151 155 160 171 182
60 18 : 2 5 13 16 21 47 49 60 73 80 117 119 146 153 158 175 177 179
61 18 : 0 11 51 52 72 80 87 92 93 97 108 111 143 146 154 158 175 181
62 18 : 24 30 40 44 45 47 76 78 96 100 106 110 115 148 159 165 166 182
63 18 : 4 21 33 40 53 65 67 76 80 89 90 111 137 145 156 160 166 178
64 18 : 11 13 29 40 42 45 64 76 79 88 89 116 127 138 146 160 171 179
65 18 : 3 9 44 47 49 60 63 67 76 80 100 102 106 111 125 139 149 161
66 17 : 4 6 13 35 44 65 80 94 105 106 108 122 134 150 156 165 181
67 18 : 0 3 19 34 44 45 47 61 65 80 81 103 127 136 140 150 161 175
68 18 : 2 18 19 23 26 41 51 54 55 75 79 97 110 132 153 160 163 175
69 18 : 7 11 16 23 34 46 47 48 62 64 80 85 114 125 126 140 162 175
70 18 : 11 27 34 46 76 102 105 106 117 119 124 129 132 142 149 150 151 154
71 18 : 13 16 33 42 60 92 106 111 113 121 132 136 141 153 159 161 175 176
72 18 : 12 13 35 52 55 67 74 77 80 85 105 112 133 134 141 153 161 169
73 18 : 10 19 35 46 47 52 65 79 81 97 99 131 142 144 160 162 169 171
74 17 : 4 5 11 16 36 51 72 80 102 105 114 115 116 128 160 169 174
75 18 : 6 18 24 26 35 47 55 58 76 78 80 108 119 129 141 149 153 170
76 18 : 29 43 47 53 61 64 67 73 76 82 103 107 121 126 138 143 146 156
77 17 : 1 7 66 73 90 97 104 112 116 117 133 138 145 154 158 159 161
78 18 : 15 26 56 64 73 92 94 100 109 113 120 124 145 153 159 160 168 170
79 18 : 19 24 51 55 66 69 76 80 86 92 121 125 126 131 139 149 159 166
80 17 : 3 47 61 75 88 106 113 120 127 128 149 153 157 160 161 165 179
81 18 : 9 24 26 57 78 94 98 105 110 113 138 140 150 153 160 161 177 179
82 18 : 4 6 19 26 38 39 44 50 57 62 65 102 107 128 148 150 158 160
83 17 : 39 43 46 51 52 55 58 86 112 113 117 122 127 141 153 157 178
84 17 : 10 11 13 18 43 92 93 104 108 110 116 117 126 145 149 157 179
85 18 : 12 15 40 44 47 62 77 82 86 97 103 131 140 153 156 161 163 175
86 17 : 25 34 47 63 76 79 88 116 120 138 145 148 151 160 161 169 177
87 18 : 4 5 8 36 37 69 80 94 95 101 104 112 123 128 140 149 151 175
88 18 : 4 11 27 58 62 77 94 95 96 98 106 109 110 123 131 155 161 162
89 17 : 0 1 8 25 27 32 47 58 62 76 82 97 122 127 128 130 137
90 17 : 3 6 9 13 18 20 51 52 65 80 95 109 110 120 124 156 160
91 17 : 4 5 7 20 32 40 62 64 67 76 80 81 83 124 130 151 163
92 18 : 4 11 15 18 29 32 39 48 58 67 101 106 130 131 137 149 161 162
93 17 : 15 28 31 33 38 40 60 65 70 74 102 105 124 144 159 175 181
94 17 : 7 17 19 23 30 36 44 54 123 127 130 153 156 158 160 171 174
95 17 : 2 4 17 18 26 37 46 50 61 69 85 93 101 109 111 149 159
96 17 : 4 15 41 42 52 55 62 85 108 149 151 153 160 171 179 181 182
97 17 : 3 15 18 32 40 47 90 97 108 111 118 123 139 146 153 161 179
98 17 : 6 9 13 14 29 32 54 80 101 109 124 134 145 161 164 179 181
99 17 : 4 7 8 26 31 37 49 79 84 94 108 145 149 152 161 164 175
