N C E M
100 67 4950 990
Opt_part_L_size, Opt_part_R_size, Opt_number_of_colors
11 89 15
N of L changes = 3
Min number of labels in a vertice, Max number of labels in a vertice
16 19
Solution Set
58(10) 29(11) 31(11) 33(22) 8(26) 9(26) 15(27) 13(31) 60(31) 44(32) 0(32) 32(32) 23(33) 62(34) 30(36) 
Number of edges by Color (l n)
0 30 36
1 62 34
2 23 33
3 0 32
4 32 32
5 44 32
6 13 31
7 60 31
8 15 27
9 8 26
10 9 26
11 33 22
12 3 13
13 18 13
14 50 13
15 57 13
16 59 13
17 64 13
18 65 13
19 1 12
20 2 12
21 5 12
22 7 12
23 10 12
24 12 12
25 14 12
26 20 12
27 21 12
28 22 12
29 26 12
30 34 12
31 40 12
32 47 12
33 4 11
34 6 11
35 11 11
36 16 11
37 17 11
38 19 11
39 24 11
40 25 11
41 27 11
42 28 11
43 29 11
44 31 11
45 35 11
46 36 11
47 37 11
48 38 11
49 39 11
50 41 11
51 42 11
52 45 11
53 46 11
54 48 11
55 49 11
56 52 11
57 53 11
58 54 11
59 56 11
60 61 11
61 63 11
62 43 10
63 51 10
64 55 10
65 58 10
66 66 10
Label List by vertices (vertice Id, Number of labels : set of labels
0 18 : 0 4 5 11 13 15 16 17 18 24 30 35 39 47 50 52 59 61
1 18 : 1 8 10 11 13 23 32 35 43 45 48 49 51 52 60 61 64 65
2 18 : 0 7 8 15 26 28 30 32 37 38 43 45 48 55 56 59 63 65
3 18 : 0 1 5 8 11 13 22 24 28 29 30 32 40 43 45 49 57 65
4 18 : 1 7 13 14 18 23 24 27 30 34 35 36 37 42 44 48 53 64
5 18 : 7 14 15 16 17 19 31 32 34 35 36 37 39 40 43 47 54 60
6 18 : 2 10 11 13 14 15 16 20 25 27 32 40 43 44 48 50 57 66
7 17 : 0 2 6 8 9 13 18 23 28 30 32 34 40 44 46 60 62
8 18 : 5 9 10 13 14 15 16 20 23 24 25 30 34 42 49 54 63 65
9 18 : 0 4 6 10 13 14 19 23 26 30 36 43 46 47 59 61 62 64
10 18 : 0 13 15 17 21 23 34 35 40 42 44 47 50 52 53 54 59 61
11 18 : 1 17 18 24 25 28 29 30 32 39 41 46 52 53 55 60 61 64
12 18 : 3 4 5 13 18 19 23 28 30 31 32 39 41 42 43 45 56 64
13 18 : 8 9 13 15 24 30 31 32 33 34 37 43 44 48 51 54 60 62
14 18 : 3 5 7 10 11 16 18 20 21 26 31 32 33 34 36 43 44 58
15 18 : 5 8 10 17 23 25 27 31 32 34 39 41 44 45 46 52 53 59
16 18 : 2 5 7 8 14 15 21 24 25 26 35 36 41 42 43 51 59 62
17 18 : 1 4 10 13 14 15 18 20 22 30 32 35 36 45 49 51 54 66
18 18 : 7 8 11 13 16 17 27 32 35 37 38 40 41 49 55 56 60 65
19 18 : 0 1 20 21 23 26 29 31 34 36 40 42 49 50 57 61 62 63
20 18 : 0 1 4 5 8 10 14 20 27 29 30 33 40 42 46 53 64 65
21 18 : 2 3 11 13 17 18 22 30 34 35 38 39 44 46 53 61 63 66
22 18 : 3 6 7 9 13 14 16 25 27 34 36 42 44 45 47 49 51 57
23 18 : 2 3 7 10 12 19 21 23 24 25 31 33 45 48 57 60 63 66
24 18 : 0 5 8 9 13 15 23 29 30 32 33 35 37 40 44 60 62 64
25 18 : 0 1 4 8 10 11 15 26 28 30 40 44 51 57 60 61 65 66
26 18 : 0 2 3 7 12 13 27 28 29 34 36 38 43 44 55 61 64 66
27 18 : 1 3 6 10 16 18 22 30 38 44 46 47 54 59 60 61 62 63
28 18 : 0 3 4 9 13 22 24 27 30 38 47 50 52 55 56 61 63 64
29 18 : 0 6 13 17 19 21 25 29 31 33 37 47 49 58 59 62 63 66
30 18 : 2 7 13 14 16 18 22 26 27 28 31 32 33 41 50 55 63 65
31 18 : 0 2 4 11 15 19 20 21 23 31 32 34 36 38 41 42 49 54
32 18 : 0 3 6 12 16 23 28 30 32 33 36 37 38 39 55 60 61 64
33 18 : 0 9 13 15 19 23 29 30 32 33 34 35 44 45 46 50 61 62
34 18 : 0 2 3 5 8 13 15 23 26 30 32 33 35 37 44 50 60 62
35 18 : 2 9 15 17 20 23 24 26 30 32 33 42 48 53 54 60 64 65
36 18 : 0 4 6 10 11 14 18 21 29 31 32 33 37 38 41 48 60 62
37 18 : 1 6 7 8 13 14 17 19 21 23 24 40 42 43 44 51 52 60
38 18 : 1 15 18 25 26 27 28 32 34 35 41 43 44 48 52 53 59 61
39 18 : 3 5 8 10 11 18 22 30 31 32 36 44 46 48 52 55 57 62
40 18 : 0 9 12 15 16 25 26 28 30 31 32 36 40 46 60 62 64 65
41 18 : 0 7 12 27 35 40 41 44 50 52 54 55 56 58 60 61 65 66
42 19 : 1 5 6 14 19 21 23 25 27 30 31 34 41 44 47 53 56 59 64
43 18 : 0 4 6 8 9 20 21 39 43 44 47 54 55 59 60 61 62 65
44 18 : 1 3 5 7 12 15 16 20 22 23 26 31 34 35 44 50 62 64
45 18 : 2 3 5 9 12 13 15 19 21 25 33 36 38 43 50 54 55 56
46 18 : 1 3 9 12 20 21 22 24 29 30 34 35 38 40 44 49 53 58
47 18 : 0 2 3 8 12 13 20 23 32 40 46 47 54 56 59 60 64 65
48 18 : 1 2 3 8 9 22 23 25 26 30 32 35 41 48 49 50 61 65
49 18 : 6 7 8 15 22 24 26 28 31 33 38 40 44 48 53 55 59 62
50 18 : 0 3 4 14 15 20 22 30 32 33 36 39 40 47 48 52 57 58
51 18 : 0 5 8 9 13 15 19 20 23 30 32 33 34 43 44 51 60 62
52 19 : 0 8 9 12 13 18 23 29 30 31 32 33 35 37 44 48 51 60 62
53 18 : 1 2 5 7 10 13 16 17 18 22 32 33 37 42 47 53 62 63
54 18 : 0 15 17 18 19 21 23 25 26 27 33 45 47 49 54 57 62 64
55 18 : 1 11 12 18 23 29 30 35 39 40 44 48 50 52 53 55 57 60
56 18 : 1 2 4 7 8 12 18 19 20 23 26 28 32 41 42 51 52 57
57 17 : 0 3 4 9 10 13 14 16 17 22 25 33 39 44 58 60 62
58 17 : 1 3 11 15 19 28 41 44 46 48 52 57 59 60 61 62 65
59 18 : 1 5 22 23 27 32 34 35 36 37 38 39 42 44 48 50 57 62
60 18 : 1 5 9 16 20 27 30 32 34 39 40 41 45 46 53 57 58 62
61 17 : 0 3 5 6 9 12 13 15 21 23 30 32 44 45 51 60 62
62 18 : 2 5 9 12 17 20 22 23 28 29 30 33 34 49 54 58 60 62
63 18 : 2 10 11 14 17 20 23 26 30 42 44 46 50 55 58 62 64 65
64 17 : 1 3 9 11 20 28 30 32 37 38 41 44 49 52 53 60 66
65 17 : 0 1 3 7 8 10 12 13 16 26 30 33 41 51 53 54 57
66 18 : 0 2 8 16 21 29 30 32 44 53 55 56 58 59 60 62 63 64
67 18 : 2 9 12 13 18 20 23 26 32 36 43 44 45 47 49 55 65 66
68 17 : 0 5 9 12 14 16 19 28 32 39 50 51 56 59 60 62 65
69 17 : 2 4 8 12 13 18 21 24 37 38 41 42 52 54 56 57 63
70 16 : 0 6 8 9 13 14 15 21 23 30 32 33 44 54 60 62
71 18 : 0 9 10 13 15 21 25 27 28 43 47 50 51 53 56 61 64 65
72 18 : 7 9 10 13 15 19 26 28 30 32 33 37 38 51 56 60 62 66
73 18 : 0 6 11 12 17 24 25 29 30 39 41 45 46 50 58 64 65 66
74 18 : 0 3 9 13 17 18 20 29 33 36 44 46 49 50 51 56 64 65
75 17 : 0 6 8 9 12 14 15 20 23 24 30 32 33 44 60 62 64
76 18 : 0 6 13 16 18 22 23 24 26 32 33 38 39 48 52 55 57 62
77 18 : 0 8 9 12 13 15 23 26 28 30 31 32 33 44 58 60 61 62
78 18 : 5 6 12 13 28 30 33 38 45 50 51 56 59 60 61 62 63 65
79 17 : 8 9 10 13 19 22 24 37 40 41 42 44 45 46 49 50 56
80 17 : 0 3 4 8 11 13 15 21 24 33 39 53 57 58 62 63 64
81 18 : 6 7 9 10 17 19 23 25 29 33 44 47 48 56 57 58 60 65
82 17 : 0 2 14 15 20 22 23 27 33 44 45 57 59 62 63 64 65
83 17 : 0 4 6 9 16 18 26 32 38 50 52 53 54 57 59 60 63
84 18 : 5 7 8 9 17 21 27 37 38 42 43 47 51 57 58 59 60 66
85 17 : 4 9 10 11 13 19 21 28 30 32 33 42 46 49 53 54 56
86 17 : 0 4 7 13 17 22 29 31 38 39 40 42 46 48 52 62 66
87 17 : 4 6 7 15 23 30 31 32 33 34 36 44 46 47 50 57 62
88 18 : 2 3 5 13 14 15 19 22 26 27 37 44 45 58 60 63 65 66
89 17 : 4 7 8 9 11 13 18 21 27 30 32 45 59 60 62 64 66
90 17 : 4 6 7 8 13 15 20 25 27 29 41 44 46 50 52 56 62
91 17 : 0 2 13 14 15 16 18 23 24 32 37 41 44 48 55 57 62
92 17 : 0 3 8 16 22 30 34 39 42 47 48 49 55 57 63 65 66
93 17 : 10 14 21 27 32 36 39 44 47 49 50 52 54 58 59 62 63
94 17 : 0 2 15 19 22 23 25 31 32 35 49 50 51 57 59 60 66
95 17 : 0 1 4 23 30 31 36 37 47 52 54 55 56 58 59 62 63
96 17 : 8 9 11 12 17 23 24 36 39 40 45 49 51 59 61 62 66
97 17 : 0 8 14 18 25 30 37 40 43 46 47 53 54 56 60 63 66
98 17 : 6 9 11 13 23 24 25 29 33 35 38 40 45 58 59 62 64
99 17 : 9 10 11 12 15 17 19 22 29 33 39 42 45 47 56 58 63
