N C E M
100 50 4950 990
Opt_part_L_size, Opt_part_R_size, Opt_number_of_colors
8 92 13
N of L changes = 3
Min number of labels in a vertice, Max number of labels in a vertice
15 19
Solution Set
29(16) 30(16) 39(16) 47(33) 16(33) 35(34) 37(35) 34(36) 20(36) 4(36) 5(36) 33(37) 24(43) 
Number of edges by Color (l n)
0 24 43
1 33 37
2 4 36
3 5 36
4 20 36
5 34 36
6 37 35
7 35 34
8 16 33
9 47 33
10 48 19
11 3 17
12 6 17
13 7 17
14 8 17
15 17 17
16 0 16
17 2 16
18 9 16
19 10 16
20 11 16
21 12 16
22 13 16
23 18 16
24 19 16
25 22 16
26 25 16
27 26 16
28 29 16
29 30 16
30 32 16
31 39 16
32 40 16
33 42 16
34 1 15
35 14 15
36 15 15
37 21 15
38 23 15
39 27 15
40 28 15
41 31 15
42 36 15
43 38 15
44 41 15
45 43 15
46 45 15
47 46 15
48 49 15
49 44 14
Label List by vertices (vertice Id, Number of labels : set of labels
0 18 : 1 3 5 6 12 13 14 24 28 30 34 35 36 39 42 46 47 48
1 18 : 3 4 5 6 7 9 10 12 13 20 24 27 35 36 37 44 46 48
2 17 : 3 4 5 6 16 20 24 30 33 34 35 37 38 39 41 47 49
3 18 : 5 10 12 15 16 19 20 21 27 29 30 31 35 39 40 44 45 49
4 19 : 2 6 9 11 13 15 17 18 24 26 28 30 34 38 40 41 43 47 48
5 18 : 0 4 6 8 13 14 15 16 17 27 31 34 35 36 41 44 46 48
6 18 : 1 2 4 11 15 17 18 20 21 25 27 34 36 41 43 44 48 49
7 18 : 1 3 5 9 11 12 13 14 17 21 23 24 31 33 36 39 41 45
8 17 : 4 5 16 20 22 23 24 28 33 34 35 37 39 40 45 47 49
9 18 : 8 11 12 14 16 22 23 26 28 31 36 37 38 39 41 43 47 48
10 18 : 3 5 6 8 9 11 12 13 16 20 25 26 28 30 32 34 37 47
11 18 : 2 4 6 11 12 14 17 18 20 23 24 31 32 38 39 45 46 48
12 18 : 5 7 8 10 16 17 25 26 27 29 30 31 39 43 45 46 47 48
13 18 : 0 2 6 7 10 11 16 18 22 24 34 35 40 41 45 47 48 49
14 17 : 1 2 5 8 9 10 11 15 20 23 25 26 29 33 36 37 46
15 18 : 4 7 10 11 14 15 16 19 20 22 24 25 30 31 38 41 45 46
16 18 : 0 4 8 9 12 16 18 20 23 26 27 30 35 36 37 47 48 49
17 18 : 0 2 9 10 12 13 14 22 25 30 33 35 37 42 43 44 47 49
18 18 : 0 4 10 11 14 15 17 19 23 24 25 29 33 36 37 44 46 48
19 18 : 4 6 7 12 22 24 25 26 28 30 31 34 35 36 37 38 42 45
20 18 : 2 8 10 14 19 20 21 22 23 25 26 27 32 37 39 44 46 47
21 18 : 5 6 7 9 10 18 21 27 28 29 30 31 33 35 37 40 42 43
22 17 : 0 2 3 9 10 14 16 17 19 21 28 33 35 36 40 45 48
23 17 : 0 7 13 16 17 19 22 23 27 28 29 30 33 37 39 40 43
24 19 : 2 9 10 18 19 20 22 23 26 27 28 29 34 35 36 39 40 46 47
25 18 : 4 6 7 11 16 17 18 21 26 31 32 33 34 35 36 42 47 48
26 18 : 1 2 3 4 15 19 20 21 24 26 27 28 29 38 41 45 47 49
27 17 : 3 5 12 15 24 27 29 30 33 34 35 37 38 39 44 45 47
28 17 : 3 4 5 8 9 14 16 17 20 24 28 32 33 34 35 37 47
29 18 : 3 6 7 10 15 16 17 18 24 33 35 36 39 42 43 47 48 49
30 17 : 1 3 4 6 7 15 19 25 27 31 32 33 36 39 42 44 48
31 17 : 1 5 7 8 13 16 20 21 25 31 33 36 38 39 40 42 48
32 17 : 0 2 8 10 16 19 21 22 23 24 28 31 33 34 37 40 47
33 17 : 0 1 4 5 6 7 12 14 16 19 20 21 22 27 36 40 45
34 18 : 0 2 4 6 12 13 14 15 16 18 20 22 24 25 28 32 37 49
35 18 : 1 6 7 9 10 12 18 20 24 27 31 32 33 37 40 41 44 47
36 17 : 5 8 13 16 17 21 23 24 25 28 32 34 35 38 45 46 48
37 18 : 1 2 6 8 11 12 13 14 18 19 20 24 28 29 31 32 39 44
38 18 : 1 5 7 8 9 16 18 19 21 25 26 34 35 36 40 42 43 48
39 17 : 0 1 4 8 13 15 22 24 27 29 30 33 39 40 42 43 48
40 17 : 4 8 12 13 16 19 22 29 32 34 35 37 39 40 42 46 47
41 17 : 0 2 5 6 7 9 22 23 24 25 27 33 35 38 40 41 44
42 17 : 0 4 7 15 17 22 23 27 29 31 32 33 34 35 43 45 48
43 17 : 2 4 5 7 8 9 10 19 22 24 25 31 32 35 38 40 46
44 17 : 2 5 6 8 10 11 14 17 18 21 23 25 29 31 42 44 48
45 17 : 3 4 5 8 11 13 15 19 20 26 29 32 34 35 40 42 48
46 17 : 5 7 9 10 13 14 17 18 19 24 33 35 36 39 40 45 46
47 16 : 1 3 5 10 14 18 21 23 30 33 35 37 39 40 48 49
48 17 : 1 3 5 9 10 16 19 21 24 27 34 37 41 43 44 45 49
49 17 : 0 3 4 5 6 7 14 17 20 25 31 34 35 37 42 47 49
50 17 : 6 11 12 15 17 19 23 24 26 27 28 29 33 35 37 41 48
51 17 : 2 3 10 20 21 22 25 32 33 34 37 40 41 45 47 48 49
52 17 : 0 6 7 8 11 16 20 21 22 25 27 31 37 38 40 41 49
53 17 : 5 6 9 11 12 13 16 20 22 23 26 32 33 35 37 42 43
54 17 : 0 2 8 10 11 16 17 21 23 24 29 32 35 37 43 47 49
55 17 : 18 19 20 22 23 24 25 26 27 28 29 30 32 33 42 44 46
56 17 : 8 9 11 13 15 18 19 21 24 25 30 32 37 38 40 46 49
57 17 : 2 3 9 10 11 12 13 17 22 30 32 34 38 41 43 44 49
58 17 : 3 13 15 17 18 21 23 25 30 32 34 41 42 43 46 47 48
59 17 : 2 3 5 8 11 13 15 17 20 26 29 32 34 41 42 44 49
60 17 : 0 2 7 11 12 15 16 18 20 24 25 29 30 31 36 37 38
61 15 : 4 5 16 17 20 21 24 29 32 33 34 35 37 39 47
62 17 : 0 3 4 5 6 8 15 17 18 20 26 28 33 39 40 44 45
63 17 : 0 2 4 8 9 16 20 22 24 25 28 31 35 36 38 40 45
64 17 : 0 5 10 11 17 20 22 25 26 33 35 36 38 42 43 45 48
65 17 : 3 4 11 12 15 18 23 25 27 28 29 33 34 40 42 44 46
66 17 : 0 2 5 6 7 8 9 12 15 26 27 36 38 42 44 46 47
67 17 : 0 2 3 7 8 10 11 13 24 29 33 36 39 40 41 42 49
68 17 : 3 4 5 12 13 22 23 31 32 34 35 37 40 42 45 47 49
69 17 : 0 4 7 10 13 14 18 19 20 28 33 34 37 40 44 48 49
70 17 : 3 4 6 13 14 16 20 21 26 28 34 37 38 42 43 46 47
71 15 : 4 5 9 16 20 24 29 33 34 35 37 41 43 45 47
72 17 : 0 2 7 10 11 15 16 18 20 24 26 28 31 42 44 46 48
73 17 : 0 2 4 10 11 14 16 19 20 26 28 34 37 41 44 46 47
74 17 : 1 4 5 7 16 17 20 23 24 30 33 34 35 37 38 39 47
75 17 : 0 3 5 6 7 11 23 29 32 33 34 35 38 39 42 45 46
76 17 : 1 2 3 13 16 21 28 29 30 32 37 38 43 45 46 48 49
77 17 : 1 10 12 13 15 16 17 20 21 26 31 32 34 37 46 47 48
78 17 : 0 3 5 6 9 20 24 27 31 39 41 42 43 44 45 47 49
79 17 : 0 4 5 7 14 15 17 20 23 26 31 34 36 41 44 45 49
80 17 : 2 5 9 12 14 15 17 18 25 26 29 30 34 35 37 44 46
81 17 : 1 2 5 7 8 9 12 13 16 19 24 26 32 39 43 45 48
82 17 : 3 4 5 8 11 12 14 22 23 24 28 32 34 36 38 40 47
83 17 : 4 7 8 10 16 18 20 21 23 26 34 39 41 42 43 45 46
84 17 : 0 1 3 5 8 9 13 14 19 20 21 24 29 33 41 44 47
85 17 : 0 1 2 4 5 8 18 19 23 25 33 35 39 42 47 48 49
86 17 : 1 2 9 11 13 14 18 20 24 27 28 34 36 37 38 39 41
87 17 : 1 3 4 8 16 18 20 27 29 30 32 35 38 43 45 46 49
88 17 : 1 3 4 9 11 13 15 17 22 23 24 31 35 40 41 45 47
89 17 : 1 5 12 15 16 17 19 26 27 34 35 36 37 38 43 47 48
90 17 : 4 5 6 9 12 18 19 25 26 29 30 31 34 42 43 48 49
91 16 : 1 4 5 14 16 20 21 22 24 25 30 33 34 35 37 47
92 18 : 4 5 6 7 8 16 17 20 24 25 30 33 34 35 37 40 43 47
93 17 : 0 1 3 4 7 10 12 14 18 21 22 30 32 33 34 47 48
94 17 : 1 3 6 7 12 15 19 24 26 27 30 33 34 35 38 43 49
95 17 : 1 3 4 5 6 9 12 14 19 24 33 36 37 38 42 46 47
96 17 : 1 2 5 10 16 19 22 24 26 28 30 31 33 37 39 43 48
97 17 : 0 4 5 9 13 14 16 17 20 21 28 32 34 37 41 46 47
98 17 : 4 6 7 16 17 19 20 22 27 30 34 41 42 44 47 48 49
99 17 : 1 4 5 6 8 11 16 18 22 29 30 33 36 38 41 43 47
