N C E M
100 164 4950 990
Opt_part_L_size, Opt_part_R_size, Opt_number_of_colors
5 95 13
N of L changes = 3
Min number of labels in a vertice, Max number of labels in a vertice
14 19
Solution Set
138(3) 23(4) 65(4) 159(20) 129(21) 21(23) 92(24) 152(25) 2(26) 25(26) 87(27) 45(29) 8(29) 
Number of edges by Color (l n)
0 8 29
1 45 29
2 87 27
3 2 26
4 25 26
5 152 25
6 92 24
7 21 23
8 129 21
9 159 20
10 68 9
11 86 9
12 93 9
13 118 9
14 156 9
15 28 8
16 71 8
17 84 8
18 117 8
19 137 8
20 147 8
21 0 7
22 16 7
23 20 7
24 33 7
25 40 7
26 46 7
27 55 7
28 64 7
29 94 7
30 107 7
31 124 7
32 154 7
33 160 7
34 1 6
35 19 6
36 31 6
37 37 6
38 44 6
39 52 6
40 58 6
41 74 6
42 75 6
43 77 6
44 88 6
45 91 6
46 95 6
47 98 6
48 100 6
49 108 6
50 109 6
51 121 6
52 122 6
53 157 6
54 5 5
55 6 5
56 15 5
57 22 5
58 24 5
59 26 5
60 29 5
61 41 5
62 53 5
63 57 5
64 61 5
65 62 5
66 82 5
67 110 5
68 112 5
69 113 5
70 115 5
71 132 5
72 135 5
73 146 5
74 150 5
75 153 5
76 155 5
77 161 5
78 4 4
79 7 4
80 11 4
81 12 4
82 13 4
83 14 4
84 17 4
85 23 4
86 27 4
87 30 4
88 32 4
89 36 4
90 39 4
91 42 4
92 43 4
93 49 4
94 50 4
95 51 4
96 59 4
97 60 4
98 63 4
99 65 4
100 67 4
101 69 4
102 70 4
103 72 4
104 73 4
105 76 4
106 79 4
107 80 4
108 81 4
109 85 4
110 89 4
111 90 4
112 97 4
113 99 4
114 103 4
115 104 4
116 106 4
117 111 4
118 116 4
119 119 4
120 120 4
121 123 4
122 127 4
123 128 4
124 130 4
125 131 4
126 133 4
127 134 4
128 139 4
129 140 4
130 141 4
131 143 4
132 144 4
133 148 4
134 149 4
135 151 4
136 158 4
137 3 3
138 9 3
139 10 3
140 18 3
141 34 3
142 35 3
143 38 3
144 47 3
145 48 3
146 54 3
147 56 3
148 66 3
149 78 3
150 83 3
151 96 3
152 101 3
153 102 3
154 105 3
155 114 3
156 125 3
157 126 3
158 136 3
159 138 3
160 142 3
161 162 3
162 163 3
163 145 2
Label List by vertices (vertice Id, Number of labels : set of labels
0 19 : 2 20 31 33 61 64 66 70 78 83 92 114 115 120 132 146 148 152 154
1 19 : 2 16 21 27 45 54 74 84 95 104 108 113 118 137 143 151 153 159 160
2 19 : 2 9 11 32 44 45 62 86 88 90 94 95 108 116 120 122 131 137 154
3 19 : 8 26 44 60 67 69 87 90 93 94 115 122 123 128 129 135 137 157 160
4 19 : 2 25 36 43 52 57 61 79 81 87 92 94 98 115 118 121 133 137 139
5 15 : 2 8 21 25 45 87 88 92 118 126 129 134 138 152 159
6 19 : 10 12 22 46 48 58 59 60 73 79 95 129 132 133 142 143 148 155 160
7 19 : 1 21 50 71 86 87 95 113 114 117 118 121 129 137 139 143 148 156 163
8 18 : 4 15 19 23 25 26 28 45 48 58 59 60 81 84 87 91 107 132
9 19 : 1 2 10 13 16 19 24 25 40 45 65 82 85 92 112 121 127 154 156
10 18 : 3 6 17 28 30 72 75 87 91 120 126 129 135 139 148 152 155 156
11 18 : 4 10 19 21 38 45 50 51 81 86 87 93 94 128 147 150 155 162
12 19 : 7 17 21 28 33 40 44 46 55 67 74 80 84 87 99 129 155 157 161
13 19 : 0 8 11 34 37 51 54 64 75 84 88 103 120 138 146 149 155 156 160
14 19 : 8 13 22 25 30 45 56 61 64 87 101 108 110 118 119 130 139 154 161
15 18 : 11 18 26 53 54 58 80 86 92 96 121 130 132 137 144 152 159 162
16 15 : 2 8 21 25 45 65 87 92 112 118 129 130 132 152 159
17 15 : 2 7 8 21 23 25 45 65 87 92 108 129 132 134 159
18 18 : 8 25 30 43 45 55 68 70 77 79 84 93 118 122 141 142 160 162
19 18 : 0 3 14 28 33 34 46 47 55 64 71 79 87 97 135 145 152 156
20 18 : 8 21 25 27 29 36 44 46 55 60 80 93 113 117 129 136 137 142
21 18 : 5 8 40 52 55 71 87 107 109 118 128 129 131 133 143 149 152 156
22 19 : 6 9 15 16 25 52 57 71 72 92 98 106 122 131 137 145 147 152 159
23 19 : 2 8 16 19 21 42 43 64 67 83 89 92 105 119 121 141 147 154 160
24 18 : 2 8 21 22 33 41 44 75 83 84 86 87 92 122 135 154 157 158
25 18 : 0 28 36 40 58 72 78 87 92 94 96 104 105 118 136 154 159 161
26 19 : 2 3 8 14 21 29 45 59 64 70 78 96 101 107 109 129 148 149 151
27 18 : 2 8 24 26 33 40 43 57 72 87 98 105 117 124 152 158 160 161
28 18 : 6 13 16 24 38 41 42 46 68 87 89 103 104 107 117 147 148 152
29 18 : 4 6 13 14 17 19 27 56 68 88 117 127 137 140 141 152 158 159
30 18 : 8 16 25 32 39 46 48 59 67 73 75 89 91 98 107 122 129 140
31 18 : 1 13 36 42 45 69 75 96 103 107 110 124 129 135 137 147 148 153
32 18 : 7 29 30 43 51 70 91 92 94 107 108 111 133 141 144 147 156 161
33 18 : 8 25 28 31 33 54 61 63 68 71 80 86 95 96 103 104 106 116
34 18 : 2 8 13 29 37 63 74 84 88 92 94 103 105 124 137 142 152 156
35 14 : 2 8 21 25 45 87 88 92 108 129 130 139 152 159
36 18 : 2 9 16 24 27 31 35 42 43 75 99 100 103 125 128 147 151 156
37 18 : 8 12 20 21 34 35 53 57 64 68 77 87 93 97 99 124 152 158
38 18 : 2 15 20 25 33 41 42 51 58 68 88 92 101 113 116 147 156 159
39 18 : 4 5 8 13 32 46 47 49 62 66 68 74 82 104 122 124 154 160
40 18 : 0 2 5 13 19 24 70 84 89 92 93 107 117 123 128 129 144 157
41 18 : 25 26 29 37 47 56 60 71 80 82 87 100 117 129 146 157 158 163
42 18 : 3 6 8 12 15 24 37 44 56 73 77 98 123 124 136 137 150 163
43 18 : 8 20 21 22 46 47 63 68 75 82 89 94 95 99 121 122 129 147
44 18 : 2 11 15 21 28 67 71 92 93 95 98 119 131 135 137 147 149 151
45 18 : 1 8 25 26 31 39 40 49 52 63 67 74 94 97 100 117 122 156
46 18 : 2 8 14 19 31 35 45 46 57 62 64 72 73 74 100 113 159 161
47 18 : 22 30 37 42 45 46 70 79 87 90 94 98 106 107 117 129 136 147
48 18 : 2 17 24 29 37 40 46 49 59 86 100 111 124 135 139 142 145 159
49 18 : 2 8 15 45 64 73 76 79 108 114 118 119 121 139 150 153 156 157
50 18 : 2 3 6 12 16 20 21 23 31 35 75 81 86 92 97 113 118 119
51 18 : 4 11 20 25 29 45 52 77 79 82 92 98 107 116 118 125 128 161
52 18 : 6 10 25 31 46 85 87 91 92 109 114 121 127 141 153 156 159 160
53 18 : 2 37 44 45 47 55 62 71 83 92 98 100 106 110 120 121 141 152
54 18 : 17 19 25 31 50 53 65 74 75 86 100 112 119 132 147 151 152 154
55 18 : 19 20 29 30 45 61 78 84 85 87 90 91 93 94 111 117 120 140
56 18 : 8 16 23 28 42 57 60 68 85 87 92 93 109 115 127 154 156 157
57 18 : 35 40 41 53 54 68 79 82 86 87 97 108 113 121 142 146 147 159
58 18 : 0 23 28 31 37 45 55 56 59 62 66 82 107 112 138 150 153 159
59 18 : 1 5 9 21 26 36 41 45 52 53 55 71 112 115 117 120 143 156
60 18 : 2 5 21 25 26 29 41 44 49 50 64 69 84 118 125 149 150 153
61 18 : 0 11 20 22 38 42 73 92 93 100 101 109 112 116 121 125 127 129
62 18 : 1 2 21 24 25 28 43 51 76 77 87 97 114 116 124 131 146 150
63 18 : 2 4 6 20 21 45 48 53 57 90 97 110 124 127 129 140 149 161
64 18 : 0 1 7 16 36 38 62 69 74 87 88 115 116 123 124 130 138 140
65 18 : 1 22 27 37 49 58 62 74 77 85 87 102 107 113 130 134 143 159
66 18 : 16 21 25 39 45 46 54 68 73 74 109 110 117 125 131 145 149 150
67 18 : 0 8 18 21 45 48 52 62 67 71 86 87 91 104 118 133 143 156
68 18 : 8 12 15 27 45 53 65 66 91 92 99 105 107 108 109 123 152 154
69 18 : 2 20 25 49 51 55 59 62 68 71 91 99 125 127 132 135 140 157
70 18 : 0 8 10 20 28 41 63 71 72 80 93 95 108 124 129 135 146 159
71 18 : 5 23 25 45 50 55 76 78 84 86 100 118 126 133 151 153 154 159
72 17 : 12 21 24 39 41 45 50 62 63 71 77 89 111 112 114 123 159
73 18 : 1 11 15 18 25 34 37 45 51 61 68 74 75 86 129 134 152 157
74 18 : 10 11 31 45 49 58 67 69 74 84 90 95 101 106 109 117 118 123
75 18 : 5 8 21 30 40 44 45 58 68 70 75 85 106 110 112 115 156 162
76 18 : 7 14 19 21 25 35 45 61 63 82 84 85 94 109 110 119 155 160
77 18 : 1 4 28 31 51 78 84 86 87 91 93 111 115 117 130 144 152 156
78 18 : 26 28 32 33 34 36 41 57 64 72 76 77 82 92 99 102 151 152
79 18 : 19 20 25 46 64 69 77 91 92 101 102 109 111 129 147 153 159 160
80 18 : 0 2 16 25 26 58 64 68 106 109 116 124 129 134 144 146 152 158
81 18 : 17 20 24 28 31 33 43 45 52 58 61 93 102 108 120 137 144 152
82 18 : 2 7 8 40 57 71 77 93 97 122 126 129 133 141 152 155 159 162
83 18 : 0 15 25 39 53 83 85 86 87 90 106 111 122 129 135 151 154 158
84 18 : 2 7 9 21 39 63 77 80 81 84 118 124 132 138 147 152 155 163
85 17 : 1 17 21 32 33 45 49 53 68 81 87 127 147 153 157 160 162
86 18 : 0 14 32 33 39 52 55 80 81 87 89 94 102 109 129 136 141 144
87 18 : 16 18 21 22 52 61 70 71 73 81 88 99 105 118 129 134 157 163
88 18 : 4 5 18 21 36 52 61 65 84 98 103 110 121 124 133 146 149 159
89 18 : 8 14 25 28 44 64 76 82 92 94 100 108 117 126 131 134 140 154
90 18 : 0 17 23 32 33 34 37 76 86 92 100 104 113 130 138 143 144 146
91 18 : 3 6 15 20 28 32 38 41 53 55 86 98 115 129 148 155 159 161
92 17 : 0 5 22 29 38 45 69 77 83 87 88 91 93 100 102 115 152
93 17 : 1 16 27 30 33 40 59 66 75 88 103 128 134 137 150 152 155
94 18 : 5 12 19 40 57 58 66 68 76 88 89 93 95 104 107 111 128 132
95 18 : 2 12 27 45 47 55 58 76 92 93 110 123 140 157 159 160 161 163
96 18 : 8 18 22 40 44 60 65 86 90 95 112 117 119 131 136 137 146 160
97 18 : 6 14 40 44 50 52 56 60 65 71 87 92 93 98 110 150 152 158
98 15 : 2 7 8 21 23 25 45 87 92 112 126 129 139 152 159
99 18 : 8 9 33 37 39 48 50 55 68 69 72 92 95 96 113 122 150 153
