N C E M
100 100 4950 990
Opt_part_L_size, Opt_part_R_size, Opt_number_of_colors
12 88 14
N of L changes = 4
Min number of labels in a vertice, Max number of labels in a vertice
16 18
Solution Set
18(5) 91(6) 1(7) 54(7) 63(31) 90(32) 62(33) 20(34) 60(34) 35(35) 58(35) 24(36) 37(38) 34(39) 
Number of edges by Color (l n)
0 34 39
1 37 38
2 24 36
3 35 35
4 58 35
5 20 34
6 60 34
7 62 33
8 90 32
9 63 31
10 93 13
11 23 11
12 81 10
13 6 9
14 14 9
15 25 9
16 40 9
17 47 9
18 55 9
19 96 9
20 98 9
21 10 8
22 12 8
23 13 8
24 22 8
25 33 8
26 50 8
27 51 8
28 52 8
29 59 8
30 71 8
31 86 8
32 95 8
33 1 7
34 2 7
35 3 7
36 4 7
37 5 7
38 7 7
39 8 7
40 9 7
41 11 7
42 15 7
43 16 7
44 17 7
45 19 7
46 21 7
47 27 7
48 29 7
49 30 7
50 31 7
51 32 7
52 36 7
53 39 7
54 42 7
55 43 7
56 44 7
57 45 7
58 49 7
59 54 7
60 56 7
61 65 7
62 66 7
63 67 7
64 68 7
65 70 7
66 73 7
67 74 7
68 75 7
69 77 7
70 83 7
71 89 7
72 94 7
73 0 6
74 26 6
75 28 6
76 38 6
77 41 6
78 46 6
79 48 6
80 53 6
81 57 6
82 61 6
83 64 6
84 69 6
85 72 6
86 76 6
87 78 6
88 79 6
89 80 6
90 82 6
91 84 6
92 85 6
93 87 6
94 88 6
95 91 6
96 92 6
97 97 6
98 99 6
99 18 5
Label List by vertices (vertice Id, Number of labels : set of labels
0 18 : 14 20 26 37 39 40 43 44 48 50 51 59 68 69 72 81 87 89
1 18 : 13 26 31 38 39 55 60 62 63 64 68 74 83 84 86 89 93 95
2 17 : 1 6 7 15 16 20 21 30 33 37 43 56 62 73 87 89 93
3 17 : 0 3 13 24 26 28 30 34 35 50 51 59 60 69 81 83 86
4 18 : 12 25 26 29 34 35 36 38 47 50 55 58 60 62 73 74 84 92
5 18 : 1 14 16 20 24 34 35 37 38 48 53 58 60 62 63 65 69 90
6 18 : 0 1 8 16 26 31 32 35 51 57 58 65 68 75 79 91 93 95
7 18 : 4 9 12 16 20 27 34 35 37 39 44 49 52 56 58 62 63 90
8 18 : 1 7 8 22 24 25 32 41 47 51 56 60 62 69 77 87 93 97
9 17 : 14 17 19 20 34 35 40 48 50 64 71 72 73 77 78 87 90
10 18 : 9 11 14 15 16 22 24 30 35 37 41 43 46 54 65 74 93 99
11 18 : 3 12 30 34 36 37 40 58 61 62 63 70 71 77 93 94 95 99
12 17 : 8 19 21 37 44 46 57 58 62 63 70 75 85 88 95 96 98
13 16 : 20 23 24 25 34 35 37 49 54 58 60 63 68 85 90 93
14 18 : 10 16 20 22 23 24 31 34 35 37 51 58 59 60 62 63 67 90
15 18 : 2 6 12 31 32 34 37 58 66 69 70 71 74 75 86 90 93 95
16 17 : 3 6 12 14 21 30 34 37 41 52 53 57 66 67 79 81 90
17 18 : 4 13 16 17 20 31 35 40 42 49 55 57 68 80 85 86 90 93
18 17 : 0 3 9 35 37 44 58 59 60 63 76 77 80 85 86 89 94
19 18 : 6 7 8 13 14 30 40 45 53 58 59 62 67 71 75 84 94 99
20 17 : 3 6 7 12 17 29 34 42 58 61 62 70 76 77 81 88 94
21 18 : 7 9 11 27 29 34 37 51 54 60 72 73 81 82 86 90 94 97
22 18 : 2 11 18 20 24 34 35 37 45 54 56 58 59 60 62 69 83 90
23 17 : 8 10 12 20 34 37 41 44 47 48 58 60 61 62 90 93 97
24 17 : 2 10 20 21 23 24 30 42 66 67 77 79 81 87 93 96 98
25 17 : 7 24 26 32 34 38 43 47 51 53 57 61 63 70 76 83 90
26 17 : 3 8 11 16 17 24 34 35 39 44 56 63 65 89 93 95 96
27 18 : 6 7 19 24 29 33 35 37 40 45 49 56 68 71 76 94 96 98
28 17 : 10 15 24 27 30 32 37 55 56 60 61 68 71 79 84 94 95
29 17 : 5 6 20 21 23 26 31 43 44 52 59 62 68 71 77 93 98
30 17 : 2 10 24 34 35 37 38 39 58 60 62 63 66 68 90 91 98
31 17 : 0 6 13 20 24 29 35 39 45 53 62 66 71 80 83 92 95
32 17 : 2 4 16 21 24 27 29 31 34 35 44 52 58 73 81 82 92
33 17 : 18 24 33 34 40 43 46 55 58 61 65 75 76 77 86 88 90
34 18 : 0 1 3 6 16 17 23 31 33 34 37 55 62 66 72 89 96 97
35 17 : 4 13 14 16 37 40 41 46 50 57 61 62 63 74 75 78 93
36 17 : 12 13 14 15 20 39 45 49 60 63 66 71 76 82 83 90 94
37 17 : 0 4 11 15 19 23 34 37 38 52 60 71 77 79 90 93 95
38 17 : 4 5 9 10 14 20 52 54 59 62 75 78 79 90 91 92 96
39 17 : 9 13 14 19 24 27 35 37 40 55 58 61 62 63 69 90 96
40 17 : 4 8 14 20 24 28 35 37 39 41 46 50 56 62 83 95 96
41 17 : 20 24 29 34 35 37 51 58 60 62 63 65 66 70 83 87 90
42 17 : 3 7 8 10 27 35 37 47 48 49 55 58 63 66 78 94 97
43 17 : 4 6 9 13 27 28 37 43 58 60 63 71 78 79 93 96 98
44 17 : 2 17 18 20 25 34 37 42 45 50 59 60 73 76 90 93 96
45 17 : 5 6 11 13 20 28 33 34 35 51 60 63 64 69 73 79 89
46 17 : 2 19 20 24 34 35 37 49 56 58 60 62 63 67 85 90 98
47 17 : 3 10 13 20 32 34 36 37 42 49 52 54 58 65 70 92 98
48 17 : 15 22 23 24 25 34 38 45 52 53 56 61 62 63 70 90 99
49 17 : 0 7 14 23 24 38 40 41 42 45 55 58 60 63 69 74 88
50 17 : 6 15 18 21 22 26 28 36 37 62 65 70 72 74 80 86 93
51 17 : 8 9 19 23 24 28 29 32 37 47 64 70 74 78 84 94 96
52 17 : 1 4 11 21 23 25 27 32 34 37 39 54 63 76 82 85 91
53 17 : 5 6 13 18 22 32 33 35 37 39 46 53 60 63 82 97 99
54 17 : 6 9 11 17 21 22 24 25 27 31 34 35 40 42 47 56 63
55 17 : 3 6 23 24 27 40 51 58 59 61 63 69 71 73 78 80 93
56 17 : 0 21 27 28 30 47 49 52 55 58 59 72 74 82 83 85 90
57 17 : 3 20 24 28 32 34 36 37 45 47 55 64 66 67 92 93 97
58 17 : 16 17 22 31 36 43 50 54 62 63 64 66 75 82 91 92 96
59 17 : 2 4 11 13 15 16 17 22 23 24 47 63 79 83 88 90 97
60 17 : 14 20 32 36 57 58 69 70 72 74 77 79 90 91 92 97 99
61 17 : 24 25 29 32 34 41 55 57 60 61 63 67 72 84 86 90 94
62 17 : 8 13 14 15 17 20 22 23 43 44 49 57 60 62 64 67 70
63 17 : 12 22 23 24 27 32 33 36 41 44 47 56 58 65 75 78 99
64 17 : 4 8 10 19 23 34 50 58 59 60 68 84 86 89 90 96 98
65 18 : 0 5 18 21 33 34 35 36 50 60 62 65 83 84 87 90 92 95
66 17 : 1 7 20 32 34 43 46 48 50 51 73 75 81 86 89 90 95
67 17 : 9 10 18 20 23 34 45 55 60 62 63 67 73 81 82 89 90
68 16 : 2 11 17 20 24 34 35 37 38 39 49 55 58 60 62 63
69 17 : 1 23 25 30 31 40 50 58 60 63 67 73 79 81 84 89 96
70 17 : 5 9 28 37 38 41 44 48 53 63 64 74 81 82 90 95 96
71 17 : 5 6 8 9 13 18 19 24 33 37 40 42 43 51 57 62 66
72 17 : 9 12 21 30 35 36 41 42 45 46 52 54 58 62 66 67 73
73 18 : 1 14 17 20 24 25 34 35 37 44 49 51 59 60 62 63 87 90
74 17 : 4 12 19 33 35 36 42 43 63 72 73 77 78 80 82 90 96
75 17 : 5 8 24 25 35 36 37 47 52 55 58 64 72 77 85 89 98
76 17 : 20 24 29 34 35 37 39 44 53 54 58 59 60 62 63 71 90
77 17 : 5 7 10 15 20 34 35 36 45 49 54 58 74 82 84 88 94
78 17 : 19 20 24 25 31 34 35 37 39 48 58 60 62 63 70 90 93
79 17 : 1 7 17 40 50 52 55 58 62 63 65 68 82 84 85 88 90
80 17 : 19 23 25 33 34 39 41 47 58 59 75 81 86 89 91 95 99
81 17 : 2 9 24 33 45 47 48 50 51 58 60 62 78 80 90 96 98
82 17 : 0 5 13 14 20 29 30 47 62 68 80 81 88 92 93 96 97
83 17 : 16 17 23 28 33 34 43 46 53 54 64 75 79 85 86 90 93
84 17 : 6 10 12 25 33 34 35 49 65 66 73 81 87 90 94 98 99
85 17 : 5 12 15 20 28 34 37 46 56 59 60 74 76 81 90 93 99
86 17 : 2 5 7 11 20 23 35 42 50 58 60 62 63 72 81 87 92
87 17 : 10 26 44 47 51 52 61 62 63 65 67 87 88 90 91 93 98
88 17 : 1 7 11 15 23 24 25 28 34 47 50 60 71 76 77 98 99
89 17 : 5 10 12 14 15 18 20 22 24 25 42 47 69 76 81 92 98
90 17 : 4 10 24 35 36 43 46 48 53 63 80 81 84 88 91 93 98
91 17 : 2 3 6 19 21 22 23 30 31 56 60 67 75 80 86 98 99
92 17 : 5 12 24 29 35 40 46 52 53 55 68 70 78 86 91 97 98
93 17 : 0 4 20 26 29 31 34 38 42 58 62 64 67 72 76 81 91
94 17 : 20 22 24 25 34 35 37 38 45 51 55 58 60 62 63 71 90
95 17 : 2 3 11 19 20 26 27 30 34 35 48 57 60 80 81 83 87
96 18 : 0 1 15 18 20 22 24 25 26 52 54 58 71 74 75 78 94 95
97 17 : 1 2 12 24 34 35 40 48 57 63 64 68 77 83 85 90 91
98 17 : 1 3 10 14 20 21 22 33 35 37 40 42 60 80 83 88 95
99 17 : 8 11 20 27 29 33 52 58 60 62 63 65 85 86 88 89 97
