N C E M
100 117 4950 990
Opt_part_L_size, Opt_part_R_size, Opt_number_of_colors
16 84 14
N of L changes = 2
Min number of labels in a vertice, Max number of labels in a vertice
16 18
Solution Set
38(4) 15(4) 85(26) 0(27) 80(30) 95(30) 9(31) 54(32) 51(32) 3(33) 25(33) 67(35) 94(39) 116(40) 
Number of edges by Color (l n)
0 116 40
1 94 39
2 67 35
3 3 33
4 25 33
5 51 32
6 54 32
7 9 31
8 80 30
9 95 30
10 0 27
11 85 26
12 36 11
13 1 9
14 103 9
15 5 8
16 14 8
17 18 8
18 33 8
19 34 8
20 41 8
21 76 8
22 78 8
23 102 8
24 106 8
25 6 7
26 8 7
27 11 7
28 27 7
29 29 7
30 32 7
31 39 7
32 47 7
33 53 7
34 56 7
35 59 7
36 60 7
37 70 7
38 82 7
39 99 7
40 112 7
41 113 7
42 2 6
43 17 6
44 23 6
45 24 6
46 28 6
47 30 6
48 37 6
49 45 6
50 48 6
51 50 6
52 52 6
53 63 6
54 66 6
55 68 6
56 75 6
57 79 6
58 84 6
59 93 6
60 109 6
61 111 6
62 115 6
63 4 5
64 10 5
65 13 5
66 16 5
67 19 5
68 21 5
69 22 5
70 26 5
71 31 5
72 40 5
73 42 5
74 43 5
75 44 5
76 46 5
77 49 5
78 55 5
79 58 5
80 61 5
81 62 5
82 64 5
83 65 5
84 71 5
85 72 5
86 77 5
87 81 5
88 83 5
89 86 5
90 88 5
91 90 5
92 92 5
93 96 5
94 101 5
95 104 5
96 105 5
97 7 4
98 12 4
99 15 4
100 20 4
101 35 4
102 38 4
103 57 4
104 73 4
105 74 4
106 87 4
107 89 4
108 91 4
109 97 4
110 98 4
111 100 4
112 107 4
113 110 4
114 114 4
115 69 3
116 108 3
Label List by vertices (vertice Id, Number of labels : set of labels
0 18 : 3 23 25 43 48 58 62 67 72 73 75 76 80 81 84 90 113 114
1 18 : 0 3 6 25 37 49 50 51 54 59 67 79 80 85 90 94 102 116
2 18 : 5 14 17 18 25 27 37 51 55 63 68 76 80 81 94 102 103 112
3 18 : 3 8 14 25 39 44 53 61 66 75 76 86 88 93 95 96 102 116
4 17 : 1 19 26 34 35 42 48 52 54 56 70 82 85 94 102 109 116
5 18 : 0 3 5 9 24 25 29 40 49 51 54 67 80 85 94 95 110 116
6 18 : 0 3 18 19 33 51 66 69 75 85 90 94 101 108 112 114 115 116
7 18 : 1 3 6 27 30 44 45 54 55 58 59 63 66 67 75 87 94 95
8 18 : 0 11 14 32 33 34 36 51 53 54 56 62 75 76 90 94 107 111
9 18 : 5 7 9 22 26 28 33 41 47 53 54 55 56 57 61 68 95 105
10 18 : 11 21 33 39 50 54 61 63 67 72 78 85 93 94 95 100 102 116
11 18 : 7 23 25 31 33 36 43 62 68 80 81 85 94 101 105 111 115 116
12 18 : 24 25 30 33 34 38 45 51 54 56 62 92 94 98 104 112 114 115
13 18 : 3 4 16 31 36 49 59 63 68 70 71 80 85 89 98 101 106 113
14 18 : 26 31 32 36 39 43 49 62 65 67 71 79 87 95 96 103 106 112
15 17 : 1 5 9 14 18 19 25 33 36 42 84 99 100 101 107 113 116
16 18 : 3 9 16 19 25 33 46 51 54 55 87 94 95 97 103 110 113 116
17 17 : 6 10 24 28 32 44 47 56 80 83 85 87 94 95 99 103 112
18 18 : 0 3 9 15 41 43 51 54 63 67 74 79 80 82 85 94 95 116
19 17 : 1 36 51 54 60 65 66 68 78 79 80 83 84 87 89 101 116
20 17 : 9 11 12 19 25 41 45 53 64 68 70 72 75 83 86 102 110
21 18 : 0 5 10 12 26 34 54 59 61 64 67 68 79 95 98 99 106 115
22 17 : 2 9 14 19 26 28 36 45 51 56 74 78 85 92 99 104 112
23 18 : 0 3 8 9 20 22 29 44 47 48 73 79 85 94 103 109 111 114
24 17 : 0 3 5 8 9 24 25 51 54 59 67 80 85 94 95 99 116
25 17 : 6 11 32 44 46 51 54 57 58 59 63 64 65 67 104 106 116
26 17 : 0 4 10 11 25 29 49 52 64 67 72 75 80 95 103 113 116
27 17 : 21 25 29 31 33 51 60 66 67 77 86 93 95 96 103 112 115
28 17 : 5 6 23 27 48 54 56 67 70 71 73 80 85 92 94 97 116
29 17 : 0 23 25 26 28 30 49 54 55 66 72 92 94 96 109 113 116
30 17 : 0 2 9 13 15 20 28 31 35 36 45 48 62 75 96 103 116
31 17 : 1 12 13 14 18 33 39 48 55 59 80 84 90 95 101 111 116
32 17 : 0 4 12 23 31 41 48 52 54 56 58 60 74 79 90 103 106
33 17 : 3 7 10 12 16 25 30 33 36 51 56 58 59 60 79 85 110
34 17 : 0 2 10 23 29 36 39 54 56 60 62 65 67 82 95 104 113
35 17 : 1 3 4 12 24 27 47 66 79 84 89 96 97 104 105 108 110
36 17 : 0 1 4 10 26 42 49 51 66 76 77 80 91 98 101 109 111
37 17 : 3 12 19 25 38 39 60 68 78 80 90 94 95 104 111 114 116
38 16 : 3 9 14 37 40 41 43 54 67 78 80 85 94 106 109 116
39 17 : 2 3 9 17 24 32 51 54 58 59 82 85 91 93 94 104 113
40 17 : 3 9 21 25 41 46 51 54 57 67 78 80 82 94 95 110 116
41 17 : 8 10 27 29 37 43 51 60 62 63 85 88 89 94 95 115 116
42 17 : 0 5 9 13 18 25 34 36 38 50 54 65 70 94 95 100 111
43 17 : 3 11 13 18 20 52 59 60 64 71 76 78 83 84 92 94 105
44 17 : 2 8 10 12 14 44 50 51 53 67 69 72 82 89 105 114 116
45 17 : 3 5 6 9 10 15 33 34 47 52 55 64 68 98 106 112 115
46 17 : 1 6 29 34 36 44 60 65 69 76 78 85 91 93 103 107 112
47 17 : 3 8 11 25 35 40 50 58 60 61 67 68 79 100 103 111 114
48 17 : 8 9 16 21 31 34 45 60 69 80 82 95 97 106 113 114 116
49 17 : 1 5 9 14 24 25 27 54 67 73 80 94 97 98 106 109 116
50 17 : 1 6 7 15 27 32 35 40 51 54 75 82 85 91 97 102 106
51 17 : 3 5 11 16 25 33 39 41 51 54 58 63 77 78 83 100 112
52 17 : 0 3 9 14 17 25 37 51 54 70 80 81 90 93 94 95 116
53 17 : 3 6 8 13 27 36 41 48 51 53 63 71 75 76 82 105 116
54 18 : 0 3 5 9 25 34 38 40 50 54 67 80 83 85 94 95 109 116
55 17 : 6 8 22 31 44 51 52 55 65 70 93 94 95 96 98 100 112
56 17 : 1 16 17 23 30 32 37 39 54 58 66 67 80 91 94 95 96
57 17 : 4 13 18 25 28 31 39 56 59 69 73 74 75 80 85 92 115
58 17 : 0 2 14 22 25 29 30 45 51 55 57 67 77 88 101 106 116
59 17 : 1 2 3 7 15 20 35 41 44 48 50 51 58 88 92 95 105
60 17 : 23 24 25 28 30 33 36 45 47 51 54 61 76 83 84 94 115
61 17 : 1 3 15 18 32 41 61 67 77 78 80 81 94 95 108 111 115
62 17 : 6 9 11 36 39 41 54 62 78 80 88 92 97 102 105 106 116
63 17 : 2 3 13 18 23 25 38 43 45 51 53 70 80 86 102 109 111
64 17 : 14 16 21 27 32 37 38 39 50 61 67 79 80 81 82 83 94
65 17 : 3 6 11 13 14 17 35 41 47 48 53 54 80 88 94 111 112
66 17 : 3 11 17 22 33 46 52 53 67 70 77 81 84 86 88 96 103
67 17 : 0 9 17 25 32 40 53 54 65 67 74 80 85 94 109 110 116
68 17 : 0 3 25 46 49 63 65 67 78 80 81 85 94 95 106 109 116
69 17 : 3 9 25 32 44 45 46 52 61 76 80 94 95 103 104 112 116
70 17 : 0 27 35 37 54 59 61 64 70 76 77 84 88 97 100 103 116
71 16 : 2 9 11 18 24 29 32 51 55 67 81 85 94 95 99 107
72 16 : 0 3 5 6 9 18 25 34 50 51 54 70 94 95 110 116
73 17 : 3 7 9 17 29 36 53 56 60 64 65 76 80 85 86 102 113
74 17 : 0 3 21 25 28 29 30 37 40 54 60 67 90 94 95 100 116
75 17 : 1 22 23 25 27 30 46 60 73 76 77 78 86 87 103 113 116
76 17 : 9 20 24 25 29 34 45 48 50 52 54 73 76 82 85 95 116
77 16 : 3 8 9 25 37 41 51 54 57 67 71 80 95 102 109 116
78 17 : 0 1 3 13 28 36 40 50 52 67 77 80 85 90 99 103 116
79 17 : 3 4 5 17 19 20 22 23 30 37 38 54 71 74 95 102 116
80 17 : 0 1 2 16 25 26 41 47 56 59 76 82 83 89 95 103 111
81 17 : 0 4 13 18 19 20 24 26 34 47 67 70 72 89 94 103 106
82 17 : 9 11 23 26 28 40 45 67 71 77 88 94 95 106 108 113 116
83 17 : 9 15 21 41 42 43 51 72 80 85 86 87 94 95 99 106 115
84 17 : 1 3 5 6 9 39 47 56 57 68 70 84 85 93 94 104 107
85 17 : 4 9 17 28 35 37 46 54 67 78 81 86 91 93 94 102 113
86 17 : 0 4 7 9 14 21 27 36 46 66 72 74 76 87 99 112 116
87 16 : 0 3 9 25 42 43 49 51 67 80 82 83 93 95 109 116
88 17 : 0 16 21 27 28 34 41 47 52 66 73 75 80 95 96 105 116
89 16 : 0 3 8 9 25 32 42 43 50 54 67 80 85 94 99 116
90 16 : 0 3 8 9 21 25 34 42 51 53 54 67 78 85 95 116
91 17 : 9 18 25 30 36 47 53 64 66 67 74 80 89 93 95 102 107
92 17 : 9 24 36 51 54 57 59 64 68 80 86 88 94 99 102 104 108
93 17 : 3 10 19 22 25 27 42 48 51 54 57 67 69 91 92 99 116
94 18 : 3 9 18 25 29 34 38 42 51 54 67 71 80 82 85 94 95 116
95 16 : 2 8 9 14 17 18 20 22 25 34 42 54 72 84 94 102
96 18 : 0 2 3 5 15 25 30 32 36 39 40 46 51 70 92 94 98 107
97 17 : 1 7 8 18 22 47 51 53 63 67 91 93 94 95 99 101 115
98 17 : 9 11 14 25 29 33 39 49 51 62 78 79 84 94 95 105 108
99 17 : 16 17 31 36 47 51 52 54 63 67 71 85 99 101 107 113 116
