N C E M
200 300 19900 9950
Opt_part_L_size, Opt_part_R_size, Opt_number_of_colors
36 164 73
N of L changes = 22
Min number of labels in a vertice, Max number of labels in a vertice
78 83
Solution Set
235(19) 227(20) 285(20) 113(20) 279(20) 91(21) 94(21) 175(21) 189(21) 191(21) 199(21) 264(21) 269(21) 284(21) 16(21) 21(21) 37(21) 41(21) 44(21) 59(21) 55(22) 58(22) 146(74) 147(76) 246(78) 49(80) 242(80) 236(81) 212(83) 194(83) 36(84) 134(84) 137(85) 85(86) 100(86) 216(86) 135(87) 124(87) 117(88) 288(88) 174(89) 154(89) 159(90) 299(91) 296(92) 40(93) 179(94) 255(94) 207(94) 141(94) 289(95) 192(95) 260(95) 29(95) 129(95) 276(96) 31(97) 263(97) 48(98) 26(98) 98(99) 54(99) 202(100) 208(100) 3(100) 259(101) 290(102) 84(102) 23(103) 229(105) 12(107) 72(109) 18(116) 
Number of edges by Color (l n)
0 18 116
1 72 109
2 12 107
3 229 105
4 23 103
5 84 102
6 290 102
7 259 101
8 3 100
9 202 100
10 208 100
11 54 99
12 98 99
13 26 98
14 48 98
15 31 97
16 263 97
17 276 96
18 29 95
19 129 95
20 192 95
21 260 95
22 289 95
23 141 94
24 179 94
25 207 94
26 255 94
27 40 93
28 296 92
29 299 91
30 159 90
31 154 89
32 174 89
33 117 88
34 288 88
35 124 87
36 135 87
37 85 86
38 100 86
39 216 86
40 137 85
41 36 84
42 134 84
43 194 83
44 212 83
45 236 81
46 49 80
47 242 80
48 246 78
49 147 76
50 146 74
51 185 25
52 266 25
53 24 24
54 34 24
55 86 24
56 96 24
57 125 24
58 15 23
59 46 23
60 47 23
61 60 23
62 62 23
63 79 23
64 92 23
65 99 23
66 131 23
67 149 23
68 168 23
69 228 23
70 237 23
71 280 23
72 298 23
73 0 22
74 7 22
75 9 22
76 17 22
77 25 22
78 28 22
79 33 22
80 35 22
81 45 22
82 53 22
83 55 22
84 56 22
85 57 22
86 58 22
87 61 22
88 67 22
89 71 22
90 80 22
91 95 22
92 102 22
93 103 22
94 104 22
95 108 22
96 109 22
97 111 22
98 112 22
99 121 22
100 130 22
101 132 22
102 133 22
103 138 22
104 155 22
105 164 22
106 206 22
107 222 22
108 226 22
109 240 22
110 262 22
111 267 22
112 277 22
113 294 22
114 1 21
115 2 21
116 4 21
117 5 21
118 6 21
119 8 21
120 10 21
121 11 21
122 13 21
123 14 21
124 16 21
125 19 21
126 20 21
127 21 21
128 22 21
129 27 21
130 30 21
131 32 21
132 37 21
133 38 21
134 39 21
135 41 21
136 42 21
137 43 21
138 44 21
139 50 21
140 51 21
141 52 21
142 59 21
143 65 21
144 66 21
145 68 21
146 69 21
147 70 21
148 74 21
149 76 21
150 81 21
151 82 21
152 87 21
153 89 21
154 91 21
155 94 21
156 97 21
157 107 21
158 116 21
159 118 21
160 120 21
161 122 21
162 136 21
163 139 21
164 142 21
165 144 21
166 150 21
167 151 21
168 153 21
169 157 21
170 165 21
171 169 21
172 170 21
173 175 21
174 181 21
175 184 21
176 186 21
177 189 21
178 191 21
179 193 21
180 195 21
181 197 21
182 199 21
183 201 21
184 205 21
185 209 21
186 220 21
187 225 21
188 231 21
189 232 21
190 241 21
191 243 21
192 244 21
193 250 21
194 252 21
195 256 21
196 264 21
197 265 21
198 268 21
199 269 21
200 271 21
201 273 21
202 274 21
203 283 21
204 284 21
205 286 21
206 291 21
207 295 21
208 63 20
209 64 20
210 73 20
211 75 20
212 77 20
213 78 20
214 83 20
215 88 20
216 90 20
217 93 20
218 101 20
219 105 20
220 106 20
221 110 20
222 113 20
223 114 20
224 115 20
225 119 20
226 123 20
227 126 20
228 127 20
229 128 20
230 140 20
231 143 20
232 145 20
233 148 20
234 152 20
235 156 20
236 158 20
237 160 20
238 161 20
239 162 20
240 163 20
241 166 20
242 167 20
243 171 20
244 172 20
245 173 20
246 176 20
247 177 20
248 178 20
249 180 20
250 182 20
251 183 20
252 187 20
253 188 20
254 190 20
255 196 20
256 198 20
257 200 20
258 203 20
259 204 20
260 210 20
261 211 20
262 213 20
263 214 20
264 215 20
265 217 20
266 218 20
267 219 20
268 221 20
269 223 20
270 224 20
271 227 20
272 230 20
273 233 20
274 234 20
275 238 20
276 239 20
277 245 20
278 247 20
279 248 20
280 249 20
281 251 20
282 253 20
283 254 20
284 257 20
285 258 20
286 261 20
287 270 20
288 272 20
289 275 20
290 278 20
291 279 20
292 281 20
293 282 20
294 285 20
295 287 20
296 292 20
297 293 20
298 297 20
299 235 19
Label List by vertices (vertice Id, Number of labels : set of labels
0 82 : 0 3 8 11 12 13 17 18 20 22 23 27 32 36 48 50 54 62 67 72 80 82 85 88 97 98 99 104 105 107 111 115 124 125 128 133 136 141 143 147 151 154 158 159 166 174 176 178 183 187 194 195 198 202 205 208 211 215 219 222 226 230 231 232 236 238 242 246 247 248 254 256 259 264 271 274 276 279 280 282 286 290
1 81 : 3 5 7 11 12 18 26 29 31 36 38 43 47 51 62 67 70 72 73 75 79 86 89 97 98 107 108 117 120 124 129 130 131 141 146 147 153 154 156 162 165 166 172 178 191 192 196 204 208 209 211 213 214 220 229 231 233 234 236 238 239 240 242 243 245 246 248 250 253 255 259 270 271 275 282 288 289 290 291 292 294
2 82 : 4 7 12 21 24 26 31 34 39 40 41 42 44 47 48 49 54 56 59 60 66 67 69 70 73 76 79 85 97 98 117 118 123 129 134 139 141 145 151 154 159 163 165 170 174 178 179 181 183 184 187 194 195 197 199 202 205 207 210 216 219 222 231 233 234 236 238 241 242 246 247 257 260 271 273 275 277 282 285 292 296 299
3 81 : 2 3 4 12 13 14 15 19 23 26 36 38 40 45 47 48 50 52 60 66 69 77 79 90 97 104 115 117 118 120 121 122 132 135 138 139 143 144 146 147 149 151 154 155 158 159 160 164 172 173 174 188 189 191 192 195 200 201 211 216 223 225 238 242 244 246 247 249 251 255 257 260 263 271 273 276 281 282 289 290 293
4 81 : 2 4 8 18 23 24 25 29 30 31 32 33 36 40 44 46 51 52 62 65 68 72 73 79 85 87 91 96 106 121 128 131 132 133 135 137 139 141 144 153 159 162 163 165 169 174 178 179 182 184 189 196 197 202 208 212 216 219 220 223 229 232 241 242 249 253 255 258 260 262 265 269 277 282 283 285 287 288 290 298 299
5 81 : 0 1 3 7 12 17 18 23 25 26 31 33 36 40 42 47 48 49 54 63 66 70 72 84 85 94 95 97 98 100 104 109 113 116 121 124 129 131 133 134 135 137 140 141 146 147 150 153 154 159 168 174 175 177 192 194 202 207 210 212 213 216 220 225 229 236 246 255 256 259 260 263 265 276 277 288 289 290 292 296 299
6 82 : 3 5 7 13 22 26 27 33 41 45 49 54 55 64 68 69 70 72 73 74 80 84 87 90 98 102 107 108 110 117 125 131 132 134 135 142 146 148 149 152 156 157 158 161 167 174 175 177 178 181 185 190 193 194 196 202 204 208 212 215 222 236 241 242 244 253 254 255 256 259 262 264 267 272 275 277 287 290 295 296 298 299
7 81 : 5 6 7 16 18 20 26 28 32 36 38 40 44 48 49 52 54 70 71 72 75 77 80 81 84 85 88 92 98 100 112 114 115 116 120 121 122 124 135 138 141 146 147 149 154 167 169 174 177 178 180 184 191 193 196 197 202 207 211 214 216 218 219 230 232 236 237 241 242 247 259 263 277 280 283 287 288 290 293 297 299
8 81 : 0 5 6 8 12 15 16 17 23 30 32 36 38 40 44 46 47 48 52 54 57 58 60 61 66 69 71 72 74 84 95 97 107 109 113 116 118 130 134 138 142 145 148 149 152 156 157 158 160 161 171 174 178 182 183 188 189 192 193 202 205 212 213 214 237 241 245 251 252 255 256 260 263 265 276 281 289 292 293 296 299
9 81 : 1 6 7 15 19 21 22 23 26 29 31 38 41 42 43 47 48 49 53 54 57 58 60 67 75 76 79 84 85 92 95 108 109 115 116 117 127 129 130 132 142 147 148 151 155 160 162 171 177 179 182 188 192 193 194 196 202 207 212 214 216 222 224 232 234 236 239 241 245 253 255 256 258 260 261 267 272 276 282 289 294
10 81 : 3 8 14 16 19 22 23 25 26 30 36 38 40 49 50 56 57 62 65 66 68 70 72 75 80 85 86 92 97 98 115 117 123 129 139 140 141 144 146 163 172 173 174 183 191 192 194 195 198 199 201 202 204 207 209 212 217 222 224 228 229 230 231 236 237 244 245 246 249 250 253 257 263 264 267 272 278 289 294 295 296
11 81 : 1 2 3 7 12 23 24 26 27 29 33 37 40 42 45 49 53 54 59 68 80 84 90 98 100 110 111 117 118 119 125 127 128 133 141 144 146 147 150 154 166 167 177 178 179 180 183 188 190 192 196 199 200 201 202 208 210 212 215 218 225 226 229 250 251 254 255 260 262 276 278 279 282 285 286 288 290 291 294 295 297
12 81 : 3 9 12 18 25 26 27 31 36 39 41 43 46 47 48 49 50 58 60 69 84 88 90 91 94 95 98 100 105 110 111 112 113 115 118 120 121 124 134 144 147 151 152 157 168 172 180 181 184 185 189 190 195 196 201 204 207 211 212 215 218 221 225 228 236 238 245 248 258 259 260 261 263 264 266 274 281 287 289 290 296
13 81 : 10 16 22 26 27 28 29 34 36 40 43 46 47 48 49 53 54 58 60 67 73 80 82 84 86 88 95 100 102 110 111 118 122 124 125 129 132 135 136 137 140 141 146 147 149 154 156 169 173 187 198 201 202 204 208 212 215 227 230 231 232 233 234 237 246 249 251 252 255 266 277 279 282 289 291 292 293 296 297 298 299
14 83 : 2 3 9 12 18 23 26 29 31 36 37 40 42 47 48 49 54 58 69 72 84 85 96 98 99 100 102 109 116 117 118 123 124 129 134 135 140 141 146 147 148 154 159 174 179 184 192 194 197 202 203 207 208 214 215 216 223 227 229 236 239 242 243 245 246 247 250 255 257 259 260 262 263 271 274 276 281 284 288 289 290 296 299
15 81 : 5 8 9 12 14 18 19 26 41 45 48 49 52 56 60 64 65 70 72 73 77 81 85 86 89 90 91 93 94 96 97 98 99 100 101 105 106 109 110 112 117 123 129 132 134 157 170 172 173 174 175 179 184 189 196 202 206 207 208 210 211 212 218 225 226 227 228 231 235 236 239 246 251 255 258 259 262 274 277 281 299
16 81 : 0 2 5 12 15 18 20 26 34 38 40 44 45 46 47 48 49 54 61 63 69 70 75 86 90 92 103 108 109 112 113 116 123 124 126 134 138 141 146 151 152 154 157 159 166 167 172 174 176 179 182 183 187 190 193 202 210 214 222 223 224 226 229 234 235 245 255 259 262 264 265 268 270 273 274 282 283 285 294 295 299
17 82 : 13 16 23 26 30 31 33 35 38 39 40 43 48 49 52 55 56 57 62 64 68 71 73 74 81 85 86 89 95 104 105 114 118 134 135 136 137 143 145 147 153 154 156 158 166 179 182 183 185 192 195 199 205 208 210 215 217 218 220 223 225 229 232 237 238 240 244 245 247 250 253 254 255 256 260 262 269 271 276 280 287 299
18 81 : 2 7 16 17 18 21 23 26 31 36 38 47 48 53 64 68 71 72 83 84 85 90 96 97 98 102 105 106 111 114 115 117 118 119 122 123 124 125 129 134 135 144 147 149 150 164 167 171 173 183 185 188 192 195 198 206 208 209 211 212 228 229 231 233 242 244 246 247 251 259 267 276 277 278 279 285 289 293 294 296 299
19 81 : 10 14 15 18 20 23 27 29 30 31 32 40 44 47 48 52 54 59 60 63 64 65 67 72 74 79 80 81 84 85 90 92 99 100 112 122 125 131 133 134 135 136 140 144 145 146 147 150 156 162 163 168 169 177 178 179 181 185 187 188 194 197 201 202 204 212 215 216 223 224 242 245 255 257 276 278 282 286 289 291 296
20 82 : 2 3 12 17 19 23 26 29 30 31 32 33 34 35 36 40 48 53 54 55 60 72 77 79 84 85 87 90 92 98 100 104 117 124 128 129 134 135 137 140 141 146 147 154 157 158 159 163 167 174 179 180 192 199 202 204 207 208 212 216 227 229 236 242 246 256 259 260 262 267 270 271 273 276 280 284 287 288 289 290 296 299
21 81 : 4 6 7 12 13 16 18 21 26 31 32 34 39 40 42 44 45 49 51 52 55 56 63 68 69 71 72 88 91 92 95 96 97 98 101 102 104 109 110 118 128 133 136 138 141 145 151 153 154 166 170 173 174 175 179 180 192 198 200 202 207 208 220 224 228 243 246 247 250 252 255 256 260 267 277 279 280 283 288 295 296
22 82 : 0 2 8 9 11 16 24 27 28 31 39 41 44 47 48 49 50 52 57 58 62 67 69 72 76 77 79 81 97 98 100 101 112 117 119 120 128 129 131 132 134 136 139 141 146 147 149 151 154 156 159 162 176 192 198 206 207 208 212 217 223 224 225 227 234 236 237 238 240 246 247 252 257 258 259 264 265 270 287 288 291 292
23 81 : 10 12 13 29 34 36 40 42 43 48 53 54 56 63 69 74 79 80 81 82 83 84 85 99 100 102 108 111 115 116 117 122 128 129 132 134 135 137 140 142 143 147 151 152 153 154 157 158 162 169 179 182 183 185 188 192 201 203 208 210 217 220 226 229 234 236 242 245 255 261 267 275 277 283 287 288 289 290 292 296 298
24 81 : 1 4 5 15 20 23 29 36 39 40 48 59 69 70 71 72 74 76 79 80 81 83 85 86 87 92 96 98 104 105 109 112 114 115 116 123 125 126 127 131 135 149 154 159 160 163 167 175 178 179 185 192 197 201 202 204 210 211 212 213 216 230 235 250 256 258 260 263 265 268 269 271 276 281 284 286 288 289 290 296 299
25 81 : 7 12 23 29 31 40 42 46 47 55 57 59 63 68 69 70 75 80 83 84 85 86 89 93 96 100 105 111 112 116 117 118 119 129 141 143 145 146 148 150 155 156 159 168 172 174 179 180 182 186 194 203 208 212 219 220 221 222 224 226 229 234 235 236 241 242 243 246 249 254 255 259 263 268 272 276 278 284 288 289 294
26 81 : 1 5 9 13 14 17 23 26 29 33 36 40 45 48 53 54 56 57 58 59 61 65 66 69 74 81 88 90 101 104 105 117 124 126 128 132 133 134 135 136 140 149 152 158 164 165 173 175 176 181 187 190 192 193 197 198 199 204 207 208 221 237 242 246 253 255 259 261 262 263 280 281 282 287 288 289 290 293 297 298 299
27 81 : 3 10 15 18 23 27 33 35 36 40 44 45 49 50 58 78 82 86 96 99 100 107 108 111 112 113 124 127 128 129 131 136 137 146 147 154 155 157 159 163 168 170 172 174 183 186 191 192 194 195 197 198 199 201 202 208 210 216 222 229 231 233 240 243 244 245 247 249 251 259 260 264 269 271 272 276 287 289 294 296 298
28 81 : 2 3 5 12 18 21 23 24 26 27 31 32 35 37 39 40 41 45 53 54 56 68 71 72 78 81 87 95 96 98 100 101 103 105 107 109 113 114 122 125 129 134 145 149 152 153 154 155 157 159 160 168 170 179 189 192 194 199 202 204 206 207 212 219 227 229 230 231 235 245 247 268 269 271 276 280 286 288 293 295 299
29 82 : 3 6 8 11 12 18 27 30 31 34 36 37 41 44 48 54 55 56 61 62 72 77 79 82 100 103 108 109 115 117 124 134 138 139 141 147 154 158 159 160 165 169 170 173 175 176 177 179 181 186 191 203 204 207 208 211 212 213 215 216 217 220 223 229 232 233 238 242 248 255 256 262 263 267 270 273 276 279 280 289 293 298
30 81 : 2 12 13 17 18 23 26 30 35 36 49 50 54 55 59 62 63 72 75 76 85 97 100 105 107 109 111 117 133 135 139 140 141 145 148 151 159 160 161 163 165 167 175 178 181 183 184 189 190 194 195 197 199 200 201 202 203 205 207 216 217 218 219 227 229 233 235 236 237 240 242 253 255 257 269 275 277 279 285 290 299
31 81 : 1 8 11 14 15 18 22 25 26 27 31 34 39 40 41 42 51 58 62 64 65 67 68 71 76 77 80 82 83 84 87 94 95 100 101 103 110 112 114 116 127 129 130 131 137 138 142 146 150 153 159 166 173 179 181 185 192 193 198 204 205 206 207 214 218 222 223 236 242 244 248 250 251 252 262 263 285 288 289 292 297
32 81 : 1 3 5 6 8 12 17 23 26 29 31 39 40 48 50 54 58 66 68 79 91 93 95 97 104 108 112 113 114 115 116 119 121 123 125 129 130 131 132 134 142 145 147 149 164 168 170 172 174 177 179 181 192 193 206 207 209 210 211 218 225 228 229 230 236 239 243 247 251 259 260 261 265 268 269 277 280 286 289 293 296
33 80 : 3 8 12 18 23 26 28 30 31 36 40 42 46 48 50 52 54 74 76 78 80 84 85 98 100 102 117 118 124 125 129 134 135 137 140 141 146 147 154 159 164 166 174 177 179 186 191 192 194 202 207 208 209 210 212 213 216 218 221 229 230 236 239 241 242 246 255 259 260 263 265 267 274 276 281 282 288 289 290 299
34 81 : 0 9 13 15 18 26 31 33 36 41 54 55 63 65 66 67 68 78 80 87 92 99 100 101 107 108 109 113 114 117 131 141 146 151 153 158 159 160 163 165 171 172 174 176 177 182 192 194 195 202 208 215 216 220 225 226 229 230 236 250 254 257 258 259 260 261 263 264 269 276 278 280 282 286 289 290 291 292 296 297 298
35 81 : 3 5 7 10 16 21 23 26 35 36 46 47 55 57 61 72 75 79 80 82 84 85 90 92 93 94 97 98 103 114 119 120 128 129 131 134 137 139 141 146 148 149 152 154 155 162 164 169 192 201 206 207 212 215 216 220 222 227 228 232 236 238 242 244 247 250 259 260 263 264 269 270 273 274 275 276 279 291 293 294 295
36 81 : 0 2 12 15 18 27 35 41 43 50 66 69 70 72 73 76 79 80 84 93 96 103 108 114 117 122 127 129 132 134 135 136 141 146 147 152 159 160 169 171 174 179 184 186 188 191 192 197 202 203 205 210 212 214 217 224 229 230 234 236 237 243 247 248 251 259 260 262 263 270 272 273 274 277 282 288 289 293 294 295 299
37 81 : 8 9 12 18 19 20 21 22 28 31 40 44 49 55 57 62 64 65 68 69 71 81 82 84 85 92 94 96 100 105 111 114 115 128 130 135 136 137 138 146 155 159 169 174 178 180 188 192 195 198 201 202 205 206 207 211 216 228 229 230 235 236 238 245 246 249 252 255 257 259 261 263 264 269 279 284 287 288 289 296 298
38 81 : 7 9 14 18 20 26 31 36 42 50 51 53 57 59 61 62 71 76 77 84 87 88 92 96 97 98 100 101 108 109 117 120 121 129 135 137 139 141 147 148 157 159 166 168 176 178 179 180 185 188 192 196 198 199 202 205 207 208 209 213 234 235 246 247 248 251 254 258 261 263 266 268 270 271 272 274 278 282 285 288 293
39 81 : 1 2 4 8 11 12 13 14 23 26 27 31 32 44 45 46 48 56 65 71 72 79 80 83 84 85 86 87 94 98 99 100 101 103 104 106 108 117 128 131 133 134 138 141 154 155 163 167 169 172 174 175 182 192 198 207 210 212 213 216 217 220 225 229 231 233 237 239 243 250 252 260 275 276 279 280 290 292 294 296 299
40 81 : 0 2 3 8 12 17 18 20 23 26 29 31 32 36 38 45 50 55 59 63 66 69 71 80 81 82 87 89 98 107 109 114 119 123 129 137 141 146 147 152 154 167 170 174 176 182 188 194 198 200 201 202 204 206 207 212 219 222 224 225 229 232 238 239 244 248 255 256 257 260 261 262 263 271 276 281 288 289 291 295 296
41 82 : 0 2 3 5 9 14 19 22 25 26 31 34 40 43 44 45 64 67 69 72 76 79 85 89 92 98 103 112 116 118 119 120 121 122 124 129 136 139 141 145 149 151 152 153 154 158 159 165 168 169 171 172 177 179 185 186 189 191 192 202 203 205 207 208 212 221 224 227 228 233 243 245 252 257 260 266 269 271 284 286 290 299
42 81 : 0 2 3 7 12 18 23 24 29 31 32 40 42 45 48 49 69 71 78 88 89 92 96 105 118 121 126 135 136 141 143 146 157 159 161 163 164 166 172 173 174 179 183 184 185 186 187 192 194 195 204 209 212 215 216 217 218 220 221 222 223 224 225 229 232 236 240 241 242 259 263 266 273 280 285 291 293 295 297 298 299
43 80 : 3 12 23 24 26 29 31 35 36 37 38 40 48 49 51 54 56 72 80 84 85 100 112 115 116 117 124 128 129 131 135 137 138 141 146 147 149 154 159 164 165 166 170 174 179 187 192 194 207 208 216 218 222 223 225 229 234 236 240 242 244 246 249 255 259 260 262 263 267 273 275 276 285 286 288 289 290 295 296 299
44 81 : 0 3 17 18 20 33 35 39 41 46 49 51 52 60 72 76 84 90 98 101 104 105 108 114 115 118 123 124 129 137 138 147 151 154 155 159 161 168 169 175 183 188 191 192 195 200 204 207 208 209 210 215 216 218 219 223 225 232 233 236 238 241 244 251 254 255 256 259 260 263 265 271 276 278 284 288 289 290 292 293 296
45 81 : 6 18 21 23 26 29 30 31 35 39 40 41 46 47 48 50 62 65 68 73 75 85 88 91 92 94 99 100 113 114 118 119 120 124 128 132 142 144 150 154 155 157 158 163 168 171 172 173 174 177 180 186 192 194 200 202 207 212 222 225 226 228 229 230 239 242 246 253 254 257 259 260 263 264 265 269 272 276 280 283 290
46 81 : 2 3 12 14 29 35 36 39 41 42 57 60 63 69 71 72 74 75 77 84 85 90 98 101 104 107 112 114 117 118 125 137 142 143 144 147 159 170 180 181 185 186 191 194 196 200 201 202 203 206 207 208 228 229 230 232 243 244 246 249 250 252 254 255 259 262 263 266 268 269 273 275 276 284 287 288 289 292 296 297 299
47 81 : 1 4 5 7 11 12 13 18 22 23 29 34 36 39 46 49 50 52 60 67 72 74 84 85 91 93 94 99 101 103 107 114 121 122 124 131 134 136 141 142 147 154 155 156 157 158 159 160 161 173 177 182 184 188 192 193 195 196 200 212 214 215 216 220 226 229 241 242 245 248 255 260 261 272 280 284 286 287 288 294 298
48 81 : 1 3 5 9 12 14 15 18 21 23 25 26 27 28 31 33 40 44 49 50 53 54 58 61 67 68 71 74 75 78 83 84 86 94 98 99 100 108 118 119 124 134 137 142 147 161 162 170 173 178 183 186 188 192 197 201 204 216 224 225 229 231 239 241 252 259 260 263 265 266 269 270 272 273 275 276 288 289 290 295 299
49 81 : 0 3 13 15 18 19 25 35 41 42 44 49 63 64 67 72 73 74 78 83 84 87 96 98 100 101 102 104 105 110 117 119 122 123 124 128 129 134 135 139 141 143 144 148 163 166 169 173 175 178 183 184 186 196 200 202 211 212 216 219 224 229 234 243 244 246 255 257 258 261 265 266 270 277 281 288 290 291 294 295 299
50 81 : 1 3 8 11 18 23 26 27 36 38 42 46 49 54 62 65 67 68 72 81 85 87 90 92 93 94 95 96 97 111 118 123 129 133 135 136 137 138 142 145 149 151 157 161 164 165 169 170 173 179 181 184 192 193 197 199 206 207 208 212 216 220 221 223 226 229 236 249 250 259 260 261 268 273 276 279 280 288 291 292 296
51 83 : 0 3 12 15 18 20 23 26 28 29 31 34 35 36 38 40 46 47 48 49 54 67 72 74 84 85 89 91 98 100 105 113 121 124 126 129 131 134 135 137 141 143 146 147 154 158 159 167 174 179 180 184 191 192 194 202 207 208 212 215 216 229 236 246 247 255 259 260 263 268 269 272 276 279 284 285 288 289 290 292 296 297 299
52 81 : 9 17 20 22 24 29 31 36 38 40 42 43 45 49 58 65 71 75 76 77 79 81 84 85 86 92 94 96 97 98 100 109 110 111 114 117 120 123 125 129 134 137 145 146 153 159 165 169 178 180 187 188 190 197 207 211 212 216 225 232 234 236 240 242 255 260 261 263 266 270 271 274 276 281 282 285 288 293 294 298 299
53 81 : 1 9 13 14 18 23 25 28 32 35 40 41 42 45 46 55 58 59 64 67 75 76 83 84 86 93 95 99 100 103 107 108 110 117 120 122 124 129 134 135 146 147 149 155 156 157 162 170 176 184 186 187 192 201 203 208 211 212 213 214 217 235 236 237 239 242 244 246 248 255 259 262 264 271 276 282 288 290 291 296 299
54 81 : 0 3 11 12 14 16 18 26 28 31 36 39 48 51 52 59 61 63 66 67 71 76 82 84 88 95 96 99 101 106 108 111 117 120 125 129 134 137 141 142 143 149 151 152 166 176 179 184 186 193 195 201 203 205 208 209 216 221 227 229 234 236 237 240 242 251 256 258 274 275 277 279 282 283 284 286 289 290 291 296 299
55 81 : 11 15 20 23 24 26 30 36 38 39 48 49 50 64 67 72 73 74 82 84 85 86 87 88 89 90 98 100 102 103 107 112 113 117 127 128 129 130 137 138 140 141 148 149 151 152 154 159 170 173 179 182 187 192 193 206 207 215 222 229 233 236 241 248 255 256 259 264 266 267 269 272 273 274 276 285 286 288 289 293 297
56 81 : 3 5 7 8 12 14 16 27 28 34 36 39 42 45 49 50 54 58 64 66 68 70 75 80 82 88 96 98 101 103 107 110 119 122 124 130 131 134 138 141 146 147 153 154 164 169 170 172 177 178 179 181 185 195 198 202 203 205 207 212 214 215 225 229 234 235 244 248 249 259 261 262 263 273 275 276 280 282 283 288 299
57 81 : 1 5 6 10 13 15 18 21 22 23 26 29 36 38 42 46 48 53 58 59 62 67 72 73 76 79 84 85 94 99 100 106 116 117 121 123 126 130 134 135 143 146 147 151 152 155 156 157 169 172 173 176 179 184 185 189 192 202 206 207 210 212 217 220 222 224 228 229 230 231 242 249 251 260 267 272 279 289 295 296 297
58 82 : 5 7 9 12 13 14 15 16 21 25 30 31 32 35 47 48 63 64 65 67 73 75 77 78 84 88 90 94 98 106 110 116 122 123 126 129 135 145 146 149 155 157 160 170 178 179 181 190 192 196 206 207 208 216 219 220 222 224 229 236 240 243 246 255 257 259 263 265 268 270 272 275 276 279 281 283 286 289 290 293 298 299
59 81 : 2 4 5 12 18 29 35 36 38 40 46 51 53 54 55 62 72 73 79 85 87 91 93 95 97 103 104 110 117 121 122 123 124 126 129 130 143 154 159 160 161 164 166 174 177 178 179 180 185 187 194 195 196 201 205 206 212 224 228 230 232 236 243 244 246 250 255 260 262 263 270 271 275 276 277 282 283 284 287 291 296
60 81 : 0 1 12 13 18 19 21 23 24 29 30 31 38 44 49 52 54 60 62 71 72 86 92 95 100 103 104 106 113 125 129 131 137 138 139 141 147 151 152 153 157 160 167 169 171 175 176 181 192 193 194 198 202 204 207 208 209 210 213 216 217 221 229 233 241 244 248 249 253 255 256 260 262 263 268 275 281 284 288 292 298
61 79 : 3 4 12 18 23 26 29 30 31 36 37 40 46 48 50 54 56 58 60 72 78 84 85 93 94 98 100 117 120 121 124 129 134 135 137 140 145 146 147 154 159 167 174 179 192 194 197 200 202 207 208 212 218 219 227 228 232 236 237 238 239 242 246 250 253 255 257 259 260 265 267 268 274 276 288 289 290 296 297
62 81 : 15 21 23 26 27 30 31 34 37 40 41 49 52 63 72 75 77 85 87 88 89 90 91 92 96 98 101 113 114 115 117 124 125 131 137 138 141 149 155 156 157 159 161 169 178 179 181 182 183 189 190 191 192 200 207 209 210 217 227 231 233 234 236 240 247 250 254 255 259 260 262 277 280 285 289 290 295 296 297 298 299
63 81 : 4 6 12 13 20 23 24 26 32 34 40 41 48 49 59 63 64 65 66 68 75 78 85 87 88 93 98 100 102 104 105 108 111 115 117 120 124 129 130 134 137 138 155 162 166 173 174 179 180 182 184 186 187 188 194 197 201 203 205 208 209 219 221 235 238 240 243 245 246 251 255 263 270 276 278 281 283 288 289 294 296
64 81 : 0 3 8 10 15 18 19 21 23 29 40 43 44 45 48 56 60 62 64 68 72 74 79 80 87 97 99 107 112 117 125 129 137 144 154 156 159 168 174 179 184 191 192 194 200 202 205 206 207 215 220 221 227 228 232 236 237 242 244 245 249 256 259 260 262 263 265 266 268 269 271 275 278 281 284 288 290 292 294 297 298
65 81 : 0 2 10 14 17 19 21 22 23 25 32 35 39 40 45 47 48 54 56 58 60 66 67 70 72 77 81 86 88 89 98 102 105 106 110 111 113 115 117 119 120 121 123 129 133 141 151 161 164 165 166 168 171 175 176 179 181 187 193 194 196 201 202 203 212 216 226 229 234 240 242 245 248 250 255 259 266 271 288 290 296
66 81 : 3 6 7 9 11 18 23 26 30 31 32 33 38 40 43 44 50 54 56 57 61 62 66 75 78 79 80 85 94 96 102 106 108 123 125 127 128 129 135 138 141 143 145 147 150 154 166 169 174 191 194 195 197 202 208 216 220 222 227 230 231 236 240 242 251 252 253 255 257 258 259 260 261 263 265 270 277 282 288 290 299
67 81 : 3 9 12 18 21 23 26 29 30 31 36 40 44 49 51 54 70 72 81 84 85 98 99 100 112 113 117 118 124 127 129 131 133 134 135 137 141 143 147 150 154 159 161 169 171 172 174 179 181 186 194 202 207 208 212 216 217 218 229 236 238 242 244 246 253 255 259 260 263 264 266 276 284 286 288 289 290 292 293 296 299
68 81 : 3 8 9 10 12 18 23 26 29 31 33 34 36 40 45 48 49 52 54 60 72 77 82 84 85 98 100 104 109 112 113 117 120 124 129 134 135 137 141 142 143 146 147 148 149 154 159 162 165 174 179 192 194 200 201 202 203 204 207 212 216 221 227 228 229 232 233 234 236 242 246 247 255 259 260 276 288 289 290 296 299
69 79 : 3 6 9 12 18 19 20 21 23 26 29 31 36 38 40 47 48 54 60 65 72 84 85 89 99 100 102 104 110 117 120 124 129 135 137 140 141 147 154 158 159 168 173 174 179 181 192 197 202 203 207 208 212 213 216 221 229 241 242 244 246 251 254 255 259 263 264 269 271 274 275 276 280 284 288 289 290 296 299
70 81 : 0 3 6 7 9 10 22 26 28 29 31 34 36 39 46 48 54 64 68 76 93 98 100 106 114 116 117 119 121 124 133 134 135 137 140 141 142 147 148 151 154 157 161 162 165 172 174 179 181 183 192 198 211 213 214 218 219 220 227 232 236 242 246 250 252 253 260 261 264 265 271 274 276 280 281 284 285 286 289 292 296
71 81 : 1 10 12 17 18 23 25 29 44 48 49 58 72 77 84 85 87 88 91 94 95 100 103 105 106 109 111 113 114 118 121 130 135 137 138 143 147 154 168 170 174 179 181 185 193 199 202 210 216 217 219 224 225 226 229 235 237 238 239 240 241 245 246 248 249 251 253 254 256 262 268 272 281 285 288 289 292 296 297 298 299
72 80 : 2 3 4 6 12 16 18 21 23 26 29 31 33 34 35 36 40 41 48 49 52 54 60 72 75 77 84 85 92 96 98 100 105 106 107 117 124 125 129 134 135 136 137 141 144 146 150 154 156 159 162 174 179 184 191 202 207 208 210 211 213 225 229 232 236 242 246 255 259 260 262 263 269 276 285 288 289 290 295 299
73 80 : 3 9 10 12 13 18 21 23 26 28 29 31 36 40 49 57 59 72 84 98 100 102 108 121 128 129 130 134 135 137 141 146 147 154 159 161 163 166 169 170 174 179 183 192 194 198 202 204 207 208 211 212 213 214 215 216 224 227 229 231 233 236 238 242 246 255 259 260 262 263 271 275 276 279 282 288 289 290 296 299
74 81 : 3 11 14 17 18 25 29 36 38 40 44 45 48 56 57 61 65 68 69 74 77 81 83 84 86 89 93 95 97 98 99 100 107 109 118 122 123 124 128 129 130 132 134 139 141 154 156 159 164 174 175 176 177 179 180 182 184 190 192 198 199 200 208 212 216 219 222 229 233 237 242 248 251 252 262 270 276 280 292 298 299
75 81 : 10 12 16 17 18 23 24 25 26 28 30 31 32 35 36 41 44 45 47 49 51 54 58 60 73 79 84 93 97 99 100 101 104 105 107 119 124 129 135 140 141 156 157 159 164 165 170 174 176 180 184 186 188 189 191 193 212 216 217 218 219 221 228 230 231 232 235 236 240 245 255 258 259 260 280 288 293 296 297 298 299
76 81 : 5 8 12 16 18 19 21 23 26 27 28 29 32 34 45 46 48 49 50 65 66 68 73 79 81 85 89 90 94 98 104 106 113 115 125 127 133 134 135 137 141 145 150 152 154 155 156 159 165 171 173 174 176 187 188 190 193 198 203 208 216 218 220 222 224 226 233 234 236 244 246 259 260 268 270 273 276 287 289 295 297
77 80 : 3 12 16 18 23 24 26 29 31 32 36 40 45 48 49 52 54 56 59 72 84 85 98 99 100 109 117 124 127 129 131 135 137 146 147 154 158 159 161 164 167 172 174 175 179 184 187 192 204 207 208 212 216 225 229 236 238 239 242 244 246 255 259 261 263 264 266 268 272 276 277 278 281 282 288 289 290 293 296 299
78 81 : 3 6 10 13 18 22 23 24 26 27 28 29 30 33 34 35 36 41 45 47 49 51 53 59 60 76 78 80 91 96 100 104 113 114 118 123 126 127 130 134 150 157 162 164 165 170 171 191 193 198 201 202 208 209 210 212 216 217 223 229 236 240 246 250 255 258 260 264 265 266 272 276 279 285 286 288 289 290 295 297 299
79 82 : 12 16 18 23 26 29 33 36 37 40 47 48 49 54 72 81 84 85 89 90 98 100 117 118 122 124 128 129 135 137 141 146 147 149 154 159 164 168 170 174 175 179 182 184 192 194 197 198 199 202 203 207 208 210 212 216 223 226 229 233 236 240 241 242 246 247 254 255 259 260 263 265 266 271 276 278 288 289 290 296 298 299
80 81 : 3 4 13 15 17 18 21 24 25 26 27 29 34 40 41 46 48 53 57 59 61 63 64 72 75 79 81 82 86 87 97 99 101 103 110 113 117 122 124 133 134 139 140 141 145 147 150 152 154 157 158 159 163 165 167 170 178 179 181 190 193 194 195 198 203 206 212 226 227 230 255 259 260 261 272 273 285 287 289 296 299
81 81 : 6 7 12 15 22 27 29 30 31 33 34 37 41 48 58 60 63 67 72 74 79 84 87 88 89 90 96 98 100 104 108 109 113 119 124 127 129 133 136 143 146 161 166 175 179 189 191 192 199 203 206 208 218 223 225 230 231 233 236 242 248 252 255 259 263 267 268 272 273 276 279 280 282 283 286 287 288 290 296 298 299
82 81 : 1 3 10 15 16 22 23 26 38 43 45 49 50 54 55 56 62 63 69 72 73 75 99 100 103 105 107 120 121 122 124 126 130 131 134 135 137 141 145 150 152 154 159 160 163 164 170 175 179 181 183 190 192 201 208 209 213 216 225 229 234 235 242 246 248 251 255 256 260 262 263 265 266 275 280 286 288 289 290 292 294
83 81 : 4 9 10 11 13 14 25 26 29 30 35 39 40 48 49 57 59 67 71 72 78 81 85 86 98 106 109 118 120 122 125 128 129 130 132 137 142 144 147 166 167 174 179 180 182 185 187 188 189 193 202 206 207 208 209 212 214 215 216 217 219 220 226 229 235 236 246 247 250 255 266 268 273 274 283 286 289 290 291 298 299
84 81 : 2 4 8 12 14 17 26 29 32 33 39 40 46 48 53 55 57 68 71 72 73 84 86 89 93 95 98 107 114 127 129 130 139 141 142 143 146 150 162 164 170 179 181 183 186 192 193 194 201 204 205 208 209 212 215 216 219 229 231 232 235 236 237 247 248 252 255 256 258 259 260 262 266 268 270 276 283 288 289 296 297
85 81 : 0 1 10 12 15 16 22 27 28 29 31 32 33 34 36 44 48 52 54 56 57 58 60 64 67 70 72 78 79 83 84 86 87 98 103 106 117 124 132 134 142 143 147 152 153 159 167 173 174 175 177 186 188 192 200 208 218 221 222 223 228 229 235 241 242 246 250 253 255 258 270 278 280 282 283 285 288 290 293 296 299
86 80 : 3 4 10 18 20 23 26 29 30 31 34 36 40 41 48 49 54 55 65 72 75 79 82 83 84 85 96 98 100 113 124 129 134 135 137 138 141 143 146 147 153 158 159 161 164 167 171 174 179 185 192 194 200 202 207 208 212 216 223 228 229 236 238 241 242 246 255 259 263 267 274 275 276 283 284 288 289 290 295 296
87 81 : 10 12 15 16 21 23 24 27 35 37 43 44 46 48 49 53 56 57 59 65 66 68 72 82 85 86 91 97 98 102 105 108 110 115 117 119 121 123 124 129 130 131 137 144 147 151 152 154 159 161 169 174 176 180 184 185 187 191 194 195 198 199 200 204 206 207 208 216 236 246 251 252 253 256 263 267 270 277 287 297 299
88 81 : 4 5 9 12 16 18 21 24 27 32 40 46 48 50 51 52 53 54 60 61 62 63 70 72 75 77 81 83 84 85 86 91 94 98 100 107 109 117 124 126 129 131 133 135 138 140 141 160 163 168 169 179 180 185 186 188 192 193 194 202 206 207 210 220 229 236 238 241 252 253 256 257 258 259 260 263 273 274 291 296 299
89 81 : 1 5 12 13 14 19 20 23 24 29 37 40 43 47 49 51 52 54 61 62 65 71 72 73 85 91 94 96 97 100 104 110 128 129 133 134 137 141 144 145 154 166 168 169 173 181 184 190 191 192 195 199 202 203 204 205 206 209 215 221 224 234 235 236 244 246 248 254 260 263 273 284 285 287 288 289 290 291 292 293 296
90 81 : 3 10 12 17 18 24 26 29 30 31 34 36 40 44 48 49 51 54 58 59 64 72 79 82 84 85 86 98 100 102 113 117 121 124 125 126 129 134 135 137 140 144 147 149 159 162 168 170 171 174 179 189 192 194 202 208 212 216 219 229 236 237 241 242 246 247 252 255 258 259 263 271 272 275 276 279 285 288 289 296 299
91 81 : 12 14 18 20 22 23 26 29 30 36 46 48 49 61 67 68 72 76 79 83 84 85 86 89 92 95 96 101 107 122 129 133 135 143 147 153 154 155 159 165 166 169 174 177 179 181 182 187 189 190 192 193 194 196 199 202 205 208 214 216 221 233 242 243 249 252 253 254 255 259 274 281 285 287 289 290 292 293 296 298 299
92 80 : 3 12 14 17 20 23 26 29 30 31 36 40 42 48 49 50 54 72 74 78 83 84 85 86 93 95 98 100 102 107 117 124 129 134 135 137 138 141 142 144 145 147 148 154 156 159 168 174 179 181 182 192 194 198 201 202 204 207 208 212 216 221 225 229 234 236 242 243 246 259 260 263 267 270 271 276 288 290 296 299
93 81 : 4 11 12 18 19 23 24 25 26 33 40 43 45 46 47 48 49 52 57 66 70 71 72 76 79 83 84 88 89 92 93 94 96 103 106 113 124 128 130 136 137 155 161 170 176 189 190 194 196 201 202 207 208 210 211 212 216 224 228 232 235 236 238 242 246 249 250 258 259 260 266 273 276 279 282 284 286 288 290 298 299
94 81 : 0 3 4 6 7 8 12 22 26 29 39 42 43 48 50 55 56 57 60 61 65 84 85 86 89 90 91 94 101 106 107 108 118 119 124 127 129 133 139 140 141 144 146 148 150 155 165 170 171 173 174 187 188 189 190 192 202 208 212 218 221 226 229 230 232 233 240 241 244 247 251 252 255 256 260 263 277 278 281 289 290
95 81 : 0 1 12 18 25 29 31 34 36 40 41 46 47 49 50 63 66 67 69 73 81 83 84 86 91 92 94 98 100 102 113 129 130 133 137 142 146 149 166 168 169 172 174 185 186 191 192 193 194 196 197 200 202 208 220 228 229 238 240 241 242 243 244 245 249 251 252 254 256 258 259 260 268 269 270 274 278 280 289 290 295
96 81 : 1 6 7 10 11 12 18 22 24 26 29 30 31 38 40 43 49 50 57 61 64 71 74 77 80 84 85 96 98 99 103 105 106 109 116 117 118 123 124 127 129 133 134 147 148 149 154 155 161 163 178 180 186 187 188 190 196 199 200 202 207 213 214 216 226 228 229 243 252 254 259 268 269 273 276 281 283 285 288 292 296
97 81 : 0 11 12 15 16 19 24 26 29 31 33 34 35 36 45 48 50 54 61 63 66 71 81 85 88 93 96 100 103 109 126 127 132 133 135 136 143 146 148 150 157 159 163 168 173 174 179 182 187 191 192 194 202 206 207 211 216 218 219 222 226 229 230 231 236 239 243 246 260 262 263 268 272 274 280 281 284 288 290 296 299
98 81 : 0 3 7 12 18 23 25 29 35 50 51 52 53 54 55 65 68 71 72 77 95 97 99 104 105 111 117 118 123 128 130 131 139 144 150 153 160 163 165 170 174 179 184 189 190 193 194 198 199 200 202 205 209 212 223 229 232 236 242 245 246 252 254 258 259 260 261 262 263 264 265 266 267 268 269 273 278 281 282 288 296
99 81 : 3 9 12 21 22 25 27 29 31 35 38 48 52 54 57 62 64 68 70 72 75 82 84 88 91 96 98 100 101 120 129 133 138 139 141 144 150 151 154 155 156 157 158 160 172 179 183 186 189 191 192 194 195 202 207 208 209 212 213 214 215 221 228 230 236 237 239 242 243 245 250 255 257 260 261 275 276 284 286 289 295
100 81 : 1 7 12 17 18 23 26 29 31 36 38 47 48 51 54 61 66 68 69 70 71 74 79 81 86 94 98 99 103 104 108 111 112 117 122 126 128 129 130 132 135 136 138 148 149 151 154 155 158 159 161 174 178 184 185 193 198 201 205 207 208 209 212 225 229 233 236 239 242 243 246 251 253 258 263 264 265 279 289 295 299
101 80 : 3 12 17 18 20 22 28 29 31 36 40 45 46 48 49 52 54 60 70 72 79 80 84 85 91 98 100 101 112 115 117 124 129 134 135 137 142 143 146 147 150 153 154 156 159 165 179 189 192 194 200 202 208 212 213 216 222 229 236 239 242 246 247 254 255 257 259 260 263 273 274 275 276 277 279 286 288 289 290 296
102 82 : 3 10 11 12 18 26 27 31 39 46 48 58 59 60 61 64 65 66 71 74 77 78 80 84 90 91 92 93 101 107 108 110 116 117 119 129 130 134 136 137 145 146 147 149 152 155 156 162 163 165 178 179 180 186 191 194 197 203 207 220 230 238 240 242 243 244 252 253 254 260 267 271 273 276 278 284 287 288 290 293 297 299
103 81 : 2 3 12 18 23 29 31 36 40 41 44 47 48 49 54 72 84 85 92 96 98 100 117 120 124 125 128 134 135 137 138 140 141 143 146 147 148 154 159 164 168 174 176 179 186 187 192 194 195 202 206 207 209 210 211 212 213 216 217 221 224 229 236 240 242 248 255 259 260 263 266 269 274 276 278 283 288 289 290 296 299
104 81 : 6 12 18 22 23 34 36 40 44 49 51 58 71 72 77 79 84 85 91 92 94 102 104 105 110 111 116 117 120 121 124 132 136 141 144 147 149 153 157 159 160 169 173 176 179 184 187 190 193 198 201 203 207 208 210 211 216 217 219 222 229 233 237 238 240 243 244 258 259 260 262 268 276 278 282 289 290 291 294 297 299
105 81 : 0 6 9 11 12 16 18 23 24 26 30 31 36 39 46 47 54 84 87 88 90 98 100 103 106 108 112 113 117 122 124 125 129 131 132 134 135 136 137 140 142 143 151 160 161 166 167 173 180 182 185 187 193 196 202 207 208 216 221 222 227 239 240 243 247 248 249 250 253 255 256 259 260 263 264 266 277 285 290 293 295
106 81 : 3 7 13 14 15 20 26 31 35 37 43 44 47 49 55 59 64 65 66 69 71 72 74 76 77 78 84 85 86 90 96 98 103 107 111 117 122 124 141 146 147 153 154 158 160 164 165 176 177 188 189 194 196 199 202 203 207 211 212 213 232 238 240 245 248 249 252 253 254 255 260 265 268 272 273 276 279 281 285 291 296
107 81 : 1 5 14 16 23 26 27 29 31 37 40 43 54 62 66 71 82 85 88 94 96 98 114 117 118 119 128 129 132 133 134 139 145 147 149 150 151 153 154 159 167 170 171 174 176 179 182 190 192 194 200 203 206 207 208 210 221 230 231 236 242 243 244 249 250 251 255 256 259 263 266 267 270 273 276 278 280 282 289 297 298
108 81 : 0 3 8 9 12 15 16 18 19 20 23 25 26 28 29 31 34 36 39 40 48 49 54 55 58 72 77 85 92 98 100 101 108 109 117 124 129 134 135 137 141 146 152 154 156 159 161 174 192 194 197 202 205 207 208 210 212 216 219 222 228 229 236 237 242 246 254 255 257 258 259 260 263 276 280 281 283 289 290 296 299
109 81 : 0 1 3 7 9 10 11 12 15 17 21 24 29 30 31 35 39 40 54 57 63 69 70 74 78 80 86 94 98 100 103 108 114 118 120 124 129 130 134 136 139 141 143 145 154 158 159 164 165 167 173 179 185 186 189 190 192 194 195 202 204 206 207 208 220 222 223 226 238 242 250 258 260 265 270 271 288 292 294 296 298
110 81 : 9 11 16 17 22 24 26 28 29 31 32 33 40 44 48 49 54 59 66 67 68 72 74 82 84 87 88 89 91 92 99 103 106 107 109 114 131 132 134 137 138 139 142 144 154 161 164 169 172 174 178 179 181 190 191 192 194 210 212 213 218 223 229 238 240 242 248 255 259 261 262 263 266 267 274 280 286 290 294 295 299
111 81 : 2 3 9 16 18 20 23 27 28 29 31 33 34 36 39 40 42 48 54 59 60 62 63 67 69 71 72 78 81 82 95 97 103 105 106 109 122 124 133 137 140 142 143 146 151 152 153 159 165 171 174 175 180 181 183 190 192 193 195 202 205 206 207 208 212 214 219 221 226 235 251 253 255 282 286 288 290 294 295 298 299
112 80 : 0 1 3 6 10 11 28 32 37 42 44 46 49 51 60 62 71 72 74 78 83 84 91 92 98 99 104 110 112 117 119 121 129 131 133 134 135 137 143 146 147 149 154 158 159 171 174 175 176 178 183 185 190 193 199 203 215 220 224 230 235 236 237 240 245 246 248 252 258 260 263 268 274 277 280 284 289 292 293 296
113 81 : 1 2 4 12 23 25 26 28 29 32 36 37 39 43 45 48 60 61 62 65 68 72 82 84 86 89 92 93 95 98 99 100 105 106 111 115 119 121 125 129 134 135 137 138 139 149 154 156 160 164 168 174 181 186 192 200 201 207 214 215 216 218 222 234 236 246 249 253 254 259 263 271 274 277 280 281 288 290 294 296 298
114 81 : 4 5 6 12 14 18 26 29 31 36 40 50 54 61 64 65 72 73 75 83 84 105 106 109 117 121 124 129 130 131 132 133 134 135 137 139 140 147 148 149 150 156 162 164 168 169 171 172 173 174 176 179 183 185 189 192 195 197 202 207 208 226 228 231 252 253 254 255 259 263 265 267 268 269 270 274 275 277 294 298 299
115 80 : 0 4 6 10 12 14 18 20 22 23 29 31 34 36 37 51 52 55 69 70 72 73 84 93 96 97 98 100 102 108 110 117 121 124 126 134 135 137 141 163 164 169 170 174 175 178 181 185 188 194 202 205 206 207 210 216 221 226 228 231 234 237 240 241 242 244 247 250 253 257 258 260 263 271 275 279 283 290 291 299
116 81 : 3 4 6 8 24 29 32 36 37 38 40 43 45 50 53 55 60 63 65 67 70 72 73 74 80 84 85 87 94 95 96 100 102 104 109 111 114 124 128 129 132 134 143 144 152 153 154 157 162 163 164 165 166 168 183 188 191 193 194 196 201 202 204 207 211 214 215 218 220 227 232 242 256 259 260 263 274 288 289 295 296
117 81 : 0 5 6 11 12 14 23 24 25 26 27 29 30 32 36 48 49 50 52 54 67 68 74 83 91 95 100 102 104 105 106 108 111 114 126 128 131 137 139 142 146 148 149 150 151 154 159 160 167 168 169 170 171 172 181 184 188 189 190 192 198 202 207 208 209 211 216 217 223 229 231 236 242 248 252 276 285 286 288 289 296
118 81 : 0 3 6 15 16 20 21 26 28 29 33 37 40 41 42 48 49 54 59 61 65 70 75 76 80 83 85 86 87 94 98 104 108 111 116 120 121 124 125 131 137 139 145 149 158 159 161 166 173 174 179 187 188 189 191 195 203 207 214 215 219 227 241 244 250 255 256 257 258 259 260 263 270 276 280 284 289 292 295 296 299
119 81 : 1 3 4 6 7 10 12 13 19 22 31 33 36 40 44 49 60 62 64 68 75 78 80 81 85 86 88 104 106 109 111 112 116 120 129 132 140 141 146 147 151 154 159 165 171 174 179 180 183 187 191 194 214 219 223 225 229 230 235 242 243 245 246 248 249 255 261 263 265 267 271 272 274 276 278 281 282 283 286 290 293
120 81 : 3 4 6 11 18 20 21 23 27 29 31 38 42 45 48 49 54 56 57 60 61 62 63 67 70 72 84 86 93 94 96 97 101 102 103 114 126 131 134 135 137 140 147 150 158 159 161 165 172 177 196 207 208 214 216 222 228 229 234 236 240 242 243 250 255 257 258 261 264 265 269 273 274 275 278 288 290 291 294 295 296
121 83 : 4 8 9 11 12 15 18 19 20 23 24 26 29 30 31 34 38 40 48 49 52 54 59 61 72 73 84 85 89 98 109 112 116 117 124 126 129 134 135 137 141 145 146 147 159 171 174 179 186 189 192 194 202 207 208 212 215 216 220 222 223 229 236 242 243 246 255 256 259 260 263 264 269 271 272 274 276 278 288 289 290 297 299
122 81 : 3 7 11 12 28 32 40 43 44 48 49 54 55 62 72 80 81 86 87 89 97 99 100 101 102 106 113 118 120 121 124 129 135 136 139 140 141 144 146 149 150 157 160 162 163 166 167 171 173 174 179 182 190 192 194 200 201 202 208 216 217 224 228 231 232 233 241 242 250 251 254 256 260 263 276 277 283 286 290 292 299
123 81 : 2 3 12 22 23 29 36 40 46 47 49 51 52 53 56 57 67 69 70 72 84 85 89 93 96 98 99 101 103 108 109 110 116 119 120 121 123 124 126 128 129 131 133 135 136 139 141 143 146 147 154 156 161 175 179 192 197 206 208 212 213 216 217 223 224 229 230 234 237 246 254 264 270 273 283 284 287 288 289 290 297
124 81 : 3 4 14 17 24 25 26 31 40 42 44 48 56 58 59 67 69 79 83 85 90 91 99 100 101 104 117 121 124 126 127 129 131 132 137 140 142 146 147 154 156 162 168 173 175 176 190 196 199 202 206 207 208 210 211 215 216 217 220 225 228 230 232 234 236 239 242 253 255 259 260 263 266 274 276 283 287 288 291 296 299
125 80 : 0 3 12 18 23 26 29 31 36 39 40 42 48 49 50 54 56 58 60 72 74 78 84 85 92 95 96 98 99 100 105 109 111 116 124 129 130 134 135 137 141 146 147 149 154 159 176 179 192 194 197 199 200 202 205 207 211 212 213 216 221 229 236 242 244 255 259 260 263 267 274 276 278 280 287 289 290 294 296 299
126 81 : 4 5 6 14 15 18 19 20 25 27 29 30 31 37 47 48 49 52 54 63 68 78 80 83 85 86 89 100 103 109 116 124 129 135 140 141 142 146 154 155 160 166 171 174 177 187 189 194 196 197 198 205 208 213 217 228 230 232 233 236 238 243 244 247 248 254 255 256 257 260 265 273 275 276 286 287 289 290 295 296 299
127 81 : 1 2 6 7 10 16 18 25 26 29 35 37 45 52 58 60 63 70 71 72 74 85 87 91 93 94 98 100 104 105 109 112 113 120 123 129 135 140 146 149 152 155 159 164 167 168 171 174 175 179 190 194 200 202 207 208 216 218 226 236 244 246 247 256 257 259 260 265 266 267 268 272 276 277 288 290 291 293 295 296 299
128 81 : 2 3 5 12 15 18 19 22 23 25 31 38 39 40 46 48 49 51 55 56 58 63 65 72 76 78 81 84 86 91 102 103 113 116 117 124 134 137 144 146 148 152 153 154 159 170 172 173 174 178 179 180 181 182 185 195 197 206 209 211 230 233 243 250 253 254 255 257 258 263 266 267 272 277 282 291 294 295 296 297 299
129 82 : 0 2 4 5 7 12 15 22 23 26 29 31 32 37 40 47 49 54 56 61 62 72 75 77 88 90 93 96 98 100 108 112 116 120 124 125 129 130 136 138 141 146 153 170 175 176 179 182 184 186 190 195 196 199 206 207 208 209 212 215 216 220 223 224 229 234 238 240 246 255 256 257 262 266 268 276 283 284 288 290 292 296
130 81 : 3 5 6 7 14 16 17 20 21 23 25 29 33 36 37 39 40 45 52 54 55 56 57 62 64 69 72 75 80 84 85 90 99 102 112 116 117 127 132 134 137 141 147 150 155 162 167 174 175 176 179 185 190 196 197 198 204 206 207 212 223 226 227 236 239 242 249 253 259 261 266 273 276 283 286 287 288 290 291 296 299
131 81 : 9 10 16 22 23 31 34 36 41 44 45 54 55 64 65 66 69 72 77 79 82 85 98 100 102 104 106 107 116 119 121 122 124 125 126 128 129 137 141 146 150 160 162 163 169 171 173 179 182 183 185 196 201 204 207 213 221 223 225 234 237 242 245 246 252 254 255 256 259 260 266 267 274 278 283 285 287 289 292 295 299
132 81 : 1 5 10 13 17 23 26 28 30 34 35 36 40 43 46 48 49 53 55 56 59 61 63 65 67 82 85 91 98 100 101 103 108 110 115 117 119 126 131 134 135 137 139 141 143 147 153 154 159 162 166 172 176 177 179 180 181 182 184 189 190 195 197 228 229 233 241 243 246 255 259 261 263 266 269 274 288 289 291 295 296
133 81 : 2 6 12 13 19 23 26 29 35 37 38 40 42 49 54 65 66 84 85 90 92 98 99 115 120 121 127 133 134 136 137 140 148 150 152 160 161 164 166 168 179 181 183 191 192 194 196 197 203 205 208 214 216 218 222 224 226 227 229 230 236 242 246 250 253 255 256 259 260 261 264 267 276 278 279 280 287 288 289 290 291
134 81 : 7 18 23 24 34 36 40 49 50 51 53 54 60 61 64 65 66 76 82 84 85 95 99 100 101 107 120 123 125 127 131 132 135 136 137 138 141 146 150 155 157 167 174 175 182 184 189 191 192 193 204 209 212 216 217 218 219 221 222 226 229 234 236 246 251 255 260 263 264 266 269 270 276 277 278 281 283 284 288 294 299
135 80 : 1 3 8 10 11 12 14 18 19 26 28 29 34 36 37 54 65 71 72 74 76 78 79 83 85 86 89 92 100 101 102 103 106 108 111 120 124 134 135 136 141 144 145 146 147 149 153 154 158 159 163 174 183 190 192 194 198 202 203 205 208 210 212 214 221 226 232 236 242 243 246 255 258 259 260 264 269 283 294 297
136 81 : 3 4 11 17 18 21 23 24 28 30 34 36 37 41 42 43 47 48 49 51 55 59 85 96 105 109 110 112 115 117 119 122 124 126 127 132 135 141 144 152 155 156 157 159 160 164 165 167 168 174 178 179 194 199 207 212 213 216 222 225 227 229 232 237 241 242 243 246 247 257 260 270 275 278 279 282 289 290 291 294 296
137 81 : 3 8 9 12 18 23 26 28 35 36 39 41 48 49 51 52 53 57 60 62 64 67 70 76 90 91 97 106 117 119 123 124 125 129 132 134 135 141 144 156 157 160 162 163 166 168 171 174 175 185 188 189 195 199 207 211 213 215 217 221 224 229 230 231 234 236 239 242 244 245 246 259 268 270 276 285 287 289 294 297 299
138 81 : 2 4 6 7 20 21 24 26 31 32 36 38 48 49 53 61 63 72 75 78 84 92 97 98 99 101 105 107 111 112 119 120 121 128 130 133 134 135 136 143 146 148 153 159 166 170 172 175 179 184 194 195 202 207 208 212 216 219 223 224 229 230 233 234 235 237 245 246 249 253 268 269 271 285 286 288 290 291 296 297 299
139 81 : 7 9 12 17 20 24 27 29 31 34 37 38 40 41 43 46 48 49 51 56 59 78 80 83 84 85 88 89 96 98 100 110 112 117 124 130 139 146 153 155 156 158 161 163 174 175 179 180 185 187 190 194 197 198 199 201 202 205 208 209 212 229 239 242 248 251 255 260 263 268 272 276 278 279 284 285 288 291 293 297 299
140 81 : 1 16 23 28 29 30 33 34 36 42 48 51 57 60 61 62 64 65 68 72 82 88 91 92 95 99 103 104 110 114 115 117 122 126 130 133 134 141 147 150 154 155 159 160 174 178 179 183 186 187 192 193 194 195 202 204 208 211 212 216 228 231 235 236 237 239 242 253 256 258 259 260 264 267 276 277 278 286 290 292 299
141 81 : 3 9 14 17 23 28 30 40 41 48 49 52 54 55 56 58 59 66 74 76 78 81 82 84 85 86 89 97 98 106 112 113 117 122 124 125 126 134 137 140 141 144 154 160 172 174 177 179 185 189 190 191 194 198 199 200 201 207 208 212 213 217 219 222 233 236 251 259 263 269 280 283 285 286 288 289 290 292 294 295 296
142 81 : 3 5 8 11 13 22 25 27 28 32 50 54 66 73 80 84 85 87 89 90 92 98 106 114 116 119 121 123 124 129 133 134 135 136 137 138 139 141 145 148 150 152 163 168 172 176 179 180 183 187 189 192 194 197 198 200 202 215 218 227 229 230 231 232 233 235 237 240 244 247 260 261 269 275 277 283 284 289 290 292 296
143 81 : 1 6 17 18 22 23 25 26 29 32 40 44 50 51 53 54 55 59 64 68 69 72 77 88 93 95 99 109 112 117 122 123 124 126 132 134 137 141 142 146 147 154 155 159 161 175 185 191 192 201 202 207 212 213 217 219 220 231 232 235 237 242 245 246 249 252 255 259 260 263 264 275 276 277 289 290 293 294 296 297 298
144 81 : 1 3 10 12 13 18 21 23 25 26 29 31 36 40 41 42 48 49 54 55 58 59 62 70 72 80 84 85 90 94 98 100 112 116 117 124 129 130 135 136 137 138 139 141 143 144 146 147 154 159 163 166 167 174 175 179 183 192 194 201 202 207 212 216 227 229 242 246 251 255 258 259 260 263 266 276 288 289 290 296 299
145 81 : 0 1 3 8 11 12 23 25 30 36 38 47 50 54 56 57 58 59 63 64 65 66 70 72 77 85 90 92 97 98 111 112 113 125 129 134 137 140 141 142 145 146 147 149 151 154 157 162 172 177 178 180 182 190 194 199 202 206 208 221 226 227 228 231 235 241 245 247 254 258 262 263 265 266 270 271 276 278 290 292 297
146 81 : 2 5 8 11 12 17 18 20 23 25 26 28 29 31 33 36 37 45 51 53 54 57 65 69 77 92 100 101 103 107 109 115 116 118 122 124 125 128 130 135 137 145 148 150 158 159 162 164 166 176 179 183 185 194 195 207 215 216 218 220 222 231 240 242 243 245 246 248 255 261 263 264 265 268 274 279 281 286 289 291 298
147 81 : 2 3 5 9 11 14 15 16 22 23 26 29 35 36 45 49 53 55 58 64 66 69 72 76 79 81 82 90 91 95 98 99 100 118 126 133 135 137 139 141 146 154 155 156 159 174 180 181 188 192 203 209 210 211 212 213 216 220 222 225 232 235 248 255 259 260 266 268 270 275 279 281 283 289 290 291 292 293 294 295 299
148 82 : 0 2 3 10 11 18 19 23 29 33 40 48 50 53 54 55 61 66 69 72 73 74 75 76 77 78 83 87 91 93 95 98 100 108 110 113 117 119 123 124 125 129 131 140 143 147 148 154 165 168 177 178 181 188 194 196 201 204 207 210 212 214 225 229 234 237 238 242 248 249 250 252 255 261 266 269 276 282 284 290 293 297
149 81 : 3 8 9 15 21 23 25 26 29 32 33 35 36 45 47 53 64 71 73 74 75 76 89 98 107 113 114 117 119 125 126 127 129 131 134 135 141 143 145 146 147 148 151 154 156 159 162 163 171 180 185 189 191 194 199 200 205 208 210 212 216 218 224 226 227 229 231 234 236 237 246 250 260 262 263 268 269 276 282 296 298
150 81 : 2 3 5 6 9 16 17 19 22 23 33 36 40 48 49 51 61 62 67 69 72 77 84 93 96 100 101 107 110 112 117 118 121 122 123 127 129 133 136 137 146 150 153 154 156 159 164 170 184 193 195 198 201 207 208 209 210 211 213 217 226 233 236 237 244 245 246 252 257 259 262 263 267 276 278 284 285 287 290 295 296
151 81 : 0 2 9 12 16 23 24 29 35 37 46 48 51 52 55 61 71 72 74 76 78 84 85 86 98 110 112 116 117 124 125 132 133 137 141 146 148 150 152 159 160 162 163 165 166 174 176 177 179 180 181 183 186 191 192 194 195 196 199 202 205 212 216 225 229 232 236 239 249 261 263 271 276 277 280 287 288 289 291 292 296
152 81 : 3 5 9 10 11 17 18 27 31 32 43 44 48 53 54 58 60 65 72 74 75 83 84 90 92 93 96 97 100 101 106 113 117 124 126 127 128 129 131 135 141 142 146 149 151 158 164 165 168 173 182 183 185 187 188 196 199 224 229 235 238 241 245 246 251 252 255 259 260 263 264 266 269 272 275 277 279 280 290 296 299
153 81 : 2 3 8 17 18 19 20 21 23 26 29 35 37 40 45 46 48 49 52 53 58 68 69 71 76 77 79 82 84 88 93 102 104 107 111 125 128 129 130 132 134 138 139 144 145 153 154 159 168 175 179 182 187 192 194 200 209 216 222 226 228 229 231 233 234 242 246 249 253 257 259 263 265 266 267 269 272 288 289 291 298
154 81 : 2 12 15 19 20 24 26 29 30 31 36 49 53 54 57 59 64 67 83 87 92 95 96 99 100 106 107 108 110 114 116 118 123 127 132 134 141 147 151 155 156 160 161 168 171 172 174 179 188 190 194 197 202 207 208 209 211 212 214 218 222 224 229 235 238 239 241 249 251 255 259 263 270 276 280 281 284 290 294 296 299
155 82 : 3 4 7 10 12 18 23 26 29 31 34 36 38 40 41 44 48 49 54 56 57 72 73 78 84 85 89 91 97 98 99 100 109 112 115 124 126 129 131 134 135 137 140 141 146 147 151 154 156 159 163 164 174 179 191 192 194 202 205 207 208 211 212 216 221 229 230 236 246 255 259 260 262 263 266 271 276 286 287 288 290 299
156 81 : 0 5 7 14 17 18 20 23 24 25 33 36 39 48 49 54 55 59 67 72 78 81 87 98 104 108 114 115 117 123 126 127 131 134 136 138 147 151 154 158 160 161 164 166 167 169 170 176 185 187 191 194 195 203 206 208 211 215 216 217 224 229 236 239 246 249 255 259 260 265 267 268 270 275 276 281 288 290 294 296 299
157 81 : 3 8 18 25 29 31 42 44 49 54 59 70 71 72 75 76 81 83 86 87 95 99 100 102 103 110 115 116 117 122 135 140 141 142 146 155 160 161 163 165 166 172 175 179 184 185 186 187 190 193 195 199 200 201 202 205 208 215 216 221 222 226 242 251 255 256 257 258 259 265 266 267 274 276 280 282 283 288 289 290 296
158 79 : 3 4 12 17 18 19 23 26 29 36 40 46 48 49 54 55 72 84 85 89 91 98 100 104 105 108 109 110 113 116 117 123 124 125 126 129 134 135 137 139 141 146 147 148 154 156 159 164 169 174 177 186 192 194 197 202 208 212 216 217 229 236 239 246 255 259 260 261 263 267 276 279 288 289 290 291 296 298 299
159 81 : 1 3 12 18 22 23 25 26 28 36 42 48 50 54 62 63 73 76 77 79 80 83 85 89 93 98 100 101 105 106 109 110 115 122 124 130 134 135 139 140 141 142 144 147 152 158 162 170 171 180 185 188 191 192 194 196 198 202 203 206 207 226 229 231 233 241 246 248 254 255 259 260 263 264 271 272 273 277 294 296 299
160 81 : 3 8 10 16 20 22 23 24 25 26 29 32 33 34 35 40 42 46 47 48 49 50 51 56 61 64 70 82 83 86 87 89 100 102 103 111 114 116 120 124 125 126 127 134 136 137 138 139 140 146 147 148 159 161 164 174 186 189 190 194 196 207 210 215 229 234 237 239 242 246 259 262 263 272 274 276 278 283 286 291 297
161 80 : 12 13 18 20 26 29 31 36 40 42 48 49 54 57 58 61 72 76 80 84 85 94 98 100 117 125 126 129 130 135 137 141 142 143 145 146 147 153 154 159 162 163 167 170 174 179 181 185 187 192 194 200 202 207 208 211 212 214 216 221 229 233 236 237 238 242 246 255 259 260 263 264 281 282 285 288 289 290 295 296
162 81 : 3 8 9 14 18 19 26 27 32 35 37 40 43 44 47 54 57 63 64 66 72 77 78 81 90 93 102 104 109 117 119 122 125 127 130 132 133 134 137 138 141 145 152 156 157 159 165 167 172 179 187 191 193 194 199 202 203 204 208 211 212 217 218 219 220 224 225 227 240 242 249 256 263 267 270 272 274 276 279 288 299
163 81 : 3 4 6 9 10 11 12 17 18 19 21 23 24 26 30 31 33 36 37 43 49 53 55 58 79 84 85 89 91 95 98 100 108 112 135 137 139 141 142 144 146 153 155 159 162 168 170 171 172 173 174 175 177 180 183 184 186 194 207 208 212 213 216 217 226 227 228 237 240 246 251 255 259 260 272 284 286 288 289 294 298
164 82 : 3 11 17 18 19 22 23 25 26 29 33 36 37 39 40 41 48 49 55 57 58 60 63 65 72 74 76 81 82 90 98 100 105 110 117 118 121 126 132 134 136 137 141 143 146 147 150 152 162 163 167 169 174 179 181 182 196 202 203 206 213 214 216 225 226 233 244 252 255 259 260 263 271 273 276 278 279 288 290 291 296 298
165 81 : 3 12 18 32 38 42 47 49 50 54 56 62 69 71 73 74 75 78 83 85 87 94 97 98 101 105 107 113 114 115 118 119 120 121 122 124 129 135 136 138 141 143 144 146 155 159 162 170 171 173 175 178 185 192 194 197 202 205 207 208 209 212 214 216 229 231 239 241 263 264 272 273 276 279 280 288 289 290 294 295 296
166 81 : 3 8 15 18 19 28 29 31 41 46 48 54 62 63 66 67 69 73 84 85 86 91 100 102 103 118 119 120 124 125 129 133 135 137 138 144 145 146 148 152 153 168 170 171 174 176 179 183 185 188 189 191 192 197 204 205 209 212 213 214 215 216 224 227 232 235 242 245 255 260 266 267 273 276 281 284 287 289 290 296 299
167 81 : 0 1 2 3 5 6 10 11 12 13 22 23 26 28 29 31 37 40 43 45 48 51 54 55 57 69 70 72 84 85 98 99 100 121 124 129 130 132 137 138 146 157 159 161 165 168 174 180 182 184 185 187 189 194 196 202 205 208 218 220 228 231 232 234 235 237 248 250 252 253 265 266 277 279 283 284 288 289 290 292 296
168 79 : 0 3 7 12 13 15 18 23 26 31 34 36 40 48 49 54 72 80 83 84 85 96 98 106 108 111 115 117 124 126 127 129 134 136 137 141 146 147 151 153 154 157 158 159 164 171 174 179 192 194 202 203 207 208 212 216 219 222 228 229 236 238 242 245 246 254 255 256 259 260 261 273 278 288 290 293 294 296 299
169 81 : 3 7 10 11 12 18 23 25 26 27 29 34 35 37 42 51 53 54 57 59 60 68 72 81 82 84 91 93 102 107 114 120 121 124 129 135 137 141 145 146 147 148 155 157 161 163 167 171 174 177 179 189 193 200 204 206 208 216 220 221 226 228 234 235 239 244 246 250 255 256 259 260 262 263 267 268 276 288 290 291 299
170 81 : 1 4 7 8 12 18 23 24 25 28 29 40 42 43 44 55 56 66 77 78 85 87 89 90 92 101 103 112 119 123 124 125 126 127 132 133 135 138 141 142 148 150 154 157 158 165 167 173 174 176 182 192 197 199 202 205 206 207 212 221 223 227 228 232 233 236 239 242 248 249 263 267 276 281 283 285 287 288 293 296 298
171 81 : 0 3 12 13 14 15 18 24 26 29 31 36 48 53 61 72 78 82 84 85 92 94 98 100 110 112 113 117 124 129 134 135 137 141 142 144 145 146 147 154 159 169 174 175 179 184 192 194 199 201 202 203 207 208 209 210 212 216 229 236 237 241 244 246 250 255 259 260 261 262 263 266 267 276 279 280 288 289 290 296 299
172 81 : 12 13 18 19 21 24 26 35 36 38 39 40 41 42 43 46 49 53 55 57 63 72 79 81 84 85 92 93 95 100 102 103 119 127 132 134 135 136 145 146 147 154 156 157 159 177 179 181 182 183 187 202 207 208 209 211 214 215 218 222 230 231 232 236 239 240 242 243 246 249 250 254 259 260 261 273 281 283 294 298 299
173 80 : 3 4 7 12 18 23 24 26 29 31 33 36 40 43 48 49 54 58 60 72 82 84 85 88 93 98 100 111 113 115 117 118 124 131 134 136 137 141 147 151 154 159 164 170 174 179 192 194 201 202 204 206 207 208 212 216 225 226 227 229 236 237 239 242 246 247 259 260 263 271 272 276 280 288 289 290 291 296 297 299
174 81 : 3 4 5 11 12 18 24 26 29 31 40 48 49 52 59 61 62 64 70 72 80 82 84 85 87 93 94 98 102 105 112 115 120 130 132 133 134 135 139 140 146 147 151 158 159 163 166 172 174 175 184 186 189 203 206 207 214 216 219 225 229 233 236 237 238 240 241 243 245 246 259 261 262 267 269 272 275 288 294 296 299
175 80 : 0 1 3 7 12 13 14 21 22 23 25 31 33 34 36 38 40 43 48 59 62 68 72 76 81 82 84 85 88 90 96 100 103 110 111 114 117 119 122 126 128 131 137 152 155 157 160 165 174 177 185 192 194 197 198 202 210 212 213 216 218 220 227 228 229 236 239 241 250 263 264 265 266 268 274 276 277 287 289 290
176 81 : 5 6 9 11 20 27 31 32 37 39 51 52 54 62 63 65 68 70 71 73 76 78 83 84 86 87 91 94 95 101 110 111 114 120 124 125 127 133 134 135 137 142 144 145 154 155 157 167 168 174 176 178 179 185 192 193 194 196 205 217 218 222 223 225 228 236 243 246 248 249 251 252 253 258 261 263 272 277 285 286 290
177 81 : 3 5 12 13 16 18 19 23 27 28 31 33 42 48 49 52 54 56 57 61 72 73 84 88 93 95 98 100 105 106 107 113 121 124 130 133 134 135 137 145 147 148 154 159 162 173 177 179 186 192 196 200 205 207 208 209 213 216 218 219 226 237 238 239 240 242 243 247 254 255 264 265 266 270 276 278 281 287 289 296 299
178 82 : 0 3 11 12 13 15 18 20 23 40 43 48 49 52 53 54 56 58 68 89 100 103 104 106 108 110 111 116 117 123 125 129 135 137 141 144 146 159 160 165 169 171 174 177 178 186 194 196 202 203 205 206 208 212 219 220 224 227 229 230 231 237 242 244 246 247 254 255 257 258 260 264 268 276 277 278 279 289 290 293 297 298
179 80 : 3 12 15 16 17 18 23 26 29 31 37 40 45 47 48 49 54 56 61 62 66 70 72 84 85 93 95 98 100 117 124 129 134 137 141 142 146 147 148 154 157 159 174 179 191 192 194 195 200 202 207 208 212 216 225 229 230 231 236 238 240 242 246 249 252 254 255 257 259 260 263 271 276 279 283 288 290 294 296 299
180 81 : 3 8 11 13 18 27 28 29 34 43 46 48 50 54 58 61 70 71 74 76 77 84 85 87 88 89 92 95 96 98 101 102 103 104 117 123 124 127 128 134 135 137 138 139 143 147 151 154 158 168 174 177 180 186 187 190 195 205 207 208 209 211 214 227 229 236 237 247 250 252 253 257 259 268 271 277 282 284 286 295 296
181 81 : 2 3 4 12 17 18 26 29 31 32 53 54 55 56 61 67 73 76 78 79 81 85 91 98 100 102 108 115 125 132 133 135 138 139 146 148 150 158 160 164 167 171 177 178 179 180 181 182 183 192 203 204 206 207 210 212 216 219 220 221 222 225 226 229 236 241 248 249 255 257 260 265 269 278 283 286 289 292 293 298 299
182 80 : 0 2 4 5 7 8 12 17 18 24 28 31 32 33 34 35 40 42 46 47 48 54 55 56 59 68 72 80 82 83 87 88 89 100 106 115 116 117 118 132 134 141 143 144 150 153 159 162 164 173 176 179 194 197 203 206 207 208 209 212 214 216 220 224 233 236 239 246 257 259 262 265 276 288 289 290 291 293 297 299
183 81 : 1 4 6 12 18 23 26 29 31 36 37 38 40 45 48 49 54 57 58 72 73 82 84 85 95 100 111 117 118 124 125 129 134 135 137 138 140 141 144 146 147 151 154 158 159 168 169 176 179 189 191 192 194 199 202 204 205 207 208 212 214 216 229 236 239 240 242 255 256 258 259 260 263 276 281 285 288 289 290 296 299
184 81 : 8 9 12 15 16 19 26 29 31 35 37 39 43 46 48 51 53 58 63 66 67 70 72 74 78 82 84 88 90 93 97 103 108 115 119 124 126 127 129 130 132 134 135 148 152 154 159 164 166 184 185 192 193 194 195 202 207 208 209 213 217 227 229 231 233 237 242 247 250 253 254 255 259 261 267 268 273 276 290 293 299
185 82 : 3 6 11 12 15 18 19 20 21 22 23 26 28 29 30 31 33 36 39 40 43 45 46 48 49 54 72 82 84 85 99 100 110 117 124 128 129 131 134 135 137 141 146 147 150 154 155 158 159 174 179 192 200 202 208 212 216 217 222 229 235 241 243 246 252 255 257 258 259 260 263 264 269 271 272 276 277 288 289 290 296 299
186 81 : 3 7 13 14 24 25 27 28 29 31 36 37 39 48 49 52 60 62 63 72 73 74 75 81 84 85 94 102 111 124 127 138 139 141 142 146 150 153 156 159 160 161 162 165 167 174 182 188 198 199 202 208 213 214 216 217 219 221 225 228 229 230 235 236 237 239 243 252 253 255 258 259 270 275 278 287 290 291 296 297 298
187 80 : 9 12 17 18 20 23 26 29 30 31 33 36 40 41 47 48 49 54 61 69 70 72 80 84 85 88 95 98 100 102 104 117 121 126 127 129 134 135 137 141 146 147 152 154 159 165 168 174 175 192 198 202 207 208 209 212 216 223 229 234 236 241 242 244 246 255 258 259 260 263 268 275 276 284 288 289 290 292 294 296
188 81 : 3 4 10 12 18 19 21 28 29 31 36 37 39 40 43 45 48 49 50 51 54 66 68 74 79 84 86 89 91 97 98 104 107 111 112 120 124 125 128 129 146 149 151 152 153 164 174 176 177 178 182 184 188 189 199 200 209 211 214 216 217 219 223 227 229 231 235 240 242 245 251 259 260 263 269 272 276 282 286 293 298
189 78 : 1 3 8 12 14 18 19 23 26 29 31 34 36 37 44 48 53 54 64 72 73 81 83 84 85 87 98 100 117 123 124 125 129 135 141 145 146 147 149 154 156 159 161 163 173 174 177 179 192 194 201 202 204 207 210 212 223 225 226 227 229 236 238 240 242 246 255 259 261 262 263 276 288 289 290 296 298 299
190 80 : 2 5 12 13 18 21 22 28 31 32 38 40 41 43 45 48 49 51 54 62 71 75 82 83 85 89 97 99 102 105 107 112 116 117 121 122 129 130 131 134 141 142 144 147 153 159 161 167 168 172 178 180 192 196 197 200 203 204 207 208 216 223 226 228 238 240 241 242 245 247 259 261 270 276 278 288 289 290 292 298
191 80 : 3 12 15 18 19 21 23 25 26 29 34 36 39 40 42 48 49 54 57 72 75 80 81 82 84 85 90 98 100 102 116 117 123 124 134 135 137 141 142 146 147 153 157 159 167 171 174 179 186 194 202 207 208 212 223 226 229 236 238 242 246 247 250 255 257 259 260 261 263 266 267 273 276 285 287 289 290 293 296 299
192 82 : 0 1 2 3 4 7 8 13 18 20 21 26 27 35 47 49 51 53 54 56 62 66 72 77 80 83 91 98 108 111 113 115 120 122 124 127 129 135 141 148 153 154 155 160 161 166 169 174 179 180 189 192 193 197 200 208 209 211 212 215 218 231 242 245 246 247 249 251 259 263 265 266 270 271 280 283 284 287 289 295 296 299
193 80 : 2 3 12 13 15 24 27 29 30 31 33 38 43 48 52 57 60 70 72 73 77 78 81 92 95 96 97 102 107 109 111 117 122 124 127 130 131 134 135 138 147 149 154 162 174 178 179 184 185 188 192 193 194 198 202 212 215 216 217 223 228 232 236 239 243 246 248 251 252 254 260 263 266 269 276 284 286 288 289 296
194 79 : 3 8 12 13 14 16 18 23 26 29 31 36 40 48 49 51 53 54 57 61 63 67 72 75 84 98 99 100 109 115 117 122 124 129 137 142 146 147 150 154 155 156 159 169 174 176 192 194 197 202 207 208 212 216 228 229 230 232 236 242 244 246 248 252 255 256 257 259 260 263 273 274 275 288 289 290 296 298 299
195 81 : 3 6 8 9 14 15 17 18 19 23 24 28 29 31 36 40 44 51 53 54 62 69 71 73 76 79 80 83 84 85 92 94 95 97 98 100 102 112 119 121 123 129 132 134 141 147 149 150 154 159 160 162 174 177 179 181 186 199 207 214 216 220 223 224 228 232 235 236 243 246 256 263 264 265 267 273 282 283 297 298 299
196 81 : 3 5 6 10 18 19 22 26 29 31 33 35 36 41 43 48 54 56 60 67 70 72 74 76 79 83 85 86 88 93 97 98 111 114 115 117 128 129 132 134 135 136 141 149 151 152 153 155 175 177 179 185 188 189 194 204 205 207 208 221 223 224 229 234 235 236 237 241 242 246 247 249 253 257 274 276 280 281 287 288 299
197 81 : 0 1 3 9 12 14 15 16 21 30 31 33 34 36 38 39 40 41 47 48 51 54 59 60 61 65 72 73 79 84 86 88 94 95 98 100 111 119 134 135 137 139 140 141 146 148 152 154 158 167 168 169 172 179 186 188 192 213 218 223 224 227 231 236 242 249 254 259 260 262 263 266 270 272 275 280 281 285 288 290 294
198 80 : 1 4 10 24 31 32 39 40 46 47 53 54 61 65 66 67 70 72 75 77 84 85 87 88 91 104 107 114 117 120 121 127 135 136 141 144 147 148 151 158 163 171 172 174 178 182 183 185 186 192 193 194 197 202 207 209 213 218 219 229 240 242 248 251 255 259 260 263 264 267 275 276 277 279 286 288 291 295 296 299
199 81 : 3 6 7 10 17 18 19 20 23 26 35 36 38 40 43 47 49 54 56 64 66 71 76 77 84 85 87 98 100 106 111 116 118 122 124 130 133 134 142 146 149 159 162 165 171 172 174 177 180 182 192 194 195 212 214 216 219 220 221 225 226 233 236 240 241 242 259 262 265 269 273 275 276 277 279 280 283 289 290 295 297
