N C E M
200 333 19900 9950
Opt_part_L_size, Opt_part_R_size, Opt_number_of_colors
26 174 68
N of L changes = 7
Min number of labels in a vertice, Max number of labels in a vertice
75 85
Solution Set
314(18) 219(19) 306(19) 23(19) 9(20) 30(20) 59(20) 277(57) 102(58) 60(60) 63(64) 174(64) 82(64) 213(65) 319(65) 69(65) 327(66) 74(66) 287(66) 214(67) 294(67) 281(68) 191(68) 167(68) 320(70) 147(71) 73(71) 317(71) 169(71) 252(71) 154(72) 221(72) 187(72) 173(73) 104(74) 326(74) 75(74) 165(76) 62(76) 95(76) 250(76) 318(76) 25(76) 146(76) 267(77) 55(77) 13(78) 301(79) 247(79) 279(79) 131(79) 283(79) 99(80) 313(80) 157(80) 58(80) 253(80) 178(80) 235(82) 241(83) 117(84) 240(86) 299(88) 103(88) 50(89) 193(90) 53(101) 256(103) 
Number of edges by Color (l n)
0 256 103
1 53 101
2 193 90
3 50 89
4 103 88
5 299 88
6 240 86
7 117 84
8 241 83
9 235 82
10 58 80
11 99 80
12 157 80
13 178 80
14 253 80
15 313 80
16 131 79
17 247 79
18 279 79
19 283 79
20 301 79
21 13 78
22 55 77
23 267 77
24 25 76
25 62 76
26 95 76
27 146 76
28 165 76
29 250 76
30 318 76
31 75 74
32 104 74
33 326 74
34 173 73
35 154 72
36 187 72
37 221 72
38 73 71
39 147 71
40 169 71
41 252 71
42 317 71
43 320 70
44 167 68
45 191 68
46 281 68
47 214 67
48 294 67
49 74 66
50 287 66
51 327 66
52 69 65
53 213 65
54 319 65
55 63 64
56 82 64
57 174 64
58 60 60
59 102 58
60 277 57
61 21 24
62 144 24
63 149 24
64 201 24
65 226 24
66 272 24
67 56 23
68 185 23
69 265 23
70 288 23
71 310 23
72 22 22
73 39 22
74 88 22
75 139 22
76 143 22
77 181 22
78 183 22
79 190 22
80 197 22
81 199 22
82 212 22
83 242 22
84 289 22
85 322 22
86 329 22
87 6 21
88 10 21
89 17 21
90 32 21
91 40 21
92 51 21
93 61 21
94 68 21
95 79 21
96 86 21
97 96 21
98 108 21
99 129 21
100 134 21
101 137 21
102 158 21
103 161 21
104 182 21
105 192 21
106 204 21
107 207 21
108 233 21
109 234 21
110 239 21
111 249 21
112 271 21
113 286 21
114 295 21
115 300 21
116 0 20
117 1 20
118 2 20
119 3 20
120 4 20
121 8 20
122 9 20
123 12 20
124 14 20
125 15 20
126 16 20
127 18 20
128 20 20
129 24 20
130 26 20
131 27 20
132 30 20
133 31 20
134 33 20
135 34 20
136 38 20
137 41 20
138 44 20
139 47 20
140 48 20
141 52 20
142 57 20
143 59 20
144 65 20
145 66 20
146 76 20
147 81 20
148 84 20
149 85 20
150 91 20
151 92 20
152 93 20
153 97 20
154 98 20
155 100 20
156 101 20
157 105 20
158 109 20
159 111 20
160 113 20
161 114 20
162 118 20
163 124 20
164 126 20
165 127 20
166 136 20
167 150 20
168 155 20
169 156 20
170 159 20
171 166 20
172 171 20
173 175 20
174 180 20
175 189 20
176 202 20
177 203 20
178 205 20
179 210 20
180 222 20
181 232 20
182 246 20
183 263 20
184 266 20
185 273 20
186 282 20
187 284 20
188 285 20
189 290 20
190 293 20
191 296 20
192 304 20
193 312 20
194 323 20
195 324 20
196 5 19
197 7 19
198 11 19
199 19 19
200 23 19
201 28 19
202 29 19
203 35 19
204 36 19
205 37 19
206 42 19
207 43 19
208 45 19
209 46 19
210 49 19
211 54 19
212 64 19
213 67 19
214 70 19
215 71 19
216 72 19
217 77 19
218 78 19
219 83 19
220 87 19
221 90 19
222 94 19
223 106 19
224 107 19
225 110 19
226 112 19
227 115 19
228 116 19
229 119 19
230 120 19
231 121 19
232 122 19
233 123 19
234 125 19
235 128 19
236 130 19
237 132 19
238 135 19
239 138 19
240 140 19
241 141 19
242 142 19
243 145 19
244 148 19
245 151 19
246 152 19
247 153 19
248 160 19
249 162 19
250 163 19
251 164 19
252 168 19
253 170 19
254 172 19
255 176 19
256 177 19
257 179 19
258 184 19
259 186 19
260 188 19
261 194 19
262 196 19
263 198 19
264 200 19
265 206 19
266 209 19
267 215 19
268 216 19
269 217 19
270 219 19
271 220 19
272 223 19
273 224 19
274 225 19
275 228 19
276 229 19
277 230 19
278 237 19
279 238 19
280 243 19
281 244 19
282 245 19
283 248 19
284 251 19
285 255 19
286 258 19
287 259 19
288 260 19
289 261 19
290 262 19
291 264 19
292 268 19
293 269 19
294 270 19
295 274 19
296 275 19
297 276 19
298 278 19
299 280 19
300 291 19
301 297 19
302 298 19
303 303 19
304 305 19
305 306 19
306 307 19
307 309 19
308 315 19
309 316 19
310 321 19
311 325 19
312 328 19
313 330 19
314 331 19
315 80 18
316 89 18
317 133 18
318 195 18
319 208 18
320 211 18
321 218 18
322 227 18
323 231 18
324 236 18
325 254 18
326 257 18
327 292 18
328 302 18
329 308 18
330 311 18
331 314 18
332 332 18
Label List by vertices (vertice Id, Number of labels : set of labels
0 84 : 11 13 17 28 30 31 32 40 48 56 58 60 68 71 73 76 79 88 92 98 102 103 108 112 115 118 122 126 129 141 145 146 147 149 153 154 155 163 167 173 174 176 180 184 189 191 195 198 203 206 207 214 215 221 229 231 234 237 242 243 245 247 249 251 258 259 260 261 265 277 279 281 285 291 292 299 302 315 316 319 322 326 327 330
1 84 : 1 7 14 20 24 28 32 33 34 37 39 41 42 43 47 53 54 60 62 65 68 71 75 99 100 101 105 108 109 118 125 127 131 133 136 144 145 146 147 149 157 160 161 164 165 167 168 173 182 187 189 190 194 198 204 208 210 212 214 238 240 246 247 250 253 254 256 258 260 263 265 270 272 277 283 298 301 304 314 315 319 320 323 332
2 84 : 1 5 11 13 29 33 34 35 36 39 45 49 53 56 57 58 63 73 74 76 78 89 94 96 98 99 100 101 103 106 112 114 116 117 120 130 131 132 138 139 143 157 159 165 172 173 174 183 184 187 189 193 196 197 205 206 209 210 212 215 216 221 228 239 240 241 248 252 264 266 275 277 281 283 294 296 301 305 306 314 317 318 325 328
3 80 : 3 4 12 13 25 27 32 34 43 50 52 53 55 58 60 62 63 69 73 74 75 82 93 94 99 102 104 112 129 131 134 146 147 149 154 157 165 167 169 173 174 177 178 181 184 186 187 190 191 193 197 213 214 221 235 238 241 247 250 252 253 256 267 268 277 280 281 283 287 294 299 301 311 313 317 318 319 320 326 327
4 84 : 1 14 21 24 25 27 33 42 46 48 53 55 63 65 71 76 79 81 82 89 90 92 103 109 113 115 117 118 123 127 130 132 142 143 147 150 154 156 165 167 170 173 178 181 182 186 192 193 195 196 201 202 207 212 214 215 217 221 224 233 236 238 240 243 252 257 263 264 275 276 277 280 281 283 290 296 299 301 302 305 317 318 319 327
5 84 : 1 6 13 16 18 24 25 34 50 53 55 58 60 69 70 79 81 87 88 90 94 95 103 106 122 126 131 132 135 137 143 147 149 150 154 157 158 160 161 162 164 180 184 188 192 193 198 214 218 231 234 241 242 244 250 253 256 262 263 265 268 269 270 274 275 277 281 284 285 287 294 297 301 304 310 311 313 316 317 318 319 320 323 332
6 84 : 2 3 7 8 9 11 14 15 16 18 23 25 30 36 39 46 50 53 57 58 72 78 79 80 81 82 86 88 91 99 103 104 109 111 114 120 121 123 126 134 140 152 153 155 156 157 164 169 174 178 193 194 195 206 218 223 226 233 238 241 244 247 253 255 260 261 267 280 281 287 297 300 301 304 305 307 315 317 318 319 320 324 327 329
7 84 : 1 6 11 12 19 20 21 23 26 27 31 35 41 42 51 55 58 63 67 73 88 92 98 99 101 104 105 109 110 117 121 129 132 134 135 137 140 144 146 147 152 153 157 159 165 166 174 176 178 179 180 187 195 202 207 212 218 219 220 223 224 239 250 253 255 263 267 268 273 274 276 281 283 294 298 302 304 319 321 322 324 326 327 330
8 84 : 1 5 6 13 22 23 26 31 35 40 50 51 53 55 62 68 69 74 77 84 86 89 92 95 97 99 102 103 107 109 111 117 120 121 124 128 131 132 135 139 143 144 151 153 154 164 167 169 173 178 180 181 183 187 188 191 196 198 201 204 217 218 235 241 256 266 268 270 277 278 281 284 291 299 300 303 307 308 310 311 314 318 325 326
9 83 : 0 1 3 6 11 14 29 30 31 32 42 43 45 48 52 53 63 65 75 76 78 80 85 88 89 93 105 109 112 123 130 131 135 139 146 147 149 157 161 167 171 175 177 178 187 189 193 207 213 214 216 219 221 234 240 241 244 245 247 250 253 254 256 266 267 272 279 280 286 288 295 296 300 301 302 303 304 317 318 319 320 321 326
10 84 : 2 4 9 10 17 26 31 44 45 50 53 54 55 60 62 63 67 69 71 73 74 77 78 80 86 88 90 101 107 114 121 128 131 132 134 135 147 161 169 170 172 174 175 177 178 182 187 212 213 222 223 225 230 232 234 235 239 240 241 242 245 248 252 253 255 261 263 264 267 274 275 280 283 286 287 294 299 301 316 318 319 320 324 331
11 84 : 1 7 9 10 18 26 33 37 41 44 45 51 53 57 61 62 63 65 68 69 71 72 73 74 76 84 88 95 99 101 102 106 109 111 113 117 118 122 126 135 147 151 154 157 160 167 169 174 193 196 200 201 202 206 214 215 218 219 220 221 224 226 237 242 252 253 256 260 263 270 272 277 278 292 298 301 310 313 314 318 319 322 327 329
12 84 : 1 9 16 20 22 25 27 32 33 37 38 39 41 54 55 58 67 68 72 73 76 92 95 99 103 105 111 113 118 119 123 128 131 148 149 150 157 162 181 187 188 191 213 214 219 220 222 223 227 229 233 234 238 244 254 256 258 259 260 268 272 275 276 279 281 282 286 291 295 296 297 299 301 309 310 311 313 317 318 320 322 323 326 331
13 84 : 17 19 20 22 23 25 29 32 34 40 43 44 46 48 49 58 62 63 68 73 82 84 97 98 101 109 110 113 117 119 127 133 136 144 146 148 153 157 166 167 170 171 172 173 176 185 187 191 193 194 197 201 208 210 212 216 219 221 226 237 240 241 249 250 253 255 258 260 263 264 265 267 268 271 279 283 287 294 300 305 309 311 317 326
14 84 : 2 6 10 17 19 22 25 38 40 44 46 50 51 62 63 66 68 69 70 74 81 84 94 101 103 108 115 118 123 126 130 140 146 147 150 154 155 157 163 164 169 171 172 175 178 182 183 191 192 193 196 200 206 210 212 214 216 217 223 225 230 231 235 249 250 252 254 261 282 294 299 302 304 305 309 313 317 318 322 323 324 326 327 332
15 84 : 1 24 25 26 29 32 35 38 50 52 55 61 64 66 68 69 71 73 74 79 80 88 95 101 104 108 109 110 112 115 119 122 125 126 127 129 135 142 147 148 151 156 163 165 167 169 173 174 181 186 187 207 208 211 217 219 221 222 223 224 234 236 241 245 247 257 259 278 279 288 295 296 299 301 307 310 312 315 317 319 326 327 329 331
16 84 : 7 9 13 14 16 17 25 26 28 30 34 35 39 43 48 50 51 54 58 60 64 65 71 74 75 76 81 82 85 91 92 99 101 103 112 114 115 116 129 130 142 143 144 146 149 150 152 165 173 177 184 190 201 214 221 229 235 237 240 241 242 244 250 252 254 256 271 276 278 288 296 297 298 299 305 307 310 313 318 319 322 325 331 332
17 84 : 13 16 19 25 26 28 36 37 40 50 54 56 60 65 69 74 82 86 88 92 94 100 105 108 112 113 115 128 130 131 135 142 147 153 154 155 157 159 161 164 165 167 172 173 174 176 178 183 184 187 190 197 198 199 204 208 210 213 223 226 227 235 241 246 250 252 256 261 264 269 271 278 287 288 289 295 299 301 305 308 313 315 327 331
18 80 : 13 25 46 50 53 55 60 62 63 69 73 74 75 77 81 82 95 99 102 103 104 117 124 131 146 147 148 152 153 157 165 167 169 173 174 178 180 183 187 191 193 213 221 229 232 235 240 241 242 247 250 252 253 256 260 261 267 271 275 277 279 281 282 283 287 289 290 294 298 299 301 306 313 317 318 319 320 326 327 330
19 84 : 9 12 15 19 20 21 25 26 28 33 36 37 38 46 51 62 63 64 66 69 70 82 83 85 88 90 94 97 99 103 105 108 109 111 134 140 157 161 165 175 180 190 193 196 197 199 202 205 209 212 215 216 218 222 227 234 235 240 241 242 244 245 246 250 253 258 264 266 267 271 276 279 282 291 293 295 298 300 314 317 320 324 325 327
20 84 : 4 6 9 11 15 20 21 27 28 29 33 35 39 43 45 52 55 58 60 61 63 68 71 75 79 82 88 95 103 108 110 115 127 136 137 147 158 159 162 163 169 172 176 181 187 193 195 198 202 205 206 209 210 216 221 227 230 232 233 240 244 252 255 259 263 264 266 268 270 272 277 279 281 282 284 288 289 299 303 305 315 318 319 331
21 79 : 13 16 25 46 50 53 55 56 57 58 59 62 63 69 73 74 75 82 84 95 96 99 102 103 104 117 123 127 129 131 138 146 147 149 154 157 165 167 169 173 174 175 178 181 182 185 187 191 212 213 214 222 230 235 240 250 252 253 255 256 266 267 279 281 283 286 287 294 298 299 300 311 313 317 318 319 320 326 327
22 78 : 13 25 28 39 41 50 53 55 58 60 62 63 69 73 74 75 82 85 95 102 103 104 109 112 117 126 130 131 138 146 147 149 154 157 165 167 169 173 174 177 178 181 187 189 191 193 199 205 212 213 214 221 234 235 238 240 241 250 252 253 256 260 266 267 279 280 281 287 294 299 301 313 317 318 319 320 326 327
23 84 : 0 7 13 14 20 21 22 25 29 33 41 42 45 48 49 50 51 53 54 58 62 68 71 96 99 103 104 105 107 112 117 118 120 122 135 136 142 154 165 176 181 184 187 188 190 197 198 199 200 203 204 205 207 208 213 215 220 221 223 226 228 231 232 235 236 240 245 254 256 268 283 287 290 295 303 307 309 313 315 319 320 323 329 332
24 84 : 4 5 20 23 28 29 34 38 55 56 58 65 71 73 82 85 93 99 101 108 109 110 120 124 126 127 132 136 143 147 149 153 154 157 162 167 168 173 183 187 188 191 194 195 197 199 201 203 213 216 217 219 220 236 238 242 246 249 250 251 253 258 266 267 269 272 274 277 279 282 283 288 298 305 307 316 318 320 322 323 324 326 330 331
25 84 : 3 4 6 9 13 14 15 16 21 23 33 35 37 41 50 53 54 56 57 59 61 65 68 69 81 85 91 92 99 100 103 104 107 114 115 123 126 131 132 139 141 154 157 161 165 171 174 178 181 183 198 202 203 209 214 216 227 232 234 237 239 243 245 247 258 259 262 265 279 280 284 287 289 290 291 294 295 301 313 317 319 323 326 330
26 84 : 7 11 13 18 19 28 32 56 63 69 75 82 85 88 89 92 93 96 97 100 102 104 112 115 117 122 123 124 125 131 133 135 140 141 142 152 154 155 158 160 161 165 168 185 187 188 199 206 214 215 219 221 222 223 224 230 233 235 236 237 243 250 252 253 256 263 267 276 282 293 294 295 297 299 304 306 313 315 316 317 319 322 327 329
27 84 : 2 6 8 12 27 28 40 41 48 50 52 53 60 61 62 63 69 71 74 75 77 82 83 84 88 92 93 102 104 105 114 117 124 125 126 127 128 134 135 142 151 153 154 166 167 169 172 173 174 175 176 183 185 192 193 196 204 231 232 233 237 241 247 250 253 256 262 265 266 268 275 279 281 283 287 295 310 311 313 317 320 324 326 329
28 84 : 3 9 20 22 27 31 34 37 42 45 47 51 53 55 58 59 63 78 79 102 103 104 105 110 111 116 118 120 122 124 125 134 137 143 145 146 163 165 167 170 172 178 183 187 188 193 199 203 204 210 217 218 221 226 229 233 237 240 243 244 248 252 253 256 259 265 267 268 272 277 284 286 288 292 295 299 300 301 302 313 314 319 325 329
29 84 : 1 2 6 11 15 16 18 28 29 33 40 41 42 44 47 50 53 58 61 64 69 73 75 79 82 87 95 96 103 104 107 117 118 119 130 131 138 139 141 142 147 151 162 165 179 180 182 188 193 195 199 200 204 212 214 217 224 225 229 247 248 261 265 268 270 273 276 278 281 283 285 289 291 293 294 295 297 306 309 310 313 314 316 331
30 84 : 0 7 13 15 18 20 27 36 38 45 47 50 53 54 65 66 73 74 76 81 88 91 92 95 103 104 106 111 115 117 119 129 135 138 139 152 153 155 157 158 165 166 167 169 172 178 183 188 195 198 200 209 211 215 219 221 222 226 235 237 240 241 245 248 250 252 264 279 281 289 290 293 296 300 301 302 303 306 313 318 319 321 330 331
31 84 : 2 14 15 16 18 19 29 30 33 39 41 44 51 58 60 61 64 69 70 73 87 95 97 98 99 101 102 103 104 121 127 131 132 142 153 154 156 157 160 165 169 174 176 177 178 182 187 190 201 205 208 213 214 217 219 222 224 227 237 241 244 246 247 250 251 252 256 259 262 267 276 281 285 290 291 296 302 303 305 307 313 319 321 327
32 82 : 4 13 18 21 25 26 50 53 55 57 58 60 62 63 69 70 73 75 79 82 86 93 95 99 102 103 104 108 117 124 127 131 142 146 152 154 157 165 166 167 169 173 178 180 184 187 191 193 202 205 214 219 221 226 235 240 241 242 247 250 252 253 256 258 267 277 279 281 283 287 294 299 301 304 313 317 318 319 320 324 326 327
33 84 : 0 13 16 17 18 21 26 29 39 40 48 51 53 55 56 57 59 60 62 66 69 70 74 75 89 95 101 105 112 115 130 138 139 144 146 147 150 152 154 156 163 164 166 171 173 174 182 186 188 190 191 196 197 201 207 209 221 227 230 234 241 243 245 247 252 256 259 260 271 275 287 288 295 298 299 300 301 306 309 315 318 321 327 330
34 84 : 0 3 11 12 15 16 20 23 24 25 31 32 36 42 45 47 48 49 55 57 60 62 63 69 78 80 90 93 98 102 103 106 115 117 118 121 130 131 135 140 146 147 149 156 160 169 171 173 174 178 182 187 190 193 194 202 208 215 230 234 240 241 242 252 253 260 261 262 266 267 273 279 282 283 287 288 290 294 300 310 314 315 319 328
35 85 : 9 10 15 25 29 30 37 40 42 47 50 56 59 63 66 67 68 76 78 80 85 88 103 112 115 120 128 130 131 132 141 142 143 154 159 166 168 173 177 178 186 187 191 196 198 206 214 225 230 231 232 236 240 241 245 247 253 255 256 260 262 270 271 272 275 278 279 282 288 292 294 299 301 304 305 310 312 316 317 320 321 322 325 326 329
36 84 : 4 6 11 12 14 21 39 40 41 53 55 62 66 74 75 84 88 94 95 96 97 99 101 102 103 104 105 112 116 119 124 130 133 141 142 143 145 147 154 157 159 160 164 170 174 193 198 201 202 205 206 210 215 221 222 225 235 236 240 241 245 248 249 250 251 253 258 259 261 267 275 280 287 297 301 302 307 309 310 312 316 317 320 326
37 80 : 7 9 12 13 25 32 33 47 50 53 55 56 58 59 62 63 69 73 74 82 84 89 95 99 102 103 104 117 121 126 131 139 146 147 152 154 157 165 167 169 173 174 178 183 186 187 191 193 197 213 214 221 231 235 238 239 241 247 250 253 256 258 267 279 281 283 287 294 299 301 305 310 313 317 318 319 320 326 327 330
38 84 : 5 8 12 14 16 25 28 36 47 48 51 53 55 56 58 63 64 66 67 68 70 82 84 93 95 96 102 103 108 109 111 115 117 132 137 139 143 146 147 157 162 166 176 180 182 183 188 193 195 200 201 203 207 211 214 219 220 224 226 231 232 240 243 247 252 253 256 267 269 276 281 283 284 287 291 294 295 297 299 312 313 316 319 320
39 80 : 10 11 21 24 25 30 47 50 52 53 55 58 60 69 72 73 74 75 79 82 95 97 99 102 103 104 117 131 146 147 154 157 161 165 167 169 173 174 178 184 189 191 192 193 197 204 208 213 214 218 221 235 240 241 242 247 250 252 253 256 265 267 277 279 283 287 294 295 298 299 300 301 308 313 317 318 319 320 326 327
40 84 : 4 5 12 18 19 22 24 33 35 46 47 50 53 58 70 72 76 83 84 85 88 89 95 102 112 113 114 115 117 118 122 128 144 152 157 160 163 164 167 168 173 174 175 177 180 182 185 191 192 193 196 209 211 213 216 220 223 227 235 237 239 250 251 258 260 268 269 275 277 281 284 287 294 296 299 305 309 315 318 319 323 326 331 332
41 81 : 2 12 13 25 41 50 53 55 58 60 62 63 69 73 74 75 77 81 82 83 86 90 93 99 102 103 104 105 110 112 117 121 131 134 136 146 153 154 157 165 167 173 174 178 187 191 193 194 202 213 214 221 229 235 240 241 242 247 249 250 252 253 255 256 267 271 279 283 287 294 299 301 306 313 317 318 319 320 326 327 329
42 84 : 9 12 14 17 20 25 29 33 38 44 50 52 54 55 61 67 72 74 82 83 84 93 94 96 98 103 105 119 122 124 132 134 135 137 142 146 151 152 157 159 165 168 173 178 183 187 191 192 193 195 198 200 205 213 218 221 226 229 234 235 236 240 241 245 247 252 253 257 268 270 277 279 282 286 288 299 308 318 319 320 322 324 330 331
43 84 : 0 2 7 11 18 20 25 27 28 41 47 49 53 55 57 64 69 71 74 75 77 79 81 82 86 87 90 91 93 95 101 102 103 104 108 111 114 116 119 126 136 137 141 146 150 151 152 153 155 157 159 164 165 167 175 180 188 190 191 210 213 215 221 232 240 249 255 258 263 267 269 270 272 274 277 279 297 298 301 306 309 312 318 329
44 84 : 4 17 18 22 30 32 43 55 58 59 64 65 70 73 75 80 82 89 91 92 93 98 100 101 108 115 127 130 131 133 134 140 144 147 153 159 162 169 171 173 178 185 186 187 201 202 209 210 212 216 221 223 225 228 235 237 239 240 244 245 250 253 257 267 275 279 281 282 283 287 294 298 299 301 307 309 316 317 322 325 326 327 331 332
45 84 : 2 6 13 17 21 30 53 55 57 60 66 73 74 75 80 83 95 97 99 100 102 103 104 105 108 113 114 120 121 122 128 135 139 144 146 148 151 152 154 162 165 169 171 173 174 178 183 191 194 195 196 197 204 206 215 218 219 224 228 234 235 237 240 243 244 247 252 257 265 272 290 292 293 297 298 299 305 308 312 323 324 329 331 332
46 84 : 0 2 4 5 11 21 22 23 29 35 41 50 51 55 56 57 58 60 69 70 74 76 82 85 89 99 102 111 112 117 118 123 126 127 131 132 133 147 149 150 152 154 160 164 172 173 178 186 188 193 195 196 200 204 208 209 212 229 230 231 240 241 242 243 244 247 250 252 256 266 274 281 283 286 292 299 303 307 317 318 323 326 327 329
47 84 : 1 4 13 23 26 37 38 39 51 53 55 61 63 69 71 73 74 77 80 92 96 102 103 111 117 125 127 129 130 137 139 140 141 148 152 159 160 162 165 166 167 169 176 182 187 189 190 197 202 206 210 211 212 213 221 230 239 243 247 252 253 255 262 263 267 268 269 283 285 287 288 289 293 294 300 301 304 309 316 319 321 325 327 328
48 79 : 0 13 15 17 18 25 36 39 40 50 52 53 55 58 60 62 70 73 74 75 76 82 95 99 102 103 104 111 117 120 129 131 139 146 147 154 156 157 163 165 167 169 173 174 178 181 182 187 191 193 213 214 221 235 240 241 247 249 250 253 256 267 275 277 279 281 283 287 294 299 301 303 310 311 313 317 319 320 326
49 84 : 4 5 6 7 9 10 18 20 25 29 31 45 53 55 60 67 68 69 73 74 75 78 82 84 87 92 93 95 97 98 100 108 123 127 131 134 139 146 149 154 155 157 163 176 180 182 192 193 196 197 203 204 212 213 218 221 229 232 241 247 256 257 259 261 266 270 276 277 282 283 286 288 289 291 294 304 310 313 314 319 320 321 325 327
50 84 : 4 6 7 11 13 22 25 27 29 35 44 48 50 53 55 60 61 64 69 73 76 78 79 84 90 95 97 110 114 116 118 125 134 137 151 152 154 156 158 165 167 169 171 178 193 194 198 201 202 208 214 216 220 221 222 223 224 230 235 237 239 248 250 253 254 264 269 271 273 277 279 291 299 302 304 308 309 312 313 317 319 326 327 329
51 76 : 13 16 25 50 52 53 55 58 60 62 63 69 72 74 77 78 82 84 91 95 99 102 103 104 108 111 117 131 136 146 147 148 151 154 157 163 165 167 169 178 187 191 193 204 206 213 214 221 233 240 241 247 250 251 252 253 256 260 262 267 271 277 279 283 287 294 299 301 313 314 317 318 319 326 327 332
52 84 : 1 7 11 13 22 23 27 30 34 36 40 46 50 55 58 59 60 61 62 65 66 67 69 72 73 76 80 82 87 88 95 96 97 99 103 104 109 118 120 125 130 131 145 146 157 158 159 162 165 170 171 174 178 187 189 191 193 199 204 208 213 226 228 233 238 245 253 256 257 258 259 261 267 269 275 276 277 282 299 313 318 319 320 329
53 84 : 0 13 14 17 18 21 24 29 31 37 42 44 47 51 55 58 61 62 63 72 74 77 99 101 102 103 105 106 112 116 117 119 128 129 130 133 135 141 142 148 152 167 173 181 189 190 191 193 199 207 210 213 214 222 226 229 235 242 249 250 252 253 258 261 262 267 275 281 283 287 288 295 300 301 303 307 311 315 318 320 323 324 327 329
54 84 : 8 10 17 22 38 40 42 53 55 58 60 62 63 66 68 79 80 84 87 88 98 99 101 102 106 108 115 116 117 123 124 126 128 129 131 132 134 143 144 150 152 155 156 161 167 169 173 174 176 178 183 185 191 192 196 199 207 217 220 225 229 236 239 240 243 249 250 255 258 261 272 273 277 279 282 283 284 301 304 307 318 322 323 324
55 84 : 4 5 7 10 13 17 21 22 31 33 58 61 68 72 79 90 95 96 97 100 102 104 109 110 120 123 127 134 136 137 138 142 147 151 154 157 161 162 168 176 177 185 187 193 200 201 208 209 211 213 214 220 235 237 238 240 244 247 248 252 254 256 259 261 264 267 268 272 281 282 283 287 288 294 301 305 306 310 317 319 325 327 328 332
56 84 : 1 13 15 16 20 22 23 24 25 27 29 36 44 50 51 52 55 58 59 62 67 74 78 79 91 98 99 102 104 107 110 117 122 125 131 132 136 137 141 151 154 156 157 163 167 169 173 176 177 178 184 188 190 197 203 212 215 218 219 220 228 235 240 241 246 247 250 251 253 258 263 267 270 278 279 282 283 295 303 310 313 325 329 330
57 84 : 1 3 18 26 30 34 35 40 46 50 51 53 58 59 61 62 70 74 87 96 106 108 113 115 117 127 128 131 140 141 143 144 146 147 155 156 159 162 163 166 168 172 173 175 176 178 179 191 193 195 197 205 208 209 213 215 222 225 228 236 247 250 253 256 257 262 263 268 269 275 276 277 280 288 297 301 306 310 317 319 320 324 326 329
58 84 : 2 8 12 13 18 21 23 25 27 34 46 50 51 52 53 57 59 63 65 67 73 75 77 83 84 87 91 96 98 99 102 103 104 118 124 130 135 136 138 143 147 149 153 154 162 173 178 183 184 185 187 188 189 193 194 201 203 215 220 221 225 227 231 235 242 247 253 267 276 277 278 281 286 287 294 297 301 306 314 315 321 324 325 327
59 84 : 0 7 9 13 15 20 24 25 32 39 43 46 50 51 67 71 74 82 85 86 89 93 95 99 100 102 103 106 108 122 126 127 137 143 145 146 147 150 155 158 160 166 174 181 185 192 193 214 217 219 224 233 234 240 242 244 246 247 249 250 252 253 254 256 259 273 279 281 285 287 289 292 298 301 311 314 315 317 318 320 321 325 328 329
60 84 : 8 11 18 25 34 36 37 42 43 44 53 54 55 57 62 64 69 77 80 82 85 92 93 96 99 105 107 115 129 131 144 147 150 156 162 165 174 179 182 183 190 196 204 206 209 212 213 214 215 224 232 234 235 246 247 252 261 262 265 269 271 273 274 275 279 281 283 285 287 288 289 294 296 297 303 304 309 310 311 313 314 317 320 326
61 84 : 2 9 14 18 25 26 39 41 42 43 54 55 58 62 70 73 77 78 83 91 95 96 102 105 110 114 119 121 127 129 131 133 134 141 146 151 154 157 162 169 172 173 174 175 180 187 191 195 199 201 203 207 213 214 221 230 231 240 241 245 246 259 264 265 269 270 279 281 283 285 287 300 307 309 311 314 315 317 319 321 323 326 328 332
62 84 : 4 7 8 16 20 28 31 42 53 55 60 61 62 64 65 67 76 85 88 93 99 103 104 110 113 117 120 126 129 131 133 135 138 141 143 145 150 157 162 165 168 169 176 178 181 187 194 195 196 199 207 221 226 229 232 246 250 252 253 257 259 271 274 278 279 280 281 282 283 284 287 288 290 292 294 304 309 312 316 318 319 325 327 328
63 84 : 6 8 10 11 15 16 17 21 24 26 40 45 46 50 55 56 57 58 60 64 69 73 74 81 91 102 107 108 113 116 117 124 125 146 151 156 161 163 165 168 169 171 174 179 188 194 195 196 207 212 216 220 227 233 235 236 239 240 241 251 252 254 255 256 259 265 267 271 276 277 279 282 284 288 290 303 306 311 314 318 319 323 327 330
64 84 : 2 10 12 13 15 17 18 20 23 25 26 35 38 42 46 49 51 54 56 58 63 69 86 93 103 104 107 114 116 118 122 132 139 140 143 146 157 159 160 163 164 165 166 172 173 174 177 180 181 202 205 213 215 216 217 218 219 233 235 237 242 243 253 262 265 266 268 281 282 283 285 286 287 288 289 294 298 301 309 320 321 322 327 332
65 84 : 5 6 10 13 24 27 33 39 44 50 58 62 69 74 75 76 80 85 89 90 94 99 100 103 114 129 134 136 141 156 158 160 161 162 163 167 170 174 179 180 191 193 201 205 213 214 216 217 218 223 225 226 228 229 237 239 240 244 246 247 249 250 251 252 253 255 256 269 270 273 278 281 283 284 285 289 297 299 309 312 314 315 316 318
66 84 : 5 6 7 10 13 15 19 20 29 33 34 38 40 46 48 49 50 52 56 57 62 64 66 70 71 75 77 79 95 101 105 117 122 126 138 144 145 147 148 151 154 155 156 158 167 169 177 182 185 187 190 191 200 201 205 211 213 221 222 226 227 230 235 240 247 248 261 264 266 274 279 280 293 294 295 297 298 301 313 317 320 321 331 332
67 84 : 3 6 9 12 15 24 25 26 27 33 42 44 49 50 53 55 56 62 63 64 65 70 71 73 75 77 79 82 83 85 87 96 103 106 110 111 112 127 130 140 144 145 146 149 162 166 169 175 178 193 198 200 201 202 204 205 210 214 218 239 240 241 242 246 248 249 261 268 276 279 280 282 288 292 294 295 300 314 316 317 318 320 327 330
68 80 : 9 13 18 25 31 41 43 44 50 52 53 55 58 60 62 63 69 73 74 75 84 95 102 103 104 105 117 118 130 131 146 147 151 153 154 157 160 165 167 169 172 173 174 178 187 191 193 194 204 213 218 235 240 241 247 249 250 252 253 256 260 267 277 279 281 283 287 294 299 301 310 313 317 318 319 320 321 326 327 329
69 84 : 1 8 11 15 19 23 25 27 32 36 37 38 49 51 52 58 60 67 72 74 78 90 92 95 97 102 103 104 105 106 108 110 115 124 127 128 130 132 135 138 146 149 152 153 158 167 173 174 178 179 183 186 188 189 193 199 203 205 210 216 230 231 236 246 247 253 256 267 280 281 283 285 289 294 295 298 306 309 313 318 319 321 327 330
70 84 : 6 13 14 32 37 40 41 43 44 45 48 50 51 55 56 58 60 63 64 65 68 73 75 78 87 95 96 97 99 106 108 110 128 131 140 142 143 146 148 150 156 157 161 167 171 174 175 179 184 187 191 193 194 199 201 202 203 212 218 233 242 246 247 253 256 257 261 267 275 276 277 282 283 284 285 286 290 293 299 301 304 318 325 328
71 79 : 0 4 13 17 20 21 25 41 50 52 53 55 56 58 62 63 69 70 73 75 77 86 95 99 102 103 104 105 117 138 146 147 148 149 151 154 157 165 167 169 173 174 178 187 190 191 193 208 213 214 219 221 226 233 235 238 240 241 247 250 252 253 256 257 267 277 279 281 283 287 290 294 299 301 317 318 319 320 326
72 84 : 0 5 13 14 17 19 22 24 30 32 36 37 39 40 42 50 51 59 61 63 64 68 74 75 82 88 94 95 97 98 99 100 101 102 112 117 121 127 133 137 138 151 153 160 161 166 175 177 178 187 190 191 193 194 199 203 205 206 209 212 213 214 225 236 244 247 249 252 253 254 255 267 270 288 289 294 298 304 307 310 312 313 317 320
73 84 : 12 13 15 19 21 33 38 43 47 48 53 60 61 65 74 75 82 85 86 88 91 95 98 103 104 106 110 114 117 118 121 125 131 132 134 135 140 142 146 150 159 164 166 167 168 169 173 181 185 193 204 214 216 223 225 231 232 233 235 240 243 247 250 253 256 259 265 267 269 277 281 282 287 299 305 307 309 312 320 322 325 327 328 331
74 78 : 13 25 39 48 50 53 55 58 60 62 63 67 68 69 73 74 75 81 86 91 95 99 103 104 113 117 121 126 131 135 146 147 153 154 157 163 164 165 167 173 174 182 187 190 191 193 213 214 221 235 237 240 241 247 250 252 253 256 264 267 277 279 281 283 287 289 294 295 299 301 312 313 317 318 319 320 326 327
75 84 : 1 6 9 10 13 16 21 25 31 33 50 52 53 55 56 58 68 69 73 81 83 85 95 96 97 102 106 109 120 122 125 129 131 134 135 146 149 152 159 165 168 169 178 179 180 181 187 191 192 201 211 213 219 231 233 241 244 246 250 251 252 255 256 257 261 263 265 273 280 283 288 290 291 293 299 301 303 317 318 319 320 330 331 332
76 78 : 3 13 15 25 30 43 50 53 55 58 60 62 63 69 72 73 75 82 95 99 102 103 104 117 122 131 133 138 142 146 147 157 163 165 169 173 174 178 183 187 191 193 194 207 208 213 214 221 223 234 239 241 247 248 249 250 252 253 256 260 267 279 281 283 287 288 294 299 301 304 308 311 313 317 318 320 326 327
77 84 : 7 8 9 12 13 21 24 32 39 49 50 53 60 62 69 78 82 99 102 106 109 112 113 116 124 125 129 134 140 144 156 167 168 169 172 175 183 188 191 193 194 196 202 206 208 213 215 224 239 240 241 249 250 251 254 257 259 260 267 270 272 274 276 277 279 280 283 286 287 291 293 294 300 301 303 305 315 317 322 324 325 326 327 328
78 84 : 0 2 5 7 9 12 13 16 24 25 28 32 34 35 39 42 47 49 53 60 62 73 74 79 87 89 90 98 101 102 125 130 131 133 136 146 149 150 151 154 158 162 168 169 170 171 178 180 191 193 194 210 213 214 221 228 229 231 232 235 241 243 245 254 255 256 260 272 284 287 290 293 295 299 302 303 306 313 316 318 319 325 326 327
79 84 : 4 13 14 16 22 25 26 28 34 35 37 38 45 46 50 52 53 54 55 56 62 66 74 75 82 86 103 114 117 118 120 123 131 134 137 140 145 147 149 152 157 165 166 168 174 179 184 186 189 193 196 197 208 213 215 217 221 228 235 236 237 240 248 249 251 253 255 256 267 268 281 285 288 292 294 296 297 298 317 318 323 326 327 330
80 80 : 0 1 6 13 25 36 50 53 55 58 60 62 63 69 74 75 82 88 91 97 99 103 104 117 127 128 131 144 146 147 152 154 157 165 167 169 173 174 175 178 184 187 191 193 198 213 218 221 231 232 235 240 241 247 248 250 252 253 256 257 260 264 267 268 279 281 283 284 287 293 294 299 313 317 318 319 320 326 327 329
81 84 : 11 12 14 21 31 38 40 42 47 50 55 58 62 63 65 67 68 75 78 80 83 88 90 102 103 104 116 117 118 119 120 121 123 125 129 141 144 148 157 161 167 169 170 173 174 186 189 191 192 197 203 213 214 220 225 228 230 235 238 240 241 243 245 252 255 263 272 274 279 281 284 288 290 292 294 301 306 308 311 315 320 321 327 330
82 78 : 9 13 18 24 29 32 35 40 50 52 53 54 55 58 60 62 63 73 82 83 84 85 95 99 103 104 109 117 124 128 130 131 138 146 152 154 157 165 167 173 174 178 187 191 193 200 204 213 214 221 235 238 240 241 247 252 253 256 261 267 273 277 279 281 283 287 288 289 294 299 301 313 317 318 319 320 326 327
83 79 : 4 6 13 17 25 26 31 40 50 53 56 58 60 62 63 66 69 74 75 76 82 99 102 103 104 117 122 127 130 131 146 147 151 157 165 167 169 173 174 177 178 185 187 190 191 192 193 202 204 213 214 221 229 235 237 240 242 247 248 250 252 253 256 267 277 279 281 283 287 294 295 299 301 313 317 318 319 320 327
84 83 : 2 3 7 10 14 16 21 42 43 44 48 49 50 59 60 63 77 87 94 102 108 109 117 119 120 131 134 138 144 147 154 156 157 159 161 165 171 172 173 180 182 185 187 193 194 195 197 198 203 204 205 209 214 215 219 230 245 246 251 253 254 256 257 261 262 267 273 276 281 283 294 296 297 298 302 304 313 317 320 323 324 326 331
85 83 : 13 18 25 31 41 43 48 49 50 53 54 55 58 60 62 63 69 73 74 75 82 86 92 94 95 99 102 103 104 117 122 126 131 146 147 154 157 165 167 169 173 174 178 182 191 193 194 195 213 214 218 219 221 235 238 240 241 247 250 252 253 256 266 267 273 277 280 281 282 283 293 294 299 301 303 306 313 317 318 319 320 326 332
86 84 : 4 10 13 14 15 19 20 22 25 27 32 33 36 38 46 53 57 59 69 74 77 81 86 95 96 103 104 107 112 116 117 119 120 124 125 128 133 134 153 155 165 169 170 178 180 181 189 191 193 195 205 209 214 221 233 234 236 241 246 247 249 253 256 259 261 263 264 266 268 277 279 292 293 304 309 312 313 317 324 325 327 329 331 332
87 84 : 3 8 10 13 19 24 25 32 33 35 41 45 49 50 53 55 65 72 73 75 79 82 83 87 89 91 93 105 106 109 120 130 137 142 144 151 155 160 163 164 165 169 170 172 173 178 184 187 193 197 204 213 214 216 217 218 221 232 235 239 241 244 258 273 274 276 278 281 285 287 288 289 291 292 300 301 305 307 309 312 317 320 323 332
88 83 : 0 3 7 19 29 31 35 41 54 56 65 72 74 75 79 83 86 92 95 98 99 104 106 108 110 111 115 117 119 123 126 136 146 150 151 152 157 165 166 167 169 170 174 175 178 179 192 196 199 205 208 217 221 222 228 229 230 240 245 251 254 255 256 258 261 262 268 274 277 278 279 283 300 302 309 313 315 317 318 320 327 328 330
89 84 : 4 5 9 14 17 21 23 25 26 30 34 35 41 47 50 51 65 66 71 72 75 78 79 81 95 103 113 114 117 124 127 131 136 139 141 143 146 147 151 152 154 155 158 160 161 165 166 167 173 181 182 201 205 206 209 210 217 220 221 225 231 232 237 238 243 245 247 250 256 267 285 286 293 296 300 310 313 317 318 323 324 326 328 332
90 84 : 2 5 7 17 23 25 28 34 39 44 50 51 55 56 57 58 63 69 70 73 74 77 82 86 90 100 101 103 104 115 124 125 131 132 136 142 143 144 145 154 155 157 163 164 169 179 188 193 195 204 207 209 214 220 221 222 227 232 235 238 247 249 250 252 255 256 260 266 277 288 290 296 301 302 305 306 309 318 323 324 326 327 328 331
91 84 : 1 5 10 14 15 44 46 48 50 52 57 58 59 60 62 63 66 69 71 77 84 90 92 93 97 98 99 103 104 131 140 141 153 154 156 157 160 161 166 167 168 169 170 171 173 183 192 193 201 207 211 213 214 217 223 230 235 239 240 242 243 247 252 256 259 272 281 283 285 286 287 292 293 294 296 299 301 310 313 317 318 321 323 327
92 83 : 3 6 13 16 25 29 33 35 44 53 55 63 64 65 73 74 78 79 80 83 84 88 89 93 95 101 102 103 106 107 116 121 129 130 131 135 140 141 147 149 154 157 161 172 174 177 178 185 189 198 205 207 210 213 214 225 228 233 235 239 243 248 267 271 272 277 278 280 281 282 283 284 286 294 301 303 309 310 315 318 325 326 332
93 84 : 6 8 14 32 38 44 50 53 60 61 65 69 72 77 78 86 89 92 104 107 110 111 113 115 117 119 125 126 129 130 131 134 136 143 144 148 155 156 157 162 167 168 182 193 197 199 202 203 205 207 208 213 214 218 221 231 232 234 235 240 241 244 248 250 258 259 261 263 265 267 270 277 278 279 287 291 293 301 303 304 314 318 322 327
94 84 : 0 1 3 19 22 36 39 41 47 48 50 54 55 56 58 59 60 62 68 74 75 77 78 97 113 115 116 123 128 131 133 134 138 149 157 161 163 165 169 173 174 178 180 182 183 187 189 190 191 201 203 208 210 211 216 222 224 233 237 240 241 243 246 250 252 253 255 256 258 263 282 283 284 286 299 302 307 308 311 312 313 317 318 319
95 84 : 0 3 5 6 13 16 18 22 23 24 25 26 29 30 35 41 50 54 55 58 63 69 72 73 74 75 94 95 99 105 109 116 134 143 145 147 149 154 159 168 175 176 178 179 184 190 193 197 198 201 203 204 207 209 212 213 220 223 234 245 246 251 253 256 257 261 264 265 267 270 272 276 277 279 283 298 301 302 303 305 316 326 329 330
96 79 : 0 13 20 25 30 42 44 49 50 53 55 58 59 60 62 63 69 73 74 82 84 94 95 99 102 110 117 123 131 135 146 147 154 157 165 167 169 173 174 177 178 180 187 191 193 204 214 221 235 239 240 241 247 250 252 253 256 259 260 262 265 267 277 279 283 287 290 294 299 301 302 306 308 313 317 319 320 326 327
97 84 : 6 13 14 17 20 22 25 30 31 32 34 37 46 50 51 52 63 69 70 72 73 74 100 103 104 107 113 114 115 135 139 140 148 149 150 154 157 166 167 169 171 172 174 178 179 183 185 189 195 200 231 238 241 243 245 252 253 255 256 258 264 267 268 269 271 279 281 282 283 284 285 287 294 295 296 297 299 308 310 312 313 318 322 326
98 83 : 15 18 20 25 26 31 36 38 43 45 46 49 52 53 54 56 58 63 65 76 82 89 90 94 95 100 103 104 111 117 120 134 138 146 151 155 156 158 161 166 173 178 184 187 190 191 193 197 203 206 208 211 215 225 227 228 234 235 236 241 242 247 264 265 266 269 272 273 280 283 285 286 287 296 299 301 308 309 311 316 324 326 327
99 84 : 0 4 15 24 26 31 34 39 58 61 62 69 70 71 73 75 84 89 90 93 94 101 104 112 113 114 117 118 124 128 132 144 147 151 156 157 158 164 167 174 175 178 181 185 186 192 194 195 198 199 204 211 214 219 220 225 227 235 236 237 240 241 244 246 250 252 253 256 262 263 267 271 273 281 282 286 289 291 293 295 299 311 313 318
100 84 : 11 12 17 24 26 31 42 53 55 56 57 64 70 71 72 73 75 77 96 99 107 116 121 122 124 126 127 134 140 143 153 154 161 167 173 174 177 178 182 186 189 190 200 201 204 211 218 225 227 228 232 235 240 241 242 247 251 252 253 254 256 259 263 265 268 269 271 272 274 276 279 280 283 284 290 294 303 310 315 317 319 323 326 327
101 83 : 2 3 5 7 12 13 17 23 27 36 50 52 53 56 58 61 64 66 69 70 73 74 85 86 87 92 93 97 100 102 103 108 112 113 122 128 132 134 142 148 149 153 154 158 165 166 167 170 172 174 175 179 183 185 186 191 199 204 214 224 230 234 238 239 240 248 250 257 258 263 269 272 273 275 283 286 299 301 305 313 316 317 320
102 84 : 1 4 12 13 25 28 31 34 44 45 47 53 54 55 57 58 62 63 65 67 71 73 75 76 78 87 94 95 97 99 101 104 106 107 119 129 142 145 146 154 165 167 168 170 176 181 183 186 187 199 201 209 213 216 217 219 222 223 227 230 236 240 241 245 246 247 249 256 259 262 265 266 269 271 277 278 287 297 301 303 312 316 318 320
103 84 : 1 15 17 24 25 28 30 45 50 51 53 55 61 66 68 69 71 73 75 81 89 90 91 93 94 95 99 104 108 116 118 124 133 136 137 145 150 154 155 157 165 169 170 171 191 192 194 196 204 208 212 213 216 220 223 224 227 229 234 235 239 240 245 248 249 250 252 268 280 284 289 292 294 297 299 304 307 317 318 320 321 322 326 330
104 84 : 5 10 12 17 18 21 27 30 33 47 48 53 54 56 60 63 66 70 74 75 78 81 95 96 102 103 104 105 106 108 117 121 124 126 136 138 147 150 154 167 175 178 180 186 188 189 190 191 193 197 201 204 214 215 225 231 235 240 241 243 246 247 256 277 279 282 283 284 287 294 299 300 301 304 310 311 313 318 319 320 326 327 328 331
105 84 : 1 6 8 13 15 24 30 39 41 43 44 50 56 62 63 73 74 75 81 83 88 95 97 100 103 106 111 112 119 121 125 131 143 148 155 165 166 178 179 181 188 192 193 194 203 209 217 220 221 225 228 239 242 248 250 251 252 256 263 265 266 272 274 277 280 281 282 285 288 290 291 292 293 295 302 313 314 315 316 318 324 327 328 329
106 84 : 5 11 13 19 21 22 25 31 32 38 54 56 62 64 66 69 72 74 77 84 91 95 96 100 102 104 107 113 115 125 136 137 138 140 144 146 148 151 154 157 170 175 176 179 187 189 191 194 195 196 200 204 205 207 222 226 229 232 235 239 240 241 251 256 257 261 262 265 268 270 273 286 289 291 293 295 302 313 314 321 323 324 326 327
107 83 : 13 18 21 23 25 28 36 45 47 50 52 55 56 57 62 70 72 80 91 95 102 103 104 108 109 110 117 127 131 138 143 146 149 150 154 156 157 158 161 164 167 173 178 188 190 192 193 194 197 210 213 216 222 224 226 232 233 237 239 246 247 248 251 252 256 258 266 267 276 290 291 294 297 303 307 309 313 315 320 323 327 330 331
108 84 : 12 13 16 18 25 27 28 33 37 55 56 58 62 74 75 80 83 92 94 97 100 104 106 107 109 110 111 116 121 127 132 133 134 135 140 144 149 154 156 157 158 159 167 169 171 173 174 180 188 190 192 193 196 198 205 207 208 212 213 229 230 233 235 241 264 265 272 276 279 280 287 289 292 293 296 299 305 312 313 316 319 327 328 331
109 83 : 1 4 8 11 12 13 18 25 26 34 38 40 41 42 45 46 53 61 62 71 75 80 82 89 92 100 111 113 119 135 142 143 144 146 147 148 157 158 160 166 173 175 176 189 190 191 193 194 210 218 223 224 226 234 238 239 240 244 245 250 251 254 256 257 262 264 275 280 281 284 285 286 288 290 299 300 301 306 310 314 317 321 326
110 80 : 8 13 25 27 28 50 53 55 58 60 62 63 69 73 74 75 82 87 88 92 94 95 102 103 104 105 111 117 131 133 146 147 154 163 165 167 169 171 173 174 178 191 193 200 213 214 221 222 226 229 235 240 241 247 248 249 252 253 256 262 267 277 279 280 281 287 294 299 301 306 308 310 312 313 317 318 319 320 327 329
111 84 : 3 4 6 19 25 29 31 34 37 39 40 49 50 53 60 62 66 67 68 71 73 75 77 81 86 104 107 111 117 124 131 141 143 145 147 151 152 155 158 161 168 169 170 173 174 178 183 185 187 190 192 194 204 212 216 217 225 227 231 234 235 238 242 243 247 249 250 252 256 267 274 280 281 282 283 286 288 293 299 300 301 314 319 329
112 85 : 8 13 15 16 23 31 34 36 37 38 41 45 46 48 51 53 54 58 59 61 62 65 66 67 71 86 87 88 95 99 101 113 114 117 120 122 126 131 139 143 145 146 147 151 152 154 155 156 159 161 169 174 178 181 187 191 192 193 197 199 200 210 212 213 215 218 232 252 253 256 263 264 265 267 274 277 285 286 308 313 315 317 321 326 327
113 83 : 2 8 13 16 18 19 22 27 33 34 37 38 40 44 51 53 55 60 69 71 74 75 78 79 87 90 103 104 107 111 114 122 127 128 132 136 137 141 145 150 153 155 162 165 167 169 176 178 185 186 192 203 208 219 220 221 225 231 236 237 240 243 253 256 257 262 270 271 276 278 281 283 287 289 294 295 297 299 305 318 322 325 332
114 83 : 5 9 18 22 23 25 32 33 36 38 39 59 60 63 67 69 73 75 76 78 81 82 85 103 104 105 114 115 117 131 132 137 144 147 150 151 154 157 159 162 164 165 166 173 174 175 185 187 189 190 191 193 198 200 203 205 206 214 216 217 225 231 232 233 237 241 250 253 263 264 265 283 291 293 297 298 299 300 304 307 313 318 327
115 83 : 1 3 6 13 14 25 29 30 34 35 40 44 48 51 52 54 56 58 69 71 75 80 83 84 91 95 99 102 104 117 119 122 126 134 135 137 139 146 147 153 155 158 164 165 167 169 172 173 180 181 195 198 199 201 208 213 214 216 219 220 223 226 227 228 235 247 249 253 254 258 272 278 286 288 295 299 300 301 304 306 312 314 329
116 83 : 2 8 10 13 19 20 23 24 33 37 40 49 50 51 52 53 55 57 59 64 67 73 74 87 90 91 92 93 96 110 117 122 126 131 137 138 145 147 149 150 154 157 158 160 163 165 167 169 174 187 197 201 207 209 210 214 221 222 224 228 238 240 241 247 248 260 267 268 273 276 277 281 286 296 306 307 309 310 316 324 326 331 332
117 83 : 4 5 8 13 15 18 21 22 25 30 31 43 45 47 50 52 57 62 72 73 82 84 86 88 93 95 96 101 104 112 113 128 131 139 157 166 169 171 173 174 181 187 197 200 202 211 213 215 216 220 223 224 226 231 234 241 245 247 249 251 256 258 260 266 269 271 273 274 276 278 279 281 288 290 293 296 297 299 302 308 322 323 328
118 83 : 0 4 9 11 12 14 17 20 21 22 23 25 42 47 50 57 58 60 62 65 68 69 70 72 75 76 81 82 91 95 99 103 105 112 113 116 119 122 125 127 129 131 144 155 158 162 166 168 184 186 201 204 209 214 216 220 227 228 231 237 238 241 242 251 252 253 267 276 277 281 286 297 300 305 306 308 309 311 313 319 326 329 332
119 83 : 1 3 7 9 10 13 21 22 23 27 35 36 40 46 47 50 53 55 56 58 62 70 74 75 81 90 99 101 102 107 110 116 118 123 129 130 131 133 134 138 146 148 149 154 157 159 161 178 180 182 187 192 196 197 201 207 215 221 225 235 237 238 241 245 247 252 256 264 269 270 281 282 286 287 288 291 294 295 307 314 317 327 332
120 83 : 2 9 16 39 44 49 53 55 58 62 63 66 67 70 75 76 79 81 82 83 86 90 99 100 103 104 126 134 136 140 145 152 157 162 169 178 191 193 196 198 200 203 205 206 207 213 214 219 221 222 223 229 230 235 240 241 248 249 252 255 258 262 263 265 266 272 273 283 287 289 296 299 301 305 310 313 318 320 324 325 326 329 330
121 83 : 9 16 18 19 27 37 38 44 61 62 63 71 72 74 76 77 80 86 88 95 96 98 100 102 103 113 114 120 121 122 125 129 130 131 133 136 137 146 147 149 158 161 168 170 173 182 185 187 192 193 197 204 205 209 213 214 216 217 223 225 228 229 232 247 248 252 253 255 256 258 266 267 269 280 283 289 290 299 301 303 315 326 327
122 83 : 3 6 7 10 11 13 14 16 17 19 25 29 33 36 37 47 50 53 55 58 63 68 71 76 77 84 90 94 97 98 100 101 106 110 112 129 135 146 150 157 158 165 175 177 178 181 182 183 185 186 187 190 191 192 204 205 207 210 211 212 214 221 223 241 251 256 263 274 278 279 285 293 299 302 304 309 318 320 324 326 327 329 331
123 83 : 0 6 7 8 9 13 21 28 32 34 37 39 41 42 49 53 55 56 58 62 68 69 71 74 76 78 81 82 85 98 102 110 118 119 121 122 129 130 131 155 157 158 165 166 169 175 183 185 187 189 192 195 200 213 214 224 226 227 228 231 235 240 241 249 253 254 256 270 271 272 274 281 284 289 291 308 309 310 312 313 316 320 327
124 83 : 0 2 6 26 31 32 40 41 50 55 57 60 62 63 64 67 68 70 82 85 91 93 94 99 100 102 113 117 118 129 131 139 145 151 159 162 165 167 168 169 174 177 184 187 188 191 193 201 207 218 223 224 226 227 238 245 247 252 253 263 267 270 271 274 275 277 279 286 287 289 290 295 299 301 304 308 310 313 315 321 324 326 327
125 83 : 1 2 11 13 16 17 21 22 24 25 27 34 35 39 45 50 53 54 55 56 61 64 67 74 82 89 91 95 97 100 104 109 111 123 127 136 137 144 145 154 162 164 166 167 168 169 171 182 184 187 194 196 198 199 201 205 207 210 211 214 235 241 248 253 256 260 283 284 285 286 287 290 297 299 310 316 318 320 322 324 325 328 330
126 83 : 3 8 16 29 46 48 55 58 60 64 69 70 72 75 83 93 95 99 102 104 112 121 125 131 132 137 138 139 145 146 147 155 163 165 171 172 174 182 183 185 187 190 193 194 198 200 205 211 212 224 225 226 230 238 240 241 247 249 250 256 260 264 265 272 279 285 287 289 290 293 301 302 303 308 310 313 318 319 320 321 322 325 327
127 83 : 2 9 10 11 12 13 21 24 25 32 39 42 45 47 50 53 60 62 63 66 69 73 76 85 91 95 96 98 102 108 117 129 131 138 139 145 148 150 154 161 163 169 171 173 179 182 189 192 193 199 206 209 212 217 233 234 238 239 240 246 247 251 252 255 257 258 262 264 267 269 271 272 277 278 279 287 291 295 301 313 315 317 330
128 83 : 2 3 6 11 13 19 25 29 45 46 50 57 62 63 64 69 73 80 83 86 88 90 91 97 110 112 114 117 120 136 139 142 143 147 155 158 159 161 164 166 168 169 175 177 179 183 187 188 192 196 200 203 204 206 211 217 235 240 241 243 244 245 250 251 253 254 265 267 269 272 274 275 280 281 283 291 294 299 303 319 320 328 330
129 83 : 10 13 21 23 27 36 38 39 41 43 52 56 60 63 66 67 68 72 75 76 79 85 87 89 92 96 100 109 110 127 131 135 136 144 145 147 148 149 158 163 165 169 172 176 179 185 189 190 196 207 208 210 211 213 217 221 223 235 237 247 256 258 262 267 269 273 279 281 289 290 291 297 299 300 301 311 317 319 320 322 325 328 329
130 83 : 2 5 8 9 10 12 15 19 28 32 35 36 48 53 55 57 58 60 63 65 76 84 86 95 98 105 106 118 119 124 127 131 132 136 139 140 149 157 160 163 165 168 170 175 177 180 182 186 187 192 200 207 220 224 228 236 242 247 248 250 254 260 263 265 271 274 275 276 281 288 291 296 298 304 309 311 314 317 318 319 326 327 328
131 83 : 5 6 17 22 25 29 34 42 48 49 51 59 60 62 64 66 78 83 90 96 99 108 109 122 123 127 131 133 140 154 158 162 169 173 181 183 184 186 189 195 197 199 211 212 213 217 220 222 224 226 229 233 234 237 238 239 240 247 249 252 258 267 269 270 272 273 285 287 288 289 292 294 299 312 313 314 318 319 320 323 324 326 329
132 83 : 0 9 10 12 16 27 29 41 49 50 58 60 62 64 71 72 73 85 87 88 92 95 103 104 106 107 119 132 140 144 146 152 155 157 159 165 169 170 174 178 186 193 196 198 206 208 213 214 218 223 224 226 228 233 235 239 240 246 248 250 251 253 256 260 267 272 279 282 288 289 292 294 295 297 303 306 309 313 318 319 322 323 328
133 81 : 9 11 13 25 33 39 40 50 53 55 58 60 62 63 68 69 70 73 74 75 77 86 95 99 102 103 104 117 118 124 129 131 146 147 154 156 157 165 167 169 173 174 178 187 191 193 195 198 210 212 214 221 223 233 235 240 241 242 247 249 250 252 253 256 267 279 281 283 287 289 294 295 301 302 313 317 318 319 320 326 327
134 83 : 1 3 5 11 17 18 20 25 27 31 37 38 43 48 49 53 58 60 61 62 63 65 67 74 75 81 82 86 93 97 106 108 111 112 124 130 137 140 142 147 157 158 162 169 173 179 186 187 191 193 201 207 209 217 221 222 227 234 235 236 240 241 243 245 253 257 262 266 269 273 279 289 290 291 296 299 300 301 311 313 317 318 319
135 83 : 0 2 5 12 18 30 34 38 43 49 51 60 63 75 77 87 89 93 95 102 103 104 116 119 131 141 144 145 146 148 149 151 153 154 158 161 167 169 170 173 181 185 189 191 193 197 203 210 213 222 233 238 239 240 243 247 250 254 258 259 262 264 269 271 273 279 281 283 290 292 295 299 304 316 317 319 320 321 322 323 324 328 331
136 83 : 1 2 6 10 11 13 20 36 44 46 48 51 55 58 60 61 65 67 75 77 78 87 88 90 93 95 111 115 116 117 123 125 128 132 133 146 154 160 161 162 173 176 177 178 179 181 189 193 198 201 202 203 211 213 214 221 223 228 230 232 236 241 251 253 254 257 265 272 280 281 283 285 289 297 300 307 312 316 317 320 321 326 332
137 83 : 0 3 5 7 10 19 22 24 25 26 28 32 44 45 47 50 53 54 56 61 65 76 79 80 89 92 99 103 104 118 123 136 137 145 146 155 170 173 187 191 193 200 203 204 210 211 214 216 219 221 228 230 235 237 238 240 244 247 250 252 256 263 265 267 269 272 274 276 277 281 284 288 294 299 309 313 314 315 319 320 324 329 332
138 83 : 1 15 23 29 30 34 37 38 42 43 45 53 59 65 79 84 86 98 101 103 105 106 107 108 111 113 114 116 122 123 133 137 139 143 146 147 153 157 161 162 165 167 178 185 194 197 213 218 219 223 225 227 229 236 238 239 245 251 252 255 259 263 265 268 269 273 281 283 289 291 294 295 297 302 306 309 317 318 319 323 327 328 329
139 83 : 5 9 10 12 14 22 23 26 30 36 39 45 46 49 50 58 63 69 74 83 86 92 94 95 96 98 99 100 101 104 107 117 121 124 129 134 141 149 157 158 159 163 171 172 174 176 177 178 180 181 184 185 187 191 206 208 215 219 220 221 222 224 226 227 228 232 236 245 250 253 255 256 266 271 272 279 282 292 293 305 322 327 330
140 83 : 0 4 13 14 20 22 38 41 44 46 49 51 53 56 57 58 62 66 77 79 80 82 85 90 94 98 99 103 107 118 128 137 139 140 144 146 157 159 161 170 171 173 175 181 183 188 194 199 211 216 219 224 225 226 229 232 233 240 241 244 247 260 271 274 278 286 290 293 295 299 302 303 306 308 313 315 316 317 320 321 322 324 328
141 83 : 2 7 8 12 14 15 19 21 24 35 50 55 56 60 62 64 73 74 79 81 85 95 102 103 116 119 120 123 127 132 133 140 141 142 147 150 157 159 160 164 167 170 173 174 175 179 187 196 199 201 205 206 214 224 226 229 233 235 243 246 247 250 251 252 255 262 273 275 277 281 294 299 302 307 310 312 317 318 325 326 328 329 331
142 83 : 0 5 6 11 14 24 27 29 32 37 40 49 53 58 60 62 67 73 79 87 91 99 112 116 117 122 124 128 133 136 144 147 148 150 153 157 164 166 174 181 183 188 196 198 212 213 214 218 220 221 222 224 226 235 239 241 242 244 249 255 256 259 260 262 265 267 272 277 278 279 280 286 293 294 299 307 308 314 315 318 326 327 330
143 83 : 2 6 9 14 16 22 31 32 38 40 43 52 54 61 67 82 84 86 94 95 96 100 102 104 111 112 116 124 125 132 138 141 142 144 145 146 147 148 154 155 156 157 159 165 172 175 184 186 187 189 191 199 201 208 217 235 239 241 242 244 247 248 250 252 256 266 267 269 270 277 279 281 282 287 293 296 297 300 304 306 322 324 332
144 83 : 10 11 16 17 19 20 21 22 24 25 30 41 46 48 53 58 62 63 65 68 69 73 75 79 83 85 90 97 102 103 104 105 106 109 110 116 117 139 141 147 148 152 165 169 174 178 179 181 185 224 226 228 232 240 241 248 250 252 254 267 268 273 275 277 279 283 284 289 292 295 296 303 304 305 306 308 316 317 320 327 329 330 332
145 83 : 1 14 15 16 19 22 25 30 33 35 52 68 69 74 78 82 84 92 95 97 99 104 115 116 117 118 120 122 124 128 129 131 140 141 146 149 154 160 161 162 165 167 171 172 177 179 182 186 188 191 194 199 200 206 211 217 218 225 227 228 235 247 249 251 254 256 260 267 268 269 270 272 283 284 285 288 294 298 299 307 313 314 319
146 83 : 1 2 3 15 20 23 26 30 36 50 60 61 62 68 76 85 89 91 97 101 103 104 110 111 123 128 133 144 147 154 155 156 158 163 169 170 171 172 173 174 178 179 194 196 197 202 206 224 228 230 232 235 236 239 241 244 246 250 253 256 260 262 265 267 271 273 275 276 277 285 291 292 293 297 299 300 301 310 318 320 322 330 332
147 83 : 8 9 14 25 33 38 43 45 46 47 60 62 63 64 70 72 73 76 80 87 90 91 95 99 102 104 106 107 110 113 116 121 123 126 135 136 138 139 144 145 147 148 149 150 152 171 174 176 179 180 187 189 194 195 199 215 221 225 226 228 233 237 239 243 245 250 268 269 270 271 275 277 279 283 285 292 294 299 300 314 318 325 327
148 83 : 1 4 15 20 22 24 31 40 42 45 50 51 52 55 58 63 64 73 79 81 95 97 98 104 113 114 119 121 126 137 143 146 147 149 150 153 154 155 157 163 165 166 167 168 169 182 184 185 186 191 198 199 201 205 206 213 226 232 243 245 247 251 253 254 267 272 274 275 277 284 286 298 299 301 303 305 308 313 319 323 325 327 329
149 83 : 5 9 11 17 18 21 23 30 31 38 40 43 51 59 60 62 68 69 73 78 85 86 87 94 102 107 108 131 136 137 142 145 150 151 152 157 158 164 166 172 174 178 180 181 182 187 191 195 203 205 212 217 221 235 240 242 247 251 252 256 257 260 265 267 270 271 279 281 284 285 288 306 307 309 310 311 312 316 318 323 330 331 332
150 83 : 0 2 11 15 17 24 30 36 38 45 55 57 62 63 66 67 73 75 78 83 85 86 95 98 102 106 107 108 113 114 115 117 126 129 136 137 145 146 148 152 154 156 157 158 159 162 164 167 169 178 179 183 187 193 199 200 202 203 207 214 218 228 232 236 238 240 245 251 257 266 267 271 274 280 292 299 306 310 311 318 325 326 327
151 83 : 3 4 5 6 8 9 22 24 25 26 35 45 46 51 55 67 72 74 77 80 89 92 99 104 105 106 108 116 117 118 121 123 125 126 131 135 139 141 145 146 147 159 162 165 169 176 178 179 183 184 185 186 191 192 202 203 206 209 214 218 226 234 240 241 250 252 256 261 267 269 270 277 281 283 287 292 305 308 316 320 321 326 329
152 83 : 0 3 7 8 10 19 25 26 30 31 41 43 52 53 59 60 67 71 72 74 75 82 84 93 95 102 117 120 121 123 137 141 143 144 155 159 160 162 173 177 181 184 189 191 192 193 208 211 218 221 225 226 227 230 241 246 247 248 249 250 252 253 256 267 274 279 281 282 283 292 293 300 301 302 305 318 319 320 321 322 326 327 328
153 83 : 0 12 13 15 20 21 25 28 37 38 41 44 48 51 59 60 61 63 68 75 86 95 96 100 102 103 104 106 113 131 132 134 139 143 144 149 151 157 167 169 176 182 183 188 191 192 197 202 207 209 214 233 236 241 242 244 247 248 249 257 264 268 272 273 283 285 288 289 292 293 294 296 299 307 312 315 317 318 320 321 325 326 332
154 83 : 1 2 13 24 25 29 33 44 50 52 54 55 56 58 59 61 66 68 72 73 83 84 85 87 89 91 97 99 101 105 109 111 118 123 126 133 137 140 141 160 161 165 170 174 180 182 189 191 193 198 201 205 207 209 220 221 226 227 229 232 235 241 242 244 250 252 256 257 258 265 267 276 278 283 287 288 291 293 301 307 314 318 322
155 83 : 7 8 10 13 21 26 43 48 52 55 57 58 59 60 62 69 73 74 81 91 99 100 113 117 119 121 122 123 124 138 139 143 147 148 149 165 169 170 173 177 178 180 185 186 191 193 200 202 203 221 225 233 236 240 241 244 247 250 257 265 270 275 276 279 283 284 285 286 287 288 291 292 293 294 301 302 304 306 308 311 313 323 326
156 83 : 3 8 17 27 28 29 35 39 43 44 54 60 61 70 72 73 76 82 91 96 98 99 106 107 112 114 125 127 128 130 142 144 146 147 151 153 154 159 164 167 172 173 175 176 184 185 187 197 201 205 207 217 220 221 226 227 228 229 232 234 235 247 248 250 251 259 273 277 278 279 282 283 286 287 289 294 299 313 320 322 323 324 331
157 83 : 8 11 13 15 18 20 26 27 30 34 38 39 41 45 48 53 59 60 62 63 70 73 75 83 87 89 92 97 98 99 100 101 107 109 113 127 128 131 142 146 148 153 159 160 163 164 167 168 171 173 178 184 186 192 202 204 214 220 221 222 241 242 247 250 252 253 256 259 265 271 272 276 280 284 286 295 299 300 313 326 328 329 331
158 83 : 4 6 10 11 13 16 23 27 28 38 44 45 46 47 49 52 53 58 59 61 65 69 73 74 79 81 82 83 90 97 100 104 108 120 124 131 132 135 136 139 141 153 156 160 176 177 178 184 193 201 203 207 209 221 226 227 231 235 237 238 242 244 247 252 253 256 258 261 263 277 296 298 299 301 303 310 316 317 318 321 322 323 328
159 83 : 4 9 13 15 20 36 43 44 48 50 53 57 59 60 63 67 73 74 79 80 81 83 86 89 90 94 95 98 100 106 107 112 113 121 125 133 137 138 147 148 152 153 158 159 168 177 179 184 189 191 193 199 210 211 214 228 241 246 247 252 253 256 257 261 267 270 274 277 278 279 281 290 296 297 302 303 308 313 316 319 322 325 326
160 83 : 0 1 4 5 12 25 39 43 45 50 55 58 60 63 66 69 71 74 75 78 79 81 82 83 100 102 103 111 113 114 115 117 137 146 155 158 160 164 165 174 176 178 179 185 187 190 194 197 199 202 206 211 214 221 224 228 229 233 235 242 244 246 247 250 251 267 270 271 274 277 278 279 281 283 284 287 290 298 316 321 323 324 328
161 83 : 13 17 24 26 27 37 47 48 52 64 65 69 74 81 85 91 95 99 101 103 109 113 116 117 119 120 123 126 131 135 136 143 146 154 155 159 160 164 165 176 179 185 188 193 195 200 209 214 220 221 222 226 235 238 240 242 245 246 267 268 271 274 275 276 278 281 283 289 291 297 303 307 312 313 320 322 324 325 326 327 330 331 332
162 84 : 0 3 10 12 14 15 19 24 28 29 33 34 37 43 50 53 55 57 59 60 61 62 64 84 85 87 90 94 101 102 113 114 118 119 122 124 125 127 129 135 139 142 145 146 160 166 171 173 174 179 187 190 191 193 195 207 211 212 216 219 222 229 230 234 235 252 253 256 261 264 266 272 281 283 284 286 287 291 302 305 307 312 317 323
163 82 : 8 10 12 13 17 18 25 42 50 53 55 58 60 62 63 69 73 74 75 76 77 82 90 95 99 102 103 116 117 130 131 146 147 152 154 157 164 165 166 167 169 173 174 178 186 187 191 193 209 212 213 214 221 229 235 238 241 247 250 251 253 256 260 267 277 279 281 283 287 294 298 299 301 303 313 317 318 319 320 321 326 327
164 83 : 1 3 5 8 14 22 26 36 43 48 49 50 54 55 58 61 69 73 75 77 90 94 97 103 107 111 113 114 115 119 120 123 128 139 159 165 167 175 178 181 187 192 199 203 204 206 211 213 215 217 220 221 225 234 235 239 241 243 246 247 253 256 260 265 271 274 275 277 278 279 285 289 290 292 296 299 300 301 302 313 319 327 330
165 83 : 2 3 4 5 7 8 19 22 25 26 28 33 36 39 40 42 47 50 53 55 56 57 58 64 66 71 74 75 76 77 80 82 85 86 92 99 103 104 106 143 148 151 156 159 164 169 177 178 184 185 193 198 205 211 212 215 217 233 234 240 244 246 247 250 253 262 263 278 279 286 292 298 301 307 308 312 313 315 319 322 328 330 332
166 83 : 0 4 5 8 10 15 21 23 25 36 42 52 53 56 63 64 65 73 75 85 87 89 96 110 116 126 127 128 133 137 140 147 149 150 154 157 158 163 165 167 168 169 173 179 180 181 182 183 184 185 187 189 193 194 196 201 202 210 211 221 235 241 242 246 252 255 259 261 262 267 268 272 276 280 287 300 310 314 316 317 323 326 331
167 83 : 8 13 19 20 32 35 38 45 46 53 58 66 68 69 73 75 78 79 84 87 98 99 101 106 113 115 120 124 125 128 131 133 141 146 147 148 149 161 167 170 174 180 181 188 191 193 197 207 209 214 221 222 225 231 232 233 236 238 241 247 252 253 254 256 258 263 267 273 275 278 280 283 290 293 303 305 311 313 317 319 321 325 326
168 83 : 2 5 10 12 13 14 22 24 25 26 30 35 41 47 48 50 53 60 62 72 73 75 78 82 83 92 94 97 99 104 105 108 109 111 114 125 130 131 133 139 143 144 150 151 156 163 171 172 173 175 176 180 184 186 187 188 191 200 202 210 213 216 222 226 230 232 249 253 256 267 269 275 285 286 287 294 299 300 303 304 324 326 327
169 83 : 7 14 19 20 28 32 44 45 46 49 54 58 59 60 69 75 77 82 83 85 86 93 94 95 98 99 103 105 107 112 114 119 121 125 135 137 139 140 142 144 147 148 149 151 156 161 165 168 178 185 186 187 192 195 196 200 203 204 212 222 229 236 237 240 244 247 248 256 263 264 272 275 279 281 282 294 296 305 312 317 324 326 331
170 83 : 4 7 8 10 31 34 37 40 43 50 51 53 60 63 66 67 74 75 78 81 82 83 84 86 90 93 95 97 99 100 104 109 114 115 119 125 126 139 146 147 148 152 158 161 165 173 177 178 180 182 183 187 197 200 202 213 218 221 229 238 247 248 249 250 252 253 261 264 266 267 270 274 276 278 279 291 293 301 313 320 326 328 330
171 83 : 0 3 15 19 21 29 37 42 46 49 53 62 63 71 75 76 79 80 86 87 91 93 94 95 96 99 101 103 114 120 124 138 141 143 147 150 157 162 170 171 173 174 177 178 183 187 192 195 201 202 209 213 216 221 234 235 239 240 248 253 255 256 260 263 266 273 274 284 285 289 290 296 306 308 313 315 318 319 320 322 325 326 329
172 83 : 0 1 4 8 17 25 27 31 32 34 50 53 58 61 71 72 74 75 79 80 89 96 99 102 103 115 117 118 123 125 126 129 136 138 140 156 163 165 167 171 173 176 177 180 188 196 206 212 215 218 222 226 229 233 239 240 242 249 256 259 269 271 275 277 279 287 294 296 297 298 300 303 305 307 308 310 311 312 313 317 319 323 330
173 83 : 0 3 17 21 23 25 33 35 47 48 53 55 63 68 69 73 76 80 84 95 98 102 103 106 110 111 116 117 118 121 122 125 131 133 135 136 139 147 148 150 163 169 171 173 184 189 190 195 199 201 205 213 214 216 222 225 228 230 231 235 243 247 253 255 256 257 263 264 266 267 279 280 287 290 296 299 304 310 316 319 326 327 330
174 83 : 0 3 10 16 17 24 26 28 35 36 42 43 53 55 57 58 59 60 63 67 68 82 88 89 97 102 104 105 112 114 117 120 130 136 137 140 147 155 156 160 163 165 166 167 169 170 173 174 183 187 191 193 197 208 213 217 232 234 243 249 253 254 255 256 260 262 271 274 278 283 290 303 311 312 314 316 317 319 320 321 323 326 331
175 83 : 10 13 22 23 25 31 32 34 36 37 40 47 49 50 59 66 68 75 81 82 92 94 95 98 103 104 108 109 112 114 117 119 122 123 124 127 128 134 143 144 146 147 154 171 181 182 185 189 198 202 203 204 209 210 213 220 223 226 231 233 241 247 250 253 261 262 265 267 273 275 277 279 284 290 299 302 304 307 308 309 312 318 328
176 83 : 3 13 18 24 25 31 39 45 49 54 58 62 64 69 70 73 75 80 83 84 85 89 90 98 99 100 104 111 115 118 119 120 121 123 131 134 137 142 146 159 161 165 171 173 174 176 182 183 185 186 187 190 191 196 199 206 209 210 212 213 214 219 222 235 236 237 240 246 247 267 273 283 285 291 292 296 299 302 306 313 318 322 326
177 83 : 3 6 8 16 17 21 30 38 40 45 48 50 53 56 57 58 59 61 63 74 75 77 79 82 83 88 95 96 103 107 117 118 122 129 131 132 133 138 143 147 149 165 166 171 173 178 179 181 186 187 192 197 201 202 203 215 216 218 219 221 226 244 250 251 252 257 260 279 281 283 284 286 294 295 296 298 300 305 308 318 320 322 330
178 83 : 25 27 30 33 41 47 51 55 60 61 62 64 69 70 72 73 81 82 86 91 93 95 96 99 105 109 115 117 118 121 128 131 134 137 139 141 146 149 154 157 158 162 164 167 170 176 180 181 185 186 195 197 199 212 215 221 230 233 235 245 248 249 250 259 267 268 277 279 281 289 295 304 306 310 311 312 316 317 319 321 322 324 326
179 83 : 1 7 16 21 27 32 34 35 40 47 49 54 55 60 61 62 63 69 72 86 88 91 92 97 102 122 127 129 133 138 141 147 150 156 157 164 165 169 172 174 178 184 187 189 191 192 193 205 206 207 221 223 224 225 231 233 236 239 241 242 250 251 252 254 255 256 260 261 262 269 276 278 279 281 284 292 298 299 308 313 314 317 318
180 83 : 2 7 9 12 13 21 22 40 46 47 50 51 53 58 60 62 65 68 70 71 75 81 87 88 95 102 104 110 111 117 123 125 128 133 149 154 160 161 165 170 173 174 177 183 190 191 196 199 200 205 210 211 216 222 223 231 235 242 244 250 256 262 263 268 270 274 278 280 283 287 289 291 295 296 300 301 311 313 315 317 320 327 330
181 83 : 0 6 19 20 22 25 26 30 44 50 53 55 58 60 62 75 79 81 82 91 95 99 100 102 103 118 119 120 126 129 131 132 134 144 147 157 168 169 170 189 190 212 214 215 216 217 219 221 225 226 227 228 231 237 241 247 254 256 258 261 264 265 267 269 270 273 277 279 285 294 297 302 309 310 311 318 319 320 323 325 328 330 332
182 83 : 4 8 11 14 23 25 31 37 39 44 53 66 74 75 76 77 78 81 88 99 104 109 110 114 117 121 131 138 142 143 146 147 153 154 156 157 167 168 175 178 185 191 193 196 199 202 204 213 215 225 231 233 234 235 236 240 242 243 244 256 257 259 262 263 265 266 267 271 276 281 291 301 308 311 312 313 319 320 321 326 329 331 332
183 83 : 3 5 7 19 25 35 37 39 40 50 57 58 66 70 74 76 79 80 87 89 93 94 96 98 99 103 109 110 111 120 125 126 128 129 130 131 134 140 142 153 155 160 164 177 178 179 180 181 192 193 200 203 206 213 220 221 224 228 230 232 235 239 241 250 252 253 264 266 277 296 297 300 304 306 311 312 313 315 317 318 323 326 328
184 83 : 2 12 14 16 18 21 23 24 28 35 38 48 53 55 69 70 73 74 79 80 86 88 93 95 98 102 103 104 120 124 128 129 135 138 139 140 144 145 154 160 167 169 172 174 185 187 188 189 190 199 208 209 210 217 219 228 229 230 236 239 240 243 246 247 256 266 267 268 270 274 283 287 289 294 298 299 302 312 314 320 326 327 332
185 83 : 4 6 13 19 25 29 32 42 50 53 54 57 63 66 74 84 98 103 109 114 117 126 129 132 138 139 146 149 153 154 155 159 160 163 166 167 168 173 176 180 184 190 191 192 197 198 199 201 208 217 220 221 227 231 234 241 242 243 246 247 248 249 254 255 256 258 264 267 268 273 277 278 280 282 287 294 302 304 310 318 320 327 329
186 83 : 1 25 28 31 39 50 53 55 58 60 62 67 72 73 74 75 76 82 93 95 102 103 104 117 131 146 147 148 154 156 157 165 167 169 170 173 174 177 178 183 186 187 191 193 207 213 214 219 221 229 230 235 238 240 241 247 250 252 253 256 262 266 267 271 273 277 279 281 283 287 294 299 301 304 305 306 313 317 318 319 320 326 327
187 83 : 3 10 11 13 27 28 30 37 39 50 52 53 54 60 62 63 67 70 82 83 84 89 91 92 93 95 96 98 105 107 108 109 111 114 119 136 139 142 143 144 146 148 149 154 157 172 178 184 188 200 206 207 210 211 213 221 222 223 227 234 236 238 239 242 246 248 252 253 254 256 259 261 271 274 277 279 286 287 298 307 312 316 324
188 83 : 8 10 20 33 36 42 46 47 50 51 52 59 60 62 63 65 67 73 75 78 82 100 106 107 108 110 117 118 126 128 132 134 136 142 143 145 152 154 158 170 183 185 186 187 198 212 214 221 222 224 227 229 235 246 250 252 257 259 264 267 272 273 278 279 280 282 283 287 289 290 293 294 296 298 301 312 313 321 322 326 327 328 331
189 83 : 0 4 5 7 12 14 21 22 23 25 31 43 50 54 55 56 62 69 74 83 90 91 103 104 108 113 114 116 117 119 131 134 146 157 158 160 164 167 168 169 171 172 173 174 175 178 187 194 200 202 208 210 211 213 215 221 235 256 258 263 265 266 267 270 272 280 281 283 285 286 288 291 297 299 300 301 313 315 317 318 325 328 331
190 83 : 3 13 20 25 28 34 35 39 40 48 53 55 57 58 65 68 69 71 73 82 84 94 97 99 101 105 107 110 115 117 120 123 133 141 142 144 146 155 162 164 165 167 168 172 178 179 185 186 187 193 200 201 203 204 207 209 215 216 221 223 233 240 241 254 256 257 259 261 263 272 278 281 283 285 287 291 292 298 299 310 320 322 328
191 83 : 2 22 35 43 44 46 47 49 50 58 60 62 65 69 73 81 82 91 92 95 99 101 102 104 105 109 121 130 133 145 146 147 151 154 156 157 165 166 175 176 177 179 189 190 192 193 198 202 206 211 219 221 226 234 241 245 249 256 258 266 267 277 281 283 284 287 293 294 296 299 301 305 307 309 311 313 315 319 322 325 327 329 331
192 83 : 5 21 32 38 47 52 57 58 59 61 63 64 67 73 74 88 93 94 96 98 103 108 116 117 119 128 129 144 145 147 148 150 153 164 175 177 178 187 188 190 191 194 198 208 212 214 215 220 221 223 227 234 235 241 243 253 254 255 256 257 264 265 271 272 283 285 287 292 293 294 299 300 301 307 312 313 314 315 317 318 325 326 331
193 75 : 7 25 26 34 41 49 50 53 55 58 62 63 69 73 74 75 81 82 85 95 96 99 103 104 111 113 116 117 124 146 147 154 157 163 165 167 169 170 171 172 174 175 177 178 180 187 193 197 202 214 230 235 240 241 247 250 252 256 267 273 277 279 281 283 294 299 301 304 313 317 318 319 320 326 327
194 83 : 2 4 8 9 12 13 25 31 34 36 42 44 47 49 54 55 58 75 83 87 92 94 95 102 103 117 123 131 136 140 141 143 145 149 150 157 168 172 173 174 175 176 182 184 190 191 193 200 206 212 217 219 223 227 231 237 240 241 244 246 250 252 253 254 255 256 260 264 266 267 277 283 284 287 292 294 296 299 305 306 308 317 320
195 83 : 2 13 21 23 25 26 27 35 39 50 52 53 55 58 62 63 69 73 74 75 78 82 85 88 89 91 95 99 102 103 104 112 117 122 124 130 131 138 146 147 154 156 157 161 165 167 169 173 174 175 178 187 191 210 213 214 221 226 230 235 240 241 247 250 252 253 256 259 277 279 281 283 284 287 294 299 301 313 318 319 320 326 327
196 78 : 13 25 27 28 29 30 32 49 50 53 55 58 62 63 66 69 73 74 75 87 88 95 99 102 103 104 117 120 121 131 144 147 154 157 160 165 167 169 173 174 178 187 191 193 199 206 208 209 213 214 221 233 235 239 240 241 247 250 252 253 256 267 279 281 283 286 287 290 294 299 301 303 313 317 318 319 320 324
197 83 : 0 3 13 23 25 29 32 33 36 37 41 42 50 53 55 58 59 61 63 64 65 66 69 80 100 103 111 117 124 129 131 137 139 141 147 150 154 166 168 169 173 174 178 181 187 188 193 198 201 202 203 207 211 215 218 221 224 226 230 234 237 241 243 250 252 253 257 259 262 264 266 277 281 283 294 298 306 311 319 320 321 326 332
198 83 : 1 2 17 19 25 27 30 32 33 34 39 43 50 54 56 58 59 63 77 78 80 87 88 92 94 101 104 105 107 109 110 117 121 125 130 132 134 137 143 150 153 157 158 159 162 163 165 167 170 171 173 174 178 182 190 194 197 203 205 210 214 222 224 232 235 241 252 253 256 270 271 272 273 275 279 282 283 287 299 308 318 322 329
199 83 : 6 7 10 16 17 25 28 30 32 37 40 48 50 53 57 58 62 66 72 74 76 80 82 88 90 95 96 100 107 108 117 120 121 132 138 139 140 141 145 146 147 150 152 172 174 181 182 188 193 195 202 210 212 216 220 221 230 232 234 236 240 243 253 254 255 261 267 270 272 275 279 283 287 288 294 295 298 299 301 307 308 318 329
