N C E M
200 100 19900 9950
Opt_part_L_size, Opt_part_R_size, Opt_number_of_colors
34 166 51
N of L changes = 20
Min number of labels in a vertice, Max number of labels in a vertice
59 70
Solution Set
89(62) 16(62) 94(62) 37(63) 15(63) 21(63) 39(63) 40(63) 41(63) 64(63) 69(63) 70(63) 71(63) 72(63) 23(64) 33(64) 38(64) 53(64) 59(64) 74(64) 45(153) 78(157) 75(160) 87(167) 95(167) 6(168) 9(169) 56(169) 18(171) 31(174) 0(174) 54(175) 62(176) 43(178) 5(179) 80(180) 46(180) 73(182) 32(184) 42(185) 35(189) 28(189) 22(190) 27(191) 8(193) 68(195) 25(196) 29(199) 61(202) 49(207) 97(215) 
Number of edges by Color (l n)
0 97 215
1 49 207
2 61 202
3 29 199
4 25 196
5 68 195
6 8 193
7 27 191
8 22 190
9 28 189
10 35 189
11 42 185
12 32 184
13 73 182
14 46 180
15 80 180
16 5 179
17 43 178
18 62 176
19 54 175
20 0 174
21 31 174
22 18 171
23 9 169
24 56 169
25 6 168
26 87 167
27 95 167
28 75 160
29 78 157
30 45 153
31 2 64
32 23 64
33 33 64
34 38 64
35 53 64
36 59 64
37 74 64
38 1 63
39 3 63
40 4 63
41 7 63
42 10 63
43 11 63
44 12 63
45 13 63
46 14 63
47 15 63
48 17 63
49 19 63
50 20 63
51 21 63
52 24 63
53 26 63
54 30 63
55 34 63
56 36 63
57 37 63
58 39 63
59 40 63
60 41 63
61 44 63
62 47 63
63 48 63
64 50 63
65 51 63
66 52 63
67 55 63
68 57 63
69 58 63
70 60 63
71 63 63
72 64 63
73 65 63
74 66 63
75 67 63
76 69 63
77 70 63
78 71 63
79 72 63
80 76 63
81 77 63
82 16 62
83 79 62
84 81 62
85 82 62
86 83 62
87 84 62
88 85 62
89 86 62
90 88 62
91 89 62
92 90 62
93 91 62
94 92 62
95 93 62
96 94 62
97 96 62
98 98 62
99 99 62
Label List by vertices (vertice Id, Number of labels : set of labels
0 62 : 0 3 4 5 6 8 9 10 12 13 18 19 20 21 22 23 24 25 27 28 29 31 32 33 35 40 42 43 44 45 46 49 51 54 55 56 60 61 62 65 66 68 70 71 72 73 75 76 78 80 84 85 86 87 88 92 93 94 95 96 97 98
1 63 : 0 2 3 4 5 6 8 9 10 14 18 20 22 23 24 25 26 27 28 29 30 31 32 35 37 40 41 42 43 45 46 49 50 53 54 55 56 59 60 61 62 63 65 66 68 70 71 73 75 76 78 79 80 84 86 87 88 89 91 92 95 96 97
2 69 : 0 2 4 6 7 9 11 12 13 15 17 18 20 22 23 24 25 26 27 28 30 31 32 33 34 36 37 39 40 41 42 43 44 45 46 47 48 49 50 52 53 55 56 58 60 61 62 64 65 66 68 70 74 75 76 77 78 80 81 82 87 89 91 93 94 95 96 97 99
3 69 : 1 2 3 4 5 7 8 10 11 14 15 16 17 18 19 20 21 22 23 24 25 26 27 28 29 31 32 34 39 40 42 45 46 47 48 50 52 53 54 55 57 58 59 62 63 64 65 68 70 72 73 74 75 77 78 79 80 81 82 83 84 85 88 89 93 95 96 97 98
4 69 : 0 1 2 4 6 8 9 10 11 12 13 14 15 16 17 18 21 22 23 24 26 27 28 29 30 31 32 33 36 38 39 40 43 46 47 48 50 51 52 53 54 55 56 57 58 60 61 62 63 64 65 67 69 72 73 75 78 79 80 81 84 87 88 89 92 93 96 97 98
5 61 : 0 2 4 5 6 7 8 9 11 12 14 16 17 18 20 21 22 23 25 26 27 28 29 30 31 32 35 36 39 42 43 44 45 46 49 50 52 53 54 56 57 60 61 62 64 65 66 68 70 73 75 78 80 81 85 86 87 89 95 97 98
6 69 : 2 4 6 7 8 10 11 12 13 15 16 17 18 19 21 22 23 25 26 29 30 32 33 34 35 36 38 40 41 42 43 45 46 50 51 52 53 54 56 58 59 60 63 64 66 67 69 70 71 73 74 75 76 78 79 81 83 85 86 87 91 92 93 94 95 96 97 98 99
7 69 : 3 4 5 7 8 9 11 13 15 17 18 19 22 23 25 26 29 30 31 32 33 35 36 37 39 40 43 45 46 49 50 51 52 55 56 58 59 61 62 63 64 65 67 68 69 70 71 72 73 74 75 77 78 79 80 81 83 84 85 86 87 88 89 90 92 94 97 98 99
8 63 : 0 1 2 4 5 6 7 8 9 10 12 14 16 17 18 21 22 25 27 28 29 30 31 32 34 35 36 38 40 41 42 43 45 46 48 49 53 54 56 57 61 62 64 68 69 72 73 75 77 78 80 82 85 86 87 88 89 91 94 95 96 97 99
9 69 : 0 2 3 5 6 7 10 11 12 13 14 15 16 18 20 21 22 23 24 25 27 28 29 31 32 34 35 36 37 39 40 44 45 46 47 49 50 51 52 53 54 57 58 59 61 65 66 67 68 70 73 74 78 79 80 81 82 83 84 85 86 87 89 90 91 94 95 97 99
10 69 : 0 1 4 5 6 7 8 9 10 11 13 14 15 16 18 19 20 21 22 24 26 27 28 29 30 32 33 34 35 36 37 39 40 43 44 45 48 49 50 53 54 56 57 58 59 60 61 62 63 64 68 69 70 71 72 73 74 77 80 83 84 88 90 91 92 94 95 97 99
11 62 : 0 2 3 5 6 7 8 9 12 15 16 18 21 22 23 25 26 27 28 29 30 31 32 35 36 37 38 39 41 42 43 44 45 46 48 49 50 51 54 56 57 61 62 63 68 69 72 73 75 77 78 79 80 81 82 85 87 90 91 94 95 97
12 69 : 0 1 3 5 6 7 8 9 11 12 13 15 17 18 19 20 22 23 24 27 28 29 30 31 32 33 35 36 40 42 43 45 46 47 48 49 50 51 52 55 60 61 62 63 64 67 68 69 70 71 72 74 75 76 78 79 80 82 83 84 85 87 88 89 93 94 96 97 99
13 64 : 0 2 4 5 6 8 9 11 17 18 19 20 21 22 25 27 28 29 31 32 33 34 35 36 37 39 40 42 43 44 45 46 48 49 51 52 53 54 55 56 58 59 60 61 62 63 64 66 68 70 73 75 76 78 80 81 84 85 87 88 93 95 97 99
14 69 : 1 2 5 8 9 10 11 13 14 15 16 17 18 19 23 25 28 29 30 31 32 34 35 36 37 38 39 40 41 42 43 45 46 47 50 51 52 53 54 57 58 60 62 63 64 65 66 67 68 71 72 73 74 75 76 77 78 79 82 83 84 85 87 89 91 92 94 95 99
15 64 : 0 1 2 3 5 6 8 9 10 11 13 16 18 20 22 23 25 27 28 29 31 32 35 36 37 38 40 42 43 44 45 46 49 53 54 55 56 57 61 62 64 67 68 70 71 72 73 74 75 76 77 78 80 81 82 83 87 88 90 92 95 96 97 98
16 69 : 0 1 2 3 4 5 6 8 9 10 12 14 16 17 18 20 22 23 25 26 28 29 30 31 32 33 34 35 36 37 38 39 41 42 43 44 45 47 49 51 53 55 56 57 58 62 64 65 68 70 71 73 74 75 77 78 80 81 82 83 84 86 90 91 92 95 96 97 98
17 69 : 0 1 2 3 5 6 8 9 10 12 14 16 17 18 19 20 21 23 24 25 26 28 29 30 31 32 34 36 37 39 40 41 43 44 45 49 53 54 55 56 59 60 61 62 65 66 69 70 71 72 73 74 75 77 78 79 82 83 85 86 87 88 89 91 92 93 95 97 98
18 64 : 0 1 2 3 4 5 6 7 8 9 11 12 15 18 19 22 23 24 25 27 28 29 31 32 33 34 35 38 41 42 43 44 45 46 48 49 50 54 56 58 61 62 64 65 66 68 69 73 74 75 78 79 80 82 85 86 87 88 89 92 95 96 97 99
19 69 : 1 2 4 5 7 9 10 12 13 14 15 16 17 18 19 20 25 27 28 29 30 33 35 36 37 38 39 41 42 43 46 48 49 50 52 53 54 55 57 58 61 63 64 67 68 69 70 74 75 76 77 78 79 80 81 82 83 84 85 86 87 88 89 91 92 93 96 97 99
20 69 : 0 2 3 4 5 8 9 10 12 13 16 17 18 20 21 25 26 28 29 30 32 34 35 36 37 38 40 41 42 43 44 47 49 51 52 54 55 58 59 61 63 64 66 67 68 71 73 74 75 77 78 79 80 81 82 83 86 87 88 89 90 91 92 93 94 95 96 97 99
21 69 : 2 3 5 6 8 10 11 13 14 15 18 19 21 22 23 25 26 27 28 30 31 35 37 38 39 40 41 42 44 45 46 47 49 50 51 52 54 55 56 57 58 59 64 67 68 69 70 71 73 74 75 76 77 78 79 81 82 83 84 85 87 88 92 93 94 95 96 98 99
22 69 : 0 1 2 4 6 7 8 9 10 11 12 14 15 16 17 19 22 24 25 26 27 28 29 30 31 32 33 34 37 38 39 40 42 43 44 46 47 48 49 51 53 55 56 57 58 59 60 61 65 66 67 70 71 72 73 74 75 76 77 81 82 84 86 88 89 90 94 98 99
23 69 : 2 3 4 5 6 10 11 12 13 14 16 21 22 24 25 26 27 28 30 31 32 33 34 35 37 39 40 41 42 43 44 45 46 48 49 51 52 53 54 55 58 59 60 61 63 64 66 68 69 70 71 72 73 74 76 80 82 83 85 86 87 88 90 91 92 93 96 97 99
24 69 : 1 2 3 4 5 6 7 8 9 10 12 13 17 18 21 22 23 25 26 27 28 29 30 31 34 39 40 41 42 46 49 50 52 54 55 56 57 58 59 61 63 65 66 67 68 70 72 73 74 75 76 77 78 79 80 82 83 84 85 86 87 88 90 91 92 95 97 98 99
25 69 : 2 3 4 5 6 8 9 10 11 13 18 19 20 21 24 25 26 27 28 29 30 31 32 33 36 37 39 40 42 43 44 45 46 47 49 50 52 54 55 56 59 60 61 63 65 66 67 69 71 72 75 76 77 78 81 83 84 85 86 90 91 92 93 94 95 96 97 98 99
26 68 : 0 1 6 8 9 10 11 12 14 15 17 18 19 20 21 22 23 24 25 27 28 29 30 36 38 41 42 43 47 48 49 50 51 52 53 54 55 56 57 59 60 61 62 63 65 66 67 68 69 70 71 73 74 76 77 78 79 81 82 83 84 87 88 90 94 95 98 99
27 69 : 1 2 4 5 6 7 9 11 14 16 17 18 19 20 21 22 24 25 26 27 28 29 30 31 32 33 36 37 40 42 43 44 45 50 52 53 54 56 57 58 61 63 65 66 67 68 69 71 72 73 74 75 76 77 79 80 81 82 83 84 85 87 88 90 95 96 97 98 99
28 69 : 0 1 2 5 6 7 8 9 10 11 12 13 14 15 18 20 21 22 23 24 26 27 29 31 32 34 35 36 37 38 40 41 42 43 44 45 47 50 51 52 53 56 57 58 61 63 65 68 69 70 73 74 75 76 77 78 79 80 82 84 86 87 88 89 91 93 94 95 98
29 69 : 0 1 3 4 5 6 7 8 9 11 12 14 15 19 20 21 22 23 24 25 27 30 31 32 33 35 36 38 40 41 42 43 44 46 48 49 51 52 55 56 57 58 59 60 61 62 65 68 70 72 74 75 76 77 79 80 81 82 83 86 88 90 91 93 94 95 96 97 98
30 69 : 0 1 2 3 5 6 8 10 11 13 14 15 16 17 18 19 20 22 24 25 26 28 29 30 33 36 37 38 39 41 43 45 46 50 52 53 54 55 56 58 60 61 62 63 64 65 66 67 69 70 71 72 73 79 80 82 83 84 85 87 88 90 91 93 95 96 97 98 99
31 69 : 2 3 6 7 8 9 10 13 14 17 18 19 20 22 24 25 26 27 28 29 30 31 32 33 34 35 36 37 38 39 40 41 42 44 45 47 50 54 55 56 58 59 60 61 63 65 66 67 68 71 73 74 76 79 80 81 83 84 85 86 87 88 91 92 94 95 96 97 99
32 69 : 0 1 2 4 5 7 9 10 11 12 14 15 16 17 18 20 21 22 23 25 26 27 28 31 32 35 36 38 40 43 45 46 47 48 50 51 52 53 54 56 58 59 60 62 63 64 68 69 72 73 76 77 78 79 80 83 84 85 86 87 88 89 90 92 94 95 97 98 99
33 69 : 0 1 5 6 9 10 12 14 15 17 18 19 21 22 24 25 26 27 28 29 33 34 35 36 37 39 41 42 44 45 47 48 49 51 53 54 57 58 59 60 61 62 63 65 66 69 70 71 72 74 75 78 80 81 82 84 85 86 87 88 90 91 92 93 94 95 97 98 99
34 69 : 0 1 4 5 6 8 11 13 15 16 17 18 19 20 21 23 24 25 26 27 28 29 30 31 32 34 35 36 37 39 41 42 43 44 45 46 48 49 50 51 52 53 54 55 58 59 61 62 63 64 65 67 70 71 72 73 74 75 76 79 81 82 86 87 88 93 95 97 99
35 63 : 0 3 4 5 6 7 8 9 11 15 17 18 21 22 24 25 27 28 29 30 31 32 33 35 36 38 41 42 43 45 46 49 50 51 52 53 54 55 56 57 58 59 61 63 64 65 67 68 71 72 73 75 76 78 80 85 86 87 91 93 95 97 98
36 69 : 1 2 3 5 6 8 9 10 11 12 17 18 21 22 24 25 27 29 30 31 32 34 36 37 39 40 43 44 45 46 47 48 49 50 51 55 56 57 58 59 60 62 63 64 65 67 69 70 71 74 75 76 77 78 80 81 82 83 85 87 88 89 92 93 95 96 97 98 99
37 66 : 0 1 2 4 5 6 8 9 13 14 16 17 18 19 20 21 22 23 25 27 28 29 31 32 35 36 41 42 43 44 45 46 47 48 49 50 51 54 55 56 57 59 61 62 64 65 66 68 70 71 72 73 75 76 78 79 80 82 84 85 87 89 91 92 95 97
38 69 : 0 2 3 4 5 6 7 8 9 11 12 13 14 16 17 18 20 22 23 25 26 27 29 31 33 37 39 41 42 45 47 49 50 51 52 53 54 56 57 58 60 63 64 65 66 67 68 69 70 73 75 78 79 80 81 82 83 84 85 87 88 89 91 92 93 94 95 97 99
39 69 : 2 6 8 9 10 11 14 15 16 17 18 19 20 22 24 25 26 27 29 31 32 34 35 36 37 38 39 40 41 42 44 45 46 49 50 53 54 55 56 57 58 60 62 63 64 65 66 67 68 71 72 73 74 76 77 78 79 80 82 84 85 86 87 93 94 95 96 97 98
40 69 : 1 2 4 5 6 8 9 10 12 13 15 17 18 19 20 23 27 28 29 30 32 33 34 35 36 38 39 40 42 43 44 45 47 48 49 50 51 53 57 60 61 64 65 66 68 69 70 71 73 75 76 77 78 80 81 83 84 85 87 88 90 91 92 93 94 95 96 97 98
41 65 : 0 1 3 5 6 8 9 10 11 12 14 15 16 18 21 22 23 24 25 27 28 29 31 32 33 34 35 37 38 39 40 41 42 43 45 46 48 49 50 54 55 56 58 61 62 63 64 65 67 68 70 73 75 76 78 80 84 85 87 88 93 94 95 96 97
42 69 : 0 4 7 8 9 10 12 14 15 17 19 20 21 22 23 25 27 28 29 30 31 32 33 34 35 36 38 41 42 43 44 45 46 47 48 49 50 51 52 53 54 55 56 57 59 61 62 63 64 66 68 70 71 77 78 79 80 82 83 84 85 86 87 88 95 96 97 98 99
43 69 : 0 1 2 3 5 6 7 9 10 11 12 13 15 16 17 18 21 23 25 26 27 28 29 30 31 35 37 38 40 41 42 43 44 45 48 50 52 54 55 57 58 59 60 61 62 64 65 66 67 68 70 71 73 75 76 77 78 80 83 85 86 87 88 89 94 95 96 97 99
44 68 : 0 2 3 8 9 11 12 13 14 17 18 19 20 22 23 24 25 26 27 29 30 33 34 35 36 37 38 39 40 41 42 43 44 45 46 50 52 54 57 59 61 62 63 64 65 67 68 69 71 72 73 74 75 77 79 81 83 84 85 86 87 89 91 92 95 97 98 99
45 69 : 0 1 2 3 5 7 8 9 11 12 13 14 15 16 17 18 19 22 23 25 26 28 30 32 33 34 36 38 39 41 42 43 45 50 51 52 53 54 55 56 57 58 60 62 64 65 66 68 69 71 73 74 75 76 77 78 79 80 82 83 85 86 88 91 93 94 96 97 99
46 62 : 0 1 3 4 5 6 7 8 9 13 14 18 20 22 25 27 28 29 30 31 32 33 35 36 38 42 43 44 45 46 47 48 50 53 54 55 56 58 59 61 62 63 64 66 67 68 70 71 72 73 74 75 78 79 80 85 87 89 94 95 96 97
47 69 : 0 3 5 6 7 8 10 11 12 13 15 17 18 20 21 22 27 29 31 32 34 39 40 41 44 45 46 47 49 50 51 52 53 54 55 56 57 58 60 61 62 63 66 68 69 70 71 72 74 75 77 78 79 80 81 82 83 84 86 87 90 91 92 93 95 96 97 98 99
48 69 : 0 1 3 4 5 6 7 9 10 12 14 15 17 18 19 21 22 23 24 25 26 29 30 31 32 33 34 35 36 37 38 40 41 42 44 45 49 51 52 53 56 58 61 62 63 64 65 66 67 68 69 70 71 72 75 82 83 84 85 86 87 89 90 91 92 94 95 96 97
49 68 : 0 2 4 5 6 8 9 13 14 16 18 20 21 23 24 25 26 27 28 29 31 32 33 34 36 37 38 40 41 42 44 45 46 47 48 49 50 51 53 55 58 59 60 61 62 63 64 65 66 68 69 72 75 77 78 79 80 81 82 83 85 87 89 90 92 94 96 97
50 69 : 0 1 3 5 7 8 9 10 12 13 14 16 17 20 26 28 29 30 32 33 34 36 37 38 39 40 41 42 43 47 48 49 50 52 53 54 55 56 57 58 59 60 61 62 63 66 67 68 71 72 74 75 76 77 80 81 83 85 86 87 88 89 90 91 94 96 97 98 99
51 69 : 1 4 5 6 7 8 10 11 13 14 18 19 21 22 23 26 27 29 30 31 32 33 34 35 37 38 39 40 41 42 43 44 45 49 50 51 52 53 54 57 59 60 61 62 63 64 65 66 68 70 71 73 75 76 77 80 82 84 86 87 88 89 90 93 94 95 96 97 98
52 69 : 0 1 2 3 4 5 6 7 8 9 10 13 14 15 17 18 19 21 22 23 24 25 26 28 30 31 32 33 34 35 36 37 39 41 42 44 48 49 50 55 57 58 61 62 63 64 65 66 67 68 69 71 73 74 75 78 79 82 83 85 86 88 89 91 94 95 96 98 99
53 69 : 1 2 3 5 7 8 10 11 12 13 15 16 18 19 20 21 23 24 25 26 27 28 30 31 32 35 36 37 39 40 41 42 43 46 48 49 50 51 53 54 55 56 57 58 61 62 63 64 66 67 70 71 73 75 78 81 82 83 84 88 89 90 91 92 93 94 95 96 97
54 69 : 0 1 3 4 5 6 8 9 10 13 16 17 19 20 21 22 24 25 26 27 28 32 33 34 35 37 39 40 41 42 43 44 45 47 48 49 50 51 52 53 54 56 57 58 59 60 61 62 63 65 66 70 74 75 76 77 78 79 80 83 87 89 90 91 92 95 96 97 98
55 68 : 0 1 2 3 4 6 7 8 9 10 11 13 14 15 17 21 22 23 24 25 27 28 29 31 32 33 36 37 38 39 40 41 42 43 45 46 47 48 50 53 54 55 56 58 59 60 63 66 67 68 72 73 74 76 77 78 79 80 84 87 90 91 92 93 94 95 97 98
56 69 : 0 1 2 3 4 5 8 9 10 13 14 15 16 18 19 21 24 25 26 27 28 29 30 31 34 35 36 37 38 40 41 42 43 46 47 48 49 50 51 52 53 54 55 56 60 61 62 63 65 66 70 71 72 73 74 75 77 80 81 83 88 89 91 92 93 94 95 97 98
57 69 : 0 1 2 4 5 9 10 11 13 14 16 17 18 20 21 22 23 24 26 27 28 29 34 35 36 37 38 39 40 41 42 43 45 47 48 49 51 54 55 57 58 59 60 61 62 63 66 67 69 70 72 74 76 77 78 79 80 81 84 86 88 89 90 91 92 93 95 97 99
58 69 : 0 1 3 4 5 9 12 14 15 17 18 19 21 24 25 26 27 28 29 30 31 33 36 38 40 41 42 43 44 45 46 47 50 52 53 54 55 56 57 60 61 62 63 67 68 69 70 72 73 74 75 76 77 78 79 80 81 82 83 84 85 86 88 90 91 95 96 98 99
59 69 : 0 1 2 5 6 8 9 10 12 14 15 16 18 20 22 23 25 26 27 28 31 35 38 39 41 42 43 44 45 46 47 48 49 50 51 52 53 54 55 58 59 60 61 62 63 64 65 66 67 68 70 72 73 74 76 77 78 83 84 86 87 89 90 91 92 93 95 96 98
60 69 : 0 1 4 5 6 7 8 9 11 15 17 19 21 22 23 24 25 27 28 29 30 32 33 36 37 39 40 42 43 45 46 47 49 50 51 52 53 54 55 56 57 58 59 60 61 63 66 67 68 70 71 73 75 76 77 79 80 81 82 84 86 87 88 90 93 94 95 96 98
61 69 : 0 1 2 3 6 7 9 10 11 12 13 15 17 18 19 20 21 22 23 24 25 27 28 30 31 32 34 35 36 37 38 39 42 46 47 49 50 52 53 54 55 56 57 60 61 62 65 66 68 69 70 71 72 73 74 76 77 79 80 81 83 84 88 90 91 93 95 97 98
62 69 : 1 5 6 7 8 9 10 11 13 15 16 20 21 22 23 25 26 29 30 32 33 34 35 36 37 38 39 40 41 42 43 44 46 47 48 49 50 51 52 56 57 58 59 61 62 63 64 65 67 68 69 70 71 72 74 75 77 78 80 81 83 86 87 89 91 92 93 96 98
63 69 : 0 2 5 6 7 8 9 10 11 13 15 17 18 19 20 21 23 24 25 26 27 28 30 31 32 34 35 36 37 38 39 40 41 42 43 44 46 49 52 53 54 55 56 57 58 60 61 62 65 66 67 68 69 70 71 74 75 77 78 80 81 83 84 86 87 91 95 98 99
64 69 : 1 4 5 10 11 13 14 15 18 19 21 22 25 26 27 28 30 31 32 33 34 35 36 38 39 43 44 45 46 48 49 50 51 53 54 56 57 59 60 61 62 64 65 66 67 68 69 72 73 74 76 77 78 79 80 81 82 84 85 86 88 89 90 92 95 96 97 98 99
65 69 : 0 1 2 3 5 6 7 8 9 10 12 13 17 18 19 22 24 25 27 28 30 32 34 35 36 39 43 44 45 46 47 48 49 50 51 52 54 55 56 57 58 59 60 61 62 65 67 68 69 74 75 76 77 78 79 80 82 83 84 86 87 89 90 91 92 95 97 98 99
66 69 : 0 1 2 4 5 6 7 8 9 10 11 12 14 15 16 17 20 21 23 25 26 27 28 29 31 33 35 39 42 43 44 45 46 47 48 49 51 52 54 55 56 57 58 59 60 62 65 66 68 69 72 74 76 79 80 83 84 85 86 88 89 90 92 94 95 96 97 98 99
67 69 : 0 3 4 6 8 9 10 12 13 16 17 18 20 22 23 24 25 27 28 29 31 32 33 34 36 38 39 40 42 43 44 46 47 48 50 51 52 53 54 56 57 58 60 62 63 64 65 66 70 71 72 73 74 75 76 77 78 80 81 82 84 85 86 89 92 94 95 96 97
68 65 : 0 1 3 5 6 7 8 9 14 18 19 20 21 22 23 25 26 27 28 29 31 32 34 35 38 40 42 43 44 45 46 47 48 49 50 53 54 55 56 60 61 62 64 68 69 71 72 73 74 75 76 78 80 85 87 88 89 90 91 92 95 96 97 98 99
69 69 : 0 1 2 3 4 6 7 12 14 15 16 17 18 19 21 22 28 30 33 34 35 36 37 38 40 41 42 45 46 47 48 49 50 51 52 53 54 55 56 58 59 60 61 63 64 67 68 69 70 71 72 74 75 76 77 78 79 80 82 84 86 87 88 93 94 96 97 98 99
70 69 : 0 2 3 7 9 10 12 13 14 17 18 19 20 22 24 25 26 27 28 29 31 32 33 34 35 37 38 41 42 44 45 46 48 50 51 52 54 56 57 59 60 61 62 63 65 66 67 68 69 70 71 74 75 76 78 80 82 84 85 86 87 89 92 93 94 95 96 97 98
71 69 : 1 3 4 5 6 8 9 10 11 14 16 17 18 20 21 23 25 26 28 29 30 31 32 33 34 35 37 38 40 41 43 44 45 47 48 51 53 54 55 57 59 60 61 62 64 65 66 67 70 71 73 74 75 76 77 78 79 82 83 85 86 87 90 91 93 95 97 98 99
72 63 : 0 1 5 6 7 8 9 10 11 12 17 18 22 25 26 27 28 29 31 32 33 34 35 39 40 42 43 45 46 48 49 51 53 54 56 57 59 60 61 62 64 68 69 70 71 73 74 75 76 78 79 80 82 87 88 89 90 92 93 94 95 97 99
73 69 : 1 3 6 7 8 9 10 11 12 13 14 15 16 17 18 19 21 22 23 24 28 31 32 34 35 38 40 41 42 43 44 45 46 48 51 52 53 54 56 58 60 61 62 63 64 65 66 67 68 69 75 76 77 78 79 81 82 85 86 87 89 90 91 93 94 96 97 98 99
74 69 : 0 1 3 4 5 8 9 11 12 14 18 19 20 22 23 24 25 26 27 29 30 31 32 33 34 35 36 37 38 39 41 44 46 47 49 54 55 56 58 59 60 63 64 65 66 68 70 73 74 75 76 78 80 81 82 83 84 85 86 87 89 90 91 93 94 95 96 97 99
75 69 : 2 3 4 5 7 8 9 12 13 14 15 16 17 21 23 24 25 27 28 29 30 31 32 33 34 37 38 41 43 44 45 47 49 50 51 52 54 55 56 59 60 61 62 64 65 66 67 68 70 72 73 74 75 77 79 80 81 82 83 84 85 87 88 90 91 93 95 97 98
76 69 : 1 2 3 4 5 6 7 8 9 10 11 13 15 16 18 19 20 22 23 24 26 27 30 31 32 33 35 36 37 38 39 41 42 43 47 48 49 50 53 55 57 59 60 61 62 63 67 69 71 72 73 74 76 77 79 80 81 82 83 84 86 89 90 91 92 93 94 96 98
77 69 : 1 2 3 6 8 11 12 13 14 15 16 17 18 19 21 23 24 27 28 29 31 33 34 35 36 37 38 39 40 41 42 43 44 45 46 48 49 51 52 53 54 56 58 61 62 63 66 67 68 70 72 73 74 75 76 77 79 80 84 86 87 90 91 92 93 95 97 98 99
78 69 : 0 1 2 3 4 8 9 10 11 13 15 16 17 18 22 24 26 27 28 29 30 31 33 35 38 39 40 41 45 46 47 48 49 51 52 54 56 58 59 60 62 63 65 66 69 70 72 73 74 75 77 79 80 81 82 83 84 85 86 87 89 90 91 92 93 94 95 96 99
79 69 : 0 2 3 4 5 6 8 9 11 12 14 16 17 18 19 20 21 22 23 24 29 30 31 32 33 34 35 37 38 39 40 41 42 43 44 45 46 47 48 49 50 51 52 53 55 56 60 61 62 63 68 69 71 72 73 74 76 77 78 79 80 81 84 90 92 93 96 97 99
80 69 : 0 2 4 5 6 7 8 9 11 14 16 17 18 19 20 23 25 26 27 28 29 30 32 33 34 35 36 37 41 42 43 44 45 46 47 48 49 50 52 54 61 62 63 64 65 67 68 69 70 71 73 75 76 77 80 81 82 83 84 87 88 89 90 93 94 95 96 97 98
81 69 : 0 1 2 3 4 6 9 10 11 14 15 17 19 20 21 22 23 25 27 28 31 34 35 36 38 40 41 42 43 44 45 46 47 48 49 50 51 52 56 57 58 59 61 62 63 64 65 67 68 71 72 73 74 75 76 77 78 81 82 83 84 87 88 89 93 95 97 98 99
82 69 : 1 2 3 4 5 6 8 10 11 12 14 16 17 18 19 20 21 22 24 27 28 29 30 31 32 34 35 38 41 42 43 45 46 47 48 52 53 57 58 59 60 61 62 63 67 68 69 71 72 73 74 75 76 77 78 80 81 82 83 84 87 88 89 94 95 96 97 98 99
83 69 : 0 1 2 3 4 6 7 8 9 10 11 12 13 15 18 19 22 23 24 25 26 27 28 29 31 32 34 35 39 42 44 47 51 52 53 54 55 56 57 58 59 60 63 64 65 66 67 68 70 71 72 73 75 77 80 81 82 84 85 86 87 88 89 90 91 92 95 97 98
84 69 : 1 4 5 6 9 11 15 16 17 18 19 20 21 22 23 24 25 26 28 29 30 31 32 33 34 35 36 37 38 39 41 42 44 45 46 47 48 50 52 53 55 56 57 61 62 64 67 68 71 73 75 76 77 78 80 81 83 84 85 86 87 88 90 92 93 94 95 98 99
85 69 : 1 3 4 6 7 8 10 11 12 13 15 17 19 20 22 23 24 25 26 27 28 31 32 35 37 39 42 43 44 45 46 47 49 51 53 54 56 59 60 61 62 64 66 67 68 69 70 72 73 75 76 78 79 80 81 82 84 85 86 87 88 89 90 91 92 93 95 96 97
86 69 : 0 1 2 5 6 7 8 10 11 13 14 16 19 20 21 24 25 26 27 28 29 30 31 32 33 35 36 37 40 41 42 43 44 46 49 50 51 53 55 56 57 58 59 62 63 64 66 67 68 71 72 73 74 75 77 78 80 81 83 85 88 89 91 92 93 96 97 98 99
87 69 : 0 1 2 3 4 5 6 7 9 10 11 12 13 17 18 19 22 25 26 27 30 31 32 34 35 38 39 40 42 43 44 45 47 48 49 50 53 55 56 57 58 59 62 64 65 66 67 68 70 71 74 75 76 77 78 79 80 82 84 87 88 89 90 91 92 93 94 95 97
88 63 : 0 1 4 5 6 8 9 12 14 15 18 19 20 22 25 26 27 28 29 30 31 32 35 36 41 42 43 44 45 46 47 48 49 52 53 54 56 57 58 61 62 68 70 71 72 73 74 75 77 78 80 82 84 85 87 90 91 92 93 95 96 97 98
89 69 : 0 1 2 3 4 6 7 8 10 11 12 13 16 17 20 21 22 25 27 28 29 31 32 33 34 35 36 37 38 39 41 42 43 46 48 49 51 52 53 56 59 60 61 62 63 65 66 67 68 69 70 72 73 76 78 79 80 81 82 83 84 85 86 91 92 93 94 96 97
90 68 : 0 1 2 4 5 6 7 9 10 16 17 18 19 21 22 23 24 25 26 28 29 30 31 32 35 36 38 39 40 41 42 46 47 48 49 50 51 52 54 55 56 57 59 60 61 62 63 66 67 68 70 73 74 80 81 83 84 86 87 88 89 90 91 92 93 94 95 97
91 65 : 0 3 5 6 7 8 9 12 13 15 17 18 22 25 26 27 28 29 31 32 34 35 39 42 43 44 45 46 47 48 49 50 52 53 54 56 57 59 61 62 64 65 66 68 71 73 74 75 76 77 78 79 80 81 84 85 87 89 91 92 93 95 97 98 99
92 68 : 0 2 4 6 8 9 12 13 14 16 17 18 21 22 24 25 26 27 29 31 32 33 34 35 36 37 39 40 42 45 46 47 48 51 53 54 56 57 58 59 60 62 64 65 66 68 69 70 71 73 74 75 76 78 81 82 83 84 85 86 88 89 92 93 94 96 97 98
93 69 : 1 2 5 8 9 10 11 12 13 16 18 19 20 21 22 26 27 28 29 31 32 33 35 38 40 42 45 46 48 49 50 51 52 53 54 56 57 58 59 60 61 62 63 64 66 67 68 69 70 71 72 74 75 76 79 82 83 84 85 86 88 89 91 92 93 94 95 97 99
94 69 : 0 2 4 5 6 7 8 9 10 11 15 16 19 20 21 23 24 26 27 29 30 31 32 33 34 35 36 37 38 39 40 41 45 48 50 51 52 54 56 57 60 61 63 65 66 67 68 70 71 72 73 74 77 78 81 82 84 85 86 87 88 89 90 92 93 94 95 97 99
95 68 : 0 1 2 4 5 6 7 8 9 10 11 12 16 19 20 21 23 26 27 29 30 31 32 33 34 35 37 38 41 43 44 45 46 47 48 49 50 51 52 53 54 57 60 61 64 65 67 68 70 71 73 74 76 77 78 79 80 82 84 85 86 88 89 91 92 93 94 99
96 68 : 0 1 4 5 6 8 12 13 14 15 17 20 23 24 27 28 31 32 35 36 37 39 40 41 42 43 45 46 48 49 51 52 53 54 55 56 59 60 61 62 63 65 66 69 71 72 73 75 77 78 79 80 82 83 84 86 87 89 90 91 92 93 94 95 96 97 98 99
97 70 : 0 1 2 4 5 7 10 11 12 13 15 16 17 18 19 22 23 25 26 27 28 29 31 33 39 40 42 43 46 47 48 49 50 51 53 55 56 57 58 59 60 61 62 63 64 66 68 69 70 72 74 75 77 78 79 80 82 86 87 88 89 90 91 92 93 95 96 97 98 99
98 68 : 1 2 5 7 8 9 10 11 12 13 14 15 18 19 20 22 25 26 29 31 32 34 37 39 40 41 42 43 44 45 46 47 48 51 52 53 55 57 58 59 61 62 63 66 68 69 70 71 73 76 77 78 79 80 81 82 83 84 85 86 87 88 89 90 92 93 96 97
99 68 : 0 1 2 3 4 5 6 7 8 9 10 11 12 14 16 18 19 21 22 23 25 27 28 29 31 32 33 35 38 39 40 41 42 43 45 46 47 48 49 52 53 56 57 59 61 62 63 64 65 66 67 68 69 71 73 75 80 81 82 83 84 90 91 93 94 96 98 99
100 68 : 1 3 5 6 7 10 12 14 15 16 18 19 20 21 22 23 24 25 26 27 28 29 30 32 33 34 35 37 39 40 41 42 43 45 46 48 49 50 52 53 54 55 56 58 61 64 66 67 68 69 70 75 77 78 79 80 82 83 84 87 90 92 93 94 95 97 98 99
101 68 : 0 4 5 6 7 8 9 11 12 14 15 19 20 21 22 24 25 26 28 29 30 31 32 33 34 35 37 38 40 42 43 46 47 48 49 50 52 54 58 59 61 64 66 67 68 69 70 71 72 73 74 75 77 78 79 80 83 84 86 87 88 89 90 91 92 94 97 99
102 63 : 0 2 3 4 5 6 8 9 10 11 12 15 17 18 22 25 26 27 28 29 30 31 32 34 35 39 42 43 45 46 47 49 51 52 53 54 56 57 60 61 62 64 65 66 67 68 70 71 72 73 75 78 79 80 81 86 87 91 92 94 95 96 97
103 64 : 0 3 4 5 6 8 9 10 12 13 18 19 22 23 24 25 27 28 29 30 31 32 33 34 35 36 42 43 45 46 47 48 49 51 54 56 57 59 61 62 64 65 67 68 72 73 74 75 76 78 80 81 82 84 85 87 90 92 94 95 96 97 98 99
104 68 : 0 3 5 6 7 12 13 14 16 17 18 19 20 21 23 24 25 26 28 29 30 32 33 34 35 36 37 38 40 42 43 44 45 46 47 48 49 50 51 52 53 54 58 60 61 62 63 64 65 67 68 69 71 72 73 74 76 78 80 82 83 86 87 88 90 95 96 98
105 68 : 0 3 4 7 9 11 12 14 15 16 18 19 20 21 23 25 26 27 33 34 35 36 38 39 42 45 46 49 50 52 53 54 55 56 57 58 61 62 63 64 65 66 67 68 69 70 71 73 74 76 77 78 79 80 82 83 84 85 86 89 90 91 92 93 95 96 98 99
106 62 : 0 4 5 6 8 9 15 16 17 18 22 23 25 26 27 28 29 31 32 33 34 35 36 37 38 41 42 43 44 45 46 47 48 49 50 53 54 56 59 61 62 63 64 68 69 72 73 74 75 76 77 78 80 81 82 86 87 88 92 94 95 97
107 68 : 0 2 3 4 5 6 7 8 9 10 13 14 15 16 17 18 19 20 22 23 24 25 26 28 29 30 31 32 35 37 39 40 41 42 43 44 45 48 49 51 52 55 56 57 58 61 63 67 69 73 76 77 80 81 82 85 86 87 88 89 90 91 92 93 94 95 96 99
108 64 : 0 1 3 4 6 8 9 11 14 17 18 20 21 22 23 24 25 26 27 28 29 30 31 32 35 36 37 38 39 41 42 43 44 45 46 49 51 54 55 56 58 59 60 61 62 63 64 68 69 73 75 77 78 80 83 84 85 86 87 88 89 95 96 97
109 68 : 1 3 4 5 6 8 9 10 11 12 14 17 18 20 21 23 24 25 26 30 31 32 33 34 37 39 40 41 43 44 45 46 48 49 51 52 53 54 55 57 58 59 60 61 63 64 65 66 67 68 69 73 75 76 77 78 81 82 83 85 88 91 92 93 94 95 97 99
110 68 : 1 2 3 4 5 6 8 9 11 12 13 14 15 16 21 22 23 24 25 26 27 28 30 31 32 34 35 36 37 39 40 41 42 43 44 45 46 47 48 51 53 55 57 58 61 63 65 66 67 68 69 70 73 77 78 80 83 85 86 88 89 90 91 92 95 96 98 99
111 67 : 0 1 2 3 4 6 8 10 11 12 13 14 15 18 20 21 22 25 26 29 30 31 33 35 36 40 41 42 45 46 48 49 53 54 56 57 58 60 61 62 64 65 67 70 72 74 75 78 79 81 82 83 84 85 86 87 88 89 90 91 92 94 95 96 97 98 99
112 69 : 0 1 2 4 5 6 7 8 9 10 11 14 15 17 18 23 25 26 27 29 30 31 33 35 36 40 41 44 45 46 47 48 49 52 53 55 56 57 59 60 61 64 65 68 69 70 72 73 74 75 76 77 78 79 83 84 85 86 87 88 89 90 91 93 95 96 97 98 99
113 68 : 0 2 4 6 9 11 12 16 17 20 21 22 23 24 25 27 28 30 31 32 35 37 39 40 41 42 44 45 46 47 49 50 53 54 55 56 57 58 59 60 61 62 63 64 66 67 68 69 70 71 73 74 75 76 77 78 79 80 81 83 85 86 88 90 91 92 95 97
114 68 : 0 1 2 3 4 5 7 8 10 12 13 14 15 16 17 18 20 21 23 24 26 28 29 32 33 34 35 38 40 41 42 43 45 46 47 49 50 51 52 53 54 56 57 58 61 62 63 65 67 68 69 70 71 74 75 76 77 78 83 84 86 88 90 91 94 95 97 98
115 68 : 3 5 6 9 10 13 15 16 18 19 20 21 22 23 24 25 27 28 30 31 32 33 34 35 36 37 38 39 40 42 43 44 45 46 48 49 50 51 53 54 56 57 58 59 60 61 62 63 64 65 66 67 68 69 70 71 73 75 77 78 82 85 87 88 89 96 98 99
116 68 : 0 1 2 3 5 6 8 9 10 11 12 14 15 16 18 19 20 22 24 25 27 28 30 31 33 34 35 36 37 38 39 43 44 46 47 48 49 52 55 56 59 60 61 62 63 64 66 69 70 71 72 73 74 75 76 79 80 81 84 85 86 89 90 91 92 93 94 95
117 68 : 0 1 2 4 5 6 7 8 9 10 11 13 14 17 18 20 23 24 25 26 27 29 31 32 35 36 39 40 41 42 43 44 47 48 49 50 54 56 57 58 61 62 65 67 69 71 72 73 74 75 76 77 78 79 80 82 83 84 85 86 87 88 90 92 93 95 97 98
118 62 : 0 2 3 5 6 7 8 9 10 12 14 16 18 19 21 22 23 24 25 26 27 28 29 30 31 32 35 37 38 40 43 44 45 46 47 49 54 55 56 57 59 60 61 66 68 69 71 72 73 75 78 79 80 81 82 84 85 87 92 94 95 97
119 62 : 0 2 3 4 5 6 7 8 9 11 12 14 16 18 21 22 23 25 27 28 29 30 31 32 35 39 42 43 44 45 46 47 48 49 51 54 56 58 59 61 62 64 65 68 71 73 74 75 76 80 81 82 85 86 87 89 90 91 93 95 97 99
120 68 : 0 2 3 4 5 7 8 9 11 12 13 14 15 16 17 18 19 24 25 26 28 32 33 34 35 37 38 41 42 44 45 46 48 52 53 54 56 57 59 60 63 64 65 66 67 68 69 71 73 74 75 76 77 80 82 83 86 87 88 89 90 91 92 94 96 97 98 99
121 68 : 0 2 3 4 5 7 8 9 13 14 16 17 18 21 22 24 27 28 29 30 33 34 35 36 37 39 40 41 42 43 45 49 50 53 55 56 57 58 60 61 62 63 64 66 67 69 70 71 72 73 76 77 78 79 80 81 82 83 86 87 89 91 92 93 94 95 96 99
122 68 : 0 1 2 3 4 7 8 9 10 12 13 14 15 16 18 19 20 22 23 25 27 28 29 30 31 32 33 34 37 38 40 41 42 44 45 46 47 48 49 50 51 52 53 55 58 60 61 63 66 67 69 73 74 75 80 81 82 83 86 87 88 89 90 91 92 93 94 98
123 68 : 0 1 2 7 8 10 11 13 14 15 17 18 20 21 22 23 24 25 27 28 29 32 33 34 35 37 39 40 41 42 43 44 45 46 48 49 51 52 54 55 56 57 60 61 64 65 66 68 70 71 72 73 74 76 77 79 80 81 83 85 86 87 88 89 92 93 96 97
124 63 : 0 3 4 5 6 7 8 9 12 15 16 17 18 20 21 22 23 24 25 27 28 29 30 31 33 35 38 39 40 42 43 44 45 46 49 51 52 54 56 57 59 61 62 67 68 69 73 75 76 77 78 80 81 82 83 84 86 87 90 93 95 97 99
125 68 : 1 2 3 4 5 6 8 10 12 13 14 15 16 17 20 21 25 27 29 31 32 35 37 38 41 42 44 45 46 48 49 50 51 54 55 56 57 59 61 62 63 66 67 68 69 70 71 72 73 75 76 79 80 81 82 83 84 88 89 90 91 92 94 95 96 97 98 99
126 68 : 1 2 4 5 6 7 8 9 10 12 15 16 18 19 22 23 24 25 27 29 30 31 33 35 38 40 43 44 45 47 48 49 51 52 54 55 56 58 59 60 61 62 65 66 67 68 69 70 71 73 75 79 80 81 82 83 84 85 88 89 90 91 93 94 95 96 97 99
127 68 : 0 1 2 7 8 10 11 14 16 18 19 22 24 25 26 28 29 30 32 35 37 38 40 42 44 46 47 49 50 52 53 54 58 60 61 62 64 65 66 67 68 69 70 71 72 73 74 75 76 77 78 79 80 81 82 83 86 87 88 90 92 93 94 95 96 97 98 99
128 68 : 0 4 5 6 8 9 10 11 13 14 16 18 19 21 22 23 26 27 29 30 32 33 34 35 37 38 39 40 41 42 44 45 47 48 49 52 55 57 58 59 62 64 65 67 68 69 71 72 73 75 76 77 78 80 81 83 84 85 86 87 88 89 90 91 94 96 97 99
129 68 : 1 2 3 4 5 7 8 9 10 11 12 13 14 17 20 21 22 25 26 28 30 32 33 36 37 39 40 41 45 47 48 49 50 51 54 55 56 58 60 61 62 64 65 68 72 73 74 75 76 78 79 80 81 82 84 85 86 87 88 89 90 91 92 93 94 95 96 99
130 67 : 0 1 2 4 5 7 9 10 11 12 13 14 15 16 17 18 19 21 22 24 26 27 28 29 30 32 33 34 35 36 37 38 40 43 46 47 49 50 51 52 54 55 56 57 58 60 61 63 65 67 68 69 70 71 73 75 76 80 82 84 86 87 89 92 96 97 99
131 68 : 0 2 3 5 6 7 9 10 11 13 14 16 17 18 19 20 22 24 25 26 27 30 31 32 33 34 35 36 41 43 45 46 47 48 49 52 54 55 56 59 62 64 65 66 67 68 69 71 72 73 75 77 78 80 81 82 83 84 85 87 88 89 90 91 92 95 96 99
132 68 : 0 1 2 3 4 7 8 9 11 12 14 15 17 18 19 21 22 23 24 25 26 28 29 30 31 32 35 36 38 39 41 42 43 47 48 49 51 52 53 54 55 59 60 61 62 63 64 68 70 72 73 74 76 78 79 80 83 84 87 88 89 90 93 94 95 96 97 99
133 63 : 0 1 4 5 6 8 9 13 14 18 19 20 22 23 25 26 27 28 29 30 31 32 33 34 35 42 43 45 46 49 54 55 56 57 58 59 60 61 62 66 68 69 70 71 72 73 75 78 80 81 83 84 86 87 89 90 91 93 94 95 97 98 99
134 68 : 1 2 3 4 5 8 9 13 14 15 16 18 19 20 21 22 24 28 29 30 31 32 34 37 38 39 42 44 46 47 50 51 52 54 55 56 58 59 62 63 64 66 67 68 69 70 71 73 74 75 77 79 80 81 82 83 84 85 86 87 88 90 91 93 94 96 97 98
135 68 : 0 5 6 7 8 9 12 15 16 17 18 19 20 22 23 25 27 28 29 30 32 33 34 35 36 37 38 41 42 44 46 47 48 50 52 54 56 57 59 60 61 62 63 65 67 68 69 71 72 73 74 75 79 81 82 83 84 87 88 90 91 92 93 94 96 97 98 99
136 68 : 0 3 4 6 7 8 10 13 14 15 16 17 18 21 22 24 25 26 27 28 31 32 33 34 35 36 39 40 41 44 46 47 49 50 51 52 53 56 57 59 62 63 64 68 69 71 72 73 76 77 78 79 80 81 82 83 85 86 87 89 90 91 92 93 94 95 96 98
137 68 : 0 1 2 3 4 5 6 8 9 11 12 15 16 17 19 20 22 23 24 25 27 28 29 32 33 34 35 37 38 39 40 44 45 47 48 49 51 53 54 55 56 58 60 61 62 63 65 66 68 70 75 76 77 78 79 80 81 82 83 85 87 89 91 93 94 96 98 99
138 68 : 0 1 3 5 6 8 10 11 12 13 14 15 16 18 19 20 21 22 23 24 25 27 29 31 32 34 35 36 39 41 42 43 44 46 49 50 51 53 54 55 56 57 58 59 61 63 65 66 68 70 73 74 76 79 80 81 85 87 88 89 90 91 92 93 94 95 97 98
139 68 : 3 6 8 13 15 16 17 18 20 21 22 23 24 25 27 28 29 30 31 32 34 36 38 41 42 43 44 45 46 47 48 51 52 54 55 56 57 58 59 61 63 64 65 66 67 68 69 70 71 72 73 74 77 78 80 81 84 85 86 88 89 90 93 94 95 97 98 99
140 67 : 2 3 4 5 7 10 11 13 14 15 17 19 22 24 25 26 27 28 29 30 31 32 33 34 36 37 38 39 41 43 45 46 47 49 50 51 53 54 55 56 57 59 60 61 62 63 64 68 70 72 73 74 75 77 79 80 82 84 86 87 88 89 93 94 96 98 99
141 68 : 1 2 3 6 13 15 16 17 18 21 23 24 25 26 27 28 30 31 33 35 36 37 38 39 40 42 43 44 46 47 49 51 52 53 54 55 56 57 58 59 60 61 63 64 65 66 68 70 72 74 75 77 79 80 81 83 84 86 87 91 92 93 94 95 96 97 98 99
142 68 : 0 1 3 4 6 7 9 11 15 16 17 18 19 20 21 22 24 25 26 27 28 31 32 35 37 39 40 41 42 43 44 46 47 48 49 51 52 53 54 55 57 59 60 61 62 63 64 65 67 68 69 72 73 74 76 77 78 79 80 81 86 88 89 90 91 94 96 99
143 68 : 1 4 5 7 8 9 11 12 13 17 18 19 20 21 23 24 25 26 28 29 31 32 33 35 37 40 43 44 46 47 48 49 50 52 57 58 59 61 62 63 64 66 67 70 71 72 73 74 75 76 77 78 80 81 82 83 84 87 88 89 90 91 94 95 96 97 98 99
144 68 : 0 3 5 6 7 8 9 10 11 12 13 14 15 16 17 18 19 20 21 22 25 27 28 29 30 31 33 34 36 38 39 42 43 44 45 46 47 48 49 50 51 52 53 55 57 58 59 60 61 62 63 64 65 67 68 69 70 71 75 76 78 81 84 88 89 94 97 99
145 68 : 0 1 2 3 5 6 7 8 9 10 11 13 18 21 23 24 25 26 27 28 29 33 35 37 38 39 40 41 42 44 46 47 48 49 51 52 54 56 60 62 63 65 67 68 69 71 72 73 74 75 76 77 78 79 81 82 83 84 85 87 89 90 91 93 96 97 98 99
146 67 : 1 2 3 4 6 7 8 10 11 13 14 16 17 18 19 22 27 28 29 31 32 33 34 35 36 37 38 39 40 41 42 44 48 49 52 53 54 55 58 61 62 64 65 66 67 68 69 70 71 72 73 74 75 76 79 80 82 83 84 85 86 88 92 96 97 98 99
147 68 : 3 4 5 6 7 8 9 11 12 13 14 15 18 20 22 23 24 26 27 28 29 31 32 33 34 35 36 37 38 39 41 43 44 47 48 50 52 54 55 56 57 58 59 60 62 68 69 72 74 75 76 78 79 81 82 83 84 85 86 88 90 92 94 95 96 97 98 99
148 64 : 0 2 4 5 6 7 8 9 12 14 15 16 18 19 20 21 22 24 25 27 28 29 30 31 32 35 37 40 42 43 45 46 47 49 51 52 53 54 56 61 62 65 66 68 72 73 75 77 78 79 80 84 85 87 89 91 92 93 94 95 96 97 98 99
149 68 : 0 1 3 7 8 11 12 16 17 18 20 22 23 24 25 26 27 29 30 31 32 34 36 37 38 40 41 42 43 45 46 47 48 49 50 51 52 54 55 58 59 60 62 64 65 66 67 68 69 72 73 75 76 81 82 83 84 87 89 90 91 92 94 95 96 97 98 99
150 68 : 1 2 3 4 5 7 8 9 10 11 12 13 14 15 16 17 18 19 20 23 24 25 26 29 38 39 40 43 44 46 49 52 54 56 57 58 61 62 63 65 66 67 68 69 70 71 72 73 74 75 77 78 79 81 82 83 85 86 87 89 90 92 93 95 96 97 98 99
151 68 : 0 1 3 5 6 7 10 12 13 14 16 17 18 19 20 21 22 23 27 28 31 33 36 37 38 40 41 43 45 46 47 48 49 50 51 53 58 59 60 61 62 63 64 65 66 67 68 70 72 73 74 75 77 79 80 82 84 85 86 87 89 91 92 93 94 95 97 98
152 62 : 0 2 5 6 8 9 11 12 16 18 19 20 22 25 26 27 28 29 31 32 34 35 37 38 39 42 43 44 45 46 47 48 49 50 55 56 57 58 60 61 62 63 68 71 72 73 75 77 78 79 80 81 82 83 87 88 89 92 93 95 97 99
153 68 : 0 1 2 6 7 10 12 13 14 15 16 17 18 19 21 22 23 25 27 28 29 32 33 34 35 36 37 38 39 40 43 44 46 48 49 50 52 54 56 57 59 61 62 63 65 66 67 68 70 72 73 76 78 79 80 81 83 85 86 87 88 91 92 93 96 97 98 99
154 62 : 0 3 4 5 6 8 9 12 13 16 18 21 22 25 27 28 29 30 31 32 33 35 36 37 40 42 43 44 45 46 47 48 49 50 52 54 56 61 62 64 67 68 69 72 73 75 76 78 79 80 83 85 87 89 91 92 93 94 95 97 98 99
155 68 : 1 2 3 4 5 7 8 10 11 13 14 17 18 19 20 22 24 25 26 27 28 30 31 32 33 36 37 38 39 40 42 43 44 45 46 48 49 50 56 57 59 61 64 65 67 69 71 72 73 74 75 78 79 80 82 83 85 86 87 89 90 93 94 95 96 97 98 99
156 68 : 1 2 3 5 7 8 11 12 13 15 16 18 19 20 21 22 23 25 26 27 28 30 33 34 35 36 38 39 42 44 45 49 50 53 54 55 60 61 62 63 64 65 66 67 68 69 70 72 74 75 76 77 78 79 82 84 85 87 88 89 90 91 92 94 95 96 97 98
157 68 : 0 2 3 5 6 7 8 9 11 14 15 16 18 19 20 22 23 24 25 26 27 28 29 30 31 33 34 35 36 37 38 39 42 43 46 47 48 49 52 54 55 57 58 59 60 61 64 66 70 71 72 74 75 79 81 82 83 84 86 87 88 89 90 92 95 96 97 99
158 68 : 0 2 3 4 6 7 9 11 13 14 15 18 19 21 22 24 25 27 28 29 30 31 32 33 35 37 40 41 42 45 47 48 49 52 53 54 55 56 58 61 64 66 67 68 69 70 71 72 74 76 77 78 79 81 82 83 85 87 88 89 90 91 92 93 95 96 98 99
159 68 : 0 1 2 6 7 9 10 12 13 14 15 18 19 22 25 26 28 29 30 31 32 33 36 37 38 39 40 41 42 44 45 47 48 50 51 52 55 56 57 58 59 60 62 64 66 67 69 71 72 73 74 76 77 78 80 81 82 83 85 87 88 89 90 91 92 96 97 99
160 68 : 0 1 2 4 5 6 7 8 13 14 15 16 17 18 20 21 22 23 24 26 27 28 29 31 32 33 34 36 37 39 40 42 45 46 47 49 50 53 54 55 56 59 60 61 62 63 64 65 68 69 70 71 72 73 74 75 76 78 79 80 81 85 89 91 92 94 95 98
161 68 : 1 5 6 8 9 10 15 16 18 19 21 23 24 25 27 28 29 31 32 33 34 36 37 39 40 41 42 43 45 46 47 49 51 53 54 56 57 59 60 61 62 64 65 66 67 68 69 72 74 75 76 77 78 79 80 82 83 86 87 88 90 92 94 95 96 97 98 99
162 68 : 0 3 4 5 6 7 9 10 11 12 13 15 18 19 21 22 23 26 28 30 34 35 36 39 42 45 46 48 49 50 51 53 54 55 56 57 59 60 61 62 64 65 66 67 69 70 71 72 73 74 76 77 78 80 81 82 83 84 85 87 89 92 93 94 95 96 97 99
163 68 : 0 3 7 8 9 10 11 13 14 15 16 17 19 20 21 22 23 25 27 28 29 32 33 34 35 36 38 40 41 44 47 48 49 50 51 52 53 54 55 56 57 58 59 61 62 64 66 67 68 70 71 76 77 78 81 84 85 86 87 88 90 91 92 93 95 96 97 98
164 68 : 0 1 2 3 5 6 8 9 12 13 14 15 17 19 20 21 24 25 27 29 32 33 34 35 36 37 38 42 43 45 46 47 49 50 51 54 55 56 57 58 59 61 62 63 64 65 67 68 69 70 71 72 73 74 75 77 79 83 84 85 87 90 92 93 94 95 96 97
165 64 : 0 1 4 5 6 7 8 9 10 13 15 16 18 21 22 24 25 26 27 28 29 30 31 32 35 39 41 42 43 44 45 46 48 49 52 53 54 55 56 59 60 61 62 63 66 67 68 71 72 73 75 76 78 79 80 81 87 88 91 93 94 95 96 97
166 68 : 0 1 2 5 7 8 9 11 12 13 14 15 17 18 20 22 23 24 27 29 30 32 33 34 35 37 38 39 40 42 43 44 45 46 47 49 50 51 52 54 56 57 61 62 63 65 66 68 70 71 72 73 75 77 78 80 81 83 84 86 87 88 89 90 93 94 96 97
167 68 : 0 2 3 5 6 8 9 10 11 12 14 15 16 17 18 19 22 23 24 25 26 27 29 31 32 33 34 35 37 38 40 41 42 43 44 45 46 49 51 54 55 58 59 60 61 63 64 65 66 68 70 71 73 80 81 83 84 85 86 87 88 90 92 93 94 95 97 98
168 63 : 0 1 2 3 4 5 6 8 9 11 12 14 15 18 20 22 24 25 26 27 28 29 31 32 35 38 41 42 43 45 46 48 49 50 53 54 56 57 60 61 62 66 68 69 73 75 76 77 78 79 80 83 84 85 86 87 88 90 93 94 95 97 99
169 63 : 0 2 5 6 7 8 9 11 14 17 18 20 21 22 24 25 27 28 29 30 31 32 35 36 37 38 41 42 43 44 45 46 49 50 53 54 55 56 57 60 61 62 63 64 68 70 72 73 75 76 78 79 80 82 84 86 87 88 92 94 95 97 99
170 68 : 0 1 4 5 7 8 9 10 11 12 13 14 15 16 17 18 19 20 21 22 24 25 26 27 28 29 31 32 35 36 39 42 43 47 49 51 53 55 57 59 60 61 62 65 66 67 68 69 71 72 73 74 75 76 78 79 80 84 85 87 88 89 90 92 96 97 98 99
171 68 : 0 1 2 3 4 5 6 7 8 9 11 13 14 16 17 18 19 20 23 26 27 28 29 30 31 32 33 36 37 38 39 41 42 43 44 45 46 47 51 52 54 56 58 60 61 62 64 66 68 70 71 72 74 76 77 78 79 85 87 89 90 91 93 94 96 97 98 99
172 68 : 0 3 5 8 9 10 11 15 16 17 18 19 20 21 22 23 24 26 27 28 29 33 34 35 36 39 41 42 43 44 45 47 50 51 55 57 58 59 60 61 62 63 64 66 67 68 69 74 75 76 77 78 79 80 81 82 83 84 85 86 90 91 92 94 96 97 98 99
173 59 : 0 2 3 5 6 7 8 9 11 12 13 17 18 20 22 24 25 27 28 29 31 32 35 38 39 40 42 43 45 46 47 49 51 54 56 58 59 61 62 65 66 67 68 69 72 73 75 78 79 80 84 87 88 91 93 95 96 97 99
174 62 : 0 4 5 6 7 8 9 10 12 13 15 16 17 18 19 22 25 26 27 28 29 31 32 34 35 37 38 41 42 43 44 45 46 47 48 49 53 54 55 56 58 59 61 62 63 66 68 69 72 73 75 76 78 80 82 85 87 90 91 95 97 98
175 68 : 0 2 5 7 8 10 12 13 14 16 17 18 20 21 24 26 27 28 29 30 31 32 33 35 36 37 42 43 44 46 47 48 49 50 52 53 54 55 56 57 58 59 60 61 62 64 65 66 68 69 70 73 76 78 79 80 81 83 85 87 88 90 91 93 96 97 98 99
176 68 : 0 3 4 5 8 9 11 12 15 16 19 20 21 22 24 25 27 28 29 30 31 32 34 35 36 37 38 39 40 41 42 45 46 47 48 49 50 52 54 56 57 58 59 61 63 64 67 68 69 70 71 73 75 77 78 79 81 82 83 85 86 87 89 90 92 94 95 96
177 68 : 0 1 3 6 7 8 9 10 11 15 16 18 20 21 23 25 26 27 28 29 30 32 33 35 36 39 40 41 42 43 44 45 46 47 49 51 52 54 55 56 57 58 59 60 61 64 69 72 73 74 75 77 78 79 80 82 83 86 87 88 89 91 93 94 95 97 98 99
178 63 : 0 3 4 5 6 7 8 9 10 11 13 18 20 22 23 24 25 27 28 29 30 31 32 33 35 36 38 39 41 42 43 44 45 46 47 49 51 52 54 56 59 60 61 62 63 65 67 68 69 73 75 78 79 80 82 83 87 90 91 93 95 97 98
179 67 : 1 2 3 4 5 6 7 8 10 11 12 13 15 16 18 20 22 23 24 25 27 28 29 30 31 32 34 36 37 38 39 41 43 44 49 50 51 53 55 56 57 58 60 61 65 66 68 69 71 72 74 75 77 78 80 81 83 86 87 90 91 93 94 95 96 97 98
180 68 : 1 2 3 5 6 7 8 9 10 12 13 14 15 16 17 19 20 21 22 23 24 25 26 27 28 29 30 31 32 33 34 35 36 37 38 41 42 43 45 47 51 54 55 57 58 62 63 65 68 69 70 71 73 74 77 79 81 84 85 86 90 91 92 93 94 95 97 98
181 68 : 1 3 4 5 6 7 8 9 10 11 12 13 14 15 19 20 22 23 24 25 26 27 28 29 31 32 33 34 35 38 40 41 42 43 46 47 49 51 52 55 56 57 58 59 61 64 65 66 67 68 69 71 73 75 76 78 79 80 83 84 85 87 88 92 95 97 98 99
182 68 : 1 3 4 7 8 9 10 12 13 14 15 16 18 20 21 23 24 25 27 28 29 31 32 34 37 39 40 41 43 44 45 48 49 50 51 52 53 54 55 57 58 59 60 61 62 63 64 67 68 70 71 74 75 76 78 81 82 83 84 85 86 88 90 92 95 97 98 99
183 68 : 0 1 2 4 5 6 7 8 9 10 12 13 17 18 19 20 22 25 27 29 30 31 32 34 35 37 38 39 41 42 43 44 45 46 47 48 49 51 52 53 55 58 61 62 66 67 68 70 71 72 73 74 76 77 80 81 82 85 86 88 90 91 93 94 95 97 98 99
184 68 : 0 1 4 5 6 7 9 10 11 12 14 17 18 19 22 23 25 27 28 29 30 31 32 33 34 36 37 39 40 41 42 43 44 46 48 49 50 52 53 54 56 58 59 61 63 65 67 68 69 71 72 74 76 79 80 81 82 83 84 85 86 87 90 93 94 95 98 99
185 68 : 0 1 4 5 6 7 9 10 11 12 13 14 17 19 21 22 23 24 25 26 27 30 31 33 34 35 38 40 41 43 44 46 48 49 50 51 52 53 56 59 60 61 62 63 64 65 67 68 74 76 77 78 79 80 81 82 83 86 87 89 90 91 92 93 94 95 97 99
186 68 : 0 1 2 3 4 5 6 7 8 11 12 13 15 16 18 19 20 22 24 26 27 29 30 31 32 34 36 37 38 42 43 44 47 49 50 51 53 54 56 59 60 61 62 63 65 66 67 70 71 72 73 75 76 77 78 79 80 81 87 88 89 90 91 92 93 95 96 97
187 68 : 0 1 3 4 5 6 8 9 12 13 14 15 17 18 19 20 21 22 23 24 25 26 29 31 34 35 38 39 40 41 42 45 46 48 49 50 51 52 54 55 56 58 60 61 63 65 66 67 68 70 71 72 73 76 78 79 80 81 82 83 84 88 89 91 92 95 97 98
188 68 : 2 3 5 6 8 9 10 12 13 14 16 18 19 21 22 23 25 26 27 28 29 30 31 33 36 39 40 43 45 47 48 49 50 51 53 54 55 57 58 59 60 62 63 65 66 67 68 69 70 72 73 74 77 78 80 81 82 84 85 86 87 88 89 90 94 96 97 98
189 68 : 2 3 5 6 8 9 11 12 13 14 15 16 17 18 19 20 21 25 26 27 28 29 32 33 34 35 36 38 40 41 42 43 44 46 47 48 49 50 51 52 53 54 55 56 58 60 62 63 64 65 69 70 71 72 73 79 80 81 86 87 89 91 93 94 95 97 98 99
190 62 : 0 1 4 5 6 8 9 11 14 18 22 23 24 25 27 28 29 30 31 32 33 34 35 36 40 42 43 45 46 48 49 50 52 54 56 57 59 60 61 62 63 67 68 69 70 72 73 75 76 77 78 79 80 85 87 91 92 93 95 96 97 98
191 68 : 1 3 5 7 8 9 12 13 14 15 16 17 18 20 21 22 23 24 25 27 28 29 30 31 34 35 38 41 42 43 44 45 46 48 49 50 51 53 54 55 57 58 59 61 62 63 64 67 68 69 70 73 74 75 76 77 78 80 81 82 84 85 89 90 91 93 97 99
192 68 : 0 1 2 3 5 9 10 11 16 19 21 22 23 24 25 26 27 28 29 31 32 33 35 36 37 38 39 45 46 47 48 49 51 52 53 56 59 60 61 62 64 65 66 67 68 69 71 72 73 74 75 79 80 81 83 84 86 87 88 89 90 91 93 94 95 96 97 98
193 68 : 0 2 3 4 5 6 7 8 9 10 12 13 15 19 20 21 22 24 25 27 28 29 30 31 33 34 35 36 38 39 42 43 44 45 46 48 49 51 53 54 55 56 57 59 60 61 62 63 65 66 68 69 73 74 75 76 78 80 87 90 91 93 94 95 96 97 98 99
194 68 : 1 2 5 6 7 8 9 10 11 13 14 15 16 17 18 20 21 25 26 27 28 29 30 32 34 35 36 38 39 40 43 46 49 50 51 52 53 54 55 56 58 60 61 62 64 67 68 69 71 73 74 75 77 78 80 81 82 85 86 87 88 89 90 92 93 96 98 99
195 69 : 0 1 2 3 5 6 7 10 12 13 14 15 16 17 19 20 21 22 24 25 26 28 29 31 33 34 35 36 37 38 39 40 42 43 45 46 47 49 51 52 53 54 55 56 57 58 61 63 64 65 66 68 71 72 75 76 77 80 81 83 85 86 87 89 90 93 95 97 98
196 68 : 0 2 3 6 7 8 9 10 11 13 14 15 16 17 18 19 22 23 24 25 26 28 29 31 32 33 35 36 37 38 39 40 42 43 44 45 46 50 54 56 59 60 61 64 65 66 67 68 69 71 72 74 75 76 78 79 80 82 85 86 87 88 91 92 94 96 97 99
197 68 : 2 4 5 6 7 8 10 12 13 14 15 16 18 19 20 22 24 25 26 27 28 29 30 32 33 34 35 37 40 41 43 46 47 49 50 51 52 54 55 57 58 59 60 61 62 63 65 67 69 70 73 74 75 76 77 78 79 82 83 85 86 87 89 92 94 95 97 98
198 68 : 0 2 3 4 5 8 9 12 15 16 17 18 19 20 21 22 23 25 27 28 29 30 31 32 34 36 37 39 42 43 44 45 46 47 48 49 50 51 53 54 55 56 57 58 59 60 61 62 64 65 67 68 70 72 73 77 79 80 81 85 89 90 91 92 93 94 96 97
199 68 : 0 2 4 5 6 7 8 11 12 13 15 16 17 18 19 21 22 24 25 27 28 29 31 32 34 36 38 41 42 45 47 48 49 50 51 52 53 54 55 56 57 61 62 63 64 65 66 68 69 70 72 73 74 77 78 80 81 83 85 86 88 89 91 92 94 95 97 99
