N C E M
200 267 19900 9950
Opt_part_L_size, Opt_part_R_size, Opt_number_of_colors
22 178 63
N of L changes = 14
Min number of labels in a vertice, Max number of labels in a vertice
66 85
Solution Set
248(25) 14(25) 31(25) 137(25) 161(25) 162(25) 57(26) 64(26) 68(26) 82(26) 93(26) 95(26) 111(26) 157(26) 119(68) 201(73) 259(76) 88(77) 218(78) 128(79) 73(80) 63(80) 103(82) 44(82) 16(82) 129(84) 135(84) 50(84) 232(84) 36(85) 66(86) 204(86) 86(86) 47(87) 74(87) 144(88) 158(88) 148(88) 254(88) 251(89) 167(91) 105(92) 11(92) 194(92) 110(92) 39(92) 124(93) 221(94) 149(95) 206(95) 197(96) 9(98) 94(98) 117(98) 151(99) 153(99) 108(99) 101(100) 238(101) 62(104) 266(106) 191(106) 25(116) 
Number of edges by Color (l n)
0 25 116
1 191 106
2 266 106
3 62 104
4 238 101
5 101 100
6 108 99
7 151 99
8 153 99
9 9 98
10 94 98
11 117 98
12 197 96
13 149 95
14 206 95
15 221 94
16 124 93
17 11 92
18 39 92
19 105 92
20 110 92
21 194 92
22 167 91
23 251 89
24 144 88
25 148 88
26 158 88
27 254 88
28 47 87
29 74 87
30 66 86
31 86 86
32 204 86
33 36 85
34 50 84
35 129 84
36 135 84
37 232 84
38 16 82
39 44 82
40 103 82
41 63 80
42 73 80
43 128 79
44 218 78
45 88 77
46 259 76
47 201 73
48 119 68
49 1 28
50 20 28
51 21 27
52 23 27
53 33 27
54 37 27
55 49 27
56 55 27
57 56 27
58 61 27
59 65 27
60 123 27
61 131 27
62 174 27
63 183 27
64 192 27
65 200 27
66 203 27
67 208 27
68 228 27
69 242 27
70 264 27
71 0 26
72 2 26
73 5 26
74 6 26
75 10 26
76 12 26
77 13 26
78 15 26
79 24 26
80 26 26
81 27 26
82 28 26
83 32 26
84 34 26
85 38 26
86 43 26
87 46 26
88 48 26
89 53 26
90 57 26
91 59 26
92 60 26
93 64 26
94 67 26
95 68 26
96 70 26
97 71 26
98 76 26
99 80 26
100 81 26
101 82 26
102 83 26
103 87 26
104 93 26
105 95 26
106 96 26
107 97 26
108 98 26
109 100 26
110 107 26
111 111 26
112 112 26
113 114 26
114 115 26
115 118 26
116 120 26
117 121 26
118 127 26
119 142 26
120 152 26
121 155 26
122 157 26
123 163 26
124 170 26
125 173 26
126 175 26
127 184 26
128 185 26
129 187 26
130 196 26
131 207 26
132 209 26
133 212 26
134 217 26
135 227 26
136 239 26
137 249 26
138 252 26
139 256 26
140 260 26
141 3 25
142 4 25
143 7 25
144 8 25
145 14 25
146 17 25
147 18 25
148 19 25
149 22 25
150 29 25
151 30 25
152 31 25
153 35 25
154 40 25
155 41 25
156 42 25
157 45 25
158 51 25
159 52 25
160 54 25
161 58 25
162 69 25
163 72 25
164 75 25
165 77 25
166 78 25
167 79 25
168 84 25
169 85 25
170 89 25
171 90 25
172 91 25
173 92 25
174 99 25
175 102 25
176 104 25
177 106 25
178 109 25
179 113 25
180 116 25
181 122 25
182 125 25
183 126 25
184 130 25
185 132 25
186 133 25
187 134 25
188 136 25
189 137 25
190 138 25
191 139 25
192 140 25
193 141 25
194 143 25
195 145 25
196 146 25
197 147 25
198 150 25
199 154 25
200 156 25
201 159 25
202 160 25
203 161 25
204 162 25
205 164 25
206 165 25
207 168 25
208 171 25
209 177 25
210 178 25
211 179 25
212 180 25
213 181 25
214 186 25
215 188 25
216 189 25
217 190 25
218 193 25
219 195 25
220 198 25
221 199 25
222 202 25
223 205 25
224 211 25
225 213 25
226 214 25
227 215 25
228 216 25
229 219 25
230 220 25
231 222 25
232 224 25
233 229 25
234 231 25
235 233 25
236 234 25
237 235 25
238 236 25
239 237 25
240 241 25
241 243 25
242 244 25
243 245 25
244 246 25
245 247 25
246 248 25
247 253 25
248 255 25
249 257 25
250 261 25
251 262 25
252 166 24
253 169 24
254 172 24
255 176 24
256 182 24
257 210 24
258 223 24
259 225 24
260 226 24
261 230 24
262 240 24
263 250 24
264 258 24
265 263 24
266 265 24
Label List by vertices (vertice Id, Number of labels : set of labels
0 83 : 0 3 7 12 23 26 28 37 39 40 41 50 52 55 59 62 66 70 74 81 83 86 87 93 94 95 97 103 105 108 110 111 114 115 120 124 125 128 130 131 134 135 137 139 146 148 150 153 159 169 177 179 180 188 191 192 194 197 198 199 202 206 209 215 221 222 224 228 229 231 232 236 238 240 243 246 248 252 253 256 259 261 265
1 83 : 2 9 13 16 20 23 25 26 29 32 39 41 44 45 50 54 55 57 58 60 61 68 71 73 74 80 86 92 99 100 101 105 107 111 113 118 119 121 124 126 128 129 138 140 148 150 151 152 153 158 159 161 163 172 174 178 179 180 181 185 187 191 192 197 202 206 211 213 215 218 225 227 234 236 246 247 252 253 256 258 259 260 266
2 83 : 1 2 3 6 7 13 19 22 25 34 35 39 40 47 50 51 55 58 61 62 64 65 66 67 70 72 74 75 80 82 84 86 87 95 97 99 100 104 108 119 125 128 135 137 143 144 147 148 149 150 164 170 174 184 186 189 191 193 194 197 198 200 201 202 203 205 210 211 216 221 223 225 226 232 242 244 246 249 252 254 256 260 261
3 83 : 1 6 10 11 12 23 25 30 34 36 38 39 47 48 55 59 63 64 69 70 71 72 73 74 75 77 79 80 88 90 95 98 99 103 108 116 117 119 124 128 129 133 141 148 149 155 156 157 158 162 171 172 179 180 190 193 194 196 198 205 206 209 211 217 221 226 227 232 233 237 238 244 245 246 247 251 253 254 259 260 262 263 264
4 83 : 1 4 7 10 11 12 16 21 25 29 30 35 36 44 47 49 50 51 54 57 58 61 62 67 71 72 77 83 86 87 89 90 91 93 96 99 102 103 104 107 117 128 131 133 134 135 139 144 147 149 151 152 155 158 160 165 168 170 173 177 181 184 186 189 194 196 197 198 205 206 214 218 221 224 239 240 245 251 254 256 257 259 261
5 67 : 3 9 11 16 17 25 36 39 41 44 47 50 56 58 62 63 64 66 73 74 85 86 88 94 101 103 105 108 110 117 119 124 129 135 137 140 142 143 148 149 151 153 158 167 188 191 194 196 197 198 200 201 204 206 207 215 218 222 232 238 239 246 251 254 255 259 266
6 83 : 0 4 9 10 11 14 16 19 21 22 24 32 35 36 37 38 39 43 45 49 53 55 57 58 60 63 65 66 71 73 77 78 79 80 83 84 88 94 101 103 105 108 109 111 112 116 118 121 130 135 137 139 144 148 149 151 153 162 164 165 172 176 181 194 196 197 204 205 206 208 210 212 213 217 218 232 234 237 238 245 247 256 262
7 68 : 9 11 16 25 26 29 36 39 40 44 47 48 50 52 54 56 57 61 62 63 66 68 69 73 74 84 86 88 94 101 103 105 108 110 117 119 124 128 129 135 144 148 149 151 153 158 162 163 167 191 194 197 201 204 206 212 218 221 232 240 251 253 254 255 259 260 261 266
8 83 : 0 5 9 11 14 26 27 31 34 39 42 46 52 55 56 57 60 62 63 64 65 66 68 71 73 74 76 81 82 86 88 90 91 94 103 104 105 110 112 118 120 121 122 127 130 135 136 143 146 149 151 155 158 162 170 172 176 178 183 187 189 191 193 201 204 205 206 208 210 211 215 218 221 225 239 241 245 246 248 259 260 261 266
9 83 : 0 1 4 7 9 14 24 25 30 32 36 37 38 39 41 44 45 47 57 61 64 68 72 73 74 75 76 77 85 93 95 103 104 107 110 112 113 114 116 117 122 125 134 137 138 144 145 149 152 153 154 157 158 162 171 173 178 182 187 193 195 197 201 204 207 211 217 219 221 222 228 230 232 234 236 238 245 246 257 259 261 264 266
10 83 : 5 13 16 17 21 27 28 32 36 43 50 51 63 66 70 72 77 83 86 90 93 99 100 102 106 107 108 109 117 119 121 125 129 131 134 135 136 137 138 139 140 141 142 148 149 151 154 157 164 168 169 171 174 177 182 185 191 196 197 198 199 200 204 206 210 212 213 220 221 222 225 226 227 234 238 239 242 249 253 254 258 264 265
11 83 : 7 9 10 11 26 30 33 34 35 36 38 39 41 44 48 50 51 54 58 61 62 67 74 84 86 87 88 89 98 101 103 105 107 110 114 120 124 129 133 137 141 144 148 150 153 157 158 165 170 171 176 178 181 182 189 190 192 195 200 201 202 204 207 212 218 219 221 227 228 237 238 245 247 249 251 253 258 259 260 261 263 264 266
12 83 : 2 9 10 11 16 17 19 20 23 25 34 38 44 54 57 62 63 64 71 73 74 75 77 79 81 82 83 84 86 92 97 100 101 103 109 110 112 113 117 119 123 124 129 139 145 147 149 150 158 159 161 163 167 172 174 177 178 180 181 183 187 189 191 193 194 199 201 204 205 212 217 219 220 221 222 224 226 228 235 236 241 247 256
13 83 : 1 5 6 9 12 13 16 18 20 23 25 35 36 38 45 49 50 54 59 61 62 63 65 67 72 73 74 81 83 87 88 89 90 94 95 100 101 105 108 110 113 116 117 119 126 127 129 130 138 139 140 141 144 146 153 159 162 164 179 182 184 188 190 193 194 195 200 201 205 212 213 214 215 217 225 230 235 236 246 247 251 259 263
14 69 : 9 11 15 16 19 20 23 25 27 33 36 39 44 47 50 57 62 63 66 70 73 74 86 88 94 101 103 105 108 110 117 119 120 122 124 128 130 135 143 144 148 149 151 153 158 162 167 170 174 188 191 194 197 201 203 204 206 212 218 221 227 232 238 248 251 254 259 265 266
15 83 : 0 1 4 7 13 14 18 21 23 24 27 28 33 40 41 44 47 51 52 55 57 59 62 63 66 73 74 83 85 89 90 93 94 97 103 104 108 112 117 124 127 132 133 135 137 140 143 149 151 153 158 164 168 169 176 178 187 189 190 191 194 201 204 208 213 221 224 226 227 232 234 236 238 239 243 244 247 249 252 258 259 260 266
16 71 : 9 11 16 25 27 36 37 39 44 47 50 59 62 63 64 66 69 73 74 86 88 94 98 101 103 105 108 110 111 114 117 119 124 125 128 129 135 143 144 148 149 151 152 153 158 162 167 170 171 181 182 183 191 194 197 201 204 206 218 221 227 230 232 238 239 251 254 257 258 259 266
17 85 : 2 8 9 18 20 21 22 23 25 30 32 43 46 48 52 54 55 57 61 62 66 67 68 74 79 82 83 86 87 88 92 93 94 96 101 102 103 104 105 107 113 115 118 119 125 126 132 134 138 140 144 145 149 150 151 153 154 162 167 168 179 181 185 189 190 192 202 204 219 220 226 229 231 232 237 242 244 245 247 250 251 252 253 255 259
18 83 : 1 6 8 9 11 17 23 24 25 29 31 36 39 42 45 48 51 54 62 67 70 75 78 87 90 94 97 98 101 103 104 107 109 112 114 119 120 124 136 137 138 142 143 144 145 151 156 157 158 168 171 174 175 179 180 184 186 188 190 191 194 196 197 199 203 208 209 211 213 220 221 224 226 235 236 237 239 241 255 256 259 260 266
19 84 : 0 1 2 5 6 7 11 15 27 31 36 39 42 45 53 54 55 57 60 62 63 64 65 66 68 69 72 81 82 88 90 92 93 95 97 102 106 107 111 112 113 114 117 125 128 129 131 133 140 144 145 148 149 153 159 163 164 169 171 174 175 179 181 187 190 195 197 201 204 207 210 216 221 228 231 232 234 236 238 240 244 250 254 259
20 83 : 4 7 10 18 20 23 26 27 29 33 36 37 38 40 44 50 51 55 58 62 63 69 73 75 82 86 90 91 92 93 95 96 97 99 100 101 105 106 109 111 113 117 118 131 132 134 139 140 145 149 151 160 162 163 164 167 171 174 178 179 180 183 191 193 194 196 197 199 204 206 213 215 217 221 222 223 228 230 247 254 258 259 260
21 83 : 0 5 8 16 18 23 25 26 30 33 39 40 45 51 53 55 59 60 61 66 70 71 74 81 82 85 88 90 91 93 98 100 108 113 114 120 129 130 133 135 140 148 151 153 161 163 164 165 166 167 169 178 181 184 185 186 187 191 193 194 196 197 198 200 203 205 206 207 212 215 218 220 225 229 235 238 242 247 249 255 259 260 261
22 83 : 11 12 16 19 21 22 23 25 30 32 33 34 38 39 46 47 50 52 55 56 63 66 68 70 73 74 76 82 85 88 89 93 102 103 107 109 113 116 119 120 124 130 140 145 151 155 159 161 162 167 168 170 171 174 186 196 197 198 200 201 205 206 210 213 215 216 221 222 223 224 229 232 234 236 238 243 244 255 256 257 258 259 265
23 83 : 8 9 10 16 22 24 30 32 33 34 36 39 43 49 55 56 59 70 74 79 80 81 83 88 91 99 101 103 105 107 108 110 114 117 128 130 131 134 135 138 144 148 149 150 153 154 157 158 163 164 167 170 171 172 177 178 179 183 185 186 187 192 197 198 203 204 211 213 216 217 218 225 227 233 238 239 240 242 249 250 253 254 255
24 83 : 9 11 14 15 17 20 21 23 25 28 35 36 38 39 42 43 45 50 53 57 59 63 68 78 83 84 88 89 97 100 103 104 106 108 110 112 115 116 119 120 122 124 127 129 131 133 134 135 136 137 139 145 147 156 158 159 162 164 167 171 173 193 194 200 203 204 205 207 208 209 210 213 217 221 227 230 231 234 236 244 246 249 251
25 83 : 8 9 12 14 16 18 19 27 30 31 33 34 35 36 38 42 44 47 48 52 55 56 59 60 63 67 69 74 75 76 78 81 91 94 99 101 102 106 108 119 133 134 135 140 141 143 144 149 150 151 152 155 158 160 169 171 174 175 178 179 183 187 190 191 194 196 200 207 217 222 226 234 235 238 240 241 244 250 251 252 259 261 266
26 83 : 3 6 7 9 11 14 20 29 30 31 34 37 39 41 45 47 52 55 59 61 66 74 77 81 83 84 91 92 94 95 96 98 101 103 104 105 106 107 108 113 115 117 125 129 139 144 148 153 157 160 166 167 168 176 186 191 195 197 200 201 202 204 207 208 210 212 213 215 218 219 223 229 230 236 238 240 241 246 249 254 259 261 265
27 84 : 4 8 13 16 27 29 31 39 46 47 49 51 55 61 63 64 73 74 76 82 83 85 87 88 92 93 99 100 101 104 105 108 110 117 119 120 122 124 128 129 137 144 151 152 153 155 160 162 165 166 167 171 172 175 178 184 186 187 188 191 194 197 200 203 206 209 216 217 219 221 222 223 226 231 236 244 246 248 249 251 252 261 262 265
28 83 : 2 3 6 7 8 9 21 24 25 35 38 43 44 48 50 51 53 55 57 63 67 74 76 77 82 85 86 88 89 94 96 98 99 100 103 105 107 113 120 121 122 125 126 129 130 133 134 135 143 144 147 149 153 155 165 167 170 171 181 185 188 189 190 194 195 198 205 206 215 218 226 229 232 233 238 242 244 249 252 253 259 260 261
29 83 : 2 6 11 14 16 18 20 23 25 26 31 36 40 50 55 57 58 59 64 65 66 70 71 73 74 77 80 82 83 93 95 103 105 108 111 113 117 118 120 122 124 126 131 134 135 139 142 144 148 151 153 155 162 163 165 169 170 172 174 181 182 183 185 186 188 190 194 197 199 203 204 206 218 220 225 229 230 233 239 241 260 265 266
30 83 : 2 4 6 7 11 12 13 16 19 25 27 29 34 39 40 44 48 49 50 55 56 57 61 62 66 67 73 75 77 78 80 81 91 97 99 101 106 112 115 116 117 121 123 124 125 128 129 130 132 133 134 136 147 151 152 153 155 156 159 165 169 175 180 192 194 197 204 207 211 212 216 218 219 220 222 231 232 233 241 258 259 262 264
31 83 : 1 3 7 8 9 10 11 12 14 19 20 25 28 29 31 32 35 37 38 44 45 47 56 60 61 64 69 73 75 90 92 93 94 99 101 103 105 109 112 115 116 119 126 129 131 135 140 141 142 148 149 151 156 158 161 167 169 174 176 188 190 191 192 193 194 195 199 203 204 211 212 221 233 235 238 242 243 245 254 258 259 264 266
32 71 : 5 9 11 14 16 25 26 36 39 44 45 47 50 52 62 63 66 73 74 78 86 88 89 92 94 95 100 101 103 105 108 110 111 117 119 122 124 128 129 135 142 144 148 149 151 152 153 158 159 167 168 173 183 190 191 194 197 201 204 206 218 221 232 238 248 251 253 254 259 261 266
33 67 : 9 11 16 17 23 25 26 36 39 44 47 48 50 62 63 66 74 81 86 87 93 94 95 96 101 103 105 108 109 110 112 117 118 119 127 128 129 131 135 144 148 149 151 153 158 160 167 171 191 194 197 201 204 206 207 209 211 218 220 221 232 238 248 251 254 259 266
34 83 : 1 8 13 14 16 19 21 22 34 36 37 39 40 48 49 58 60 62 68 73 74 76 77 82 83 85 88 91 93 94 102 103 105 110 120 121 125 126 129 133 135 136 137 152 158 163 176 177 178 181 187 191 192 193 194 195 198 200 202 205 207 210 211 212 213 214 232 234 235 236 237 238 239 240 241 243 244 245 248 249 250 251 262
35 82 : 2 4 5 7 13 14 18 21 22 26 28 31 33 39 42 43 45 47 52 57 62 66 68 70 72 73 78 83 84 85 86 89 90 92 94 95 96 97 99 100 101 102 104 110 115 117 127 129 136 141 142 151 153 155 158 160 163 164 165 167 168 187 199 201 206 216 218 221 232 234 238 241 242 243 247 251 252 254 257 261 263 266
36 83 : 2 4 5 9 11 12 13 15 16 18 23 25 32 33 36 37 39 44 47 48 55 56 60 62 66 71 74 75 76 83 84 86 92 93 98 99 101 105 106 108 109 111 114 115 120 123 125 129 131 137 141 142 147 149 152 155 156 161 165 166 167 168 176 177 182 186 190 193 194 219 220 221 223 224 225 230 232 238 248 252 259 262 264
37 83 : 0 3 9 11 15 16 21 27 31 39 44 47 49 50 51 57 58 62 63 66 68 69 71 73 77 79 85 88 93 101 103 105 106 107 110 115 117 119 123 131 134 137 138 140 141 142 146 149 150 151 157 158 159 160 161 164 166 172 175 179 180 187 189 190 192 194 196 202 204 208 215 217 218 221 225 231 239 251 256 257 260 263 266
38 68 : 8 9 11 16 17 25 26 36 39 44 47 50 62 63 66 73 74 86 88 94 95 101 103 104 105 106 108 110 111 117 119 124 128 129 130 132 135 136 144 148 149 151 152 153 158 167 181 190 191 194 197 201 204 206 208 214 218 220 221 232 238 239 246 251 254 258 259 266
39 83 : 0 3 6 9 17 20 21 29 32 35 36 41 44 47 48 49 50 54 56 59 60 61 62 66 67 83 86 90 92 93 98 100 101 103 104 105 106 108 110 112 114 117 127 129 130 131 134 137 138 143 153 154 157 160 165 170 175 178 182 185 189 190 194 197 204 218 220 221 224 225 228 232 234 235 237 238 246 248 261 263 264 265 266
40 83 : 0 3 11 12 13 15 20 23 26 27 29 30 31 37 39 42 45 51 60 61 62 63 65 67 68 69 70 72 73 74 76 82 94 100 101 103 104 105 106 107 108 109 113 119 122 124 129 133 139 143 144 147 148 151 152 153 155 166 167 170 173 176 177 187 188 193 194 196 197 200 201 205 208 210 214 218 224 233 238 249 253 256 266
41 83 : 0 1 3 5 11 16 26 33 36 43 47 48 53 55 63 64 66 73 74 76 82 85 86 88 96 97 99 101 108 109 114 115 117 119 120 130 132 134 139 140 145 147 148 149 151 153 154 155 158 160 165 171 172 173 175 179 180 185 187 190 200 201 202 204 216 217 218 221 222 223 225 226 227 229 230 231 237 245 250 252 258 260 264
42 66 : 9 11 16 17 19 25 32 36 39 43 44 47 51 62 66 68 72 73 86 88 94 98 101 103 105 108 109 110 117 119 124 128 129 135 137 140 143 144 146 148 149 151 153 157 159 167 168 173 191 194 195 197 201 203 204 206 208 209 221 232 238 251 254 256 259 266
43 83 : 1 3 5 8 10 12 13 16 20 25 33 34 35 36 39 40 44 51 53 57 58 59 62 66 67 71 74 77 79 81 86 89 90 92 101 103 114 115 117 121 123 124 126 129 130 131 134 137 141 144 151 153 155 156 158 162 163 164 166 173 180 182 183 189 205 206 215 216 223 231 232 233 234 236 237 239 240 244 245 248 249 264 265
44 83 : 2 5 8 10 12 18 24 25 27 39 40 44 45 51 57 60 61 62 63 64 67 68 73 76 77 81 83 85 88 91 93 94 98 99 101 102 105 106 111 113 115 117 118 126 127 129 131 132 135 137 138 140 147 148 151 156 157 159 161 164 167 183 188 191 201 205 216 221 228 229 230 235 239 242 244 245 247 251 255 258 261 263 265
45 83 : 0 11 13 16 29 31 32 34 41 44 46 50 51 54 56 59 62 66 68 72 73 74 79 81 89 92 94 96 99 102 105 108 110 113 114 115 117 121 122 127 132 136 140 141 142 143 148 149 153 154 157 158 162 167 171 174 175 181 183 185 186 187 196 197 199 201 205 213 214 217 218 219 221 223 226 233 237 238 239 250 251 254 256
46 83 : 1 2 7 11 31 34 36 39 44 46 51 53 57 58 61 62 65 68 69 72 77 79 82 85 86 88 90 93 96 102 105 109 114 116 117 119 124 127 129 135 136 141 142 145 146 148 149 151 153 156 159 162 164 172 175 179 182 189 198 200 204 205 213 214 216 218 222 226 228 229 235 237 238 242 244 247 248 252 254 256 259 261 266
47 83 : 8 12 15 16 19 20 24 25 28 30 35 36 39 42 44 47 50 52 54 55 60 62 63 65 71 73 74 82 85 86 89 91 94 99 101 103 104 105 112 113 114 116 118 127 128 131 145 147 151 152 157 160 165 166 168 169 189 193 196 197 198 200 201 202 204 206 207 208 214 215 216 222 227 230 249 250 251 254 255 259 264 265 266
48 83 : 2 4 5 20 29 32 39 40 42 43 44 46 48 52 55 59 64 66 67 75 84 85 88 91 92 94 101 106 110 113 114 116 119 121 122 126 127 128 129 135 142 143 144 145 146 149 152 153 154 157 160 161 163 166 168 174 175 179 183 185 191 193 197 203 204 206 207 209 217 223 224 225 226 232 233 238 239 241 250 252 254 261 262
49 71 : 9 11 16 19 20 25 36 38 39 44 47 50 55 57 62 63 66 71 73 74 86 88 94 96 101 103 105 108 110 114 117 119 123 124 126 128 129 135 142 144 145 148 149 151 153 158 166 167 168 173 183 191 194 197 201 204 206 215 218 221 225 232 234 238 240 246 251 254 255 259 266
50 83 : 0 4 9 16 17 20 23 24 25 27 32 36 42 47 48 50 55 61 62 63 64 65 66 70 71 73 81 85 86 88 89 90 96 99 101 103 104 108 109 110 114 121 122 124 127 128 142 146 151 154 156 157 158 160 161 168 175 180 181 183 186 193 197 201 203 206 208 210 211 217 226 232 234 237 241 243 247 248 252 257 262 264 265
51 83 : 1 2 3 5 8 9 10 11 12 13 16 22 23 25 30 33 38 42 44 47 51 52 53 56 61 66 68 73 74 77 79 86 88 89 90 94 95 102 104 105 106 109 110 112 115 122 123 129 131 132 133 136 139 148 152 153 160 161 165 166 168 173 179 183 188 192 198 200 201 202 205 210 211 217 218 219 228 234 244 246 253 257 259
52 83 : 7 8 9 11 18 23 25 29 30 33 36 38 48 54 55 62 67 70 71 76 79 88 95 97 100 101 102 103 106 107 108 113 114 115 117 119 125 128 132 134 135 138 140 141 144 145 147 148 149 153 154 156 158 163 165 166 167 169 170 183 185 188 192 193 198 200 201 202 203 213 217 218 221 225 228 229 234 237 238 247 256 257 263
53 83 : 0 3 9 12 16 18 19 23 25 26 27 29 31 36 38 47 49 50 52 59 63 64 66 71 75 76 78 82 84 86 88 89 94 97 98 104 106 109 113 117 123 124 128 130 135 140 153 156 158 159 160 162 164 167 169 171 173 175 176 180 184 187 192 201 206 207 212 213 218 219 221 222 231 232 237 238 239 240 244 248 251 260 266
54 83 : 0 1 5 7 9 13 17 21 22 34 35 39 46 47 54 55 56 61 66 70 73 76 77 81 82 83 84 86 90 98 99 102 103 106 108 111 113 114 117 121 123 124 128 130 131 135 141 145 146 147 151 157 158 161 164 168 175 176 177 180 188 191 192 196 204 209 210 212 216 218 224 226 232 233 235 236 239 242 249 251 252 255 256
55 83 : 0 6 11 14 16 21 22 23 27 30 36 47 48 50 51 52 55 58 59 62 69 72 74 83 85 88 92 95 97 101 108 109 112 114 116 117 119 121 124 128 130 137 138 142 145 151 152 155 158 160 163 165 169 170 171 177 180 189 190 191 194 195 197 204 206 207 210 212 219 220 232 236 237 238 239 243 246 250 253 255 257 263 266
56 83 : 1 7 16 21 25 27 28 30 31 32 39 40 46 48 53 56 57 62 63 64 67 71 73 77 78 82 85 88 93 96 97 112 113 116 117 123 126 132 133 135 144 145 150 151 153 156 166 167 169 170 174 178 181 185 191 194 197 201 204 209 214 216 217 219 220 224 229 231 232 233 234 236 240 241 243 248 251 253 257 258 259 261 266
57 83 : 5 7 9 11 12 14 19 21 24 25 26 32 33 36 38 40 41 42 44 50 54 57 58 60 65 69 72 73 79 84 87 88 92 94 96 97 100 102 104 105 107 110 120 127 130 133 141 143 144 145 151 153 154 155 156 158 160 163 166 167 168 170 171 174 186 191 193 194 200 206 207 211 220 239 241 243 250 251 254 258 262 263 264
58 83 : 2 9 10 11 18 24 29 32 33 36 39 44 47 51 58 59 62 63 65 73 76 81 85 91 92 94 97 102 104 110 117 122 123 124 128 132 133 142 145 148 149 150 154 156 158 163 166 167 168 169 177 180 184 188 194 196 197 199 204 205 212 214 217 225 226 227 228 234 235 236 242 243 245 248 249 251 253 255 256 259 263 265 266
59 83 : 1 4 6 8 9 16 17 19 24 25 28 30 36 44 62 63 68 69 71 73 81 82 83 85 86 90 91 93 94 95 99 108 109 110 116 120 128 133 135 136 141 142 144 149 152 155 162 163 167 168 169 170 180 182 185 186 187 190 192 194 195 196 197 201 205 206 213 216 217 219 220 227 230 233 235 237 238 240 243 249 254 264 266
60 83 : 0 1 2 6 7 8 10 11 19 22 25 26 27 28 31 32 33 34 41 42 43 47 49 50 53 54 62 64 65 76 77 79 80 81 82 83 86 92 98 102 105 106 113 115 119 122 124 125 128 133 134 135 137 140 141 144 148 149 153 156 157 162 167 174 180 183 186 189 191 197 200 206 221 226 227 238 240 242 243 247 248 259 264
61 83 : 1 2 3 9 11 12 14 18 21 23 25 28 30 31 32 39 43 44 56 63 71 84 86 87 88 91 92 94 95 99 103 105 106 107 108 110 111 116 117 119 121 137 138 143 144 153 154 156 158 163 165 166 172 173 174 176 181 188 190 192 193 196 197 201 202 204 209 213 214 217 218 220 221 227 237 238 243 248 251 254 256 260 262
62 83 : 3 5 9 12 14 15 16 20 21 22 24 25 28 29 31 39 49 55 56 60 62 66 72 73 74 77 80 83 94 97 102 103 107 117 122 123 124 127 128 129 134 135 144 146 147 150 152 153 155 156 157 160 165 167 169 174 175 177 178 186 189 190 191 194 201 203 206 211 212 216 219 221 222 226 228 231 241 251 253 259 260 263 266
63 83 : 3 4 6 8 9 15 16 19 20 22 25 31 37 39 40 44 54 56 58 70 75 76 77 82 86 88 93 100 103 105 108 110 111 113 116 119 120 121 129 132 141 148 149 151 153 156 157 160 163 164 165 167 174 175 180 187 196 197 198 202 207 208 213 215 216 221 224 226 228 231 232 236 242 246 247 248 251 252 261 262 263 265 266
64 83 : 4 6 10 11 16 20 24 25 28 31 32 36 39 42 47 50 56 58 63 65 68 72 73 78 79 80 88 92 94 101 105 107 113 114 117 118 119 121 129 131 133 134 135 139 143 144 148 152 154 155 158 161 167 168 170 172 175 178 179 180 183 185 193 194 201 204 208 212 213 218 221 223 238 240 241 242 243 245 248 249 259 262 264
65 83 : 2 3 8 9 16 17 25 26 29 37 39 44 52 53 54 57 58 59 61 64 65 66 67 69 70 72 73 78 79 86 88 91 94 97 99 102 103 105 106 107 111 112 116 117 119 122 132 135 142 148 150 152 154 155 157 159 167 170 172 179 180 183 184 188 191 192 204 210 213 216 219 226 229 234 235 240 245 251 254 257 258 259 266
66 83 : 1 7 10 11 12 13 15 23 27 32 33 35 37 40 45 46 49 54 55 59 61 62 63 65 66 68 74 76 85 96 97 99 104 108 112 114 116 117 119 120 123 124 127 128 129 133 139 144 145 147 148 150 151 156 163 164 165 166 168 171 174 187 191 197 198 199 200 203 204 206 214 215 216 221 228 233 244 248 249 250 252 258 262
67 83 : 0 1 2 4 5 6 7 10 11 14 21 23 25 28 32 34 36 39 40 43 44 46 47 52 57 60 61 62 63 66 76 80 89 90 94 98 100 108 116 117 120 123 125 129 131 132 140 141 144 146 148 150 151 156 158 161 165 172 174 176 182 190 192 197 202 204 205 206 209 211 212 213 214 220 228 235 243 249 251 252 253 264 265
68 83 : 0 9 11 12 13 15 24 25 26 28 30 32 33 35 37 38 39 44 48 53 58 59 60 62 64 66 69 74 87 90 95 98 104 115 116 117 122 123 127 136 137 141 143 144 148 153 154 158 161 164 167 168 169 173 180 185 186 187 195 197 202 204 206 208 210 212 217 218 220 222 225 226 228 229 233 236 239 242 243 245 254 260 266
69 83 : 1 3 4 5 9 11 12 13 17 23 24 26 31 35 36 37 45 47 50 53 54 56 57 60 62 63 64 66 68 69 70 71 72 74 76 78 88 89 91 94 96 98 100 101 104 110 113 115 119 125 129 138 144 145 148 153 163 167 169 173 175 178 181 184 196 199 206 210 217 222 232 235 238 243 244 248 252 254 256 257 259 263 266
70 83 : 0 2 3 12 18 21 26 27 29 34 36 40 42 44 46 50 51 56 62 64 68 70 76 79 88 89 90 91 94 102 103 116 117 118 119 121 124 126 128 134 137 138 149 152 153 158 161 162 166 167 172 174 175 177 178 184 185 186 196 198 201 206 210 212 215 216 218 227 229 232 235 238 241 243 244 248 249 255 257 258 263 265 266
71 83 : 0 3 11 12 19 22 23 27 37 38 40 42 43 44 47 48 51 52 56 63 66 71 72 73 75 76 78 79 81 93 96 103 105 108 110 114 115 121 122 124 125 129 130 134 135 137 140 141 144 149 150 151 158 163 165 170 176 181 183 188 190 194 197 198 199 200 206 216 219 220 221 224 234 238 239 244 252 257 258 261 263 264 266
72 84 : 1 11 16 21 23 24 27 28 35 39 41 43 44 46 49 50 55 60 61 62 65 66 71 73 75 78 80 86 90 97 101 102 103 105 106 107 109 110 111 117 119 120 124 126 127 128 132 135 136 143 149 156 165 170 173 182 188 189 191 195 196 200 201 207 208 212 214 221 222 223 225 235 236 237 238 243 247 248 249 251 254 255 257 258
73 70 : 9 11 16 18 20 25 36 39 44 45 46 47 49 50 57 62 63 66 73 74 83 86 88 94 95 101 103 105 108 110 117 119 121 124 126 128 129 135 143 144 146 148 149 151 153 155 157 158 167 174 180 189 191 194 197 200 201 204 206 207 218 221 230 232 238 251 254 259 262 266
74 83 : 1 2 3 7 10 20 23 36 39 41 43 50 52 53 58 60 73 74 82 86 88 94 97 99 101 103 104 105 108 110 112 115 118 122 124 125 129 132 136 138 140 143 144 147 149 151 152 158 159 161 163 165 169 170 173 176 184 191 192 196 197 199 200 202 203 205 206 210 212 214 215 221 224 227 228 230 238 242 243 254 256 261 266
75 83 : 4 11 16 18 25 29 35 37 39 40 41 47 48 49 50 52 53 54 65 67 68 70 74 78 87 88 91 94 97 98 101 109 118 120 122 123 124 125 128 138 141 142 144 146 148 151 153 156 158 164 165 168 176 178 184 186 187 189 190 195 197 198 202 204 206 209 214 218 219 222 223 224 232 234 239 242 243 248 249 251 253 254 261
76 83 : 1 2 6 7 9 10 11 24 25 28 31 36 37 39 43 47 50 51 56 66 70 75 76 79 80 81 84 86 99 100 101 103 105 108 109 110 112 117 122 124 126 130 140 142 143 144 145 147 148 152 154 156 159 167 170 172 175 177 178 183 185 186 189 191 195 197 205 207 213 219 220 221 231 233 234 243 246 250 251 254 258 265 266
77 83 : 1 7 9 15 16 20 21 25 27 29 31 32 36 37 40 43 50 52 53 57 59 62 63 64 69 71 76 77 82 83 86 87 98 102 105 106 108 110 112 117 119 120 121 124 132 133 134 135 144 147 151 153 158 159 170 172 176 186 187 191 194 200 202 204 208 210 212 217 218 226 227 229 236 238 241 243 246 250 252 253 259 260 264
78 83 : 3 5 6 7 8 9 14 15 23 26 32 37 42 43 44 47 49 53 58 64 66 67 69 73 78 79 83 86 87 90 94 98 100 104 106 107 108 117 121 124 125 126 129 131 135 141 144 148 151 152 153 156 158 160 162 170 180 181 191 195 198 200 202 206 207 208 209 210 214 216 218 225 228 235 237 240 241 248 251 252 253 254 266
79 83 : 2 8 10 11 13 14 15 16 20 22 31 33 36 38 39 49 53 56 62 66 68 73 74 75 77 78 86 87 89 90 97 101 103 104 105 108 110 121 122 123 125 129 130 144 145 148 149 152 157 160 165 166 169 171 173 179 180 193 195 196 197 199 201 204 205 206 208 212 216 225 230 232 235 236 240 241 247 256 259 261 263 265 266
80 83 : 2 4 9 11 14 15 17 18 19 20 22 24 25 26 27 28 32 33 36 38 42 47 50 53 54 55 56 58 64 66 69 70 74 76 77 79 80 93 96 99 101 103 110 114 117 120 126 129 132 135 137 144 149 151 154 158 162 167 170 171 178 180 181 183 184 185 190 191 197 201 202 204 206 208 228 231 237 240 247 251 257 259 266
81 84 : 1 3 4 8 11 12 14 15 17 25 26 34 36 37 40 46 51 57 61 62 66 67 68 69 83 86 88 91 94 96 99 100 101 108 112 115 116 117 119 121 123 127 128 129 133 135 140 144 146 156 158 170 172 173 175 176 179 180 185 190 197 199 206 207 210 211 216 217 218 220 235 236 237 238 239 243 246 247 249 253 255 257 258 260
82 83 : 0 1 2 4 6 8 11 16 18 19 25 27 28 37 38 40 44 47 48 49 50 52 58 61 62 63 70 71 75 76 79 80 83 84 92 100 101 102 108 110 113 124 125 126 128 129 132 135 145 148 150 151 156 165 166 167 168 174 177 182 191 200 201 202 203 206 207 211 214 215 217 218 221 228 230 232 237 247 251 254 258 264 265
83 83 : 0 4 5 7 9 14 15 16 19 20 22 25 28 34 36 39 40 41 42 44 46 48 51 54 62 66 67 69 71 74 77 79 90 93 95 101 105 108 109 117 123 141 144 148 154 155 156 167 173 174 179 183 186 190 191 192 194 196 197 201 203 205 206 207 219 220 221 223 224 228 229 230 234 236 239 240 252 254 255 259 260 265 266
84 83 : 2 8 9 11 13 21 24 28 29 32 34 44 47 48 60 63 65 66 68 72 81 83 86 91 92 96 105 107 110 112 114 117 121 124 125 126 127 131 132 135 138 139 140 142 143 148 149 151 153 154 158 168 181 183 184 187 188 190 191 194 195 198 199 202 206 207 217 218 219 221 222 227 230 235 237 238 240 245 251 259 263 265 266
85 83 : 5 9 14 15 16 17 20 22 27 30 37 38 46 49 55 57 59 60 62 65 66 73 80 87 88 97 98 103 104 105 112 115 116 117 119 120 121 122 124 128 130 131 135 141 145 147 148 156 157 158 165 167 169 170 173 174 177 181 190 191 192 194 196 197 203 204 206 208 210 219 223 224 227 232 235 239 245 246 248 251 263 264 265
86 83 : 1 5 8 11 12 15 20 22 25 26 29 40 46 52 56 61 62 63 66 67 69 70 72 73 74 75 76 80 86 88 94 96 98 104 108 117 120 122 123 124 125 127 130 131 132 133 139 140 141 143 150 152 153 154 162 167 170 180 184 187 189 191 194 196 198 201 204 205 206 210 212 213 218 222 224 231 232 241 254 255 260 265 266
87 83 : 0 5 8 12 14 19 24 27 29 36 38 42 49 50 54 57 60 62 63 64 66 68 71 73 80 81 82 84 85 88 89 93 98 99 101 103 105 107 110 111 124 127 130 134 137 139 144 146 148 151 153 156 165 167 175 176 177 178 192 195 199 200 201 206 210 214 215 216 219 229 231 232 234 241 242 249 254 256 257 258 260 265 266
88 83 : 4 5 9 10 22 25 27 35 42 43 44 50 55 56 62 66 72 74 76 78 84 85 87 94 96 99 101 102 105 109 115 116 117 119 120 123 124 128 130 136 142 143 144 146 151 157 159 163 164 165 167 181 183 187 188 189 192 194 203 204 205 208 209 212 213 214 218 220 221 223 224 225 227 231 233 238 247 249 251 252 256 259 261
89 83 : 2 3 4 7 15 16 18 21 35 39 42 46 49 51 56 59 61 66 68 71 72 79 80 86 94 96 101 102 105 110 115 122 126 131 133 135 136 144 146 149 150 151 154 156 158 159 163 164 170 171 174 183 187 188 191 193 195 197 200 201 202 203 206 207 208 209 218 219 222 225 226 230 231 232 233 238 243 246 248 249 253 263 266
90 83 : 3 9 15 25 26 30 31 32 33 35 37 38 43 45 48 49 51 54 56 57 58 60 62 63 64 65 69 70 71 72 86 91 94 103 104 105 106 111 119 123 125 131 132 133 135 138 139 143 147 148 149 151 154 165 168 173 174 194 196 201 206 209 210 213 215 217 219 220 223 230 232 233 234 235 236 240 241 243 247 251 253 255 266
91 83 : 3 9 11 13 15 17 18 20 28 33 34 38 41 43 46 50 59 60 62 65 71 73 74 78 84 86 88 94 95 100 101 103 105 107 108 111 112 117 119 121 122 127 129 132 138 139 140 145 149 151 152 153 154 160 161 162 163 171 176 177 179 191 194 197 201 207 210 212 222 228 229 233 234 238 239 241 242 246 248 252 254 262 264
92 83 : 3 11 12 16 18 19 21 25 31 35 37 38 40 41 44 46 47 50 52 53 55 59 72 74 75 84 86 87 88 96 97 99 100 101 102 107 109 112 116 117 120 124 125 127 129 132 134 139 142 146 147 148 150 151 153 155 162 165 169 170 177 181 182 183 184 185 192 194 197 207 209 218 231 232 237 242 248 251 256 258 261 265 266
93 83 : 3 12 16 22 29 34 38 39 41 42 51 52 55 56 58 62 63 66 69 77 79 80 87 88 90 94 98 101 104 108 114 117 120 121 127 132 139 146 148 149 154 155 156 163 167 171 172 177 180 184 189 190 191 193 197 199 203 204 205 218 220 230 231 232 234 236 237 238 239 240 246 247 248 249 253 254 255 256 257 259 260 261 266
94 82 : 9 10 15 21 25 26 28 31 33 39 42 43 45 49 57 58 60 64 69 80 88 90 94 95 101 104 108 118 124 134 137 138 139 144 145 146 148 149 150 151 153 156 157 159 164 167 169 170 173 175 179 181 184 185 186 187 190 194 197 203 205 206 209 213 219 220 226 231 232 233 235 236 238 241 249 250 254 255 261 262 265 266
95 83 : 6 11 18 20 27 29 32 34 35 39 41 45 47 49 55 56 57 60 62 63 67 68 69 74 75 77 78 81 88 91 94 99 100 101 103 105 108 113 117 123 128 129 133 137 142 144 147 151 153 155 158 161 163 167 168 170 179 189 192 200 202 206 207 209 214 218 219 221 222 223 233 234 236 241 244 246 254 256 258 259 261 264 266
96 70 : 1 9 11 16 25 32 33 36 39 44 46 47 48 50 58 62 63 66 67 73 74 78 86 88 93 94 98 101 103 105 108 110 117 118 119 124 128 129 135 142 143 144 145 148 149 151 153 158 167 178 181 190 191 194 197 201 204 206 218 221 232 237 238 242 251 252 254 257 259 266
97 83 : 5 9 12 14 17 19 25 31 39 41 44 46 48 52 60 62 64 65 73 74 77 78 79 81 87 91 92 96 98 102 103 104 106 117 119 123 124 126 128 129 131 139 150 152 153 154 157 163 166 169 177 181 182 183 185 191 192 193 194 195 198 201 202 203 211 214 222 224 225 226 228 229 234 238 241 246 254 255 256 257 259 260 263
98 71 : 9 11 16 25 29 31 36 39 44 47 50 62 63 66 73 74 76 82 85 86 88 92 94 95 101 103 105 108 110 111 117 119 120 124 125 126 128 129 133 135 138 144 148 149 151 153 158 167 180 184 187 190 191 194 197 201 204 206 208 218 221 225 232 237 238 244 245 251 254 259 266
99 83 : 9 10 13 14 15 16 17 18 19 21 25 26 33 40 44 45 46 47 60 62 63 65 75 76 79 80 83 84 86 87 89 90 94 101 103 107 113 116 119 121 123 138 139 149 150 158 160 161 163 170 172 173 174 178 179 185 192 193 194 199 200 203 205 206 209 212 214 217 218 219 221 223 224 231 238 239 241 246 247 251 254 260 261
100 83 : 1 2 9 16 20 22 23 27 30 31 36 45 50 53 55 57 58 59 62 63 64 66 69 71 86 87 92 94 98 101 102 103 113 118 123 128 130 131 132 135 139 141 144 146 148 149 151 153 155 159 166 167 171 176 178 180 188 190 192 197 201 203 205 207 210 212 214 216 218 220 221 223 228 233 238 248 249 250 251 253 254 255 260
101 83 : 0 5 8 11 13 15 16 17 19 22 24 25 28 32 35 36 38 39 48 55 56 62 67 72 78 83 87 89 93 99 100 112 113 114 115 121 123 129 132 133 136 137 138 139 144 146 147 148 149 150 155 157 158 160 167 170 173 180 182 188 192 197 202 203 204 206 208 209 218 220 221 224 230 235 236 240 242 243 254 257 258 263 266
102 83 : 2 9 18 20 21 22 26 28 30 33 34 38 46 49 51 56 58 59 60 61 62 66 67 73 76 78 79 85 88 91 93 94 95 103 105 106 108 109 110 111 112 118 124 133 137 140 142 147 148 149 151 154 155 157 167 168 171 175 176 183 185 191 194 198 201 217 218 224 225 228 229 230 231 232 235 242 246 249 251 252 254 260 264
103 83 : 0 8 10 11 15 16 21 22 24 25 26 27 28 32 33 36 38 39 40 42 44 45 46 47 53 62 65 66 70 73 74 78 94 98 100 101 102 105 109 115 116 119 122 128 130 137 140 144 148 151 152 156 159 162 167 175 176 182 183 191 193 198 200 204 205 210 212 213 216 219 221 222 235 238 240 242 243 244 245 251 252 255 259
104 83 : 12 24 25 30 40 42 47 49 54 57 59 61 63 65 75 77 79 81 85 86 87 88 89 90 94 97 98 99 101 104 108 112 115 121 128 129 131 132 134 135 137 142 143 148 153 154 161 163 165 172 175 182 183 185 191 192 194 197 203 204 206 209 216 217 223 228 230 234 236 238 239 244 245 246 254 257 258 259 261 263 264 265 266
105 68 : 1 8 9 11 15 16 18 25 34 35 36 37 39 44 47 50 55 61 62 64 66 73 74 86 88 94 95 100 103 105 108 110 112 117 119 124 128 129 135 137 138 144 148 149 151 153 158 161 162 165 167 178 182 191 194 195 197 201 204 206 218 232 238 246 251 254 259 266
106 82 : 9 11 12 13 17 20 21 25 31 32 35 38 39 41 44 45 47 48 49 50 53 55 58 62 63 69 81 82 87 92 97 102 103 104 105 108 110 111 112 113 118 121 123 128 131 144 145 148 150 151 157 164 168 172 179 180 187 188 194 202 206 207 208 211 218 219 221 222 223 224 226 231 232 238 241 242 245 250 251 260 261 265
107 83 : 1 6 9 22 23 25 27 28 31 33 34 36 37 39 41 45 47 49 52 54 60 62 63 65 66 73 77 82 86 88 89 96 98 102 104 105 108 112 115 116 117 120 125 126 127 131 132 133 141 145 150 151 153 155 156 158 161 164 165 166 169 170 177 179 188 197 198 202 204 212 219 221 225 232 233 237 238 244 251 254 259 260 266
108 83 : 3 4 6 11 16 17 22 29 34 36 37 41 42 54 57 60 61 63 65 68 70 74 76 77 78 86 88 93 95 96 97 99 100 107 111 113 120 122 125 129 130 132 134 135 137 143 144 145 146 151 153 156 164 167 172 174 177 178 179 184 185 187 193 195 196 197 202 204 209 212 213 227 228 230 242 248 249 250 256 257 259 261 266
109 82 : 10 12 13 16 20 24 30 31 32 34 39 40 42 43 44 45 46 47 50 51 56 58 61 64 72 78 79 84 86 87 93 98 101 103 104 105 106 107 108 109 116 123 128 129 135 137 139 151 153 163 164 167 168 169 173 176 178 186 188 191 195 196 198 201 202 204 206 207 209 210 211 219 222 225 230 232 238 245 250 256 259 264
110 70 : 1 5 7 9 11 16 25 34 36 39 42 44 47 50 62 63 65 66 67 68 73 74 80 81 86 88 94 101 103 105 108 110 111 117 119 124 126 128 129 135 144 148 149 151 153 157 158 162 167 168 169 174 181 191 194 197 198 201 206 218 221 232 234 238 243 245 251 254 259 266
111 83 : 0 2 9 10 17 21 23 24 25 27 28 30 32 34 37 45 47 50 52 61 63 64 65 66 75 86 94 97 100 101 102 116 117 122 124 126 128 129 131 135 137 140 141 146 149 153 154 158 159 161 164 167 170 173 181 182 188 191 192 195 205 208 209 211 224 227 228 229 230 231 238 240 242 243 245 249 251 253 254 257 258 262 266
112 83 : 3 4 5 10 13 18 25 29 34 36 40 44 50 53 60 61 62 63 65 67 69 73 75 77 78 81 89 92 94 101 102 108 110 112 116 123 125 126 129 134 135 138 139 147 148 149 155 164 166 167 170 172 180 181 186 190 193 199 200 204 205 208 213 214 220 222 228 229 231 233 234 237 238 239 240 242 243 248 250 253 254 259 264
113 83 : 1 9 11 15 17 20 21 25 26 29 30 32 36 46 52 55 59 61 63 64 66 68 74 76 77 78 79 82 85 86 88 90 92 94 96 101 105 107 128 129 130 131 132 136 139 141 144 147 148 153 155 158 159 163 169 171 174 175 176 179 180 186 188 195 205 208 210 212 221 224 226 227 230 231 232 239 241 242 243 253 255 257 264
114 83 : 0 5 7 10 16 21 24 36 40 45 51 57 60 61 62 63 65 69 71 73 78 83 84 90 93 94 99 101 105 106 108 109 113 119 121 123 126 129 130 131 134 137 140 144 148 150 151 155 156 158 163 164 167 170 177 182 185 192 193 196 197 199 201 204 206 207 208 215 219 221 225 226 227 229 231 232 233 238 241 246 258 261 266
115 83 : 5 8 9 13 14 15 17 19 20 24 27 28 39 43 47 54 56 60 62 64 65 66 70 71 74 76 79 85 88 94 98 101 103 109 110 116 117 127 128 139 147 150 153 154 155 158 164 167 169 171 173 183 184 188 190 191 192 194 195 199 201 204 211 214 221 225 226 232 233 234 235 237 249 251 254 257 258 259 262 263 264 265 266
116 83 : 0 6 9 11 13 27 29 32 33 34 39 40 43 53 58 61 63 67 75 77 83 86 92 94 96 97 98 107 112 123 124 127 129 131 134 135 136 146 147 148 152 153 158 161 166 170 171 172 173 174 182 183 187 190 191 193 195 201 206 208 214 216 218 219 220 224 226 229 231 232 237 238 241 243 247 249 250 252 258 259 260 262 264
117 82 : 8 9 11 13 15 16 19 20 25 30 32 34 43 50 53 56 58 59 69 75 78 80 81 82 83 86 94 96 103 105 106 110 112 113 116 118 121 122 128 132 135 143 144 148 149 150 153 154 155 165 166 171 174 177 178 184 189 191 194 195 196 197 201 214 215 218 220 223 226 227 228 235 240 245 247 250 251 252 255 257 262 266
118 82 : 2 4 8 9 11 12 16 22 25 29 30 36 38 40 42 47 48 54 60 62 63 70 74 75 76 82 88 93 95 100 101 105 107 108 109 110 113 114 115 117 119 121 124 125 127 138 140 149 150 151 152 157 158 159 161 165 166 168 169 173 174 178 183 185 187 193 196 201 210 211 216 217 221 229 235 236 238 239 245 249 255 258
119 83 : 0 5 14 19 22 24 33 37 39 44 45 46 47 50 52 54 55 56 57 59 60 62 68 72 74 75 83 86 87 89 93 94 95 98 105 108 109 112 119 121 123 126 128 136 138 140 142 149 151 157 158 161 166 168 169 175 177 180 183 185 186 189 194 201 202 204 210 213 215 218 221 222 225 234 242 245 247 248 249 255 260 264 266
120 83 : 0 1 9 11 13 16 23 24 30 35 39 40 41 42 49 50 52 53 54 62 66 69 71 73 75 79 82 83 87 88 91 94 103 104 108 111 112 114 117 118 124 127 128 135 136 138 139 143 144 148 149 153 154 157 161 163 167 169 173 174 181 184 193 197 210 211 215 218 221 222 224 227 233 236 237 238 250 251 256 261 262 264 265
121 82 : 3 11 17 19 20 24 25 27 29 31 33 35 47 51 59 62 67 73 75 76 77 80 83 86 87 88 91 92 99 103 109 110 111 113 115 118 124 128 129 132 133 140 143 144 147 148 149 152 161 163 164 166 172 181 184 189 191 192 195 198 201 205 215 222 225 230 232 233 234 235 236 237 238 241 242 245 251 253 259 260 264 266
122 83 : 2 3 4 10 17 18 21 28 30 41 42 45 47 50 54 62 64 76 79 80 85 87 89 91 100 101 103 104 105 109 111 112 115 118 122 123 127 128 129 133 138 139 144 145 147 149 150 158 159 161 163 169 177 186 188 191 194 196 197 200 201 204 205 206 214 218 219 220 224 225 226 229 233 236 238 242 244 249 252 256 262 263 266
123 70 : 0 9 11 16 20 25 36 39 44 47 48 49 50 53 54 62 63 64 66 72 73 74 75 85 86 88 94 101 103 105 108 110 117 119 124 128 129 135 136 143 144 148 149 151 153 158 167 170 182 189 191 194 197 199 201 204 206 218 221 232 238 242 243 244 251 253 254 259 261 266
124 83 : 6 7 10 11 12 13 16 25 27 34 36 38 39 46 47 48 49 50 52 60 62 66 67 76 79 80 85 87 95 99 100 103 104 105 108 111 113 118 127 129 131 138 140 143 145 146 148 156 160 161 167 169 173 175 176 178 179 184 191 194 196 197 203 205 211 214 221 224 226 227 231 232 236 241 243 246 247 248 250 252 257 265 266
125 82 : 1 6 9 11 15 18 19 23 28 30 35 36 39 43 44 45 46 50 51 60 63 65 69 72 74 75 79 80 84 86 87 90 93 95 99 101 103 107 110 112 117 118 129 130 131 136 138 151 158 160 170 173 175 176 179 184 187 189 197 198 200 202 213 215 219 221 222 223 228 239 240 242 243 244 250 251 252 255 259 262 263 266
126 82 : 4 14 20 30 31 32 34 39 41 44 47 59 60 61 62 65 66 67 73 76 77 78 80 81 84 85 89 91 93 103 108 110 120 126 128 136 140 142 144 147 148 149 150 158 162 163 164 170 171 172 176 184 186 191 192 196 201 203 205 207 211 217 223 225 228 229 231 233 234 237 238 239 244 245 252 254 256 259 260 263 264 266
127 83 : 0 1 3 7 11 21 23 24 27 28 36 37 46 47 49 50 51 52 61 62 63 65 66 69 70 71 77 79 80 81 94 97 98 100 102 103 105 107 109 110 112 115 117 119 130 133 136 138 144 146 147 150 159 171 176 177 181 182 184 186 188 191 197 198 201 202 203 206 214 221 223 227 228 230 238 244 245 247 252 254 259 261 264
128 71 : 0 4 7 9 11 15 16 25 36 39 44 47 50 62 63 66 68 73 74 86 88 94 96 101 103 105 108 109 110 114 117 119 120 122 124 128 129 135 137 141 142 144 146 148 149 151 153 158 167 176 191 194 195 197 201 204 206 207 211 218 221 232 238 239 245 251 254 255 258 259 266
129 82 : 0 6 8 9 12 19 31 32 33 36 37 41 42 43 46 47 50 52 58 59 60 62 63 64 71 72 73 74 78 84 93 94 101 105 106 109 110 115 117 119 122 127 128 129 133 137 139 143 148 150 156 159 160 165 166 167 173 182 191 196 197 203 214 215 216 220 232 233 235 238 243 247 250 251 254 255 256 258 259 260 265 266
130 83 : 2 3 5 9 15 16 19 21 23 32 34 36 39 41 42 46 49 50 52 53 64 65 67 70 72 83 89 91 92 93 94 97 102 103 105 106 109 114 115 116 117 118 119 122 128 129 131 140 145 146 150 159 160 162 171 173 178 180 183 184 185 187 188 194 195 203 204 206 215 218 223 224 233 234 238 241 245 247 249 250 260 264 266
131 82 : 6 10 19 22 25 36 37 42 46 47 54 55 57 59 60 61 62 66 68 69 73 80 82 85 87 88 92 93 94 95 101 106 107 110 112 113 114 117 120 123 124 126 131 138 143 147 148 149 151 153 156 157 158 160 163 173 175 186 189 191 197 199 201 202 221 224 228 231 234 237 240 242 243 244 249 251 255 259 260 262 265 266
132 83 : 0 8 11 12 18 22 25 31 33 36 37 41 43 51 52 54 55 63 66 73 74 77 80 82 84 89 91 93 96 98 100 103 104 105 107 110 111 114 117 118 122 128 129 132 135 139 143 149 153 154 158 161 171 176 177 179 181 197 199 202 205 209 211 213 216 218 222 223 225 228 229 231 235 238 244 246 247 248 254 256 259 260 266
133 83 : 3 14 15 16 17 18 21 23 25 28 29 30 32 33 35 37 38 39 41 43 44 45 47 53 60 61 64 69 71 74 75 76 81 88 92 93 101 104 105 108 111 115 122 123 124 137 144 146 147 153 158 161 162 164 166 167 171 175 177 178 179 191 193 194 197 201 203 205 206 207 212 218 221 226 227 229 230 231 232 240 248 255 264
134 82 : 0 4 5 11 16 17 25 26 27 34 35 36 40 47 50 54 62 63 67 68 69 72 73 74 81 84 92 101 103 110 113 118 119 122 131 132 135 136 138 140 143 144 146 153 154 159 166 173 176 178 180 181 183 184 191 198 201 206 208 213 215 218 220 222 223 224 225 227 230 233 234 238 240 242 245 250 251 256 257 259 261 263
135 82 : 1 6 9 11 13 15 16 21 22 24 25 27 29 33 34 42 44 49 50 53 59 68 73 78 81 86 87 88 90 94 96 97 100 105 108 110 111 115 119 127 132 135 136 142 144 148 151 152 157 160 162 164 168 176 179 181 182 184 187 191 194 195 197 201 211 217 218 221 223 227 235 236 242 249 251 252 254 255 259 260 263 264
136 82 : 0 2 10 12 17 25 34 35 47 49 53 54 58 59 63 66 67 68 69 71 74 78 80 81 84 85 86 92 94 97 101 111 118 128 129 131 132 133 136 142 147 148 149 152 153 154 156 158 160 161 162 166 167 172 173 175 177 182 183 185 186 191 192 194 195 198 201 203 207 213 214 217 222 223 231 236 241 250 252 254 256 266
137 83 : 5 7 9 11 13 15 16 17 19 22 24 29 32 35 38 39 41 44 45 47 50 52 55 56 57 58 63 66 67 72 74 76 78 84 86 101 103 107 110 113 120 127 131 134 136 139 141 144 145 148 149 150 153 156 157 160 161 166 169 175 177 178 179 181 193 194 195 197 200 201 203 207 209 217 223 227 229 231 232 236 238 254 265
138 82 : 0 5 6 13 17 23 24 25 26 28 34 45 47 48 49 50 52 55 58 60 63 65 66 70 74 81 83 85 90 94 96 105 108 109 113 114 117 119 124 126 134 135 139 142 143 145 152 153 156 158 161 172 176 180 182 193 194 196 203 208 209 213 214 215 216 225 226 228 232 240 245 248 249 250 251 253 257 259 262 263 264 266
139 82 : 1 4 5 7 9 12 17 18 25 27 29 30 39 40 44 50 54 60 66 75 77 80 81 86 90 94 95 99 101 105 108 109 110 114 116 117 130 133 137 141 142 149 151 152 153 155 160 175 177 178 184 186 191 192 193 194 195 200 201 202 211 212 213 217 218 221 224 227 228 230 234 236 237 250 251 252 255 257 259 261 262 263
140 83 : 0 3 6 11 13 16 18 19 23 25 26 27 30 33 36 43 44 47 50 57 58 59 66 68 73 82 84 87 89 94 95 105 108 115 117 122 126 127 128 134 140 142 143 146 149 150 151 152 153 154 162 168 169 172 173 177 180 182 185 186 187 194 196 198 200 204 205 213 220 223 230 233 234 237 238 239 241 250 251 254 259 261 266
141 82 : 5 6 9 10 16 17 19 20 28 29 33 34 38 39 41 43 44 46 49 56 58 61 62 66 70 72 73 74 77 80 81 83 85 88 89 90 91 93 95 96 99 103 105 106 109 121 145 151 153 165 167 169 177 184 191 192 195 200 201 202 205 206 209 211 212 214 215 217 228 230 231 235 238 240 242 245 246 248 251 253 254 256
142 82 : 0 2 3 12 13 15 19 23 24 28 29 31 33 35 36 45 52 53 56 59 62 66 68 78 81 82 86 87 94 96 101 103 106 108 109 114 117 118 119 122 123 125 127 132 135 137 144 148 149 150 151 152 153 155 167 172 176 186 187 193 197 199 200 201 203 206 216 218 219 223 230 232 235 237 240 242 246 252 253 255 260 261
143 82 : 3 7 9 12 15 16 17 19 22 24 25 29 32 33 35 37 39 43 44 48 51 54 55 59 60 61 62 78 80 84 92 94 97 100 101 104 107 108 112 115 122 124 127 134 135 141 145 146 149 150 151 155 161 167 171 172 178 181 184 185 192 193 194 198 202 204 206 207 211 221 222 226 232 236 250 251 254 256 260 264 265 266
144 82 : 4 5 7 9 13 14 22 25 28 30 37 44 47 48 49 51 56 59 66 67 68 69 70 72 73 82 86 91 94 97 100 105 107 112 113 119 121 124 130 135 136 144 147 148 153 162 163 164 166 173 177 179 183 184 189 190 191 197 200 201 203 204 209 210 213 217 220 221 222 223 225 231 238 239 240 242 244 247 254 258 261 263
145 82 : 1 3 4 6 7 8 16 22 25 30 37 42 47 48 58 59 60 63 65 68 70 71 75 84 85 86 87 88 96 97 102 108 113 117 118 120 121 122 124 128 129 133 147 148 149 159 161 162 166 167 172 174 180 186 188 189 190 197 201 204 206 212 214 215 216 218 220 227 230 234 241 247 251 252 253 254 259 260 261 263 264 266
146 83 : 0 14 15 16 18 19 22 25 30 33 34 35 38 41 44 47 48 50 53 54 62 64 67 81 94 95 97 98 100 103 107 108 112 114 123 127 132 135 136 138 142 144 145 154 156 162 167 173 174 178 184 189 191 192 193 199 200 201 206 213 214 216 218 220 223 230 231 235 239 241 244 245 246 247 248 254 255 256 259 260 263 264 266
147 82 : 3 4 8 11 16 17 21 29 32 33 35 36 39 41 44 47 48 51 54 56 58 62 63 72 79 82 86 88 89 90 94 97 98 99 103 107 109 110 115 116 118 121 123 124 133 135 138 140 147 158 161 164 166 167 169 181 183 190 193 194 199 202 203 206 208 214 219 220 221 224 229 230 231 232 237 238 240 244 250 261 262 263
148 83 : 2 6 7 8 10 11 15 16 26 28 34 36 40 42 44 45 46 48 50 53 66 71 72 73 83 88 89 94 96 97 99 102 103 105 108 118 120 124 125 130 136 138 141 148 149 150 153 157 163 164 165 171 172 174 179 184 187 188 189 194 195 197 198 199 204 207 209 210 211 218 220 221 226 229 230 231 241 248 254 255 257 259 263
149 82 : 1 9 10 11 13 14 15 16 19 20 24 25 37 41 43 46 59 61 67 72 73 74 75 79 81 90 97 105 108 114 117 118 119 123 124 125 126 127 128 129 145 147 148 151 152 155 156 161 162 167 174 179 182 184 185 187 194 196 200 204 208 210 211 213 215 217 218 221 224 227 229 232 238 241 244 246 249 254 256 257 258 266
150 68 : 9 11 15 25 31 36 39 41 42 44 47 49 50 51 62 63 73 74 85 86 87 88 94 101 103 105 108 110 117 119 120 124 128 129 135 138 143 144 148 149 151 152 153 158 167 170 171 174 183 184 191 194 197 201 204 206 215 218 221 232 233 238 243 254 258 259 260 266
151 82 : 3 5 6 10 11 13 14 17 23 24 32 37 39 44 45 46 47 50 51 56 66 75 76 78 80 82 87 89 90 91 96 97 101 106 110 112 113 117 118 120 121 123 125 130 132 136 142 144 146 148 149 151 152 154 158 162 165 171 176 188 193 194 197 203 211 214 218 219 221 225 227 229 240 241 245 246 250 251 254 262 263 266
152 82 : 5 9 11 16 17 21 28 37 41 44 45 47 49 51 54 57 61 68 70 71 75 76 78 83 87 88 91 92 94 103 105 108 110 111 112 113 114 115 117 118 119 121 123 126 127 129 135 136 138 145 149 151 153 155 160 167 168 173 182 185 188 191 193 197 204 208 214 215 216 217 219 227 229 230 237 253 254 257 259 262 265 266
153 82 : 3 11 13 20 21 23 24 25 27 28 31 36 44 45 46 50 56 57 65 69 73 77 80 88 90 91 94 95 96 98 101 108 110 111 115 116 117 118 121 122 127 129 132 144 146 147 149 151 154 156 158 159 161 162 163 164 170 171 175 179 180 181 182 183 185 187 191 200 206 207 211 221 223 233 237 241 244 247 251 254 255 257
154 82 : 6 7 8 9 10 11 16 17 21 22 23 26 27 31 32 33 36 38 42 44 50 53 56 58 62 68 77 85 86 87 89 91 94 98 100 105 110 125 126 128 130 133 136 137 145 149 153 154 155 160 168 170 178 180 182 183 185 186 190 191 194 196 199 204 207 211 212 218 219 221 222 229 230 232 238 244 248 251 256 262 263 264
155 82 : 0 3 7 11 13 14 16 17 22 28 31 32 33 36 37 40 44 47 50 54 55 63 65 66 67 69 75 80 84 86 90 91 94 95 98 106 110 111 115 117 118 120 123 124 125 128 134 143 144 146 157 158 160 167 172 175 179 182 185 186 191 196 202 203 206 209 212 213 217 223 226 232 237 238 240 242 244 246 250 261 265 266
156 82 : 2 9 11 12 14 18 22 23 24 27 39 41 43 46 47 53 65 66 67 68 69 74 75 80 84 85 86 87 88 90 95 98 100 103 108 115 116 117 118 123 124 134 142 146 147 149 152 153 154 157 158 159 161 162 164 168 169 175 176 178 184 189 191 192 194 198 204 209 212 215 219 229 230 232 235 244 253 256 262 263 264 265
157 82 : 2 9 11 18 22 24 30 31 37 41 42 44 48 50 52 74 79 80 84 86 93 94 96 101 105 106 108 110 111 117 118 120 121 123 126 128 129 130 133 134 135 138 141 144 146 147 149 151 152 155 158 164 172 173 174 175 177 178 180 181 183 185 188 189 192 194 196 201 204 222 224 228 232 236 238 243 247 250 257 262 265 266
158 82 : 1 2 4 6 9 12 17 25 28 31 33 34 38 42 47 48 50 52 62 63 73 74 80 82 86 87 88 90 95 96 99 102 106 111 117 118 120 124 125 126 128 129 130 132 135 136 139 145 146 150 151 155 157 164 166 171 176 181 183 185 189 190 192 194 195 203 205 206 209 210 213 222 223 228 229 232 236 240 244 247 259 266
159 82 : 0 3 6 8 9 11 13 14 20 25 29 33 36 38 40 50 51 53 58 62 74 75 76 85 86 89 99 102 105 108 110 117 119 120 124 125 127 131 135 136 138 141 149 150 151 154 158 159 163 167 171 177 178 180 182 184 186 188 190 192 194 198 199 201 211 215 217 223 224 225 228 232 234 235 238 241 243 246 248 253 258 266
160 82 : 5 8 9 10 11 15 16 22 27 35 36 37 47 53 57 61 62 64 65 66 72 73 74 77 80 81 83 85 94 101 102 107 108 112 114 116 118 124 127 128 134 136 144 146 148 149 151 159 160 168 169 175 177 186 187 191 192 194 195 197 201 202 203 204 206 211 217 221 222 223 225 226 238 239 243 245 246 250 255 261 262 264
161 71 : 9 11 14 16 25 35 36 39 41 44 47 50 57 62 63 66 71 73 74 76 80 82 83 84 86 88 94 95 101 103 105 108 110 117 119 124 128 129 135 144 146 148 149 151 153 158 160 167 176 190 191 194 196 197 199 201 204 206 213 214 218 221 227 232 235 238 243 251 254 265 266
162 68 : 2 11 14 16 25 36 38 39 41 47 50 52 62 63 66 73 74 86 88 93 94 98 101 103 105 106 108 110 117 119 124 128 129 131 133 135 138 141 144 149 151 153 157 161 163 167 169 176 182 189 191 194 195 197 201 204 218 221 222 224 227 232 238 251 254 259 261 266
163 82 : 2 4 5 14 15 17 26 36 37 44 48 49 50 53 56 58 66 68 72 73 76 78 84 86 87 89 95 101 102 105 107 108 111 114 117 120 121 125 128 130 134 138 141 142 143 144 148 159 160 161 165 166 168 173 177 178 188 192 196 200 206 209 210 211 218 219 220 221 226 228 229 230 231 233 235 239 240 250 254 255 259 264
164 82 : 1 6 7 9 10 11 13 14 15 16 19 30 33 34 36 37 40 41 42 50 53 55 59 60 62 67 68 71 78 80 82 84 88 90 94 96 103 105 107 108 111 119 124 126 130 134 135 141 144 146 148 149 151 152 155 158 162 170 173 174 179 184 189 190 191 192 196 211 212 225 232 234 238 239 244 245 250 252 254 262 265 266
165 82 : 2 6 11 12 18 19 21 23 25 27 29 30 41 42 43 58 60 63 70 75 78 80 82 83 84 86 88 92 95 96 103 105 111 117 119 122 128 129 135 139 140 144 145 147 149 153 155 163 164 167 171 172 175 182 183 185 186 187 189 198 200 203 204 207 209 213 216 218 221 224 225 227 229 230 232 240 242 244 249 250 252 260
166 82 : 6 7 8 12 13 15 21 24 25 26 30 33 35 37 39 42 43 48 57 61 62 63 65 66 68 69 72 77 81 90 93 95 101 103 106 108 110 111 114 117 119 124 127 129 130 131 140 143 144 146 154 161 164 165 167 175 177 178 193 197 199 200 201 207 208 210 212 216 218 220 221 227 228 232 242 245 246 251 254 260 261 265
167 82 : 2 4 6 8 11 18 21 23 25 29 35 36 37 45 50 60 62 67 73 77 80 82 84 88 92 94 95 97 99 101 103 105 107 108 110 114 121 124 127 128 133 135 139 147 151 153 157 158 160 165 166 173 174 182 189 194 197 198 199 201 202 203 204 214 216 224 225 226 227 229 232 237 245 250 251 253 254 255 256 257 258 263
168 82 : 7 8 13 14 16 17 18 20 23 25 26 28 34 35 36 43 44 48 49 50 51 56 65 69 70 71 79 83 84 87 88 91 94 95 105 106 110 111 116 119 126 134 135 136 137 139 141 142 145 146 150 157 159 167 172 175 178 179 190 197 198 204 205 211 212 216 218 220 232 233 234 235 237 238 239 244 246 253 255 259 265 266
169 82 : 1 7 9 11 15 16 18 20 22 24 25 27 36 38 41 44 45 58 62 63 70 71 72 73 74 77 79 82 85 108 109 117 118 123 128 130 135 137 141 143 144 147 151 157 159 161 168 172 178 187 188 189 191 192 193 195 196 197 199 200 201 204 206 207 208 209 211 217 218 220 223 224 227 228 232 236 237 242 249 252 257 262
170 82 : 1 2 4 6 9 18 20 23 30 36 37 38 39 42 43 44 45 46 47 48 50 54 62 68 70 72 74 76 84 85 92 94 105 109 110 112 114 117 118 120 124 126 127 128 139 140 141 142 148 150 154 158 159 177 187 191 193 194 199 201 202 207 208 209 212 213 216 218 219 222 228 229 231 235 238 241 250 254 255 256 258 266
171 82 : 5 9 10 12 15 20 22 26 28 33 36 38 39 43 44 45 47 51 56 62 65 73 74 78 81 83 88 94 96 102 104 105 107 108 110 118 119 120 129 131 134 135 136 137 139 142 143 144 148 149 151 156 157 162 164 167 174 177 179 184 188 192 194 197 199 202 203 204 205 210 215 221 228 238 239 240 245 249 250 262 264 266
172 82 : 2 6 9 10 16 18 21 28 29 30 31 35 39 40 47 55 61 62 66 72 74 75 80 82 84 86 89 90 94 98 100 101 102 104 105 116 117 125 131 134 135 136 138 144 147 148 150 151 155 156 159 160 171 182 183 189 191 192 194 197 200 203 205 206 211 214 215 218 221 223 227 231 233 236 238 243 246 254 257 259 262 266
173 82 : 0 4 7 9 12 25 29 36 42 46 49 50 51 52 53 62 63 67 69 74 79 81 83 86 88 90 91 92 103 104 105 106 108 109 111 112 114 117 118 121 123 128 134 135 136 141 150 153 159 160 163 164 167 179 184 185 188 189 196 203 204 209 213 214 215 218 221 222 223 227 228 229 232 233 238 245 250 251 253 256 259 262
174 82 : 2 4 5 6 8 9 12 13 14 17 18 22 23 24 26 30 36 37 43 46 47 50 59 61 62 64 66 73 79 85 86 93 95 97 101 102 103 110 111 114 116 117 118 119 123 126 133 135 139 142 144 146 148 151 155 158 159 170 181 182 186 191 194 195 197 201 206 219 220 221 223 226 233 237 238 246 247 250 254 255 257 266
175 82 : 0 1 3 9 10 13 16 17 20 24 25 26 31 33 35 36 43 45 50 64 65 67 69 71 74 84 87 88 93 97 99 106 107 108 110 111 116 122 124 126 132 137 143 146 148 151 153 155 165 166 174 177 178 185 189 193 197 200 202 203 207 208 210 211 215 216 220 221 224 225 231 232 233 238 242 244 247 248 257 262 263 264
176 82 : 1 11 12 21 22 28 29 30 38 39 43 44 47 49 50 53 56 57 62 63 73 74 85 89 91 96 100 105 108 111 115 116 119 123 124 130 135 141 146 150 151 152 159 167 170 172 175 177 180 184 185 189 191 194 195 198 199 203 204 206 209 212 216 218 219 220 221 226 227 232 235 237 238 239 240 244 251 252 253 257 259 266
177 82 : 1 4 6 9 11 14 21 22 23 27 32 35 38 43 44 46 48 49 50 56 63 67 70 76 77 81 82 86 87 88 89 101 102 103 105 110 112 113 115 128 130 131 133 140 143 144 145 146 148 151 152 154 160 167 168 172 176 179 181 185 186 187 188 189 191 192 194 198 199 204 205 206 212 214 221 228 231 235 236 238 248 251
178 83 : 0 3 10 11 16 17 18 19 20 22 24 26 30 34 37 49 55 64 65 66 70 71 74 79 84 91 93 97 100 101 102 104 105 106 108 109 110 113 116 118 128 129 130 135 138 139 140 141 142 144 147 150 151 158 160 162 167 174 176 179 191 198 199 204 207 209 212 216 217 218 220 221 225 233 238 239 245 248 249 251 253 262 263
179 82 : 3 4 9 10 11 21 24 25 27 28 30 35 37 42 44 45 47 48 53 55 62 64 67 70 71 73 74 75 83 86 89 91 92 93 96 99 101 109 115 119 120 121 123 128 130 131 133 135 138 139 144 154 155 158 163 169 170 183 184 186 191 193 199 209 217 218 219 221 224 225 232 234 238 243 249 251 252 254 256 262 263 266
180 82 : 1 5 6 7 9 12 15 16 20 24 26 27 28 36 38 39 40 44 50 51 52 53 54 57 62 64 67 70 74 78 92 100 101 107 108 112 113 115 117 119 124 125 126 128 136 138 139 141 142 144 157 158 160 163 164 165 168 172 174 175 181 192 198 204 209 214 216 217 221 231 232 233 234 242 246 251 253 255 256 258 263 266
181 67 : 1 2 9 11 16 19 25 34 36 39 44 47 52 53 62 63 66 73 74 86 88 89 94 95 101 103 105 108 110 111 117 119 122 125 128 129 132 135 137 142 144 148 149 151 153 158 162 167 171 191 194 197 201 204 206 218 221 232 235 238 246 248 251 254 259 262 266
182 82 : 2 4 5 9 10 14 15 19 25 29 32 33 35 39 43 44 45 47 52 54 59 70 74 75 79 81 82 83 86 101 104 113 117 118 120 125 127 128 134 135 141 149 151 154 155 157 159 164 165 167 168 173 178 179 183 184 186 188 194 197 204 206 209 215 216 223 226 228 232 233 246 251 252 254 255 256 257 258 259 263 265 266
183 82 : 2 5 9 10 11 13 16 19 26 28 39 43 45 47 49 55 60 62 66 68 70 71 81 83 89 91 95 100 101 103 106 116 117 119 121 124 126 127 128 129 133 134 135 137 138 142 152 153 162 163 165 166 167 168 171 179 180 182 186 191 192 196 197 199 201 206 208 212 213 214 215 221 232 239 241 242 244 251 253 254 262 263
184 68 : 4 9 11 16 25 34 36 39 43 47 49 50 57 59 62 63 66 73 74 75 86 88 94 101 103 104 108 110 117 119 124 127 128 129 131 135 144 148 149 151 153 155 158 166 167 176 187 190 191 194 197 201 204 206 213 215 218 221 232 238 245 246 251 252 253 254 259 266
185 81 : 0 1 8 10 11 15 16 18 21 32 33 36 37 38 39 40 42 47 50 58 61 65 66 67 70 71 72 73 74 76 79 82 97 103 104 105 108 126 127 142 151 152 157 158 159 160 166 167 169 177 180 181 183 187 188 191 195 196 197 205 207 209 210 221 227 228 235 237 238 239 243 246 251 252 253 256 259 262 264 265 266
186 82 : 1 5 9 10 12 13 21 22 23 25 26 28 29 38 39 40 41 46 47 48 49 52 58 61 63 65 66 71 74 78 81 84 85 87 92 97 98 102 105 108 109 110 115 117 122 131 134 135 139 142 144 147 148 152 155 166 171 176 177 182 184 191 197 198 199 204 208 218 220 222 227 228 232 233 235 236 238 250 252 254 258 266
187 83 : 6 8 11 12 14 25 31 41 45 47 48 54 59 63 64 75 76 78 82 83 91 94 96 98 100 101 108 109 110 111 114 116 117 119 121 123 125 126 128 129 132 136 138 144 145 150 152 153 167 172 173 175 179 180 183 185 186 187 191 194 199 200 202 207 208 210 213 218 221 222 226 227 229 230 238 242 245 247 252 253 259 262 266
188 82 : 1 6 9 10 14 18 25 26 28 35 38 40 41 46 50 52 53 54 62 64 66 69 71 73 74 77 80 85 93 94 97 98 99 103 105 106 113 117 119 120 122 124 126 128 129 132 136 140 150 157 158 159 161 166 168 175 176 182 184 185 186 187 188 194 197 198 206 207 208 211 218 219 223 229 234 240 242 247 249 260 262 266
189 82 : 1 7 16 18 19 20 25 32 36 39 46 50 51 61 62 65 66 67 75 76 84 87 89 94 102 105 110 111 115 116 117 123 124 129 130 132 133 134 135 136 149 158 161 166 175 178 180 182 183 186 189 191 195 197 199 202 203 208 209 210 212 214 218 219 226 227 229 230 232 239 241 244 245 247 248 251 253 254 259 262 264 265
190 82 : 0 1 3 4 8 9 11 13 25 26 31 36 40 41 42 43 46 47 48 51 53 57 59 60 63 64 67 70 72 78 79 81 88 90 92 103 108 115 117 119 123 124 125 128 129 131 132 140 143 148 149 153 154 157 158 159 160 161 168 175 179 182 185 195 198 204 206 208 215 216 218 219 233 237 241 244 245 251 253 254 259 264
191 82 : 0 6 9 10 16 17 18 20 21 28 34 39 43 44 47 48 56 59 61 62 63 66 69 72 73 76 79 84 86 88 91 96 97 98 100 101 105 110 114 117 121 125 128 129 132 135 141 146 152 162 163 169 171 173 176 184 188 191 198 201 206 207 208 209 212 215 217 218 224 226 238 240 241 247 251 252 253 254 257 259 260 266
192 82 : 2 4 5 7 11 26 30 31 35 36 40 43 46 47 50 56 66 72 77 78 79 80 88 91 100 101 102 107 108 110 111 118 119 124 126 128 136 144 148 152 153 160 162 163 166 169 172 173 174 176 179 182 183 187 188 190 194 195 199 203 206 210 211 216 220 221 225 228 229 232 237 238 241 247 249 251 252 255 258 260 263 266
193 82 : 0 3 4 6 9 11 13 14 17 21 22 23 24 34 35 39 46 48 49 51 52 53 54 58 62 69 70 72 77 87 92 96 97 98 106 107 108 110 112 118 121 124 128 133 142 146 154 155 158 160 163 165 172 173 174 181 185 191 193 194 195 197 199 200 204 206 208 209 212 215 218 231 239 240 243 245 250 257 259 264 265 266
194 66 : 3 9 11 16 25 31 36 39 40 44 47 50 62 63 65 66 70 73 74 86 88 93 94 95 96 103 105 109 110 114 117 121 123 124 125 128 129 131 135 144 148 149 151 153 158 165 167 173 189 191 194 197 201 204 206 208 218 221 224 232 233 238 251 254 256 266
195 82 : 4 5 7 10 11 13 14 16 18 20 24 25 29 33 36 43 49 50 63 67 68 69 81 84 88 89 91 92 98 101 104 105 106 108 110 116 119 120 126 136 139 142 144 145 147 148 149 153 156 158 170 172 175 181 185 190 191 192 193 194 196 201 204 205 208 209 211 218 222 231 232 233 240 242 244 249 256 258 260 261 263 264
196 82 : 2 5 8 10 11 17 19 39 40 41 44 47 49 51 52 53 56 58 63 68 70 74 78 79 86 88 89 100 101 102 107 108 114 115 118 119 124 125 127 128 129 135 136 141 142 148 149 151 154 158 160 167 168 174 175 180 181 183 191 194 196 197 199 200 201 208 210 215 216 222 223 224 225 232 236 239 248 249 257 258 262 266
197 82 : 2 4 5 8 14 16 20 24 25 26 33 37 39 45 46 47 49 64 65 66 71 73 80 82 85 86 88 89 90 92 94 101 105 108 111 114 116 120 128 129 131 133 140 143 149 153 157 158 164 169 174 177 184 186 189 191 197 201 203 208 210 214 215 217 221 224 227 229 230 232 236 239 241 242 247 254 255 257 258 259 262 266
198 82 : 4 6 8 10 12 15 20 21 23 26 27 41 45 50 53 56 57 62 63 64 66 70 80 89 91 92 94 98 99 100 101 105 107 110 111 115 122 124 125 130 133 139 140 144 145 147 151 153 159 168 169 170 172 174 177 182 187 190 199 202 204 206 208 209 214 217 224 228 232 236 242 243 247 248 251 254 256 258 260 264 265 266
199 82 : 0 6 7 16 18 19 25 26 38 50 56 59 62 65 66 73 74 75 85 87 88 89 91 94 96 98 101 106 108 117 118 120 122 129 130 134 137 145 148 151 153 156 159 167 173 175 176 177 178 185 188 191 192 193 195 197 201 202 206 208 209 211 217 218 222 229 232 234 235 238 242 243 247 251 254 255 256 257 260 261 262 266
