N C E M
200 367 19900 9950
Opt_part_L_size, Opt_part_R_size, Opt_number_of_colors
49 151 75
N of L changes = 13
Min number of labels in a vertice, Max number of labels in a vertice
83 85
Solution Set
104(14) 63(15) 67(15) 195(15) 111(16) 146(16) 162(16) 25(16) 127(16) 151(16) 110(17) 136(17) 147(17) 322(61) 217(62) 245(66) 128(67) 354(68) 221(68) 124(69) 330(70) 343(71) 243(71) 332(72) 261(72) 251(73) 351(73) 273(73) 274(73) 152(75) 100(75) 365(76) 320(76) 101(77) 42(77) 203(77) 170(77) 133(77) 24(78) 0(78) 119(79) 212(79) 255(79) 215(79) 223(80) 234(80) 70(80) 269(80) 167(80) 342(80) 44(80) 270(80) 201(81) 253(81) 106(82) 220(82) 65(82) 353(83) 174(83) 307(83) 143(83) 278(83) 180(85) 9(85) 334(85) 80(86) 200(87) 66(87) 318(87) 145(87) 260(88) 112(89) 185(89) 78(90) 324(93) 
Number of edges by Color (l n)
0 324 93
1 78 90
2 112 89
3 185 89
4 260 88
5 66 87
6 145 87
7 200 87
8 318 87
9 80 86
10 9 85
11 180 85
12 334 85
13 143 83
14 174 83
15 278 83
16 307 83
17 353 83
18 65 82
19 106 82
20 220 82
21 201 81
22 253 81
23 44 80
24 70 80
25 167 80
26 223 80
27 234 80
28 269 80
29 270 80
30 342 80
31 119 79
32 212 79
33 215 79
34 255 79
35 0 78
36 24 78
37 42 77
38 101 77
39 133 77
40 170 77
41 203 77
42 320 76
43 365 76
44 100 75
45 152 75
46 251 73
47 273 73
48 274 73
49 351 73
50 261 72
51 332 72
52 243 71
53 343 71
54 330 70
55 124 69
56 221 68
57 354 68
58 128 67
59 245 66
60 217 62
61 322 61
62 177 23
63 10 21
64 46 21
65 2 20
66 29 20
67 39 20
68 164 20
69 230 20
70 31 19
71 45 19
72 59 19
73 72 19
74 74 19
75 79 19
76 81 19
77 96 19
78 122 19
79 138 19
80 150 19
81 159 19
82 192 19
83 240 19
84 242 19
85 259 19
86 263 19
87 321 19
88 335 19
89 336 19
90 11 18
91 16 18
92 19 18
93 23 18
94 35 18
95 48 18
96 52 18
97 54 18
98 77 18
99 83 18
100 90 18
101 103 18
102 117 18
103 125 18
104 126 18
105 135 18
106 148 18
107 149 18
108 175 18
109 194 18
110 209 18
111 228 18
112 235 18
113 241 18
114 286 18
115 288 18
116 292 18
117 311 18
118 314 18
119 315 18
120 319 18
121 323 18
122 352 18
123 1 17
124 4 17
125 6 17
126 7 17
127 12 17
128 13 17
129 14 17
130 15 17
131 17 17
132 18 17
133 21 17
134 22 17
135 26 17
136 32 17
137 34 17
138 36 17
139 38 17
140 41 17
141 47 17
142 53 17
143 55 17
144 56 17
145 58 17
146 61 17
147 62 17
148 69 17
149 73 17
150 84 17
151 85 17
152 92 17
153 102 17
154 107 17
155 108 17
156 110 17
157 116 17
158 118 17
159 121 17
160 123 17
161 130 17
162 136 17
163 147 17
164 156 17
165 157 17
166 165 17
167 169 17
168 171 17
169 172 17
170 173 17
171 176 17
172 183 17
173 184 17
174 189 17
175 197 17
176 206 17
177 207 17
178 213 17
179 218 17
180 233 17
181 236 17
182 249 17
183 258 17
184 264 17
185 279 17
186 280 17
187 281 17
188 290 17
189 305 17
190 308 17
191 333 17
192 338 17
193 341 17
194 344 17
195 349 17
196 361 17
197 3 16
198 5 16
199 8 16
200 20 16
201 25 16
202 27 16
203 28 16
204 30 16
205 33 16
206 37 16
207 40 16
208 43 16
209 49 16
210 50 16
211 51 16
212 57 16
213 60 16
214 64 16
215 68 16
216 71 16
217 75 16
218 76 16
219 82 16
220 86 16
221 87 16
222 88 16
223 89 16
224 91 16
225 93 16
226 94 16
227 95 16
228 97 16
229 98 16
230 99 16
231 105 16
232 109 16
233 111 16
234 113 16
235 114 16
236 115 16
237 120 16
238 127 16
239 129 16
240 131 16
241 132 16
242 134 16
243 137 16
244 139 16
245 140 16
246 141 16
247 142 16
248 144 16
249 146 16
250 151 16
251 153 16
252 154 16
253 155 16
254 158 16
255 160 16
256 162 16
257 163 16
258 166 16
259 168 16
260 178 16
261 179 16
262 181 16
263 182 16
264 186 16
265 187 16
266 190 16
267 191 16
268 193 16
269 196 16
270 198 16
271 199 16
272 202 16
273 204 16
274 205 16
275 208 16
276 210 16
277 211 16
278 214 16
279 216 16
280 224 16
281 225 16
282 226 16
283 231 16
284 237 16
285 238 16
286 246 16
287 248 16
288 250 16
289 252 16
290 254 16
291 256 16
292 257 16
293 265 16
294 266 16
295 267 16
296 268 16
297 271 16
298 272 16
299 276 16
300 277 16
301 283 16
302 284 16
303 285 16
304 287 16
305 289 16
306 293 16
307 294 16
308 295 16
309 296 16
310 298 16
311 300 16
312 306 16
313 309 16
314 310 16
315 313 16
316 316 16
317 328 16
318 331 16
319 337 16
320 339 16
321 340 16
322 345 16
323 346 16
324 348 16
325 355 16
326 356 16
327 357 16
328 358 16
329 362 16
330 363 16
331 364 16
332 63 15
333 67 15
334 161 15
335 188 15
336 195 15
337 219 15
338 222 15
339 227 15
340 229 15
341 232 15
342 239 15
343 244 15
344 247 15
345 262 15
346 275 15
347 282 15
348 291 15
349 297 15
350 299 15
351 301 15
352 302 15
353 303 15
354 304 15
355 312 15
356 317 15
357 325 15
358 326 15
359 327 15
360 329 15
361 347 15
362 350 15
363 359 15
364 360 15
365 366 15
366 104 14
Label List by vertices (vertice Id, Number of labels : set of labels
0 84 : 0 11 12 15 18 20 21 22 24 34 40 44 45 53 57 60 63 67 70 71 72 73 77 78 79 80 84 98 99 100 101 103 106 107 113 119 123 124 126 128 129 133 134 145 149 151 152 161 169 171 172 184 186 189 203 215 219 221 223 236 238 245 250 258 259 269 270 271 276 281 291 302 307 314 324 327 329 330 332 336 337 342 354 355
1 84 : 0 7 9 11 23 24 27 28 41 42 51 54 56 57 60 72 78 80 83 87 88 90 91 93 98 99 100 101 105 106 109 110 115 119 121 123 125 127 128 134 139 141 146 159 167 168 183 184 200 201 210 212 225 232 234 236 238 246 247 248 250 253 254 260 261 268 269 270 273 274 279 283 300 303 318 334 335 338 343 346 351 355 365 366
2 84 : 0 1 3 4 9 10 15 17 23 24 39 40 42 44 48 55 64 69 72 77 78 80 81 89 92 93 97 101 112 121 124 129 130 138 142 143 145 152 161 170 173 175 176 187 190 198 206 212 215 217 222 224 227 241 242 243 245 247 248 249 255 259 261 278 285 293 300 306 310 315 319 320 322 330 332 334 335 343 348 351 357 361 362 365
3 84 : 8 9 11 13 19 24 29 34 42 43 44 46 57 58 70 79 83 84 86 87 95 100 102 103 105 108 115 116 123 130 134 143 154 159 164 166 168 170 174 185 186 187 193 194 198 199 203 206 207 208 212 215 220 223 232 239 241 252 254 255 256 260 261 268 273 274 278 279 281 292 294 298 311 313 320 322 328 332 333 336 347 351 361 366
4 84 : 0 8 9 24 26 31 42 44 51 62 66 70 76 78 79 80 85 96 100 102 103 106 112 113 114 115 119 121 124 128 133 138 144 145 152 157 159 162 167 170 171 172 174 181 182 185 186 194 201 206 208 210 212 215 218 221 223 244 245 246 251 253 260 270 273 274 278 284 299 307 318 322 325 330 332 333 334 341 342 343 351 353 360 365
5 84 : 1 2 7 9 13 14 16 18 19 26 32 44 65 70 72 77 78 80 87 98 104 107 112 116 117 119 123 127 133 135 136 139 145 146 147 148 150 152 155 162 167 169 171 180 185 188 197 198 209 211 217 220 222 225 230 235 242 244 246 248 253 254 255 257 262 269 271 295 296 301 304 307 315 319 330 331 337 338 342 348 352 353 365 366
6 84 : 2 4 11 15 21 24 25 29 42 48 65 66 68 73 77 83 100 101 105 106 108 112 117 120 123 125 127 128 132 133 134 136 140 152 156 157 167 179 181 182 188 201 202 203 205 215 220 223 224 225 231 235 244 245 250 251 253 255 257 261 269 274 276 278 283 289 294 299 306 307 309 311 317 324 327 334 338 343 347 352 354 355 358 365
7 84 : 0 2 15 16 19 25 26 28 36 42 43 44 52 53 55 56 61 66 72 75 77 81 84 85 88 100 101 113 117 119 123 138 143 147 150 156 165 167 172 174 177 180 182 191 200 201 204 208 210 214 215 217 220 221 223 233 238 243 253 255 260 261 262 263 269 273 274 275 278 280 290 291 308 316 318 323 324 335 340 342 348 351 353 364
8 85 : 0 2 6 7 9 14 22 24 26 34 44 49 55 65 66 70 80 81 83 89 98 100 101 106 110 112 118 119 120 124 128 133 139 142 143 152 167 169 170 178 179 185 200 203 207 210 211 212 215 220 221 223 228 234 236 243 245 248 253 255 260 261 264 269 270 272 274 278 291 298 307 310 311 322 324 326 330 334 335 338 342 343 353 354 365
9 84 : 0 1 4 6 12 22 24 30 36 37 42 48 51 53 55 62 63 65 70 76 83 88 89 100 101 102 106 114 116 118 119 133 136 137 139 140 142 143 159 164 172 174 177 179 180 184 185 208 210 216 230 236 246 254 259 260 265 270 274 277 278 282 286 289 290 292 293 299 300 303 306 318 320 325 334 338 342 343 344 345 353 354 361 362
10 85 : 0 2 8 10 18 20 29 42 44 46 47 58 63 65 66 70 72 75 76 78 83 101 104 106 112 119 124 126 128 129 130 136 143 145 147 164 167 170 171 174 180 184 185 190 198 200 201 208 209 212 214 215 220 229 236 239 242 243 249 253 255 260 269 270 273 274 277 278 293 307 309 318 320 324 332 333 339 343 344 351 353 354 355 357 365
11 84 : 1 3 5 12 17 18 20 35 38 39 42 47 48 52 57 64 67 70 76 77 78 80 84 101 105 107 112 117 119 126 129 133 140 141 143 144 145 150 151 152 159 171 174 175 180 181 191 195 203 204 208 215 220 225 226 228 235 237 242 249 253 256 260 265 266 267 274 287 289 305 309 312 313 315 317 320 325 343 351 353 354 361 364 365
12 84 : 6 7 12 15 24 26 28 31 34 36 39 45 58 70 78 80 82 84 93 96 98 110 119 124 125 126 130 135 136 145 150 156 160 162 169 171 174 176 178 186 188 190 200 201 202 211 215 217 220 221 227 233 234 236 237 243 259 266 270 271 274 278 280 283 287 293 295 303 305 324 329 330 334 336 341 342 344 351 353 357 359 360 361 362
13 84 : 0 2 4 5 9 12 31 34 41 42 46 53 54 68 78 80 89 91 99 103 105 106 112 118 128 131 137 145 147 149 152 158 160 165 169 170 172 174 175 176 177 179 192 199 204 209 212 214 221 223 230 232 237 242 246 250 253 256 259 262 269 272 273 274 276 278 279 283 284 287 291 297 299 307 310 320 324 325 332 341 345 349 351 354
14 84 : 12 23 24 33 42 43 44 45 48 52 54 62 64 65 67 78 81 84 86 87 91 98 100 101 103 117 118 128 129 145 149 152 157 174 178 183 188 189 198 200 201 203 204 211 212 214 215 218 223 228 230 234 240 246 247 250 251 255 257 262 270 275 277 279 282 283 287 288 289 296 298 312 318 319 320 322 332 334 340 344 352 354 364 366
15 84 : 0 1 8 23 26 27 34 36 40 41 44 55 60 63 65 67 74 77 80 88 97 108 119 120 124 125 129 130 135 136 138 139 141 144 145 147 173 175 176 177 178 180 185 198 200 209 211 212 215 217 220 223 238 243 253 260 261 267 269 270 272 276 278 283 292 297 300 302 307 309 312 319 321 322 323 324 327 329 336 340 343 352 354 366
16 84 : 0 2 9 12 24 41 42 44 65 67 78 79 80 82 84 101 106 107 109 112 117 119 122 124 128 132 133 143 145 152 156 167 174 176 182 183 185 195 197 199 200 205 212 215 217 220 221 222 223 230 234 242 243 251 253 255 256 260 261 264 269 270 273 274 278 282 285 290 292 306 310 314 318 322 324 326 331 332 334 342 343 350 351 359
17 84 : 0 2 6 8 13 14 15 20 21 22 23 26 27 33 42 45 46 47 53 70 78 79 80 85 96 113 117 120 123 124 126 127 133 135 138 154 156 159 164 167 169 180 183 185 187 197 201 203 215 221 223 229 234 237 238 243 251 253 255 260 264 268 274 278 281 286 289 296 304 308 310 315 326 327 332 334 335 336 342 344 351 353 365 366
18 84 : 20 21 28 29 36 37 46 49 52 56 65 67 69 70 77 78 87 92 97 99 100 106 114 123 127 128 130 132 137 142 143 144 145 152 161 164 167 175 177 185 186 187 191 209 210 224 225 227 230 235 240 245 247 249 251 254 255 261 265 269 273 274 276 282 289 290 292 302 307 318 322 323 324 328 335 338 339 340 341 343 350 353 354 357
19 84 : 2 3 5 9 14 15 24 27 29 33 53 56 59 65 69 71 73 80 91 93 101 103 104 106 112 124 130 133 135 136 143 148 149 153 156 158 164 167 169 170 185 191 194 203 212 215 220 223 225 233 235 240 243 251 255 257 260 266 269 272 274 277 281 282 283 285 290 296 303 314 315 318 320 324 330 336 342 343 344 350 351 361 364 365
20 84 : 6 7 25 27 38 39 42 43 44 47 50 54 63 64 65 71 74 76 80 81 87 92 94 98 99 100 104 107 116 123 128 130 143 145 150 152 159 169 172 179 180 185 188 192 195 198 201 203 206 209 220 221 224 225 228 229 234 236 241 251 252 255 256 258 260 261 274 276 282 297 301 308 320 322 323 324 328 330 331 335 343 347 349 356
21 83 : 0 2 9 20 22 24 28 36 39 42 44 47 54 56 65 66 70 73 78 79 100 101 106 108 112 119 124 128 131 133 134 136 152 167 169 170 174 175 176 179 181 185 195 200 201 203 211 219 220 223 227 234 238 240 245 250 251 253 257 261 269 270 271 274 277 280 292 294 300 305 307 313 318 320 321 322 324 330 334 346 351 360 365
22 84 : 2 3 4 6 9 15 17 24 46 48 50 52 55 56 58 62 63 65 78 80 81 92 95 99 100 105 110 114 115 117 119 122 124 127 131 133 135 139 141 149 153 167 168 178 180 181 191 192 199 205 217 220 223 229 230 234 236 243 245 250 260 272 274 279 290 292 297 300 307 320 322 325 330 332 334 345 346 348 351 352 357 359 362 365
23 83 : 0 9 19 30 32 38 42 48 59 66 70 78 79 80 81 100 101 102 103 112 115 119 120 124 131 143 147 152 155 167 170 180 184 185 195 200 203 211 212 215 217 218 221 231 233 245 250 251 253 255 257 260 261 264 269 270 274 282 287 292 300 301 307 309 318 320 321 322 323 324 328 329 330 332 334 342 343 348 351 353 354 364 365
24 84 : 0 4 8 9 10 24 27 31 35 36 38 49 50 54 55 61 62 63 64 68 70 78 80 83 89 90 93 100 101 106 108 112 119 125 128 133 139 144 148 152 154 159 160 168 169 171 174 175 183 195 199 208 212 220 223 230 241 242 243 244 245 251 253 254 258 260 261 263 264 267 269 274 280 286 290 326 332 334 337 342 354 355 358 363
25 84 : 3 7 14 21 22 29 31 36 37 50 53 55 60 65 66 67 68 69 80 87 91 102 106 113 115 117 119 124 127 131 138 151 152 158 170 171 173 174 180 189 195 200 206 212 215 216 219 223 237 241 246 251 253 258 268 269 273 274 275 279 281 284 288 294 301 305 316 318 320 324 327 328 329 332 334 335 338 343 344 345 354 355 363 365
26 84 : 9 34 36 39 42 47 50 54 65 66 68 69 75 78 80 83 93 95 96 97 98 101 102 104 119 124 126 127 129 130 133 135 138 145 147 150 152 166 167 168 170 174 175 177 180 185 194 198 207 212 220 221 222 223 235 240 245 253 261 264 268 269 271 274 278 283 285 289 303 305 307 311 318 320 325 332 333 336 340 341 345 354 363 365
27 84 : 3 9 24 30 31 34 42 44 49 50 53 54 65 82 94 95 100 103 109 112 119 120 128 133 134 143 148 151 152 162 164 168 170 182 184 185 193 198 200 201 202 203 205 207 212 218 220 221 222 223 226 231 234 237 239 251 253 259 265 269 270 274 278 280 288 290 294 300 305 308 314 320 322 324 332 334 336 342 347 349 350 353 357 364
28 84 : 0 1 9 12 13 19 24 29 36 40 46 52 60 65 66 68 70 71 78 83 93 94 100 106 112 115 118 119 124 133 140 143 145 152 155 161 170 174 175 185 189 195 196 200 201 203 212 217 220 222 223 231 234 245 246 247 248 249 251 253 260 269 270 273 274 275 278 280 296 304 305 309 314 317 318 321 322 323 330 332 334 340 351 365
29 85 : 0 9 10 24 32 39 42 44 47 59 70 76 78 80 81 90 91 100 101 106 107 109 112 117 118 119 124 127 128 131 133 141 143 145 170 172 178 180 185 200 201 203 204 212 217 218 220 223 232 241 243 245 251 253 258 260 261 264 269 270 272 273 278 290 297 300 301 307 309 316 318 320 324 327 329 330 334 338 343 349 351 353 354 364 365
30 85 : 10 13 14 27 30 34 35 40 41 48 65 66 70 71 78 79 81 91 94 97 101 103 114 119 126 133 139 141 143 144 145 147 150 156 161 168 170 173 174 176 177 180 184 185 191 195 201 203 205 208 209 217 232 235 238 242 247 249 251 255 260 262 265 271 273 274 278 288 291 295 303 313 314 317 326 332 334 339 342 345 349 351 354 360 365
31 84 : 0 3 4 7 9 13 22 23 27 28 29 30 35 36 42 44 45 48 49 56 60 65 66 70 79 81 84 86 88 91 106 107 119 124 129 138 143 144 145 149 151 152 154 156 163 165 174 178 184 185 187 196 200 202 204 207 211 220 221 223 225 228 234 241 245 248 252 253 267 270 278 287 289 295 298 307 325 326 332 334 343 350 351 357
32 84 : 9 16 23 27 29 40 42 51 57 60 66 70 73 76 80 88 100 101 106 112 114 125 134 140 145 146 149 150 152 153 155 156 167 168 173 175 177 180 187 191 194 200 201 203 207 212 214 216 217 219 220 229 251 256 257 259 260 263 265 269 272 275 282 285 288 297 306 307 309 318 320 322 324 325 328 337 343 346 348 351 354 356 360 362
33 84 : 0 2 9 10 15 17 19 24 29 32 34 44 49 50 66 70 71 74 75 80 85 86 93 101 102 108 111 112 117 119 128 131 139 143 145 157 174 179 180 185 186 188 200 203 204 205 214 215 216 217 220 221 222 237 241 242 251 252 255 257 258 261 263 270 273 280 281 282 288 293 302 308 309 316 320 329 338 340 343 345 351 356 360 365
34 84 : 0 1 9 11 17 22 30 39 53 55 66 70 73 75 78 80 88 92 94 101 110 112 128 129 131 132 133 143 145 148 150 151 155 162 163 167 170 173 174 180 182 185 186 190 208 212 215 217 220 221 223 231 233 234 235 237 245 251 253 255 260 261 269 272 273 274 278 283 284 289 296 307 311 316 320 322 324 334 342 343 353 354 359 365
35 83 : 0 3 9 10 12 24 37 38 40 42 54 61 62 66 69 70 73 80 82 89 92 94 103 112 119 124 128 132 133 142 143 145 152 154 157 167 169 170 176 178 180 185 195 197 201 203 211 212 215 217 220 223 229 232 240 243 245 251 253 260 269 270 273 278 287 289 294 299 307 320 322 326 330 332 335 342 343 344 351 353 354 362 366
36 84 : 0 3 9 13 18 25 28 37 44 51 62 65 66 69 70 71 73 78 80 84 96 98 100 101 106 119 121 124 126 128 129 133 134 138 145 152 153 154 160 162 167 180 184 185 190 200 203 212 216 217 219 220 223 225 228 234 240 245 251 253 260 269 270 271 273 274 278 286 298 307 310 318 320 322 324 330 334 342 343 347 350 353 354 365
37 84 : 5 9 10 14 24 25 29 30 31 36 41 45 47 52 55 61 64 69 71 72 78 80 81 91 92 96 100 102 103 109 112 113 124 133 134 142 143 145 152 157 167 171 173 180 184 188 192 194 198 203 206 210 215 221 236 243 244 245 251 260 261 263 265 268 273 278 286 287 293 295 299 307 308 316 318 320 328 339 342 344 349 354 358 361
38 84 : 0 2 4 5 11 13 14 15 16 21 23 25 41 44 47 56 59 65 68 71 75 81 85 90 92 97 101 105 107 112 120 124 126 133 158 164 169 170 172 174 180 181 185 188 191 203 205 206 208 212 222 223 225 228 242 243 245 254 257 259 260 261 267 269 270 271 278 285 293 295 301 310 314 316 321 323 324 328 338 340 347 353 363 365
39 84 : 0 3 4 9 19 24 32 42 44 47 60 65 66 68 70 78 80 85 90 93 100 101 107 111 113 116 119 124 128 140 141 143 144 148 152 154 155 157 164 167 170 174 180 184 185 197 200 201 202 203 212 215 217 220 223 229 234 236 253 255 261 264 269 274 275 278 281 284 288 307 318 320 324 330 332 333 334 341 343 353 354 358 359 365
40 84 : 6 7 16 19 27 42 57 61 65 66 67 69 70 73 76 78 79 82 92 94 105 107 117 130 133 136 145 147 148 152 157 162 164 167 176 189 193 196 199 200 201 213 215 221 223 224 231 235 236 239 243 247 251 255 256 258 259 261 266 269 270 274 275 278 286 287 292 296 298 301 307 308 312 317 319 320 323 331 332 338 348 351 354 357
41 84 : 0 2 5 6 7 18 20 23 26 29 35 38 39 40 43 52 61 69 70 72 74 78 80 82 95 105 106 107 108 112 123 128 135 137 139 141 143 145 146 160 161 163 167 170 183 185 188 201 203 205 209 212 223 239 244 249 253 257 260 268 275 281 283 286 295 300 305 307 308 312 316 320 321 324 330 333 338 341 342 344 349 352 353 365
42 84 : 0 1 2 8 9 12 18 21 32 37 39 41 42 45 47 50 53 54 55 56 57 63 65 66 70 75 80 81 82 83 97 101 112 118 119 124 130 131 135 143 146 152 169 174 175 180 187 188 200 201 205 208 212 215 221 224 225 226 229 237 245 251 256 257 263 281 287 295 296 297 302 308 318 322 324 334 335 343 346 347 348 355 365 366
43 84 : 4 5 9 13 16 18 24 29 40 42 43 44 46 48 57 58 60 65 66 70 71 74 78 81 89 99 100 102 107 119 133 134 144 146 154 155 157 159 162 166 170 172 173 174 175 185 190 194 197 201 204 212 213 215 217 219 220 238 241 245 249 251 252 254 255 260 262 265 269 272 274 286 287 296 307 309 312 318 323 332 333 338 353 356
44 84 : 9 10 15 18 24 28 33 35 42 48 63 65 66 70 80 81 90 94 96 98 100 101 112 119 121 128 143 145 152 155 157 163 167 170 174 180 184 185 200 203 204 209 212 217 218 220 221 223 225 227 234 236 238 242 245 248 251 253 255 260 261 268 269 270 273 274 283 303 307 318 320 324 326 329 330 331 332 334 341 342 343 353 354 365
45 84 : 0 2 5 18 20 30 32 34 36 42 49 52 53 54 56 66 71 84 91 97 98 99 100 103 104 106 107 112 114 124 127 129 133 136 146 155 160 162 167 172 180 185 187 191 197 201 202 205 208 209 215 217 221 226 229 234 237 240 243 244 249 260 270 271 278 291 293 299 300 303 307 308 314 318 323 326 330 334 335 342 345 351 353 358
46 84 : 0 9 16 21 23 24 27 30 31 34 39 41 45 58 61 66 67 68 69 71 73 78 80 85 93 94 95 99 106 110 114 119 120 124 127 131 135 137 142 145 148 165 166 167 179 180 187 188 192 205 208 215 225 231 236 237 243 245 246 253 255 256 257 260 266 270 273 278 279 285 295 299 313 314 324 325 330 334 335 342 343 352 358 363
47 83 : 0 6 8 10 12 17 25 35 44 59 65 66 67 76 77 78 80 85 90 100 101 106 112 119 120 133 143 145 152 154 167 170 171 174 176 177 180 185 194 197 200 201 203 212 217 218 220 221 223 230 232 234 235 243 245 248 251 253 260 261 269 270 274 278 287 290 294 305 307 318 320 324 330 332 335 340 342 345 346 351 353 354 365
48 83 : 2 7 8 10 20 24 29 44 50 51 53 61 62 65 66 70 79 80 86 88 92 95 97 100 106 111 113 121 125 127 129 130 136 137 138 143 146 147 150 180 189 191 204 209 215 217 221 222 226 230 233 234 236 237 242 244 247 248 251 255 260 261 274 283 291 295 302 307 317 318 322 325 334 337 340 342 343 346 352 353 354 356 365
49 84 : 0 6 11 12 13 24 26 28 29 31 37 44 51 55 69 70 72 75 77 85 86 94 100 101 107 108 112 113 114 118 119 124 128 133 140 141 150 155 158 166 167 173 174 180 192 193 194 197 200 201 203 204 218 226 233 242 245 250 251 253 254 255 263 265 272 274 280 286 298 302 306 309 312 317 318 324 328 334 336 348 353 358 361 365
50 84 : 7 9 10 17 21 22 24 28 31 37 41 46 53 55 61 63 65 68 83 85 87 88 89 93 99 100 103 109 112 117 119 123 129 134 137 141 145 146 151 165 170 172 175 177 178 188 189 195 200 204 209 213 215 224 232 233 236 238 243 247 251 258 260 266 269 270 271 272 274 289 295 307 315 321 322 326 331 334 335 343 347 351 353 363
51 84 : 10 13 16 29 30 31 36 42 44 60 63 65 66 67 75 77 78 88 93 100 105 106 117 118 122 127 129 134 138 151 152 155 162 163 166 167 172 174 175 178 182 183 189 190 195 196 201 203 217 223 224 225 230 233 251 253 255 259 260 261 263 265 271 274 278 283 288 292 299 302 309 313 322 324 325 330 334 339 343 353 357 360 364 365
52 84 : 0 5 7 11 13 18 20 21 22 24 27 30 33 38 39 42 44 47 50 58 59 62 65 69 71 76 78 79 89 97 100 101 107 114 122 133 141 143 145 149 159 160 170 177 180 196 200 201 202 203 204 220 229 234 235 237 242 249 250 253 256 260 263 269 273 274 279 280 284 294 297 307 310 317 320 321 322 328 330 332 344 351 365 366
53 84 : 9 24 29 41 46 49 59 70 74 93 97 100 110 112 114 118 126 127 128 133 143 145 146 152 157 159 160 165 180 181 193 195 197 200 201 202 207 209 212 213 214 219 220 221 223 239 240 241 243 251 253 254 255 256 259 264 266 275 278 287 297 298 299 303 307 311 318 319 321 323 324 325 326 330 334 342 343 346 347 348 353 354 362 366
54 84 : 0 9 11 12 14 15 24 28 29 37 38 40 42 47 51 53 69 71 75 79 80 82 98 100 117 119 122 124 125 126 128 129 139 140 143 152 155 166 183 185 191 194 205 210 212 213 221 230 231 234 235 241 250 251 253 256 258 259 265 266 273 278 280 285 287 291 292 308 311 319 320 329 330 332 334 336 343 345 346 348 351 352 363 365
55 83 : 4 6 9 12 20 23 24 25 33 49 60 65 70 71 80 81 84 87 93 101 107 110 116 122 130 138 139 140 143 149 151 152 163 170 171 180 187 197 200 201 202 205 209 218 222 223 224 226 227 230 231 233 236 242 245 248 249 253 255 261 265 266 269 270 275 280 291 292 303 307 322 324 330 334 337 342 345 351 357 361 362 363 364
56 84 : 0 14 20 24 28 37 44 46 50 52 55 58 60 61 65 72 82 84 85 89 107 109 121 122 123 126 127 128 134 135 137 140 141 144 145 154 164 170 171 173 175 176 185 190 193 199 201 203 207 208 210 215 216 222 231 233 236 239 243 244 251 253 255 261 265 270 279 299 307 308 315 317 319 321 326 330 332 333 334 342 353 360 361 365
57 83 : 0 9 16 21 24 25 30 42 44 46 55 57 62 66 70 75 78 80 86 96 100 101 112 113 119 124 128 131 133 143 157 159 161 165 167 170 174 180 185 192 197 200 201 203 211 212 215 220 221 223 225 229 234 238 242 243 251 252 253 260 261 263 269 273 274 278 285 295 307 310 320 322 324 330 334 339 342 343 349 351 353 354 360
58 84 : 5 6 14 32 34 35 38 39 43 46 47 48 61 66 70 75 82 83 90 95 97 101 111 112 116 119 122 124 125 128 131 139 145 152 156 158 167 174 177 179 180 183 185 194 199 200 201 204 216 234 236 242 243 245 255 256 258 259 262 265 269 271 277 278 279 284 291 292 295 296 304 312 316 320 322 328 335 338 339 340 352 357 363 365
59 84 : 0 4 16 20 21 25 32 35 38 39 40 43 44 47 49 58 75 78 79 92 93 94 96 100 101 103 109 122 123 138 139 144 145 149 150 152 153 158 166 167 170 175 180 191 194 196 200 201 203 207 209 210 211 213 219 221 223 224 251 253 254 255 258 268 269 271 283 286 287 293 295 307 313 318 322 330 331 341 342 343 359 361 363 365
60 83 : 0 3 9 11 16 20 24 43 46 49 50 51 56 57 65 70 71 74 75 78 80 81 84 87 89 91 92 97 105 106 108 109 117 121 128 133 136 138 156 157 159 163 165 168 179 180 184 213 218 222 223 230 241 245 247 251 253 255 260 261 263 274 282 289 291 295 309 318 319 321 322 324 327 329 330 334 339 342 343 350 352 353 354
61 84 : 7 9 10 22 24 30 44 50 54 58 65 66 74 78 80 82 84 89 91 93 98 101 105 106 111 112 114 115 119 124 125 136 137 138 139 143 150 157 162 164 171 175 177 179 183 192 196 199 202 208 215 222 232 234 235 243 247 248 251 252 253 258 259 261 266 269 274 275 278 280 286 296 300 307 310 313 318 322 330 334 342 353 361 363
62 84 : 0 2 7 15 16 22 27 33 41 42 43 51 61 65 78 81 82 83 89 95 99 101 103 106 111 116 119 120 122 125 132 147 152 157 158 174 180 181 186 187 192 200 202 203 212 213 221 223 224 230 231 236 242 250 251 255 265 271 273 277 285 291 295 301 306 311 315 318 320 321 324 329 330 338 342 343 349 354 356 357 358 364 365 366
63 83 : 0 9 14 24 29 35 42 44 46 51 65 67 74 78 82 100 101 106 112 120 123 124 126 128 133 145 148 152 157 160 163 165 166 167 170 180 182 185 190 192 195 200 201 209 215 217 220 221 223 228 230 234 240 245 246 251 253 255 258 260 261 267 270 273 274 278 307 308 310 313 316 318 320 324 332 333 334 341 342 343 351 359 365
64 84 : 0 20 24 31 39 44 45 49 55 57 59 63 66 70 71 74 76 85 92 93 97 101 114 119 121 122 124 128 137 142 147 149 153 158 164 173 177 178 187 189 191 192 200 201 204 208 211 212 215 220 232 234 235 237 239 247 250 253 254 255 258 259 260 269 270 286 303 308 313 317 320 322 323 328 332 341 343 348 351 353 354 355 358 360
65 84 : 7 10 11 15 17 18 21 24 26 34 36 39 42 56 57 66 70 74 75 76 78 82 101 109 110 111 112 115 118 124 140 143 146 155 163 168 170 174 178 180 183 191 192 200 203 207 209 213 216 217 218 220 221 226 230 233 237 240 243 248 250 251 260 270 271 280 287 288 307 309 310 311 312 318 320 324 327 334 342 344 348 352 353 355
66 84 : 3 4 5 8 9 16 24 25 33 42 43 51 53 56 58 60 65 66 70 71 73 83 85 88 89 93 95 100 103 106 112 116 125 128 132 139 143 149 158 159 162 165 167 170 185 191 200 201 202 204 210 221 230 233 235 241 243 245 249 253 258 260 266 271 273 274 280 290 298 299 300 305 313 317 319 320 324 332 339 342 349 353 363 365
67 84 : 0 2 9 13 22 26 42 43 44 54 65 66 70 78 82 96 100 101 102 103 112 117 119 121 124 129 133 143 145 146 147 148 150 152 159 167 170 174 180 185 200 201 203 212 215 217 220 221 223 230 234 239 241 243 245 248 251 253 254 255 256 260 269 270 271 274 275 278 280 293 300 307 308 314 318 322 330 332 334 343 353 354 362 365
68 84 : 0 6 9 14 23 24 27 30 33 42 49 51 64 65 66 69 71 78 79 88 96 97 101 107 112 115 120 121 122 124 125 127 129 141 146 149 150 162 165 166 167 174 182 190 192 200 206 207 216 217 221 223 224 233 236 242 243 245 248 250 251 255 256 260 265 266 268 269 270 273 275 278 290 291 292 294 307 322 328 334 344 355 362 363
69 84 : 0 5 8 9 11 13 15 21 26 34 38 45 46 47 53 55 58 65 69 70 78 82 86 87 88 96 97 101 102 106 112 119 121 122 125 133 136 138 143 162 167 171 172 174 178 180 184 190 191 193 195 201 203 215 221 230 243 247 251 258 259 261 265 269 270 273 275 278 281 284 291 301 307 322 329 334 339 343 348 350 353 356 357 365
70 84 : 10 12 13 22 24 25 26 28 29 31 32 33 44 49 50 62 64 66 68 70 72 77 80 83 87 90 95 101 102 111 112 117 120 133 139 143 145 151 152 158 162 163 164 170 178 179 194 197 200 204 206 210 212 213 214 217 219 221 225 231 232 233 234 239 245 255 271 282 289 306 313 317 319 321 322 326 328 342 348 351 352 353 360 363
71 84 : 0 10 24 31 42 43 44 53 54 66 70 72 78 88 100 101 102 106 112 119 124 126 128 130 133 139 143 145 148 152 156 157 158 161 167 169 170 174 180 182 185 186 200 201 206 220 221 226 232 234 237 243 251 252 253 255 260 261 269 270 271 273 276 278 280 286 291 294 298 307 313 316 318 320 324 325 330 334 342 343 346 353 361 365
72 84 : 0 2 9 10 13 17 18 24 42 43 45 48 54 60 66 68 70 75 80 100 101 102 106 110 112 116 119 122 128 133 143 145 147 155 161 165 168 170 171 174 175 180 196 201 203 212 215 216 220 223 228 234 237 243 245 247 251 253 254 255 260 261 270 274 278 283 294 301 307 309 310 313 320 322 324 330 332 333 334 342 344 345 352 354
73 84 : 6 15 16 23 40 44 45 48 52 65 69 80 81 88 90 92 93 95 98 105 107 111 112 119 130 131 135 136 139 142 143 147 152 165 171 174 180 185 198 199 201 206 209 212 216 220 222 223 225 234 235 237 243 255 256 257 260 261 269 273 275 277 278 279 282 284 290 302 304 307 316 318 322 324 328 331 335 336 338 342 344 356 359 365
74 84 : 1 3 6 7 8 9 13 19 42 56 66 67 80 81 82 87 103 104 106 110 119 124 125 130 131 132 134 137 138 140 152 154 158 159 164 167 176 178 185 188 192 199 204 214 215 216 220 223 224 227 234 240 243 245 249 250 252 255 256 261 264 265 269 270 273 288 294 300 301 302 318 322 324 326 332 334 335 341 342 343 353 357 362 366
75 83 : 2 21 24 35 36 38 42 44 47 62 69 70 71 73 92 96 106 107 119 120 122 125 131 132 133 143 145 152 153 154 155 156 167 174 177 179 185 190 200 202 206 208 212 217 220 224 225 229 237 245 248 249 253 255 259 261 264 270 273 275 279 290 297 299 306 311 314 327 330 332 334 335 338 340 343 346 350 352 354 359 360 363 364
76 84 : 0 1 4 5 8 11 22 23 24 32 50 66 70 75 79 84 85 87 100 106 110 112 117 120 126 129 138 141 142 147 148 150 157 164 167 168 169 180 183 185 192 197 200 203 206 215 221 224 233 234 241 242 245 247 251 252 255 263 264 269 270 273 282 283 291 297 298 309 313 316 318 320 321 324 332 334 335 338 342 349 350 356 357 358
77 83 : 11 17 20 21 22 24 28 33 34 36 44 49 53 63 65 66 74 78 80 94 98 103 104 106 112 115 116 119 124 128 129 131 133 135 137 142 145 150 152 157 160 165 173 180 184 185 189 193 194 199 200 203 206 213 215 217 222 230 244 249 253 255 256 260 261 263 270 273 277 284 297 306 307 310 312 318 321 322 334 337 340 344 353
78 83 : 0 7 11 26 29 30 42 44 58 61 65 67 70 77 84 92 98 101 103 108 119 124 131 132 140 143 164 169 170 177 180 182 183 185 186 191 192 200 211 212 217 219 221 222 224 230 234 237 243 245 246 248 255 258 259 261 270 276 285 293 298 299 302 311 314 315 316 318 319 320 322 323 338 339 345 346 349 351 353 355 357 360 363
79 84 : 10 22 27 39 40 43 44 48 53 56 58 65 66 67 78 83 85 87 89 94 100 103 104 106 107 109 112 122 126 133 136 154 163 166 167 170 171 174 181 188 189 190 192 198 200 206 207 208 214 215 220 222 223 225 226 227 234 236 245 259 260 270 272 273 275 280 286 289 293 307 313 318 323 326 330 334 335 336 337 340 343 345 351 352
80 84 : 0 1 5 9 24 28 38 42 43 46 53 58 63 65 66 77 78 80 98 100 106 114 119 124 128 133 135 143 145 147 149 152 174 180 185 194 200 201 202 203 205 212 213 215 217 220 221 228 234 240 242 243 245 251 253 255 258 260 261 264 268 269 273 274 278 281 285 296 305 307 310 315 318 320 322 342 343 344 351 353 354 359 361 365
81 84 : 0 4 9 11 23 32 35 37 42 45 46 47 51 52 53 54 60 64 65 66 76 78 100 105 106 107 108 109 111 119 130 133 135 138 145 146 148 152 155 168 173 179 182 184 185 188 190 198 200 201 203 210 214 215 227 229 230 233 234 253 264 267 269 273 278 279 290 294 302 304 307 309 315 318 328 332 334 336 340 343 352 353 354 363
82 83 : 0 17 18 22 24 35 49 53 72 78 80 85 96 98 104 108 112 119 121 123 129 130 133 140 142 143 145 151 152 155 156 159 160 167 170 172 175 176 177 178 189 190 196 205 209 210 215 219 226 233 235 239 242 243 249 253 254 262 263 266 267 269 274 284 298 304 311 312 313 318 320 321 330 333 339 343 344 353 354 355 358 364 365
83 83 : 0 19 24 25 26 27 30 31 37 40 41 47 49 58 61 65 66 67 74 80 84 89 91 96 101 110 112 124 128 133 145 156 160 163 170 172 176 178 180 182 185 186 187 188 193 201 213 215 216 230 232 234 239 241 246 253 256 260 261 266 269 273 274 276 278 286 304 307 308 312 318 320 321 324 325 330 332 337 340 342 351 353 354
84 83 : 2 10 12 20 30 32 36 42 44 57 61 64 65 66 68 70 78 80 91 94 100 112 113 119 128 133 135 145 146 152 154 159 161 167 168 170 174 177 180 186 189 200 201 209 213 215 220 223 228 234 238 239 251 253 255 260 261 269 270 274 277 280 289 295 297 303 304 307 318 320 321 322 324 325 330 332 334 339 342 343 353 354 365
85 83 : 13 15 18 44 46 47 60 61 64 65 66 67 68 72 78 89 90 97 99 101 105 106 119 124 126 128 136 140 154 155 158 165 167 168 175 180 186 187 192 196 199 200 201 230 234 236 238 246 249 258 259 261 263 269 270 273 274 278 281 285 288 293 294 306 307 316 318 319 321 323 325 331 332 335 347 349 353 354 356 360 362 364 365
86 84 : 9 10 14 15 19 21 22 24 47 48 51 57 58 63 64 65 73 78 79 82 87 89 93 98 101 104 109 111 112 117 121 128 130 133 152 157 161 166 168 169 170 179 189 192 194 202 203 206 207 208 212 215 216 219 220 223 227 228 234 243 244 251 255 256 257 260 269 274 277 278 284 287 295 298 319 322 326 330 331 337 346 353 356 364
87 83 : 0 4 16 17 24 31 37 42 44 46 47 54 55 65 68 72 74 78 84 85 93 94 105 107 111 112 118 119 120 125 128 132 133 139 141 145 153 155 159 167 174 180 181 185 198 199 200 201 203 211 212 213 222 223 224 232 234 240 242 243 251 253 255 259 260 262 263 265 266 273 274 284 286 290 299 309 320 335 342 354 357 361 365
88 84 : 0 3 11 15 19 26 33 41 42 44 56 63 70 72 74 78 79 80 94 100 101 106 107 112 115 119 122 124 125 128 129 135 143 152 162 164 166 167 174 177 179 180 189 193 195 203 210 212 217 219 224 230 234 241 243 245 253 257 270 273 286 292 296 298 306 318 319 324 329 332 333 334 335 338 339 342 344 345 348 351 354 356 361 365
89 84 : 6 9 10 13 18 21 25 26 29 38 40 43 44 49 52 57 59 65 66 69 70 74 97 105 106 110 112 113 114 119 120 123 131 133 136 143 150 153 156 163 170 174 176 178 180 186 187 198 199 201 202 203 209 212 215 220 225 231 234 245 249 251 253 257 261 262 264 267 269 281 288 296 306 312 314 320 341 342 343 348 350 353 356 357
90 84 : 0 1 5 6 17 24 25 28 35 36 44 48 57 65 66 69 72 77 78 87 95 96 101 115 119 121 123 124 125 133 135 137 143 145 151 152 154 161 167 170 172 173 174 177 179 184 188 192 193 196 197 200 201 206 209 210 212 213 214 215 217 220 227 231 238 243 245 251 254 269 273 277 298 315 320 326 328 336 338 339 342 353 358 359
91 83 : 0 1 5 8 13 16 18 23 24 26 27 32 36 38 48 49 52 54 73 75 78 80 92 95 99 104 106 109 112 120 128 133 137 139 143 146 151 164 167 176 177 178 185 193 202 203 208 213 223 227 228 232 236 238 242 243 245 248 251 252 260 261 269 271 273 277 278 282 308 315 321 330 333 336 342 343 345 348 351 357 362 363 366
92 84 : 1 2 3 7 9 19 20 24 27 29 37 42 43 44 49 54 56 59 70 75 82 85 90 93 100 101 106 108 142 143 145 166 168 170 172 175 180 194 195 197 203 205 207 213 214 216 220 224 230 232 234 238 240 241 245 253 255 260 276 277 278 282 283 303 304 309 314 318 322 327 329 330 334 337 338 346 348 351 352 353 355 359 360 365
93 83 : 1 2 5 9 21 28 41 42 44 45 48 50 62 65 66 76 81 85 89 95 108 109 111 117 118 121 127 128 133 134 138 144 148 149 151 152 153 168 170 174 181 185 201 203 214 215 218 225 228 239 240 244 245 246 250 252 255 260 267 269 273 283 302 306 307 308 309 319 320 325 328 334 337 342 343 344 349 350 352 353 358 362 365
94 84 : 0 6 17 24 31 39 41 42 47 49 52 53 56 65 66 68 70 78 79 80 82 84 90 100 101 106 112 119 124 128 133 135 145 152 163 164 166 170 174 176 180 185 201 212 218 220 223 226 232 240 242 243 249 250 251 253 255 260 261 268 269 270 273 274 278 288 289 299 307 310 314 318 320 322 330 332 340 342 343 346 350 351 353 360
95 83 : 7 8 12 17 18 21 24 26 27 31 35 42 43 47 51 56 59 69 78 79 86 90 94 98 100 101 102 103 112 115 122 124 128 130 132 140 145 148 156 167 170 174 183 185 189 191 196 201 210 214 216 220 221 224 229 231 240 241 252 270 273 278 292 296 297 304 305 306 307 309 316 317 319 321 337 338 341 343 349 351 358 359 365
96 84 : 4 7 16 25 26 34 41 43 44 45 47 50 57 58 61 70 73 85 101 106 109 110 111 116 120 122 139 140 143 145 152 153 162 165 166 167 170 172 174 176 188 197 200 201 203 212 213 215 221 222 245 251 253 259 261 265 267 269 270 274 278 282 284 293 302 311 318 320 324 326 327 328 332 334 338 339 344 349 351 353 354 357 359 360
97 84 : 0 1 9 10 12 17 19 25 28 30 38 39 41 42 55 66 72 99 101 103 104 110 112 119 123 130 137 140 143 145 148 152 161 162 166 170 174 175 181 184 186 191 198 207 212 215 219 220 221 223 232 234 236 241 242 243 244 249 253 255 256 262 268 271 273 277 279 283 288 290 296 307 319 322 329 330 339 343 347 350 351 356 358 363
98 84 : 9 19 22 24 28 46 47 49 54 55 66 67 70 71 75 77 79 80 96 100 108 110 117 121 123 124 125 134 140 145 151 159 160 171 172 176 177 180 187 193 195 201 212 215 220 223 226 227 232 234 236 243 255 257 258 260 263 264 265 270 273 274 275 278 280 293 294 301 304 306 324 330 331 333 341 342 343 347 351 354 356 358 363 364
99 84 : 0 9 19 24 28 32 34 39 42 44 46 52 62 65 68 70 74 80 83 100 106 109 112 114 118 119 124 126 129 132 133 143 145 146 152 167 168 170 174 180 185 199 200 201 206 211 212 215 216 220 223 224 234 242 243 245 251 255 257 260 270 273 274 277 278 280 288 305 307 313 320 322 324 326 330 332 334 341 343 345 351 353 354 365
100 83 : 1 9 11 12 15 16 22 23 24 26 29 42 43 52 57 58 65 82 87 92 94 100 101 106 112 114 116 118 124 134 137 141 142 143 148 149 154 160 163 164 173 175 176 179 185 186 190 200 203 223 229 234 236 238 241 244 245 260 261 265 267 273 277 281 286 287 288 289 294 301 308 317 320 322 324 327 338 340 341 342 353 354 362
101 83 : 1 3 4 6 17 19 28 42 44 58 61 63 73 75 78 80 81 83 88 102 106 114 115 116 119 121 143 145 148 149 150 151 160 169 182 183 189 196 198 203 204 208 211 212 213 215 224 226 230 233 234 242 243 253 255 267 269 282 285 286 289 290 292 300 302 303 304 311 317 318 320 321 322 324 330 332 333 337 344 351 353 362 365
102 84 : 3 9 10 11 14 20 22 24 29 32 35 45 47 54 58 62 66 80 81 85 94 99 100 107 112 121 122 124 127 128 138 145 146 149 152 154 167 170 176 179 180 182 183 185 189 200 201 203 204 212 213 218 237 241 243 249 252 257 264 270 271 272 277 283 286 290 293 296 297 302 304 305 316 317 324 325 327 339 342 346 351 353 361 365
103 84 : 11 19 21 24 33 36 37 48 51 55 66 68 80 81 89 96 101 102 103 108 111 112 113 119 120 121 124 128 134 139 142 143 144 145 150 152 153 159 160 163 165 169 171 173 174 179 182 184 192 198 209 211 212 214 218 220 226 227 245 247 255 270 275 277 278 281 290 293 295 297 303 304 307 308 311 314 318 324 347 349 351 353 355 365
104 83 : 0 2 3 14 16 18 24 33 35 44 65 74 76 78 80 82 100 101 106 119 122 123 124 128 133 145 170 177 179 180 194 200 201 211 215 217 218 219 220 221 223 224 228 234 241 242 243 245 248 250 252 253 255 260 261 270 273 274 278 281 282 289 298 304 307 310 317 318 320 322 328 330 332 334 342 343 346 351 353 354 355 361 365
105 83 : 1 2 7 11 12 15 29 41 42 43 44 50 66 70 77 78 80 86 93 95 97 100 101 103 105 110 116 125 128 133 136 141 150 154 157 160 170 175 176 177 178 184 185 190 199 201 216 217 225 231 232 234 236 241 243 244 253 259 260 265 269 270 273 275 278 284 286 295 298 304 310 316 317 318 321 322 323 324 327 331 334 342 353
106 83 : 0 12 13 14 16 19 25 30 35 37 45 50 56 62 63 67 70 77 80 94 101 106 119 120 123 124 132 133 136 140 161 168 170 174 181 182 184 186 187 197 201 202 204 205 207 212 217 221 223 226 243 244 245 248 250 261 263 269 273 281 289 290 299 302 307 310 311 313 318 319 324 328 329 330 332 333 345 349 351 353 354 358 360
107 84 : 8 9 24 31 32 42 44 51 55 66 70 75 76 95 98 100 101 106 110 117 119 128 132 133 134 142 144 145 154 156 159 165 170 174 176 177 183 185 194 196 199 200 201 203 204 214 220 221 223 224 227 235 238 244 245 250 251 262 284 286 288 293 298 301 304 307 315 317 318 329 330 331 332 334 336 337 338 339 343 352 353 356 360 365
108 83 : 0 9 14 15 27 37 42 49 73 74 77 80 96 97 102 105 108 110 111 112 115 124 128 138 141 145 149 153 173 177 180 185 190 194 200 203 206 207 213 216 217 221 223 228 232 234 248 249 251 252 254 255 262 264 268 269 271 272 274 278 280 284 288 290 292 298 300 307 313 320 324 331 332 333 334 336 346 351 353 354 355 358 365
109 83 : 0 7 8 9 14 22 24 27 31 59 60 61 65 66 80 86 90 106 107 111 112 119 126 128 133 143 145 147 152 156 159 170 174 180 185 187 191 201 203 212 215 217 219 220 221 223 228 234 243 245 246 251 253 255 258 260 261 269 270 272 273 278 281 287 289 296 301 307 318 320 321 324 330 332 334 336 339 341 342 351 353 354 365
110 84 : 0 2 3 6 9 24 34 42 44 59 63 65 66 70 74 78 80 83 96 98 100 101 102 106 112 118 119 124 126 128 130 133 143 145 152 156 161 163 167 170 174 175 180 184 185 186 192 203 212 215 251 253 254 255 260 261 269 270 273 274 276 278 280 281 286 307 309 311 314 320 322 324 326 332 334 340 342 343 349 351 353 354 363 365
111 83 : 0 1 4 20 24 28 31 43 44 52 59 66 67 70 78 88 96 100 102 103 104 106 110 120 122 126 128 133 142 144 152 160 162 165 170 171 175 179 180 187 191 192 195 197 200 207 209 215 220 234 241 243 245 261 274 275 276 277 278 279 281 284 288 293 299 307 314 315 317 318 320 321 324 333 335 342 343 347 353 354 356 359 366
112 84 : 0 5 8 9 10 30 33 37 57 61 62 64 65 67 72 74 76 80 81 82 83 100 106 110 112 113 119 121 122 124 140 148 156 180 181 184 185 189 193 201 202 203 205 209 212 219 220 221 226 229 234 238 240 247 248 253 255 258 261 262 267 273 274 287 299 300 303 305 306 307 311 316 317 323 327 330 334 337 342 346 353 354 361 364
113 83 : 0 11 12 18 19 24 28 31 38 44 55 56 58 60 61 64 66 69 70 71 77 84 97 108 113 119 120 124 126 127 131 132 150 153 160 165 167 168 170 172 174 178 186 189 193 194 200 201 207 212 215 216 227 230 234 235 244 245 251 252 261 269 272 274 282 284 296 299 302 307 311 322 325 326 328 329 330 335 341 346 355 362 365
114 83 : 0 2 3 9 23 24 34 42 44 46 52 62 65 70 79 80 84 85 98 99 100 101 102 106 110 112 119 128 129 132 133 143 145 149 152 153 159 163 167 170 172 180 183 185 187 200 201 203 205 212 215 220 224 226 234 235 243 245 247 251 252 255 260 261 264 269 270 273 274 292 310 318 324 332 334 335 342 351 353 354 357 365 366
115 83 : 1 5 9 12 13 14 20 23 24 39 52 53 57 58 62 65 77 80 83 90 91 104 117 118 121 123 127 134 135 136 137 141 142 143 145 150 151 159 174 180 185 187 192 193 194 200 215 216 217 220 221 223 228 234 247 250 255 259 260 262 269 273 276 277 278 279 280 287 302 305 314 315 318 320 323 333 336 343 350 352 358 359 363
116 84 : 1 7 8 9 12 16 17 18 24 25 28 36 40 43 44 46 50 66 70 74 79 82 88 89 111 115 116 119 138 141 152 157 158 172 180 185 188 191 193 194 196 198 202 203 205 212 215 217 221 224 230 233 237 242 243 244 245 254 262 264 267 268 273 290 292 295 296 308 316 319 320 322 323 332 333 336 343 344 345 352 353 357 360 365
117 83 : 0 4 9 19 20 22 28 32 34 42 44 48 59 66 70 78 80 83 85 92 96 100 105 106 110 121 124 126 128 142 143 145 148 149 152 167 174 178 180 185 186 192 200 201 204 212 217 220 221 223 228 234 238 239 240 243 245 247 250 251 255 259 260 268 270 271 273 276 278 285 307 314 318 322 324 327 330 334 342 343 351 353 356
118 84 : 10 11 15 16 17 21 22 23 33 34 42 44 45 59 61 65 66 67 70 77 78 82 87 93 96 100 116 126 127 133 135 142 147 151 153 164 165 166 167 171 173 185 190 192 203 204 215 223 229 230 234 241 248 251 256 266 267 269 270 272 273 286 290 299 300 305 307 317 319 321 323 329 330 332 334 336 338 346 347 351 352 353 365 366
119 83 : 0 1 9 17 19 21 28 41 42 43 51 60 61 62 70 77 79 88 89 92 100 112 115 117 119 126 138 142 146 151 153 156 160 162 164 165 166 167 180 181 183 185 188 189 190 197 201 203 204 214 222 223 228 231 245 249 251 253 258 260 261 264 268 274 278 280 284 296 297 306 308 315 318 330 331 336 343 344 348 353 355 358 365
120 83 : 8 9 13 19 25 30 35 44 45 52 58 66 70 74 78 80 81 86 94 99 100 103 106 112 119 124 128 133 137 143 156 167 169 170 174 175 182 185 201 203 217 219 220 221 223 228 234 242 243 245 246 248 253 255 260 261 269 270 273 274 278 289 290 297 304 307 310 311 317 318 320 322 324 325 330 331 332 334 337 342 351 354 356
121 84 : 0 1 2 10 27 31 32 35 36 38 39 42 48 52 56 65 72 74 78 80 90 101 120 124 129 131 143 152 154 164 166 167 168 172 174 175 183 185 187 196 198 200 203 206 216 217 227 231 240 245 247 251 252 253 255 262 263 268 269 270 274 276 278 281 283 288 289 292 296 298 305 307 308 320 322 324 327 330 332 335 354 356 359 366
122 83 : 0 9 10 23 30 35 36 37 49 50 57 62 65 68 72 75 80 81 87 89 100 112 128 132 134 136 138 139 143 146 166 167 170 172 174 180 183 185 189 195 199 202 203 209 210 223 232 234 239 240 243 248 252 256 259 260 263 268 277 278 283 287 290 293 296 298 304 305 310 313 318 319 324 330 334 340 347 352 354 355 363 365 366
123 83 : 9 11 12 14 25 29 53 66 70 72 77 78 83 86 96 101 112 119 124 125 127 130 136 139 154 158 159 161 167 169 180 193 195 196 200 205 208 209 216 217 220 221 222 223 229 231 238 241 242 243 245 246 247 249 250 253 254 255 258 259 266 268 270 277 278 279 280 286 301 307 312 316 320 321 331 332 334 338 343 346 353 354 365
124 84 : 0 2 7 10 16 24 28 40 45 46 50 54 60 66 70 71 80 82 92 100 101 105 106 113 115 122 124 125 128 134 136 148 150 156 164 167 178 180 184 188 189 197 198 199 200 202 203 219 221 223 234 241 243 251 257 259 261 266 269 271 281 284 286 287 291 295 298 302 304 311 314 320 322 329 330 331 332 334 344 346 351 353 354 358
125 83 : 1 7 24 31 32 34 42 44 45 52 65 66 67 70 78 80 84 85 99 100 102 106 108 119 122 124 125 137 145 147 148 167 170 177 180 185 188 192 198 200 201 203 212 215 216 217 220 221 223 229 233 234 240 243 251 255 260 261 264 269 273 274 278 281 307 316 318 320 322 324 325 326 330 332 334 339 342 343 351 353 355 364 365
126 83 : 6 9 16 17 24 25 31 33 35 39 40 42 46 65 78 79 86 99 106 108 112 114 123 125 126 140 143 147 158 168 170 172 174 175 176 177 185 186 187 188 201 203 206 207 220 228 230 231 234 235 237 242 243 246 248 251 253 258 260 263 264 274 277 283 288 302 308 309 311 318 320 321 322 324 326 330 332 343 346 348 350 357 365
127 83 : 6 10 29 32 42 47 50 52 53 55 56 60 61 66 70 77 88 90 95 101 102 104 106 107 108 113 124 128 137 142 144 145 151 160 161 166 172 177 180 182 192 197 201 206 209 215 217 219 220 223 225 226 227 228 229 230 231 234 243 255 257 259 269 270 276 283 284 296 299 307 314 318 323 324 332 334 336 341 342 343 345 355 366
128 83 : 0 3 8 9 10 12 15 23 32 33 38 41 42 44 46 52 57 63 64 66 70 80 86 88 94 96 100 102 108 112 118 122 128 138 143 145 146 147 148 152 163 171 174 188 194 212 218 221 223 225 229 233 238 239 245 251 253 255 257 269 278 281 291 294 300 301 302 310 311 313 315 320 322 324 325 334 335 342 349 351 353 364 365
129 83 : 0 9 26 38 42 44 52 55 63 65 69 70 75 78 85 100 101 102 104 105 106 110 112 119 124 128 133 140 145 152 161 164 167 174 176 180 185 191 194 196 199 201 203 212 215 217 220 221 224 226 234 235 243 251 253 258 261 269 270 274 278 279 291 293 307 312 314 318 320 322 324 332 334 335 342 343 348 350 354 355 358 362 365
130 83 : 4 11 15 19 23 24 35 38 53 57 65 66 70 80 83 87 88 91 96 99 100 103 105 106 112 118 128 143 145 147 157 170 180 182 184 186 189 192 193 200 206 211 212 215 218 223 232 237 239 243 244 245 248 251 255 260 261 265 270 274 275 277 278 279 283 288 296 303 305 306 310 322 330 331 334 342 343 344 349 350 351 354 365
131 83 : 0 3 9 10 11 21 24 27 30 44 45 65 66 68 70 72 74 76 78 79 80 86 100 101 102 103 106 112 113 131 133 144 148 150 152 158 170 174 180 185 189 197 200 206 207 212 218 220 221 223 234 240 242 243 245 252 253 260 261 269 270 272 273 274 278 279 280 307 314 320 322 324 327 331 332 334 342 351 353 354 356 361 365
132 83 : 0 14 16 17 23 27 29 30 44 45 47 48 51 55 64 65 66 70 73 76 78 80 85 90 92 98 109 112 114 118 120 123 125 128 131 133 135 141 144 145 151 171 177 186 193 194 197 198 200 208 212 219 220 221 223 234 240 243 251 254 261 266 267 268 272 273 276 278 279 285 307 315 317 319 323 325 331 336 340 348 351 355 362
133 83 : 0 2 7 9 15 21 22 24 29 41 46 59 61 63 64 66 79 85 87 92 100 106 109 110 116 121 124 125 128 135 138 141 144 149 150 152 154 157 162 168 169 170 173 174 193 196 199 202 203 205 207 217 223 231 235 243 245 253 260 264 269 270 276 287 290 299 304 319 320 324 329 330 331 333 334 336 337 343 345 349 351 356 362
134 83 : 6 8 24 25 26 32 39 40 41 42 44 62 65 66 70 78 80 86 101 105 106 110 112 118 123 124 133 135 143 145 152 158 167 170 171 174 180 182 185 186 200 203 207 212 215 216 217 221 223 227 233 234 245 246 251 253 255 261 263 270 274 275 278 283 294 295 300 307 310 318 322 324 330 331 332 334 343 347 353 362 364 365 366
135 84 : 2 4 7 9 18 20 23 24 30 35 42 45 55 59 60 62 65 67 70 73 78 79 80 85 86 92 101 110 117 118 119 125 128 133 136 145 153 156 161 164 173 176 181 182 183 194 199 201 206 207 209 214 220 223 225 227 231 234 242 243 248 255 269 270 276 292 296 299 302 306 313 322 324 330 332 334 344 346 349 350 351 353 360 364
136 83 : 0 9 11 22 23 27 38 39 40 41 42 44 46 61 65 66 72 77 78 88 93 95 96 100 107 109 112 118 120 122 127 133 141 150 152 153 160 167 172 177 180 185 188 191 200 204 212 215 217 221 224 225 227 230 233 234 243 246 251 253 255 261 269 270 274 289 291 307 309 312 313 315 328 329 330 331 337 346 347 349 353 357 363
137 83 : 3 8 9 12 15 16 21 24 32 34 40 43 46 50 51 60 61 65 66 70 72 88 96 98 106 111 112 116 119 124 125 142 145 148 153 161 167 168 173 174 179 180 182 187 192 197 200 201 205 212 215 217 218 234 240 241 244 245 254 258 259 260 261 265 267 269 273 274 277 279 284 285 313 318 322 324 329 332 340 342 351 352 366
138 83 : 0 5 9 13 15 17 23 31 37 42 51 58 59 63 70 80 82 86 87 90 91 99 101 104 105 106 113 116 117 123 130 132 142 149 152 154 157 160 165 174 175 176 180 185 188 190 191 193 202 210 217 223 226 230 242 243 251 253 255 260 263 268 269 283 286 299 301 302 307 317 322 323 328 330 332 336 340 343 349 350 351 354 355
139 83 : 1 6 9 10 18 33 36 44 56 59 64 65 68 72 74 81 83 84 100 101 102 103 106 112 118 124 128 131 143 144 151 163 169 171 173 177 179 184 185 189 194 197 201 204 210 212 213 215 232 233 234 235 237 251 252 253 255 257 260 263 265 266 267 268 272 279 286 288 294 298 306 319 320 324 334 335 342 348 350 351 352 354 364
140 83 : 0 2 5 7 10 17 18 21 24 26 35 39 44 53 65 66 67 71 78 82 87 92 96 101 105 106 112 113 115 124 133 140 141 142 145 149 150 161 165 166 167 170 171 185 190 200 202 203 205 211 218 220 223 243 244 250 254 257 260 261 270 272 278 279 283 290 293 298 304 314 316 317 322 323 330 332 336 337 341 355 357 362 365
141 83 : 0 3 9 11 13 17 18 24 32 37 42 44 53 60 61 62 66 68 70 78 80 84 96 106 112 119 121 122 124 128 130 145 152 160 164 167 168 174 180 185 189 192 201 203 208 212 215 217 220 221 234 241 243 245 251 255 261 269 270 271 273 274 278 280 282 300 301 304 305 307 318 320 324 330 332 337 342 343 344 351 352 354 365
142 83 : 6 10 13 19 24 27 32 34 43 44 45 56 62 65 66 68 71 75 76 78 80 81 91 99 100 104 105 106 111 112 122 124 129 131 140 145 147 156 159 161 174 178 181 188 196 198 201 203 211 215 217 223 234 237 243 246 252 253 257 261 263 265 266 267 269 273 284 291 293 304 306 318 322 323 324 328 332 336 342 350 355 360 363
143 83 : 0 2 3 5 30 32 39 44 46 51 56 64 65 67 74 78 80 84 91 99 100 106 109 111 113 117 119 128 129 132 133 139 143 145 146 150 151 159 162 165 166 167 172 174 179 185 186 193 200 201 203 210 215 218 228 232 235 251 252 253 255 258 260 261 262 277 278 291 293 299 304 311 312 313 328 331 343 349 350 351 353 354 357
144 83 : 2 3 9 12 19 24 25 26 33 35 37 40 42 50 56 64 65 69 78 79 80 87 90 91 95 97 100 101 106 112 113 115 116 119 124 127 133 135 137 138 148 160 174 181 182 186 198 199 200 204 205 212 214 215 216 223 226 239 240 245 252 253 256 261 262 263 267 268 270 303 307 318 321 327 329 334 337 342 344 345 347 354 364
145 83 : 0 9 11 19 27 31 34 44 46 48 61 63 64 65 66 72 74 75 77 78 79 84 87 95 100 104 106 112 115 116 118 119 123 142 143 145 150 153 155 163 165 172 180 184 198 200 202 203 205 223 228 232 234 236 238 240 244 245 251 260 263 268 271 274 277 285 288 293 294 295 296 297 299 314 320 321 322 323 341 350 358 360 363
146 83 : 0 4 5 6 10 14 27 29 34 36 37 41 42 44 45 46 47 51 66 68 73 79 84 86 89 94 101 103 106 116 133 136 138 139 143 145 147 153 155 159 161 164 167 168 169 172 177 181 195 196 203 212 213 214 220 222 230 234 243 244 245 248 250 260 264 273 274 279 292 300 301 318 322 335 340 342 343 344 345 351 354 364 365
147 84 : 4 7 24 25 35 42 45 48 52 55 60 69 70 72 74 77 78 86 101 106 112 115 132 143 145 147 152 160 168 170 174 177 183 185 187 190 196 199 200 203 205 206 210 213 218 219 221 226 235 239 243 245 251 253 254 261 263 265 266 269 270 271 278 279 285 286 289 306 307 308 318 320 323 324 332 339 343 346 351 353 354 359 364 365
148 83 : 0 4 9 17 19 30 31 32 42 52 54 59 63 72 82 83 87 95 100 101 103 104 106 117 118 119 124 128 130 131 141 145 149 151 152 162 165 167 182 185 192 201 205 217 221 222 223 225 226 229 231 233 234 243 245 247 251 253 254 255 260 261 278 281 282 285 305 307 308 311 312 315 317 319 322 324 330 336 337 341 347 354 364
149 83 : 0 1 6 13 14 20 24 31 39 41 42 44 57 61 73 78 84 90 95 101 106 108 112 113 123 133 134 138 143 144 145 146 150 163 164 165 169 170 171 174 180 200 203 207 211 212 215 216 219 221 223 233 235 245 246 251 255 257 261 263 264 268 272 276 284 288 291 292 311 314 318 319 320 322 323 333 337 339 345 353 362 365 366
150 83 : 5 9 11 26 32 33 35 42 44 48 54 57 64 65 66 70 72 74 75 78 80 100 101 102 111 112 113 119 122 123 124 135 141 145 148 152 158 167 170 174 180 185 200 201 203 205 210 217 221 223 229 234 235 238 239 243 251 253 255 260 272 273 274 275 278 282 288 294 298 300 307 309 318 320 322 324 333 339 343 353 354 360 365
151 83 : 0 5 9 10 13 28 39 44 48 52 53 54 63 65 66 71 73 81 85 97 99 100 101 104 106 107 111 112 121 122 134 135 137 145 146 149 150 153 156 157 164 165 168 170 174 178 180 183 185 189 194 200 202 211 212 213 221 226 231 232 240 243 246 252 261 267 269 272 278 284 285 289 295 297 311 324 332 342 349 354 361 362 365
152 84 : 0 14 17 18 21 24 29 38 44 58 59 61 66 72 73 74 91 95 96 97 104 106 110 113 114 119 124 125 128 142 143 147 149 150 159 163 164 171 178 180 185 193 199 206 209 210 215 219 220 223 226 233 240 245 251 252 255 261 262 265 271 274 281 283 302 306 307 318 320 322 324 330 334 338 342 343 347 351 353 354 360 361 364 366
153 83 : 0 12 17 23 24 32 35 36 48 51 54 71 75 76 84 90 94 101 114 119 130 132 140 141 143 145 146 153 156 157 158 167 177 178 180 181 183 185 198 210 212 213 214 215 218 220 225 227 231 234 236 237 242 243 244 249 250 261 269 274 275 277 278 293 301 302 303 307 310 315 318 322 324 325 334 340 342 348 351 354 355 362 365
154 83 : 20 27 37 39 42 49 57 65 66 70 78 91 94 95 99 101 108 113 115 117 118 119 121 124 132 133 134 136 137 140 143 145 148 158 162 170 174 180 181 182 185 195 200 207 212 213 214 217 222 226 234 235 237 243 245 251 253 255 260 261 266 268 270 276 284 291 294 300 304 305 307 311 314 316 330 334 339 342 348 350 351 353 356
155 83 : 0 9 19 24 29 35 42 45 53 58 65 66 68 70 80 94 100 101 109 112 115 124 131 133 134 140 143 145 148 152 157 158 159 167 169 170 174 176 185 201 203 212 214 215 218 220 221 223 227 230 234 239 243 245 260 264 266 269 270 273 278 279 284 299 305 307 316 318 320 324 325 327 330 334 342 345 351 352 354 356 361 363 365
156 83 : 0 7 9 22 24 38 42 45 61 63 66 81 83 88 97 106 108 111 121 123 124 125 128 133 136 140 145 146 154 162 167 170 171 174 176 179 184 190 193 200 203 215 217 218 220 221 223 229 234 239 243 260 261 262 264 267 269 273 274 278 279 286 289 290 303 307 311 312 321 324 326 332 333 335 342 343 347 352 356 358 359 361 364
157 83 : 3 9 40 42 43 45 58 59 65 66 68 73 78 80 88 93 100 101 109 110 114 116 117 119 121 128 131 135 136 143 151 152 153 154 158 161 162 163 164 166 177 180 181 193 194 196 200 203 204 212 221 222 225 228 234 246 253 254 255 257 260 261 263 266 270 273 275 287 297 305 309 312 313 314 318 329 330 334 340 342 363 365 366
158 83 : 1 4 6 7 15 19 23 33 40 41 43 44 46 48 54 55 57 59 60 64 70 79 85 98 106 112 114 121 123 124 126 132 133 136 137 138 139 141 152 155 167 177 180 181 183 187 190 191 201 203 212 215 217 218 219 221 223 238 243 257 260 261 264 267 269 274 278 279 314 319 324 327 330 331 332 333 334 342 347 349 351 354 364
159 83 : 0 4 9 17 18 21 25 34 39 41 42 46 54 56 65 66 72 73 74 75 78 86 90 92 93 99 110 112 116 118 120 121 143 145 152 154 155 167 173 174 180 182 183 184 194 195 201 203 211 212 219 220 225 226 233 243 246 260 269 273 282 305 306 310 311 312 314 318 320 324 328 332 334 341 342 343 347 349 351 353 354 356 362
160 83 : 1 7 9 14 17 21 31 38 40 42 65 69 72 78 79 80 82 86 94 97 106 110 112 117 118 119 124 137 142 144 147 149 151 161 163 166 167 171 173 180 185 187 193 196 202 211 220 221 222 223 234 235 240 245 249 251 253 255 258 266 270 272 274 278 279 281 288 294 297 303 316 318 320 321 327 330 332 334 339 343 354 361 362
161 83 : 0 6 8 9 15 24 32 37 42 44 52 65 66 67 78 84 91 101 109 112 119 120 124 133 134 136 139 145 152 153 155 167 170 174 185 186 188 192 200 201 204 208 212 215 217 220 221 223 231 235 243 245 251 253 254 255 260 261 266 270 272 273 278 285 293 301 304 307 315 318 320 323 324 333 334 342 343 351 353 354 360 363 365
162 83 : 8 9 10 16 20 24 34 42 44 46 51 65 71 73 85 87 97 99 101 107 112 116 119 125 126 130 133 144 145 149 151 152 155 162 163 164 170 173 174 179 180 181 182 185 200 201 212 218 221 222 236 237 243 249 251 257 260 263 267 269 274 278 281 282 287 292 298 303 308 309 316 317 320 321 322 323 326 331 334 343 353 360 365
163 84 : 0 9 17 24 34 38 41 42 44 58 59 60 65 66 69 73 78 79 80 83 96 100 101 102 109 110 112 119 122 124 128 132 143 145 149 150 152 153 156 164 167 173 174 180 185 200 203 210 211 215 216 217 220 221 223 234 239 243 244 245 250 251 255 258 260 269 273 274 278 285 287 300 310 318 320 324 330 332 334 342 351 353 356 365
164 83 : 0 3 16 24 31 32 35 36 44 65 66 70 78 101 106 108 112 119 120 124 125 128 133 143 145 149 155 156 158 167 170 174 180 183 185 195 197 199 200 201 204 205 207 212 215 217 220 221 223 228 234 237 243 245 246 251 253 255 260 261 262 267 269 270 273 278 288 297 307 310 318 324 328 330 332 334 336 339 342 343 353 356 365
165 83 : 4 9 12 13 24 31 38 44 45 47 48 53 57 65 66 67 69 74 78 80 83 92 106 112 114 116 119 120 124 126 132 137 138 139 143 144 145 154 157 159 162 163 166 169 170 173 174 180 185 186 200 201 203 206 212 215 225 228 233 234 238 243 261 263 269 270 276 278 286 293 295 297 309 312 323 324 337 340 341 345 351 352 359
166 83 : 4 9 17 20 24 26 28 33 42 45 48 52 56 60 61 63 64 69 76 83 90 93 96 98 100 101 106 108 116 127 129 132 135 143 144 152 165 167 169 170 171 174 181 188 191 201 202 211 215 218 220 223 224 226 227 229 233 234 238 240 253 270 272 273 274 276 278 282 284 295 307 311 312 315 332 335 336 340 344 348 357 361 365
167 83 : 0 8 9 12 18 19 21 27 30 40 44 54 59 62 65 66 75 81 86 90 91 97 108 112 119 121 124 128 129 131 132 143 145 147 152 154 157 163 164 169 184 185 190 196 197 206 207 214 215 217 220 221 229 234 235 251 253 254 255 260 269 273 278 280 281 285 292 294 307 313 320 321 324 328 332 333 337 343 345 348 353 359 366
168 83 : 9 18 37 38 39 42 46 57 59 65 66 68 77 78 80 94 100 106 112 115 119 124 128 133 142 143 144 145 148 152 155 159 167 170 171 174 180 185 197 200 201 203 209 212 213 216 217 220 221 223 234 243 244 245 247 248 253 254 255 260 267 269 270 274 278 279 291 300 303 306 307 317 320 324 332 334 342 343 346 351 353 355 362
169 83 : 0 5 26 27 34 37 46 50 62 68 76 78 82 87 88 89 100 101 114 116 118 124 127 138 143 144 145 147 151 152 156 159 163 164 165 167 172 180 186 190 200 210 217 218 220 221 226 232 233 234 241 253 255 259 260 267 270 271 273 274 276 278 287 289 302 304 306 307 313 315 322 334 335 337 338 342 346 348 349 353 361 362 365
170 83 : 0 5 9 10 11 19 22 24 28 29 31 33 36 54 55 56 62 70 73 76 80 89 90 91 97 100 101 105 106 108 119 125 127 128 131 133 143 145 152 167 170 173 177 180 185 190 191 192 194 201 212 218 219 220 223 231 238 245 246 252 253 255 256 260 262 273 278 291 301 303 305 306 307 316 317 320 326 330 333 342 344 360 365
171 83 : 16 20 35 39 44 49 54 55 64 65 66 72 76 78 87 88 89 90 93 94 101 109 112 113 115 121 126 127 129 133 140 143 145 149 162 167 170 173 175 180 183 185 198 199 200 203 205 211 212 214 219 221 224 235 237 240 245 248 252 255 260 261 263 270 272 273 275 278 280 298 300 303 305 307 308 315 319 321 334 341 345 359 365
172 84 : 1 9 15 22 24 25 30 39 40 41 48 51 54 56 60 61 76 77 80 84 89 91 94 96 100 101 103 114 116 133 142 146 152 153 159 170 174 180 185 195 201 203 212 213 214 215 217 220 221 223 227 228 229 232 241 245 246 251 255 256 259 260 262 270 272 280 282 297 304 307 308 312 315 318 320 324 332 338 341 342 343 344 357 365
173 83 : 0 3 4 6 9 12 18 23 24 32 36 38 48 56 59 64 65 66 71 77 78 80 81 86 95 101 108 115 123 137 143 145 148 152 157 167 168 169 170 175 177 180 182 195 200 201 203 212 215 217 218 221 233 234 237 239 243 251 253 255 260 261 270 272 278 284 291 299 302 308 315 316 318 322 327 328 342 351 353 354 359 361 365
174 84 : 0 9 20 24 42 44 45 50 52 59 60 66 70 78 79 80 85 94 100 101 102 111 112 119 128 132 133 143 145 146 148 152 167 170 171 174 180 185 200 201 203 206 210 212 217 220 221 223 228 234 246 249 250 253 255 256 259 260 261 262 269 270 274 276 278 280 281 288 291 292 309 313 318 322 323 324 326 334 342 343 345 353 358 365
175 83 : 0 7 9 26 40 42 44 48 57 65 66 69 76 78 84 86 92 93 100 101 102 106 124 126 128 129 131 133 143 145 167 170 173 174 180 183 185 194 200 203 209 212 215 216 220 221 223 225 247 250 251 253 255 260 261 269 272 273 274 276 278 286 298 300 303 307 311 316 318 322 324 327 330 332 333 334 342 343 351 353 358 362 365
176 83 : 2 5 9 20 24 25 26 42 44 46 65 66 70 79 80 83 85 90 92 100 101 105 106 109 112 124 128 133 143 145 147 149 167 170 174 180 185 187 193 196 200 201 203 209 212 217 220 221 234 239 243 245 251 253 254 255 259 261 264 268 269 270 273 274 276 278 287 289 293 296 318 320 324 330 331 334 339 341 342 351 352 354 355
177 83 : 2 3 6 16 18 19 23 26 38 42 51 54 57 58 64 65 68 71 76 78 86 88 91 112 113 115 119 124 130 131 133 137 143 160 167 177 178 180 183 195 199 200 202 203 206 207 208 210 212 214 220 223 234 253 257 259 265 270 271 273 276 279 285 286 288 301 306 307 310 311 319 324 330 332 334 335 339 343 350 357 359 363 365
178 83 : 4 5 11 15 31 33 38 39 40 42 43 45 53 54 55 58 65 66 67 72 76 77 78 80 82 89 90 104 106 112 113 118 119 125 134 143 144 145 167 169 172 177 179 181 184 185 189 197 201 203 207 215 221 223 227 236 238 239 240 252 253 258 260 263 266 269 274 278 283 288 294 303 308 315 318 324 330 338 341 343 345 350 354
179 83 : 0 7 8 10 13 17 44 45 46 49 59 62 63 68 78 80 83 84 91 96 101 104 105 112 124 126 133 141 144 145 152 153 156 159 161 164 166 170 187 191 192 195 199 203 207 208 210 217 220 224 227 230 234 244 247 249 255 256 262 263 265 267 270 273 274 278 282 284 285 286 289 296 302 313 318 320 323 326 329 331 342 343 354
180 83 : 0 1 2 5 8 9 14 16 18 23 28 29 33 40 46 54 62 64 66 70 75 80 81 88 96 100 101 106 117 119 124 128 138 139 145 151 158 163 168 170 174 175 177 181 182 187 200 203 209 212 215 217 234 236 243 246 260 269 275 281 287 290 291 292 294 298 301 318 319 324 329 332 333 334 336 346 347 351 353 357 359 361 365
181 83 : 0 11 13 22 24 29 33 34 42 44 59 64 66 69 78 80 83 94 100 107 108 109 112 119 128 129 143 145 152 156 160 167 169 172 174 180 185 187 201 203 212 215 217 220 221 222 223 234 240 241 243 251 253 255 259 260 261 263 264 267 270 273 274 278 291 294 297 307 310 318 321 324 327 330 331 332 334 342 345 349 353 354 365
182 83 : 9 11 13 14 20 24 26 27 39 40 42 50 55 56 65 66 68 74 77 79 91 93 101 102 110 112 119 124 134 135 138 143 148 149 150 152 154 155 157 160 161 166 170 174 184 198 200 213 214 221 238 240 246 247 256 259 260 261 268 269 273 275 276 286 292 298 301 302 305 312 315 318 327 337 338 340 349 353 356 361 362 363 364
183 83 : 8 9 14 16 35 37 39 48 49 59 62 67 72 73 80 83 84 98 100 102 105 114 119 130 133 138 143 155 161 163 164 167 170 174 180 193 195 196 201 203 207 208 209 211 212 217 220 226 227 234 244 247 254 255 257 260 263 264 269 270 274 278 281 287 290 292 295 305 307 311 315 320 324 330 332 334 336 337 339 343 350 351 354
184 83 : 0 13 24 29 37 42 44 46 60 66 77 80 83 86 92 95 104 106 107 119 124 128 133 136 139 141 143 145 149 152 154 158 169 170 174 180 185 186 197 203 208 210 212 215 217 218 219 220 221 222 223 228 230 234 235 243 245 251 253 255 260 261 268 269 270 274 278 288 296 301 307 324 325 330 332 334 335 340 341 342 351 358 359
185 83 : 6 8 19 25 29 31 44 49 65 70 71 80 86 92 95 106 107 108 115 116 119 120 122 127 128 132 137 138 143 158 160 166 173 174 176 177 178 179 180 199 200 201 211 214 215 223 228 231 238 239 242 251 253 256 266 268 276 282 287 289 290 292 294 297 303 305 307 313 314 315 318 322 323 330 337 339 343 347 350 353 354 357 358
186 84 : 4 13 16 33 36 42 44 52 56 63 66 69 79 80 81 99 100 101 108 113 116 124 128 130 134 141 164 174 175 181 183 184 185 192 194 196 198 200 203 217 220 221 234 245 249 250 251 253 264 270 298 300 305 306 307 308 312 314 315 318 319 320 322 324 326 327 330 333 334 340 341 342 345 346 347 350 351 352 354 356 357 358 364 366
187 83 : 0 3 5 24 37 42 44 45 47 59 65 66 70 73 76 78 80 85 92 100 106 112 119 128 133 143 145 148 149 152 158 161 162 170 174 179 180 185 196 203 204 208 211 212 215 221 223 228 229 234 243 244 245 251 253 255 256 264 269 270 273 274 278 280 281 282 285 290 292 316 318 320 322 324 330 331 332 340 341 342 343 351 354
188 83 : 6 9 14 31 39 41 44 50 51 55 65 70 73 74 76 78 80 83 86 90 91 97 98 99 100 109 112 116 120 123 124 125 130 133 138 140 142 143 145 152 165 167 172 174 177 187 189 190 206 214 215 216 217 220 224 234 252 253 258 260 271 274 277 278 279 285 294 303 307 312 316 318 320 329 330 332 334 336 339 342 351 354 355
189 83 : 1 5 9 14 16 24 25 29 36 42 47 53 65 66 70 73 74 76 77 78 90 97 105 112 113 114 117 122 126 132 133 135 143 144 147 150 151 156 157 167 173 177 181 185 193 198 200 203 207 213 215 217 220 223 231 241 253 255 260 261 266 268 270 274 277 278 283 292 299 306 312 314 319 321 323 330 332 335 349 351 354 358 359
190 84 : 8 9 16 18 23 24 35 39 42 45 57 65 66 70 78 80 91 95 100 101 106 111 112 114 115 118 119 124 126 128 133 145 146 147 148 152 162 174 175 178 185 196 197 200 201 203 205 206 208 212 215 217 221 229 234 240 241 243 253 255 261 269 270 273 274 275 278 285 292 307 318 320 324 329 332 341 342 343 351 353 354 355 363 365
191 83 : 0 1 2 21 26 30 44 49 51 59 60 72 74 77 80 87 90 91 92 98 99 101 111 119 122 123 128 133 135 142 144 146 152 153 159 166 169 174 178 179 181 183 186 190 192 201 202 203 207 212 218 221 222 234 243 248 249 251 255 260 261 262 266 267 270 273 274 278 293 295 305 308 309 319 322 328 331 333 334 352 354 364 366
192 84 : 0 9 10 11 12 22 24 34 35 42 44 50 52 58 65 66 69 74 80 86 90 100 101 106 111 118 119 124 128 132 135 143 145 146 155 165 167 170 176 180 182 185 193 200 203 211 212 213 215 217 232 235 243 245 251 253 255 257 261 269 270 273 278 288 295 297 301 305 307 310 311 312 320 322 324 325 334 342 343 344 351 354 358 365
193 83 : 4 9 14 15 22 32 33 44 48 52 58 62 64 70 73 80 90 101 102 103 106 111 112 117 122 127 128 130 133 134 135 140 145 148 151 152 154 163 167 183 184 188 189 191 196 201 214 215 223 227 231 234 241 245 247 258 262 267 269 276 278 284 285 293 297 300 301 307 314 322 324 325 326 327 329 332 334 336 347 348 353 361 365
194 83 : 0 14 20 23 35 37 38 49 54 62 65 66 70 80 81 89 90 95 96 98 99 100 101 103 109 114 124 127 130 133 143 145 155 157 158 160 161 165 166 167 173 180 181 185 189 194 197 200 202 208 215 216 223 226 228 229 234 236 245 246 253 255 273 276 281 288 295 301 307 314 315 322 324 327 333 341 348 349 351 352 360 361 365
195 83 : 1 4 6 9 11 14 17 18 33 39 40 49 59 66 71 72 73 78 80 86 87 88 89 106 109 112 113 133 135 137 143 145 150 152 158 167 170 174 179 189 190 191 201 203 212 213 221 223 228 231 233 234 235 239 249 251 253 258 260 270 272 273 279 282 285 289 294 296 297 303 309 318 321 324 330 332 334 335 336 337 347 352 359
196 83 : 0 3 15 21 22 24 31 33 36 38 41 43 44 45 59 78 80 81 97 100 103 112 115 118 119 121 122 124 128 135 141 144 153 159 160 170 174 176 177 185 190 191 197 198 199 200 215 217 220 234 236 238 245 249 250 253 254 256 259 260 269 277 285 288 294 306 307 308 311 312 315 318 319 320 325 333 336 337 358 359 360 365 366
197 83 : 8 9 10 21 23 25 26 30 31 36 41 42 44 47 50 59 65 68 70 78 89 95 98 101 104 106 108 111 114 124 126 129 131 134 137 143 145 150 155 167 170 174 176 189 194 196 200 206 210 217 219 220 223 227 228 230 239 243 261 262 265 266 269 270 288 294 296 300 318 319 322 323 325 327 330 336 338 343 346 353 354 356 359
198 83 : 0 2 9 19 24 34 37 42 44 51 59 64 65 66 69 78 80 81 92 93 96 99 100 101 106 112 117 122 124 133 136 143 145 147 152 167 171 173 178 180 185 186 192 203 209 212 215 220 221 223 234 240 251 252 253 255 260 261 263 269 270 273 278 280 290 292 293 318 320 322 324 328 330 332 334 342 351 353 354 355 361 365 366
199 83 : 12 16 19 23 28 29 30 33 38 41 42 43 50 51 52 58 62 64 65 66 70 75 78 88 95 106 107 109 111 112 116 119 126 128 133 137 153 158 168 170 174 175 176 180 181 182 185 193 201 203 215 223 245 247 248 249 253 255 262 273 274 278 280 283 286 292 295 307 309 315 334 342 347 348 351 352 353 356 361 362 364 365 366
