N C E M
200 233 19900 9950
Opt_part_L_size, Opt_part_R_size, Opt_number_of_colors
22 178 64
N of L changes = 11
Min number of labels in a vertice, Max number of labels in a vertice
68 84
Solution Set
106(29) 172(29) 134(30) 46(30) 89(30) 118(30) 164(30) 173(30) 3(31) 48(31) 186(31) 69(70) 204(74) 31(74) 72(74) 190(74) 168(75) 169(75) 80(76) 65(76) 136(76) 15(77) 12(78) 33(78) 138(79) 38(79) 4(80) 181(81) 195(81) 47(81) 185(81) 55(82) 10(82) 229(82) 149(83) 11(83) 130(84) 27(85) 227(85) 162(85) 92(86) 179(86) 224(86) 183(88) 167(88) 226(88) 57(89) 187(89) 49(90) 145(90) 114(90) 148(91) 231(91) 154(93) 37(93) 32(93) 161(94) 211(94) 1(96) 17(97) 177(98) 121(99) 9(99) 142(110) 
Number of edges by Color (l n)
0 142 110
1 9 99
2 121 99
3 177 98
4 17 97
5 1 96
6 161 94
7 211 94
8 32 93
9 37 93
10 154 93
11 148 91
12 231 91
13 49 90
14 114 90
15 145 90
16 57 89
17 187 89
18 167 88
19 183 88
20 226 88
21 92 86
22 179 86
23 224 86
24 27 85
25 162 85
26 227 85
27 130 84
28 11 83
29 149 83
30 10 82
31 55 82
32 229 82
33 47 81
34 181 81
35 185 81
36 195 81
37 4 80
38 38 79
39 138 79
40 12 78
41 33 78
42 15 77
43 65 76
44 80 76
45 136 76
46 168 75
47 169 75
48 31 74
49 72 74
50 190 74
51 204 74
52 69 70
53 216 33
54 7 32
55 26 32
56 28 32
57 91 32
58 97 32
59 103 32
60 0 31
61 3 31
62 6 31
63 8 31
64 13 31
65 14 31
66 16 31
67 20 31
68 21 31
69 22 31
70 29 31
71 34 31
72 35 31
73 41 31
74 42 31
75 43 31
76 44 31
77 48 31
78 50 31
79 60 31
80 61 31
81 75 31
82 76 31
83 82 31
84 94 31
85 95 31
86 110 31
87 122 31
88 126 31
89 137 31
90 146 31
91 155 31
92 156 31
93 175 31
94 186 31
95 191 31
96 196 31
97 202 31
98 205 31
99 221 31
100 2 30
101 5 30
102 18 30
103 19 30
104 23 30
105 24 30
106 25 30
107 30 30
108 36 30
109 39 30
110 40 30
111 45 30
112 46 30
113 51 30
114 52 30
115 53 30
116 54 30
117 56 30
118 58 30
119 59 30
120 62 30
121 63 30
122 64 30
123 66 30
124 67 30
125 68 30
126 70 30
127 71 30
128 73 30
129 74 30
130 77 30
131 78 30
132 79 30
133 81 30
134 83 30
135 84 30
136 85 30
137 86 30
138 87 30
139 88 30
140 89 30
141 90 30
142 93 30
143 96 30
144 98 30
145 99 30
146 100 30
147 101 30
148 102 30
149 104 30
150 105 30
151 107 30
152 108 30
153 109 30
154 111 30
155 112 30
156 113 30
157 115 30
158 116 30
159 117 30
160 118 30
161 119 30
162 120 30
163 123 30
164 124 30
165 125 30
166 127 30
167 128 30
168 129 30
169 131 30
170 132 30
171 133 30
172 134 30
173 135 30
174 139 30
175 140 30
176 141 30
177 143 30
178 144 30
179 147 30
180 150 30
181 151 30
182 152 30
183 153 30
184 157 30
185 158 30
186 159 30
187 160 30
188 163 30
189 164 30
190 165 30
191 166 30
192 170 30
193 171 30
194 173 30
195 174 30
196 176 30
197 178 30
198 180 30
199 182 30
200 184 30
201 188 30
202 189 30
203 192 30
204 197 30
205 203 30
206 206 30
207 207 30
208 208 30
209 210 30
210 212 30
211 214 30
212 215 30
213 217 30
214 218 30
215 219 30
216 225 30
217 228 30
218 230 30
219 232 30
220 106 29
221 172 29
222 193 29
223 194 29
224 198 29
225 199 29
226 200 29
227 201 29
228 209 29
229 213 29
230 220 29
231 222 29
232 223 29
Label List by vertices (vertice Id, Number of labels : set of labels
0 83 : 2 4 5 7 8 9 11 12 14 15 16 17 18 19 24 26 27 30 33 34 43 45 47 49 52 53 54 57 58 59 67 68 70 71 77 80 81 82 84 94 95 102 107 108 109 113 119 122 127 130 135 137 138 142 144 145 149 159 160 161 162 170 172 176 178 179 181 185 187 192 195 198 200 201 202 203 208 215 217 220 226 229 231
1 84 : 1 5 8 9 11 12 19 20 21 22 23 27 33 37 39 43 47 48 49 53 55 57 60 64 72 78 79 87 88 93 94 96 99 101 102 108 110 115 116 117 127 132 135 136 139 142 144 148 150 152 157 159 161 162 163 164 169 170 171 173 177 178 180 181 186 187 192 195 198 199 200 202 208 209 210 214 215 219 223 224 225 230 231 232
2 83 : 0 7 9 12 17 21 22 28 29 30 33 38 41 43 50 66 73 74 76 80 83 84 86 88 91 92 93 95 100 103 107 108 110 114 115 117 122 123 128 130 132 134 135 138 141 142 145 147 148 153 154 157 158 161 163 164 167 169 170 171 172 174 176 177 178 182 186 189 191 196 200 203 209 210 211 217 219 221 224 226 227 229 230
3 83 : 5 7 8 9 10 11 20 21 23 25 28 37 38 40 45 47 49 51 52 54 57 60 61 65 69 71 73 74 78 88 91 93 94 95 96 98 101 102 105 106 107 110 112 116 119 122 125 131 135 136 140 141 142 145 148 153 154 155 157 158 163 164 165 167 172 175 179 181 182 191 192 194 206 208 212 215 217 221 222 225 226 227 230
4 71 : 1 2 4 6 9 10 11 15 17 18 21 26 27 31 32 33 37 38 46 49 51 55 57 65 69 72 80 89 92 99 100 114 121 127 129 130 136 138 142 145 149 151 153 154 155 161 162 167 168 169 175 177 179 181 183 185 187 190 193 195 197 204 207 208 211 218 224 226 227 229 231
5 83 : 1 6 7 9 10 11 12 13 14 15 16 17 21 23 25 31 33 34 36 38 39 41 45 51 52 58 68 70 75 79 80 82 83 92 96 98 101 105 112 115 117 118 121 123 124 125 128 131 132 133 135 139 142 143 145 146 147 148 149 150 155 157 159 165 166 167 171 174 175 181 183 184 190 193 194 196 204 211 214 217 223 229 230
6 83 : 3 4 6 9 16 17 26 27 28 29 30 34 46 47 49 51 54 60 64 66 68 71 77 82 87 88 89 93 97 98 102 103 108 110 111 114 118 120 121 123 128 130 133 136 137 139 140 145 147 148 149 150 151 154 155 156 167 169 173 174 175 177 179 180 181 182 184 188 191 195 198 203 207 208 213 215 216 217 222 227 228 229 231
7 84 : 0 2 3 5 6 11 12 18 24 29 33 34 43 46 47 49 54 56 57 58 59 61 62 63 65 68 73 75 78 80 81 83 90 91 92 95 98 106 107 112 113 114 116 121 123 129 130 132 134 141 148 150 152 153 154 156 161 166 171 174 176 177 179 180 181 184 188 190 191 195 197 202 203 204 205 207 210 211 215 217 224 225 227 229
8 84 : 1 3 9 10 11 15 17 19 22 23 30 35 37 41 48 50 52 53 55 58 61 65 66 67 70 72 73 76 78 80 81 82 86 87 89 91 96 99 100 103 107 110 113 114 119 121 124 126 132 134 136 138 140 141 142 144 156 158 161 162 164 166 167 168 169 170 171 173 181 182 183 184 189 191 195 211 212 214 216 219 222 223 226 232
9 83 : 0 1 2 5 9 10 11 12 13 17 25 28 29 42 43 49 52 53 55 56 60 61 65 69 71 72 77 79 80 85 86 91 92 94 96 103 109 114 116 117 119 123 126 131 133 137 138 139 142 143 145 148 150 151 154 156 157 158 160 165 166 167 168 178 181 183 188 191 199 202 205 206 208 210 211 214 216 219 222 224 226 227 228
10 83 : 0 3 4 6 10 11 24 27 28 33 35 37 39 42 45 53 54 55 56 57 59 60 64 65 67 68 70 73 77 81 88 89 91 93 95 96 97 102 107 113 114 116 121 124 125 126 128 129 136 138 141 143 144 149 150 152 154 156 162 164 165 166 168 169 175 177 181 183 191 192 195 198 202 203 205 207 208 210 221 224 226 229 231
11 83 : 0 5 8 10 11 13 17 20 29 30 32 33 35 37 40 43 51 56 57 64 69 74 79 80 81 85 89 90 91 92 95 97 98 99 100 105 106 107 108 109 110 112 115 121 124 127 128 129 132 133 136 142 143 147 149 153 163 165 168 170 171 173 177 180 182 185 190 191 192 195 198 199 202 203 204 205 207 211 219 226 228 230 231
12 83 : 1 3 4 5 8 9 12 17 20 23 27 28 30 31 33 37 40 42 49 52 54 56 57 62 65 66 68 69 72 77 80 83 84 86 87 89 95 96 104 106 107 109 110 113 116 117 118 121 123 124 125 135 136 137 138 139 142 144 148 149 151 153 157 158 164 166 168 173 174 178 184 186 195 204 205 206 207 211 213 217 221 224 228
13 83 : 3 7 9 10 17 19 20 22 27 38 39 40 41 42 47 49 51 55 59 61 65 67 74 75 83 90 92 94 96 98 100 101 102 104 110 114 115 116 118 119 120 121 123 128 129 130 132 133 138 141 147 149 157 161 162 163 166 167 168 169 172 177 179 184 190 191 192 195 198 199 201 202 203 205 206 209 210 211 212 214 216 220 225
14 83 : 2 8 10 12 15 16 17 22 25 37 39 40 44 45 47 52 53 54 57 59 61 63 71 72 73 79 80 85 88 91 92 95 99 102 104 105 111 112 114 115 121 123 124 127 134 137 139 141 143 145 146 148 155 161 163 164 166 167 169 176 179 184 187 188 189 192 196 197 198 200 201 205 210 212 214 216 219 221 223 225 226 227 229
15 83 : 1 5 6 7 10 17 19 20 23 26 27 30 33 38 39 46 47 53 55 58 61 63 65 68 69 75 76 85 87 92 98 100 103 105 109 110 112 120 126 130 131 135 140 141 143 147 148 150 152 153 154 157 158 163 165 167 168 173 174 177 181 185 190 191 195 196 200 205 207 209 211 212 213 214 215 216 217 221 224 225 226 231 232
16 83 : 0 4 7 9 10 13 15 19 22 27 28 31 32 34 37 38 39 40 41 42 44 47 50 54 60 62 64 65 70 76 79 80 81 83 84 86 89 91 92 97 98 103 105 106 107 110 111 115 120 121 130 132 135 136 139 145 146 147 149 153 154 157 158 165 170 177 178 179 183 184 186 188 194 198 201 204 218 224 225 227 228 229 231
17 83 : 1 4 6 8 10 11 15 18 20 21 22 23 25 27 28 29 30 33 36 37 41 42 48 49 50 51 54 60 63 67 76 84 90 106 108 110 112 114 119 121 126 127 131 135 136 138 139 140 141 145 150 151 152 155 162 163 169 170 174 176 177 178 179 182 183 188 189 194 196 197 198 200 204 212 214 215 216 217 219 224 226 230 232
18 83 : 5 8 11 14 16 17 19 25 26 29 32 33 35 36 46 52 54 57 60 61 62 70 71 77 79 81 86 88 90 91 96 97 100 102 103 104 108 109 112 114 116 118 121 123 126 127 136 138 139 142 143 148 149 151 154 157 161 162 165 169 173 178 181 182 183 190 193 194 197 202 203 205 206 208 209 210 218 219 220 226 227 230 232
19 83 : 1 2 3 4 5 14 15 17 18 20 23 31 32 34 37 39 40 41 43 48 50 55 57 58 63 64 70 74 84 86 88 92 94 96 98 104 107 108 109 110 113 120 121 122 124 127 132 134 141 142 145 149 152 156 161 162 163 167 168 169 170 171 173 178 179 184 185 186 191 195 198 200 201 206 207 211 212 214 216 221 224 229 232
20 73 : 1 4 9 10 11 12 15 16 17 22 27 31 32 33 37 38 45 47 49 55 57 65 69 71 72 76 80 85 86 91 92 100 102 104 111 114 121 130 132 138 142 145 148 149 154 155 157 161 162 167 169 172 177 179 180 181 182 183 185 187 190 195 203 204 211 214 224 226 227 228 229 230 231
21 83 : 0 1 3 6 8 11 14 15 17 20 22 23 24 26 30 31 32 37 42 43 44 50 52 54 55 64 66 68 69 72 75 76 77 79 81 82 83 84 88 92 95 105 107 109 110 114 115 118 120 135 140 143 148 149 153 154 156 158 159 162 170 171 175 181 182 183 187 189 192 193 194 200 204 205 208 209 210 216 221 223 225 227 230
22 83 : 2 3 4 5 9 12 17 18 19 22 26 27 32 33 35 38 43 47 50 51 53 57 58 59 62 69 70 72 78 84 87 90 91 93 96 99 101 102 103 104 105 109 116 119 128 129 136 137 139 141 143 144 145 147 148 149 150 152 153 158 162 167 170 177 180 181 189 191 192 193 194 195 196 198 200 206 210 217 222 223 229 230 232
23 83 : 1 5 11 14 16 17 22 24 26 28 29 30 32 33 34 37 38 43 47 50 51 52 53 55 56 57 60 63 64 68 69 70 71 73 75 81 82 83 87 97 98 103 109 110 112 116 118 120 121 122 133 138 147 149 158 159 161 162 168 170 172 174 175 178 180 183 192 194 195 196 198 200 201 204 207 208 211 215 220 221 228 230 231
24 83 : 0 4 7 11 12 13 18 19 25 26 27 34 37 40 42 49 52 53 57 59 63 64 66 67 69 72 73 75 88 89 91 92 93 96 101 102 112 114 115 122 128 131 132 135 138 141 142 147 148 149 152 155 156 157 158 159 161 163 165 166 167 169 174 176 177 178 188 189 190 196 197 203 205 212 213 215 216 218 219 227 230 231 232
25 83 : 0 1 6 9 11 15 16 20 22 23 29 34 36 37 40 49 57 58 59 61 64 67 71 72 83 84 85 87 92 93 96 98 101 104 107 114 115 116 118 123 124 126 127 128 129 130 132 139 141 143 144 148 151 156 158 161 163 166 169 171 172 175 177 181 182 187 189 190 191 197 201 202 203 204 208 211 212 214 217 220 222 223 231
26 83 : 1 2 4 6 7 10 11 12 13 14 18 30 32 35 38 39 41 42 44 47 52 58 60 61 65 71 74 80 84 85 87 88 92 97 101 103 110 112 114 117 131 132 133 134 135 136 138 140 142 145 147 148 151 153 154 159 160 161 162 168 171 172 177 178 183 185 186 187 198 199 200 203 204 207 208 210 216 217 222 223 225 227 228
27 83 : 3 6 8 9 12 16 20 21 22 26 27 29 31 32 37 42 57 62 65 68 69 74 75 81 83 84 86 89 91 92 96 104 105 106 108 111 113 115 119 120 122 126 131 133 137 138 143 145 146 148 151 153 157 158 159 160 163 166 167 168 169 173 175 176 177 178 182 183 187 188 192 193 194 195 196 204 207 214 217 221 223 230 231
28 83 : 1 5 6 8 9 11 12 13 17 20 28 30 32 33 39 40 42 44 45 49 50 51 54 55 59 63 66 68 69 71 72 76 77 80 81 85 89 92 98 100 104 105 106 109 112 117 118 124 127 129 130 133 141 144 149 151 154 160 163 166 168 169 175 177 179 181 186 187 188 190 198 199 200 201 202 208 216 218 220 226 229 231 232
29 82 : 2 3 5 13 16 18 20 27 29 30 32 38 39 43 47 48 54 58 60 61 67 70 72 79 80 82 83 89 90 93 96 97 98 102 106 113 116 117 118 119 124 127 129 134 136 138 146 147 153 154 159 160 161 164 166 167 169 172 175 176 179 182 183 185 189 192 193 194 195 198 206 210 211 212 214 215 217 219 221 224 231 232
30 83 : 0 5 6 9 11 14 17 19 22 23 25 32 37 38 39 40 42 46 49 50 52 53 55 56 60 62 69 79 81 82 83 86 90 91 92 93 94 99 102 106 110 111 113 114 119 121 126 127 128 129 130 142 143 145 148 154 155 156 165 167 172 173 183 184 185 186 193 195 198 199 203 209 210 211 214 215 216 221 223 224 225 227 232
31 83 : 1 8 9 10 11 15 17 21 22 28 31 33 40 45 48 57 59 60 65 68 76 77 79 80 81 84 85 86 91 92 94 96 99 101 103 107 108 109 112 114 120 123 126 129 131 141 145 149 150 151 152 157 158 159 166 171 172 174 176 177 181 182 184 190 194 195 197 198 201 202 203 211 216 218 219 222 224 225 227 228 229 230 232
32 83 : 1 6 7 9 15 16 18 19 20 27 29 31 37 38 40 42 47 54 56 58 61 62 63 65 67 68 69 71 72 73 75 77 79 81 83 86 90 98 100 101 104 107 109 110 112 116 124 126 129 131 132 133 134 135 138 141 144 146 149 154 159 160 164 171 177 185 187 191 196 200 202 204 206 211 213 216 218 223 226 229 230 231 232
33 83 : 5 7 8 11 12 17 19 22 29 34 35 36 38 40 42 44 45 49 52 54 56 60 62 65 75 76 79 81 84 89 91 95 96 97 102 103 108 110 111 114 116 120 121 127 128 130 133 134 136 141 147 148 149 156 159 166 168 169 173 174 177 179 183 184 185 186 187 188 189 190 191 194 196 197 202 203 217 219 221 224 226 227 229
34 72 : 0 1 4 6 8 9 10 11 12 15 17 18 27 31 32 33 35 37 38 47 54 55 57 58 61 65 67 68 69 70 72 80 87 88 92 114 116 121 129 130 136 138 142 145 149 154 159 161 162 164 167 168 169 175 177 179 181 183 185 187 190 195 204 211 214 220 224 225 226 227 229 231
35 83 : 0 5 9 10 12 15 20 23 25 26 28 29 34 35 40 43 44 47 52 59 60 65 66 67 68 70 71 78 81 83 84 86 90 91 92 94 95 96 97 105 108 109 113 116 120 126 128 129 130 133 137 142 144 153 155 159 161 164 165 167 168 169 171 174 175 176 177 179 180 183 185 187 190 192 196 203 204 211 214 217 218 228 231
36 83 : 2 4 7 9 10 11 13 16 17 22 27 33 35 39 40 41 42 43 52 57 58 62 65 70 72 81 83 85 88 94 97 98 102 105 107 112 121 122 126 127 130 131 132 134 136 141 145 146 147 149 151 152 153 155 157 158 163 169 172 174 175 176 181 182 183 185 190 191 192 193 196 198 199 200 204 205 211 215 219 224 226 229 231
37 83 : 2 7 10 13 15 16 20 21 23 27 29 37 38 42 50 52 53 55 56 57 64 65 69 72 77 80 85 90 96 99 100 102 103 105 107 114 116 122 124 125 126 128 129 133 135 139 145 149 150 158 159 161 162 163 167 169 170 172 173 176 177 178 182 185 186 187 189 191 193 196 197 202 204 207 210 211 214 216 219 220 221 222 229
38 83 : 0 1 3 5 7 9 11 12 14 15 16 18 19 20 23 24 25 27 28 31 35 38 39 40 43 46 48 49 52 54 55 58 59 65 73 78 79 88 91 94 97 98 100 103 107 108 111 114 116 119 120 135 138 145 146 150 154 156 161 164 165 171 172 175 181 184 185 187 188 194 205 209 211 212 213 214 216 219 222 225 227 231 232
39 83 : 3 4 5 6 10 11 12 14 15 17 19 20 21 23 27 31 34 37 40 41 46 49 57 61 66 70 71 73 74 77 78 82 83 85 87 92 97 102 104 109 110 112 114 115 117 118 120 122 125 126 128 130 136 138 141 142 143 146 147 148 149 150 153 154 155 163 164 167 174 180 183 186 187 190 193 194 200 204 209 211 214 215 232
40 83 : 1 2 3 6 7 8 9 11 12 14 21 22 27 29 36 37 38 40 41 47 48 49 52 54 59 60 66 67 72 75 78 80 83 84 87 89 97 108 110 111 117 118 132 134 135 136 137 138 139 140 142 144 145 148 151 153 155 156 158 162 164 166 170 171 174 177 178 180 186 189 190 195 197 198 200 205 210 211 226 227 228 230 232
41 82 : 0 5 6 9 11 12 14 15 16 17 19 20 24 32 33 38 41 42 43 44 48 49 51 52 55 57 72 79 82 85 88 92 94 95 102 103 104 111 115 116 119 120 123 126 131 141 144 145 148 149 151 152 154 156 159 160 161 162 163 165 170 173 181 186 188 189 194 200 202 204 206 207 210 211 213 215 216 221 228 229 230 231
42 83 : 7 12 14 15 19 22 23 24 28 29 31 34 40 42 43 46 47 49 53 56 62 64 66 72 74 78 80 88 92 95 101 103 105 108 110 113 114 115 116 119 121 125 126 129 133 135 136 137 141 142 143 146 148 149 154 156 163 167 169 171 173 174 175 177 179 181 184 190 194 195 203 204 206 207 208 211 216 217 220 222 224 229 231
43 83 : 1 3 12 15 18 19 25 31 32 34 35 36 37 38 41 44 56 57 62 65 66 68 70 73 74 76 80 82 83 84 85 86 87 92 95 96 98 100 101 103 109 110 111 113 115 119 128 131 133 136 138 139 141 142 144 149 158 160 161 166 170 176 177 178 179 180 182 184 185 188 194 202 204 208 209 211 215 219 220 221 225 226 230
44 83 : 2 4 9 12 15 20 21 28 30 31 32 33 35 37 39 52 62 64 65 66 67 68 71 72 76 79 80 81 82 88 89 90 94 96 103 106 107 109 115 118 121 122 123 126 128 129 135 138 142 143 144 145 151 152 157 159 162 165 171 172 175 178 180 183 184 190 192 193 194 195 196 198 206 209 210 211 212 221 222 223 227 231 232
45 83 : 4 12 16 20 22 23 33 39 42 44 47 56 57 59 65 66 67 69 70 71 76 78 80 82 83 85 86 89 93 94 96 97 98 100 107 111 112 121 123 124 125 127 128 132 138 141 142 146 148 150 151 153 154 155 160 161 163 166 168 171 172 173 174 175 180 181 183 187 189 194 201 202 203 204 207 209 210 211 213 220 225 226 231
46 73 : 1 4 9 10 11 12 13 15 17 27 31 32 33 37 38 47 55 57 64 65 68 69 71 72 76 80 88 89 92 98 102 103 114 120 125 129 130 132 135 136 138 140 142 145 148 149 150 154 159 161 162 167 168 169 172 177 179 181 183 185 187 190 195 198 204 208 211 221 224 226 227 229 231
47 72 : 1 2 4 7 9 10 11 12 13 15 17 21 26 27 32 33 37 38 47 49 51 55 57 58 65 69 72 76 77 78 82 89 90 92 94 97 114 121 130 133 136 138 142 145 148 149 150 154 161 162 167 168 169 177 179 181 183 185 187 190 195 203 204 206 208 211 214 224 226 227 229 231
48 83 : 7 8 9 10 12 14 15 17 18 21 29 32 33 34 35 37 44 49 51 54 55 65 66 68 77 78 79 81 83 84 88 90 91 96 101 102 107 108 114 115 119 120 121 123 128 129 130 133 136 138 144 145 146 147 150 151 154 162 167 169 171 177 178 182 183 186 189 191 193 198 201 208 209 212 213 215 217 219 221 223 228 229 231
49 83 : 0 1 2 6 7 9 11 15 17 18 28 29 33 34 38 40 41 47 48 54 56 60 61 62 64 66 67 72 75 76 84 85 91 92 95 97 99 102 103 104 109 112 113 118 121 123 124 125 130 138 142 145 146 147 156 157 160 161 162 163 166 169 175 176 181 182 183 185 190 191 195 196 197 202 204 205 211 213 221 222 223 224 227
50 83 : 6 7 8 9 10 13 14 15 17 27 30 31 32 33 35 36 37 40 42 44 49 53 55 56 57 59 62 63 69 70 71 73 74 78 80 84 88 94 95 100 109 110 111 112 115 117 121 125 128 132 134 136 139 142 147 148 149 151 162 164 166 167 170 174 175 180 183 184 186 188 195 196 197 201 207 211 213 217 218 223 224 226 231
51 83 : 1 2 8 10 11 13 14 17 18 24 25 27 28 29 31 32 33 34 36 42 45 46 47 48 50 56 68 81 85 87 91 93 94 97 100 103 105 108 110 113 114 119 121 122 123 124 128 130 131 134 137 140 142 143 145 148 149 153 160 161 162 165 169 171 172 177 179 184 188 189 194 195 201 204 208 211 218 222 225 227 229 230 231
52 83 : 1 3 10 12 13 14 16 17 18 20 24 27 32 34 39 41 43 44 50 53 54 57 66 71 72 77 81 87 89 91 93 97 98 99 100 101 105 109 110 111 116 119 120 123 125 128 129 130 131 133 136 143 147 148 151 152 155 156 157 160 161 162 167 171 178 179 187 188 190 191 195 200 202 204 211 213 215 217 219 226 229 231 232
53 83 : 4 6 7 8 10 12 16 17 19 21 24 25 27 28 29 30 33 34 35 37 38 40 42 44 48 49 50 53 58 59 61 62 63 64 74 75 83 85 88 91 95 98 101 102 104 107 111 113 119 121 126 128 134 135 138 140 143 145 148 153 158 160 162 167 170 177 179 180 181 183 188 190 192 203 206 207 208 211 218 220 226 228 232
54 83 : 0 1 2 8 9 11 12 13 15 17 18 21 27 30 31 32 34 39 40 44 46 49 50 59 65 68 69 72 75 76 79 84 96 105 107 108 110 111 115 120 121 123 124 127 129 130 135 137 138 140 142 145 146 148 154 155 156 157 165 166 167 168 169 174 176 183 186 190 191 192 193 194 195 196 199 202 209 213 216 219 226 230 232
55 83 : 1 6 8 10 12 14 15 21 22 24 25 27 29 30 42 44 46 47 53 56 57 58 59 61 62 66 71 72 74 78 81 82 83 85 87 95 98 100 103 106 116 120 124 129 131 132 133 134 135 137 141 142 143 144 145 148 149 154 157 165 166 167 170 173 178 179 181 185 186 189 191 199 204 209 211 216 217 222 225 226 227 229 232
56 83 : 7 9 11 14 15 16 21 23 27 30 33 36 37 38 40 41 45 47 48 51 54 60 62 64 65 67 69 70 74 83 89 92 94 99 100 104 105 107 110 111 114 115 117 118 121 125 133 136 142 147 150 151 154 155 157 160 161 162 166 167 168 169 170 174 181 183 187 188 195 197 199 200 203 205 213 216 219 222 224 227 229 230 232
57 83 : 1 3 7 10 11 13 16 20 21 30 34 35 36 37 38 40 47 48 49 50 54 55 58 65 67 69 70 76 78 80 82 89 92 94 95 100 101 109 113 114 116 117 118 120 122 124 129 132 133 137 138 139 142 144 145 148 154 155 157 160 161 167 170 173 175 177 184 186 189 195 197 198 199 200 201 203 205 208 211 217 220 224 231
58 69 : 1 4 7 8 9 10 11 12 15 25 31 32 33 35 37 38 41 44 47 48 49 53 55 56 57 65 69 72 80 92 93 102 111 114 119 121 127 130 136 142 145 148 149 150 154 161 162 167 168 172 177 178 179 181 182 183 185 187 190 195 204 207 211 218 225 226 227 229 231
59 73 : 1 2 4 5 7 9 10 11 12 15 17 19 25 27 31 32 33 34 37 38 47 49 55 57 60 65 69 70 71 72 79 80 92 99 114 121 129 130 134 136 137 138 141 142 145 148 149 154 156 159 161 162 167 168 169 179 181 183 185 187 190 194 195 199 204 207 211 220 224 226 227 229 231
60 83 : 1 4 6 8 9 10 11 15 17 24 27 28 37 38 41 45 47 53 56 57 59 60 67 69 70 71 73 76 77 78 80 81 85 87 88 91 92 93 97 99 106 114 115 117 120 122 123 125 130 132 133 137 140 142 143 144 145 148 151 154 156 157 158 162 163 164 170 172 173 175 183 191 195 201 203 205 207 210 211 216 222 226 229
61 83 : 0 1 5 7 9 10 12 18 20 21 24 26 27 32 34 37 38 40 44 46 48 51 59 60 63 69 71 77 88 89 90 91 92 93 95 96 99 103 104 106 108 111 112 113 114 116 120 123 124 127 129 131 132 137 140 155 157 161 162 163 164 165 167 171 179 181 183 186 187 194 197 199 200 203 204 215 216 218 225 226 227 229 231
62 83 : 0 1 5 8 9 11 14 17 18 20 21 22 24 32 36 37 38 39 42 46 47 53 55 57 59 60 65 67 70 72 73 77 78 83 86 90 94 96 101 106 112 113 120 121 122 126 129 130 131 134 145 146 150 153 154 157 158 159 160 164 167 168 169 173 174 176 179 180 185 188 196 202 204 209 210 219 220 221 225 227 228 229 232
63 83 : 6 8 9 10 11 14 15 16 19 22 23 25 30 32 45 46 47 48 52 54 55 56 57 73 82 85 87 90 91 92 93 94 96 100 101 104 106 109 112 113 115 116 119 120 121 122 124 128 134 138 144 145 149 150 151 159 160 166 167 168 171 172 174 181 183 185 188 189 192 193 197 206 210 211 213 215 218 222 225 226 227 228 230
64 83 : 1 4 5 8 9 11 12 16 17 18 19 24 26 31 39 42 45 47 48 52 55 62 63 66 75 76 78 83 85 87 91 93 94 99 101 102 105 107 108 111 114 115 117 119 121 126 130 137 139 140 142 143 147 152 158 162 163 164 165 167 170 175 176 181 182 186 188 194 196 198 199 202 204 205 206 210 214 216 220 227 229 230 231
65 83 : 1 3 4 8 13 15 17 22 24 26 27 28 30 31 32 33 36 38 42 47 50 54 55 63 66 67 69 75 77 78 80 86 87 90 104 106 107 109 112 113 114 116 117 131 135 137 139 140 145 148 152 154 157 159 160 161 162 168 169 170 171 172 176 179 180 182 187 190 193 196 197 199 200 204 205 208 212 215 218 220 222 227 229
66 83 : 4 8 11 15 16 17 19 20 23 24 25 30 34 36 38 47 49 50 52 53 57 60 66 69 70 74 78 79 80 81 82 83 87 91 93 94 96 99 103 106 107 120 121 122 128 129 130 135 137 138 140 141 145 147 148 149 156 159 161 162 167 168 170 171 172 177 178 185 186 187 188 192 197 205 208 211 215 217 223 224 227 231 232
67 83 : 3 4 8 9 12 15 17 21 22 23 25 30 32 35 36 42 43 44 48 50 51 54 57 58 59 61 62 63 67 71 72 73 77 89 92 95 96 101 102 104 108 112 117 118 121 123 131 133 138 141 142 145 149 152 156 161 162 165 166 168 174 175 182 183 185 187 190 193 194 195 196 199 202 203 206 211 215 216 223 224 225 227 230
68 83 : 0 4 9 11 12 14 15 16 17 21 26 32 35 36 39 41 42 43 45 47 48 49 53 55 57 61 65 68 70 75 76 82 86 87 89 92 93 102 103 112 113 118 119 121 124 127 128 131 140 141 144 146 152 154 155 156 157 158 161 162 171 175 178 180 181 182 183 187 188 189 192 198 199 200 202 215 219 223 225 227 229 231 232
69 83 : 1 3 4 6 9 11 12 14 17 18 19 24 27 32 34 35 43 47 51 54 62 63 66 68 70 72 78 82 84 86 90 92 94 96 102 105 107 112 114 115 116 122 127 132 133 136 137 139 141 142 149 150 151 152 156 158 161 163 165 167 168 174 177 182 183 185 190 193 194 195 198 203 205 208 210 214 215 216 218 221 226 227 229
70 83 : 0 4 5 9 15 17 18 19 25 26 35 36 37 39 45 46 47 51 55 61 62 63 66 69 72 74 78 80 85 86 93 95 101 103 104 105 108 111 113 114 119 122 126 127 130 131 136 137 142 144 148 149 153 154 157 159 160 162 167 168 170 173 177 179 181 182 184 185 186 187 199 202 210 212 215 216 218 221 223 224 227 228 231
71 83 : 1 2 4 7 9 10 11 12 14 16 23 24 25 26 27 29 32 33 37 42 45 48 49 50 51 55 56 57 59 60 65 74 78 79 80 81 92 93 103 111 113 114 118 119 121 122 126 129 131 142 143 144 147 151 152 159 163 167 169 170 171 176 177 181 183 184 185 187 193 194 195 196 202 207 210 212 213 218 219 222 226 229 231
72 83 : 1 4 9 11 18 19 27 30 32 35 36 41 46 49 50 51 52 61 64 65 66 70 71 75 77 80 85 86 91 93 94 95 99 101 102 105 109 110 112 113 114 115 121 123 125 126 127 128 131 133 134 143 150 154 155 158 162 165 169 171 173 176 180 181 185 187 188 193 196 197 201 204 205 208 210 211 222 223 226 227 228 229 231
73 83 : 1 8 9 11 12 15 16 18 21 22 23 25 27 30 31 33 35 36 37 38 40 41 43 47 51 58 62 63 64 65 70 73 81 86 91 93 94 95 99 101 106 115 116 117 121 123 128 130 131 133 134 141 144 149 154 160 161 167 170 178 181 185 188 191 194 195 197 199 200 203 204 207 209 214 215 217 218 223 225 226 227 228 231
74 83 : 1 4 5 6 7 8 10 14 16 19 27 29 32 37 38 39 40 41 42 43 47 55 61 65 67 69 71 73 79 81 82 85 92 93 96 99 104 105 107 115 118 123 125 127 130 131 133 134 136 139 140 142 144 145 147 148 151 152 154 159 160 161 162 167 176 183 184 185 190 193 204 205 210 211 212 213 214 218 221 223 225 227 231
75 83 : 3 5 7 9 11 13 15 16 18 20 23 26 30 32 36 39 43 44 45 47 49 55 57 59 60 63 66 70 71 72 73 74 79 82 84 89 94 97 105 111 112 118 121 122 125 126 128 137 138 148 150 151 153 158 160 161 166 167 168 172 176 177 178 179 180 182 184 187 190 195 196 198 201 204 209 211 215 219 223 224 229 231 232
76 83 : 3 9 14 16 21 23 26 27 30 31 33 34 35 46 49 50 51 52 55 57 62 63 64 65 68 79 80 81 82 84 87 88 93 101 102 104 111 112 120 123 124 131 137 138 140 144 149 153 159 160 166 169 170 173 175 176 177 178 179 181 183 184 185 186 188 189 190 194 195 196 198 205 206 212 214 218 220 221 224 226 227 228 229
77 73 : 1 4 6 9 10 11 12 15 17 19 25 27 31 32 33 36 37 38 41 46 47 49 55 57 65 67 68 69 72 80 86 92 93 97 113 114 121 130 135 136 138 142 145 148 149 154 161 162 164 167 168 169 174 175 177 179 183 185 187 190 191 193 195 201 204 208 211 220 224 226 227 229 231
78 83 : 0 2 3 5 7 11 12 16 17 20 27 28 32 35 40 41 43 44 47 50 53 62 63 66 72 73 74 76 84 87 89 91 99 101 102 110 114 115 117 119 121 123 124 134 137 138 141 142 143 145 148 151 153 161 162 163 168 169 170 171 172 174 179 181 182 183 184 185 187 193 194 198 199 204 205 206 208 212 223 224 225 228 232
79 72 : 4 6 9 10 11 12 15 17 19 27 31 32 33 37 38 47 48 49 52 55 57 64 68 69 71 74 80 85 88 89 92 99 104 109 110 111 114 117 121 130 132 136 138 142 145 148 149 152 154 161 162 165 167 168 169 175 177 179 181 183 185 187 190 195 199 204 211 224 226 227 229 231
80 83 : 1 3 9 10 12 13 18 20 22 24 26 27 35 42 44 45 47 49 50 51 53 54 63 64 65 66 67 72 73 76 80 81 82 83 87 88 92 95 100 101 104 108 110 112 113 114 125 130 132 134 135 137 142 146 148 149 151 152 153 159 161 162 163 164 167 168 170 176 178 181 185 187 193 199 203 204 209 214 215 218 227 230 231
81 83 : 1 3 4 10 11 15 16 18 19 21 22 25 27 28 30 31 32 36 37 39 45 49 51 65 72 75 78 82 84 87 88 90 94 95 99 102 107 108 114 117 118 120 123 124 125 126 129 130 136 142 146 149 155 156 157 161 165 168 177 181 182 183 189 190 194 195 196 201 209 211 212 215 216 217 218 219 220 221 226 227 228 229 232
82 73 : 1 3 4 9 10 11 12 15 17 18 27 32 33 34 37 38 41 47 49 55 57 65 69 72 76 80 87 88 89 92 94 97 99 103 108 111 113 114 117 121 130 136 138 142 145 148 149 154 156 161 162 167 168 169 177 179 180 181 183 185 187 188 190 195 204 207 211 224 225 226 227 229 231
83 83 : 0 2 3 10 12 14 18 19 22 24 29 32 33 37 40 46 49 52 54 57 59 63 65 68 69 72 74 80 82 84 86 87 88 89 91 92 105 111 112 116 118 119 120 126 128 130 132 135 136 138 142 144 146 151 154 156 158 161 162 164 168 169 175 177 179 181 183 185 186 187 190 192 193 195 197 203 210 211 216 220 228 229 230
84 83 : 0 1 3 6 7 14 16 17 19 20 21 24 25 27 29 33 36 37 41 43 44 45 48 54 56 64 66 67 69 74 82 83 85 88 90 91 94 97 98 101 102 103 104 105 107 116 118 121 126 127 143 144 147 149 151 154 155 156 157 159 161 162 165 167 170 177 180 185 186 190 192 193 200 202 205 206 218 220 222 224 225 231 232
85 83 : 3 4 5 7 8 11 14 19 25 27 29 33 34 37 38 40 49 50 51 52 56 57 61 64 68 69 71 75 79 80 87 90 91 92 93 99 106 113 114 115 121 134 135 136 139 140 144 146 154 156 160 161 164 167 169 172 174 175 176 177 180 181 183 184 185 187 190 193 197 202 205 208 209 211 212 217 219 220 223 228 229 231 232
86 83 : 2 5 10 11 12 14 17 21 22 30 31 32 37 38 40 41 42 45 46 47 48 49 50 51 54 57 58 63 64 65 67 69 70 71 72 75 76 78 79 81 87 88 92 93 94 96 98 114 122 125 126 132 134 136 138 139 143 147 148 156 159 160 161 164 167 168 173 178 185 194 196 202 204 205 208 209 210 217 219 224 226 227 229
87 83 : 1 2 5 9 11 12 13 19 33 35 38 43 45 46 48 49 50 53 56 61 63 65 66 69 73 77 80 85 91 93 96 98 100 101 103 104 108 112 114 118 121 124 127 129 130 132 134 136 137 139 143 145 148 152 153 154 158 161 163 164 165 167 174 176 179 180 181 185 187 189 190 193 199 201 205 207 210 211 212 214 226 227 229
88 83 : 1 4 11 14 15 17 24 26 29 31 33 38 41 44 45 49 52 57 60 63 65 66 67 68 73 74 78 79 82 89 92 93 99 100 101 120 124 125 130 131 136 137 139 140 144 148 150 153 154 155 158 159 162 164 169 171 174 175 178 181 184 189 190 191 192 193 195 197 200 201 205 207 208 213 214 216 218 220 222 224 226 231 232
89 83 : 1 4 6 9 13 17 19 23 25 27 31 35 36 37 38 39 51 60 61 63 64 65 73 80 81 82 83 86 94 103 106 108 109 112 113 114 116 118 119 122 123 128 131 133 137 138 139 140 143 144 145 148 149 150 154 158 160 161 163 164 168 172 177 179 182 186 187 190 192 199 201 203 204 207 213 215 216 222 223 224 227 229 231
90 83 : 0 1 2 10 13 14 15 16 18 20 22 24 25 26 27 32 34 36 37 38 44 47 53 54 55 60 63 66 67 71 76 78 80 84 85 89 90 95 99 101 108 113 114 115 121 124 128 129 130 131 133 139 141 142 143 146 150 151 154 155 158 162 163 164 165 171 173 175 181 183 189 196 198 201 208 209 211 217 222 224 227 228 231
91 83 : 1 2 3 4 9 18 22 23 28 29 32 33 35 41 44 48 50 51 55 56 57 58 60 62 63 64 65 69 72 75 76 77 78 80 82 85 88 89 92 93 95 99 100 109 113 114 115 118 121 123 125 126 130 131 139 142 144 145 146 148 152 155 158 162 167 168 169 177 179 181 185 188 190 201 204 209 211 213 218 219 224 227 230
92 83 : 7 9 10 11 13 15 20 23 24 26 27 32 37 42 47 50 51 57 61 62 63 71 73 74 80 81 82 84 89 90 93 94 97 98 102 109 114 117 121 125 126 127 128 131 138 139 140 142 144 145 146 157 164 177 179 180 181 182 183 184 185 190 192 193 194 197 199 200 206 207 212 213 214 216 218 219 220 223 226 228 229 230 232
93 83 : 0 2 3 5 8 9 10 12 15 16 21 26 29 32 36 40 41 42 43 47 48 49 52 53 59 61 62 63 65 68 71 72 74 75 79 84 93 99 102 104 106 108 113 115 119 120 121 125 128 130 131 132 133 148 149 152 156 160 164 167 168 170 177 179 181 185 188 189 192 193 195 198 199 200 208 215 217 218 221 222 224 231 232
94 83 : 1 2 10 11 13 15 17 23 25 26 28 32 34 35 37 40 44 48 49 51 52 57 59 62 70 74 75 77 78 79 82 83 84 85 87 88 91 93 95 96 97 108 109 110 111 118 122 123 129 131 134 136 137 139 142 143 145 150 152 156 160 172 173 176 177 179 180 181 189 190 191 194 195 197 198 203 210 212 216 219 226 229 230
95 83 : 1 5 9 10 11 13 15 16 17 18 20 26 31 32 35 37 40 45 48 51 55 59 60 62 69 75 76 80 83 85 88 89 93 96 102 104 109 115 116 122 123 125 130 132 136 139 141 142 144 145 147 148 151 154 159 161 164 166 168 169 175 177 179 185 188 192 193 195 199 200 201 204 205 208 210 211 212 214 218 222 224 226 231
96 83 : 1 3 11 14 17 19 27 30 33 37 47 48 52 53 54 55 57 58 68 70 73 77 83 84 86 87 90 94 95 102 103 106 108 110 112 116 117 118 121 123 132 138 142 143 146 149 155 156 161 163 172 179 181 183 184 185 190 191 192 197 200 202 203 204 208 211 212 213 216 218 219 220 221 222 223 224 226 227 228 229 230 231 232
97 83 : 0 1 4 8 10 11 13 15 18 21 22 27 30 31 34 35 39 41 43 44 47 50 52 53 64 65 66 70 74 77 79 80 84 89 93 100 106 114 118 121 123 125 126 127 130 133 135 138 142 144 146 149 151 154 155 156 159 163 166 168 172 175 178 179 180 182 183 184 187 189 192 196 201 204 205 206 207 209 210 214 217 224 227
98 83 : 0 4 8 9 10 12 13 14 16 20 23 26 27 34 37 48 49 53 56 59 60 63 65 69 76 79 80 82 83 84 87 88 90 91 101 102 103 104 105 106 107 114 120 121 122 124 132 133 136 138 139 140 143 149 154 159 161 167 175 179 180 181 184 187 188 192 195 199 201 203 204 206 207 209 211 213 219 224 225 226 227 229 232
99 83 : 0 1 3 5 6 8 10 11 17 19 20 25 28 29 37 39 41 46 49 50 53 55 57 61 62 63 65 76 79 82 93 95 96 97 98 100 101 102 103 104 109 110 111 116 117 121 128 134 138 139 142 143 152 154 155 156 161 163 166 168 173 174 180 185 187 188 190 191 192 194 197 200 201 202 209 213 216 217 218 219 221 222 230
100 83 : 0 1 2 4 10 18 22 25 27 30 31 32 43 44 45 47 49 54 55 56 58 59 61 68 70 73 75 80 87 92 94 98 99 100 105 106 107 108 111 114 115 120 123 124 127 129 130 136 138 140 141 154 158 160 161 162 168 169 170 171 172 173 174 175 180 183 184 185 190 192 194 201 202 204 208 210 218 219 223 224 229 230 231
101 83 : 0 7 8 9 10 11 12 14 15 17 21 23 24 30 32 34 45 46 49 60 62 66 69 71 72 76 82 83 85 89 92 93 94 101 104 106 111 119 120 121 127 128 130 135 140 142 143 145 148 158 160 167 169 171 174 175 176 180 181 184 185 186 187 189 191 192 195 197 198 201 203 204 206 208 209 213 214 215 218 224 226 227 230
102 83 : 1 3 9 10 11 13 17 18 23 25 26 28 29 30 31 32 45 46 47 50 53 58 61 66 69 75 76 80 81 84 86 89 92 95 100 103 104 106 110 114 116 123 124 130 133 136 138 145 146 148 149 150 151 153 156 161 162 164 172 174 176 178 179 184 185 187 191 195 196 197 204 205 209 210 212 216 217 218 219 221 226 230 231
103 83 : 0 1 2 10 11 13 16 21 24 26 31 32 33 34 35 38 42 45 49 51 58 60 62 65 71 74 77 83 86 87 95 96 97 99 103 104 109 112 115 117 126 131 132 133 134 137 138 139 142 143 149 150 153 154 157 160 164 166 170 175 178 179 180 181 184 185 186 188 193 194 204 207 213 214 216 222 224 226 227 229 230 231 232
104 83 : 0 1 3 9 10 12 13 15 21 27 30 35 37 38 42 46 48 57 59 62 66 67 72 73 75 77 78 81 82 84 85 86 88 92 95 97 98 100 104 107 109 111 114 115 116 118 124 125 127 130 134 135 136 139 140 142 143 145 146 151 152 155 157 158 160 161 162 168 173 177 178 190 191 193 195 200 202 211 212 223 224 229 231
105 83 : 0 1 4 5 6 7 8 17 19 22 26 27 29 30 31 35 36 37 45 48 50 51 55 63 64 67 70 71 76 77 80 88 95 99 103 104 106 108 114 115 116 118 119 121 123 124 125 127 130 138 139 140 142 143 145 146 147 148 150 154 155 156 159 162 165 166 169 176 177 178 179 182 186 187 189 190 201 204 205 208 217 222 229
106 68 : 1 4 7 8 10 11 12 17 27 31 32 33 36 37 38 40 41 49 55 57 69 72 74 80 92 93 109 114 121 126 130 132 136 138 142 145 148 149 151 154 156 161 162 167 168 169 174 175 177 179 180 181 183 185 186 187 190 195 198 204 211 220 224 226 227 229 230 231
107 83 : 1 4 6 7 10 17 19 23 25 27 28 29 31 35 37 45 47 50 53 55 63 66 69 74 76 77 78 79 87 89 90 97 98 103 105 107 109 114 117 118 119 123 128 130 131 138 140 141 142 143 145 148 150 155 156 158 160 161 164 167 168 171 174 179 182 184 188 189 190 191 197 201 202 208 210 214 216 217 218 220 222 227 231
108 83 : 1 4 16 17 19 23 25 27 29 30 31 32 33 36 44 45 47 54 55 56 57 61 62 65 66 67 70 74 75 79 81 82 83 85 89 90 91 94 95 98 101 105 114 117 134 136 137 140 141 142 145 146 148 153 154 155 162 165 166 169 172 173 177 178 179 180 181 185 187 189 191 192 199 200 207 209 210 213 215 218 223 224 230
109 83 : 6 11 12 17 20 21 22 25 26 29 33 36 37 38 41 45 47 48 49 50 51 57 62 64 67 69 72 76 79 80 89 94 95 98 99 104 106 110 112 114 117 120 125 126 129 130 131 133 135 136 142 145 147 149 151 152 158 159 161 162 163 169 170 172 177 179 181 183 186 190 193 194 195 196 201 207 209 213 214 215 222 225 231
110 83 : 5 7 13 14 15 17 25 26 27 28 29 31 32 33 35 38 40 42 43 46 48 49 55 57 59 62 64 71 76 77 79 81 83 86 90 100 107 108 109 110 115 121 122 127 128 130 131 133 138 141 142 147 149 150 152 155 156 159 165 166 172 173 175 179 180 182 183 187 190 196 205 206 207 211 215 216 217 218 219 220 225 227 229
111 83 : 3 4 9 10 13 14 15 16 17 20 21 24 26 28 32 36 37 48 54 55 56 60 64 74 80 81 84 88 92 94 97 101 103 105 106 113 115 117 119 120 122 123 127 130 131 136 140 141 144 145 147 148 150 151 154 158 160 161 163 168 169 173 176 179 183 185 188 192 200 205 207 209 211 214 216 218 219 221 224 227 228 230 231
112 70 : 1 3 4 9 10 11 12 15 16 17 26 27 31 33 37 38 39 43 46 47 49 55 57 64 65 69 70 72 77 80 87 92 97 100 106 110 114 120 121 130 136 138 142 145 148 149 154 155 162 167 169 179 181 182 183 185 187 190 195 200 204 206 211 220 221 224 226 227 229 231
113 83 : 5 12 14 15 17 21 26 27 29 34 38 40 44 45 46 48 50 65 68 73 74 75 79 80 82 83 86 90 93 96 98 101 102 107 111 115 116 118 121 123 124 128 129 141 144 147 149 150 151 152 154 160 162 166 167 168 172 175 176 177 178 179 181 184 185 186 187 188 194 196 197 201 204 206 211 216 217 221 223 224 226 228 231
114 83 : 0 3 4 7 8 13 15 16 25 28 32 37 38 40 42 43 49 50 51 52 59 63 64 66 68 75 77 81 86 88 89 93 94 95 97 106 108 110 111 119 120 121 126 128 138 139 140 142 145 147 149 152 154 155 157 161 162 163 166 169 170 172 173 181 182 185 187 189 196 200 201 205 211 213 214 218 219 221 223 226 227 228 229
115 83 : 2 4 5 8 9 10 17 19 21 22 27 30 33 39 42 44 45 47 49 51 54 56 57 58 59 65 67 72 75 76 80 81 82 86 87 89 96 100 101 106 108 109 110 115 119 123 124 125 127 129 130 135 139 140 144 145 148 159 161 168 173 176 177 178 179 185 187 192 195 199 200 204 205 206 207 209 212 215 217 222 223 224 231
116 83 : 0 6 9 11 12 13 15 16 18 19 24 26 27 28 30 33 37 43 49 50 53 54 61 65 68 69 70 79 80 87 88 92 94 96 98 99 101 106 107 118 120 122 125 127 128 135 137 138 139 141 143 144 145 146 148 152 153 156 157 159 163 164 168 173 176 177 179 184 190 194 195 200 201 204 208 212 213 214 220 224 227 229 231
117 83 : 4 7 9 11 14 15 16 22 24 26 27 29 33 35 38 40 41 47 48 50 51 55 59 60 61 70 73 76 78 86 87 89 92 94 95 98 102 103 108 113 114 116 117 118 123 126 130 131 133 135 136 140 145 146 149 154 167 168 169 176 177 180 181 184 186 187 188 189 191 197 202 204 205 210 213 214 217 218 220 223 227 230 232
118 83 : 1 4 6 9 14 20 25 28 30 31 34 36 37 40 41 44 47 49 52 56 58 66 67 68 74 76 77 78 80 85 88 92 94 95 97 99 104 113 114 115 117 118 125 128 129 130 131 132 135 136 141 144 146 149 154 158 161 165 166 167 176 178 180 183 186 187 189 192 202 203 204 206 211 218 220 223 224 225 226 227 229 230 232
119 83 : 1 4 16 20 24 25 26 29 31 32 39 42 46 49 52 56 61 65 67 69 72 75 77 79 80 91 92 95 104 108 114 115 119 121 122 123 124 129 134 138 139 140 143 144 145 150 153 156 158 159 160 161 162 167 168 169 170 171 172 173 179 181 184 185 187 188 189 193 195 203 204 207 208 211 213 221 222 223 225 227 228 230 232
120 83 : 0 1 4 6 7 13 15 16 17 18 22 23 26 27 28 29 31 34 35 37 42 44 45 46 48 53 55 56 59 61 64 68 75 78 82 83 85 101 103 105 109 111 121 122 123 127 130 132 133 134 136 139 144 149 150 152 155 156 159 161 165 167 174 177 182 185 186 187 189 190 191 192 194 195 199 204 211 216 223 226 227 229 230
121 83 : 0 1 4 5 8 9 13 15 17 18 19 21 23 26 27 32 33 35 37 38 49 51 52 54 55 56 58 59 72 74 78 90 99 103 105 106 107 108 114 119 120 121 122 124 129 131 135 137 139 141 145 146 147 148 153 156 158 161 162 165 167 169 173 176 179 180 182 187 189 195 197 202 204 205 207 208 216 221 222 228 229 231 232
122 83 : 1 11 17 22 23 26 28 33 34 36 38 42 43 44 49 50 55 57 60 63 66 72 73 75 81 83 84 86 87 88 90 94 95 96 105 108 109 110 113 114 115 117 121 122 130 131 132 133 137 139 140 142 143 148 149 158 159 160 166 168 169 175 181 182 183 185 187 188 190 192 194 195 200 202 205 206 208 212 215 218 221 226 228
123 83 : 4 7 9 10 11 13 16 17 22 25 26 27 32 33 36 37 38 42 47 49 54 55 57 59 61 63 64 68 71 74 75 76 80 84 91 92 96 98 102 103 104 105 107 108 117 121 122 134 136 137 138 139 142 148 149 152 154 156 158 161 162 168 172 177 181 183 185 186 187 194 195 196 202 204 206 209 216 217 220 221 223 225 232
124 83 : 0 1 2 6 9 12 15 19 22 23 27 29 31 33 35 37 38 40 47 49 50 54 56 57 59 60 63 65 68 69 72 81 83 89 90 93 96 101 102 104 105 106 108 109 112 115 126 127 129 130 131 132 137 139 144 146 150 152 154 156 158 160 163 167 173 174 176 178 179 180 182 187 195 204 206 210 211 212 213 217 227 229 231
125 83 : 0 1 4 7 10 16 17 20 21 25 28 38 40 43 47 48 55 56 59 60 61 64 65 66 68 70 72 74 76 80 83 84 86 88 89 90 91 92 94 98 108 113 115 118 124 129 132 134 135 136 142 145 148 152 157 158 159 161 162 163 164 168 171 172 173 174 187 189 190 192 196 198 202 203 207 212 216 219 220 225 227 228 231
126 83 : 1 5 8 9 10 15 21 22 25 27 32 33 36 37 38 41 42 51 54 55 57 58 60 65 68 69 71 72 74 76 77 79 91 96 99 104 111 113 118 119 121 122 124 125 126 128 132 135 141 142 144 145 146 147 149 156 157 161 162 163 167 168 177 178 179 186 187 188 190 192 194 198 201 208 210 211 213 216 220 223 224 227 231
127 83 : 0 1 4 6 12 14 17 19 20 23 24 25 26 30 31 32 33 38 39 40 42 44 46 47 50 55 60 64 66 67 68 78 80 82 84 85 86 88 89 90 100 103 105 107 114 125 126 128 129 140 145 146 151 160 162 163 165 167 169 171 175 177 181 184 187 191 193 196 200 203 205 207 210 212 213 215 216 219 221 225 228 230 231
128 83 : 1 4 9 12 15 18 20 21 26 27 31 32 36 39 43 45 46 50 51 52 55 56 66 67 69 70 73 75 78 80 85 87 90 92 93 94 95 97 105 107 115 120 121 123 124 125 126 128 135 136 137 138 142 143 145 149 154 157 164 165 166 169 170 172 173 178 182 185 187 189 192 202 205 207 210 212 221 222 225 226 227 231 232
129 83 : 0 1 3 4 5 13 15 21 24 25 26 27 29 33 35 38 40 41 42 44 47 49 51 55 56 57 61 65 72 73 74 75 78 79 83 88 91 92 97 101 110 111 112 115 116 121 122 123 136 138 140 141 142 143 148 149 151 156 157 158 160 162 168 170 171 174 179 180 186 187 189 194 197 204 206 208 210 211 218 219 224 226 228
130 71 : 1 4 9 10 11 12 15 17 18 19 27 31 32 34 37 46 47 49 55 57 61 69 71 72 73 89 90 92 101 114 121 126 130 134 136 138 142 144 145 148 149 152 154 161 162 167 168 169 177 179 180 181 183 185 187 188 190 195 198 200 202 204 207 211 218 221 224 226 227 229 231
131 83 : 11 15 16 24 27 28 29 30 36 38 42 44 46 48 53 57 59 65 69 73 75 77 79 80 81 82 83 86 92 94 105 106 112 113 114 118 119 120 121 131 132 136 140 142 146 148 149 151 152 154 155 157 160 162 163 164 165 169 170 174 178 179 180 182 185 186 187 191 195 196 198 199 205 207 210 213 224 226 227 228 229 230 232
132 72 : 1 4 9 10 11 12 15 17 19 27 31 32 33 37 38 41 49 55 62 65 68 69 72 80 88 92 100 108 114 120 121 122 127 130 133 136 137 138 142 144 145 148 149 152 154 159 161 162 167 168 169 177 179 181 182 183 185 187 189 190 195 204 211 214 220 221 223 224 226 227 229 231
133 83 : 4 7 10 13 15 20 25 28 30 31 32 33 37 45 46 47 50 52 54 55 56 57 60 61 62 63 65 70 74 82 83 90 95 97 104 107 108 111 112 126 128 129 130 131 132 136 141 143 144 146 148 149 153 160 164 167 168 171 172 173 175 178 179 180 181 186 189 190 195 197 198 199 201 206 211 212 213 219 220 223 226 227 229
134 72 : 1 2 4 8 9 11 12 15 17 27 28 31 32 33 37 38 47 49 52 55 57 60 65 69 71 72 76 80 87 88 92 102 112 114 119 121 122 129 130 136 138 142 145 147 148 149 153 154 161 162 164 167 168 169 177 179 181 183 185 187 190 195 200 204 206 211 224 226 227 228 229 231
135 83 : 2 3 6 8 10 11 13 16 17 18 20 27 29 30 31 32 35 39 43 46 47 48 49 51 54 56 57 61 62 63 74 78 80 84 85 86 87 92 97 101 103 105 107 111 118 120 122 125 133 136 137 138 143 147 152 153 154 159 161 162 167 168 169 172 174 177 178 181 187 191 193 195 198 204 206 209 211 215 219 221 224 226 230
136 83 : 1 2 4 5 11 12 13 20 23 27 32 34 35 38 40 41 43 53 56 60 62 65 68 74 78 80 81 82 84 86 90 95 100 102 109 111 113 114 119 121 125 126 128 133 134 139 142 143 145 147 154 157 158 160 165 173 176 177 179 182 183 186 190 191 193 199 202 206 207 209 210 213 215 218 219 221 222 224 225 226 227 229 230
137 83 : 0 3 7 14 15 21 23 26 29 31 32 33 36 37 38 42 43 46 48 50 51 53 54 56 57 58 60 61 63 68 69 70 73 77 79 94 95 98 108 112 113 116 119 120 125 130 132 135 136 140 141 145 146 149 153 155 157 160 161 165 167 176 177 179 180 181 182 183 189 190 192 200 201 202 205 206 209 212 217 219 224 225 231
138 83 : 0 2 4 11 13 15 18 23 24 25 26 27 30 31 32 33 41 43 44 46 48 50 51 53 55 56 58 60 62 64 71 72 73 74 75 76 80 86 90 92 95 99 103 105 108 114 117 119 121 122 130 136 140 142 143 147 148 157 162 166 167 168 170 174 175 177 180 182 184 185 190 194 195 202 211 215 222 223 224 225 226 228 231
139 83 : 9 10 11 17 19 23 27 30 32 35 42 43 48 50 56 58 61 64 65 67 74 75 76 77 80 81 82 86 87 88 90 92 98 103 105 106 107 110 114 121 126 130 131 133 135 137 142 145 146 148 150 151 158 160 165 166 168 171 172 174 177 178 180 182 183 185 187 188 190 192 194 195 196 201 206 211 212 220 221 224 227 229 232
140 83 : 2 5 6 8 9 11 13 18 19 21 22 26 27 28 31 32 33 37 38 40 43 45 46 47 50 53 58 59 61 69 73 76 78 80 83 86 92 97 100 103 108 109 112 116 118 120 123 129 133 138 142 143 145 153 154 158 160 162 163 164 165 167 169 170 174 177 178 182 187 189 193 197 201 203 204 205 207 208 212 216 220 222 223
141 83 : 9 10 12 13 15 18 21 22 25 27 28 31 32 36 41 44 45 47 49 52 53 54 58 59 61 64 67 68 73 74 82 84 88 90 96 97 98 105 112 113 114 117 120 121 124 127 128 131 138 139 141 146 147 149 150 156 157 160 164 177 179 180 181 184 185 187 189 195 196 203 206 207 210 211 212 214 219 220 221 225 227 228 231
142 83 : 0 1 4 7 9 14 17 18 20 21 22 23 28 29 37 43 48 49 52 54 55 67 68 69 73 74 77 82 86 90 91 92 100 101 102 105 106 107 108 116 120 121 125 128 129 134 135 136 138 141 142 144 149 156 161 162 163 167 169 179 180 181 183 184 185 188 189 191 196 198 201 202 203 204 206 208 209 210 214 219 222 230 231
143 83 : 0 2 4 7 9 10 12 17 23 24 31 32 33 34 35 36 37 38 44 47 48 49 50 59 63 68 71 75 77 79 83 84 87 94 95 97 106 113 114 115 117 119 120 121 125 132 133 134 137 139 140 145 148 150 153 154 155 157 159 161 164 165 166 171 176 177 179 190 193 195 196 198 199 211 215 217 222 224 226 227 228 230 232
144 83 : 4 6 9 10 11 14 17 21 24 32 37 41 42 48 49 50 54 56 57 60 61 63 64 65 68 69 72 73 80 87 93 97 100 103 106 108 111 113 121 124 128 134 136 138 139 142 144 145 147 149 151 152 153 154 155 160 161 162 164 165 167 169 173 176 177 178 183 185 189 197 199 201 205 207 209 210 212 215 222 223 224 230 231
145 83 : 1 5 9 12 13 14 15 20 21 22 24 28 32 33 39 42 44 45 47 50 53 55 56 59 60 62 64 66 67 69 70 71 72 74 75 79 80 82 100 102 103 104 106 108 110 113 114 116 122 125 129 130 131 136 138 141 143 144 148 150 165 166 167 173 181 183 185 187 190 198 199 201 202 203 204 207 208 209 213 217 221 226 231
146 83 : 0 3 4 5 7 9 10 17 19 24 25 31 35 37 38 39 41 44 52 53 55 57 62 65 69 70 71 73 78 82 84 90 92 94 98 99 100 101 107 109 125 126 129 130 134 135 137 139 140 141 142 145 147 148 149 150 151 152 155 158 159 161 174 176 177 182 183 186 190 191 192 198 199 203 205 212 216 217 218 223 226 228 229
147 83 : 1 2 7 9 13 14 15 16 17 21 25 27 28 29 32 35 36 38 39 44 46 53 57 58 59 61 63 69 73 75 76 77 81 83 87 92 93 97 102 105 106 108 111 113 118 119 122 123 125 127 129 131 137 139 140 143 145 146 148 153 160 161 163 168 172 175 178 179 180 181 183 185 188 196 201 205 207 216 220 221 223 224 226
148 83 : 1 2 5 8 9 10 16 17 21 22 23 24 26 28 31 32 33 34 37 41 45 47 49 52 54 55 59 69 70 72 74 79 83 85 86 91 97 98 109 110 111 114 118 119 124 126 127 130 133 136 137 142 147 148 150 154 156 158 167 168 169 171 173 175 176 179 180 185 190 194 195 196 200 208 211 212 213 216 219 220 224 227 231
149 83 : 6 7 10 11 26 29 43 47 48 49 51 56 62 63 66 70 71 72 80 81 84 85 87 90 94 96 97 98 101 105 111 112 113 115 117 120 121 122 127 129 132 134 135 137 139 145 147 148 157 158 159 161 163 165 167 168 169 172 173 174 175 176 180 181 182 186 188 189 196 197 198 210 211 213 214 217 218 221 222 225 226 227 228
150 83 : 2 3 4 5 20 24 27 28 32 33 35 41 42 43 47 55 56 58 61 62 65 68 69 73 74 75 76 77 80 81 86 90 91 97 100 101 102 104 109 114 117 123 134 137 138 139 140 142 144 147 148 154 155 157 161 162 168 175 178 179 181 183 184 185 186 187 190 192 195 198 203 205 206 207 209 213 215 220 224 227 228 229 231
151 83 : 0 3 8 11 12 15 20 24 26 27 31 35 36 37 38 39 42 49 50 52 54 55 56 61 69 71 72 73 76 77 82 83 85 86 94 95 99 107 110 113 114 116 117 118 121 124 126 129 130 132 134 135 136 142 146 155 157 158 162 164 169 171 172 174 176 179 183 185 186 187 193 195 196 199 204 205 212 214 215 217 222 229 231
152 72 : 1 2 4 6 9 10 11 12 15 17 19 27 31 32 33 37 38 43 47 49 55 57 65 69 72 80 88 92 98 99 108 109 114 116 121 130 135 136 138 142 145 147 148 149 153 154 157 161 162 167 169 172 177 178 179 181 183 185 187 190 195 197 199 202 204 209 211 214 224 227 229 231
153 83 : 8 9 11 18 20 21 28 30 33 34 40 43 44 45 46 47 49 50 54 55 57 59 60 65 67 70 71 73 75 76 78 81 85 90 91 92 95 97 103 106 108 109 114 117 120 121 126 127 130 131 134 142 146 149 151 152 155 159 161 163 164 167 169 171 178 183 185 188 190 191 197 204 206 211 214 215 216 217 226 227 228 229 232
154 83 : 0 3 4 7 8 10 12 23 24 26 30 31 32 38 43 45 47 48 49 52 55 58 68 69 70 72 75 76 81 83 84 86 88 91 92 93 96 104 109 111 113 117 121 127 130 133 135 138 144 147 149 152 157 158 161 162 166 168 175 177 178 181 183 186 188 189 190 191 194 195 196 197 202 205 206 212 215 222 223 224 228 231 232
155 83 : 0 1 2 3 5 8 9 17 20 24 25 28 31 32 33 36 39 43 44 46 49 53 57 58 59 65 68 71 77 81 82 83 84 87 90 92 95 96 99 101 102 103 109 112 113 114 128 129 134 136 138 139 140 141 144 145 148 152 153 154 157 161 162 164 165 166 167 172 176 179 193 197 201 202 203 205 213 220 221 226 229 231 232
156 83 : 0 2 6 9 10 11 17 19 20 22 27 28 32 34 36 37 38 43 47 51 52 55 58 60 61 63 65 67 69 71 72 75 77 78 80 84 86 87 92 93 95 111 116 117 125 128 134 137 138 139 141 142 149 150 152 160 161 162 164 167 171 174 176 182 187 191 192 193 197 200 203 204 208 210 211 212 214 216 223 225 226 228 230
157 83 : 2 4 9 10 12 14 16 21 23 26 27 31 32 37 39 45 47 49 51 53 55 58 59 61 62 64 71 79 84 90 94 97 100 101 103 105 108 109 110 111 113 115 117 123 124 127 130 137 138 142 143 146 148 152 155 157 162 166 167 168 169 171 173 177 180 184 185 188 189 190 195 197 201 202 206 208 209 217 218 219 223 227 231
158 83 : 1 3 4 7 12 14 15 17 20 23 27 29 30 31 34 38 39 40 41 42 43 46 49 55 58 60 61 62 64 68 70 71 72 77 81 83 95 96 98 99 107 108 109 113 115 124 125 128 129 140 145 148 149 153 154 162 165 169 175 176 177 179 180 181 187 192 193 199 200 202 206 208 211 213 219 220 221 223 224 225 226 227 229
159 83 : 3 4 6 8 12 13 15 17 18 20 24 27 28 30 31 33 34 35 38 39 41 42 43 48 56 65 66 72 74 76 77 87 92 95 96 97 98 107 109 114 119 120 122 124 126 130 134 137 139 140 141 149 150 153 154 160 161 164 166 169 172 176 178 182 183 184 186 189 191 192 193 195 199 204 212 215 217 221 226 227 228 230 231
160 83 : 1 3 7 10 11 14 21 22 23 25 27 28 29 31 32 33 39 40 41 44 46 49 53 56 57 59 65 69 72 73 76 77 80 85 86 90 99 104 107 114 116 119 121 123 124 125 126 128 130 137 140 147 152 153 154 162 167 171 172 175 176 179 180 181 182 183 184 191 194 197 198 200 203 205 210 213 215 216 217 218 220 231 232
161 83 : 1 9 11 15 19 22 27 28 31 32 34 37 41 42 44 50 55 57 58 65 66 67 79 84 86 97 98 100 105 106 110 112 113 118 119 121 122 124 125 127 131 132 133 134 136 142 145 146 148 150 151 153 157 163 164 165 167 170 172 175 176 177 179 181 184 185 186 188 189 193 194 195 197 200 204 209 211 213 215 216 219 221 226
162 83 : 2 4 5 7 9 11 12 13 14 17 18 25 27 29 31 33 34 35 41 44 46 49 57 58 65 69 72 73 74 75 78 89 90 93 96 104 106 109 111 116 117 119 120 121 122 123 124 126 130 132 142 147 152 153 154 156 158 161 166 167 169 170 171 174 177 179 182 187 193 195 196 202 206 207 208 209 211 212 213 217 225 227 228
163 83 : 5 12 13 15 19 21 23 25 27 35 36 41 43 44 45 49 50 55 57 58 65 67 70 71 72 74 75 84 89 98 101 102 103 105 107 110 111 113 115 117 122 123 125 130 134 138 140 143 144 145 155 156 157 159 161 162 163 169 170 173 174 175 177 181 182 185 187 188 190 196 200 201 203 206 207 211 214 218 221 227 229 231 232
164 83 : 7 10 12 23 24 25 27 29 30 33 36 37 39 45 48 51 55 60 64 65 67 71 72 73 75 76 79 80 81 82 87 89 90 91 94 97 99 104 107 114 115 118 122 130 132 133 134 136 137 139 142 149 150 152 163 164 168 170 171 175 176 177 179 180 181 183 185 187 192 193 195 198 208 209 213 214 218 219 222 224 226 227 229
165 83 : 0 1 2 6 9 10 11 13 16 17 28 30 31 37 38 39 45 48 49 53 55 57 59 60 63 64 65 66 67 73 76 77 81 85 86 91 92 93 98 99 102 104 110 114 119 120 121 130 133 134 135 141 145 146 148 150 155 156 169 170 174 175 177 181 182 185 186 187 190 192 196 197 206 207 209 211 217 218 221 224 226 228 230
166 83 : 0 3 9 10 13 15 18 20 24 27 29 31 33 34 44 47 50 52 53 55 57 59 60 63 64 67 69 74 80 82 85 90 91 92 93 96 98 100 102 104 110 111 114 116 118 124 131 133 134 136 143 145 146 148 151 156 158 162 165 168 169 173 177 180 184 185 186 191 195 196 199 202 206 207 208 211 212 216 220 222 224 226 232
167 82 : 0 4 8 11 12 13 18 21 24 28 31 34 39 41 44 49 50 52 53 62 63 65 68 70 71 75 81 84 89 101 104 105 107 109 114 116 118 120 121 122 126 127 128 135 144 145 147 148 154 156 165 168 170 171 174 177 179 180 181 184 187 190 191 192 195 196 201 207 209 210 215 218 219 220 221 222 225 227 228 230 231 232
168 73 : 1 2 3 4 6 9 10 11 12 15 17 26 27 28 31 32 33 34 37 38 41 45 46 47 49 55 57 65 67 69 72 79 80 85 92 114 121 125 127 129 130 136 142 145 148 149 152 154 159 161 162 167 168 169 172 173 177 179 181 183 185 187 188 190 195 198 201 211 224 226 227 229 231
169 83 : 3 5 6 9 10 11 13 14 15 20 21 25 26 29 31 32 39 40 41 45 47 49 52 57 58 59 65 72 74 83 85 89 91 92 93 94 96 100 101 106 112 116 117 119 124 125 130 133 136 139 141 147 150 151 152 153 154 157 161 162 163 164 166 167 172 173 175 176 177 179 186 187 191 194 196 197 198 201 203 210 212 213 216
170 83 : 2 7 9 11 12 14 15 16 17 21 22 32 34 41 43 48 50 51 52 55 57 60 62 64 68 69 70 72 75 77 78 79 85 86 91 92 99 100 104 106 116 118 127 130 133 135 137 138 143 146 149 151 152 154 158 160 161 164 165 167 172 173 174 180 181 183 184 189 193 194 195 198 200 203 207 211 216 217 218 222 225 229 232
171 83 : 1 2 11 12 13 18 23 25 29 31 33 37 38 39 43 45 48 51 55 57 58 62 63 65 78 81 85 88 92 96 98 100 102 105 107 110 112 114 117 119 121 125 127 130 131 132 134 136 139 140 145 146 147 154 155 166 170 173 174 177 180 183 185 186 194 196 198 203 204 212 213 214 216 218 219 220 221 222 224 225 227 229 230
172 84 : 1 6 12 13 16 18 22 23 24 26 29 32 33 34 37 42 44 47 48 54 56 60 61 62 63 65 66 67 68 69 79 83 87 89 92 93 98 99 105 106 109 110 111 113 115 116 118 121 130 132 141 142 148 151 152 155 162 164 168 170 173 183 187 188 190 191 192 195 199 203 206 207 210 211 213 214 217 220 222 227 228 229 231 232
173 71 : 2 3 4 5 8 9 10 11 12 15 17 27 32 33 37 38 47 51 55 57 65 66 69 72 76 80 91 92 93 100 114 117 121 130 136 138 142 145 148 154 159 161 162 164 167 168 169 177 179 181 183 185 186 187 189 190 191 195 200 204 207 209 211 215 221 224 226 227 229 230 231
174 72 : 1 4 8 9 10 11 12 15 17 22 27 31 32 33 37 38 41 47 49 55 56 57 64 69 70 72 80 82 92 97 99 101 108 114 115 121 124 125 130 136 138 140 142 145 148 149 154 155 159 161 162 164 167 168 177 179 181 183 185 186 187 190 195 199 204 211 214 224 226 227 229 231
175 83 : 1 3 6 7 9 11 12 14 16 18 20 22 24 26 32 33 34 38 39 46 48 52 53 54 56 57 58 59 61 62 69 82 83 84 88 92 93 97 98 99 100 103 105 108 114 123 124 127 128 130 131 134 135 142 144 147 148 150 161 163 165 166 168 169 170 174 176 179 191 192 197 198 199 207 208 214 217 218 221 222 223 224 226
176 83 : 1 2 4 5 6 9 10 11 13 14 15 24 27 28 34 35 37 42 51 52 57 58 60 61 66 72 74 77 80 85 86 91 94 100 102 104 105 115 116 118 122 129 130 133 134 135 136 140 146 148 150 151 152 154 167 168 170 171 174 175 178 179 184 185 186 188 189 191 195 199 200 203 205 206 207 208 209 210 213 222 223 226 228
177 74 : 0 1 4 7 9 10 11 12 15 17 27 31 32 33 36 37 38 41 46 47 49 55 57 62 65 66 69 72 80 87 89 92 97 104 109 112 114 118 121 130 136 138 142 145 148 149 150 154 155 159 161 162 167 168 169 171 177 179 181 183 185 187 188 190 194 195 197 204 211 218 224 226 227 231
178 83 : 0 3 5 6 8 9 10 17 18 22 24 27 28 33 34 38 39 40 42 44 46 47 51 53 56 59 62 65 66 73 75 76 77 80 81 82 83 94 95 96 99 103 104 106 111 117 121 123 130 132 134 137 138 144 146 147 151 153 159 160 161 162 163 165 167 169 173 176 177 179 180 184 191 192 194 195 202 204 205 208 227 231 232
179 83 : 1 2 4 5 7 9 11 12 13 14 16 17 28 30 33 34 36 37 45 46 49 50 61 64 69 73 76 78 81 84 85 86 87 88 90 91 93 99 100 110 111 112 115 121 126 130 132 133 134 137 141 142 143 145 155 156 158 162 165 167 168 169 171 175 177 178 186 190 192 202 203 206 209 213 214 219 222 223 224 226 227 228 229
180 82 : 0 2 4 5 8 11 12 16 17 19 21 22 23 24 26 27 29 31 33 45 48 49 50 51 52 53 57 58 62 63 69 70 72 75 85 87 91 93 94 95 97 100 103 104 110 111 114 117 122 124 125 132 135 136 142 149 151 152 155 159 163 167 173 175 178 187 188 191 192 196 197 198 199 203 204 205 209 212 216 220 225 227
181 83 : 3 4 5 6 7 8 9 14 16 17 18 21 23 26 27 29 30 37 40 42 43 45 46 49 50 54 64 67 77 78 79 80 91 92 98 101 102 105 107 114 118 121 126 127 130 132 135 137 140 142 143 146 147 149 150 153 154 155 161 162 166 167 173 177 178 181 182 185 187 189 190 193 195 200 201 206 208 212 213 223 226 228 232
182 83 : 1 6 19 20 22 32 36 37 39 44 46 52 54 55 57 58 60 63 67 69 70 72 78 79 80 83 84 85 86 91 95 98 101 102 111 112 117 120 125 126 127 130 136 138 140 142 145 146 147 153 154 160 161 162 163 166 169 171 173 174 179 181 183 185 186 187 188 189 191 193 196 198 199 200 206 211 212 214 224 225 226 228 229
183 83 : 2 3 4 11 12 19 24 26 28 35 37 38 40 42 54 55 56 59 63 64 65 66 69 70 75 76 79 89 93 96 97 100 101 103 104 105 106 107 110 112 114 119 122 123 125 127 128 131 136 138 140 142 143 147 148 149 153 157 159 160 161 162 163 166 169 173 177 182 183 192 195 196 199 201 206 211 214 215 219 222 226 227 229
184 82 : 1 2 3 4 6 9 14 17 18 19 22 23 24 27 30 35 36 39 40 41 43 44 45 55 56 58 60 64 65 72 73 76 79 80 82 85 89 91 92 95 97 98 101 102 105 106 111 118 119 122 127 128 130 137 140 142 147 150 151 154 155 157 165 168 170 181 183 185 194 195 199 201 203 209 212 213 219 224 225 227 228 230
185 83 : 9 10 12 16 17 19 22 28 31 33 35 36 39 41 44 58 60 66 72 75 77 78 79 80 85 86 87 90 91 92 95 97 99 103 105 106 108 110 112 114 119 121 122 124 125 127 130 137 138 142 149 154 155 159 160 163 165 166 167 169 170 177 181 184 185 188 193 195 199 203 205 209 212 214 215 217 224 227 228 229 230 231 232
186 83 : 0 1 9 15 17 20 28 29 30 31 32 33 35 36 37 38 40 45 46 47 49 52 55 57 58 60 63 64 65 66 67 69 73 74 79 80 81 86 90 97 98 99 101 103 107 109 111 116 117 119 120 125 129 135 139 141 142 149 150 152 153 164 170 171 175 176 179 183 184 185 188 189 191 195 199 202 206 213 218 225 228 231 232
187 83 : 0 1 4 6 8 15 17 18 20 21 23 25 31 33 34 37 40 42 44 46 54 55 58 59 61 67 68 69 72 74 78 80 82 84 88 90 96 97 98 100 101 106 107 117 118 120 122 126 127 128 136 138 142 146 151 154 155 157 160 163 166 167 169 170 172 177 185 186 187 191 193 209 210 215 216 218 219 222 224 225 229 230 231
188 83 : 2 4 5 7 8 12 17 32 35 36 37 38 39 43 46 47 48 51 55 57 59 60 62 63 64 67 71 80 84 88 96 97 99 100 108 111 112 113 115 118 122 123 126 127 129 130 132 133 134 135 136 137 138 145 148 149 150 151 152 154 162 167 169 171 178 179 185 187 188 190 195 197 199 200 203 205 216 217 225 226 227 229 231
189 83 : 0 1 4 6 9 10 12 14 16 18 24 25 26 29 33 34 35 37 38 39 41 47 48 49 54 56 58 67 69 70 71 76 77 78 80 81 84 85 87 89 90 95 99 101 110 112 119 121 122 131 132 133 136 144 145 146 148 149 154 161 165 167 170 179 181 182 188 190 191 195 201 202 204 206 207 209 214 215 217 218 219 225 226
190 83 : 0 1 2 4 5 10 12 13 14 15 20 23 27 28 31 33 36 37 43 48 51 53 56 57 58 61 64 67 77 78 80 83 84 85 90 94 96 99 100 102 104 105 109 112 114 117 124 132 133 138 140 144 146 148 150 151 152 153 156 157 159 165 166 169 170 172 177 179 183 184 190 196 197 202 204 210 212 215 216 219 220 227 231
191 83 : 3 6 7 9 10 11 13 17 21 23 27 28 29 30 31 33 34 36 37 38 39 41 43 45 47 49 50 51 52 53 56 58 61 62 64 71 75 86 91 92 97 102 110 111 113 116 120 121 122 123 129 131 136 141 142 143 148 149 150 154 155 158 160 161 164 166 167 171 179 181 187 190 197 199 201 211 212 215 221 222 223 226 231
192 81 : 3 4 5 6 8 9 10 11 12 16 17 24 28 30 34 36 38 39 44 49 51 53 55 58 65 69 72 73 74 75 79 83 89 90 92 99 102 103 112 113 114 117 123 124 126 135 137 140 142 144 146 148 153 154 155 156 157 158 162 172 174 176 184 187 189 190 191 192 193 194 197 199 200 203 204 212 214 217 220 221 225
193 68 : 1 2 4 7 9 12 15 17 25 27 32 33 36 37 39 44 46 47 49 51 54 55 57 65 69 72 80 88 92 100 114 117 120 121 122 124 130 135 136 138 142 145 148 149 154 155 161 162 165 168 169 177 179 181 183 185 187 190 195 197 204 211 215 221 226 227 229 231
194 82 : 4 10 11 15 17 20 21 26 30 31 32 35 36 37 39 40 44 46 47 49 53 63 67 68 70 71 72 73 74 77 78 80 88 94 97 98 103 106 107 109 110 116 117 118 122 130 131 134 136 138 139 146 150 151 154 155 156 161 164 167 168 169 170 174 176 178 181 183 184 186 190 196 198 201 205 206 210 211 220 224 229 231
195 82 : 0 1 3 6 9 12 17 19 31 36 37 44 45 47 49 51 52 53 60 61 63 65 66 67 68 69 72 75 78 80 82 86 93 96 98 100 105 110 112 113 117 119 121 124 126 127 129 130 135 138 143 145 146 147 148 149 153 154 161 163 164 168 169 174 176 177 179 181 183 190 193 196 197 198 199 204 208 211 220 224 225 227
196 82 : 1 11 14 15 17 22 24 26 31 37 38 45 49 55 57 62 64 65 66 69 70 71 73 74 75 79 81 82 88 91 92 95 100 106 110 113 116 118 119 121 122 125 126 127 130 133 138 145 146 148 153 154 159 165 166 167 168 171 178 179 182 183 184 190 193 195 197 200 202 205 208 209 212 213 214 216 224 225 227 228 229 232
197 82 : 0 2 4 7 11 12 13 14 18 22 27 28 33 36 37 43 45 48 53 55 57 61 63 64 66 69 70 75 77 78 80 82 89 93 94 95 97 99 103 111 114 116 117 118 120 123 124 126 128 129 130 131 137 142 145 147 154 156 161 165 168 170 171 183 185 186 193 195 197 198 200 201 202 203 209 210 213 215 216 220 225 230
198 82 : 2 6 8 9 10 13 14 15 19 24 25 32 33 34 37 38 39 43 46 47 49 52 54 58 59 61 62 65 66 69 73 76 77 78 82 88 89 92 94 99 103 107 109 112 119 121 125 128 132 133 136 137 138 142 143 144 146 151 160 161 162 163 166 168 173 181 183 186 187 190 191 192 195 196 202 210 217 220 223 226 231 232
199 71 : 1 9 10 11 12 15 17 27 31 32 33 37 38 40 47 49 53 55 57 65 67 68 69 72 73 78 80 85 87 92 104 114 115 121 122 125 130 136 138 141 142 145 148 149 153 154 156 161 162 167 168 169 171 175 177 179 181 183 187 190 204 206 211 223 224 225 226 227 229 230 231
