N C E M
200 400 19900 9950
Opt_part_L_size, Opt_part_R_size, Opt_number_of_colors
22 178 68
N of L changes = 6
Min number of labels in a vertice, Max number of labels in a vertice
75 87
Solution Set
129(15) 299(15) 27(16) 21(17) 26(17) 45(17) 282(49) 122(49) 296(52) 48(56) 336(56) 292(56) 222(57) 324(58) 387(58) 251(60) 163(60) 183(60) 176(62) 9(62) 268(62) 242(62) 326(63) 362(64) 343(64) 159(65) 305(66) 252(66) 123(66) 295(66) 152(66) 352(66) 308(67) 231(67) 270(67) 78(68) 69(68) 112(68) 22(68) 30(68) 46(69) 246(69) 175(70) 354(70) 142(70) 104(70) 53(71) 189(71) 66(71) 151(71) 52(72) 369(72) 28(72) 172(73) 77(73) 18(73) 121(73) 170(74) 211(74) 61(75) 111(76) 288(78) 34(79) 384(80) 357(81) 92(84) 385(86) 333(96) 
Number of edges by Color (l n)
0 333 96
1 385 86
2 92 84
3 357 81
4 384 80
5 34 79
6 288 78
7 111 76
8 61 75
9 170 74
10 211 74
11 18 73
12 77 73
13 121 73
14 172 73
15 28 72
16 52 72
17 369 72
18 53 71
19 66 71
20 151 71
21 189 71
22 104 70
23 142 70
24 175 70
25 354 70
26 46 69
27 246 69
28 22 68
29 30 68
30 69 68
31 78 68
32 112 68
33 231 67
34 270 67
35 308 67
36 123 66
37 152 66
38 252 66
39 295 66
40 305 66
41 352 66
42 159 65
43 343 64
44 362 64
45 326 63
46 9 62
47 176 62
48 242 62
49 268 62
50 163 60
51 183 60
52 251 60
53 324 58
54 387 58
55 222 57
56 48 56
57 292 56
58 336 56
59 296 52
60 122 49
61 282 49
62 149 23
63 205 22
64 219 22
65 302 22
66 87 21
67 391 21
68 6 20
69 42 20
70 54 20
71 80 20
72 225 20
73 240 20
74 250 20
75 254 20
76 263 20
77 10 19
78 33 19
79 124 19
80 127 19
81 128 19
82 135 19
83 168 19
84 193 19
85 245 19
86 269 19
87 276 19
88 293 19
89 311 19
90 325 19
91 329 19
92 341 19
93 367 19
94 383 19
95 386 19
96 0 18
97 16 18
98 17 18
99 35 18
100 40 18
101 50 18
102 56 18
103 64 18
104 67 18
105 73 18
106 74 18
107 83 18
108 90 18
109 91 18
110 96 18
111 99 18
112 113 18
113 138 18
114 139 18
115 145 18
116 158 18
117 160 18
118 167 18
119 173 18
120 174 18
121 185 18
122 204 18
123 210 18
124 233 18
125 247 18
126 249 18
127 267 18
128 304 18
129 317 18
130 322 18
131 335 18
132 340 18
133 350 18
134 356 18
135 360 18
136 364 18
137 377 18
138 378 18
139 388 18
140 395 18
141 1 17
142 2 17
143 3 17
144 4 17
145 7 17
146 11 17
147 12 17
148 13 17
149 14 17
150 15 17
151 20 17
152 21 17
153 24 17
154 25 17
155 26 17
156 29 17
157 31 17
158 32 17
159 36 17
160 37 17
161 39 17
162 41 17
163 43 17
164 45 17
165 47 17
166 49 17
167 55 17
168 57 17
169 58 17
170 60 17
171 62 17
172 63 17
173 65 17
174 68 17
175 70 17
176 71 17
177 72 17
178 75 17
179 76 17
180 79 17
181 81 17
182 89 17
183 94 17
184 95 17
185 101 17
186 102 17
187 105 17
188 107 17
189 109 17
190 110 17
191 114 17
192 116 17
193 117 17
194 118 17
195 119 17
196 126 17
197 130 17
198 131 17
199 136 17
200 137 17
201 140 17
202 141 17
203 143 17
204 146 17
205 148 17
206 150 17
207 153 17
208 154 17
209 157 17
210 162 17
211 164 17
212 165 17
213 166 17
214 171 17
215 186 17
216 187 17
217 191 17
218 192 17
219 194 17
220 195 17
221 196 17
222 197 17
223 198 17
224 201 17
225 203 17
226 206 17
227 208 17
228 212 17
229 214 17
230 215 17
231 218 17
232 221 17
233 224 17
234 227 17
235 228 17
236 229 17
237 230 17
238 235 17
239 237 17
240 238 17
241 241 17
242 244 17
243 248 17
244 258 17
245 259 17
246 265 17
247 272 17
248 275 17
249 278 17
250 279 17
251 286 17
252 287 17
253 291 17
254 297 17
255 298 17
256 301 17
257 310 17
258 318 17
259 320 17
260 321 17
261 327 17
262 330 17
263 338 17
264 339 17
265 344 17
266 348 17
267 349 17
268 361 17
269 363 17
270 368 17
271 370 17
272 394 17
273 397 17
274 5 16
275 8 16
276 19 16
277 23 16
278 27 16
279 38 16
280 44 16
281 51 16
282 59 16
283 82 16
284 84 16
285 85 16
286 86 16
287 88 16
288 93 16
289 97 16
290 98 16
291 100 16
292 103 16
293 106 16
294 108 16
295 115 16
296 120 16
297 125 16
298 133 16
299 134 16
300 144 16
301 147 16
302 155 16
303 161 16
304 177 16
305 178 16
306 179 16
307 180 16
308 181 16
309 182 16
310 184 16
311 188 16
312 190 16
313 199 16
314 200 16
315 202 16
316 207 16
317 209 16
318 213 16
319 216 16
320 220 16
321 223 16
322 226 16
323 232 16
324 234 16
325 239 16
326 243 16
327 253 16
328 255 16
329 256 16
330 257 16
331 260 16
332 261 16
333 262 16
334 264 16
335 266 16
336 271 16
337 273 16
338 274 16
339 277 16
340 280 16
341 283 16
342 284 16
343 285 16
344 294 16
345 300 16
346 306 16
347 307 16
348 309 16
349 312 16
350 313 16
351 314 16
352 315 16
353 316 16
354 319 16
355 323 16
356 328 16
357 331 16
358 332 16
359 334 16
360 337 16
361 342 16
362 345 16
363 347 16
364 351 16
365 353 16
366 355 16
367 358 16
368 359 16
369 366 16
370 371 16
371 372 16
372 373 16
373 374 16
374 376 16
375 379 16
376 380 16
377 381 16
378 382 16
379 389 16
380 390 16
381 392 16
382 393 16
383 396 16
384 398 16
385 399 16
386 129 15
387 132 15
388 156 15
389 169 15
390 217 15
391 236 15
392 281 15
393 289 15
394 290 15
395 299 15
396 303 15
397 346 15
398 365 15
399 375 15
Label List by vertices (vertice Id, Number of labels : set of labels
0 86 : 4 5 9 15 17 18 23 26 29 30 31 37 54 59 66 69 74 77 84 85 91 92 96 100 101 102 116 117 119 124 133 135 137 151 154 157 162 166 180 185 202 227 230 231 234 235 236 238 240 246 252 253 259 264 267 270 274 282 284 287 288 290 298 300 304 306 318 320 321 322 323 327 334 339 352 354 356 357 364 369 378 384 390 391 397 398
1 87 : 6 8 16 17 18 22 23 29 33 34 37 38 39 41 45 48 53 54 57 61 62 63 71 73 77 80 84 89 90 93 110 111 114 116 117 124 128 142 143 147 152 157 161 165 168 169 170 175 177 181 190 191 206 209 213 215 217 219 240 241 262 265 269 270 277 278 282 288 310 312 313 319 334 340 341 345 346 348 354 357 361 371 380 383 384 390 393
2 86 : 9 11 18 22 24 25 27 28 31 36 37 39 42 46 53 61 62 65 67 70 75 77 78 88 92 94 95 97 110 114 118 129 133 136 137 143 145 149 158 173 176 177 179 187 189 201 203 211 214 219 222 223 227 231 233 241 243 245 249 257 264 268 269 270 287 290 293 294 296 310 313 320 323 328 330 333 336 338 342 352 363 369 372 386 395 397
3 86 : 2 14 15 23 25 28 30 34 35 36 40 45 60 61 63 72 77 78 79 81 91 92 93 96 98 102 105 109 114 118 122 126 131 134 148 151 154 160 161 165 176 181 193 194 204 209 215 222 231 241 254 255 263 266 270 273 274 281 287 290 292 297 299 301 302 305 307 308 317 326 334 336 341 346 349 351 354 357 373 376 378 380 384 385 389 398
4 86 : 3 10 18 20 22 36 39 48 57 58 67 74 78 80 85 111 112 113 124 125 128 129 142 144 145 148 160 162 165 168 170 172 176 178 182 183 186 189 193 207 211 213 222 225 228 230 233 244 249 251 254 257 264 268 270 273 294 299 300 302 303 305 307 311 315 318 320 321 327 329 332 333 347 349 350 352 357 359 364 367 377 379 381 382 384 397
5 85 : 7 8 9 11 15 16 17 18 19 23 24 26 28 34 40 44 51 53 54 60 71 72 73 76 81 88 89 94 104 116 119 123 127 138 148 150 166 169 172 175 176 177 178 179 183 190 195 197 198 200 209 210 215 216 222 234 243 244 247 252 261 281 290 291 292 294 295 297 300 302 304 305 308 315 324 331 333 334 336 343 344 353 372 386 391
6 86 : 2 15 17 18 25 28 30 36 40 44 45 46 48 50 53 66 72 77 79 84 85 88 91 96 98 102 107 111 112 114 119 120 121 125 126 127 131 152 155 165 166 175 180 182 188 189 191 198 199 202 205 208 210 222 237 240 254 264 268 284 292 295 296 300 303 308 309 312 316 318 319 320 332 337 342 344 350 351 352 357 359 369 370 385 387 399
7 86 : 6 7 9 11 29 31 34 35 39 42 43 51 52 53 61 69 78 80 89 90 91 92 93 112 113 114 116 123 125 129 130 145 148 151 161 166 172 179 187 190 194 198 208 212 222 236 238 242 244 247 249 256 258 262 270 271 280 282 283 284 295 305 306 310 315 320 323 326 333 336 337 347 354 357 358 360 366 369 372 373 384 385 386 387 394 398
8 86 : 0 1 2 9 18 23 37 44 47 52 55 56 62 64 67 68 73 77 78 80 85 90 93 103 114 117 123 132 136 140 142 158 159 165 166 169 172 173 174 175 179 183 195 204 210 217 218 219 223 225 235 242 243 246 267 273 278 280 281 288 290 295 300 303 318 319 320 324 328 331 334 336 338 341 345 348 351 352 353 355 357 362 368 372 390 395
9 86 : 0 1 3 8 13 16 17 18 26 28 29 33 34 39 48 55 66 73 75 77 78 81 91 95 100 101 104 107 109 112 121 123 134 135 137 140 145 149 151 152 163 165 172 189 190 191 201 209 211 218 219 230 236 240 244 245 250 251 253 254 263 268 271 272 277 288 293 297 298 304 305 309 332 333 335 336 354 358 366 367 369 377 378 384 385 395
10 86 : 1 8 9 11 13 16 19 22 32 59 61 66 70 76 78 82 85 87 96 98 110 111 112 114 116 121 122 123 136 141 148 168 171 174 175 176 182 185 186 187 189 203 206 211 219 221 222 227 228 237 239 240 241 246 248 249 252 253 259 278 288 289 292 296 300 308 322 326 327 328 338 340 347 352 362 367 368 371 377 384 387 388 391 393 395 397
11 86 : 3 8 16 25 30 37 48 52 53 56 64 70 74 77 78 90 98 109 113 115 117 121 124 126 130 131 137 151 152 153 157 159 163 167 168 170 173 175 186 190 191 197 201 209 211 216 223 224 227 231 251 252 254 268 280 292 293 295 298 300 304 306 311 312 325 326 329 333 334 335 340 345 352 353 355 357 359 364 379 380 387 389 393 396 397 398
12 86 : 1 4 14 15 26 28 34 38 40 44 45 49 52 59 60 61 64 66 78 80 83 90 95 97 109 121 122 132 139 141 145 152 153 154 155 156 166 170 177 185 194 195 198 202 203 212 216 223 227 237 244 251 252 260 266 268 282 283 284 287 292 298 303 316 319 320 326 328 333 336 339 341 350 352 354 355 357 362 364 367 371 372 375 381 387 397
13 86 : 1 2 4 6 8 11 17 18 20 26 27 28 48 55 57 69 75 77 80 92 94 101 107 111 112 118 123 129 130 146 156 159 162 165 172 175 176 178 179 186 189 191 199 202 211 213 222 231 233 234 235 237 245 246 259 262 268 269 276 282 283 288 299 301 303 314 315 318 330 337 339 344 346 350 352 353 354 357 362 364 366 369 371 381 385 388
14 86 : 8 9 14 16 24 30 46 47 48 53 55 62 68 69 79 85 90 91 92 95 102 104 111 112 114 123 127 129 133 135 137 142 149 153 154 155 158 165 172 175 177 184 185 193 195 199 201 206 215 218 225 231 239 241 249 250 252 257 258 259 270 274 276 280 281 290 292 300 302 308 310 324 329 336 340 343 344 350 353 355 361 363 382 384 385 393
15 86 : 3 7 10 14 16 17 19 23 33 35 37 38 44 56 59 65 66 68 70 74 82 83 86 92 103 112 119 121 125 127 139 142 146 149 150 152 158 159 160 163 170 176 178 186 196 197 200 201 204 211 212 218 222 226 231 233 237 242 244 245 252 253 256 259 260 267 271 272 283 288 295 300 325 334 342 349 357 359 360 362 366 373 377 387 390 399
16 86 : 6 10 18 20 24 27 28 32 34 35 41 42 48 50 52 57 63 64 69 79 80 81 87 98 104 105 109 113 121 122 126 136 137 138 152 156 157 159 161 170 172 179 183 187 188 193 194 199 204 211 218 220 234 237 239 241 253 256 258 266 267 268 270 279 281 289 297 298 302 309 316 328 329 331 333 335 336 339 341 342 361 365 369 381 386 397
17 86 : 4 13 14 16 22 25 29 33 35 43 44 48 52 53 58 65 69 76 77 79 81 83 87 90 92 94 103 104 112 114 125 126 131 133 138 140 142 144 150 154 162 172 176 183 194 196 203 213 215 216 224 227 231 238 248 250 251 252 255 270 273 276 278 279 284 285 293 298 300 308 318 327 330 331 333 353 357 358 361 362 364 369 380 384 387 397
18 86 : 0 4 12 13 14 16 18 22 25 26 28 40 46 58 61 64 68 69 73 75 92 105 107 112 115 116 121 123 126 127 128 130 134 139 145 152 153 166 170 172 174 187 189 190 194 196 197 200 205 211 217 219 223 228 231 233 235 242 249 251 255 256 258 266 268 269 270 272 277 279 302 309 341 343 347 352 354 362 378 379 384 386 387 389 395 396
19 86 : 2 8 9 15 28 30 41 42 45 49 54 58 59 60 64 66 70 71 74 75 77 81 83 99 103 105 114 118 122 123 125 127 131 140 144 145 149 152 158 172 177 183 189 193 194 211 212 213 216 220 221 231 235 241 246 257 263 281 293 302 305 307 308 309 310 311 319 327 333 336 343 344 353 362 365 368 377 378 380 381 384 385 387 389 390 395
20 86 : 5 7 8 10 16 17 20 22 23 38 39 40 41 51 52 54 69 74 75 76 77 78 83 84 92 93 99 103 107 109 113 121 123 136 144 147 148 151 159 162 174 187 189 190 194 198 201 202 203 215 216 221 222 223 229 235 242 246 249 252 266 268 292 293 294 301 303 310 311 317 319 324 326 338 341 343 346 352 354 356 358 361 365 369 382 396
21 86 : 18 22 24 29 31 35 51 52 61 62 68 69 73 74 75 76 77 87 88 89 91 100 108 111 117 120 121 122 125 130 132 140 149 155 156 162 172 173 176 180 183 199 213 217 222 226 231 242 246 251 257 263 268 270 277 278 279 290 293 296 297 298 304 305 312 313 317 319 326 330 333 334 335 336 342 344 347 357 361 363 367 369 383 384 392 395
22 85 : 2 8 11 12 15 20 22 31 41 51 52 78 85 94 96 104 107 110 112 116 117 119 121 127 131 136 139 144 151 152 153 154 161 163 167 168 169 170 175 180 182 183 187 189 193 199 207 217 223 230 231 235 236 245 251 257 259 270 276 280 295 296 305 307 318 326 336 340 341 343 345 346 348 352 356 359 360 362 363 369 378 380 384 388 399
23 86 : 1 2 6 12 14 17 18 28 30 33 36 37 44 52 53 62 64 69 76 84 85 91 92 95 100 104 105 109 112 118 119 124 130 136 140 145 150 158 163 164 168 184 186 189 193 195 197 205 210 213 216 220 221 223 230 232 243 250 254 270 278 282 283 287 290 296 301 305 308 321 330 341 343 347 351 354 365 366 368 379 380 381 384 389 395 396
24 86 : 5 7 8 17 20 34 37 47 54 62 69 74 92 102 104 106 108 114 120 122 123 125 128 141 144 147 151 152 161 163 164 166 175 179 181 183 185 196 199 205 207 211 216 221 227 230 231 232 235 236 241 242 244 249 250 251 252 253 255 262 263 266 267 276 278 280 299 300 302 316 324 328 330 332 343 347 348 354 357 368 370 379 384 385 386 397
25 86 : 1 9 13 24 27 33 36 43 52 54 61 63 64 68 73 76 78 89 97 104 108 109 118 119 121 122 128 134 135 146 147 152 153 155 157 159 161 170 183 185 189 190 192 193 202 204 207 208 212 214 218 219 225 231 234 237 240 249 252 262 268 270 271 276 280 286 288 303 305 324 325 333 334 336 337 340 343 348 354 355 363 364 367 370 382 390
26 77 : 9 18 22 28 30 34 42 46 48 52 53 57 61 65 66 69 74 77 78 82 92 104 105 111 112 121 122 123 127 128 129 130 142 151 152 159 162 170 175 176 178 189 195 205 211 220 222 231 242 246 251 258 268 270 282 288 292 295 296 298 302 305 308 317 318 324 326 333 343 352 354 362 367 369 384 385 387
27 78 : 5 9 18 21 22 27 28 30 34 46 48 50 52 53 58 61 66 69 74 77 78 82 92 104 111 121 122 123 127 130 142 151 152 156 159 163 170 172 175 176 189 196 201 222 229 231 234 242 246 251 252 266 267 268 269 282 286 288 295 296 305 308 322 324 326 333 336 352 354 357 362 369 374 384 385 387 388 397
28 86 : 4 9 23 35 38 39 41 45 46 48 51 69 70 72 74 76 78 86 89 90 92 98 102 104 116 123 126 129 133 139 141 147 150 151 152 158 159 163 167 174 175 176 178 180 196 199 205 207 208 217 229 231 244 247 248 250 256 265 268 270 271 275 280 282 285 291 295 302 304 307 319 321 330 333 342 352 356 357 361 366 369 371 389 391 397 399
29 86 : 2 14 16 18 24 28 33 37 40 48 51 52 58 61 63 65 66 72 78 79 82 83 87 89 90 97 100 109 112 122 127 129 134 140 141 148 149 157 159 160 163 167 170 173 176 179 203 208 211 213 219 223 224 228 229 247 257 259 275 288 291 293 296 300 303 311 312 314 321 324 333 350 352 353 354 357 358 360 367 368 370 371 374 381 383 390
30 86 : 4 5 8 9 11 22 32 34 38 46 52 74 76 77 78 79 80 82 100 111 112 113 117 120 122 123 128 137 138 142 143 144 149 152 156 159 162 167 171 178 179 180 189 196 208 214 220 224 226 227 229 233 239 241 250 253 254 256 257 261 263 271 281 298 300 302 305 308 313 320 321 322 326 329 336 339 343 350 357 360 362 370 379 386 387 388
31 86 : 10 15 18 21 22 31 33 34 38 45 48 53 62 67 76 78 86 89 93 103 111 114 117 121 122 123 128 130 133 134 136 139 140 141 142 147 151 155 159 160 161 178 182 187 194 205 208 211 215 230 240 245 252 253 254 257 264 267 271 274 275 278 279 282 292 311 324 325 332 343 344 352 354 357 369 371 373 380 387 389 390 393 396 397 398 399
32 86 : 9 12 13 17 18 22 23 25 30 37 38 45 48 53 55 63 68 69 75 77 81 86 93 101 103 109 112 113 115 122 124 130 137 142 149 150 152 154 166 167 168 170 172 175 176 179 181 200 222 224 228 243 247 249 256 272 273 274 276 277 282 287 288 290 302 309 313 315 317 319 322 331 344 348 352 353 356 368 372 377 379 384 388 389 391 399
33 86 : 4 5 9 13 22 34 48 51 61 63 67 70 72 83 85 89 111 112 115 125 128 133 136 139 142 144 147 152 154 158 159 162 164 166 167 173 177 190 192 195 196 198 199 203 204 215 217 218 222 224 231 234 240 242 243 245 250 255 261 264 274 276 281 288 299 301 305 317 323 328 333 340 341 347 352 359 362 371 378 383 386 387 393 395 398 399
34 85 : 0 7 11 15 23 27 34 35 45 46 47 50 53 55 61 63 66 89 91 99 100 104 108 118 125 129 130 147 151 154 171 172 176 189 194 200 206 209 210 219 225 228 236 243 245 246 250 259 260 263 270 271 273 274 277 280 282 286 287 288 295 297 301 305 309 323 327 330 331 336 339 348 352 354 357 364 368 370 382 384 385 386 387 389 399
35 86 : 2 6 17 21 24 25 28 35 52 53 56 60 66 69 78 84 85 97 99 100 108 111 112 123 125 138 140 142 153 156 157 164 171 172 174 177 179 183 184 185 190 201 203 204 205 209 210 214 218 224 225 226 233 236 241 242 246 252 261 264 267 268 276 277 281 282 285 289 291 295 302 312 315 318 319 326 333 336 343 359 361 362 363 371 379 383
36 78 : 1 18 22 27 30 34 46 48 52 53 61 66 69 77 78 83 92 96 99 104 112 113 121 122 123 134 142 143 151 152 159 163 170 172 175 176 183 185 189 200 201 205 211 214 222 225 231 235 242 246 251 252 268 270 282 288 292 295 296 305 308 322 326 333 334 336 343 352 354 355 357 362 369 370 371 384 387 389
37 86 : 2 10 15 16 18 26 28 34 39 40 46 58 61 63 64 70 72 90 92 97 100 103 104 108 115 118 120 123 126 131 133 134 142 159 163 165 172 173 174 186 189 198 199 200 202 216 220 224 228 230 235 237 240 247 251 252 257 262 264 265 267 268 270 288 292 295 304 308 309 312 320 329 331 333 335 357 359 363 368 372 374 377 378 384 385 388
38 86 : 0 1 2 3 8 11 21 24 25 28 40 42 43 48 56 62 73 78 82 87 91 92 107 111 112 121 122 124 132 135 143 146 150 151 161 170 171 172 175 183 185 191 192 209 220 222 228 231 243 244 246 252 253 255 259 260 263 271 276 281 289 292 295 299 302 308 330 337 340 341 343 345 355 362 365 369 375 377 378 379 383 387 391 393 394 399
39 86 : 3 4 7 8 10 18 20 30 32 35 38 40 47 48 50 59 66 78 81 87 94 98 99 100 103 110 111 113 115 117 124 128 129 136 142 149 153 158 160 162 163 172 173 174 175 178 181 183 192 194 196 204 205 210 217 236 246 248 255 264 271 279 282 283 284 285 287 305 306 315 326 333 336 339 344 353 357 366 370 379 381 384 385 390 395 396
40 86 : 0 5 6 8 12 18 20 24 26 28 30 35 43 46 47 56 58 65 76 78 79 80 83 86 91 96 109 111 112 113 119 121 123 128 131 137 139 145 147 148 154 157 163 164 165 171 174 180 183 195 196 200 204 205 211 212 213 222 234 243 244 249 261 263 271 287 288 293 297 306 308 313 322 333 343 351 352 353 354 357 361 362 364 380 385 392
41 86 : 8 18 20 21 22 23 33 51 52 56 57 58 59 70 77 80 96 99 101 104 106 112 120 121 132 134 137 141 158 159 160 163 164 178 187 190 194 196 197 200 219 229 230 232 237 243 246 251 252 253 256 257 258 262 266 270 271 280 281 286 288 292 293 296 299 306 309 318 319 322 325 336 339 350 351 352 368 369 371 377 378 380 381 384 391 399
42 85 : 0 1 7 11 12 20 21 22 34 35 37 49 53 61 62 71 77 81 84 85 87 96 97 100 104 111 121 122 123 128 133 134 135 137 145 147 148 160 163 168 177 181 184 198 201 203 205 214 222 229 232 236 237 242 243 250 259 264 265 275 280 288 290 297 304 307 314 321 324 333 336 339 340 346 347 348 349 352 357 358 366 370 372 377 384
43 86 : 1 4 9 18 25 34 40 47 48 51 53 55 66 68 72 73 77 78 81 93 94 103 104 112 115 121 123 128 139 144 146 150 174 176 183 190 200 202 205 207 211 215 220 234 235 236 246 251 253 254 255 257 259 260 262 266 267 274 282 287 288 295 298 307 309 310 322 329 336 338 342 343 348 350 352 353 356 357 362 363 376 380 382 384 387 394
44 86 : 9 27 29 30 38 46 48 50 53 90 98 103 104 106 110 112 123 124 126 131 139 141 142 143 145 149 152 159 166 170 174 178 180 183 185 189 192 198 202 203 222 229 230 239 240 246 251 252 254 258 263 265 268 270 276 279 281 282 286 288 290 291 295 297 298 299 304 305 308 310 340 341 343 348 352 353 354 364 365 367 369 377 387 394 396 397
45 86 : 1 5 12 16 20 40 41 46 48 51 53 56 58 60 62 66 71 73 78 79 81 88 92 93 100 106 111 119 120 121 122 131 138 140 150 158 161 163 168 176 183 185 188 190 193 211 228 235 237 238 243 246 249 250 251 260 261 270 283 288 289 292 295 303 306 308 316 319 324 326 331 336 339 343 345 352 354 362 371 377 381 383 385 388 389 397
46 81 : 4 9 18 22 25 28 30 34 46 48 52 53 61 66 69 77 78 92 104 105 108 111 112 121 122 123 130 142 148 149 152 159 163 170 172 174 175 176 183 189 198 205 211 222 224 230 231 242 246 251 252 259 261 268 270 282 288 292 295 296 299 305 308 323 324 326 333 336 350 352 354 357 362 369 383 384 385 387 388 389 397
47 85 : 22 25 28 34 43 44 47 48 54 55 60 62 65 91 92 97 104 105 109 115 120 123 128 132 141 146 156 161 162 163 170 171 175 176 180 183 185 188 193 197 201 203 206 210 214 224 225 231 246 248 262 264 266 267 270 276 277 288 290 292 295 307 310 313 315 322 327 333 335 336 339 343 344 362 366 369 370 372 375 376 381 383 387 398 399
48 86 : 12 14 17 18 24 27 28 30 31 35 44 46 48 51 55 59 61 63 66 69 80 87 90 97 98 102 106 110 112 113 118 121 122 130 140 141 150 151 155 161 162 165 167 176 177 186 189 193 201 212 216 217 219 225 231 245 251 252 254 257 258 264 270 273 282 283 289 297 298 301 303 306 307 328 337 343 348 351 352 354 362 363 369 373 378 386
49 86 : 1 6 15 28 30 36 40 49 52 53 55 60 61 77 97 110 111 112 118 121 123 143 145 147 151 163 165 170 173 178 183 184 185 193 195 209 211 213 218 221 222 225 227 231 242 244 245 248 249 259 262 268 271 273 281 284 302 304 305 307 312 316 320 325 326 329 333 336 337 338 343 345 352 354 355 357 361 365 366 367 379 380 385 387 393 395
50 86 : 14 18 19 24 30 33 46 52 55 58 61 65 66 68 69 78 80 85 86 90 91 104 105 109 112 115 116 121 122 126 128 129 142 148 152 156 158 163 173 177 187 189 192 196 197 198 208 219 227 231 234 238 241 243 246 248 249 250 252 254 256 262 264 266 268 269 276 279 280 291 293 295 307 318 319 329 333 336 343 346 353 363 365 371 377 385
51 86 : 4 9 16 31 34 40 41 49 52 57 59 61 62 63 67 70 73 74 77 78 84 89 91 92 96 98 107 111 112 124 140 141 142 143 147 149 159 162 165 168 172 178 183 184 185 189 192 194 195 199 202 226 227 238 240 242 245 247 254 258 263 270 275 277 279 280 287 288 292 297 299 308 310 321 328 332 354 355 362 363 374 378 382 384 385 398
52 85 : 3 4 9 10 16 18 22 26 28 31 33 34 44 48 51 53 66 68 73 77 80 81 85 87 95 96 97 100 102 103 108 111 112 122 123 126 130 151 156 160 164 171 175 178 180 186 187 188 190 191 192 193 208 212 215 225 226 227 228 233 248 255 256 258 273 287 295 298 302 309 317 320 324 333 336 354 355 357 358 369 377 378 385 387 391
53 85 : 1 2 9 13 16 18 20 28 39 42 45 46 48 49 52 55 61 63 69 72 80 94 99 100 104 111 112 120 123 125 127 134 151 152 155 156 159 165 169 173 175 180 182 202 213 223 225 226 228 234 235 248 254 256 258 265 268 270 272 273 279 280 282 284 286 288 296 298 305 308 312 315 316 325 331 333 335 341 350 357 368 385 386 388 394
54 86 : 3 11 16 18 22 24 32 46 51 52 53 54 60 63 69 70 78 91 97 103 106 108 112 114 119 121 124 131 133 144 146 148 152 159 164 168 169 175 179 183 184 189 192 193 206 213 215 227 228 229 237 241 247 249 251 252 253 256 261 270 279 284 285 288 289 294 296 298 301 302 308 319 329 333 350 354 355 356 362 365 366 369 382 383 394 395
55 86 : 0 1 4 13 18 21 27 30 32 34 35 37 38 42 46 50 51 52 53 55 60 66 67 78 83 92 107 109 112 115 122 123 126 146 170 172 175 186 189 191 192 194 198 199 200 204 205 206 216 219 224 225 229 231 238 244 246 251 257 258 262 272 279 280 283 288 292 294 295 302 306 308 316 319 326 330 333 339 343 350 356 359 369 377 379 385
56 85 : 3 8 24 27 28 35 38 39 52 54 58 61 64 71 73 77 80 94 98 99 104 114 135 140 142 143 146 148 162 171 172 174 175 192 193 194 198 199 204 206 210 218 219 228 229 230 232 233 235 238 242 244 247 252 264 268 271 298 308 309 311 315 324 325 329 331 334 335 339 346 349 355 360 361 362 363 369 373 384 386 388 390 391 395 398
57 85 : 0 1 6 16 18 22 26 29 30 34 36 43 52 56 66 69 71 83 87 89 115 116 123 136 139 145 151 159 170 173 174 177 183 191 199 210 230 232 235 236 237 240 245 246 248 251 262 264 267 268 270 272 280 281 292 293 301 306 307 308 309 310 316 320 325 329 331 332 335 340 351 352 354 356 361 362 366 372 374 377 382 384 385 392 399
58 80 : 9 18 22 28 30 34 39 42 46 48 52 53 61 65 66 69 70 77 78 80 92 100 104 111 112 113 121 122 123 128 134 142 144 149 151 152 159 163 167 170 172 175 183 184 189 211 224 231 242 246 251 252 268 270 276 282 288 290 292 295 296 302 305 308 324 326 329 333 343 348 352 354 357 362 369 375 384 385 387 388
59 86 : 0 9 12 15 20 22 30 34 35 39 40 42 53 54 56 62 64 66 67 69 73 74 85 89 91 92 94 97 101 121 128 136 140 142 145 146 149 151 167 168 176 179 186 189 193 198 199 203 205 207 219 222 243 245 248 256 259 267 268 270 271 272 273 275 276 283 293 294 301 304 308 324 328 329 333 351 354 357 358 362 369 370 377 381 383 398
60 85 : 0 1 5 9 20 26 28 29 30 31 33 40 41 44 48 52 61 62 66 69 71 75 76 77 82 84 90 104 110 111 116 118 122 123 126 133 151 158 161 166 180 181 192 206 209 211 217 228 233 234 236 240 255 263 264 269 274 275 277 282 284 291 293 297 305 312 322 326 335 337 343 350 353 357 364 368 373 374 376 377 381 385 386 387 388
61 85 : 9 15 18 28 34 37 61 66 67 68 69 75 78 89 93 104 110 111 119 122 123 125 127 131 138 141 142 143 148 151 158 163 173 175 176 183 184 189 198 207 210 214 226 233 236 244 248 252 253 258 260 261 264 272 273 279 281 304 313 315 318 324 325 331 332 333 335 338 344 347 348 353 356 361 366 371 374 375 381 383 384 387 390 393 399
62 81 : 9 18 21 22 28 30 34 46 48 50 52 53 61 67 69 75 77 78 88 92 95 103 104 111 112 117 119 121 122 123 134 142 151 152 159 163 170 172 175 176 181 183 184 188 189 195 206 211 222 231 246 251 252 268 270 282 285 288 292 295 296 305 308 324 326 332 333 343 350 351 352 354 356 357 362 369 378 384 385 387 399
63 79 : 5 9 18 22 25 28 30 34 46 48 49 52 53 61 66 67 69 71 77 78 87 92 98 100 101 104 111 112 121 122 123 142 145 151 152 159 162 163 170 172 175 176 183 185 187 189 196 200 211 222 231 242 245 246 251 252 257 265 268 269 270 282 288 292 295 296 305 308 324 333 336 343 352 354 362 369 384 385 388
64 85 : 0 2 18 21 34 39 41 42 55 61 67 69 73 80 81 83 91 95 96 100 101 112 113 115 122 123 136 140 145 149 156 159 162 163 168 170 179 189 193 196 204 211 218 220 227 236 237 244 257 264 279 280 292 301 305 308 310 312 317 318 320 321 323 324 330 333 337 340 343 348 352 355 357 358 365 366 367 372 373 383 384 385 391 392 393
65 85 : 19 21 25 26 40 45 48 51 56 60 66 67 74 90 104 106 108 112 113 119 121 123 127 138 140 148 151 152 153 154 157 165 173 174 179 181 183 189 191 193 201 215 216 218 221 222 224 227 228 229 238 240 251 256 259 267 268 270 273 285 286 292 293 294 295 300 303 307 311 323 343 344 345 348 350 352 353 354 357 369 379 384 391 393 399
66 85 : 3 5 6 7 16 18 22 44 45 46 48 52 53 57 65 68 70 72 77 90 92 93 100 101 105 109 118 121 122 123 136 142 149 151 152 154 162 173 174 180 191 194 200 205 212 214 226 230 231 243 262 266 268 269 274 282 284 287 288 289 292 293 296 302 304 312 315 321 324 334 337 343 358 361 369 372 375 381 384 386 388 390 391 395 397
67 85 : 5 9 18 19 23 30 31 34 44 46 47 55 57 65 69 71 73 79 80 83 99 111 115 121 123 124 126 132 135 136 137 139 141 143 146 150 163 172 175 180 182 186 188 191 202 205 212 224 228 239 251 252 258 260 262 268 272 292 293 296 297 301 305 307 314 317 321 323 326 328 333 339 343 345 360 362 364 371 373 375 377 384 387 391 392
68 85 : 2 5 7 13 20 22 26 31 34 41 51 58 61 62 63 65 71 75 79 81 85 87 92 95 100 103 104 107 108 114 121 135 136 153 172 175 180 182 185 187 200 203 213 219 221 222 225 231 235 238 241 245 246 251 252 253 263 264 270 276 287 294 296 297 304 306 308 309 324 325 328 329 336 340 344 349 357 369 370 384 385 387 390 392 396
69 85 : 6 7 8 25 28 29 30 32 34 45 46 57 68 76 82 84 86 93 98 104 105 112 117 118 120 121 124 135 143 151 152 171 172 175 176 179 183 185 186 192 197 208 210 215 217 219 225 232 237 249 250 254 260 262 265 279 286 288 289 291 293 299 304 310 314 317 318 326 327 333 343 344 352 357 359 365 369 372 379 380 382 387 390 392 397
70 85 : 0 1 18 21 22 28 34 38 45 46 50 60 66 68 69 70 74 77 97 101 102 104 105 111 112 123 124 132 135 138 140 144 151 153 155 158 164 170 172 175 177 178 179 182 183 185 195 198 200 204 207 218 220 228 229 231 233 236 240 254 260 261 268 273 276 277 283 286 288 291 296 309 326 331 335 357 362 366 372 376 378 386 388 390 392
71 85 : 1 3 12 20 43 61 62 67 69 70 71 77 85 91 92 94 97 99 104 112 117 124 127 145 148 151 156 160 161 168 171 179 181 183 186 189 196 200 207 209 212 219 220 222 238 240 241 242 251 252 254 255 271 274 275 276 284 293 295 296 308 309 311 312 320 325 326 327 338 340 342 344 351 360 362 364 373 377 378 382 384 385 390 393 398
72 85 : 0 3 10 18 19 21 31 34 37 41 49 53 54 61 62 67 69 70 74 85 94 95 96 104 105 107 109 123 131 136 137 139 140 150 153 156 159 163 165 166 170 172 174 175 183 187 205 213 218 221 225 226 238 239 241 246 249 250 253 263 264 267 270 277 279 280 284 290 291 297 299 305 308 313 317 320 324 334 335 343 359 362 379 382 391
73 85 : 1 3 4 16 17 19 20 28 46 47 50 51 53 56 68 72 73 75 76 83 85 87 101 102 111 116 121 132 134 137 139 140 142 151 152 162 170 172 176 177 181 186 192 193 196 197 201 213 216 231 235 242 245 246 249 251 257 258 260 263 268 282 286 287 289 291 303 314 317 319 323 325 326 328 330 337 342 362 364 369 370 372 373 385 394
74 85 : 10 14 16 19 29 30 31 34 42 44 46 48 54 60 61 62 65 71 72 77 79 82 85 88 92 93 98 106 107 109 111 121 132 133 141 142 147 148 150 155 163 170 175 183 193 196 198 201 203 205 218 220 227 231 236 242 243 244 246 250 253 262 266 278 282 284 291 305 307 308 311 312 317 318 336 349 354 356 360 369 378 382 389 393 396
75 85 : 0 2 6 7 13 14 24 33 46 48 66 73 76 85 92 94 96 100 106 108 110 111 112 115 123 138 139 144 151 156 165 166 167 175 176 177 178 179 180 181 184 185 189 206 211 222 223 230 231 232 234 236 242 244 246 251 261 269 279 283 288 292 294 297 313 317 320 325 326 335 340 344 345 348 352 358 363 364 371 383 384 385 386 390 394
76 85 : 3 9 13 15 23 25 28 29 36 38 39 40 44 47 50 51 53 55 58 61 73 78 82 89 90 92 96 99 109 118 119 121 122 126 127 147 148 152 154 158 163 164 175 176 182 205 206 208 212 214 215 221 230 234 239 247 251 263 264 267 273 274 276 287 295 306 308 315 323 324 325 328 329 333 342 357 362 366 369 380 381 384 389 398 399
77 85 : 1 2 6 18 27 31 33 38 42 46 47 51 56 64 65 66 67 71 79 80 90 92 102 104 105 107 112 119 127 137 142 145 149 153 156 159 162 170 172 174 179 198 204 211 219 226 227 228 237 240 247 250 252 265 275 283 288 289 290 292 302 303 306 308 313 317 322 323 324 326 330 332 333 344 346 349 354 355 357 367 368 384 386 397 399
78 85 : 16 18 22 27 31 34 38 45 52 53 57 58 60 61 64 65 69 79 110 111 112 113 117 119 122 141 142 148 152 156 159 166 172 184 189 196 198 201 207 210 212 213 215 219 227 232 235 240 250 252 263 269 270 278 281 282 287 288 294 295 296 305 324 326 327 328 333 336 343 345 349 350 352 356 357 360 362 363 371 376 383 385 386 391 394
79 85 : 0 2 6 9 14 23 27 28 29 30 35 37 40 42 44 66 78 87 91 92 94 95 104 105 106 112 123 124 125 128 139 142 144 145 147 150 152 157 166 170 172 174 178 181 182 188 193 194 198 204 206 213 220 222 224 247 250 256 257 267 279 280 282 283 288 290 292 301 307 313 315 316 320 321 328 333 338 348 349 352 358 361 369 378 386
80 85 : 18 19 22 28 30 33 38 40 53 57 59 67 76 77 85 87 91 94 95 105 107 109 121 125 127 142 151 152 154 162 165 168 172 177 180 183 184 189 191 192 193 201 214 221 222 224 228 229 231 235 238 242 245 249 251 253 260 267 268 270 273 275 279 282 289 308 317 320 321 324 339 346 347 358 359 365 369 376 377 378 379 382 384 388 395
81 85 : 4 9 14 15 21 24 29 30 35 50 52 55 56 61 65 69 71 72 76 80 82 84 88 93 100 111 115 119 121 124 147 150 151 153 157 160 169 170 174 175 184 185 186 189 199 211 221 235 249 251 255 261 262 264 268 270 284 288 291 294 297 306 309 310 311 314 320 321 326 330 336 340 346 352 357 358 360 366 369 370 371 387 391 393 398
82 78 : 4 9 14 18 22 28 30 34 42 46 52 53 57 58 61 66 75 77 78 92 99 104 111 112 121 122 123 127 135 142 144 151 152 154 159 170 172 175 176 183 189 211 216 218 222 231 242 246 249 251 252 254 268 269 270 282 286 288 292 295 296 305 308 318 324 326 333 336 343 352 354 357 369 370 379 384 385 387
83 85 : 0 7 10 18 21 22 27 28 34 35 36 42 46 48 50 52 53 55 72 78 79 83 92 102 104 105 110 115 121 123 124 128 134 147 150 151 159 163 172 173 176 177 179 180 185 192 196 204 215 229 233 246 262 267 271 279 282 295 299 304 305 308 309 319 321 326 329 336 337 339 346 347 349 358 359 360 365 366 367 375 380 381 387 392 394
84 85 : 8 9 19 22 24 32 40 46 56 63 69 70 72 75 77 78 85 86 90 92 96 97 103 104 115 121 122 123 135 138 140 145 149 150 155 159 163 171 191 192 201 202 203 204 207 216 232 234 235 237 246 247 251 252 255 257 270 272 284 292 294 308 311 322 324 326 327 335 339 345 346 351 352 355 357 358 364 368 370 372 381 383 384 397 399
85 85 : 12 15 18 21 28 30 34 46 47 53 55 56 64 66 78 82 85 87 92 102 103 105 110 113 117 121 125 134 138 141 159 168 169 170 175 194 196 199 204 209 212 215 224 230 233 239 242 258 263 265 270 271 273 277 279 282 283 285 286 289 295 300 301 303 304 310 312 315 320 324 327 331 333 336 353 354 357 358 370 371 372 377 387 388 392
86 85 : 3 8 13 20 21 22 26 28 30 33 34 35 37 44 46 52 58 66 69 71 78 82 87 89 92 93 112 114 119 128 131 142 148 157 158 163 172 174 175 180 184 187 197 201 202 207 209 210 211 214 216 218 220 221 222 226 227 240 243 244 246 252 260 279 283 285 288 291 293 295 299 305 308 309 316 321 330 339 352 353 363 382 391 396 397
87 85 : 0 4 13 23 29 32 34 37 41 43 46 48 49 52 54 57 66 73 74 76 77 80 83 86 90 92 93 96 97 99 104 106 108 111 117 123 140 147 150 155 170 178 183 187 209 211 215 220 228 229 230 231 251 258 260 269 271 276 294 295 301 302 308 310 320 330 331 333 338 339 340 342 351 353 354 363 364 365 366 373 381 385 387 388 391
88 85 : 11 12 25 29 32 37 44 48 49 66 67 69 70 71 87 95 96 103 107 112 123 128 132 138 140 146 150 151 154 159 160 169 172 175 176 186 193 195 198 210 212 214 219 222 227 229 232 248 249 251 259 265 266 268 270 274 288 304 307 308 309 315 316 320 321 324 325 330 332 333 334 336 338 343 350 353 354 358 360 362 363 373 376 387 393
89 85 : 1 6 15 17 18 30 35 43 45 47 50 59 60 65 66 69 78 79 93 104 108 109 122 123 124 128 130 142 152 153 159 163 167 172 176 183 187 189 190 191 192 197 207 211 217 219 225 226 232 245 249 250 251 260 261 265 267 275 280 288 289 292 301 302 303 304 308 319 324 325 329 333 337 338 339 344 349 352 357 358 359 360 376 383 385
90 79 : 9 18 22 28 34 37 45 46 48 52 53 61 66 69 71 73 77 78 83 92 104 111 112 121 122 123 128 142 151 152 154 158 159 161 164 167 170 172 175 176 183 189 195 198 211 212 214 222 231 242 246 251 254 255 258 267 268 270 282 285 292 295 296 305 308 324 325 326 333 336 343 352 354 357 362 369 384 385 387
91 85 : 2 9 25 27 36 38 40 53 56 60 64 66 70 71 74 78 88 95 96 103 109 114 121 122 123 132 137 139 142 148 149 151 154 165 182 187 193 198 201 204 205 208 209 211 213 214 215 219 220 226 227 230 231 242 244 246 251 261 265 267 270 273 276 286 287 289 298 300 305 308 312 316 322 330 332 333 343 352 356 360 367 382 384 387 390
92 85 : 4 6 9 13 15 18 22 27 29 30 31 33 34 46 47 53 60 66 68 76 81 82 90 95 99 101 104 106 108 111 153 154 155 159 174 175 176 187 190 192 200 201 211 219 231 234 235 240 242 243 246 249 255 260 265 278 286 288 292 295 306 308 309 321 323 332 338 341 345 348 349 354 361 364 366 368 369 372 374 380 386 387 394 395 399
93 85 : 0 4 9 11 14 19 22 30 33 39 41 43 47 49 50 55 61 64 73 79 81 82 84 91 97 98 109 112 121 131 141 144 146 150 151 161 163 168 170 183 189 200 201 205 216 220 223 229 231 242 247 249 251 254 260 262 268 270 272 314 318 321 326 331 343 346 347 348 354 356 357 369 371 374 375 378 382 384 385 388 391 392 394 395 396
94 85 : 9 18 19 27 34 41 44 46 49 53 55 60 61 63 66 67 69 70 72 85 90 93 104 105 107 109 110 113 114 124 125 142 151 157 159 160 161 163 164 166 178 191 192 195 203 204 208 211 212 214 215 222 225 231 238 241 245 246 249 264 267 272 273 282 283 295 301 303 304 305 315 333 337 338 351 352 353 354 360 367 383 384 389 391 397
95 85 : 5 6 7 17 22 29 32 34 35 38 42 46 50 53 54 55 58 61 66 69 72 77 81 106 111 113 121 123 124 133 136 138 141 143 159 166 168 171 172 182 184 197 201 211 212 217 224 225 227 235 239 249 263 268 273 275 283 286 288 295 297 305 308 310 324 326 333 334 336 338 343 357 359 360 362 365 366 368 369 373 376 377 378 386 394
96 85 : 7 13 22 32 34 38 45 48 50 52 55 56 57 65 66 71 73 77 78 79 80 82 83 92 95 97 99 101 102 105 109 114 116 118 121 122 128 129 133 136 142 148 157 162 164 170 173 176 178 189 193 195 205 209 222 224 229 244 252 256 263 268 270 271 280 287 291 297 303 309 321 327 333 339 351 352 364 376 379 380 382 383 387 391 394
97 85 : 3 7 13 19 22 24 25 27 32 33 47 52 54 69 70 71 77 94 96 105 112 124 131 137 142 144 145 152 157 159 160 162 166 168 173 176 179 186 188 190 192 199 200 202 203 205 210 222 226 229 237 239 242 246 250 253 262 263 274 275 281 282 302 305 306 309 319 322 324 325 340 341 345 354 360 364 365 368 373 380 384 385 387 391 392
98 85 : 1 5 7 8 9 12 16 30 31 35 38 39 43 46 48 68 73 78 83 88 89 92 96 100 101 106 110 121 131 137 138 148 152 156 158 160 166 170 176 178 179 195 198 208 210 211 221 231 234 242 247 248 251 252 259 260 265 281 282 283 286 288 293 295 302 311 314 316 317 319 333 336 341 343 346 352 359 363 373 374 379 383 384 385 399
99 85 : 0 7 19 20 25 29 30 48 53 63 69 71 73 77 94 95 98 112 113 121 132 133 138 149 150 152 159 163 177 180 183 196 197 204 210 211 212 218 237 242 244 248 252 253 254 255 258 261 269 276 278 287 288 296 299 307 308 315 316 318 324 326 328 335 337 338 341 342 343 345 346 350 353 355 357 358 362 369 371 376 378 384 385 391 393
100 81 : 9 12 18 28 30 34 43 46 48 52 53 61 66 69 72 77 78 92 104 105 110 111 112 115 121 122 123 142 143 151 159 163 170 172 175 176 183 187 189 195 206 208 211 222 231 242 246 249 252 268 269 270 280 282 285 288 292 295 296 298 299 305 308 324 326 329 333 336 343 344 352 354 357 362 369 372 381 384 385 387 394
101 85 : 5 10 16 22 28 30 31 34 36 48 50 61 62 65 69 79 81 86 101 102 107 110 112 115 126 129 135 142 143 155 158 163 166 170 171 176 183 188 189 192 205 206 214 215 221 224 225 231 232 233 236 241 246 248 250 256 269 270 272 275 277 278 288 292 293 295 297 314 325 336 341 343 349 350 356 358 359 361 362 366 368 369 370 385 391
102 85 : 7 14 15 22 23 28 41 52 54 58 59 67 69 70 75 77 78 83 100 108 109 111 118 123 128 140 143 151 152 157 163 164 170 172 175 189 192 195 196 200 202 203 210 211 215 232 237 239 243 251 252 254 261 268 275 276 284 288 292 297 298 308 311 320 324 326 327 337 341 347 350 351 354 356 364 365 366 369 381 383 385 387 391 393 398
103 85 : 9 12 19 22 28 29 34 38 41 42 44 46 49 53 77 78 87 104 117 120 125 127 135 139 141 148 153 162 166 170 173 187 189 192 202 204 209 210 221 227 230 231 233 234 235 238 241 245 247 251 252 257 262 272 275 276 278 282 286 292 295 298 301 303 304 307 312 314 322 325 333 342 348 352 364 365 370 373 379 384 385 391 393 398 399
104 85 : 3 6 9 11 14 18 24 28 32 34 38 56 61 66 70 71 72 77 83 100 109 112 116 120 121 123 124 130 137 140 149 150 154 159 160 169 170 172 173 201 206 210 211 214 215 223 226 232 233 235 242 246 250 254 259 262 268 270 278 279 287 288 289 298 312 316 317 321 322 325 333 336 349 352 362 363 366 369 372 376 384 387 390 391 395
105 85 : 0 6 9 19 21 22 23 28 29 30 35 42 46 47 53 61 68 78 87 88 107 108 109 111 112 118 122 137 138 141 145 149 151 163 168 171 172 176 182 183 184 186 196 206 211 214 215 246 247 248 249 251 259 264 265 270 271 272 273 278 283 286 287 295 298 303 311 313 320 326 333 335 338 340 341 342 349 351 353 368 374 380 381 385 387
106 85 : 6 8 15 26 30 31 41 49 50 52 54 55 59 65 66 75 77 80 89 94 104 115 118 119 121 122 123 124 126 127 129 130 142 143 146 154 167 172 173 175 176 177 180 184 187 195 203 204 211 218 219 220 239 240 243 247 249 252 267 270 279 288 291 296 304 305 314 318 319 324 331 342 343 347 348 352 357 358 364 366 369 374 378 385 387
107 85 : 7 12 16 17 25 28 30 40 42 49 51 61 69 71 75 77 78 82 90 96 101 108 110 113 117 118 121 122 123 126 130 132 142 152 154 156 159 162 167 169 170 173 177 181 183 185 188 206 212 228 229 231 234 235 238 259 267 269 270 282 286 288 291 294 304 306 309 310 312 313 330 333 341 352 354 356 357 365 371 379 382 383 385 387 396
108 85 : 2 19 24 32 37 49 52 59 66 67 77 79 94 98 103 105 109 112 117 126 131 138 139 145 149 152 159 164 172 174 175 182 189 191 196 199 212 218 224 227 228 229 231 238 239 240 241 242 244 246 248 252 265 266 270 278 284 289 296 299 301 304 316 323 328 329 330 334 336 338 340 349 354 362 365 367 369 372 375 376 377 385 387 388 391
109 85 : 1 6 10 18 22 30 31 32 37 38 41 42 43 45 46 48 50 52 55 58 59 61 81 84 102 109 115 121 122 138 142 149 160 161 169 172 175 176 191 193 211 213 221 223 224 231 242 249 250 253 256 263 265 266 274 275 279 283 285 288 293 294 295 296 300 301 308 313 316 321 329 343 345 354 356 361 365 369 375 376 383 384 385 397 399
110 85 : 2 6 9 10 14 24 28 33 34 35 39 42 46 49 59 64 66 69 75 76 77 81 85 87 91 95 99 102 103 106 110 123 125 127 131 134 136 142 145 146 150 152 158 164 170 179 186 189 190 206 207 214 219 250 252 272 273 277 278 283 289 290 291 294 295 296 297 319 321 324 328 329 335 347 350 355 356 358 362 366 373 387 388 392 399
111 85 : 3 9 13 17 20 23 25 30 32 34 35 36 39 40 46 47 50 81 89 92 111 121 131 135 140 142 146 148 154 158 160 163 166 170 172 173 174 179 183 191 192 196 200 202 203 205 212 213 218 226 231 232 233 235 241 247 252 260 265 270 273 275 277 279 285 286 292 294 296 307 313 316 322 326 327 341 343 357 361 365 369 376 381 385 397
112 86 : 10 16 26 35 47 50 56 59 69 71 78 79 87 88 92 93 96 97 101 102 110 111 113 122 123 124 129 150 151 153 155 157 159 160 163 165 167 170 178 183 188 190 191 192 205 210 213 215 217 220 222 225 227 239 240 246 248 251 252 260 265 266 272 288 295 296 298 312 319 324 330 345 346 354 358 360 361 368 369 374 376 377 384 387 391 398
113 85 : 3 5 9 11 14 18 22 23 25 27 34 38 39 44 52 57 61 69 74 76 80 81 90 96 99 104 110 115 119 123 126 128 132 134 136 146 151 152 157 168 170 191 207 210 214 217 226 227 230 233 236 242 244 246 252 265 267 271 278 282 288 293 295 296 301 302 304 321 324 326 327 328 329 333 335 344 351 355 366 369 376 382 387 389 397
114 85 : 2 7 17 18 19 21 22 23 24 26 28 31 32 38 43 46 55 58 59 69 77 78 81 89 95 98 99 101 116 117 122 133 135 139 142 151 166 169 182 183 184 189 202 203 208 210 219 231 235 245 246 247 256 260 261 263 268 274 276 277 278 279 288 292 295 296 301 302 304 314 334 345 349 353 356 357 358 360 362 368 379 380 384 394 396
115 85 : 5 20 21 22 23 30 32 34 43 45 49 50 52 56 58 61 66 90 97 98 112 120 123 130 136 139 140 144 146 147 152 153 161 165 167 169 175 180 182 185 193 197 202 210 211 216 220 221 225 231 241 242 248 249 250 251 252 258 259 269 271 275 280 291 296 300 302 309 318 323 325 327 333 338 345 350 352 358 361 362 377 380 381 384 392
116 85 : 11 12 15 17 20 21 22 25 28 36 37 45 46 56 57 61 67 68 69 83 86 88 90 92 97 99 104 111 112 114 118 120 122 123 124 126 128 138 144 148 152 153 176 183 187 188 189 193 194 203 209 210 211 223 237 246 248 249 252 265 268 272 283 287 288 293 295 304 313 324 326 329 342 346 352 367 372 373 378 384 388 389 390 394 395
117 80 : 1 9 18 22 28 30 34 41 46 48 52 53 54 61 66 69 73 77 78 84 87 92 104 111 112 119 121 122 123 134 142 151 152 159 163 170 172 175 176 182 183 189 201 202 211 220 222 224 230 231 242 246 251 252 268 270 282 288 292 293 295 296 304 305 308 310 324 325 326 333 336 343 352 354 357 362 369 384 385 394
118 78 : 1 4 9 18 22 27 28 30 34 43 46 48 52 53 54 61 66 69 77 78 82 90 92 104 111 121 122 123 142 149 151 152 159 163 168 170 172 175 176 183 189 205 206 211 214 222 231 232 242 246 251 252 255 265 270 282 285 290 292 296 307 308 318 324 326 332 333 336 341 343 352 354 357 362 369 384 385 387
119 85 : 6 11 18 22 28 30 39 42 46 55 58 61 63 67 68 74 85 87 89 112 116 117 121 125 126 127 128 129 137 142 153 158 171 173 175 176 177 183 193 203 213 227 231 233 237 239 243 251 252 253 254 259 266 280 287 290 294 296 298 311 316 321 322 325 336 338 339 340 342 343 355 357 362 363 368 369 374 375 383 385 387 392 393 394 398
120 85 : 4 10 11 16 22 25 26 28 31 43 53 56 63 69 74 78 84 88 89 94 104 105 110 111 113 115 120 127 133 135 138 142 148 152 160 163 164 165 169 170 172 176 179 180 182 183 197 202 219 225 226 235 237 243 245 246 247 250 251 260 263 265 268 278 295 297 300 303 305 326 327 333 336 341 343 344 349 356 357 360 375 385 387 389 391
121 85 : 1 6 18 19 20 22 27 30 31 33 34 35 38 43 46 50 57 64 67 75 77 88 91 92 97 102 106 111 112 116 119 138 140 149 150 154 163 167 173 183 185 190 192 197 199 200 219 222 229 233 238 242 247 251 254 259 273 277 286 292 301 308 314 315 316 322 330 332 333 335 338 343 345 352 354 355 356 357 369 373 378 383 385 389 390
122 85 : 0 9 18 26 32 42 43 48 51 52 54 56 58 60 65 69 70 77 89 104 105 111 112 131 132 137 139 141 142 148 152 161 163 164 166 171 186 189 211 212 214 219 222 231 232 241 242 243 262 263 270 277 288 290 294 295 302 305 306 308 310 311 312 317 321 323 334 336 343 344 354 357 361 363 366 369 372 376 384 385 388 391 392 396 397
123 76 : 9 17 18 22 26 28 30 34 41 46 48 53 66 69 72 78 92 104 107 111 112 121 122 123 128 142 149 151 152 163 170 172 173 175 176 183 185 188 189 197 207 211 222 225 231 235 242 246 252 268 276 282 285 288 292 295 296 305 308 324 325 326 333 336 338 343 352 357 369 374 379 383 384 385 387 395
124 80 : 1 9 18 22 28 30 33 34 37 46 48 49 52 53 54 61 66 69 73 77 78 92 104 107 111 112 117 122 123 134 137 142 151 152 159 163 170 172 175 176 183 189 211 222 224 231 234 241 242 246 251 252 261 268 270 273 282 286 288 292 295 305 308 318 324 325 326 328 333 336 352 354 355 357 362 369 381 384 385 387
125 85 : 12 21 28 34 35 46 52 53 57 68 75 77 78 83 91 92 102 104 105 111 114 116 135 136 139 143 145 146 147 149 158 160 162 164 176 190 193 195 196 204 205 207 229 231 238 239 240 248 252 253 254 256 270 276 277 281 289 291 293 294 302 303 305 306 308 309 310 323 326 327 330 333 337 341 350 356 362 367 369 373 375 383 384 387 394
126 85 : 0 9 10 12 15 21 22 32 43 47 48 53 54 55 57 63 66 77 79 82 91 92 102 104 106 119 126 129 139 141 143 144 148 153 164 170 175 180 183 186 187 197 211 220 221 222 229 232 234 240 241 242 244 246 250 251 259 260 276 279 281 282 288 291 292 294 296 301 310 311 314 321 323 338 348 353 354 361 368 369 374 384 394 395 396
127 85 : 4 6 14 18 21 22 23 24 30 33 52 53 59 65 70 82 83 96 99 100 107 116 119 120 121 124 126 135 136 139 144 145 171 172 176 182 185 188 190 192 196 198 202 204 206 210 213 222 231 234 242 245 246 250 252 262 272 285 288 291 292 301 305 309 311 315 320 331 333 336 337 351 354 365 375 376 380 383 384 386 387 388 390 391 398
128 85 : 1 4 5 10 18 19 20 28 32 34 36 39 42 54 61 64 66 77 83 89 92 95 98 104 110 111 112 113 114 122 129 132 135 138 142 151 152 159 161 163 168 169 172 173 178 180 181 207 220 222 228 236 241 242 245 248 250 254 269 270 271 272 289 299 311 312 313 318 321 328 334 340 347 355 356 363 369 373 375 383 385 388 391 394 395
129 85 : 0 9 10 13 18 22 28 30 31 36 46 50 52 53 56 61 63 74 78 79 85 86 87 91 100 102 110 112 124 126 127 133 134 136 146 155 157 163 165 168 170 171 172 175 176 177 179 184 188 195 213 214 225 227 229 234 247 253 259 266 267 268 274 284 296 297 305 310 322 324 326 329 333 338 342 345 362 363 368 380 384 385 389 396 397
130 85 : 3 7 9 10 15 20 28 32 34 37 43 46 49 54 60 61 65 67 82 84 86 88 93 96 101 106 108 111 114 121 125 134 138 142 143 153 164 172 184 185 186 196 201 212 217 218 220 225 233 239 241 247 248 252 256 257 263 274 287 296 305 306 322 324 326 327 329 333 337 341 349 352 361 362 367 369 371 377 380 382 384 385 387 390 393
131 85 : 1 2 5 14 17 20 22 24 30 37 41 44 45 49 52 53 57 60 63 67 72 75 78 81 83 87 106 108 111 123 129 139 142 144 151 152 157 163 165 166 170 176 187 193 200 209 216 218 225 228 231 234 240 242 245 246 264 268 269 272 279 281 283 292 295 303 305 311 318 325 326 330 331 342 349 350 361 362 364 367 371 377 379 380 385
132 75 : 5 6 9 17 18 22 28 30 34 41 46 48 52 53 57 61 65 66 69 77 78 80 92 104 111 112 115 121 122 123 142 151 152 163 164 170 172 175 176 181 183 189 211 222 224 231 232 246 251 252 268 270 286 288 292 295 296 305 307 308 310 315 324 326 328 332 333 336 354 357 362 369 384 385 387
133 85 : 3 4 5 9 24 37 40 53 59 61 70 76 88 92 118 121 127 132 135 145 152 155 156 158 159 160 162 170 171 175 179 181 183 185 194 205 206 214 220 222 233 241 242 246 254 259 269 270 277 278 280 282 283 285 288 290 292 293 307 309 313 317 323 326 333 335 336 340 341 342 346 348 350 360 367 373 374 375 376 378 390 391 392 394 398
134 85 : 8 10 13 15 19 28 31 32 34 36 41 43 53 55 61 67 68 75 78 79 92 102 104 107 113 117 120 130 135 136 145 146 152 154 159 165 171 172 173 175 183 186 188 190 196 197 204 209 211 218 222 225 228 230 233 234 238 239 252 268 270 278 287 292 305 315 317 322 323 324 334 343 354 357 363 364 369 374 377 384 385 387 389 393 395
135 85 : 2 13 18 32 33 43 44 45 46 50 52 53 56 61 66 68 69 73 78 81 83 84 86 93 94 95 97 111 112 115 118 119 125 126 128 141 150 151 152 158 161 162 163 167 174 175 182 184 186 188 190 191 192 207 216 221 222 223 229 238 241 245 246 253 256 259 266 269 275 282 284 287 295 299 328 332 341 351 354 359 361 362 376 385 392
136 85 : 4 11 15 18 27 30 34 39 53 61 66 69 75 77 79 81 89 91 92 108 117 121 122 127 131 135 159 160 170 174 175 177 181 183 191 193 196 201 213 214 215 228 230 242 243 246 250 254 255 257 260 262 268 270 275 276 280 282 285 295 302 305 308 310 311 318 322 323 326 336 343 350 351 355 357 359 360 363 364 374 376 387 392 396 397
137 85 : 3 7 15 17 18 22 27 29 30 36 38 42 54 58 61 65 81 86 89 104 108 112 121 125 133 136 144 146 151 153 158 162 163 167 172 175 177 181 189 200 201 202 206 216 231 239 243 244 247 255 258 269 274 276 288 291 293 296 298 300 302 303 305 308 317 319 330 331 332 333 335 337 348 352 357 362 366 367 369 382 384 385 391 392 395
138 85 : 0 18 21 29 31 33 34 36 37 46 48 66 67 74 77 79 80 81 86 93 99 104 107 111 122 127 129 139 143 146 151 157 159 162 166 170 172 184 186 197 198 203 205 208 210 211 223 240 244 254 255 256 257 275 276 278 281 283 288 290 292 295 302 305 306 311 312 321 322 324 325 331 339 346 352 357 361 362 367 369 377 382 385 386 394
139 77 : 9 18 22 27 28 30 34 46 47 48 52 53 56 61 66 69 77 78 82 90 92 96 99 101 104 111 112 121 122 123 134 135 137 142 151 152 159 170 172 175 176 183 189 207 211 212 222 246 251 252 268 270 282 286 288 292 295 299 305 307 308 317 324 326 333 336 343 348 352 354 357 362 372 384 385 387 399
140 86 : 4 6 17 19 26 30 38 39 52 55 61 75 78 81 85 92 94 95 97 98 102 104 105 107 110 111 114 116 119 120 123 125 127 133 142 147 149 151 161 163 164 172 180 183 197 208 216 218 219 221 228 229 242 246 247 248 258 262 267 268 271 272 290 293 295 296 305 307 314 324 325 327 329 331 337 339 341 349 354 359 383 384 385 391 396 398
141 85 : 5 11 12 22 30 43 45 46 58 60 61 66 72 76 85 94 101 104 106 108 112 118 122 123 137 140 143 156 159 160 162 167 168 169 170 176 178 189 194 195 196 200 201 202 210 211 214 216 217 218 222 231 233 238 242 252 253 269 274 285 288 289 292 293 309 314 322 324 328 329 336 343 349 353 355 359 360 364 372 374 377 381 385 386 396
142 85 : 9 11 12 14 17 26 28 30 37 53 58 61 62 66 69 71 83 87 89 91 92 93 111 114 115 120 121 126 130 133 138 149 151 152 154 155 157 160 166 168 170 172 175 182 189 206 207 208 226 232 233 234 239 240 242 251 257 263 268 270 271 284 285 292 296 299 305 312 314 315 316 317 327 340 344 345 349 354 359 370 374 380 384 394 395
143 85 : 3 5 13 14 19 20 28 29 30 40 41 52 53 64 68 87 92 94 95 100 118 120 121 124 125 144 151 153 159 164 165 175 177 181 185 186 189 190 201 204 207 211 212 222 224 226 228 235 252 256 261 263 266 268 269 270 280 288 290 291 296 308 312 315 324 327 330 331 334 336 342 343 358 359 360 363 367 370 380 383 385 387 391 392 398
144 84 : 8 9 21 28 30 32 35 46 47 48 53 55 64 71 77 78 88 89 94 103 104 105 111 113 117 118 119 121 123 124 128 132 134 139 146 149 151 152 156 164 184 187 189 195 201 203 228 237 242 252 263 269 272 281 285 286 287 291 293 294 295 298 304 306 316 320 322 326 332 334 336 345 346 353 354 369 375 382 385 386 391 395 396 398
145 85 : 0 10 17 22 31 32 33 35 43 49 52 53 56 57 65 66 68 73 78 79 82 89 93 96 97 104 106 111 112 122 130 132 138 144 145 147 151 158 159 162 166 170 172 176 177 183 184 189 191 194 208 212 219 222 223 226 233 238 242 246 252 254 261 263 267 274 286 287 288 290 295 305 306 313 314 318 324 325 332 343 350 362 382 383 395
146 85 : 1 7 10 16 18 24 27 29 30 34 43 47 48 53 54 57 59 63 69 73 74 75 76 81 90 92 95 96 105 112 113 122 125 131 135 136 145 151 152 160 161 163 164 173 175 181 183 186 189 196 200 205 209 231 233 251 252 265 273 274 275 285 288 292 296 297 300 306 314 316 321 322 324 325 327 336 343 350 357 360 382 388 389 390 399
147 85 : 0 2 6 10 11 21 28 38 40 48 49 53 59 60 61 71 80 83 84 85 88 92 98 103 104 107 112 116 120 123 127 135 142 144 147 149 153 169 171 181 185 191 199 204 208 210 211 215 221 222 228 230 252 259 261 265 268 273 276 277 282 289 295 296 301 315 316 322 326 336 339 342 343 346 348 351 352 362 366 375 378 382 385 391 398
148 85 : 3 11 14 15 21 28 38 41 42 48 53 54 59 60 62 63 72 76 78 79 80 87 88 91 101 102 108 112 116 121 126 132 133 135 137 143 144 147 149 150 151 152 158 159 170 175 192 197 200 204 206 223 225 230 242 249 259 266 270 272 279 282 284 295 296 300 303 305 308 310 314 318 319 326 333 335 345 355 357 369 370 376 386 388 392
149 85 : 9 22 30 36 47 48 53 54 59 61 66 69 72 80 84 88 91 99 102 103 104 106 110 113 114 116 124 128 133 139 151 152 153 158 159 164 168 182 183 189 194 197 198 199 201 208 209 220 226 231 234 237 247 250 251 253 255 265 272 275 278 281 282 285 288 296 312 314 316 317 324 326 335 336 337 340 349 350 360 362 364 365 385 392 394
150 85 : 0 5 6 9 13 26 32 34 39 50 51 52 61 70 77 80 86 88 94 96 102 113 130 134 135 141 142 145 146 151 152 153 158 162 167 170 176 199 203 205 208 209 211 212 221 222 224 229 230 231 233 239 242 244 252 253 261 266 268 269 276 277 279 286 288 300 302 319 323 338 342 343 347 348 350 358 369 370 373 374 383 385 386 389 393
151 85 : 7 17 23 26 28 34 39 41 47 52 57 61 63 68 75 76 78 82 93 104 107 112 121 122 123 131 135 138 151 152 156 167 170 171 181 188 190 200 204 206 211 212 218 219 224 225 227 234 239 243 251 255 262 263 268 269 274 282 289 291 295 296 297 301 303 311 313 316 322 323 326 333 339 340 342 350 351 358 365 368 369 371 375 390 399
152 85 : 1 3 8 10 27 30 31 44 50 53 62 66 68 69 72 76 77 78 83 86 90 91 92 95 100 106 107 110 111 123 135 140 148 156 159 165 167 170 172 174 180 181 193 197 199 203 205 206 211 218 219 229 231 233 240 247 251 252 257 260 261 270 277 295 302 306 312 313 314 322 324 327 330 333 341 343 345 347 354 356 362 367 369 385 394
153 85 : 2 5 11 22 24 25 28 32 34 37 39 41 42 45 46 49 62 65 69 75 78 83 84 98 108 109 110 111 112 118 120 122 131 133 141 142 143 155 159 170 171 173 181 185 189 193 195 209 210 222 235 240 248 250 263 265 275 288 289 291 292 294 295 305 308 313 323 332 333 339 343 345 349 350 352 354 357 364 365 378 379 384 386 389 396
154 85 : 3 5 17 24 32 37 43 57 60 63 64 74 75 80 82 84 86 89 92 95 107 116 118 121 123 126 129 142 143 144 145 147 154 168 170 171 172 173 176 187 189 191 208 216 222 227 240 242 243 244 246 254 266 267 270 274 276 282 288 294 296 300 303 307 311 317 319 320 322 324 329 333 341 343 346 347 352 353 354 369 374 378 385 390 393
155 85 : 1 3 7 8 9 10 15 20 26 30 34 46 47 49 50 52 53 56 61 63 64 66 69 76 84 100 104 111 126 131 141 143 150 151 152 156 159 163 164 170 172 176 182 188 189 208 211 215 221 231 239 242 243 264 266 271 275 292 293 300 305 306 307 308 314 317 319 329 340 342 345 348 352 356 360 364 367 369 373 374 377 379 385 393 394
156 85 : 7 12 23 28 30 32 34 42 46 48 50 53 58 60 64 68 69 77 83 86 90 92 97 102 108 114 116 117 121 125 138 142 146 147 150 155 166 168 170 175 178 189 206 211 223 225 226 232 239 241 253 254 263 265 267 268 269 270 274 277 280 287 295 297 299 313 329 331 332 333 335 347 348 349 351 354 369 384 386 387 389 393 394 395 397
157 85 : 0 2 22 25 28 29 32 36 45 61 69 72 73 74 76 81 92 98 101 102 104 120 122 123 126 133 134 138 149 151 153 155 163 169 171 172 180 182 192 199 202 208 210 211 215 219 224 225 229 230 235 238 241 242 243 247 249 250 251 268 271 274 276 282 292 297 308 324 328 336 338 339 340 344 347 348 357 358 362 363 370 372 385 390 395
158 85 : 2 13 14 17 22 32 36 39 47 50 53 60 61 64 72 75 77 86 92 106 108 110 112 119 121 122 123 124 127 131 138 140 143 151 163 168 169 170 175 187 189 190 191 200 202 203 207 211 220 243 245 247 251 260 265 276 283 291 292 294 295 298 313 316 324 326 333 336 340 341 343 349 354 357 360 363 369 370 380 385 388 394 395 396 397
159 85 : 2 4 6 17 18 25 31 37 40 42 43 46 48 51 52 53 62 64 68 69 70 71 72 74 76 79 81 82 84 87 90 96 99 102 107 111 118 120 123 134 149 153 161 171 188 189 191 195 207 216 218 221 222 223 231 232 239 242 246 252 254 256 257 263 270 282 296 302 305 306 307 311 313 324 333 334 338 345 366 368 370 376 386 389 395
160 85 : 6 9 11 13 18 22 30 36 39 44 49 50 60 64 66 83 91 97 98 99 106 111 112 116 129 133 135 139 147 151 157 164 167 171 172 183 186 188 189 190 199 203 211 213 216 217 222 230 236 237 242 243 245 247 252 259 263 265 277 284 285 287 290 295 299 302 307 308 311 324 326 331 333 354 356 359 360 365 370 371 373 376 381 385 389
161 85 : 3 7 8 11 16 22 28 30 31 46 51 59 60 64 66 69 76 80 89 91 96 101 108 111 115 116 121 129 133 141 152 155 163 165 169 170 176 183 184 188 194 207 209 210 211 226 231 240 244 246 248 257 261 274 276 277 279 282 292 295 297 299 302 305 308 317 320 321 331 333 335 337 343 352 354 355 356 357 363 368 384 387 389 391 399
162 85 : 6 9 12 18 22 25 28 30 34 35 39 40 41 46 47 49 52 59 64 69 74 77 78 79 80 86 88 92 94 101 104 109 111 115 117 132 136 137 143 149 151 155 159 163 177 182 197 198 203 217 221 225 229 232 240 248 261 263 266 268 269 272 278 288 295 296 305 306 309 317 326 330 332 333 334 336 338 349 352 370 374 375 387 392 399
163 85 : 2 6 8 12 14 20 26 28 40 41 44 47 51 52 53 56 59 61 70 78 79 84 94 96 104 106 114 128 137 138 142 150 151 160 168 171 174 183 186 189 192 193 199 202 207 211 212 215 218 223 225 236 240 248 252 256 281 282 286 291 295 298 301 302 303 312 319 324 326 328 333 334 336 337 344 347 349 352 354 357 361 362 373 385 392
164 85 : 2 3 10 14 15 16 18 26 27 29 35 36 50 53 54 57 59 60 61 74 77 83 84 86 87 88 93 99 102 107 111 117 124 131 160 167 169 170 175 178 181 211 213 221 222 223 226 227 231 239 242 243 252 253 255 258 261 266 268 270 272 275 277 278 284 292 307 308 314 323 326 341 345 356 359 361 363 364 368 375 378 381 386 390 398
165 85 : 2 16 18 20 29 32 33 34 36 39 42 45 49 55 60 61 65 67 71 76 77 87 106 112 116 119 123 127 129 130 131 132 137 140 151 152 154 159 160 163 164 165 173 177 179 184 198 199 209 211 214 222 233 234 240 242 247 254 270 271 274 282 288 292 296 297 306 310 313 318 328 333 334 341 343 347 349 355 357 359 367 390 394 395 396
166 85 : 15 17 19 25 27 33 34 35 43 44 45 48 52 53 61 69 70 77 87 90 92 101 102 103 104 105 108 111 130 131 133 139 149 151 155 157 159 163 164 169 170 185 195 201 205 211 213 221 226 227 228 230 231 246 253 258 260 268 271 272 273 275 277 282 285 289 291 297 305 306 315 326 329 333 343 344 347 354 359 361 372 387 388 393 398
167 85 : 4 5 6 16 18 19 22 23 24 25 26 28 29 36 40 42 46 54 58 62 72 75 77 78 84 87 91 92 111 112 115 122 130 149 155 158 174 175 176 183 185 192 205 206 207 211 217 220 235 236 245 246 252 255 261 265 268 269 272 288 291 292 294 295 300 306 316 327 328 332 336 338 351 352 354 357 362 368 373 376 382 385 387 393 396
168 85 : 9 11 12 14 19 22 26 28 30 31 33 36 46 65 76 78 79 88 92 93 95 97 103 109 112 113 120 131 132 135 143 146 155 157 161 175 176 184 187 194 197 198 204 213 218 231 232 237 242 251 254 256 257 258 261 263 264 266 270 284 288 292 304 305 307 308 314 316 325 326 329 332 333 338 340 341 343 362 365 367 368 369 373 374 385
169 78 : 4 9 18 22 26 28 30 33 34 46 48 52 53 58 61 66 69 70 77 78 92 101 104 105 111 112 115 121 123 141 142 151 152 159 163 167 170 172 175 176 182 183 189 211 222 225 231 242 251 252 259 266 268 270 280 282 288 292 295 296 305 308 318 324 326 333 336 338 343 352 354 356 357 360 362 369 385 387
170 85 : 11 12 17 18 25 26 28 36 40 47 48 52 54 55 56 74 77 78 82 86 90 92 93 96 103 107 109 111 119 122 136 137 138 144 147 151 154 157 160 162 165 166 170 172 173 176 182 204 213 220 227 238 241 242 251 252 260 268 269 274 278 286 289 292 293 294 295 304 308 314 327 329 333 334 335 339 342 360 364 369 370 382 383 388 398
171 77 : 5 9 10 18 22 28 30 34 52 53 61 66 69 77 78 84 92 95 99 104 110 111 112 115 121 123 132 142 149 151 152 154 159 163 167 170 172 174 175 176 178 183 185 189 197 211 222 223 231 242 245 246 251 252 268 270 273 282 288 292 295 296 305 308 324 326 332 333 336 343 354 357 362 369 384 385 387
172 85 : 7 12 14 19 22 30 36 39 40 48 51 53 54 61 64 66 67 72 80 88 100 111 112 122 127 129 130 133 142 152 153 159 166 167 169 172 175 187 206 208 214 226 233 236 238 240 247 248 251 252 254 260 265 268 272 274 282 283 284 285 288 292 300 305 317 328 330 331 332 334 347 356 359 360 368 369 382 384 387 389 392 394 396 397 398
173 85 : 2 3 9 19 28 33 35 36 44 49 53 54 61 64 66 80 87 92 101 102 108 110 111 120 123 127 130 141 146 152 153 159 161 163 164 167 172 175 176 188 190 195 205 213 225 240 242 245 246 250 254 261 267 281 283 285 288 293 295 296 301 305 308 312 315 318 324 329 333 335 345 346 348 349 354 360 361 369 372 376 379 382 385 391 394
174 85 : 0 10 11 13 14 15 20 21 26 28 30 44 48 49 51 53 58 59 61 66 75 82 86 94 101 116 138 143 145 155 160 165 168 175 176 177 181 194 199 202 209 211 219 223 228 231 232 233 234 237 246 259 260 264 268 269 278 280 284 288 292 294 295 299 301 308 309 323 325 328 330 335 337 354 357 362 363 364 367 378 384 386 388 391 392
175 85 : 0 3 7 9 10 13 18 20 21 22 23 48 50 53 54 56 57 59 61 63 68 69 70 74 78 84 86 94 95 99 100 102 106 111 117 121 128 134 135 139 141 151 152 157 163 167 169 171 176 180 186 188 203 209 211 214 221 222 224 232 238 244 246 260 275 282 286 300 302 304 305 311 313 317 326 329 338 344 345 353 354 357 369 370 398
176 85 : 9 11 12 22 29 34 46 51 53 56 61 65 69 77 80 86 94 99 103 104 105 120 121 126 128 132 141 151 158 159 167 168 169 172 173 175 178 180 182 187 194 195 197 214 219 222 224 227 228 230 237 242 244 245 250 255 257 258 261 267 272 281 283 288 295 298 301 308 310 311 312 325 333 335 336 337 349 354 359 367 374 375 386 389 394
177 85 : 0 2 3 4 6 9 10 12 22 26 27 34 35 42 51 53 54 58 62 72 78 84 90 91 92 95 100 104 114 122 130 134 141 142 147 155 157 163 169 171 179 187 188 189 197 200 208 217 219 231 236 251 291 294 311 316 317 321 323 326 331 332 333 335 336 337 338 339 346 351 352 354 355 357 358 362 364 367 369 370 376 385 388 392 395
178 85 : 0 2 4 6 10 12 18 19 22 31 36 53 61 63 74 75 80 82 86 92 96 104 105 107 111 114 118 121 122 125 132 136 138 149 151 152 154 157 159 163 165 168 178 184 189 194 195 204 217 219 222 231 236 237 238 242 258 262 267 268 269 275 281 288 289 291 295 296 298 305 308 313 339 340 343 354 355 367 371 381 382 384 393 397 398
179 77 : 6 18 22 27 28 34 45 46 49 52 53 57 58 61 66 69 77 78 92 99 104 111 112 121 122 123 129 142 148 151 152 154 159 163 168 170 172 173 175 176 183 189 211 216 221 224 231 238 242 246 252 257 268 270 282 285 288 292 295 296 305 308 326 333 336 343 352 354 357 360 362 369 375 378 384 385 387
180 85 : 5 7 9 18 21 22 23 24 27 30 33 34 36 41 51 53 57 61 62 64 67 69 74 76 88 98 99 104 106 113 118 133 136 146 147 151 159 161 168 170 184 191 199 204 205 212 215 217 219 225 234 236 237 244 255 256 257 258 261 271 275 292 295 306 308 314 315 319 333 335 343 344 348 353 354 357 359 362 364 371 375 377 384 389 397
181 85 : 0 3 13 18 22 25 29 30 33 40 42 43 52 53 61 62 66 67 73 74 78 83 85 88 92 93 95 97 106 111 112 121 124 128 137 142 143 148 150 157 163 164 165 170 174 176 178 181 204 209 212 216 217 223 255 258 263 268 269 270 278 296 297 299 300 305 324 330 333 335 342 344 346 352 357 361 362 365 367 372 373 376 383 384 396
182 85 : 10 11 23 24 33 37 41 48 49 57 62 66 67 72 77 78 80 84 86 90 92 96 98 99 101 104 111 112 113 117 139 141 161 163 167 177 188 190 193 195 202 211 212 214 215 217 219 222 226 231 234 239 250 251 252 255 256 257 260 262 269 275 283 289 295 302 303 310 315 319 320 324 325 326 330 331 344 347 357 365 369 371 385 393 397
183 85 : 4 6 10 13 23 28 34 44 46 47 52 53 58 61 65 78 81 87 92 95 104 105 107 110 113 118 120 121 124 138 142 143 146 149 150 152 155 165 172 176 178 187 188 194 197 209 211 218 224 225 231 233 239 245 246 250 254 258 270 273 282 284 286 290 299 303 304 305 312 320 322 324 326 327 330 332 334 344 356 364 368 374 376 385 396
184 85 : 0 7 8 12 14 16 18 22 24 30 33 34 36 45 48 50 60 62 63 64 65 71 77 78 94 104 111 112 117 125 130 131 132 133 135 139 149 152 155 161 170 171 174 175 189 194 196 197 203 210 218 232 236 244 246 251 258 261 262 269 280 282 284 285 288 290 296 300 301 308 310 314 316 326 333 336 341 346 347 354 359 367 369 371 380
185 85 : 8 9 13 18 19 20 25 28 30 34 44 61 67 69 70 79 89 91 94 98 101 111 116 117 122 124 127 130 142 145 148 151 156 160 166 170 176 179 186 191 199 202 206 217 219 236 238 239 242 252 255 256 259 264 273 274 277 278 285 292 295 299 302 305 310 314 323 331 340 342 346 347 350 366 367 369 373 377 378 379 381 384 385 390 397
186 85 : 0 8 9 11 12 14 31 33 40 43 48 52 61 63 66 80 86 99 103 113 119 124 129 140 144 146 152 156 160 168 169 170 179 181 182 183 188 189 194 195 205 206 211 216 220 226 245 248 262 266 277 284 285 288 296 301 302 311 314 324 326 327 329 335 337 339 340 341 347 348 351 354 357 358 362 375 378 379 380 381 383 384 385 386 396
187 85 : 5 6 15 18 24 28 29 34 38 39 46 50 52 59 61 67 77 88 98 106 108 116 121 123 125 130 131 133 135 137 142 153 154 156 158 159 162 172 174 175 177 178 183 188 189 191 204 216 217 232 238 240 246 247 248 251 256 275 277 278 280 282 288 290 291 295 298 310 311 322 330 332 334 335 342 352 356 359 363 369 375 384 385 390 396
188 78 : 9 10 12 14 18 22 28 30 34 42 46 48 49 52 53 61 66 69 71 73 77 78 92 98 101 104 111 112 121 122 123 142 149 151 152 156 158 159 163 170 172 175 176 222 223 231 242 246 251 252 268 270 282 286 288 292 293 295 296 305 308 324 326 333 336 341 343 351 354 357 362 367 369 371 384 385 387 388
189 85 : 16 17 23 30 43 53 57 64 72 77 82 85 87 88 92 93 97 101 111 118 121 126 127 135 138 139 142 143 148 149 157 160 163 167 172 174 181 203 208 210 215 216 217 222 223 231 237 242 245 248 250 251 259 268 270 275 281 287 295 296 305 311 312 326 327 331 333 335 336 337 339 342 343 346 350 351 354 355 356 369 372 374 386 392 398
190 85 : 23 28 30 33 42 46 47 52 53 57 61 62 66 73 75 77 84 86 87 92 93 95 103 107 111 113 119 122 124 130 134 146 149 153 157 160 166 172 173 176 182 186 191 196 205 206 209 211 217 221 223 226 233 237 238 242 245 255 265 266 268 269 273 282 285 294 298 301 313 318 320 321 326 329 351 355 357 370 372 377 385 386 396 398 399
191 85 : 8 16 18 20 24 28 34 40 42 44 45 52 53 54 59 61 63 68 69 73 78 79 87 109 114 117 120 121 126 135 142 143 144 146 155 156 170 182 185 189 190 194 198 211 213 219 221 230 231 232 238 245 251 255 267 270 282 283 284 286 289 297 305 308 309 311 317 320 322 324 325 327 333 334 338 340 342 353 369 376 378 379 386 387 392
192 85 : 3 6 7 10 13 17 22 23 28 34 36 37 41 42 53 54 61 66 68 70 98 99 103 111 114 116 118 120 121 123 132 147 150 157 158 159 163 175 176 181 184 189 190 194 198 208 211 216 220 230 232 237 240 258 271 272 286 290 296 298 300 302 310 311 317 320 323 324 325 326 327 340 344 345 347 352 362 374 378 379 383 385 387 393 399
193 86 : 4 11 15 22 26 28 42 43 45 46 53 61 66 67 68 73 77 83 84 87 94 98 111 112 113 114 117 118 119 122 146 169 170 171 172 174 176 177 180 191 207 208 211 219 223 231 241 245 246 247 253 256 264 268 272 276 287 294 299 304 308 313 315 318 319 323 326 337 351 354 355 356 357 360 361 369 371 374 375 380 385 387 389 395 396 399
194 85 : 5 7 12 21 28 30 33 34 42 45 52 53 56 60 63 64 65 81 86 89 93 97 110 114 117 121 125 129 136 137 139 140 147 164 167 168 170 172 176 183 185 187 188 189 191 192 195 205 207 208 211 221 223 225 231 241 246 258 263 264 268 270 274 278 287 288 292 296 297 299 318 322 332 336 351 354 357 362 363 368 381 386 393 396 398
195 80 : 10 18 22 28 30 34 41 46 47 48 52 53 61 65 66 69 77 78 88 92 99 104 111 112 116 121 122 123 127 132 142 145 151 152 159 163 170 172 175 176 183 189 201 206 211 214 222 225 229 231 238 241 242 246 251 252 270 288 292 295 296 304 305 308 318 323 324 326 333 336 343 344 352 354 357 362 369 384 385 387
196 85 : 13 15 16 22 29 30 45 55 62 63 64 68 71 77 80 88 89 92 95 101 104 111 112 119 128 131 136 144 152 157 159 170 172 174 181 183 188 197 198 200 203 207 209 214 217 222 226 231 239 242 246 247 255 278 279 284 289 292 293 298 311 315 317 323 327 328 331 333 336 337 339 343 346 349 352 367 374 375 377 383 384 392 393 395 399
197 85 : 9 13 18 19 21 39 46 49 51 52 56 57 92 106 113 115 120 122 123 127 128 134 137 145 152 155 159 160 167 170 171 172 175 180 183 184 186 189 193 198 199 200 205 208 210 212 215 222 223 228 229 230 239 250 251 253 258 263 264 266 288 293 296 300 305 310 311 313 320 321 326 337 342 347 348 350 352 354 368 370 372 373 375 384 392
198 78 : 9 10 18 22 28 30 34 39 46 48 52 53 54 56 61 69 71 77 92 103 104 108 111 112 116 121 122 123 129 130 141 142 151 152 159 161 163 170 172 175 183 189 202 208 211 218 221 222 231 242 246 251 252 268 282 288 292 295 296 305 307 308 315 324 326 333 334 336 343 354 357 362 369 384 385 387 388 395
199 85 : 1 11 13 17 21 22 29 37 54 60 62 66 72 74 77 78 82 87 111 120 121 125 127 129 134 140 142 150 154 161 163 169 176 183 189 193 194 195 197 205 207 211 220 224 232 233 236 240 244 246 248 249 250 254 267 268 270 279 281 288 303 304 305 308 311 314 317 324 326 327 332 340 344 354 357 361 362 363 367 369 370 379 380 385 388
