N C E M
200 167 19900 9950
Opt_part_L_size, Opt_part_R_size, Opt_number_of_colors
33 167 52
N of L changes = 15
Min number of labels in a vertice, Max number of labels in a vertice
63 73
Solution Set
122(35) 140(35) 153(35) 161(35) 162(35) 164(35) 52(36) 105(36) 142(36) 150(36) 158(36) 10(36) 4(37) 18(37) 21(37) 9(121) 145(123) 40(128) 85(129) 130(131) 88(131) 109(132) 138(133) 11(134) 123(134) 163(135) 107(139) 57(140) 77(142) 121(142) 155(142) 148(142) 126(142) 20(143) 146(144) 6(144) 32(145) 82(145) 45(146) 80(147) 110(147) 14(152) 69(153) 7(154) 3(154) 19(157) 149(158) 102(158) 101(160) 50(167) 76(168) 58(173) 
Number of edges by Color (l n)
0 58 173
1 76 168
2 50 167
3 101 160
4 102 158
5 149 158
6 19 157
7 3 154
8 7 154
9 69 153
10 14 152
11 80 147
12 110 147
13 45 146
14 32 145
15 82 145
16 6 144
17 146 144
18 20 143
19 77 142
20 121 142
21 126 142
22 148 142
23 155 142
24 57 140
25 107 139
26 163 135
27 11 134
28 123 134
29 138 133
30 109 132
31 88 131
32 130 131
33 85 129
34 40 128
35 145 123
36 9 121
37 141 38
38 4 37
39 15 37
40 17 37
41 18 37
42 21 37
43 44 37
44 78 37
45 90 37
46 113 37
47 125 37
48 0 36
49 1 36
50 2 36
51 5 36
52 8 36
53 10 36
54 12 36
55 13 36
56 16 36
57 22 36
58 23 36
59 25 36
60 26 36
61 28 36
62 29 36
63 30 36
64 31 36
65 36 36
66 37 36
67 38 36
68 41 36
69 43 36
70 46 36
71 47 36
72 52 36
73 53 36
74 54 36
75 55 36
76 56 36
77 59 36
78 65 36
79 72 36
80 73 36
81 79 36
82 97 36
83 99 36
84 100 36
85 105 36
86 142 36
87 143 36
88 150 36
89 158 36
90 24 35
91 27 35
92 33 35
93 34 35
94 35 35
95 39 35
96 42 35
97 48 35
98 49 35
99 51 35
100 60 35
101 61 35
102 62 35
103 63 35
104 64 35
105 66 35
106 67 35
107 68 35
108 70 35
109 71 35
110 74 35
111 75 35
112 81 35
113 83 35
114 84 35
115 86 35
116 87 35
117 89 35
118 91 35
119 92 35
120 93 35
121 94 35
122 95 35
123 96 35
124 98 35
125 103 35
126 104 35
127 106 35
128 108 35
129 111 35
130 112 35
131 114 35
132 115 35
133 116 35
134 117 35
135 118 35
136 119 35
137 120 35
138 122 35
139 124 35
140 127 35
141 128 35
142 129 35
143 131 35
144 132 35
145 133 35
146 134 35
147 135 35
148 136 35
149 137 35
150 139 35
151 140 35
152 144 35
153 147 35
154 151 35
155 152 35
156 153 35
157 154 35
158 156 35
159 157 35
160 159 35
161 160 35
162 161 35
163 162 35
164 164 35
165 165 35
166 166 35
Label List by vertices (vertice Id, Number of labels : set of labels
0 73 : 0 4 5 6 7 9 11 17 19 20 23 24 25 30 33 34 42 45 46 47 50 51 53 58 59 60 64 65 67 68 69 73 74 76 80 82 85 91 92 95 97 102 104 107 109 110 111 113 114 116 118 119 121 122 123 126 127 128 130 131 132 133 134 137 138 139 141 146 148 155 157 163 166
1 73 : 1 5 7 11 15 17 19 21 22 23 24 25 28 31 34 36 37 38 39 40 41 45 50 58 60 65 68 69 70 74 76 77 78 80 81 83 84 86 87 92 94 95 100 101 102 104 107 108 109 110 111 116 119 120 125 131 133 134 135 138 140 142 145 146 149 151 152 153 155 156 157 161 163
2 73 : 2 5 6 7 8 9 11 12 17 18 19 20 22 26 27 28 32 34 35 39 40 42 44 46 47 48 49 50 54 57 60 64 66 67 70 71 72 75 77 78 82 83 84 90 92 94 96 101 102 104 106 107 108 111 113 116 117 119 123 124 126 130 131 138 142 145 150 153 154 155 160 163 164
3 73 : 1 2 5 6 9 13 16 17 20 21 22 23 25 31 32 37 38 40 41 42 43 44 45 49 51 52 53 54 55 56 58 59 61 66 67 69 72 73 76 77 79 80 85 88 90 94 95 98 100 102 105 109 111 115 117 118 121 126 129 138 139 141 142 143 144 146 147 148 149 153 155 160 163
4 73 : 2 6 7 8 9 10 11 17 18 20 24 34 36 39 40 41 42 45 46 49 50 57 58 61 68 69 70 71 73 74 76 78 79 82 83 84 88 89 90 92 98 100 101 103 108 109 111 112 115 119 120 121 122 124 125 126 129 130 135 138 145 147 148 151 152 153 154 157 160 161 162 163 164
5 73 : 3 5 6 8 11 12 15 20 21 23 26 27 29 30 31 33 38 39 40 41 45 47 49 51 54 56 57 58 59 60 61 62 63 69 72 73 75 76 77 81 82 84 85 92 95 97 101 102 103 105 106 107 109 110 112 113 114 115 116 117 118 121 122 123 125 126 127 128 130 137 146 151 156
6 73 : 2 3 4 6 7 9 12 14 20 21 22 24 26 27 28 34 38 45 54 57 58 59 60 62 63 66 67 68 69 73 74 76 77 80 82 85 86 88 93 94 99 101 102 103 105 106 109 110 111 113 117 118 119 120 123 129 130 135 136 138 139 142 145 146 147 148 149 151 156 157 161 163 165
7 73 : 1 5 7 10 17 18 19 20 21 23 24 29 32 33 36 37 40 44 50 55 57 58 60 61 64 66 69 71 74 76 77 78 81 83 85 86 90 91 96 98 99 100 101 102 103 106 108 109 112 113 119 121 124 127 130 134 137 140 141 145 146 148 150 151 153 158 159 160 161 162 163 164 165
8 66 : 3 6 7 9 11 15 19 20 21 26 29 32 36 37 38 40 44 45 47 49 50 54 55 57 58 59 61 66 68 69 74 75 76 77 78 80 82 84 85 86 88 94 96 100 101 102 106 107 109 110 113 121 123 125 126 128 130 138 143 145 146 148 149 155 162 163
9 73 : 0 2 3 4 7 8 10 13 14 16 19 20 21 22 24 28 30 32 35 36 41 45 50 53 60 64 66 68 69 70 71 72 74 76 80 81 82 83 85 86 87 88 89 92 93 95 96 97 99 101 102 107 109 110 113 115 117 119 123 125 127 133 134 135 137 139 145 148 149 152 154 155 156
10 73 : 0 1 2 4 7 8 9 11 13 14 16 19 21 22 23 24 26 29 30 32 34 40 43 45 50 53 57 58 59 63 64 66 69 70 76 77 82 85 86 91 93 97 98 99 101 107 108 109 112 115 116 120 127 129 130 133 137 138 139 142 144 146 147 149 151 153 155 156 157 158 161 162 165
11 73 : 3 4 5 6 7 10 13 14 18 19 25 27 28 29 32 40 46 48 50 51 52 53 58 60 62 68 70 73 76 77 78 79 80 81 82 83 86 88 91 96 100 101 102 104 106 107 109 110 111 112 114 115 119 120 126 129 133 135 137 138 140 141 143 144 146 147 148 149 151 154 155 157 159
12 73 : 0 3 6 9 12 14 15 17 18 20 22 23 24 26 27 28 29 31 32 33 35 37 42 44 45 46 48 50 51 55 57 58 59 60 61 64 66 68 69 73 75 76 77 80 84 85 88 91 92 96 101 102 107 109 110 111 112 114 122 123 126 129 131 132 133 141 148 149 150 152 161 163 165
13 73 : 0 1 4 6 8 14 17 20 21 23 24 30 40 42 43 44 45 47 50 51 53 56 57 64 65 67 69 71 73 74 76 81 83 85 88 91 95 100 101 102 103 104 107 108 109 110 112 113 114 115 117 119 121 124 126 128 130 131 134 135 140 141 144 148 149 150 151 153 155 159 160 163 166
14 72 : 0 1 3 4 5 6 7 11 15 16 19 26 28 29 34 35 37 44 45 46 47 49 51 57 58 63 64 68 71 73 74 76 79 80 81 82 86 91 94 98 99 101 103 104 105 107 109 113 115 117 118 119 121 122 123 126 129 134 136 138 142 144 145 146 148 149 153 155 161 163 164 166
15 73 : 0 3 4 6 7 8 11 14 18 21 22 23 24 26 28 32 40 44 45 50 52 57 59 63 65 66 69 71 73 75 76 79 80 82 83 85 95 96 98 100 101 102 105 107 109 110 111 112 115 117 119 121 122 123 127 129 132 134 137 138 140 141 146 149 155 156 157 158 160 161 162 164 166
16 73 : 6 7 17 18 19 20 24 26 32 33 36 40 48 49 51 56 58 59 60 61 63 65 70 75 76 77 78 79 80 81 83 84 87 88 89 91 95 96 98 99 100 102 105 109 111 115 117 119 120 122 123 124 125 126 130 131 135 136 137 141 142 144 145 146 148 149 150 154 156 158 161 163 166
17 73 : 3 6 11 13 14 17 20 22 25 30 31 32 40 44 45 46 50 51 53 57 58 59 61 66 69 70 73 76 78 79 81 85 87 88 90 91 93 96 97 105 106 107 109 110 116 117 119 120 128 129 130 131 133 135 137 138 139 140 141 144 145 146 147 151 154 155 158 160 162 163 164 165 166
18 73 : 3 4 5 7 8 10 11 12 13 14 16 18 19 21 22 28 29 30 35 38 39 40 45 47 50 53 57 59 60 61 65 67 68 73 78 82 84 85 86 88 94 99 101 102 103 105 106 107 109 110 113 114 116 120 121 123 127 128 130 135 138 142 144 145 146 148 149 150 151 155 160 162 163
19 73 : 0 3 4 6 7 8 10 11 12 19 20 21 22 25 26 32 37 41 42 46 47 48 50 52 57 58 59 69 72 73 76 77 78 79 80 82 83 85 86 90 96 97 101 108 112 116 117 118 121 123 125 129 130 131 132 134 135 137 138 139 140 141 142 146 147 150 153 154 155 156 157 159 161
20 68 : 3 6 7 9 10 11 12 14 17 18 19 20 24 28 30 32 38 40 43 45 50 52 56 57 58 59 69 71 73 74 75 76 77 78 80 82 85 88 89 93 99 101 102 105 107 108 109 110 112 118 121 123 124 126 130 135 136 138 139 145 146 148 149 150 151 155 162 163
21 73 : 3 4 5 7 9 11 12 13 14 15 16 17 19 20 21 23 25 28 30 31 33 36 38 40 42 51 54 56 58 62 65 67 74 77 78 79 80 81 82 83 84 85 87 93 94 95 96 101 102 107 108 109 112 113 115 120 121 124 126 131 135 136 138 141 142 143 145 148 149 152 154 155 163
22 73 : 3 7 9 10 11 14 15 16 18 19 24 25 26 27 28 32 33 34 37 40 43 44 46 50 51 53 54 55 60 61 69 74 76 77 79 80 81 82 84 85 88 90 92 93 94 95 101 106 109 110 111 112 113 115 116 119 120 121 122 126 130 134 136 142 145 146 147 148 152 154 155 156 157
23 73 : 1 4 5 6 7 9 10 11 14 15 16 18 20 21 24 25 32 33 37 38 40 45 50 52 54 56 58 61 62 65 67 68 69 74 76 77 80 82 83 84 90 93 94 98 101 102 105 109 110 112 115 117 123 125 128 130 133 136 142 143 145 146 148 149 151 152 157 158 159 161 162 165 166
24 73 : 3 7 9 11 13 15 16 19 20 21 26 29 32 37 43 44 45 47 48 49 50 56 58 62 63 64 66 71 72 77 78 80 82 88 91 92 95 100 101 102 104 107 110 111 112 114 117 118 120 121 122 123 124 126 127 129 130 132 133 137 138 139 140 143 144 146 148 149 152 153 155 162 165
25 73 : 2 3 5 6 9 10 11 14 15 21 25 27 29 30 32 35 40 41 42 43 45 47 48 49 50 51 52 58 62 64 65 66 69 72 73 76 77 78 79 82 83 88 90 94 101 102 106 107 110 115 116 121 122 124 126 127 130 132 133 136 138 142 146 147 148 149 159 160 161 163 164 165 166
26 73 : 0 1 3 6 7 16 19 26 29 31 32 37 41 45 47 48 49 50 54 57 58 61 65 67 68 69 71 73 76 77 78 79 80 81 82 84 88 90 92 93 94 95 97 99 100 101 105 111 113 114 117 122 123 125 126 130 131 132 136 137 140 142 143 144 145 148 149 150 154 156 160 162 163
27 69 : 1 2 3 4 6 7 9 11 13 14 18 19 20 23 26 31 32 36 40 42 44 45 50 53 57 58 61 69 76 77 79 80 81 82 85 88 89 92 99 101 102 105 107 109 110 113 121 122 123 126 128 129 130 132 133 134 137 138 140 143 146 148 149 153 155 156 157 162 163
28 73 : 0 3 5 8 9 10 12 14 15 16 19 20 22 23 25 26 35 36 38 42 43 49 51 53 55 57 58 59 63 64 65 68 69 71 72 75 77 78 80 81 82 85 89 91 93 98 101 102 104 106 113 116 122 124 126 127 128 130 131 133 137 138 140 145 146 148 151 157 159 160 163 164 166
29 73 : 3 4 6 9 13 14 15 18 19 21 22 26 30 32 33 34 35 38 39 41 42 44 45 47 48 49 50 54 55 61 63 64 65 66 73 76 78 80 81 83 84 94 100 101 102 105 107 108 109 110 115 119 120 123 124 127 129 132 133 134 137 138 140 142 148 149 152 154 155 156 159 160 163
30 73 : 2 6 7 10 12 16 17 18 19 20 30 32 33 34 38 40 41 43 46 50 52 53 54 62 67 71 76 80 81 82 85 86 87 90 93 94 95 98 101 103 104 105 110 112 113 116 118 119 120 121 124 125 126 129 130 131 132 134 135 137 138 144 145 146 147 152 153 155 156 157 158 160 164
31 73 : 0 2 3 6 8 11 13 14 16 19 20 21 23 31 33 39 40 41 42 46 56 58 64 68 69 72 76 77 79 80 84 85 88 90 92 95 96 101 102 104 106 107 110 113 114 116 118 119 121 122 125 131 133 134 136 138 139 140 141 142 146 148 150 155 156 157 158 159 160 161 162 164 165
32 73 : 0 1 3 4 9 11 14 17 18 21 24 25 28 31 35 40 41 43 44 46 48 50 51 54 57 59 61 62 66 69 71 75 76 77 80 85 88 89 94 95 96 97 100 101 102 103 104 105 108 111 112 114 115 116 117 118 119 120 121 122 124 128 129 130 133 141 145 146 149 154 156 160 166
33 73 : 2 3 6 9 11 14 18 20 22 23 25 27 31 32 33 35 40 43 45 50 51 52 55 57 58 60 63 64 67 68 69 74 76 77 78 80 82 84 85 88 89 90 93 97 101 104 105 106 107 113 115 120 123 124 127 128 132 133 134 135 138 142 143 146 152 153 155 157 159 161 163 165 166
34 70 : 0 3 6 7 9 11 14 16 17 18 19 20 21 22 29 31 32 34 38 39 40 45 50 52 55 57 58 59 60 62 68 69 76 77 80 82 84 85 88 89 101 102 107 109 110 111 112 116 117 121 123 125 126 130 131 133 136 138 139 142 144 145 146 148 149 150 155 156 163 165
35 73 : 6 9 10 12 14 16 18 20 21 22 24 27 28 29 32 40 42 45 52 53 54 56 57 58 60 71 75 78 79 80 82 85 86 88 91 92 93 94 95 96 101 103 104 105 107 110 113 114 117 120 121 123 126 128 129 130 132 133 135 138 139 140 141 145 148 149 150 151 153 154 157 163 164
36 73 : 1 3 4 6 7 9 11 14 19 20 27 28 33 39 40 42 43 45 46 47 51 59 61 63 67 69 70 71 74 76 77 79 85 87 88 91 95 97 98 101 102 107 108 109 110 111 117 119 121 122 124 126 135 136 137 140 144 146 147 148 149 150 152 153 154 155 157 158 159 162 163 164 166
37 73 : 0 1 3 4 7 10 14 15 17 18 22 25 26 27 29 31 32 33 36 37 38 41 43 50 52 54 55 56 58 60 64 65 68 69 78 82 84 85 86 88 89 100 104 105 107 109 110 111 112 122 126 127 128 129 132 134 135 137 140 141 143 145 146 147 148 149 153 154 155 156 158 159 163
38 68 : 0 3 4 6 7 9 11 13 14 19 20 28 32 36 40 45 50 52 53 55 56 57 58 59 64 65 69 75 76 77 80 82 85 87 88 90 96 101 102 103 107 109 110 111 113 115 118 119 121 123 126 130 132 134 137 138 140 142 145 146 148 149 151 155 157 159 162 163
39 73 : 2 3 6 7 10 11 12 15 16 18 21 22 23 25 29 32 35 40 42 46 48 50 52 55 57 58 59 60 66 72 75 77 78 86 88 89 92 93 94 96 101 102 103 104 105 107 108 109 110 112 114 116 117 120 123 125 126 128 129 130 131 133 134 136 137 139 140 144 146 148 156 157 165
40 73 : 0 3 5 6 7 9 12 14 16 18 20 22 23 26 32 33 35 36 37 42 44 46 49 50 51 54 62 65 66 69 70 71 72 75 79 80 82 84 85 87 91 93 95 97 99 101 105 107 109 110 114 115 116 118 119 121 123 128 132 138 140 141 146 148 149 150 151 153 154 157 159 161 164
41 73 : 0 1 3 5 6 7 10 11 12 13 19 23 25 26 27 30 31 33 35 38 42 45 46 48 52 55 57 58 59 63 65 66 68 69 70 71 72 75 76 78 82 85 86 88 91 93 98 99 101 102 105 106 107 110 111 114 119 123 126 127 129 130 132 133 138 142 143 145 147 148 151 160 162
42 73 : 2 3 5 7 8 9 11 12 13 14 17 19 20 23 30 32 33 34 35 36 38 39 40 46 49 57 59 61 63 65 72 74 75 76 77 80 83 84 85 87 88 90 91 97 98 105 107 108 109 111 114 117 118 120 121 125 126 131 136 137 139 140 141 142 146 149 153 155 157 159 163 164 165
43 73 : 1 2 3 4 6 7 8 11 18 19 23 24 25 27 29 31 32 34 35 37 38 40 42 47 50 51 53 56 57 58 63 65 76 77 78 80 82 83 85 86 87 88 95 97 100 103 105 110 111 118 121 122 123 126 128 131 132 137 138 139 140 142 145 146 147 149 151 153 154 155 160 165 166
44 73 : 2 4 6 9 10 11 12 13 17 18 19 20 22 25 29 32 35 43 45 46 47 48 49 50 51 52 53 57 58 62 68 72 73 74 77 78 80 81 82 84 85 88 89 92 93 97 101 104 106 107 109 112 114 117 119 120 121 122 126 128 129 132 135 136 139 144 145 148 149 152 153 155 164
45 73 : 3 5 7 8 14 15 16 19 22 23 24 25 28 31 35 36 37 40 43 46 47 48 50 51 52 54 60 66 67 69 75 77 80 81 82 85 88 89 90 91 92 93 95 96 97 101 104 107 108 110 113 116 118 123 126 127 130 132 134 135 136 138 141 144 146 148 149 150 152 155 158 163 166
46 73 : 3 6 7 10 11 12 19 22 23 26 31 32 35 36 37 40 41 42 43 45 46 48 49 50 51 53 54 55 61 62 64 67 69 71 72 74 76 77 78 80 81 82 83 87 89 91 94 95 99 100 101 104 105 109 110 116 119 120 126 127 129 132 139 144 145 146 147 151 155 158 161 163 166
47 66 : 3 6 7 8 9 11 14 19 20 22 23 24 26 32 35 36 38 40 43 44 45 50 55 57 58 62 65 66 67 69 76 80 82 85 88 89 90 95 101 102 103 104 107 109 110 111 113 116 121 122 123 126 130 134 138 145 146 148 149 152 153 155 157 162 163 164
48 69 : 1 3 6 7 9 11 12 13 14 19 20 27 29 32 37 38 40 42 44 45 46 49 50 52 54 56 57 58 62 69 70 73 76 77 80 82 85 86 88 94 98 101 102 103 106 107 109 110 112 121 122 123 125 126 129 130 133 136 138 139 141 145 146 148 149 152 155 163 164
49 72 : 0 2 7 11 14 15 16 18 19 20 21 23 25 27 28 29 30 31 32 34 35 36 41 42 45 50 51 56 57 58 61 62 65 69 70 75 76 77 79 81 86 89 92 93 100 101 105 106 114 115 117 118 120 121 122 123 126 129 130 131 133 135 137 138 141 151 154 156 159 160 161 163
50 73 : 3 5 6 7 9 12 13 14 19 20 26 31 34 35 36 38 39 40 42 44 45 47 49 50 52 53 54 55 56 57 58 65 68 69 70 76 77 83 85 89 91 97 100 103 106 109 114 115 117 119 121 124 126 127 130 132 134 137 138 140 141 142 143 146 149 151 152 153 156 157 158 161 163
51 73 : 1 2 5 6 7 8 11 14 15 17 18 21 22 23 24 25 27 29 31 32 33 38 43 45 46 49 50 51 58 59 61 62 64 65 69 73 74 75 76 77 84 85 86 89 90 93 101 102 106 107 108 110 111 115 123 125 126 127 130 134 135 138 139 141 148 149 150 152 154 155 158 161 163
52 69 : 3 5 6 7 9 11 14 19 20 24 25 26 27 30 32 38 40 45 47 49 50 57 58 62 63 66 68 69 70 74 76 77 80 82 84 85 88 92 97 101 102 107 109 110 112 113 114 121 123 124 125 126 130 131 132 135 138 145 146 147 148 149 150 152 154 155 161 163 165
53 68 : 3 5 6 7 9 11 12 13 14 19 20 21 24 26 29 32 40 43 45 47 50 53 54 56 57 58 65 69 70 71 73 76 77 80 82 85 86 88 89 92 101 102 104 107 109 110 114 120 121 123 124 126 127 128 130 135 136 138 141 143 145 146 147 148 149 155 163 166
54 73 : 0 5 6 7 9 10 13 14 17 19 20 21 23 30 31 34 35 37 38 39 41 44 45 46 47 48 49 50 51 54 61 63 67 71 75 77 79 80 81 82 83 84 85 93 94 97 102 105 107 109 114 115 117 121 123 124 126 127 130 133 138 142 145 146 148 150 155 156 157 160 162 163 166
55 73 : 2 3 6 7 8 11 13 20 22 26 32 33 35 40 41 43 47 49 50 53 56 57 58 59 61 64 67 69 71 74 75 76 81 86 87 89 90 92 96 97 99 100 102 104 107 109 110 111 112 113 114 116 127 130 133 135 138 140 142 144 147 148 149 153 155 156 158 159 160 161 163 164 166
56 73 : 0 4 5 6 7 9 12 14 15 17 18 19 24 27 28 31 32 35 39 42 46 50 52 53 56 58 63 64 65 66 68 69 74 75 76 77 82 85 87 89 91 95 96 97 99 100 101 102 105 107 110 113 117 121 123 125 126 128 129 130 132 135 136 140 143 145 146 148 149 153 155 157 159
57 73 : 2 3 4 5 7 8 9 10 11 12 14 15 19 20 23 25 32 33 34 36 40 44 45 49 51 53 56 57 58 62 63 69 70 71 72 73 78 80 82 84 85 86 87 89 94 97 99 101 102 104 107 109 114 115 118 119 121 126 128 129 135 138 139 143 148 149 150 152 155 159 161 163 164
58 73 : 0 1 4 6 7 10 12 14 22 23 27 29 31 33 35 36 39 40 43 46 51 52 53 55 56 57 61 63 64 68 76 77 78 80 82 83 90 94 96 97 98 101 102 104 105 106 107 108 112 113 116 118 121 122 126 127 128 130 135 137 138 144 145 147 148 149 154 155 156 157 158 160 163
59 73 : 0 1 4 5 6 7 8 9 10 13 15 19 22 25 29 35 37 38 40 43 44 45 50 51 52 58 63 71 73 74 76 77 80 83 87 89 95 100 101 102 103 105 107 110 115 117 118 120 121 122 123 125 126 127 130 131 133 134 136 137 138 143 147 148 149 154 155 156 157 158 160 161 165
60 72 : 3 4 7 9 11 16 19 23 27 32 33 36 40 42 44 45 46 48 53 58 59 63 69 72 74 75 76 77 78 79 80 81 84 85 88 91 96 97 100 101 102 103 106 110 111 115 116 118 121 123 124 126 127 130 141 143 145 146 147 148 149 150 151 152 155 156 157 158 159 161 163 165
61 73 : 2 3 4 5 6 11 12 13 14 16 17 19 20 27 28 30 32 33 34 40 41 43 44 45 49 52 56 57 60 62 63 64 65 67 70 72 75 76 77 79 80 82 85 86 87 88 93 95 97 100 102 103 106 111 116 123 126 129 130 133 137 138 141 142 143 146 148 153 155 158 160 161 162
62 73 : 0 4 5 6 8 11 12 14 17 24 31 32 33 34 35 39 40 41 44 45 48 49 52 55 57 58 59 64 66 67 68 69 77 78 82 83 84 85 87 89 93 95 96 97 100 101 102 103 107 109 116 118 121 122 123 126 128 129 132 135 137 139 146 148 149 151 152 154 156 157 160 161 163
63 73 : 0 1 3 7 12 14 15 16 18 20 21 25 31 32 33 36 38 39 40 41 43 45 47 48 49 50 51 54 55 56 58 59 71 73 76 77 79 81 82 83 85 87 88 89 91 97 102 103 104 105 107 109 110 112 114 118 119 120 123 126 130 132 133 135 137 143 146 149 151 153 154 155 166
64 73 : 0 1 2 9 10 11 17 18 20 21 22 25 29 30 31 32 36 37 38 40 42 44 45 49 50 57 61 62 63 67 71 73 76 77 80 82 84 86 88 91 95 98 101 102 105 106 109 110 119 121 126 127 128 129 130 133 134 136 138 139 140 141 147 148 149 150 154 161 162 163 164 165 166
65 73 : 1 3 4 5 6 7 8 9 10 14 15 18 20 22 23 26 27 32 38 39 41 42 43 44 45 48 49 53 55 57 60 63 66 67 68 70 75 78 81 82 84 90 96 97 99 101 102 105 106 108 113 118 119 120 121 122 123 130 134 139 140 142 144 145 146 148 149 151 152 157 159 164 166
66 73 : 3 6 7 8 10 12 14 15 17 19 20 24 26 27 32 36 37 40 41 43 45 46 48 51 58 59 65 67 68 75 76 77 79 80 82 84 87 89 91 96 101 102 107 108 110 111 113 115 116 117 118 119 121 122 123 125 126 128 130 131 132 135 136 137 138 141 145 146 152 153 154 156 165
67 73 : 1 4 6 7 8 9 12 15 18 19 22 24 26 27 28 29 32 37 43 45 50 51 52 53 61 63 64 66 67 70 71 74 75 76 81 82 83 85 87 88 89 90 92 98 101 102 103 105 107 109 116 121 124 125 130 138 140 141 142 143 145 147 149 150 151 152 153 154 155 158 163 164 165
68 73 : 0 2 3 5 8 9 10 12 13 14 20 21 22 24 29 30 32 34 38 39 41 42 45 46 50 53 55 61 66 67 68 69 71 74 75 77 78 79 80 84 89 90 91 92 93 94 97 99 100 101 102 104 105 109 112 119 120 123 125 126 127 130 132 134 138 143 145 148 149 151 154 163 166
69 73 : 0 3 8 9 15 17 19 20 21 25 28 31 35 39 40 42 46 49 50 53 54 56 58 60 61 63 68 73 75 76 77 78 80 82 83 85 86 88 89 94 96 100 101 102 103 104 107 108 113 115 116 122 123 130 131 134 137 138 139 140 141 142 143 144 147 148 151 153 155 158 160 163 166
70 68 : 1 3 6 7 8 11 12 13 14 15 19 20 30 32 39 40 45 46 50 55 57 58 60 69 75 76 77 79 80 81 82 84 85 88 92 96 99 101 102 106 107 108 109 110 111 112 117 121 123 126 128 130 131 137 138 142 144 145 146 148 149 152 154 155 158 159 162 163
71 73 : 0 3 5 6 7 8 9 11 14 19 21 25 27 28 29 30 31 32 33 36 40 41 42 45 47 50 52 56 57 58 60 62 63 66 67 76 77 79 80 81 86 91 99 100 101 102 105 107 108 109 110 115 117 121 122 123 126 128 129 131 135 136 145 148 149 150 151 153 155 159 164 165 166
72 73 : 2 4 6 7 9 13 14 16 17 19 20 22 23 29 33 37 39 40 41 42 43 46 50 51 52 53 56 58 63 64 68 70 75 76 79 80 82 83 85 88 89 93 96 98 99 100 102 103 105 110 112 113 117 120 121 122 123 126 127 128 129 131 133 137 138 144 145 146 149 151 155 163 165
73 73 : 1 3 7 9 10 11 13 18 27 28 30 32 36 37 38 39 44 45 49 56 58 59 60 63 64 67 72 73 74 75 77 79 80 81 84 85 88 90 94 96 101 102 106 107 111 115 116 117 118 120 122 123 128 130 131 132 133 134 136 140 141 144 145 146 150 151 154 158 159 160 161 163 164
74 73 : 0 1 3 4 11 13 14 15 17 18 20 22 25 27 28 32 33 34 35 37 39 40 41 44 45 46 50 54 55 57 58 63 67 72 80 81 83 84 86 87 88 90 92 93 95 98 100 102 104 105 106 107 108 110 113 118 119 122 123 126 127 130 136 139 143 144 145 150 153 156 158 163 165
75 73 : 0 4 7 8 10 11 13 14 17 18 19 20 21 26 28 29 33 34 36 39 40 43 44 45 48 50 51 52 56 60 61 65 70 71 73 76 80 82 83 85 89 94 95 98 101 102 104 105 106 108 109 110 111 113 114 117 118 121 122 123 125 130 131 136 137 143 146 148 149 156 159 163 166
76 66 : 2 3 6 7 8 9 11 14 16 19 20 24 26 32 34 38 45 50 54 57 58 59 60 61 62 63 67 69 72 75 76 77 80 82 85 87 88 89 91 94 97 101 102 107 110 118 121 123 126 129 130 131 138 140 142 144 145 146 148 149 155 156 157 158 159 163
77 67 : 0 3 4 6 7 8 9 10 11 12 13 14 19 25 26 28 32 35 40 45 46 50 52 54 57 58 61 67 69 76 77 80 82 85 88 89 92 96 99 101 102 107 109 110 121 123 124 125 127 128 130 136 138 139 142 145 146 148 149 150 151 155 160 161 162 163 165
78 68 : 3 5 7 9 10 11 12 13 14 16 17 19 20 23 25 27 32 40 42 45 46 49 50 57 58 60 62 63 67 69 70 76 77 80 82 85 88 92 95 101 102 104 107 108 109 110 114 116 121 123 126 130 133 135 136 137 138 140 145 146 148 149 153 155 157 160 162 163
79 73 : 0 1 6 8 9 11 16 18 22 27 28 30 31 32 39 40 41 45 47 53 55 57 58 59 60 63 64 67 68 69 71 77 78 79 80 82 84 88 89 91 92 95 97 100 102 105 107 109 110 112 115 121 123 125 126 127 129 131 133 136 141 142 145 146 148 150 156 161 162 163 164 165 166
80 73 : 1 7 9 10 11 14 15 16 17 21 23 25 26 29 31 32 35 40 41 45 50 51 54 57 62 64 65 66 70 76 80 81 82 83 85 86 88 95 96 97 98 101 104 105 107 109 111 113 118 119 123 126 128 130 132 135 136 137 139 143 144 145 146 148 149 152 154 155 156 160 161 162 164
81 73 : 0 1 2 3 7 11 13 17 19 20 22 23 24 29 30 33 36 37 39 42 45 49 50 57 62 67 69 70 74 75 83 84 87 88 91 92 93 94 95 99 102 106 107 108 109 112 113 119 120 121 125 126 127 130 136 137 139 141 142 145 146 147 150 152 153 154 155 156 158 159 160 162 163
82 73 : 0 3 5 6 7 11 14 19 20 21 22 26 29 30 31 37 38 40 42 44 45 47 48 50 52 53 54 55 56 57 58 59 62 63 64 66 68 69 70 72 74 75 77 82 84 87 91 92 98 100 101 102 107 114 115 118 120 121 122 123 126 127 129 134 135 136 142 145 151 154 155 160 164
83 73 : 0 1 4 5 6 7 9 10 11 12 14 15 16 17 18 19 20 24 25 27 28 30 31 33 39 40 42 43 45 46 50 55 56 59 60 64 65 66 69 70 74 75 76 79 82 86 91 93 96 99 100 103 105 106 108 112 115 119 120 126 127 128 132 133 146 148 152 155 156 157 158 159 161
84 73 : 2 4 9 10 15 18 20 22 23 25 27 30 32 33 35 39 40 42 43 44 48 49 50 53 56 58 59 62 64 66 68 73 76 79 80 83 89 90 91 96 97 99 100 103 105 110 113 114 115 116 117 118 121 122 123 124 126 127 130 131 133 135 136 137 138 140 142 148 149 155 156 158 166
85 73 : 0 4 5 6 7 8 9 11 14 15 19 20 21 23 27 28 29 32 38 41 42 43 44 47 50 51 52 53 56 58 61 64 66 68 69 76 82 83 84 85 87 88 89 97 98 103 105 108 110 113 116 117 120 122 127 130 131 133 135 136 138 142 145 148 149 150 153 155 158 159 161 162 163
86 73 : 0 1 3 5 6 7 9 10 14 17 18 19 25 27 29 31 33 34 35 38 43 45 46 50 52 53 54 58 60 63 64 66 67 69 72 78 79 81 82 86 88 93 95 96 99 101 104 106 107 108 110 114 116 117 118 121 123 125 128 133 136 137 138 145 146 148 152 155 156 158 159 160 163
87 73 : 1 3 5 6 14 16 17 19 20 23 24 25 26 27 28 31 32 36 39 40 44 47 48 49 50 55 57 58 60 61 65 66 69 71 72 76 77 79 82 84 85 86 88 90 92 93 101 103 104 105 110 117 118 121 127 128 131 132 134 141 144 145 146 147 148 149 151 154 155 156 157 161 165
88 73 : 1 3 8 11 13 17 19 23 24 27 29 31 32 33 35 36 37 41 43 44 45 46 48 50 51 54 55 58 60 63 65 68 70 71 72 76 77 78 79 80 84 85 88 90 94 95 99 102 104 105 109 114 121 126 128 129 130 131 134 135 138 140 142 143 147 148 149 154 156 158 160 163 165
89 73 : 1 2 3 6 7 10 12 13 14 17 19 20 22 23 25 26 27 31 32 34 36 41 42 44 46 49 51 55 57 58 60 65 66 70 73 77 85 87 88 94 95 98 100 101 103 104 109 110 112 115 119 120 121 125 126 127 128 130 132 134 136 143 145 146 147 148 149 156 159 160 161 162 163
90 73 : 3 6 7 10 12 13 14 15 18 19 20 21 24 26 27 30 31 41 45 47 49 50 52 53 55 56 58 62 63 65 68 69 72 73 75 76 78 82 83 85 86 88 95 96 97 98 99 100 101 102 106 107 109 110 114 115 117 120 123 126 131 132 141 142 143 146 148 150 154 155 159 165 166
91 71 : 0 1 2 3 5 6 7 9 11 14 15 19 20 24 27 28 31 32 33 34 37 40 43 44 45 48 50 57 58 61 69 71 72 75 76 77 78 80 82 85 88 98 99 101 102 105 107 109 110 121 122 123 125 126 130 132 137 138 140 144 145 146 148 149 152 153 155 157 158 163 165
92 73 : 0 1 3 10 13 19 20 21 22 26 28 30 35 41 42 43 46 48 49 51 53 57 58 60 62 63 65 66 67 69 70 71 75 76 82 83 86 90 91 92 93 98 100 102 104 107 109 112 114 115 116 119 121 125 126 127 128 130 131 133 134 135 139 142 144 145 147 149 153 155 158 160 163
93 69 : 0 1 3 6 7 9 11 14 16 20 23 30 32 35 40 44 45 46 50 52 53 57 58 59 61 69 70 71 76 77 79 80 82 83 84 85 88 89 90 92 96 101 102 103 105 107 109 110 111 113 121 123 124 125 126 130 137 138 140 145 146 148 149 150 152 155 156 159 163
94 73 : 3 4 6 9 10 11 14 16 17 19 21 22 25 28 29 33 36 39 41 43 45 47 50 51 53 54 55 57 58 59 61 63 64 65 68 72 73 75 76 77 80 81 85 92 93 94 96 97 98 99 100 101 106 107 114 115 119 121 126 127 129 130 132 143 146 148 149 152 155 157 163 164 165
95 73 : 0 7 8 9 11 14 16 17 19 20 21 25 26 32 33 34 36 37 39 43 45 47 57 58 61 64 67 68 70 72 73 74 76 77 78 80 81 82 84 88 90 92 93 95 97 98 102 104 110 111 113 116 119 121 123 125 126 128 131 137 138 139 140 145 146 152 153 155 157 158 159 161 163
96 73 : 3 6 11 12 13 14 18 19 20 21 25 30 31 32 34 35 37 38 43 45 47 49 52 54 55 56 57 58 62 63 67 68 69 74 76 77 80 83 84 87 92 94 95 97 98 100 102 106 107 109 110 112 113 117 118 121 123 130 131 138 140 141 143 144 146 149 150 151 155 159 160 161 165
97 73 : 3 5 6 7 8 9 10 11 14 19 24 27 32 34 36 38 40 41 42 43 45 52 53 54 59 64 65 66 69 71 73 75 76 77 80 82 85 86 88 90 91 93 98 99 101 104 106 108 110 111 113 118 121 123 126 129 130 136 138 139 141 143 144 146 148 149 151 152 156 160 161 163 164
98 73 : 0 2 3 6 8 11 16 20 22 28 30 32 33 35 36 38 39 40 42 44 45 50 51 54 55 57 58 60 61 69 70 75 77 80 85 86 88 89 90 91 94 97 104 109 112 113 119 120 121 122 123 124 125 126 127 128 130 132 135 138 139 141 145 148 149 153 154 155 159 160 162 164 166
99 73 : 1 2 3 6 7 9 11 12 16 18 22 24 27 28 31 33 34 37 39 43 45 47 48 51 53 55 57 58 60 61 63 69 70 71 72 73 76 77 79 83 85 86 91 93 94 101 102 104 108 109 110 111 115 116 117 121 123 125 126 129 130 131 133 137 141 143 146 153 157 160 162 163 166
100 73 : 0 3 6 9 18 19 24 28 29 31 34 35 36 37 39 41 43 46 47 50 55 56 57 58 59 60 62 71 72 74 76 77 78 80 82 83 85 86 87 88 89 91 100 101 102 107 109 112 114 116 117 118 120 121 122 124 125 126 127 128 129 141 143 145 147 148 149 150 151 155 159 161 163
101 73 : 3 4 5 7 9 11 13 15 17 19 22 23 24 26 27 29 31 32 35 38 39 40 45 50 51 54 57 58 59 63 64 66 70 71 74 76 80 82 84 85 87 88 92 96 97 99 100 101 102 106 107 108 113 116 117 121 123 124 125 128 130 131 132 136 138 141 150 152 156 157 158 159 160
102 73 : 0 2 3 5 8 9 11 14 16 18 19 20 22 23 25 26 29 33 35 37 38 44 45 47 48 50 51 53 56 57 58 60 64 66 67 73 76 77 82 83 85 90 92 94 95 97 99 100 101 103 104 105 106 109 119 121 123 125 126 130 132 137 138 141 142 144 148 149 154 155 157 161 166
103 73 : 0 1 6 13 14 15 16 18 20 22 32 34 37 38 45 51 55 57 58 59 60 62 63 64 65 68 69 72 75 77 78 79 80 81 82 83 84 85 93 94 102 103 104 107 108 109 110 112 113 114 116 117 120 121 123 126 127 129 131 136 138 139 142 144 145 146 148 154 155 156 164 165 166
104 73 : 1 2 5 7 9 13 14 20 21 22 24 25 27 30 34 37 40 42 44 45 47 50 53 64 65 69 71 72 73 74 76 77 80 81 82 83 85 86 87 88 90 91 94 101 102 104 107 108 109 111 114 117 122 123 125 126 131 133 135 138 139 140 141 143 144 148 149 150 153 154 158 162 166
105 73 : 4 6 7 9 12 14 15 18 19 20 26 30 34 36 37 40 44 45 47 49 50 58 59 60 61 63 65 67 69 72 74 76 77 79 80 82 83 88 92 93 96 100 102 106 107 110 111 113 114 116 118 119 121 123 126 132 134 135 136 138 140 141 145 148 149 150 154 158 161 162 164 165 166
106 73 : 1 2 5 6 8 9 10 11 13 15 20 24 26 27 31 32 33 37 39 40 44 45 47 52 53 57 58 61 65 66 67 68 69 72 76 77 79 80 81 82 84 86 88 90 95 99 102 109 110 111 120 121 122 123 124 126 127 128 129 131 137 138 139 141 145 150 152 153 154 155 156 157 163
107 73 : 0 6 7 9 11 15 18 19 23 26 27 28 29 32 33 35 36 44 45 50 51 54 58 59 60 62 63 65 71 76 77 84 86 87 88 90 94 96 97 99 101 102 104 106 107 108 109 110 111 116 117 118 121 127 129 134 142 143 145 146 147 148 149 151 153 154 155 156 160 162 163 164 166
108 72 : 2 4 5 7 9 11 14 20 24 25 28 29 30 32 37 38 40 42 45 50 51 53 58 60 65 68 69 71 72 73 79 81 82 84 85 88 92 93 97 98 99 100 101 104 105 106 107 111 114 118 122 126 127 128 129 135 136 138 144 145 146 147 151 152 154 155 157 158 161 162 163 166
109 73 : 1 4 5 6 8 9 10 14 15 17 18 20 23 26 28 33 37 40 41 44 45 50 54 58 59 60 61 66 67 69 70 73 80 82 85 86 87 92 94 99 100 101 104 106 107 109 110 113 114 118 120 122 124 125 128 130 138 140 143 144 145 146 147 148 150 151 157 158 159 160 161 162 163
110 67 : 3 6 7 8 9 10 11 13 14 16 19 20 21 25 32 37 38 40 42 44 45 46 50 53 54 57 58 69 74 76 77 80 82 85 88 90 96 101 102 104 107 109 110 111 112 114 119 121 123 124 125 126 130 138 141 145 146 147 148 149 152 155 156 158 159 161 163
111 73 : 2 3 5 6 7 8 11 14 15 19 21 23 25 26 27 32 34 35 36 41 43 46 49 52 53 54 58 60 61 62 67 69 70 72 76 77 78 82 87 88 93 94 95 98 100 101 102 103 104 116 118 121 122 123 124 126 130 135 143 144 146 147 149 150 151 154 156 157 159 162 163 164 166
112 73 : 1 6 7 11 16 19 20 21 22 26 32 33 36 37 38 39 40 43 44 45 48 49 51 54 56 57 60 62 65 66 73 75 76 77 82 85 86 89 97 99 100 107 108 109 110 111 112 113 114 120 121 126 129 130 132 134 137 140 141 142 144 145 146 148 152 154 155 158 160 162 163 164 165
113 73 : 2 3 4 6 7 10 14 15 16 17 20 21 25 26 29 30 31 35 37 38 41 45 50 52 54 55 57 58 59 60 62 64 68 69 71 72 74 76 79 80 87 95 97 100 101 102 103 105 107 109 110 114 116 120 124 126 128 130 133 140 143 144 145 146 148 149 151 152 153 154 160 164 165
114 66 : 1 2 3 5 6 7 9 11 12 14 19 20 23 26 28 31 32 35 40 45 50 53 57 58 59 60 65 67 69 70 76 77 80 81 82 85 87 88 92 94 97 99 100 101 102 103 107 108 109 110 112 114 115 121 123 126 130 138 143 145 146 148 149 155 158 163
115 73 : 0 3 5 6 7 8 11 14 16 19 21 22 27 29 30 34 37 39 40 41 44 45 46 50 55 56 57 61 66 67 68 69 70 72 80 82 85 87 88 90 91 95 99 100 105 107 109 110 112 113 117 120 121 123 126 129 130 131 132 134 135 137 138 140 146 147 148 149 155 157 158 162 166
116 73 : 2 11 13 14 20 34 38 43 45 47 50 51 54 55 57 58 59 63 64 67 68 72 75 76 77 78 80 82 83 84 85 86 87 88 91 93 94 99 101 102 104 106 107 109 110 114 116 117 120 121 123 124 128 133 134 136 137 138 139 140 141 142 144 147 149 151 152 153 156 158 160 162 163
117 73 : 0 2 3 7 8 9 10 14 15 19 20 21 24 31 32 36 37 41 45 47 49 52 55 56 57 58 62 65 66 69 70 72 76 77 79 80 82 84 87 90 92 94 97 98 99 100 103 105 108 109 110 115 117 122 123 124 125 126 127 134 135 141 143 144 145 148 149 155 158 159 160 163 164
118 67 : 3 4 6 7 9 10 11 13 14 15 16 19 20 22 32 34 39 40 45 50 52 57 58 63 65 69 73 76 80 84 85 88 92 100 101 102 103 107 108 109 110 111 114 115 121 123 126 129 130 135 138 140 141 142 145 146 147 148 149 151 152 153 155 156 161 163 164
119 73 : 1 3 7 9 11 13 14 15 16 17 20 23 24 25 29 31 32 34 40 41 42 44 46 47 48 54 57 59 62 68 69 70 71 73 76 77 80 82 84 85 87 90 92 94 97 102 107 110 119 120 123 124 125 126 128 129 130 131 135 136 138 139 142 145 146 147 148 149 153 159 161 163 164
120 69 : 3 4 5 6 7 9 11 14 15 19 20 25 26 27 28 32 37 39 40 43 44 45 49 50 56 57 58 68 69 72 76 77 80 82 87 88 89 94 101 102 103 107 108 109 110 112 113 114 115 121 123 125 126 130 131 134 138 139 142 145 146 147 148 149 150 155 159 163 164
121 65 : 2 3 4 5 6 7 9 14 18 19 20 22 24 30 32 33 40 42 45 48 50 54 57 58 64 68 69 71 72 76 77 80 82 85 86 88 91 100 101 102 103 107 108 109 110 112 116 121 122 123 126 130 136 138 139 140 142 143 145 146 149 151 155 162 163
122 73 : 5 6 9 11 12 14 15 17 18 26 28 32 33 34 36 38 40 45 46 48 54 55 56 57 58 60 61 64 66 70 71 72 73 75 76 77 80 81 82 85 88 89 91 93 98 102 103 106 108 109 110 113 115 116 120 121 123 126 127 132 133 138 139 142 148 150 152 155 158 159 160 161 165
123 72 : 1 4 8 9 14 16 17 19 20 23 32 36 39 41 43 44 45 46 47 52 57 58 64 65 67 68 69 72 75 76 77 79 82 85 86 90 93 94 96 97 99 101 102 103 105 106 107 108 113 114 117 119 121 124 127 130 132 136 141 144 146 148 149 150 151 153 154 155 158 162 163 165
124 73 : 0 3 4 6 8 9 11 12 14 15 16 19 20 21 23 24 30 32 37 38 40 41 45 47 54 55 56 62 67 69 75 76 78 80 81 82 83 85 88 89 92 93 95 96 98 99 101 102 103 107 109 110 111 123 125 129 130 131 132 137 144 146 148 151 153 154 155 157 159 160 161 162 166
125 72 : 0 1 3 6 7 8 10 11 13 14 15 19 20 23 24 29 30 31 35 37 40 41 43 45 47 48 51 57 58 59 65 69 72 74 76 77 80 82 85 90 92 94 97 98 101 106 110 113 115 116 119 121 123 124 126 130 136 138 141 144 145 146 150 151 153 155 156 158 161 164 165 166
126 73 : 4 7 8 9 12 17 19 20 25 27 29 32 34 37 38 39 44 46 47 48 51 52 53 55 59 62 65 67 73 74 77 78 80 82 85 86 88 90 93 94 96 101 102 106 110 111 113 115 118 121 123 124 125 126 131 132 136 138 143 144 145 146 148 149 151 152 155 156 158 159 162 165 166
127 71 : 2 3 4 6 7 9 11 12 14 18 19 20 25 28 32 37 38 40 45 46 50 52 57 58 59 62 63 68 69 71 76 77 80 81 82 85 88 89 95 96 97 101 102 103 107 109 110 111 114 118 121 122 123 126 130 132 138 140 141 145 146 148 149 152 153 155 161 163 164 165 166
128 73 : 2 3 5 6 7 9 14 16 18 20 21 23 25 26 27 30 36 40 41 45 47 48 51 55 57 58 60 66 68 69 70 71 74 76 77 80 84 88 89 90 91 92 94 96 98 99 102 104 107 108 109 111 112 118 119 121 123 124 126 130 132 136 137 138 139 141 143 146 148 149 151 154 166
129 72 : 1 3 5 7 9 12 15 20 23 27 28 31 32 38 40 42 44 45 48 53 55 57 59 62 66 67 69 72 76 77 78 80 81 82 84 85 88 91 93 95 96 101 102 103 104 105 106 107 109 121 122 123 124 125 126 130 131 134 136 137 140 142 145 147 149 152 153 155 162 164 165 166
130 73 : 6 7 9 13 15 17 18 19 21 25 28 29 33 34 36 37 39 40 42 44 45 47 49 52 53 56 58 61 62 66 67 70 73 77 78 80 81 82 83 85 86 92 93 96 99 101 102 103 107 110 111 113 115 118 121 125 127 133 137 138 144 145 146 147 149 150 152 153 156 157 160 163 165
131 73 : 0 2 4 6 7 8 11 12 14 17 18 19 20 21 23 26 29 32 34 35 36 38 39 40 46 51 53 56 57 61 63 66 69 73 74 75 77 78 79 80 81 85 90 91 92 93 95 98 99 100 101 102 106 115 121 123 125 126 130 131 133 135 145 146 149 150 152 154 155 158 159 161 162
132 72 : 0 3 4 5 6 7 11 13 16 17 19 20 21 22 27 28 30 33 34 36 40 41 45 51 56 57 58 62 65 67 72 73 75 80 81 85 88 90 91 92 97 99 101 102 104 107 109 110 114 115 116 120 121 122 123 125 126 128 130 135 136 140 143 145 146 147 149 150 153 154 155 163
133 72 : 1 2 3 5 6 7 9 11 20 24 29 30 32 34 36 37 38 40 47 48 50 51 52 53 56 57 58 60 61 66 73 74 75 76 77 79 82 85 88 92 93 94 95 99 101 105 107 109 110 117 119 120 122 123 125 128 129 130 134 135 136 138 141 145 146 149 150 157 158 159 163 166
134 72 : 3 4 7 10 11 14 15 16 20 21 24 31 32 33 37 38 40 41 42 48 50 54 55 56 57 58 59 62 64 66 68 69 71 72 73 75 76 77 80 83 85 86 90 92 93 94 95 98 101 103 106 107 109 110 113 119 120 122 124 130 134 138 140 143 145 146 148 156 162 163 165 166
135 67 : 1 3 4 6 7 10 11 12 14 19 20 24 32 35 36 39 40 43 45 48 49 50 57 58 61 63 64 65 69 73 76 77 79 80 82 85 88 91 92 96 101 102 103 106 109 110 112 117 120 121 123 124 126 130 133 135 138 139 143 145 146 148 149 154 155 161 163
136 72 : 1 3 5 6 7 14 15 19 20 22 25 28 32 34 36 38 43 44 45 50 51 52 53 57 58 59 60 62 63 67 74 75 78 80 83 84 85 87 88 97 98 100 103 105 109 110 113 114 116 119 121 122 123 124 129 133 134 137 138 141 143 150 151 152 155 158 159 162 163 164 165 166
137 72 : 2 3 6 8 9 11 14 17 20 22 25 26 27 30 33 34 36 37 39 40 47 48 50 54 56 61 62 65 66 72 73 74 76 79 85 86 90 91 93 95 96 98 100 102 105 107 108 110 115 117 121 122 131 133 138 139 141 142 144 145 146 149 150 151 152 153 155 157 158 160 163 166
138 72 : 6 14 15 17 20 26 30 31 32 36 42 48 49 51 52 54 57 58 60 61 64 66 67 70 72 79 80 81 82 84 86 87 94 102 103 105 107 108 109 110 111 113 116 117 118 121 122 123 126 127 129 133 134 138 139 142 145 147 148 149 150 151 154 155 157 158 161 162 163 164 165 166
139 72 : 2 3 6 9 11 16 17 19 20 23 29 30 31 32 33 38 39 41 45 50 52 53 58 64 65 66 69 70 71 72 76 77 78 81 83 85 86 87 89 97 98 99 100 101 102 103 104 107 115 118 121 122 126 129 130 133 136 137 139 140 143 145 146 148 155 156 158 162 163 164 165 166
140 72 : 3 6 7 8 11 12 17 18 19 20 21 26 29 30 31 32 36 47 48 49 50 52 53 55 56 57 58 60 62 64 67 69 74 76 78 84 85 86 93 94 97 99 100 101 102 103 106 107 108 109 110 112 117 120 121 123 124 125 126 130 135 136 137 139 141 145 148 149 150 159 160 163
141 72 : 0 1 3 7 8 9 11 13 14 15 17 18 19 20 22 23 25 26 28 30 32 36 37 47 52 55 57 58 59 61 68 69 70 71 76 77 80 81 82 87 88 90 98 110 113 115 116 118 119 123 124 125 126 128 129 132 133 135 136 137 138 139 143 145 146 147 150 153 154 155 159 163
142 72 : 2 4 6 7 8 11 14 15 19 22 23 24 31 32 33 39 40 42 45 47 49 50 51 54 56 57 60 62 64 67 69 71 74 75 76 77 79 80 86 87 88 89 90 92 94 98 101 108 109 110 114 115 117 118 121 124 126 132 137 138 139 140 141 142 144 146 150 156 157 160 161 163
143 72 : 0 1 3 14 19 21 22 30 32 34 35 38 40 43 44 45 48 49 50 55 57 62 68 70 73 74 77 78 81 83 84 87 88 90 92 98 100 101 102 103 104 107 109 110 111 112 114 115 116 118 120 123 124 126 129 130 132 133 134 135 137 139 141 144 145 146 147 148 154 158 161 165
144 72 : 3 4 5 6 7 9 11 15 22 24 27 28 29 30 31 36 38 39 44 45 46 47 50 51 52 53 57 58 60 61 69 70 72 73 76 78 80 82 86 87 88 90 91 93 100 101 103 104 107 110 111 113 115 118 119 121 125 130 132 133 138 140 141 144 146 148 149 155 156 157 164 166
145 68 : 2 3 6 7 8 9 10 11 14 19 20 22 24 28 32 34 40 43 45 50 55 57 58 59 60 64 68 69 76 77 79 80 82 85 88 91 96 98 99 101 102 107 108 109 110 111 117 121 123 124 126 127 130 131 133 137 138 141 143 145 146 148 149 155 161 163 164 165
146 72 : 1 3 4 6 8 9 10 11 12 14 16 19 26 28 30 32 33 34 37 39 40 42 45 46 47 52 53 54 61 66 69 72 73 74 75 76 77 78 79 82 83 85 86 88 89 91 93 95 97 98 99 101 110 113 118 121 126 127 128 136 138 144 145 146 147 148 149 155 160 162 163 166
147 68 : 2 3 4 6 9 11 13 14 15 19 20 22 25 28 30 32 34 35 40 41 43 45 49 50 57 58 66 67 69 70 71 72 76 77 80 81 82 85 86 88 89 91 92 100 101 102 107 109 110 114 117 121 123 124 126 129 130 138 143 145 146 147 148 149 150 155 163 164
148 72 : 3 5 6 7 8 9 10 11 12 13 14 17 18 19 21 23 31 35 36 38 39 40 45 46 49 51 54 57 59 62 65 67 69 74 75 76 77 78 80 81 84 85 87 90 91 93 95 96 101 103 104 109 110 114 119 121 125 126 132 136 139 140 141 143 145 146 148 150 157 159 163 164
149 72 : 4 6 7 9 16 17 19 20 21 23 25 29 30 31 32 45 47 55 56 58 68 69 71 73 74 75 76 78 79 80 82 85 86 92 95 96 97 98 101 102 103 106 107 108 110 112 113 114 119 121 123 124 125 126 128 129 132 136 138 139 140 143 145 146 148 149 150 152 155 159 162 164
150 71 : 0 1 2 6 7 9 11 13 17 19 20 22 28 29 30 33 37 40 41 44 45 47 51 55 58 69 73 80 81 82 84 87 88 89 93 94 97 99 101 102 103 105 106 107 109 110 111 112 116 121 124 125 127 130 132 133 134 136 138 140 141 146 149 150 154 155 157 161 162 164 166
151 72 : 1 3 4 7 10 11 17 18 23 25 26 32 34 37 40 42 44 45 48 50 51 53 54 56 58 60 62 63 64 71 72 75 76 77 78 80 81 82 85 87 88 91 93 98 101 104 108 110 111 112 113 120 121 125 128 130 132 133 134 135 140 141 143 144 145 146 149 151 159 160 163 166
152 72 : 2 3 6 7 8 12 15 17 19 24 25 27 32 35 38 41 45 48 49 57 58 59 61 63 64 69 70 72 73 74 76 81 85 86 88 89 96 98 100 104 105 107 108 110 111 115 118 120 121 123 125 126 127 129 138 139 140 141 142 143 145 146 147 148 151 154 155 159 160 162 163 165
153 72 : 0 6 7 8 9 11 14 16 19 20 24 32 35 37 44 45 46 47 48 49 53 55 56 62 63 64 66 68 69 70 73 74 77 82 83 84 86 91 95 99 101 102 108 109 110 112 116 118 119 122 123 127 130 131 132 133 134 135 138 139 141 143 144 147 149 152 157 158 160 163 165 166
154 72 : 3 6 10 12 14 17 18 19 21 24 26 30 32 33 35 40 47 50 54 55 56 57 59 60 61 64 65 66 70 74 76 77 79 80 82 83 86 89 90 93 97 98 99 101 102 103 106 107 108 109 110 111 115 120 122 123 125 131 134 136 137 138 146 147 148 149 151 153 155 158 163 164
155 72 : 0 1 2 3 4 7 9 10 12 13 14 15 16 19 20 23 26 27 28 33 35 36 40 41 44 45 48 57 58 61 69 70 73 75 79 80 81 83 84 87 88 90 94 100 101 102 104 106 107 108 112 116 123 125 130 134 135 136 144 145 146 147 149 150 155 158 159 160 161 162 163 165
156 73 : 0 3 5 6 7 9 10 11 14 19 24 25 29 33 34 37 38 40 43 49 50 53 55 56 57 59 60 61 64 67 70 76 77 78 79 82 85 87 88 89 91 92 93 94 96 100 101 102 104 107 109 111 113 116 120 124 125 126 128 129 130 131 138 142 145 148 149 150 152 155 162 165 166
157 72 : 1 5 6 7 8 11 15 16 20 21 23 25 29 30 32 34 45 47 48 49 50 51 52 54 58 59 68 69 70 73 77 79 82 85 90 91 92 96 101 102 103 109 110 113 120 121 122 124 126 128 130 133 138 139 140 142 143 144 145 146 147 148 149 151 152 153 155 157 159 160 165 166
158 72 : 0 1 2 7 9 10 11 12 13 17 19 20 21 25 30 31 36 37 38 43 47 48 52 53 57 58 61 62 63 66 69 70 71 74 75 76 80 82 83 85 87 88 90 95 96 99 101 103 104 106 108 109 110 114 120 121 126 129 133 138 143 144 145 148 149 153 154 155 159 161 163 164
159 72 : 1 2 3 4 7 8 9 10 11 12 14 15 18 19 21 24 26 31 32 33 38 39 40 43 44 45 46 47 49 50 51 57 58 62 64 65 66 67 69 74 77 79 82 83 85 88 93 96 99 101 102 104 107 108 112 115 116 120 121 123 127 129 131 135 137 139 140 145 146 149 163 165
160 72 : 0 1 3 4 6 10 11 12 13 14 15 19 20 23 24 25 41 44 45 48 50 57 58 64 65 67 68 69 70 71 74 75 77 79 80 82 83 88 89 91 98 99 102 104 106 114 116 120 121 123 128 129 132 133 134 135 136 138 141 144 145 147 148 149 150 152 158 159 161 162 163 166
161 72 : 0 1 2 5 6 7 9 11 12 13 14 17 19 20 21 28 29 32 35 41 44 49 50 51 54 56 57 58 59 61 62 63 67 68 71 72 74 76 81 82 84 88 89 90 102 106 113 117 118 119 120 121 124 126 127 129 130 132 134 140 142 143 146 147 148 152 154 155 157 163 164 166
162 72 : 0 3 7 9 13 14 15 18 19 20 28 34 35 37 40 41 44 46 49 50 51 55 56 58 60 61 63 67 68 69 70 71 72 73 74 79 80 81 82 83 84 85 87 88 94 96 97 98 99 101 102 108 109 116 118 121 123 124 125 126 130 131 133 138 143 145 149 151 156 160 161 162
163 72 : 0 1 3 8 10 11 14 15 17 18 19 20 25 27 29 30 32 33 34 35 39 40 41 43 44 48 50 54 55 57 60 61 63 64 65 69 70 77 79 83 85 87 88 97 99 106 107 109 110 112 114 116 119 120 121 122 123 130 132 133 136 138 139 143 146 148 149 151 153 157 159 163
164 72 : 2 3 4 5 6 7 8 10 11 13 14 16 18 19 24 27 30 32 37 38 40 42 43 45 47 48 49 52 54 55 58 61 64 65 68 70 79 80 81 82 84 85 88 89 90 91 96 100 102 106 107 109 111 112 121 125 136 138 139 140 142 145 146 148 149 152 153 155 162 163 165 166
165 72 : 2 3 4 5 7 9 10 11 12 13 15 16 18 19 20 25 26 27 28 31 32 33 36 45 46 50 55 56 57 58 60 68 69 72 74 76 77 82 85 86 88 90 98 100 102 106 107 111 115 117 119 120 121 122 123 125 126 129 130 131 132 133 135 138 139 142 145 146 148 149 161 163
166 71 : 6 7 14 15 16 17 18 19 23 25 26 27 32 33 34 36 40 42 43 48 50 51 52 55 57 58 59 62 63 64 68 69 70 72 73 76 81 86 88 91 93 94 95 97 98 101 102 103 105 108 110 111 115 119 121 124 126 130 131 134 138 139 144 145 149 151 152 153 154 161 163
167 69 : 6 7 9 10 11 14 15 16 18 19 20 21 25 30 32 34 38 40 42 43 45 50 52 57 58 59 65 66 69 74 76 77 78 80 82 85 88 89 92 94 96 99 101 102 107 109 114 115 121 123 126 127 129 130 132 136 138 140 144 145 146 147 148 149 155 157 159 163 165
168 72 : 2 3 6 8 9 12 14 16 17 19 20 22 32 33 34 35 36 38 39 42 45 46 47 48 49 52 53 55 58 66 69 71 72 73 75 76 81 83 87 90 91 92 97 99 100 101 104 107 108 109 110 113 115 117 120 121 127 128 131 132 139 141 143 146 147 148 150 155 157 158 160 164
169 72 : 1 2 3 5 6 7 9 14 16 23 26 28 33 37 39 40 42 45 50 54 56 57 60 62 66 69 72 74 76 77 79 80 82 83 88 89 91 93 96 98 101 103 105 107 108 109 112 114 116 117 118 119 120 121 123 125 128 130 131 134 135 136 139 142 146 149 150 152 153 155 159 164
170 72 : 0 3 6 7 8 9 10 12 14 15 16 20 21 23 34 36 38 39 45 46 48 49 50 51 55 56 57 58 62 63 64 66 69 70 71 72 73 74 76 77 79 81 83 84 85 89 98 99 102 105 107 108 109 110 111 113 117 119 122 125 128 129 130 134 138 148 155 161 162 163 164 165
171 72 : 0 5 6 7 10 11 12 19 20 21 22 31 32 33 35 39 41 43 44 45 46 48 50 53 54 55 56 58 61 69 70 75 77 78 82 83 85 88 89 93 99 102 105 106 109 113 114 121 123 125 127 128 130 134 135 136 138 139 140 145 146 149 151 152 155 156 157 158 161 163 165 166
172 72 : 0 2 3 6 7 8 9 11 14 17 19 23 24 26 28 29 30 31 32 34 35 36 39 41 42 50 53 54 56 57 59 66 69 70 71 72 76 82 84 88 90 91 95 96 98 99 101 102 103 105 107 108 109 110 111 112 114 121 122 125 126 127 128 130 134 138 140 145 148 156 163 164
173 72 : 2 6 8 9 10 13 14 16 19 20 21 30 31 32 36 39 40 41 42 45 49 52 54 55 56 57 58 60 64 67 69 71 72 76 77 79 80 82 86 90 91 95 97 99 101 102 103 104 106 109 110 112 116 121 124 126 127 129 130 135 137 138 141 142 145 147 148 149 154 155 158 166
174 68 : 3 4 5 6 7 8 9 11 13 14 19 20 24 27 29 32 40 41 44 45 46 47 50 57 58 60 63 69 73 76 77 80 85 88 90 91 92 95 97 99 100 101 102 103 107 109 110 111 112 121 123 126 130 134 137 138 141 145 146 148 149 150 151 155 160 162 163 165
175 72 : 2 3 4 5 6 7 9 11 16 19 20 22 24 28 31 32 35 37 38 39 40 41 43 44 45 46 50 57 58 65 69 74 75 77 80 81 82 83 85 89 90 94 99 102 104 105 106 107 110 114 117 118 120 121 122 123 124 132 133 136 137 139 143 144 147 149 150 155 156 158 160 164
176 70 : 2 3 6 7 9 11 14 19 20 21 23 24 25 28 29 32 33 38 40 45 46 47 50 53 54 57 58 63 67 69 73 76 77 78 80 82 85 88 95 96 98 101 102 107 108 109 110 111 116 118 119 121 123 126 127 128 130 137 138 145 146 148 149 150 155 156 161 163 164 166
177 72 : 2 5 6 7 8 9 16 19 20 21 22 25 27 30 31 37 38 39 40 43 44 45 49 50 52 57 58 59 62 64 70 71 74 75 76 77 79 82 86 87 88 89 93 94 96 97 104 106 107 109 110 111 114 116 118 120 121 123 124 126 130 134 139 140 141 142 144 147 148 152 154 162
178 69 : 0 3 5 6 7 9 10 11 12 13 14 19 20 24 28 30 32 36 40 43 45 47 50 53 57 58 66 67 68 69 71 76 77 78 80 82 85 86 87 88 94 101 102 106 107 108 109 110 119 121 122 123 124 125 126 128 130 138 141 142 145 146 148 149 154 155 160 163 165
179 69 : 3 6 7 9 10 11 12 13 14 19 20 22 26 27 32 38 40 44 45 49 50 54 55 57 58 60 63 65 69 76 77 80 82 85 88 89 90 98 100 101 102 107 108 109 110 116 119 121 123 126 130 134 135 138 145 146 147 148 149 152 153 155 156 157 160 161 163 165 166
180 72 : 3 4 6 9 11 13 14 18 19 22 23 26 29 32 33 35 43 45 46 48 50 52 54 56 57 58 59 63 65 69 71 73 74 75 78 80 81 84 85 87 88 89 93 96 102 107 109 112 116 117 121 127 128 129 130 131 132 133 138 139 140 142 143 144 147 148 151 157 160 164 165 166
181 72 : 3 6 7 9 13 14 15 16 22 26 28 30 31 32 34 36 39 40 41 43 44 46 49 50 53 61 62 73 74 75 76 77 80 81 82 85 86 87 89 92 96 98 105 107 109 110 114 118 119 120 123 125 126 127 128 130 131 137 141 144 146 147 148 150 152 153 155 157 158 163 165 166
182 72 : 1 3 4 6 9 11 12 13 16 19 20 26 30 32 34 36 37 38 39 41 42 45 46 48 51 52 55 61 65 68 69 77 78 80 82 83 85 86 88 91 94 95 96 97 99 103 105 106 109 110 111 113 114 116 117 120 122 124 126 129 130 138 144 146 148 149 151 153 155 158 161 166
183 72 : 5 7 11 12 14 15 18 19 21 24 27 28 29 31 32 37 39 40 45 48 52 53 54 55 58 60 64 65 67 68 72 73 76 78 79 80 85 88 90 92 95 96 98 101 107 108 110 112 115 116 122 123 124 127 128 129 131 132 134 138 142 145 146 147 149 153 154 155 156 157 159 163
184 72 : 1 2 6 7 11 12 14 16 17 19 20 21 22 23 27 32 41 45 46 48 50 56 57 58 59 61 62 63 66 69 71 73 75 80 82 83 86 88 89 92 93 94 101 102 103 105 107 110 111 112 115 118 119 122 123 124 125 131 135 137 138 142 145 147 149 155 156 157 159 163 164 166
185 72 : 3 6 8 11 13 14 16 17 20 28 29 32 38 39 40 41 44 45 46 50 56 58 59 62 63 69 70 71 74 76 77 78 80 81 82 85 87 91 95 103 104 106 107 109 110 113 115 118 119 120 121 123 124 127 130 134 141 143 144 147 148 149 150 153 156 157 158 160 162 164 165 166
186 72 : 0 1 4 7 11 14 16 19 20 24 29 30 31 32 33 36 40 41 42 43 45 46 47 50 57 58 60 63 65 68 69 70 71 72 75 76 77 79 80 81 82 85 87 94 95 98 100 101 102 105 110 115 116 119 124 125 126 130 132 133 134 138 139 141 147 149 150 152 153 155 156 160
187 68 : 1 3 6 7 9 11 14 16 19 20 25 28 29 32 35 40 42 45 47 50 56 57 58 59 61 63 65 69 74 76 77 78 80 82 85 87 88 96 100 101 102 103 107 109 110 113 121 123 124 126 130 135 138 140 143 145 146 148 149 151 152 154 155 156 159 160 163 164
188 72 : 1 2 5 7 10 11 12 13 14 15 17 19 20 22 23 24 25 27 28 29 31 32 37 39 40 42 43 45 47 49 52 53 54 55 58 60 65 69 70 76 77 78 81 86 88 91 93 95 97 98 102 106 107 109 110 118 125 126 128 129 131 138 144 145 146 149 152 155 158 159 163 164
189 72 : 0 1 3 4 7 12 13 14 15 16 17 19 21 28 31 32 34 35 40 47 48 49 50 54 55 58 61 65 67 68 73 76 78 81 82 85 86 87 88 90 92 94 97 100 101 102 107 109 110 111 112 121 123 124 126 129 130 131 133 134 135 139 143 145 146 148 149 155 157 159 162 163
190 67 : 2 3 6 7 8 9 11 12 13 14 15 18 19 20 30 32 34 39 40 41 45 49 50 52 54 57 58 59 62 69 70 72 73 76 77 80 82 85 88 95 98 101 102 106 107 109 110 111 115 118 123 124 126 128 130 137 138 139 142 144 145 146 148 149 155 162 163
191 72 : 0 1 2 3 4 6 8 12 14 20 23 25 27 29 34 42 45 48 52 54 55 56 58 59 61 62 63 66 69 72 76 77 78 79 82 85 87 88 92 94 101 103 104 107 110 112 113 115 117 118 120 121 123 127 128 132 136 139 141 143 144 145 147 148 149 153 155 157 158 159 163 165
192 72 : 3 5 6 7 9 11 12 14 17 18 19 20 24 26 28 32 34 35 37 39 42 46 47 48 50 51 52 55 56 57 59 63 67 68 75 78 79 80 82 85 88 89 90 93 94 95 97 98 100 101 105 109 110 112 117 118 123 126 131 132 135 137 138 140 144 145 149 151 155 163 164 165
193 72 : 1 3 6 7 9 11 15 17 18 19 23 26 29 35 40 41 43 44 48 50 52 56 58 64 68 71 72 74 76 77 78 80 82 83 84 87 88 90 91 95 97 98 102 105 107 109 110 112 113 114 115 117 118 121 123 124 125 126 128 131 133 134 135 136 145 146 151 153 154 158 162 163
194 72 : 0 2 3 6 8 10 11 12 13 14 17 18 19 20 22 24 26 27 28 30 33 34 36 37 40 42 48 49 50 51 52 53 54 57 58 61 64 65 66 67 69 71 77 78 79 80 85 87 88 89 92 98 101 102 107 109 110 112 115 123 126 132 134 142 143 145 147 149 151 157 161 163
195 72 : 4 6 10 11 14 16 19 20 22 23 24 27 29 31 32 33 34 36 39 41 43 45 48 50 53 56 57 58 60 62 66 67 69 77 80 82 83 84 85 89 90 92 93 95 101 102 104 108 112 116 117 121 123 127 128 130 131 133 135 138 142 145 146 147 148 152 154 160 162 163 165 166
196 72 : 0 1 3 6 7 10 14 16 18 20 27 28 31 35 36 38 39 40 42 43 48 50 52 53 54 58 59 62 64 67 69 72 75 76 77 78 80 83 84 85 87 90 91 93 97 98 99 102 103 109 110 122 123 124 126 130 133 134 136 139 142 143 145 146 148 149 150 152 156 158 159 162
197 72 : 2 3 7 8 9 11 12 14 19 21 29 30 32 34 35 36 37 40 41 42 43 44 46 47 50 51 52 56 57 64 65 66 69 76 77 79 80 83 85 87 88 90 96 102 104 107 108 109 110 111 112 114 117 118 119 122 123 130 131 132 133 134 137 143 145 146 151 154 155 156 160 165
198 63 : 2 3 6 9 11 13 14 17 19 20 22 29 32 40 41 45 46 48 49 50 55 57 58 62 69 76 77 78 80 82 83 85 88 89 92 99 101 102 107 109 110 113 114 117 121 123 126 127 130 134 138 145 146 148 149 152 154 155 156 162 163 164 165
199 66 : 2 3 5 6 7 9 11 13 14 18 19 20 27 30 32 33 35 40 42 45 47 50 57 58 62 65 69 76 77 79 80 81 82 85 88 93 94 97 101 102 107 108 109 110 112 113 114 119 121 123 126 130 134 138 143 145 146 148 149 150 151 155 162 163 164 165
