N C E M
100 50 4950 2475
Opt_part_L_size, Opt_part_R_size, Opt_number_of_colors
9 91 23
N of L changes = 3
Min number of labels in a vertice, Max number of labels in a vertice
24 42
Solution Set
7(40) 42(40) 45(40) 6(53) 16(57) 3(58) 29(59) 32(59) 35(59) 11(59) 24(60) 49(60) 18(61) 4(62) 20(62) 5(63) 27(64) 13(64) 26(65) 31(67) 28(68) 37(70) 40(71) 
Number of edges by Color (l n)
0 40 71
1 37 70
2 28 68
3 31 67
4 26 65
5 13 64
6 27 64
7 5 63
8 4 62
9 20 62
10 18 61
11 24 60
12 49 60
13 11 59
14 29 59
15 32 59
16 35 59
17 3 58
18 16 57
19 6 53
20 10 43
21 15 43
22 30 43
23 41 43
24 46 43
25 2 42
26 8 42
27 12 42
28 14 42
29 22 42
30 39 42
31 1 41
32 9 41
33 17 41
34 25 41
35 34 41
36 36 41
37 38 41
38 44 41
39 0 40
40 7 40
41 19 40
42 21 40
43 23 40
44 33 40
45 42 40
46 43 40
47 45 40
48 47 40
49 48 39
Label List by vertices (vertice Id, Number of labels : set of labels
0 28 : 3 4 5 6 10 11 12 13 15 16 18 19 20 21 24 26 27 28 29 31 32 35 36 37 40 42 46 49
1 42 : 0 1 3 5 6 7 9 10 11 12 14 15 16 17 18 19 20 21 22 23 24 25 26 27 29 30 32 33 34 35 37 38 39 41 42 43 44 45 46 47 48 49
2 42 : 1 2 3 4 6 7 8 9 10 12 13 14 15 16 17 18 19 20 21 22 25 26 27 28 29 30 31 33 34 35 36 37 38 39 40 42 44 45 46 47 48 49
3 27 : 3 4 5 6 11 12 13 16 17 18 20 24 25 26 27 28 29 31 32 33 34 35 36 37 40 47 49
4 42 : 0 1 2 3 4 6 7 8 9 11 12 13 16 17 18 19 22 23 24 25 26 27 29 30 31 32 33 34 36 37 38 39 40 41 42 43 44 45 46 47 48 49
5 42 : 0 1 2 3 4 5 6 7 8 9 10 12 13 14 15 17 18 19 20 21 22 23 24 25 27 29 31 32 33 35 36 37 38 39 40 41 42 43 44 45 46 49
6 42 : 0 1 2 4 5 6 7 8 9 10 11 12 13 14 15 17 19 20 21 22 23 24 25 26 27 28 29 30 31 32 33 34 36 37 38 39 42 43 44 46 47 48
7 42 : 0 2 4 5 7 8 9 10 11 12 13 14 15 16 17 18 19 22 23 24 25 27 28 29 30 31 32 33 34 35 36 38 40 41 42 43 44 45 46 47 48 49
8 42 : 0 1 2 3 4 5 6 7 8 10 11 13 14 15 17 18 19 20 21 22 23 24 25 27 30 32 33 34 36 37 38 39 40 41 42 43 44 45 46 47 48 49
9 42 : 0 1 2 3 4 5 6 8 9 10 11 12 14 15 19 20 21 22 23 24 26 28 29 30 31 32 33 34 35 36 37 38 39 41 42 43 44 45 46 47 48 49
10 42 : 0 1 2 4 5 8 9 10 11 12 13 14 15 16 17 18 19 20 21 22 23 24 26 28 30 31 32 33 34 36 37 38 39 40 41 42 43 44 45 46 48 49
11 42 : 0 1 2 3 4 5 6 7 8 10 11 12 13 14 16 17 18 19 20 21 23 24 25 27 28 29 30 32 33 34 36 38 39 41 42 43 44 45 46 47 48 49
12 41 : 0 1 2 3 5 6 7 8 9 10 11 12 14 15 16 17 20 21 22 23 24 26 27 29 30 31 32 33 34 35 37 38 39 40 41 42 43 46 47 48 49
13 42 : 0 1 2 3 4 5 6 7 8 9 11 13 14 15 16 17 18 19 20 21 22 23 24 25 26 28 29 30 31 32 34 35 36 38 40 41 42 43 44 45 46 47
14 26 : 0 3 4 5 6 11 13 16 18 20 21 22 24 26 27 28 29 30 31 32 35 37 39 40 47 49
15 41 : 0 3 4 5 6 7 8 9 10 12 13 14 15 16 18 19 21 22 24 25 26 27 28 29 30 31 32 33 35 37 38 39 40 41 42 43 44 45 46 47 49
16 42 : 0 1 2 4 5 6 8 9 10 11 13 14 15 16 17 18 19 20 21 22 23 24 25 26 28 30 31 32 33 34 35 36 37 38 39 40 41 42 43 45 47 48
17 42 : 1 2 3 4 5 6 7 8 9 10 11 12 13 14 15 17 18 19 20 21 22 23 24 25 26 27 29 31 32 34 35 36 37 38 39 40 41 42 45 46 48 49
18 42 : 1 2 3 4 5 6 7 8 9 10 11 12 13 14 15 16 17 20 21 22 24 26 27 28 29 30 31 32 33 34 36 37 38 39 41 42 43 44 45 46 47 48
19 42 : 0 1 3 4 5 7 8 9 10 12 14 15 16 17 18 19 20 24 25 26 28 29 30 31 32 33 34 35 36 37 38 39 40 41 42 43 44 45 46 47 48 49
20 40 : 0 1 2 3 6 7 8 9 10 11 12 13 14 15 16 17 19 20 21 22 23 25 26 27 28 29 30 31 32 33 36 38 39 40 42 44 45 46 47 49
21 41 : 0 1 2 3 4 5 7 8 9 10 11 12 16 17 18 19 20 21 22 23 24 27 30 31 32 33 34 36 37 38 39 40 41 42 43 44 45 46 47 48 49
22 42 : 1 2 3 4 5 6 7 8 10 11 12 13 14 15 17 19 20 21 22 23 25 26 27 29 30 31 32 33 34 35 36 37 38 39 40 41 42 44 46 47 48 49
23 42 : 0 1 2 5 6 7 9 10 12 13 14 15 16 17 19 20 21 22 23 24 25 26 27 28 29 30 31 33 34 35 36 37 38 40 41 43 44 45 46 47 48 49
24 42 : 0 1 2 3 4 5 7 8 9 10 11 12 13 15 16 17 18 19 20 21 23 24 25 26 27 28 29 31 32 33 34 36 37 38 39 41 43 44 45 46 47 48
25 27 : 3 4 5 6 10 11 12 13 16 17 18 20 22 24 26 27 28 29 31 32 35 37 40 42 43 46 49
26 41 : 0 2 4 5 7 8 9 10 11 12 13 15 16 17 19 20 21 22 23 24 25 26 27 28 30 31 32 33 34 35 36 37 39 40 41 42 44 45 46 47 48
27 42 : 0 1 2 3 4 5 6 7 8 9 10 11 12 14 15 16 17 19 21 22 23 24 25 26 27 28 29 30 31 34 36 37 38 39 41 43 44 45 46 47 48 49
28 42 : 0 1 2 3 4 5 6 7 8 9 10 11 12 14 15 17 18 21 22 23 25 26 27 28 29 30 31 32 33 34 35 36 38 39 40 41 42 43 44 45 46 47
29 41 : 0 1 3 5 6 7 8 9 10 11 12 13 14 15 16 17 18 20 22 23 24 26 27 29 30 31 32 33 34 35 37 38 39 40 41 42 43 44 45 46 48
30 42 : 0 1 2 3 4 6 7 8 9 10 11 12 13 14 15 16 19 20 22 23 24 25 26 27 28 30 31 32 33 34 35 36 38 39 40 41 42 43 44 47 48 49
31 42 : 0 1 2 3 6 7 8 9 10 11 12 14 15 17 18 19 20 21 22 23 24 25 28 29 30 31 33 34 35 36 38 39 40 41 42 43 44 45 46 47 48 49
32 41 : 0 1 2 3 4 5 7 8 9 10 12 13 14 15 16 17 18 21 22 23 24 25 27 28 29 30 31 32 34 35 36 37 38 39 41 42 43 44 46 47 48
33 41 : 0 1 2 3 4 5 6 8 10 11 12 14 15 16 17 18 19 20 21 22 23 24 25 26 27 28 30 31 32 33 34 35 36 37 38 39 41 42 43 44 46
34 41 : 0 1 2 3 4 5 7 8 9 10 11 12 14 15 16 17 18 19 20 21 23 26 27 29 30 32 33 34 35 36 37 38 40 41 42 43 44 45 47 48 49
35 42 : 0 1 2 3 4 5 7 8 9 10 11 13 14 15 16 17 19 21 22 23 24 25 26 27 28 30 31 32 33 36 37 38 39 40 41 42 43 44 45 46 48 49
36 41 : 0 1 2 3 4 5 6 7 8 9 10 11 12 13 14 15 17 18 19 20 21 22 23 24 25 26 31 32 33 34 35 36 37 39 40 41 42 44 46 47 49
37 42 : 0 1 2 3 4 5 6 7 8 9 10 11 14 15 16 17 18 19 20 21 22 23 24 25 26 27 28 29 30 31 32 33 34 38 39 41 43 44 45 46 48 49
38 41 : 0 2 3 4 6 8 9 10 11 12 13 14 15 16 17 18 21 22 23 25 27 28 29 30 31 32 33 34 35 36 37 38 39 40 41 43 44 45 46 48 49
39 41 : 0 1 2 3 4 5 6 7 8 9 10 11 12 13 14 15 16 17 19 20 21 23 24 25 27 29 30 31 32 34 35 36 38 40 41 42 43 44 46 47 48
40 41 : 0 1 2 5 6 7 8 9 11 12 13 14 15 16 17 18 19 20 22 24 25 27 29 30 31 32 34 35 36 37 38 39 40 41 42 43 44 45 46 47 48
41 41 : 0 1 2 3 4 5 6 7 8 9 11 12 13 14 15 16 17 18 19 21 22 23 25 26 27 30 32 33 34 35 36 37 38 39 40 41 42 43 46 47 48
42 41 : 0 1 2 3 4 6 7 8 9 10 11 12 13 14 15 17 18 19 21 22 24 25 28 29 30 32 33 34 36 37 38 39 40 41 42 43 45 46 47 48 49
43 41 : 0 1 2 3 5 6 7 8 9 10 11 12 13 14 15 16 17 18 21 22 23 24 25 26 27 28 29 30 31 33 34 37 38 40 41 42 43 44 45 47 48
44 28 : 2 3 4 5 6 7 10 11 13 15 16 18 19 20 22 24 26 27 28 29 31 32 33 35 37 40 41 49
45 41 : 0 1 4 5 6 7 8 9 10 12 13 14 15 17 19 20 21 22 23 24 25 26 27 28 30 31 32 33 34 35 36 38 39 40 41 42 43 45 46 48 49
46 41 : 0 1 2 3 4 7 8 9 10 11 12 13 14 15 16 17 18 19 20 21 22 25 27 28 29 31 32 33 34 35 36 37 38 39 40 44 45 46 47 48 49
47 41 : 0 1 2 4 5 7 8 9 10 12 13 15 17 18 19 20 21 22 23 25 27 28 29 30 31 32 33 34 35 36 37 39 40 41 42 43 44 45 46 47 49
48 41 : 0 1 2 3 4 5 7 9 12 13 14 15 16 17 18 19 21 23 24 25 26 28 29 30 31 32 33 34 35 36 37 38 39 41 43 44 45 46 47 48 49
49 41 : 0 1 2 4 5 6 7 8 9 10 11 12 13 14 15 16 17 18 19 22 23 24 25 28 30 31 32 33 35 37 38 39 41 42 43 44 45 46 47 48 49
50 41 : 0 1 2 3 4 6 7 8 9 10 11 13 14 15 16 17 19 20 21 22 23 24 25 26 27 29 30 31 32 33 34 35 36 37 38 40 42 44 45 47 48
51 41 : 0 1 2 3 4 5 6 7 8 9 11 12 13 14 15 17 18 21 22 23 24 25 27 29 30 31 32 34 35 36 37 38 39 41 43 44 45 46 47 48 49
52 41 : 0 1 2 3 4 6 7 8 9 10 12 13 14 15 18 19 20 21 22 23 24 25 27 28 30 31 33 34 36 37 38 40 41 42 43 44 45 46 47 48 49
53 41 : 1 2 5 6 7 8 9 11 12 13 14 15 16 17 18 20 21 22 23 24 25 26 27 28 30 31 32 33 34 36 37 38 39 40 41 42 43 44 45 47 48
54 41 : 0 2 3 5 6 7 8 9 10 11 12 13 14 15 17 18 19 21 22 23 25 26 27 28 29 30 31 32 33 34 36 37 38 40 41 42 43 44 45 47 49
55 41 : 1 2 3 5 6 7 8 9 10 11 13 14 15 17 18 19 20 21 22 23 24 25 26 27 28 29 30 31 33 35 36 37 38 39 41 43 44 45 46 48 49
56 41 : 1 2 4 5 6 7 8 9 10 11 12 13 14 15 17 18 19 21 22 23 25 26 27 28 29 30 31 32 34 35 36 38 39 41 42 43 44 46 47 48 49
57 41 : 0 1 2 4 5 6 7 9 10 11 12 13 14 16 17 19 20 21 22 23 24 25 27 28 29 30 31 33 34 37 38 39 40 41 42 43 44 45 46 47 48
58 41 : 0 1 2 3 4 5 7 8 9 10 11 12 13 14 16 17 19 21 22 23 25 26 27 28 30 32 33 34 35 36 38 39 40 41 42 43 44 45 46 47 48
59 41 : 1 2 3 4 5 6 8 9 10 11 12 13 14 15 16 17 18 19 21 22 23 24 25 26 27 28 29 30 31 32 33 36 38 39 40 41 42 43 45 46 48
60 41 : 0 1 2 3 4 5 6 7 8 11 12 14 15 16 17 18 21 23 24 25 26 27 28 29 30 31 32 33 34 35 36 37 38 39 41 43 44 46 47 48 49
61 41 : 4 5 7 8 9 10 11 12 13 14 15 16 17 18 19 20 21 22 23 24 26 27 29 30 31 32 33 34 35 37 38 39 40 41 42 43 44 45 46 47 48
62 41 : 0 1 3 4 5 7 8 9 10 12 13 14 16 17 18 20 21 22 24 25 27 28 30 31 32 33 34 35 36 38 39 40 41 42 43 44 45 46 47 48 49
63 41 : 1 2 3 5 6 7 8 9 10 11 12 13 14 16 17 18 19 21 22 23 24 26 27 28 29 32 33 34 35 36 38 39 41 42 43 44 45 46 47 48 49
64 41 : 0 2 3 4 5 8 9 10 12 13 14 15 16 17 18 19 21 22 23 24 25 26 27 28 29 31 32 33 34 36 37 39 40 41 42 43 44 45 47 48 49
65 41 : 0 1 2 3 4 6 7 8 9 10 12 13 14 15 17 18 19 20 21 22 23 24 25 27 28 29 30 33 34 35 37 38 39 40 42 43 44 45 46 47 48
66 26 : 0 3 4 5 6 11 13 16 18 20 22 23 24 25 26 27 28 29 31 32 35 37 39 40 45 49
67 41 : 0 1 2 3 4 6 7 8 9 10 11 12 13 14 15 17 18 19 21 22 23 24 25 26 29 30 32 33 34 35 36 38 41 42 43 44 45 46 47 48 49
68 27 : 3 4 5 6 10 11 13 16 18 19 20 22 24 26 27 28 29 30 31 32 35 36 37 39 40 43 49
69 41 : 0 1 2 3 4 5 6 8 10 11 12 13 14 15 16 17 18 19 20 21 23 24 25 26 27 28 29 31 32 34 35 36 38 39 40 41 42 43 44 46 47
70 40 : 0 1 2 3 4 5 6 7 9 10 11 12 13 14 15 19 20 22 23 25 27 28 29 30 32 33 34 35 36 37 39 40 41 42 44 45 46 47 48 49
71 41 : 0 1 2 5 6 7 8 9 10 11 12 13 14 15 16 17 20 21 22 23 24 25 27 28 30 31 32 33 34 35 36 39 40 41 42 43 44 45 46 47 49
72 41 : 0 1 2 4 6 7 9 10 13 14 15 16 18 19 20 21 22 23 24 25 26 27 28 30 31 33 34 35 36 37 39 40 41 42 43 44 45 46 47 48 49
73 41 : 0 1 2 3 4 5 7 8 9 10 11 12 13 14 15 17 18 19 20 21 23 25 26 28 30 31 33 35 36 38 39 40 41 42 43 44 45 46 47 48 49
74 41 : 0 1 2 4 5 7 8 9 10 11 12 14 16 17 18 19 20 21 22 24 25 26 27 28 29 30 31 33 34 36 37 39 40 41 42 43 44 45 46 47 48
75 41 : 0 1 5 6 7 8 9 10 11 12 14 15 16 17 18 19 20 21 22 23 24 25 26 27 28 29 31 33 34 35 36 37 38 40 43 44 45 46 47 48 49
76 41 : 0 1 2 4 5 6 7 8 9 10 11 12 14 15 16 17 18 19 20 22 24 25 26 27 28 29 30 33 34 35 37 38 39 41 43 44 45 46 47 48 49
77 41 : 0 1 2 4 5 6 7 8 9 10 13 14 15 17 19 20 21 22 23 24 25 27 28 29 30 33 34 35 36 37 38 39 41 42 43 44 45 46 47 48 49
78 26 : 1 2 3 4 5 6 11 12 13 16 18 20 22 26 27 28 29 31 32 35 36 37 39 40 45 49
79 41 : 0 1 2 5 7 9 10 11 12 13 14 15 16 17 18 19 20 21 23 24 26 28 29 30 32 33 34 35 37 38 39 40 41 42 43 44 45 46 47 48 49
80 41 : 0 1 2 3 4 5 6 7 8 9 10 11 13 14 15 16 17 18 20 21 22 24 25 29 30 31 32 35 36 37 38 39 40 41 42 44 45 46 47 48 49
81 41 : 0 2 3 5 7 8 10 11 12 13 14 15 17 18 19 20 21 22 23 24 25 26 27 28 29 31 32 33 34 35 36 38 39 40 41 42 43 45 46 47 48
82 41 : 0 1 2 3 5 6 7 8 9 10 11 12 14 15 17 18 19 21 23 24 25 26 27 28 29 30 32 33 34 35 36 37 38 39 40 41 43 44 45 46 48
83 41 : 0 1 2 3 4 5 7 8 9 10 11 12 14 15 16 17 19 20 22 23 24 25 26 28 29 30 31 34 35 36 38 39 41 42 43 44 45 46 47 48 49
84 41 : 0 1 3 4 5 7 8 9 10 11 12 13 14 15 16 17 19 20 22 23 24 25 26 27 28 29 30 31 32 33 34 36 37 38 39 41 44 45 46 47 48
85 24 : 1 3 4 5 6 13 16 18 19 20 23 24 26 27 28 29 32 34 35 37 40 41 42 49
86 41 : 0 1 2 3 4 5 6 7 8 9 10 11 12 15 16 17 18 20 21 22 23 24 25 27 30 31 32 34 35 36 37 38 39 40 41 43 44 45 46 47 48
87 41 : 0 1 2 3 4 7 8 10 12 13 14 15 16 19 20 21 22 23 25 27 28 29 30 31 32 33 34 35 36 37 38 39 40 41 42 44 45 46 47 48 49
88 41 : 2 3 4 6 7 8 9 11 12 13 14 15 16 17 19 20 21 22 23 25 26 27 29 30 31 32 33 34 36 37 38 39 41 42 43 44 45 46 47 48 49
89 41 : 1 2 3 4 5 7 8 9 10 12 13 14 15 17 18 19 20 21 22 24 25 26 27 28 30 31 33 34 35 36 37 38 39 40 41 42 43 44 46 47 48
90 41 : 0 1 2 3 4 6 7 8 9 10 11 12 14 15 16 19 20 21 22 23 24 25 26 27 28 30 31 32 34 35 36 38 39 40 41 42 43 45 46 47 49
91 41 : 2 4 6 7 8 9 10 11 12 14 15 16 17 18 19 20 21 22 23 24 26 27 28 29 30 31 32 33 34 35 36 37 38 39 40 41 42 44 46 47 48
92 41 : 0 1 2 3 4 5 6 8 10 11 12 13 14 16 18 19 20 21 22 23 24 25 28 29 30 31 32 33 34 36 37 38 39 40 41 42 43 44 45 46 47
93 41 : 0 1 2 3 4 5 8 9 10 11 12 13 14 15 17 18 19 22 23 25 26 27 29 30 32 33 34 35 37 38 39 40 41 42 43 44 45 46 47 48 49
94 41 : 0 1 2 5 6 7 8 9 10 12 13 14 15 16 17 20 21 22 23 24 25 26 27 29 30 32 33 35 36 37 38 39 40 41 42 43 44 45 46 47 48
95 41 : 0 1 2 3 4 5 8 9 10 11 12 14 15 16 18 19 20 21 22 24 25 27 29 30 31 34 35 36 37 38 39 40 41 42 43 44 45 46 47 48 49
96 41 : 0 2 3 4 5 6 7 8 9 10 11 12 13 14 15 17 19 21 22 23 24 25 26 27 28 29 30 32 33 36 37 39 41 42 43 44 45 46 47 48 49
97 41 : 0 1 2 3 4 5 6 7 8 9 10 11 12 15 17 18 19 20 23 24 25 26 28 30 31 32 34 35 36 37 38 39 40 41 42 43 44 45 46 47 48
98 41 : 0 1 2 5 6 8 9 10 11 12 13 14 15 17 18 19 20 21 23 24 25 28 29 30 31 32 33 34 35 36 38 39 40 41 42 43 44 45 46 48 49
99 41 : 0 1 2 5 8 9 10 11 13 14 15 16 18 19 20 21 22 23 25 26 27 28 29 30 31 32 33 34 35 36 37 38 39 40 41 42 43 44 47 48 49
