N C E M
100 67 4950 2475
Opt_part_L_size, Opt_part_R_size, Opt_number_of_colors
18 82 30
N of L changes = 10
Min number of labels in a vertice, Max number of labels in a vertice
34 38
Solution Set
18(25) 46(25) 48(25) 30(26) 37(26) 51(26) 54(26) 55(26) 56(26) 58(26) 49(50) 63(56) 4(57) 10(58) 44(59) 5(60) 25(60) 11(63) 21(64) 22(64) 50(67) 1(67) 6(67) 47(68) 0(69) 9(71) 20(72) 14(72) 35(74) 28(75) 
Number of edges by Color (l n)
0 28 75
1 35 74
2 14 72
3 20 72
4 9 71
5 0 69
6 47 68
7 1 67
8 6 67
9 50 67
10 21 64
11 22 64
12 11 63
13 5 60
14 25 60
15 44 59
16 10 58
17 4 57
18 63 56
19 49 50
20 2 26
21 7 26
22 17 26
23 24 26
24 30 26
25 31 26
26 37 26
27 51 26
28 54 26
29 55 26
30 56 26
31 58 26
32 3 25
33 8 25
34 12 25
35 13 25
36 15 25
37 16 25
38 18 25
39 19 25
40 23 25
41 26 25
42 27 25
43 29 25
44 32 25
45 33 25
46 34 25
47 36 25
48 38 25
49 39 25
50 40 25
51 41 25
52 42 25
53 43 25
54 45 25
55 46 25
56 48 25
57 52 25
58 53 25
59 57 25
60 59 25
61 61 25
62 60 24
63 62 24
64 64 24
65 65 24
66 66 24
Label List by vertices (vertice Id, Number of labels : set of labels
0 36 : 0 1 4 5 6 8 9 10 12 14 15 18 19 20 21 22 25 26 28 34 35 39 40 44 47 48 49 50 51 52 53 54 61 62 63 66
1 38 : 1 4 5 6 7 9 11 12 14 15 20 21 22 23 24 27 28 30 31 35 36 37 38 40 41 43 45 46 47 49 50 53 58 59 60 61 62 65
2 38 : 0 1 2 3 4 7 8 9 10 11 15 16 18 19 20 21 23 25 29 30 32 35 36 37 38 41 42 45 47 50 53 54 57 59 60 63 64 65
3 38 : 0 1 2 5 7 8 9 10 11 12 13 16 17 18 19 22 24 28 30 32 33 35 36 39 40 41 42 44 47 48 49 50 56 58 59 61 62 63
4 38 : 0 4 5 7 8 9 10 11 12 13 14 18 19 20 21 22 24 25 27 29 31 34 37 39 40 42 45 46 47 49 51 52 53 59 60 61 63 65
5 38 : 0 2 3 6 7 11 14 18 19 20 21 22 25 26 28 32 35 36 37 38 39 40 41 42 43 47 48 50 53 54 56 57 58 62 63 64 65 66
6 38 : 1 2 3 4 5 6 7 8 9 10 11 15 16 18 19 20 21 22 26 28 30 33 37 38 39 40 41 42 43 44 46 48 51 54 61 62 63 66
7 35 : 0 1 2 4 5 6 9 10 11 12 14 19 20 21 22 23 25 28 33 34 35 36 37 43 44 46 47 49 50 51 52 62 63 64 65
8 36 : 0 1 3 4 5 6 9 10 11 14 17 20 21 22 25 27 28 33 35 36 37 38 39 42 44 45 46 47 49 50 52 54 56 58 61 66
9 37 : 0 1 4 5 6 7 8 9 10 11 13 14 15 18 20 21 22 25 28 30 35 37 39 42 43 44 45 47 48 49 50 51 55 56 59 60 63
10 38 : 0 2 3 4 5 6 9 10 11 13 14 15 17 20 22 23 24 28 29 30 31 32 34 38 40 43 48 50 51 54 56 57 58 59 62 63 64 66
11 38 : 0 1 7 8 10 11 12 13 14 15 16 18 19 20 21 23 24 26 28 31 32 33 35 37 38 39 41 42 44 46 48 49 50 54 56 62 64 65
12 38 : 0 1 3 4 6 10 11 14 16 19 21 22 23 25 26 27 28 29 30 32 33 34 35 37 38 39 40 43 44 46 47 48 49 50 52 58 59 63
13 37 : 0 1 2 4 6 8 9 10 12 15 16 17 20 23 24 27 30 31 33 34 40 41 42 44 45 46 47 48 49 50 54 55 59 61 62 64 66
14 37 : 0 1 2 4 5 6 9 10 11 13 14 20 21 22 25 27 28 30 32 34 35 36 38 39 41 42 43 44 45 46 47 49 50 51 53 60 66
15 36 : 0 1 2 4 5 6 8 9 10 11 14 15 18 20 21 22 24 25 27 28 30 33 34 35 44 47 49 50 52 53 57 58 59 62 63 65
16 38 : 0 4 6 7 8 9 11 15 17 18 20 21 24 25 26 28 29 30 31 32 33 35 43 44 45 46 47 50 51 52 53 54 57 61 63 64 65 66
17 37 : 0 1 3 4 5 7 8 9 10 13 14 15 17 18 20 22 23 24 25 29 30 32 36 37 40 41 43 44 45 49 50 54 55 56 60 61 63
18 37 : 2 4 6 7 9 12 14 15 16 17 20 21 26 27 28 31 33 35 36 37 39 41 42 43 46 47 49 50 51 53 54 55 56 60 61 63 65
19 38 : 0 1 2 4 6 7 8 10 12 14 16 18 19 21 22 23 24 25 27 29 31 32 33 34 35 37 41 43 44 50 51 52 53 57 60 62 63 65
20 37 : 1 2 4 5 7 9 14 15 16 17 19 21 22 23 26 27 31 32 34 35 36 37 38 43 44 45 46 47 48 49 50 51 52 55 62 63 66
21 37 : 3 5 6 7 8 9 13 15 16 18 23 25 28 29 31 32 35 37 39 40 41 44 45 47 50 51 52 55 56 57 59 60 61 62 63 65 66
22 37 : 3 4 6 7 10 13 16 17 19 22 24 25 26 28 30 31 32 33 35 38 42 43 44 48 49 50 52 53 54 55 58 59 60 61 63 64 65
23 36 : 0 1 2 3 4 5 6 8 9 10 11 12 14 15 16 17 18 19 20 21 22 24 25 28 33 35 39 44 45 47 49 50 54 60 63 64
24 38 : 1 3 4 6 9 10 12 13 14 15 17 18 20 21 23 24 25 26 28 29 34 36 37 38 39 44 45 48 49 52 56 57 58 59 61 62 63 65
25 37 : 0 1 2 3 5 7 8 12 13 14 16 18 20 21 22 23 25 28 29 33 35 36 38 39 41 45 46 48 49 50 51 52 54 56 58 61 64
26 34 : 0 1 5 6 7 9 10 11 12 13 14 19 20 21 22 25 28 31 33 34 35 36 38 40 42 44 47 49 50 55 57 59 62 63
27 37 : 0 3 6 7 9 10 11 17 18 21 23 24 25 26 27 28 30 32 33 35 36 37 40 41 42 45 49 50 51 52 54 55 56 58 59 62 66
28 37 : 0 4 5 6 9 11 12 13 16 17 18 20 21 22 23 24 25 26 27 29 31 33 36 37 38 42 44 45 47 49 56 59 60 62 63 65 66
29 35 : 0 1 4 6 9 10 11 13 14 16 20 21 22 25 26 28 30 33 35 38 40 41 43 46 47 49 50 53 54 55 56 57 61 62 63
30 37 : 0 1 2 3 5 7 11 15 19 20 22 23 26 28 30 32 36 37 39 41 43 44 48 50 51 52 53 54 56 57 58 59 60 62 63 65 66
31 36 : 0 1 2 3 4 5 9 10 11 13 14 20 21 22 24 25 27 28 29 31 35 37 38 42 43 44 46 47 49 50 51 52 55 60 61 63
32 37 : 1 4 6 11 12 13 15 16 18 19 20 21 22 24 27 28 30 31 32 33 35 36 40 41 44 46 47 48 49 50 51 52 53 58 61 63 66
33 37 : 1 2 4 5 6 7 10 13 14 15 16 17 18 19 20 23 24 25 26 27 31 32 33 35 39 43 47 50 52 53 54 55 56 59 63 64 65
34 37 : 0 2 4 5 6 7 8 15 17 21 22 23 24 28 29 30 33 35 38 39 40 41 42 43 44 45 47 48 49 50 52 54 55 58 59 61 65
35 37 : 1 3 4 5 7 9 10 12 13 14 15 17 19 20 21 23 25 28 29 30 31 35 36 37 38 42 44 45 47 49 50 51 57 61 62 64 65
36 37 : 1 4 5 6 9 11 13 15 16 17 18 21 22 25 26 27 30 31 34 37 40 42 43 44 45 46 47 49 52 53 55 56 58 60 61 63 64
37 37 : 3 4 6 9 10 11 14 15 17 18 19 20 21 22 26 28 30 31 33 37 39 41 43 44 47 49 50 51 52 56 57 58 59 62 63 64 65
38 36 : 0 1 4 5 6 9 10 11 14 16 17 20 21 22 25 27 28 29 33 35 36 37 39 42 44 46 47 49 50 53 55 57 59 61 62 63
39 37 : 0 1 4 5 6 8 9 11 12 13 14 20 21 22 23 24 25 28 29 35 37 39 43 44 46 47 48 49 50 51 54 55 56 57 59 63 65
40 37 : 0 1 3 5 7 8 10 11 12 13 17 19 20 22 23 27 28 29 31 34 35 36 45 47 50 52 53 54 55 56 57 59 60 63 64 65 66
41 38 : 0 1 3 4 5 6 9 10 11 12 14 15 16 17 20 21 22 24 25 26 27 28 30 32 34 35 41 44 46 47 48 49 50 56 58 61 63 66
42 37 : 0 3 5 8 9 10 12 13 15 17 19 20 21 22 24 25 27 30 34 37 38 39 40 42 44 45 46 47 48 49 53 54 56 60 62 63 65
43 37 : 0 2 3 5 6 7 11 12 14 15 17 18 21 22 25 26 28 30 31 32 34 36 38 40 41 43 45 48 49 50 52 55 57 59 61 62 65
44 37 : 0 1 2 3 4 5 6 7 8 9 10 12 13 14 18 19 20 25 27 28 29 30 31 32 36 38 39 40 43 44 47 50 53 55 61 63 66
45 37 : 0 3 7 9 10 11 12 13 14 16 17 18 19 20 21 26 28 29 34 35 36 37 40 41 43 46 47 50 51 54 56 59 60 61 62 63 65
46 37 : 0 2 3 4 5 8 9 12 14 15 18 22 26 27 28 29 30 31 32 33 35 36 37 38 42 44 46 49 53 54 57 58 60 62 64 65 66
47 37 : 1 2 3 4 7 8 9 10 14 15 17 18 19 20 23 24 25 26 27 28 29 33 37 41 44 47 48 49 50 51 52 53 57 60 64 65 66
48 37 : 5 6 8 9 11 12 14 15 16 17 18 19 20 22 24 30 31 32 33 34 36 38 39 40 41 45 47 48 49 54 55 60 61 62 63 64 65
49 37 : 0 1 2 3 4 5 6 8 11 12 14 17 19 20 21 22 23 24 28 30 32 33 34 36 37 43 44 45 47 48 51 55 56 57 58 62 65
50 36 : 0 1 5 6 7 8 10 16 17 19 23 25 26 30 31 32 36 37 39 40 41 42 43 44 45 46 47 51 52 53 54 56 57 58 60 63
51 37 : 0 1 2 3 9 10 12 13 15 18 20 21 22 25 26 28 29 31 33 35 39 42 44 46 48 50 51 52 53 54 55 57 59 61 62 64 66
52 37 : 2 5 6 13 14 15 16 18 22 23 26 27 28 29 30 31 32 33 34 36 37 38 40 41 44 45 46 47 48 49 50 54 55 60 61 64 65
53 37 : 2 3 4 5 6 8 9 10 11 12 14 15 16 17 18 19 24 27 28 29 30 31 35 37 38 39 42 43 45 47 48 49 50 51 55 57 61
54 37 : 2 4 5 6 9 11 12 13 14 16 17 18 19 20 21 22 25 26 27 30 31 32 34 35 40 41 42 43 46 50 52 54 58 62 63 64 66
55 37 : 1 2 5 7 9 10 11 12 14 15 17 21 27 28 29 32 34 36 39 40 42 44 45 46 48 50 52 53 54 55 58 59 60 61 63 64 65
56 37 : 5 6 7 8 11 14 15 16 17 18 22 25 26 27 28 32 33 34 35 38 39 40 41 42 43 44 46 47 53 54 55 56 58 59 64 65 66
57 37 : 5 6 8 9 10 11 13 14 17 18 20 25 26 27 29 32 35 38 39 40 41 43 44 46 47 48 52 53 54 56 59 60 61 62 63 64 66
58 37 : 2 4 6 7 8 9 11 14 17 18 19 22 23 25 26 28 29 30 34 35 37 38 40 41 43 45 47 49 50 52 54 56 57 58 62 64 66
59 37 : 0 1 2 3 4 6 12 19 20 22 23 25 26 27 28 29 31 32 34 35 36 37 38 39 41 43 44 47 49 50 51 53 57 60 63 65 66
60 34 : 0 1 3 4 5 6 9 10 11 12 14 20 21 22 24 25 26 28 29 30 35 38 40 42 43 44 45 47 49 50 53 60 63 64
61 37 : 0 2 4 5 7 10 11 12 13 14 15 19 24 25 29 30 31 32 35 36 38 39 41 42 45 46 47 48 50 51 52 56 57 58 61 65 66
62 37 : 0 1 2 4 6 7 11 12 13 15 16 17 21 23 24 26 27 28 31 34 35 36 39 40 41 45 49 50 51 55 56 57 58 60 62 63 64
63 37 : 0 2 3 4 5 6 8 9 10 12 13 17 21 23 24 25 30 31 32 36 40 42 43 45 47 49 50 51 53 56 57 58 59 60 62 64 66
64 37 : 0 2 3 4 5 6 9 11 16 17 19 20 23 24 26 30 31 32 33 34 37 38 40 42 44 47 50 51 55 56 57 58 60 61 62 63 64
65 37 : 6 7 8 11 12 13 16 17 18 19 20 21 22 23 24 25 26 28 29 30 35 36 40 41 42 45 46 47 51 53 55 56 57 59 61 63 65
66 36 : 0 1 2 3 4 8 9 12 13 14 19 20 22 23 25 27 28 32 33 34 36 40 45 46 48 49 50 51 54 55 57 58 60 61 62 66
67 37 : 0 1 3 4 5 6 8 9 10 11 14 16 20 21 22 23 25 28 34 35 38 40 41 44 48 49 50 52 54 55 56 58 59 63 64 65 66
68 37 : 0 1 2 4 5 7 8 15 18 19 20 22 25 27 28 29 32 34 35 36 37 38 42 45 47 48 50 51 52 53 54 58 59 61 63 64 66
69 37 : 0 2 3 4 6 7 8 9 10 11 12 15 16 17 18 19 20 21 25 26 27 28 29 31 33 34 35 51 53 54 57 58 59 60 62 63 66
70 37 : 0 3 4 5 6 7 8 12 14 15 16 17 18 21 22 25 26 27 29 33 34 35 38 39 42 44 45 46 48 50 54 56 60 61 62 65 66
71 37 : 0 1 4 5 6 10 11 12 14 15 16 17 21 22 25 31 32 33 34 35 38 39 41 42 43 44 49 52 53 54 57 58 59 60 61 65 66
72 37 : 0 1 2 4 5 7 9 11 12 16 19 22 26 28 29 30 33 34 35 39 41 44 45 46 47 48 52 55 57 58 59 61 62 63 64 65 66
73 37 : 0 3 5 6 10 13 14 16 18 19 21 22 23 24 26 28 30 32 33 35 37 39 40 44 48 50 51 52 53 55 56 57 60 63 64 65 66
74 37 : 0 4 5 6 8 9 10 11 13 14 16 17 19 20 22 23 24 28 30 34 35 38 39 40 41 42 43 44 45 46 50 53 56 58 59 64 66
75 38 : 0 3 6 7 8 9 10 11 12 14 16 20 24 25 27 28 29 30 32 33 34 37 38 40 41 42 43 45 50 51 52 53 54 57 58 63 64 66
76 36 : 1 3 6 7 8 9 10 12 14 15 17 18 19 21 22 23 24 28 30 31 33 35 36 37 38 40 45 48 50 51 52 57 58 63 64 65
77 37 : 0 2 3 5 6 10 11 13 16 18 20 21 23 24 25 26 27 28 29 32 33 34 35 36 39 40 41 43 46 47 50 54 55 56 57 59 63
78 37 : 1 2 3 8 9 11 13 14 18 21 22 23 25 26 27 28 29 30 31 32 35 36 37 43 44 45 46 48 51 54 55 56 57 61 62 63 64
79 37 : 0 1 2 4 5 8 10 13 16 17 21 23 26 28 30 32 34 35 36 37 38 40 41 44 45 47 50 55 57 58 59 60 61 62 64 65 66
80 37 : 0 3 4 6 8 9 10 13 14 17 19 21 24 25 27 29 31 33 34 35 36 38 39 40 42 44 46 48 51 52 54 55 58 61 63 64 66
81 38 : 0 1 2 3 4 5 6 7 8 9 10 11 14 15 20 21 22 24 25 27 28 31 33 35 41 44 46 47 48 49 50 54 56 59 60 61 63 64
82 37 : 0 1 5 7 9 10 11 14 16 18 20 21 24 31 32 34 35 38 41 42 43 45 47 50 51 52 53 54 55 56 57 58 59 61 62 63 64
83 37 : 0 4 6 7 8 11 12 13 15 17 19 21 24 25 26 28 29 30 31 32 33 35 36 37 39 40 42 43 44 48 49 51 52 53 59 64 66
84 38 : 0 1 3 4 5 6 7 9 10 11 13 14 16 20 21 22 23 24 25 28 34 35 38 39 40 43 44 45 47 48 49 50 52 53 57 58 59 63
85 37 : 0 1 4 5 7 9 10 11 14 16 19 22 23 25 26 27 28 30 31 33 35 38 39 42 43 46 47 51 54 55 56 57 59 61 63 64 65
86 36 : 0 1 5 6 8 9 10 11 12 13 14 20 21 25 27 28 31 35 36 37 41 42 44 47 49 50 51 52 53 55 56 58 61 63 64 66
87 37 : 0 1 5 6 8 10 11 12 15 18 21 23 24 27 28 29 31 33 34 35 36 38 41 42 45 46 48 52 53 54 55 58 60 62 63 65 66
88 37 : 0 2 3 5 6 7 9 10 11 13 14 16 17 22 25 27 28 29 30 31 33 35 37 39 40 47 51 52 53 55 56 57 58 60 62 63 66
89 37 : 0 1 3 8 9 11 13 14 16 19 20 21 22 23 24 26 31 32 34 35 38 39 41 42 43 44 47 49 50 51 53 54 58 59 60 63 65
90 37 : 0 2 4 7 9 10 11 13 14 15 16 17 18 20 21 24 26 27 30 31 32 35 36 39 40 42 43 44 45 46 47 48 53 55 64 65 66
91 37 : 0 2 3 4 7 8 9 11 12 13 15 20 21 22 23 24 26 27 28 29 40 41 44 45 47 48 49 52 53 54 55 56 57 62 63 65 66
92 37 : 0 1 2 3 6 9 10 11 12 13 14 17 20 21 25 26 27 28 29 30 32 33 34 39 43 45 46 49 51 52 53 55 58 59 60 62 64
93 37 : 0 2 4 7 8 9 11 12 14 17 20 22 24 25 31 32 33 35 36 37 38 42 44 46 47 48 51 53 54 55 56 58 59 60 61 62 63
94 37 : 2 4 5 8 9 10 14 16 18 20 21 22 23 24 26 27 28 29 31 34 36 38 40 41 43 44 47 49 51 52 55 56 57 58 59 60 66
95 37 : 0 2 3 5 6 11 13 14 15 16 19 20 21 22 23 24 25 28 29 31 34 35 36 37 39 40 42 43 47 48 49 53 58 59 60 63 64
96 37 : 1 2 6 7 10 11 14 15 17 18 19 23 25 26 29 30 33 34 35 36 38 39 41 44 46 48 49 51 52 53 56 57 58 59 60 61 63
97 37 : 1 4 5 6 7 9 10 11 12 14 15 16 19 20 21 23 24 27 29 32 34 35 36 41 43 44 45 46 47 52 54 57 60 62 63 64 66
98 37 : 0 2 4 5 6 7 10 11 13 14 19 21 22 23 24 26 29 31 32 34 35 37 39 42 44 46 47 48 49 55 56 57 59 60 61 63 65
99 37 : 2 3 4 6 9 13 15 16 17 18 19 20 21 23 24 27 28 29 30 32 33 37 42 44 46 47 48 49 50 56 57 58 60 61 63 65 66
