N C E M
100 100 4950 2475
Opt_part_L_size, Opt_part_R_size, Opt_number_of_colors
12 88 35
N of L changes = 5
Min number of labels in a vertice, Max number of labels in a vertice
36 43
Solution Set
4(18) 63(18) 80(18) 16(19) 23(19) 5(29) 69(30) 91(33) 0(34) 75(35) 62(35) 33(35) 72(35) 57(36) 46(37) 30(37) 15(38) 26(38) 8(38) 7(40) 82(40) 64(41) 55(42) 79(43) 40(44) 45(44) 47(44) 43(45) 50(45) 97(45) 85(45) 70(45) 18(47) 42(47) 48(47) 
Number of edges by Color (l n)
0 18 47
1 42 47
2 48 47
3 43 45
4 50 45
5 70 45
6 85 45
7 97 45
8 40 44
9 45 44
10 47 44
11 79 43
12 55 42
13 64 41
14 7 40
15 82 40
16 8 38
17 15 38
18 26 38
19 30 37
20 46 37
21 57 36
22 33 35
23 62 35
24 72 35
25 75 35
26 0 34
27 91 33
28 69 30
29 5 29
30 49 20
31 1 19
32 2 19
33 3 19
34 6 19
35 12 19
36 13 19
37 14 19
38 16 19
39 19 19
40 20 19
41 22 19
42 23 19
43 28 19
44 29 19
45 35 19
46 36 19
47 39 19
48 44 19
49 68 19
50 94 19
51 4 18
52 9 18
53 10 18
54 11 18
55 17 18
56 21 18
57 24 18
58 25 18
59 27 18
60 31 18
61 32 18
62 34 18
63 37 18
64 38 18
65 41 18
66 51 18
67 52 18
68 53 18
69 54 18
70 56 18
71 58 18
72 59 18
73 60 18
74 61 18
75 63 18
76 65 18
77 66 18
78 67 18
79 71 18
80 73 18
81 74 18
82 76 18
83 77 18
84 78 18
85 80 18
86 81 18
87 83 18
88 84 18
89 86 18
90 87 18
91 88 18
92 90 18
93 92 18
94 93 18
95 95 18
96 96 18
97 98 18
98 99 18
99 89 17
Label List by vertices (vertice Id, Number of labels : set of labels
0 42 : 0 1 3 5 7 13 15 18 20 23 26 30 32 33 37 42 43 44 45 46 47 48 50 51 52 54 58 63 64 65 66 68 69 70 71 72 74 81 82 89 95 97
1 42 : 1 2 5 7 9 10 11 12 14 15 20 21 22 26 27 30 34 36 42 43 46 48 49 53 57 58 60 63 64 68 69 71 72 75 77 84 86 91 92 94 95 98
2 42 : 5 6 8 10 11 13 14 20 28 29 30 42 43 46 47 48 50 53 54 55 56 57 58 59 62 63 65 67 68 71 73 75 77 79 82 89 91 93 94 96 97 99
3 42 : 1 3 6 7 9 11 15 18 21 22 24 25 29 30 31 39 40 42 45 46 48 50 51 52 54 55 56 58 60 64 65 70 72 74 76 77 78 91 96 97 98 99
4 42 : 5 7 8 10 11 13 15 17 18 19 20 25 27 29 32 34 40 42 46 47 48 52 55 56 59 60 64 65 69 71 73 74 82 86 87 88 90 91 92 93 98 99
5 38 : 1 5 7 8 10 15 18 26 27 30 32 33 37 40 42 43 45 46 47 48 50 55 57 58 60 62 64 69 70 72 75 79 80 82 83 85 91 97
6 42 : 1 8 11 12 13 14 15 19 23 25 26 27 29 31 33 35 36 39 41 46 47 49 52 55 57 59 61 63 64 65 67 71 72 75 79 80 81 85 87 90 97 98
7 42 : 7 12 15 16 17 18 19 22 25 32 34 35 36 37 40 44 46 50 51 52 53 54 56 60 63 64 66 67 69 70 71 72 73 76 77 83 84 88 89 90 98 99
8 42 : 3 5 9 11 13 19 22 24 25 28 29 32 34 35 41 42 43 44 45 47 49 50 51 54 56 57 60 61 68 70 71 72 78 79 84 86 87 88 89 94 95 97
9 42 : 2 8 14 16 17 18 19 22 23 25 26 28 31 32 33 36 38 40 42 44 45 49 51 52 55 56 62 64 67 68 73 74 76 78 83 86 90 91 94 95 97 98
10 42 : 0 1 3 6 7 11 15 22 26 28 29 30 32 33 38 39 42 45 46 47 48 51 54 56 59 61 64 70 71 72 73 75 77 78 82 83 85 88 92 95 97 98
11 42 : 0 1 2 4 6 7 8 11 16 18 21 22 28 29 30 31 34 37 42 46 49 51 52 53 56 61 64 65 67 68 69 74 75 77 79 81 84 85 87 95 96 99
12 42 : 1 3 8 9 10 13 14 16 17 18 22 26 27 28 37 38 42 45 48 51 52 57 59 61 62 63 64 65 68 70 72 77 79 80 85 86 88 89 90 91 94 99
13 42 : 1 2 4 6 7 10 20 24 25 29 30 34 35 41 43 44 45 48 53 54 56 61 64 67 68 70 71 72 73 74 76 77 79 81 84 85 86 88 89 91 92 97
14 42 : 0 2 4 11 19 20 23 24 26 27 31 32 35 38 39 41 43 44 47 48 49 50 52 55 56 57 58 59 60 63 64 66 67 68 73 75 79 84 85 87 95 97
15 42 : 0 6 7 8 9 10 12 13 17 18 19 22 23 26 28 31 34 35 37 42 45 48 50 51 53 60 62 63 64 66 68 70 74 75 76 77 78 79 80 90 93 97
16 42 : 3 5 12 16 19 21 30 32 33 34 36 37 41 42 43 45 46 48 50 51 52 55 56 57 59 60 68 70 75 77 78 79 82 84 85 89 90 93 94 95 96 99
17 42 : 0 2 4 6 8 10 13 14 15 18 22 24 25 26 27 30 36 39 40 41 42 43 45 46 47 50 54 58 64 68 70 72 73 74 77 81 83 85 86 94 95 98
18 42 : 0 3 4 9 13 14 15 18 20 21 26 28 36 37 39 44 45 46 48 49 50 53 57 59 64 66 67 68 70 71 73 75 81 83 85 86 87 88 91 93 95 99
19 42 : 1 2 6 8 10 11 12 13 14 17 18 24 26 27 28 29 31 33 35 36 42 43 47 50 52 55 56 57 61 63 65 70 73 75 77 78 81 85 87 96 97 98
20 42 : 4 7 9 13 14 16 18 19 24 26 30 31 34 36 37 38 42 44 45 47 48 49 50 51 52 53 54 55 57 61 65 74 75 80 81 85 86 88 91 92 93 97
21 42 : 1 2 3 10 13 14 18 20 22 23 24 25 27 28 30 31 33 36 40 45 46 47 51 53 54 57 60 61 64 66 70 72 74 80 82 83 85 86 91 92 95 97
22 36 : 0 1 2 7 15 18 27 30 34 39 40 43 44 45 46 47 48 50 52 55 57 59 62 64 68 69 70 72 75 79 82 85 91 93 94 97
23 42 : 2 3 4 6 7 8 9 10 18 19 20 26 29 32 37 38 39 41 42 43 47 48 49 50 51 53 55 58 61 62 65 70 74 75 77 78 80 82 84 85 98 99
24 42 : 2 4 5 6 7 16 19 20 25 27 28 29 30 31 33 34 43 45 46 52 55 56 58 65 66 67 68 70 73 74 75 76 79 81 85 86 88 94 95 96 97 98
25 42 : 1 5 7 11 12 14 15 17 20 22 24 25 26 31 32 33 35 37 40 45 46 50 52 53 54 55 56 57 62 63 66 68 72 74 81 83 85 88 90 93 96 98
26 42 : 3 4 5 6 11 12 18 24 25 27 29 30 35 38 40 41 43 47 48 49 52 55 57 58 59 60 63 64 66 67 68 70 72 74 76 82 87 90 91 94 97 99
27 42 : 0 3 6 9 10 15 17 21 23 24 26 27 29 30 38 39 42 43 45 46 47 50 55 56 57 62 63 64 66 71 72 74 75 79 82 83 87 90 94 97 98 99
28 38 : 0 3 7 8 15 18 22 26 30 33 38 40 41 42 43 45 47 48 50 55 57 59 62 63 64 69 70 71 72 75 76 79 82 83 85 91 93 96
29 39 : 0 5 7 8 9 15 17 18 26 30 33 37 40 42 43 45 46 48 50 55 57 59 61 62 63 64 69 72 75 79 81 82 85 88 91 94 95 97 99
30 42 : 0 1 3 5 18 19 23 28 33 34 38 39 41 42 43 45 47 48 52 53 54 55 57 63 65 66 67 68 69 72 73 76 77 78 80 84 85 88 90 91 94 95
31 40 : 0 2 5 7 15 16 18 23 26 30 33 36 40 42 43 45 46 47 48 50 53 55 57 62 64 65 68 69 70 72 75 76 79 80 82 85 88 90 91 97
32 39 : 0 5 8 9 13 15 18 20 21 22 23 26 30 33 34 39 40 42 43 46 47 48 50 55 57 59 60 62 64 69 70 72 75 79 82 85 91 92 97
33 42 : 0 1 2 3 4 7 12 13 17 18 19 28 32 33 36 38 40 43 45 47 49 51 52 56 57 59 61 62 63 65 68 69 70 75 76 79 85 88 89 94 95 96
34 42 : 1 3 8 9 10 13 15 16 19 20 21 22 28 32 33 34 36 38 39 41 42 43 44 51 52 53 55 56 61 62 64 66 70 72 74 75 84 88 89 90 97 99
35 42 : 0 2 4 6 7 10 14 16 17 18 20 21 23 25 28 29 30 31 32 34 35 38 40 50 51 53 55 58 60 62 63 64 67 68 73 74 75 76 82 85 91 99
36 38 : 0 5 7 8 15 21 24 26 27 30 33 38 40 42 43 45 46 47 48 50 55 57 62 63 64 65 67 69 70 72 75 82 85 91 92 93 95 97
37 42 : 0 3 7 8 10 11 12 15 16 20 31 33 36 41 43 46 49 53 55 56 59 60 61 62 64 65 66 68 73 74 75 80 82 84 86 88 90 91 92 94 96 99
38 42 : 2 4 5 6 7 10 14 16 18 19 22 25 27 28 29 31 34 35 37 41 42 44 45 47 48 49 50 52 53 55 56 58 61 63 64 67 69 76 79 83 85 93
39 42 : 1 4 5 7 8 11 15 18 20 21 23 27 28 31 33 34 37 39 40 43 49 51 52 55 61 62 64 68 69 73 79 80 81 82 85 87 89 91 92 93 94 99
40 42 : 0 1 2 3 8 10 16 17 19 21 22 23 27 29 31 34 35 36 37 38 40 42 49 50 52 55 60 65 67 69 72 73 76 79 80 81 83 86 88 90 97 99
41 42 : 0 4 5 8 11 13 15 21 23 25 27 31 32 33 35 37 39 40 41 42 43 44 45 46 51 54 55 60 61 63 66 68 69 74 76 77 81 86 88 89 93 96
42 40 : 0 3 5 8 15 18 20 24 26 30 33 39 40 42 43 45 46 47 48 50 55 57 62 64 69 70 71 72 74 75 79 80 82 85 88 90 91 92 94 97
43 42 : 2 3 6 8 9 15 17 20 25 28 29 35 43 51 56 60 61 62 64 65 66 68 69 75 77 78 79 80 81 82 83 84 85 86 89 90 91 93 95 96 97 98
44 41 : 0 2 7 10 13 14 16 17 19 25 28 31 33 34 35 36 38 41 42 43 45 49 55 62 63 64 65 66 69 71 76 78 80 81 86 87 91 92 94 95 96
45 42 : 7 10 11 13 17 18 19 20 21 24 25 30 34 36 39 40 41 45 47 48 49 50 51 54 57 61 62 68 72 73 77 78 79 81 84 85 86 87 90 92 95 96
46 42 : 3 4 5 6 7 9 13 15 16 21 22 24 25 27 30 31 33 35 39 40 41 42 48 49 53 56 59 64 65 66 68 69 72 73 79 81 87 92 93 94 96 98
47 42 : 0 4 9 10 12 13 14 15 18 19 25 26 27 34 35 36 37 38 41 42 46 50 55 63 64 66 70 71 74 79 80 83 84 85 86 87 88 89 90 91 93 96
48 42 : 1 4 5 8 9 12 13 14 16 17 20 22 24 26 27 30 32 36 38 40 43 44 53 54 55 57 59 60 62 64 67 71 76 77 80 81 82 83 85 87 88 89
49 41 : 0 4 5 7 8 10 15 18 21 22 26 30 33 36 40 42 43 45 46 47 48 50 55 57 60 62 64 69 70 71 72 75 79 81 82 85 88 89 91 94 97
50 41 : 3 6 8 10 12 14 15 17 18 24 25 29 30 32 33 39 40 42 43 45 50 51 54 60 65 68 70 72 75 76 78 79 80 82 83 84 85 86 87 93 97
51 42 : 7 8 10 11 12 15 16 17 19 24 28 30 31 34 35 36 38 39 40 42 45 47 48 51 53 55 57 58 59 62 69 75 78 80 82 83 86 87 88 92 94 96
52 42 : 1 2 4 16 22 24 27 28 30 36 37 38 39 40 42 43 44 46 50 53 54 55 57 58 60 61 66 72 76 78 79 80 81 82 85 86 87 88 91 93 97 99
53 42 : 0 3 6 7 9 10 12 15 18 19 23 26 27 32 33 34 35 38 40 42 43 45 46 47 51 52 57 61 62 63 64 65 69 73 75 76 78 81 82 89 92 99
54 42 : 6 7 9 17 18 20 25 26 27 28 29 31 39 40 42 43 44 46 47 48 50 53 54 56 58 59 65 66 68 69 71 74 77 78 80 82 84 87 89 90 92 94
55 42 : 3 6 7 8 10 11 12 13 14 15 16 17 18 21 26 27 28 29 32 34 35 37 39 46 48 49 50 53 54 60 62 65 69 70 71 72 80 82 91 94 96 98
56 42 : 1 5 8 12 15 18 20 21 24 25 29 30 33 36 37 42 46 47 49 55 56 57 59 60 61 63 65 66 67 69 72 73 75 80 81 83 87 92 93 94 97 99
57 42 : 2 5 7 9 12 13 15 16 19 21 26 28 36 40 41 43 47 48 49 50 51 56 57 58 64 68 69 71 72 73 74 76 79 82 83 84 89 90 91 92 95 96
58 42 : 1 3 12 13 15 16 17 18 19 29 30 32 34 35 36 37 38 40 42 43 45 47 48 50 51 53 54 61 63 70 72 73 74 75 79 80 81 87 88 89 92 96
59 42 : 0 2 4 8 11 13 14 17 19 26 28 29 30 31 35 39 40 41 43 47 50 51 59 61 66 68 69 70 71 72 74 75 76 77 84 85 87 89 91 92 97 99
60 42 : 2 5 6 7 9 14 16 17 18 19 20 22 23 26 40 45 47 48 50 51 54 61 62 64 65 66 67 69 75 77 80 82 84 85 86 87 89 90 93 94 95 97
61 42 : 7 8 11 12 13 14 18 22 23 26 30 31 41 49 52 53 54 58 59 61 63 64 65 67 68 69 70 72 76 77 78 81 82 83 84 85 87 88 90 93 96 97
62 42 : 0 1 5 6 7 10 11 12 14 15 19 20 23 30 33 34 35 36 40 42 45 48 49 51 55 57 58 64 67 71 72 73 74 81 83 84 86 89 92 93 97 99
63 41 : 1 10 11 13 14 17 23 25 26 30 31 32 36 38 42 44 47 48 49 50 55 58 59 61 62 65 69 70 74 78 79 84 85 89 90 92 93 94 96 97 98
64 42 : 2 3 7 8 11 12 15 18 20 22 23 24 25 26 27 28 29 30 33 38 39 42 43 44 45 46 47 48 53 57 58 66 67 69 79 81 85 88 91 92 94 97
65 42 : 0 1 4 5 11 12 19 22 23 24 25 30 32 33 34 38 40 41 43 44 51 54 55 62 66 67 70 71 72 74 75 77 78 79 82 84 87 88 92 95 96 97
66 42 : 0 3 5 6 7 8 11 12 15 16 18 19 21 22 23 29 32 33 35 36 38 40 44 49 59 60 61 62 63 67 70 71 75 79 80 82 84 87 92 93 97 98
67 42 : 0 2 4 6 8 10 12 16 21 28 29 31 33 36 37 39 41 43 47 49 50 53 54 55 56 62 69 70 72 77 79 81 82 83 85 86 87 90 91 96 97 99
68 42 : 3 4 6 9 13 15 17 19 23 25 26 30 31 34 36 38 40 41 42 44 45 47 48 49 54 55 58 60 62 64 65 67 70 71 79 82 85 88 89 92 93 98
69 42 : 0 4 9 11 13 14 16 18 21 29 31 34 35 37 39 41 42 43 47 48 49 50 52 54 55 57 60 62 66 67 69 73 75 77 79 82 88 90 91 94 97 99
70 42 : 0 1 2 4 5 7 9 13 14 15 18 19 20 22 23 24 28 30 31 38 39 45 47 48 49 56 57 63 64 66 70 75 76 77 79 81 82 84 86 91 98 99
71 42 : 1 2 6 7 9 10 15 16 17 20 24 29 30 32 34 36 39 40 42 44 50 52 57 58 61 63 64 65 68 70 71 74 78 82 83 91 92 95 96 97 98 99
72 42 : 1 3 6 7 14 16 22 23 27 28 30 31 33 35 39 43 45 46 48 51 59 60 62 68 69 70 71 72 73 76 78 82 83 86 87 88 90 94 95 97 98 99
73 42 : 0 1 9 10 11 12 15 16 18 24 26 31 32 33 37 40 42 44 45 46 47 49 53 55 57 59 61 63 70 74 76 79 84 85 90 91 93 94 95 97 98 99
74 41 : 0 1 2 5 6 7 9 10 14 15 19 23 27 29 32 34 35 37 43 45 47 48 54 56 57 58 59 60 64 70 71 72 76 80 87 91 92 94 96 97 98
75 42 : 0 2 6 9 10 11 16 17 18 19 21 23 26 29 30 33 36 37 43 44 45 47 48 52 55 58 60 61 62 66 72 73 75 76 78 84 90 92 94 95 97 98
76 41 : 4 5 8 9 15 18 20 21 22 23 24 26 28 29 31 32 33 35 37 40 42 44 45 46 55 57 58 61 66 71 74 75 78 79 84 85 86 87 89 98 99
77 42 : 0 3 5 6 10 11 12 14 20 21 22 23 24 30 32 36 39 40 43 44 45 46 47 48 49 50 53 56 57 58 59 66 69 71 72 78 83 86 87 89 90 96
78 43 : 1 3 4 6 8 11 18 20 23 26 27 29 31 34 35 39 43 44 45 46 49 50 51 54 55 60 63 65 66 67 68 70 77 78 81 82 86 87 90 92 94 95 98
79 41 : 4 5 6 7 8 9 14 18 20 21 22 23 26 27 29 32 33 35 41 44 46 48 50 52 54 57 59 62 63 65 71 72 73 74 79 80 86 88 93 95 97
80 41 : 2 4 6 7 12 15 18 20 21 23 24 25 33 37 40 41 44 47 54 55 58 59 62 64 65 66 67 68 75 78 79 85 86 89 90 91 92 93 95 96 97
81 40 : 0 5 6 7 8 15 16 18 21 26 27 30 33 39 40 41 42 43 44 45 46 47 48 50 55 57 62 64 70 72 74 75 79 82 85 91 93 95 97 99
82 41 : 2 6 7 8 9 12 13 19 22 26 27 29 30 34 38 40 41 42 43 44 48 49 52 53 56 58 61 68 70 73 76 77 79 80 81 83 87 89 90 91 93
83 41 : 1 2 3 5 12 13 14 20 21 27 28 31 34 35 36 37 42 43 45 47 51 52 53 55 56 57 62 70 71 72 73 75 81 82 83 84 85 88 93 98 99
84 41 : 0 3 8 9 10 12 13 14 17 18 19 23 26 28 30 35 36 37 40 41 45 48 49 51 52 55 58 62 63 67 72 73 75 79 80 81 83 84 88 93 99
85 41 : 3 5 9 11 12 14 17 18 21 22 25 29 33 34 35 37 39 42 45 46 53 55 58 62 66 67 69 70 71 75 76 78 83 85 86 87 92 93 96 97 98
86 41 : 0 1 2 4 5 12 14 15 16 17 18 19 23 25 26 30 32 34 35 38 39 41 42 43 44 45 46 57 58 62 67 70 79 80 82 85 89 95 96 97 99
87 41 : 2 6 8 9 13 14 15 16 18 21 24 25 26 28 31 32 37 42 43 47 48 49 50 53 54 55 56 57 59 65 72 75 76 77 78 82 85 86 91 92 95
88 40 : 0 2 5 7 8 13 15 18 24 26 30 32 33 35 42 43 45 46 47 48 50 52 55 57 61 62 64 69 70 71 72 75 79 82 85 89 91 95 96 97
89 41 : 3 4 7 11 14 16 17 18 19 20 24 30 33 35 38 40 42 43 44 45 47 53 55 56 60 61 64 67 70 71 73 76 80 82 83 88 89 93 94 96 98
90 41 : 1 2 3 8 12 17 18 21 23 24 25 26 32 40 42 44 46 54 56 60 61 62 66 67 70 73 77 78 79 80 82 83 84 85 87 90 91 94 96 98 99
91 41 : 0 5 7 8 13 14 15 18 19 21 22 23 33 37 38 41 44 45 47 48 50 55 56 59 60 64 66 67 70 72 73 77 78 79 83 84 87 89 93 94 98
92 41 : 0 4 6 7 13 15 16 18 20 24 25 28 33 35 37 38 39 43 44 45 47 48 49 52 54 56 58 59 64 65 69 72 76 77 83 84 86 89 93 94 95
93 41 : 1 4 5 8 9 10 11 15 17 21 25 27 29 32 36 39 41 46 47 49 51 54 57 58 59 62 63 73 74 75 78 81 82 83 85 86 89 90 91 92 98
94 41 : 1 2 3 4 7 8 9 10 11 13 16 18 22 23 24 28 29 31 33 37 40 42 45 46 47 48 49 50 53 58 59 69 70 75 77 78 83 84 91 95 97
95 41 : 0 1 2 3 5 7 12 16 17 20 22 26 27 37 38 41 42 43 44 45 46 48 51 52 57 60 62 63 66 73 75 77 78 79 80 84 86 91 96 98 99
96 41 : 11 12 14 17 20 21 23 26 27 28 29 30 32 33 36 41 42 44 45 46 47 50 51 52 54 55 59 67 68 71 72 73 74 76 77 80 81 84 90 96 97
97 41 : 7 8 11 12 18 19 21 25 26 28 31 36 38 39 44 46 48 49 50 54 55 56 57 60 62 63 67 69 74 76 77 78 79 80 85 88 91 95 96 97 98
98 40 : 0 2 5 6 7 8 15 17 18 22 24 26 30 33 35 40 42 43 45 46 48 50 53 55 57 58 60 62 64 67 69 70 72 75 79 82 85 91 92 97
99 41 : 0 1 3 4 5 7 8 9 12 14 15 16 20 22 24 25 28 32 38 39 41 42 45 47 49 50 52 57 58 65 69 72 76 78 79 81 82 83 94 98 99
