N C E M
100 83 4950 2475
Opt_part_L_size, Opt_part_R_size, Opt_number_of_colors
11 89 32
N of L changes = 7
Min number of labels in a vertice, Max number of labels in a vertice
33 42
Solution Set
26(22) 39(22) 65(23) 6(23) 12(23) 0(24) 3(24) 59(39) 74(41) 45(42) 67(42) 41(42) 73(43) 81(43) 13(44) 30(44) 80(44) 2(44) 36(45) 5(45) 69(47) 18(47) 1(49) 11(49) 7(51) 28(52) 46(52) 23(53) 60(53) 15(54) 53(54) 57(54) 
Number of edges by Color (l n)
0 15 54
1 53 54
2 57 54
3 23 53
4 60 53
5 28 52
6 46 52
7 7 51
8 1 49
9 11 49
10 18 47
11 69 47
12 5 45
13 36 45
14 2 44
15 13 44
16 30 44
17 80 44
18 73 43
19 81 43
20 41 42
21 45 42
22 67 42
23 74 41
24 59 39
25 0 24
26 3 24
27 4 24
28 6 23
29 8 23
30 9 23
31 10 23
32 12 23
33 16 23
34 17 23
35 19 23
36 20 23
37 22 23
38 27 23
39 32 23
40 44 23
41 50 23
42 55 23
43 58 23
44 63 23
45 64 23
46 65 23
47 72 23
48 14 22
49 21 22
50 24 22
51 25 22
52 26 22
53 29 22
54 31 22
55 33 22
56 34 22
57 35 22
58 37 22
59 38 22
60 39 22
61 40 22
62 42 22
63 43 22
64 47 22
65 48 22
66 49 22
67 51 22
68 52 22
69 54 22
70 56 22
71 61 22
72 62 22
73 66 22
74 68 22
75 70 22
76 71 22
77 75 22
78 76 22
79 77 22
80 78 22
81 79 22
82 82 22
Label List by vertices (vertice Id, Number of labels : set of labels
0 41 : 2 4 5 9 11 14 15 19 24 25 26 30 31 33 34 35 36 37 40 42 44 46 47 48 50 55 58 59 60 61 62 63 65 66 67 68 71 73 76 79 82
1 40 : 1 3 5 6 7 8 10 11 15 16 19 20 23 29 31 32 33 37 39 40 43 46 47 48 49 50 53 54 60 61 63 65 66 70 72 74 75 76 78 79
2 41 : 1 4 6 8 10 11 13 15 17 18 21 22 25 27 29 30 32 33 35 36 43 44 45 47 49 50 51 55 56 58 59 60 62 66 69 71 73 77 78 80 81
3 41 : 0 1 7 9 10 11 13 16 17 18 19 20 22 23 24 28 30 31 32 33 35 37 38 40 42 46 54 57 58 62 63 65 66 67 69 70 71 72 77 78 81
4 41 : 0 1 3 6 7 11 13 16 18 19 22 23 25 27 31 32 33 37 38 39 42 44 46 47 48 49 52 53 57 61 62 66 67 69 71 73 74 75 76 78 80
5 41 : 0 2 4 9 10 11 13 14 15 17 20 21 22 24 26 27 30 32 33 35 37 40 41 43 46 49 56 58 59 60 62 63 66 71 73 75 76 79 80 81 82
6 41 : 0 2 3 4 5 6 9 10 16 18 21 22 25 28 29 30 36 37 44 47 48 50 51 57 58 59 60 62 63 64 65 66 68 69 70 71 72 73 77 81 82
7 33 : 1 2 5 7 11 15 18 23 28 30 36 38 41 44 45 46 51 53 54 57 58 59 60 61 63 67 69 73 74 77 78 80 81
8 41 : 0 1 2 4 8 13 14 15 17 20 21 24 25 27 30 31 33 35 36 40 41 44 46 47 48 49 51 56 57 59 60 61 63 64 65 70 73 74 78 79 80
9 41 : 1 2 4 6 9 10 11 12 13 14 16 18 19 21 22 23 25 30 42 43 44 45 46 50 53 55 57 60 61 63 66 69 71 72 74 77 78 79 80 81 82
10 41 : 1 7 10 11 12 13 14 15 16 18 19 20 21 23 24 26 30 33 34 38 43 44 45 47 49 51 53 54 55 56 58 60 61 64 67 70 73 75 80 81 82
11 41 : 0 1 7 12 15 16 17 18 21 22 23 25 27 28 29 31 33 34 39 40 41 42 44 48 50 51 52 54 55 56 57 58 62 65 68 69 73 76 77 79 80
12 41 : 0 1 4 6 8 12 13 14 15 19 20 21 22 25 26 29 30 32 35 36 39 40 41 48 50 51 52 53 57 60 62 63 65 68 70 74 75 76 77 80 82
13 36 : 1 2 5 7 11 12 13 15 17 18 23 24 25 26 28 29 30 34 36 41 45 46 47 53 57 59 60 65 67 69 71 74 77 80 81 82
14 41 : 4 5 6 8 9 12 14 15 16 18 19 22 24 26 31 33 36 42 43 44 45 46 47 50 53 54 55 56 58 59 62 65 66 67 71 72 74 75 76 80 81
15 40 : 0 2 3 5 7 10 11 14 18 22 26 34 37 39 40 43 45 46 47 48 49 50 51 52 54 55 56 57 58 61 64 65 66 67 68 72 74 77 79 80
16 41 : 0 1 2 5 6 8 9 11 13 19 21 22 25 29 32 34 35 37 39 40 41 43 45 46 48 49 53 54 55 56 62 63 64 65 67 72 74 76 78 80 81
17 41 : 0 4 5 6 7 9 10 11 12 15 17 19 20 24 27 30 34 35 36 37 38 39 43 46 49 50 53 57 58 60 64 67 68 70 71 75 76 77 78 80 82
18 41 : 2 3 6 7 15 17 18 19 22 24 25 26 28 30 31 32 33 35 36 37 38 39 43 45 52 53 54 56 57 59 60 61 62 63 64 66 67 71 73 79 80
19 41 : 2 4 6 7 10 13 14 15 17 23 26 27 29 32 35 38 40 41 42 43 44 45 46 47 48 49 50 52 60 63 64 66 69 70 71 73 74 75 76 79 82
20 42 : 0 3 5 10 12 13 15 19 20 21 23 24 25 27 32 33 38 39 41 45 46 47 50 51 52 54 56 60 61 63 64 65 66 67 68 69 71 72 75 76 77 81
21 41 : 1 2 4 7 15 16 17 20 21 24 28 33 34 35 38 39 40 41 43 46 47 49 50 51 56 57 61 63 64 65 67 68 70 72 75 76 78 79 80 81 82
22 41 : 0 2 3 5 6 9 10 11 12 13 15 18 19 21 22 23 24 25 26 28 33 35 40 45 46 47 49 53 55 56 58 59 61 65 68 71 72 73 75 77 82
23 41 : 0 1 3 8 12 19 20 21 24 26 27 28 29 30 31 32 38 39 40 41 48 50 51 52 53 57 58 59 60 61 62 64 68 69 70 73 74 78 80 81 82
24 41 : 0 2 4 5 9 11 13 14 16 17 18 19 20 23 25 29 30 35 37 38 39 40 41 42 46 50 52 58 64 66 67 68 69 71 72 73 75 76 77 78 80
25 41 : 0 1 2 4 6 7 10 12 14 15 16 18 20 25 26 28 29 31 34 35 36 38 41 42 46 50 52 54 55 57 58 59 61 65 68 72 73 74 78 81 82
26 42 : 2 6 7 16 20 25 26 27 28 30 31 32 33 34 37 43 44 45 46 48 49 50 52 55 56 58 60 61 62 63 64 67 68 70 72 74 77 78 79 80 81 82
27 41 : 5 6 7 8 9 11 14 15 16 17 19 24 25 32 33 38 41 42 45 46 47 49 50 51 53 54 59 60 61 62 63 64 65 70 72 73 76 78 79 80 82
28 36 : 1 2 3 5 7 11 13 15 18 23 27 28 29 30 36 38 41 43 44 45 46 52 53 55 57 60 62 65 67 69 70 73 74 78 80 81
29 35 : 0 1 2 5 7 11 12 13 15 18 23 28 30 34 36 38 41 43 44 45 46 50 53 56 57 59 60 61 67 69 72 73 74 80 81
30 41 : 0 1 2 3 4 5 8 10 13 16 18 21 22 24 27 29 33 34 36 37 39 40 43 47 48 51 53 55 59 60 61 68 69 70 71 72 76 77 79 80 82
31 41 : 2 3 6 8 9 10 11 15 17 19 20 22 24 26 27 28 30 32 36 37 38 41 42 43 44 45 46 48 49 51 54 56 58 59 65 67 71 74 75 76 80
32 41 : 0 1 3 5 8 9 12 14 16 18 19 20 21 22 23 24 28 29 30 34 37 38 41 42 43 45 50 54 57 59 60 66 69 71 72 73 75 77 79 81 82
33 41 : 4 5 6 9 12 13 14 15 16 17 21 22 24 29 30 31 32 33 34 37 38 40 41 42 43 45 47 49 52 53 54 55 58 60 61 70 72 73 76 77 82
34 41 : 1 2 5 6 8 9 10 11 13 14 15 18 19 23 25 26 28 29 30 34 36 37 40 42 44 45 48 51 56 60 62 63 64 65 66 69 70 76 78 79 81
35 41 : 0 6 8 10 13 14 15 17 19 20 21 22 23 25 26 29 30 31 32 33 34 37 38 39 42 44 45 46 49 57 59 62 63 65 69 70 73 74 76 80 81
36 41 : 0 2 3 4 6 7 10 11 13 16 17 19 20 23 24 27 28 29 34 38 39 40 43 45 46 47 49 51 54 55 58 59 63 64 68 69 72 73 76 77 81
37 41 : 0 3 4 5 6 8 11 12 13 14 15 16 17 19 21 23 28 30 31 32 33 34 35 37 38 39 40 53 57 58 61 62 63 64 65 69 70 74 79 80 81
38 41 : 1 5 6 8 9 11 15 16 19 21 22 23 27 30 31 38 39 40 42 45 46 48 49 52 55 56 61 64 65 66 69 71 73 75 76 77 78 79 80 81 82
39 41 : 1 3 5 8 10 13 14 15 16 20 21 22 23 25 26 27 28 29 30 32 35 38 39 40 43 45 48 51 52 55 56 59 61 64 67 68 69 72 76 80 82
40 41 : 4 5 6 11 15 16 17 18 19 20 23 24 27 30 34 36 37 41 43 44 48 50 51 52 55 56 58 60 62 64 65 66 67 68 69 70 73 75 77 78 82
41 41 : 1 4 5 7 8 9 10 13 16 19 23 27 28 29 30 31 35 37 44 48 50 51 53 54 56 57 58 61 62 64 65 66 67 70 71 72 74 76 79 81 82
42 35 : 0 1 2 5 7 11 13 15 16 18 23 26 28 29 30 36 37 41 43 45 46 48 53 55 57 59 60 63 67 69 73 74 80 81 82
43 41 : 0 2 4 5 7 8 11 12 15 17 18 19 20 22 23 24 28 29 30 32 33 34 36 41 42 43 44 46 48 49 51 54 56 57 59 64 67 70 71 72 79
44 41 : 2 4 8 10 11 12 14 17 20 24 25 26 27 28 32 35 36 37 38 39 42 44 46 47 49 55 56 57 58 60 63 64 68 70 71 74 75 76 79 80 81
45 34 : 1 2 5 7 10 11 13 15 18 23 28 29 30 36 41 45 46 53 54 56 57 59 60 61 67 69 70 72 73 74 75 80 81 82
46 41 : 1 3 4 5 6 7 9 10 11 12 16 17 19 23 24 27 29 30 31 32 33 38 39 41 43 44 46 49 51 54 55 59 60 63 64 68 69 71 72 73 79
47 41 : 2 3 5 7 9 12 15 17 19 22 24 28 30 31 32 34 36 37 38 39 40 42 43 44 45 46 50 53 54 57 60 63 69 70 72 75 76 78 79 81 82
48 41 : 0 1 2 5 6 8 9 11 12 14 15 17 19 20 25 26 31 32 33 34 39 41 45 46 48 49 51 52 53 55 59 60 61 62 64 65 68 69 74 75 79
49 41 : 2 3 4 7 12 13 14 16 17 19 20 26 27 31 33 34 35 37 40 41 44 46 47 49 50 51 54 55 57 59 60 62 63 64 67 69 71 74 75 79 81
50 41 : 0 1 2 3 4 7 8 9 11 16 20 21 22 23 28 29 32 34 35 38 39 42 44 46 47 49 51 52 53 54 55 56 60 63 66 74 77 78 79 80 81
51 41 : 2 3 5 6 8 12 13 14 15 17 18 19 22 24 26 31 33 34 35 39 40 44 45 47 49 50 52 53 54 55 57 59 64 69 70 71 72 74 75 78 81
52 41 : 0 1 2 9 10 15 16 21 25 26 28 30 34 35 37 38 39 40 41 42 44 46 47 48 49 51 52 54 55 56 57 61 63 64 67 68 71 73 74 75 78
53 35 : 1 2 3 5 7 11 13 15 18 22 23 28 30 31 32 36 41 43 45 46 51 52 53 57 59 60 61 69 71 73 74 75 80 81 82
54 34 : 1 2 5 7 11 13 15 17 18 21 23 28 30 32 36 37 41 42 45 46 49 53 54 56 57 59 60 62 67 69 73 74 80 81
55 41 : 1 2 4 5 7 8 10 12 15 18 21 25 29 30 31 32 33 37 42 44 45 47 48 49 54 56 57 58 59 60 64 66 67 69 74 75 76 77 78 79 82
56 41 : 1 2 3 4 6 7 10 12 14 15 18 21 23 25 27 28 30 32 33 36 37 39 40 45 49 50 52 53 57 59 60 65 66 67 69 71 72 76 78 79 82
57 41 : 3 5 7 10 11 12 14 15 16 17 18 20 23 30 31 36 37 39 41 45 46 47 48 50 51 53 54 55 57 58 60 62 63 65 66 72 74 77 78 79 82
58 41 : 0 1 2 3 4 12 16 17 18 19 20 22 23 24 25 27 30 32 34 35 36 38 42 47 50 54 55 58 60 62 63 65 68 69 70 71 72 73 77 80 81
59 41 : 2 3 4 6 7 8 9 10 11 13 14 15 30 31 33 37 39 41 42 45 49 51 52 53 54 56 57 58 60 65 66 67 68 72 74 75 77 79 80 81 82
60 41 : 2 8 9 10 11 12 14 15 16 18 19 22 25 26 27 30 32 35 37 39 40 41 42 45 46 48 53 55 57 59 60 64 65 66 67 70 76 77 79 80 81
61 41 : 1 3 4 7 8 11 16 17 18 20 23 24 29 30 31 32 33 34 35 36 37 38 41 45 46 47 48 51 53 55 58 59 60 61 65 67 69 72 73 74 76
62 40 : 2 3 4 6 7 8 11 14 16 17 18 20 21 22 26 27 28 31 32 35 39 40 41 43 44 46 49 52 54 55 61 64 65 68 69 74 78 80 81 82
63 41 : 0 3 4 5 6 7 8 9 10 11 12 14 21 22 27 28 29 32 35 37 38 43 44 47 51 53 56 57 58 59 61 63 65 66 68 69 71 74 75 76 82
64 41 : 1 2 3 7 11 12 15 16 17 19 21 22 25 26 27 31 33 34 35 36 39 40 41 44 45 46 52 53 55 57 58 64 66 68 69 70 76 77 79 80 82
65 41 : 0 2 3 4 5 9 11 13 14 16 18 20 21 22 23 25 31 33 34 35 36 43 44 45 47 48 49 50 51 52 56 57 59 61 62 69 70 73 75 80 81
66 41 : 1 2 3 4 5 6 8 9 11 12 14 15 20 22 23 26 28 29 30 31 36 37 38 40 42 47 48 55 57 58 62 63 64 67 68 71 73 74 75 77 79
67 40 : 0 3 4 7 10 11 13 14 15 16 18 20 23 24 26 27 28 31 35 37 38 39 42 43 45 46 47 50 51 57 58 59 61 66 69 72 74 77 79 82
68 41 : 0 4 7 9 10 13 16 17 18 20 22 23 24 25 28 30 32 37 39 40 43 44 45 46 47 48 50 52 53 54 55 60 62 64 65 67 68 75 78 79 81
69 41 : 0 5 6 10 11 12 13 14 15 18 20 21 22 23 25 27 28 34 35 36 37 41 42 43 45 48 50 52 54 56 61 62 68 70 71 73 74 77 78 80 82
70 40 : 0 1 2 3 5 7 9 10 12 13 15 16 17 22 23 24 25 29 33 38 40 42 45 47 48 49 52 53 56 57 58 59 60 66 69 70 71 73 74 79
71 40 : 3 4 5 7 8 9 10 11 13 17 20 21 24 27 28 30 31 33 35 36 37 38 39 44 45 47 52 53 57 60 62 64 65 66 70 71 75 76 78 79
72 40 : 0 1 3 4 6 7 10 13 16 17 19 20 23 26 27 28 29 31 36 39 40 41 42 45 50 51 56 57 62 64 66 68 69 71 72 76 77 79 80 81
73 40 : 0 1 2 5 7 9 10 11 13 16 18 20 21 22 23 25 27 28 30 31 33 34 40 41 42 44 46 49 51 53 56 60 61 62 66 68 70 72 73 75
74 41 : 2 3 5 6 7 8 11 12 18 19 20 21 25 26 28 31 33 34 35 36 38 43 48 49 50 52 53 55 57 59 60 62 63 65 66 68 69 70 71 72 73
75 40 : 0 1 3 6 7 8 9 11 13 15 16 18 23 24 27 28 29 32 34 38 42 44 45 47 49 51 52 53 57 58 64 68 71 72 74 75 76 77 80 82
76 40 : 2 3 5 8 11 12 13 18 22 26 27 30 32 35 40 43 45 46 49 50 52 55 57 58 60 61 62 63 64 66 67 68 69 72 73 75 77 79 81 82
77 39 : 3 4 8 9 10 11 12 15 16 17 19 20 21 22 23 24 25 27 28 31 33 36 38 43 44 45 46 52 53 55 58 63 67 68 73 74 77 78 80
78 40 : 0 2 3 6 7 8 9 14 15 16 23 30 34 35 36 40 41 42 45 46 48 49 51 56 58 59 60 61 62 63 64 65 69 70 72 74 76 77 80 82
79 40 : 3 4 6 7 9 12 13 14 15 20 22 25 27 28 30 34 35 36 39 41 42 43 44 45 50 52 54 55 58 59 61 63 69 70 74 75 76 78 80 82
80 40 : 0 1 3 6 7 8 9 12 15 18 19 25 26 27 28 32 33 34 35 40 41 45 47 48 52 53 54 57 58 59 62 67 69 71 74 75 77 80 81 82
81 35 : 0 1 2 5 7 11 13 15 18 22 23 28 29 30 35 36 38 41 42 45 46 47 50 53 56 57 58 59 60 67 69 73 74 80 81
82 40 : 0 1 3 5 7 9 12 14 15 17 18 20 26 27 30 31 32 36 37 41 42 47 49 50 51 52 56 59 61 64 65 67 68 70 72 73 75 76 80 81
83 40 : 0 2 6 7 8 10 11 13 14 15 19 20 21 22 29 33 34 36 40 41 45 47 52 53 57 58 60 62 64 66 68 70 71 72 74 75 77 78 80 81
84 40 : 4 10 11 12 14 15 17 18 21 24 25 27 28 29 30 33 34 37 42 43 46 48 50 53 57 58 60 62 64 66 67 68 69 70 74 75 76 77 78 81
85 35 : 1 2 5 7 10 11 12 13 15 16 18 23 24 27 28 29 30 36 39 41 43 45 46 49 53 54 57 59 60 67 69 73 74 80 81
86 40 : 1 4 5 8 9 10 13 14 15 18 19 22 23 24 26 28 29 32 33 34 35 42 43 44 45 48 50 52 53 57 58 61 62 63 65 71 77 78 79 81
87 40 : 4 6 7 8 12 14 15 17 18 19 20 21 23 24 26 27 29 36 41 44 46 48 50 51 52 53 55 56 59 61 62 66 68 69 71 72 73 75 77 78
88 40 : 1 2 4 6 7 10 12 13 14 18 19 20 21 23 24 26 28 29 31 32 34 36 41 44 45 47 49 54 55 57 59 61 63 66 67 68 70 73 78 82
89 40 : 1 2 7 12 13 18 24 27 28 29 30 31 38 44 45 46 47 49 51 53 54 55 56 57 59 61 62 63 64 65 66 68 70 73 75 78 79 80 81 82
90 40 : 1 4 7 9 10 11 12 13 15 17 18 21 23 24 25 26 30 35 38 40 42 43 45 46 48 54 55 56 57 58 59 61 62 65 70 76 77 78 80 82
91 40 : 1 2 3 8 9 10 11 14 16 17 19 20 21 22 23 26 28 32 33 35 38 40 44 48 51 52 53 56 57 60 63 65 66 72 73 75 76 77 80 81
92 40 : 3 6 7 8 13 14 16 17 19 22 23 24 25 29 31 32 33 36 39 40 41 46 48 50 54 55 59 60 63 65 67 69 71 74 75 76 78 79 81 82
93 40 : 3 5 8 9 11 12 13 15 17 18 19 23 24 25 27 29 30 31 32 33 36 43 44 45 46 50 51 54 57 59 60 63 64 66 70 72 73 77 78 81
94 40 : 0 1 4 5 8 9 10 15 17 18 19 20 22 26 28 29 30 32 34 37 38 39 40 42 46 47 48 50 53 54 55 57 58 59 60 63 67 71 72 76
95 34 : 0 1 2 5 6 7 11 13 15 18 21 23 25 28 30 31 35 36 39 41 43 44 45 46 48 53 57 59 60 67 69 73 74 81
96 40 : 1 2 4 6 8 9 11 14 15 17 18 21 26 27 29 32 34 35 36 37 39 40 42 44 48 51 52 53 54 55 56 57 59 62 63 65 67 68 71 73
97 40 : 0 2 8 9 11 13 17 18 21 24 25 26 28 31 34 35 36 40 41 42 43 46 47 50 52 53 55 56 57 58 62 64 66 67 69 72 75 78 79 80
98 40 : 2 4 5 6 8 9 11 12 13 14 15 20 21 24 25 27 28 31 36 37 38 41 45 49 51 53 54 57 60 61 63 66 68 69 70 72 74 76 78 79
99 40 : 0 3 4 6 9 16 18 22 23 26 27 28 32 33 36 39 41 42 45 47 50 51 52 53 56 57 63 64 65 66 68 69 73 74 76 77 78 79 80 81
