N C E M
100 117 4950 2475
Opt_part_L_size, Opt_part_R_size, Opt_number_of_colors
13 87 35
N of L changes = 5
Min number of labels in a vertice, Max number of labels in a vertice
38 43
Solution Set
99(14) 7(15) 94(15) 5(16) 35(16) 111(27) 107(29) 47(31) 106(33) 93(33) 46(34) 115(35) 17(35) 8(37) 31(37) 3(38) 116(38) 22(39) 11(39) 112(39) 2(40) 15(40) 42(40) 95(41) 50(41) 96(42) 40(42) 105(43) 39(43) 67(44) 57(45) 21(46) 34(46) 98(49) 6(52) 
Number of edges by Color (l n)
0 6 52
1 98 49
2 21 46
3 34 46
4 57 45
5 67 44
6 39 43
7 105 43
8 40 42
9 96 42
10 50 41
11 95 41
12 2 40
13 15 40
14 42 40
15 11 39
16 22 39
17 112 39
18 3 38
19 116 38
20 8 37
21 31 37
22 17 35
23 115 35
24 46 34
25 93 33
26 106 33
27 47 31
28 107 29
29 111 27
30 29 17
31 30 17
32 5 16
33 9 16
34 13 16
35 24 16
36 35 16
37 45 16
38 53 16
39 55 16
40 62 16
41 75 16
42 85 16
43 90 16
44 109 16
45 0 15
46 1 15
47 4 15
48 7 15
49 10 15
50 12 15
51 14 15
52 16 15
53 18 15
54 19 15
55 20 15
56 23 15
57 25 15
58 26 15
59 27 15
60 28 15
61 32 15
62 33 15
63 36 15
64 37 15
65 38 15
66 41 15
67 43 15
68 44 15
69 49 15
70 51 15
71 52 15
72 54 15
73 58 15
74 60 15
75 61 15
76 63 15
77 66 15
78 68 15
79 69 15
80 70 15
81 73 15
82 74 15
83 77 15
84 81 15
85 87 15
86 88 15
87 92 15
88 94 15
89 102 15
90 104 15
91 110 15
92 48 14
93 56 14
94 59 14
95 64 14
96 65 14
97 71 14
98 72 14
99 76 14
100 78 14
101 79 14
102 80 14
103 82 14
104 83 14
105 84 14
106 86 14
107 89 14
108 91 14
109 97 14
110 99 14
111 100 14
112 101 14
113 103 14
114 108 14
115 113 14
116 114 14
Label List by vertices (vertice Id, Number of labels : set of labels
0 42 : 4 5 9 12 13 19 21 29 30 34 35 38 39 40 43 44 46 47 48 50 53 56 62 64 65 67 69 70 71 81 86 87 90 91 92 93 95 98 106 109 111 115
1 42 : 1 4 6 7 8 15 16 20 26 27 34 35 36 37 38 41 44 45 46 49 55 57 63 67 78 80 81 82 85 88 89 94 98 99 104 107 110 111 112 113 114 115
2 42 : 0 1 5 6 10 11 12 14 15 18 19 21 25 28 29 30 33 34 39 43 45 46 49 54 56 63 65 67 68 72 76 81 82 83 85 86 94 99 105 110 113 116
3 42 : 0 6 11 15 18 25 29 31 34 35 36 39 43 45 46 48 49 57 58 59 60 62 63 66 67 68 72 73 76 78 81 87 92 95 97 98 102 103 108 110 112 115
4 42 : 0 3 5 6 7 11 12 13 17 22 26 27 31 34 37 41 44 45 46 48 50 52 55 59 63 65 66 67 69 75 77 83 90 94 98 100 102 109 110 111 115 116
5 42 : 10 11 14 15 17 21 25 30 33 34 36 37 40 41 46 47 50 52 53 54 61 67 72 77 78 81 82 84 85 87 95 96 99 102 103 104 107 109 111 113 114 116
6 42 : 0 5 10 15 19 21 22 23 25 28 29 30 31 34 37 39 41 46 47 48 57 60 61 62 63 66 75 76 79 80 84 86 91 96 99 105 107 109 112 113 115 116
7 42 : 1 2 3 4 8 11 13 16 18 19 23 24 32 34 35 36 37 38 39 43 46 47 51 54 57 58 67 68 70 72 73 74 88 89 93 95 98 99 107 108 109 110
8 42 : 0 4 5 7 8 14 15 17 19 20 22 26 27 28 29 31 32 34 39 41 42 44 48 54 56 62 65 66 68 72 74 82 84 85 92 93 98 100 104 109 115 116
9 42 : 0 1 3 4 5 6 8 12 13 16 20 24 26 32 34 37 40 41 42 58 61 67 69 72 76 83 86 87 88 90 92 95 98 99 101 105 110 111 112 113 115 116
10 42 : 1 6 8 10 12 13 18 19 21 22 24 29 33 34 36 37 38 39 42 43 47 52 57 59 60 61 62 64 65 67 70 73 75 78 81 84 86 102 106 111 114 116
11 42 : 2 3 4 8 14 17 26 27 36 39 41 42 45 50 53 55 57 59 60 64 67 69 76 80 81 84 85 88 91 92 93 94 95 98 99 104 106 107 108 112 115 116
12 42 : 2 3 5 6 7 9 17 18 21 22 24 29 30 31 32 41 43 45 46 48 51 56 57 62 66 73 74 80 81 83 84 86 88 92 94 98 102 103 107 109 111 116
13 38 : 2 3 5 6 8 11 17 20 21 22 31 34 35 39 40 41 42 46 47 50 51 52 57 67 85 93 95 96 97 98 104 105 106 107 111 112 115 116
14 42 : 0 3 4 5 6 11 16 21 24 26 31 33 34 35 37 39 41 42 44 49 51 55 59 60 63 78 83 85 93 94 95 96 97 98 100 101 103 105 106 110 115 116
15 42 : 2 6 9 11 18 21 22 23 25 29 33 35 39 42 43 47 53 55 56 57 58 61 64 71 73 75 78 86 87 89 90 91 94 96 98 102 104 106 108 112 113 114
16 42 : 0 2 3 5 6 9 10 11 16 20 24 28 29 32 34 36 38 39 42 45 46 48 50 52 53 56 58 61 64 66 69 70 79 84 86 88 89 91 96 103 113 114
17 43 : 4 7 10 18 19 21 22 27 29 30 31 35 36 40 42 44 46 48 52 53 57 59 61 62 72 73 74 76 77 83 84 86 88 90 91 98 99 100 102 105 106 107 115
18 42 : 4 8 11 12 15 18 20 27 28 30 32 34 38 40 47 49 52 53 55 59 62 65 69 70 73 74 75 81 84 87 89 92 93 95 96 97 98 99 105 112 115 116
19 41 : 2 3 4 6 8 10 11 13 15 16 17 21 22 30 31 34 39 40 42 46 47 50 55 57 58 63 67 78 93 95 96 98 102 104 105 106 107 111 112 115 116
20 43 : 0 5 6 7 13 16 19 21 24 25 33 35 36 37 41 44 46 49 51 52 53 55 66 67 68 69 70 75 76 86 93 95 97 100 102 103 106 107 108 109 112 113 115
21 42 : 2 3 6 9 19 21 24 30 31 37 39 40 41 42 43 44 47 49 52 56 59 60 62 64 73 76 77 78 79 86 92 94 96 97 99 103 105 106 108 109 111 115
22 42 : 4 7 9 10 11 16 18 21 24 25 27 28 30 34 37 38 39 43 45 46 50 54 55 56 58 66 68 72 73 74 79 80 82 86 87 90 96 98 106 107 108 115
23 43 : 0 1 8 9 10 11 12 14 15 17 21 22 23 24 28 31 33 35 37 47 50 53 54 58 64 69 72 73 77 79 83 85 87 88 89 91 95 96 102 106 108 113 116
24 42 : 1 4 5 6 7 9 10 12 13 14 15 16 17 19 20 21 22 23 25 35 39 44 46 47 49 52 54 55 57 65 66 68 90 91 92 93 97 98 109 110 115 116
25 42 : 0 3 5 9 17 20 21 25 26 28 31 34 38 39 40 44 56 58 59 60 64 69 70 71 73 74 75 76 79 80 83 86 88 89 91 94 95 100 102 106 111 114
26 42 : 2 3 7 8 9 14 17 19 20 31 32 34 40 41 42 49 51 53 57 58 59 63 68 69 71 72 75 79 80 82 86 93 94 95 98 101 103 109 110 112 113 116
27 42 : 2 5 6 8 9 11 15 18 20 21 25 31 32 36 40 42 45 46 51 53 58 60 61 65 72 78 79 82 84 88 89 93 94 95 96 99 100 101 105 111 112 116
28 42 : 0 8 12 13 17 18 21 22 26 28 29 30 34 37 38 39 44 46 47 50 51 57 59 61 63 64 65 84 85 88 93 96 97 98 99 100 105 107 108 109 112 116
29 42 : 2 6 11 14 17 19 24 25 27 30 32 33 34 38 40 41 42 46 51 55 56 57 59 60 61 63 64 66 70 73 80 81 83 84 96 101 103 105 108 112 113 116
30 40 : 2 3 6 8 10 11 15 17 21 22 26 31 33 34 35 39 40 42 46 47 50 52 54 57 66 67 80 81 83 90 93 94 95 96 98 105 106 112 115 116
31 42 : 2 4 5 7 10 11 12 14 15 16 17 18 19 21 26 33 34 36 38 43 50 52 53 54 56 58 59 67 70 74 82 88 90 91 93 96 97 98 99 100 112 113
32 42 : 1 8 17 21 23 28 31 34 35 38 39 40 42 43 50 52 53 55 57 59 61 65 66 67 68 74 75 79 81 82 86 89 90 96 98 100 103 106 108 111 114 116
33 42 : 6 12 15 19 20 21 22 23 25 29 32 35 38 49 51 57 58 62 64 65 68 70 73 75 76 77 79 82 85 86 87 95 99 102 103 109 110 111 112 113 114 115
34 42 : 8 9 14 15 17 19 20 21 22 23 24 28 31 33 35 39 41 43 45 46 48 49 50 53 59 66 68 69 75 81 87 93 94 95 100 105 107 108 112 113 114 116
35 42 : 6 7 8 9 10 12 16 19 22 26 29 31 35 36 40 42 43 45 46 47 49 50 51 56 59 65 70 71 73 74 76 82 85 88 89 95 97 103 104 107 111 115
36 42 : 0 1 2 6 8 10 11 13 15 17 20 24 25 28 31 33 34 35 36 38 39 40 42 43 50 51 52 56 65 68 71 75 80 83 85 92 97 98 99 105 107 109
37 42 : 2 4 16 17 19 25 34 35 37 38 42 43 46 51 53 57 61 62 63 66 67 68 71 72 78 82 89 92 93 94 95 99 101 104 105 107 108 109 110 112 115 116
38 42 : 4 6 11 12 13 15 16 18 22 23 26 27 28 29 31 33 34 36 41 42 48 51 57 61 63 66 67 69 71 78 84 86 90 95 96 98 101 105 110 112 113 115
39 42 : 2 5 6 7 10 11 13 15 21 22 24 25 26 27 33 34 37 38 40 42 44 45 47 51 57 60 63 64 71 72 84 85 87 91 94 98 100 102 105 108 114 116
40 42 : 2 3 12 15 17 19 25 26 31 34 35 36 39 40 41 43 46 48 49 51 53 55 57 58 61 69 70 72 77 78 79 80 85 91 95 96 97 98 101 102 105 116
41 42 : 2 3 4 9 10 11 15 20 21 24 26 28 35 37 38 40 41 50 51 53 57 59 61 63 65 69 70 71 73 76 77 80 85 91 92 94 95 98 104 106 107 114
42 42 : 7 14 16 18 19 23 24 28 29 30 31 34 35 39 40 41 44 48 50 51 57 59 60 67 68 71 74 75 76 79 84 91 94 95 96 97 100 101 102 106 112 113
43 41 : 2 3 6 8 11 15 17 21 22 31 34 35 39 40 42 45 46 47 50 53 57 58 67 79 80 88 90 92 93 95 96 98 99 102 105 106 107 111 112 115 116
44 40 : 2 3 5 6 8 10 11 15 17 21 22 23 30 31 33 34 35 39 40 42 46 47 50 51 57 63 67 81 82 89 95 96 98 105 106 107 110 111 112 116
45 42 : 0 2 5 12 16 17 20 24 29 30 31 32 33 39 43 49 50 53 54 56 57 59 67 68 72 73 75 77 81 85 86 87 88 90 97 103 104 106 107 109 112 116
46 42 : 2 6 7 8 9 14 19 20 24 34 36 42 44 48 50 54 55 57 58 59 63 68 69 71 75 76 80 85 87 91 93 95 98 101 102 103 107 108 110 111 112 116
47 42 : 1 6 7 8 13 14 21 23 25 27 31 32 33 36 41 42 44 49 53 54 55 61 62 64 67 68 73 75 79 83 88 92 93 95 98 100 101 104 108 109 111 115
48 42 : 0 1 2 8 10 11 17 21 23 26 34 37 40 43 46 48 51 52 55 57 58 61 62 64 70 72 78 81 83 85 92 95 96 98 100 101 104 105 107 112 113 114
49 42 : 2 3 5 6 15 17 18 23 30 34 37 38 39 40 41 42 43 45 51 53 54 55 56 57 61 67 75 76 81 83 90 91 93 100 101 102 106 109 112 114 115 116
50 42 : 2 3 4 6 7 8 19 20 21 23 27 30 40 43 44 47 49 52 55 59 60 66 71 75 76 77 79 82 83 84 85 87 89 91 93 95 96 99 104 106 109 116
51 42 : 0 3 7 9 14 15 16 18 20 21 22 27 30 32 33 39 40 43 44 45 48 54 57 60 62 71 72 75 77 81 86 87 90 91 92 93 104 105 106 108 110 111
52 39 : 2 3 6 8 10 11 12 13 15 17 21 22 24 26 29 31 34 39 40 42 46 47 50 57 63 67 80 82 88 94 95 96 98 105 106 110 111 112 115
53 42 : 0 2 3 4 7 8 11 12 16 20 21 24 26 27 28 31 34 41 42 48 50 52 54 56 57 60 64 69 70 73 74 75 81 82 84 90 91 95 97 111 114 115
54 42 : 2 3 4 5 6 7 8 11 14 15 16 22 27 28 29 30 32 34 42 45 50 51 57 65 66 67 68 69 70 71 73 75 78 86 87 96 99 110 111 114 115 116
55 42 : 1 3 11 12 14 17 18 22 24 26 34 35 36 39 42 46 48 49 50 51 53 60 62 64 68 70 71 75 80 82 85 89 90 93 95 96 102 105 107 111 115 116
56 42 : 3 6 7 11 14 16 17 18 21 30 31 34 38 40 42 43 44 45 52 53 55 57 61 62 65 66 67 72 73 74 75 79 83 92 95 96 97 104 106 108 112 116
57 42 : 0 2 4 6 11 13 14 19 20 21 22 25 27 28 31 39 42 44 47 50 54 58 60 65 67 69 74 75 76 77 78 81 88 91 92 93 94 96 103 106 107 111
58 42 : 0 1 3 4 5 6 7 8 22 23 24 25 28 31 32 33 38 39 42 54 59 61 62 66 69 73 74 77 88 89 93 95 97 98 99 100 103 104 105 107 112 114
59 42 : 3 9 10 12 20 21 22 23 27 31 33 34 37 38 39 40 42 43 46 47 49 52 54 57 59 63 64 65 66 69 70 71 77 80 83 84 85 96 102 104 105 110
60 42 : 0 3 6 9 13 15 21 24 25 27 28 30 34 39 41 46 51 52 53 57 58 59 67 68 69 74 76 81 83 90 92 95 96 98 101 106 107 109 110 113 114 115
61 42 : 1 2 4 9 10 12 13 14 15 16 17 18 30 31 34 35 37 39 44 48 49 50 51 56 59 67 70 72 76 85 87 90 94 96 97 98 101 103 106 110 111 115
62 42 : 1 6 7 8 13 15 17 22 27 28 30 31 39 40 48 50 52 56 57 60 62 65 69 70 72 73 77 80 85 87 89 92 93 94 95 97 98 110 111 112 113 116
63 42 : 0 1 5 8 9 14 15 23 25 32 36 37 39 41 42 47 49 50 61 62 66 68 72 74 76 77 78 84 86 87 88 89 92 95 96 97 103 104 105 108 109 110
64 42 : 2 3 5 6 7 9 10 11 13 15 18 19 21 24 25 26 27 32 36 40 45 47 48 50 52 57 58 60 64 75 77 79 83 86 90 98 105 107 111 112 113 116
65 42 : 0 3 6 8 9 10 12 15 16 21 25 29 31 33 38 39 42 45 54 55 56 57 60 61 64 66 67 68 73 74 80 82 86 88 94 95 96 97 99 107 112 116
66 43 : 1 2 3 5 9 11 13 14 21 24 25 26 28 31 32 34 35 39 40 41 45 48 50 67 70 71 74 78 79 81 82 83 88 90 93 96 98 99 103 106 110 111 112
67 42 : 0 1 3 5 6 9 14 15 19 20 26 29 34 43 44 45 46 47 48 49 52 56 64 67 75 77 84 87 89 90 91 94 95 96 99 103 104 106 107 108 112 113
68 42 : 0 2 4 5 7 8 12 14 15 16 17 22 26 27 30 32 33 34 37 40 45 46 47 50 55 56 60 62 67 70 72 74 77 79 84 91 92 95 105 107 108 112
69 42 : 1 2 4 7 16 17 18 21 27 29 31 32 34 37 44 45 49 53 55 57 58 61 62 63 69 71 73 77 79 81 82 84 91 97 98 101 102 103 105 108 111 116
70 42 : 2 9 10 15 17 21 22 23 26 27 28 31 32 37 40 42 47 50 52 53 54 55 57 58 63 65 67 73 75 77 79 86 87 89 93 98 101 105 108 113 115 116
71 42 : 1 2 3 5 8 17 22 23 28 30 33 40 41 42 44 45 48 50 52 53 57 60 61 67 68 75 82 84 86 89 91 92 94 95 97 101 103 107 112 114 115 116
72 42 : 0 1 2 6 7 8 13 15 20 21 25 26 28 32 35 38 39 43 46 47 54 58 59 60 63 65 74 75 84 85 90 91 93 95 96 98 100 101 102 112 113 116
73 42 : 2 6 8 11 15 17 19 31 32 33 34 37 41 45 47 50 51 54 55 57 60 62 64 67 71 75 80 85 87 91 93 97 98 100 101 103 105 106 109 110 112 116
74 41 : 2 3 5 6 7 8 11 13 15 16 17 21 22 29 31 34 36 39 40 42 46 47 50 53 54 57 66 85 88 93 95 96 98 101 105 106 107 110 111 115 116
75 40 : 2 3 6 8 11 15 17 20 21 22 31 32 34 36 39 40 42 46 50 57 62 64 78 81 82 88 89 93 94 95 96 98 105 106 107 109 112 113 115 116
76 40 : 2 3 5 6 8 11 13 14 15 17 21 22 34 35 36 39 40 41 42 46 47 50 52 57 58 67 92 93 95 96 98 105 106 107 109 110 111 112 115 116
77 42 : 1 6 8 9 10 11 16 18 21 27 29 30 31 32 34 43 46 50 51 55 57 60 63 65 67 68 69 71 72 74 76 77 83 87 90 95 101 109 110 113 114 115
78 42 : 1 3 6 11 15 18 20 21 22 23 24 25 30 34 39 46 48 50 53 55 57 58 59 61 62 67 71 72 77 80 82 85 87 92 95 100 104 105 107 110 111 115
79 42 : 0 2 3 8 9 16 20 23 24 26 27 33 34 38 39 43 45 58 60 61 66 67 68 71 74 77 78 80 84 85 86 88 89 93 94 95 96 109 111 112 115 116
80 42 : 2 3 7 9 14 15 19 20 22 23 27 29 30 31 32 33 36 40 42 44 55 56 64 67 68 73 75 77 79 80 83 87 91 94 98 104 105 109 111 112 114 116
81 41 : 1 6 8 13 19 22 23 24 29 31 32 34 42 45 47 48 49 50 56 58 61 62 63 71 73 79 82 85 90 96 98 99 100 101 103 105 106 109 111 112 114
82 39 : 2 4 6 7 8 11 13 15 17 21 22 31 34 35 36 39 40 42 49 50 54 57 64 67 74 79 82 83 93 95 96 98 101 105 106 107 112 115 116
83 41 : 1 2 6 15 17 18 22 23 27 28 33 34 38 42 46 50 56 57 60 63 65 66 69 70 76 78 83 87 88 89 98 100 101 102 104 105 108 109 112 114 115
84 42 : 1 8 11 12 13 18 19 21 25 26 27 30 34 37 39 41 44 45 50 55 56 63 65 69 70 71 73 76 78 79 87 90 93 96 97 100 104 106 110 112 114 115
85 41 : 3 4 6 11 12 15 16 17 18 22 24 26 30 34 43 49 50 51 53 55 57 60 62 67 68 72 77 78 83 90 93 96 99 104 105 106 107 108 112 115 116
86 42 : 0 2 10 11 15 16 17 21 24 32 38 39 42 45 46 47 48 49 52 53 56 57 66 70 71 73 76 78 79 85 88 92 95 97 98 101 104 109 110 111 112 116
87 42 : 1 3 6 9 12 14 15 17 20 22 25 29 30 34 36 37 40 42 43 45 48 50 54 57 60 62 63 64 65 67 69 74 80 82 94 96 98 100 101 105 106 116
88 41 : 3 6 9 11 12 16 21 22 26 29 31 40 42 44 50 51 53 54 57 60 66 67 69 71 72 74 75 77 81 87 88 95 96 101 102 103 106 108 113 114 116
89 40 : 2 3 6 8 11 14 15 17 21 22 23 24 29 31 34 39 40 42 46 47 50 55 58 67 68 83 93 94 95 98 99 102 104 105 106 107 111 112 113 116
90 42 : 2 6 8 11 13 15 22 24 25 27 31 33 34 35 37 38 39 40 42 47 49 54 55 57 58 63 64 70 74 78 80 89 90 92 95 97 102 106 107 108 111 115
91 40 : 2 3 6 8 11 15 17 21 22 29 31 34 35 39 40 42 46 49 50 54 57 62 63 66 67 80 93 95 96 97 98 99 102 104 105 106 107 112 115 116
92 42 : 5 6 7 8 10 11 14 18 22 23 28 29 30 33 34 43 44 46 47 52 54 57 67 69 70 72 74 77 81 83 89 90 92 93 95 96 98 100 103 109 111 114
93 41 : 2 3 8 10 12 13 14 15 19 21 23 28 29 30 33 36 37 38 39 40 44 46 47 55 57 61 62 70 77 78 84 87 89 100 103 104 105 106 107 115 116
94 42 : 0 2 4 5 6 8 9 13 22 25 31 34 39 42 47 50 56 57 61 62 63 64 65 67 68 76 81 82 84 85 86 88 89 90 91 92 95 98 102 105 108 115
95 42 : 0 1 3 4 8 10 11 12 13 20 22 23 26 29 31 32 36 38 39 40 42 50 58 62 63 74 76 77 78 85 89 90 93 95 96 98 100 102 107 111 114 115
96 41 : 2 3 4 6 9 10 13 17 18 27 29 36 38 39 41 42 44 45 46 47 48 49 51 54 57 62 64 67 76 79 80 81 84 86 92 96 99 100 105 112 114
97 41 : 0 1 2 4 5 8 11 12 14 17 18 21 28 31 34 36 40 47 49 50 59 65 66 70 71 73 78 80 82 87 90 93 94 96 98 103 104 106 107 109 115
98 41 : 1 3 8 15 16 18 19 20 22 23 28 29 30 31 37 39 42 44 50 52 56 60 61 65 67 69 70 72 76 78 79 81 88 93 95 98 102 105 106 113 114
99 40 : 2 3 6 8 11 12 13 15 17 21 22 31 32 34 39 40 42 45 46 47 50 52 57 66 67 68 74 81 83 93 95 96 98 105 106 107 111 112 115 116
