N C E M
100 117 4950 3960
Opt_part_L_size, Opt_part_R_size, Opt_number_of_colors
23 77 42
N of L changes = 12
Min number of labels in a vertice, Max number of labels in a vertice
46 66
Solution Set
8(23) 64(23) 66(23) 72(23) 77(23) 12(24) 48(24) 52(24) 76(24) 78(24) 83(24) 85(24) 68(51) 101(55) 69(55) 59(56) 13(56) 91(58) 114(59) 27(59) 46(60) 32(60) 87(64) 11(64) 42(65) 23(65) 30(66) 47(67) 50(68) 115(68) 96(70) 34(70) 31(70) 109(71) 89(71) 43(71) 82(72) 107(72) 104(72) 110(73) 36(73) 2(74) 
Number of edges by Color (l n)
0 2 74
1 36 73
2 110 73
3 82 72
4 104 72
5 107 72
6 43 71
7 89 71
8 109 71
9 31 70
10 34 70
11 96 70
12 50 68
13 115 68
14 47 67
15 30 66
16 23 65
17 42 65
18 11 64
19 87 64
20 32 60
21 46 60
22 27 59
23 114 59
24 91 58
25 13 56
26 59 56
27 69 55
28 101 55
29 68 51
30 0 25
31 1 24
32 3 24
33 12 24
34 15 24
35 29 24
36 48 24
37 49 24
38 52 24
39 53 24
40 55 24
41 76 24
42 78 24
43 83 24
44 85 24
45 90 24
46 4 23
47 5 23
48 6 23
49 7 23
50 8 23
51 9 23
52 10 23
53 14 23
54 16 23
55 17 23
56 18 23
57 19 23
58 20 23
59 21 23
60 22 23
61 24 23
62 25 23
63 26 23
64 28 23
65 33 23
66 35 23
67 37 23
68 38 23
69 39 23
70 40 23
71 41 23
72 44 23
73 45 23
74 51 23
75 54 23
76 56 23
77 57 23
78 58 23
79 60 23
80 61 23
81 62 23
82 63 23
83 64 23
84 65 23
85 66 23
86 67 23
87 70 23
88 71 23
89 72 23
90 73 23
91 74 23
92 75 23
93 77 23
94 79 23
95 80 23
96 81 23
97 84 23
98 88 23
99 93 23
100 94 23
101 97 23
102 103 23
103 112 23
104 86 22
105 92 22
106 95 22
107 98 22
108 99 22
109 100 22
110 102 22
111 105 22
112 106 22
113 108 22
114 111 22
115 113 22
116 116 22
Label List by vertices (vertice Id, Number of labels : set of labels
0 48 : 2 7 8 11 16 17 21 23 24 25 27 30 31 32 34 35 36 38 40 41 42 43 45 46 50 54 55 59 65 68 69 75 82 83 87 89 91 95 96 101 103 104 105 107 109 110 114 115
1 65 : 1 3 4 5 6 7 9 10 11 15 19 23 27 29 31 32 33 34 35 36 40 42 44 45 46 48 49 51 52 53 57 58 62 65 66 67 68 71 74 75 76 77 78 81 82 85 86 89 91 92 94 95 96 98 99 102 104 107 108 109 110 111 114 115 116
2 65 : 0 1 2 6 7 9 10 11 12 13 14 18 20 22 23 27 29 30 31 34 35 38 39 40 41 42 45 46 47 49 50 51 52 54 55 58 59 62 64 66 70 72 77 78 79 80 81 82 83 90 93 94 96 97 100 101 102 103 104 105 107 108 114 115 116
3 65 : 0 2 3 6 9 10 11 12 13 15 17 21 25 27 29 30 32 33 34 35 38 39 40 43 45 48 50 53 54 56 57 59 63 65 67 68 71 72 74 75 76 77 78 81 82 88 89 90 93 94 95 96 97 98 103 105 106 109 110 111 112 113 114 115 116
4 50 : 0 2 4 6 11 13 23 27 30 31 32 34 36 37 38 42 44 45 46 47 50 52 55 57 59 62 63 64 65 67 68 69 82 87 89 91 92 95 96 98 101 103 104 105 107 108 109 110 112 114
5 49 : 1 2 6 11 13 16 22 23 27 29 30 31 32 34 35 36 42 43 46 47 50 52 53 56 57 58 61 68 70 72 78 79 82 85 86 87 89 91 95 96 98 101 102 104 107 109 111 114 115
6 65 : 1 4 8 10 11 12 13 14 15 18 19 21 24 27 29 30 31 32 34 36 38 39 41 42 43 45 47 48 50 52 55 59 60 62 63 64 66 68 71 72 75 77 79 80 82 83 85 88 90 91 94 96 97 98 100 102 104 105 106 107 108 109 111 114 115
7 65 : 0 2 3 5 6 7 10 13 14 17 21 24 25 26 27 29 30 31 32 33 34 37 39 40 41 42 43 45 46 48 51 52 53 54 55 57 58 59 60 63 64 68 69 71 72 80 82 83 84 85 86 88 89 91 93 95 96 99 101 104 106 107 108 112 115
8 65 : 1 2 3 4 6 7 9 10 11 12 16 17 20 22 23 24 26 27 28 29 34 35 36 41 42 43 46 47 48 49 50 51 52 53 57 58 59 61 63 68 70 71 72 74 80 81 86 87 88 89 91 92 93 94 95 96 97 99 101 102 103 107 109 110 114
9 65 : 2 3 4 5 6 10 11 12 14 16 17 22 24 25 29 31 32 34 35 37 38 39 40 41 42 43 45 47 50 52 54 57 60 62 64 67 68 69 70 74 76 78 79 80 84 86 88 89 91 93 95 96 98 99 101 102 103 107 108 109 110 111 114 115 116
10 65 : 0 1 2 3 6 7 10 11 13 17 18 19 24 26 27 28 29 31 32 33 34 35 36 37 39 41 42 43 44 47 50 52 53 54 55 58 60 61 62 63 67 69 70 71 72 73 74 77 78 86 89 91 92 93 96 97 98 100 102 105 106 107 110 111 112
11 66 : 0 1 2 7 10 11 12 13 17 18 20 21 23 24 26 29 33 34 35 36 37 40 41 42 43 44 46 47 48 50 51 52 53 54 58 59 60 61 62 63 64 65 68 71 72 77 78 79 81 83 84 87 88 91 92 93 94 98 100 101 102 104 108 113 115 116
12 65 : 0 6 7 9 10 11 12 14 15 16 19 20 21 22 23 24 25 28 30 31 32 34 35 36 38 40 41 42 43 45 46 47 49 51 52 57 58 59 61 62 65 67 68 76 77 78 79 80 81 85 87 88 89 94 95 97 98 102 104 105 106 110 113 114 116
13 50 : 1 2 3 6 7 9 11 13 22 23 25 27 30 31 32 34 35 36 42 43 45 46 47 48 50 55 56 59 61 63 67 69 72 76 78 83 85 87 89 90 91 96 97 101 102 104 107 109 110 111
14 65 : 0 4 5 8 11 12 13 14 16 19 20 21 23 25 26 27 29 31 32 33 34 35 37 38 39 42 43 44 47 48 49 50 51 52 57 59 60 66 68 69 72 73 77 79 80 84 85 86 88 89 92 94 96 97 98 99 101 102 106 108 111 112 113 114 116
15 66 : 0 1 4 8 10 11 12 15 17 18 20 21 24 28 29 30 31 32 33 34 35 37 42 48 49 50 52 53 55 57 58 59 60 65 68 69 70 71 72 73 74 76 81 82 83 85 88 90 91 92 93 94 96 97 98 99 100 102 104 105 107 109 110 113 114 115
16 65 : 1 2 4 5 7 9 12 16 18 20 23 26 27 29 30 31 32 33 36 37 39 40 44 45 49 50 52 53 55 56 57 58 60 62 63 64 65 67 68 70 71 72 73 75 76 77 79 80 81 82 83 84 85 87 89 91 93 94 101 104 105 106 111 113 115
17 50 : 0 2 5 11 13 14 16 17 18 23 24 27 30 31 32 34 40 42 43 44 46 47 50 51 59 61 62 68 69 70 72 75 77 81 82 83 87 89 90 91 92 96 99 104 107 108 109 110 114 115
18 46 : 2 11 13 15 19 27 30 31 32 34 36 42 43 44 46 47 50 51 54 56 57 59 60 63 67 68 69 75 81 82 83 84 85 86 87 89 90 91 96 101 107 109 110 111 115 116
19 65 : 0 5 6 10 11 12 13 19 20 21 23 31 32 33 34 35 40 41 44 46 48 49 50 52 53 54 55 56 60 62 63 64 65 66 68 70 71 73 74 75 77 81 83 86 87 88 89 91 92 94 95 97 98 102 103 106 107 109 110 111 112 113 114 115 116
20 65 : 0 1 2 3 6 7 11 12 13 15 17 18 22 24 25 26 28 30 32 36 38 39 40 41 42 43 44 46 47 50 51 56 57 59 60 61 64 66 67 68 70 71 72 74 75 76 77 80 81 85 86 88 89 91 96 100 103 104 106 107 109 110 111 113 116
21 47 : 2 5 10 11 13 15 16 17 19 23 27 30 31 32 34 36 42 43 44 46 47 48 49 57 59 60 67 68 69 75 82 83 86 87 88 89 91 94 95 104 107 108 109 110 113 114 115
22 64 : 2 3 5 7 12 14 15 16 18 19 20 23 24 28 29 30 31 34 36 37 38 41 42 45 46 47 49 51 53 54 59 62 63 64 65 69 72 73 74 75 81 83 84 85 87 89 90 91 92 93 95 97 100 101 103 104 105 106 109 110 111 112 114 115
23 49 : 2 6 7 11 13 14 15 20 21 23 27 30 31 32 33 34 35 36 42 43 46 47 50 59 65 68 69 74 78 79 80 81 82 83 87 88 89 91 92 94 96 99 103 104 105 107 109 114 115
24 65 : 1 2 5 6 7 8 9 13 14 18 23 24 25 26 27 28 29 31 32 34 35 36 37 38 39 40 41 42 47 50 51 53 55 56 59 60 61 65 66 69 73 76 78 80 82 85 86 87 88 91 92 93 95 96 99 100 105 106 107 108 109 110 111 113 116
25 66 : 2 3 4 8 9 10 11 12 13 14 15 16 17 22 23 25 26 30 32 34 36 37 38 39 42 44 45 47 48 49 50 52 55 58 59 60 61 62 64 66 67 68 71 74 75 76 87 88 89 90 92 94 96 97 99 100 104 105 106 107 108 110 112 114 115 116
26 52 : 2 11 12 13 16 20 22 23 24 27 30 31 32 34 36 42 43 44 46 47 48 49 50 58 59 63 67 68 69 70 72 73 77 79 80 82 87 89 91 92 95 96 101 104 105 106 107 109 110 114 115 116
27 49 : 2 5 8 11 13 19 23 27 28 30 31 32 33 34 36 38 39 42 43 46 47 50 56 59 62 66 69 75 82 84 86 87 89 91 92 94 96 97 101 102 103 104 105 106 107 108 109 110 115
28 65 : 0 1 3 4 5 6 7 8 9 10 11 12 14 15 16 17 19 20 26 27 28 29 30 32 33 35 37 38 39 40 45 47 49 50 51 55 60 63 64 66 68 69 70 72 75 77 79 80 82 85 86 87 88 96 97 100 102 106 107 109 110 112 113 115 116
29 65 : 3 4 6 9 10 11 15 16 18 19 23 24 26 27 28 30 32 33 35 36 37 38 39 40 41 42 44 50 51 52 54 59 61 62 63 64 67 68 69 70 72 73 75 76 77 78 79 82 83 84 89 92 94 95 97 101 102 105 106 107 109 110 111 113 114
30 65 : 1 2 4 9 10 11 13 14 17 18 19 21 22 24 27 32 33 34 36 38 39 40 41 43 44 47 50 51 53 54 56 57 58 59 60 62 63 64 65 70 72 73 76 77 80 81 84 87 89 91 92 93 94 96 98 102 103 106 107 108 110 112 113 114 116
31 64 : 2 3 4 5 8 10 13 14 17 18 20 21 23 24 28 30 32 35 36 37 39 40 42 44 47 48 50 51 53 54 57 59 62 64 67 69 71 73 74 75 76 79 81 82 84 85 86 87 88 90 91 93 98 100 101 102 104 109 110 111 113 114 115 116
32 49 : 2 5 6 13 17 20 23 24 27 30 31 32 34 36 42 43 44 46 47 48 53 54 56 59 60 65 68 69 72 76 77 79 81 82 84 86 87 91 95 96 100 101 104 109 110 111 112 114 115
33 65 : 1 4 5 7 9 10 13 14 17 21 24 25 26 29 30 36 38 39 40 41 46 47 48 49 50 54 57 60 61 62 63 65 68 69 70 71 73 75 76 77 79 82 84 86 87 89 91 92 93 94 97 99 101 103 104 105 106 108 109 110 111 112 113 114 115
34 65 : 3 4 7 9 11 13 15 16 19 20 24 25 27 28 29 30 31 32 34 35 36 37 38 40 42 43 46 47 48 50 54 55 56 58 61 62 63 66 67 73 74 77 78 80 81 82 85 86 87 89 90 93 97 99 100 101 103 104 106 108 109 110 111 114 115
35 65 : 1 2 3 4 5 13 19 20 23 24 25 26 28 29 31 32 35 36 39 41 42 43 45 46 49 50 52 54 55 57 58 59 60 61 62 63 64 68 69 71 74 75 78 79 80 82 84 85 86 87 88 92 93 98 101 102 104 105 107 108 109 111 112 115 116
36 66 : 0 6 7 10 11 12 13 15 16 18 21 22 23 24 26 29 32 33 34 35 37 38 39 40 41 42 43 47 48 49 53 54 55 56 57 61 62 63 64 65 66 67 68 69 70 80 82 83 84 85 87 89 93 94 96 97 98 100 101 102 105 109 110 111 112 114
37 65 : 0 1 3 4 7 8 9 10 11 13 14 16 17 18 20 22 25 27 28 30 31 33 34 37 38 39 42 43 47 48 49 50 53 54 55 59 60 62 64 65 66 72 73 75 76 79 80 82 85 86 87 88 89 92 94 95 99 101 104 105 109 110 111 115 116
38 65 : 0 2 5 6 9 10 11 12 13 15 18 20 23 24 26 28 31 33 36 37 39 43 45 53 54 56 58 59 60 61 62 64 65 66 67 70 74 75 76 78 79 80 81 82 85 86 87 88 89 90 91 92 94 95 96 97 98 99 100 102 103 104 109 112 115
39 65 : 1 2 3 4 8 9 13 14 15 17 19 21 22 23 25 26 28 29 30 31 32 33 36 39 40 41 42 44 45 46 50 52 53 54 55 56 57 58 59 60 61 62 63 64 65 66 68 69 71 76 80 83 86 90 93 95 98 100 101 102 106 108 109 112 116
40 65 : 0 1 2 6 8 9 15 16 20 22 23 24 25 27 28 30 31 32 34 36 39 40 42 43 48 49 52 54 55 56 58 59 61 62 64 65 69 70 72 73 74 77 79 80 81 82 83 85 86 87 89 91 96 97 98 100 101 104 105 107 109 112 114 115 116
41 64 : 1 4 5 6 8 9 12 15 18 19 20 21 23 25 27 28 29 32 33 34 37 38 42 43 47 48 49 51 52 55 58 61 62 64 70 71 73 79 80 81 82 83 86 87 88 91 92 93 95 96 100 101 103 104 105 107 108 109 111 112 113 114 115 116
42 51 : 0 2 5 10 11 12 13 14 16 21 23 27 30 31 32 34 36 39 40 41 42 43 45 46 47 48 50 59 61 68 69 75 76 78 80 82 87 89 90 91 95 96 101 104 107 109 110 112 113 114 115
43 63 : 1 6 7 9 12 13 14 15 17 21 23 26 27 29 32 37 38 41 42 43 44 46 47 48 53 55 56 57 58 60 61 62 64 65 66 68 71 73 74 76 77 78 80 82 84 85 87 89 90 91 94 96 98 99 103 104 105 106 108 110 113 114 115
44 64 : 0 1 2 3 5 9 10 12 15 16 17 19 20 22 23 26 27 28 30 34 35 38 40 41 43 46 49 50 51 53 55 56 57 58 62 63 64 67 68 69 71 73 74 78 80 81 82 85 86 87 89 91 94 96 97 98 99 101 104 110 111 113 114 115
45 63 : 2 3 4 5 6 8 9 11 12 13 14 15 18 20 22 23 24 30 31 34 36 38 40 42 43 44 45 46 47 54 57 59 60 62 63 64 67 68 72 73 75 76 77 80 81 82 84 86 87 89 92 93 94 95 100 101 104 106 111 112 114 115 116
46 65 : 0 4 8 9 11 12 15 17 18 20 21 22 23 24 25 26 27 28 29 30 31 35 41 43 44 46 49 50 51 53 58 59 61 62 63 65 66 68 69 71 72 73 75 76 78 79 81 83 84 85 89 91 92 93 95 96 100 101 103 104 106 109 112 113 114
47 64 : 3 4 5 6 7 12 13 14 15 16 17 18 19 20 22 23 24 25 26 27 28 30 33 35 36 39 43 45 46 47 48 49 53 56 57 59 61 62 63 65 66 69 71 72 77 79 80 81 82 84 85 87 88 89 90 93 94 99 104 107 108 113 114 115
48 65 : 0 2 3 5 7 11 12 13 18 20 21 24 25 26 27 28 29 30 35 36 37 39 40 42 43 44 45 46 47 49 55 57 59 60 66 67 68 69 72 74 77 80 82 83 85 86 87 88 89 91 96 98 102 103 104 105 106 108 109 110 111 112 114 115 116
49 64 : 0 2 4 5 7 8 9 10 11 13 15 16 18 24 25 27 29 30 31 32 34 35 36 37 38 39 40 42 47 48 49 50 51 53 54 56 57 59 64 65 66 71 73 74 75 77 79 82 85 87 90 97 98 99 101 102 103 105 106 110 111 112 113 115
50 65 : 0 2 6 7 12 13 14 17 18 20 21 22 24 26 27 28 30 31 33 34 35 36 40 43 45 50 52 55 56 57 58 59 60 61 65 66 67 69 72 73 74 78 80 82 83 85 86 87 90 91 92 94 95 96 100 102 103 104 105 107 110 112 113 114 115
51 64 : 0 2 3 5 6 9 11 13 14 15 16 17 18 21 22 27 29 32 34 37 38 39 41 42 43 44 46 47 48 51 52 53 54 57 58 59 61 65 66 69 72 73 77 79 80 81 83 84 87 88 90 91 93 96 97 98 99 100 103 104 105 107 112 115
52 49 : 2 4 7 8 11 13 14 19 20 23 27 30 31 32 36 38 41 42 43 44 46 47 50 56 59 61 69 70 71 74 76 79 82 84 87 89 90 91 94 96 101 104 107 109 110 111 114 115 116
53 50 : 2 4 5 11 13 15 19 20 23 25 27 29 31 34 36 37 40 42 43 45 46 47 48 50 55 56 59 62 64 68 69 82 85 87 89 90 91 94 96 98 100 101 103 104 107 109 110 111 114 115
54 65 : 1 3 4 5 6 8 9 13 14 15 16 18 20 21 22 23 25 27 30 31 33 34 36 37 42 44 46 47 50 51 53 54 55 58 59 60 63 65 66 67 69 70 71 72 73 78 79 83 84 86 88 89 90 94 95 96 99 102 105 107 110 112 114 115 116
55 65 : 0 1 3 4 7 9 10 11 13 17 18 21 23 24 26 27 28 30 31 32 35 41 42 43 44 45 46 47 48 49 51 53 54 55 56 57 63 65 66 68 69 76 77 79 81 83 84 87 88 91 93 95 96 98 99 100 104 109 110 111 112 113 114 115 116
56 64 : 0 1 3 5 8 9 10 11 12 13 14 16 17 20 22 23 24 25 27 30 31 32 34 36 38 39 40 41 42 43 45 46 49 51 53 54 58 62 63 66 67 68 69 73 75 78 80 84 86 89 90 91 94 98 99 102 104 105 107 108 109 112 113 114
57 64 : 0 1 2 3 6 7 8 9 10 11 12 15 16 17 18 22 24 25 26 27 28 31 32 33 36 37 38 42 43 44 46 48 50 51 54 56 57 60 61 64 68 69 73 74 77 79 81 82 84 85 86 88 89 96 99 100 101 104 107 108 109 112 113 114
58 64 : 0 1 3 5 6 7 9 11 13 15 19 21 24 25 28 29 30 32 34 36 38 42 43 46 49 50 51 52 53 54 55 56 57 58 66 67 70 73 74 75 77 78 79 82 84 85 87 90 91 92 93 95 96 99 100 103 104 108 109 110 112 113 114 116
59 52 : 2 5 7 11 13 23 25 27 30 31 32 33 34 36 38 41 42 43 46 47 48 50 52 56 59 60 61 62 68 69 70 74 75 78 82 83 85 87 89 91 95 96 98 101 104 106 107 109 110 113 114 116
60 51 : 2 6 8 17 18 19 21 22 23 26 27 30 31 32 34 36 40 42 43 46 47 50 52 55 59 60 65 67 68 69 70 73 77 82 83 84 87 91 92 94 96 100 101 103 104 107 109 110 113 114 115
61 47 : 2 3 5 11 13 14 18 22 23 26 27 28 30 31 32 34 36 42 43 47 50 51 52 55 59 61 65 69 71 73 75 81 82 83 85 87 89 91 94 96 100 101 104 107 110 114 115
62 64 : 0 2 3 4 6 8 11 12 13 14 15 16 17 19 20 23 24 25 26 29 31 34 36 37 38 40 42 43 45 47 50 52 54 55 59 63 64 65 69 71 73 74 76 78 79 81 82 83 84 85 86 87 88 92 94 96 99 101 102 105 108 109 110 114
63 64 : 3 6 9 10 14 16 17 18 20 22 23 25 26 27 28 31 32 33 34 36 37 39 42 43 45 46 47 48 50 51 54 55 58 63 67 69 70 71 72 74 75 76 78 79 80 81 82 84 85 86 87 89 90 92 93 97 101 104 107 108 110 114 115 116
64 64 : 0 1 2 3 5 6 7 8 10 13 14 15 16 19 21 22 23 24 25 26 28 31 33 34 35 36 39 41 43 46 47 48 50 51 53 60 63 66 67 68 69 70 73 74 75 76 78 79 81 82 85 90 95 97 99 100 104 105 108 109 110 111 114 115
65 64 : 1 4 5 6 7 9 10 11 12 14 15 17 18 20 22 23 25 26 28 30 31 32 35 37 38 39 40 43 44 45 49 50 51 56 57 58 63 64 68 71 72 74 75 82 84 87 88 91 92 96 98 99 100 101 104 106 107 108 109 110 113 114 115 116
66 65 : 2 4 6 7 8 9 10 11 14 15 16 19 23 26 29 30 31 33 37 39 43 44 47 48 49 52 53 54 55 58 60 61 65 67 68 69 70 71 74 76 78 79 80 81 82 84 85 86 87 90 91 94 95 97 100 101 102 103 104 106 107 108 109 110 115
67 64 : 0 1 4 6 8 10 12 17 18 19 20 21 22 23 27 28 29 33 39 42 44 45 46 49 50 51 53 55 59 61 62 63 65 67 69 70 71 73 76 77 81 82 83 84 85 87 89 90 92 93 94 96 98 99 101 102 103 105 106 107 109 112 114 116
68 63 : 0 1 2 3 4 5 8 9 16 19 22 23 24 26 28 29 30 31 34 35 36 38 40 41 42 43 45 46 50 51 55 56 60 61 63 65 66 67 69 70 71 72 74 75 76 77 78 83 87 89 93 94 95 96 97 102 103 107 108 110 111 112 114
69 64 : 0 1 2 3 4 6 13 16 18 19 20 22 23 25 28 31 32 33 39 42 43 44 45 50 51 53 57 59 60 61 62 63 66 69 71 72 73 74 75 78 80 82 86 87 88 89 90 91 92 97 98 100 102 104 105 107 108 109 110 111 112 113 115 116
70 64 : 0 1 2 5 7 8 9 10 13 14 15 17 18 26 30 31 32 34 37 39 41 43 44 45 46 47 48 49 50 51 52 55 56 58 64 65 66 68 71 73 74 75 76 77 78 79 80 82 88 89 90 91 95 96 99 101 103 104 106 108 109 110 111 114
71 64 : 0 1 2 3 7 8 9 10 14 16 17 21 22 23 25 27 29 31 32 33 35 36 39 43 44 46 47 49 50 52 53 54 58 59 62 65 66 67 70 73 78 79 80 81 82 83 85 87 89 90 92 93 95 96 97 99 101 103 104 107 108 112 114 116
72 64 : 2 3 5 7 8 12 13 14 16 17 18 20 23 25 27 29 31 35 36 38 40 41 42 44 46 48 49 50 54 55 59 61 62 63 67 68 70 71 72 74 77 78 80 81 83 85 86 87 88 89 90 91 94 96 97 98 99 104 105 106 107 109 113 116
73 64 : 0 1 3 4 6 8 10 13 14 15 16 17 18 19 21 22 24 25 27 28 29 30 31 36 37 38 39 41 42 45 46 49 50 52 57 59 60 63 65 68 70 71 74 75 76 78 79 82 84 87 88 90 91 93 94 96 97 99 101 106 109 110 112 115
74 64 : 3 4 8 11 12 13 14 15 16 18 19 20 21 22 23 24 25 26 30 31 32 33 36 37 42 44 45 47 50 51 53 54 55 56 57 58 59 63 67 69 74 78 79 80 82 83 84 89 91 92 93 96 97 103 105 106 107 108 109 110 112 113 114 116
75 64 : 0 1 2 5 10 11 12 13 15 16 17 20 21 22 23 25 26 29 31 32 33 34 35 36 37 39 41 44 47 49 53 56 57 58 60 62 63 64 66 67 68 69 70 73 76 77 82 83 84 85 87 88 89 92 98 100 101 103 104 107 108 109 110 115
76 64 : 0 1 2 4 8 9 10 11 12 13 15 22 25 26 27 29 32 33 34 42 43 44 45 47 48 49 50 54 55 56 57 60 63 64 67 68 69 71 72 74 75 76 78 79 80 81 83 84 86 88 91 92 93 95 96 97 98 100 102 103 107 110 112 115
77 49 : 2 4 11 13 17 20 22 25 26 27 28 30 31 32 33 34 36 42 43 44 46 47 48 49 52 53 57 59 69 70 72 78 82 87 89 90 91 96 100 101 103 104 107 109 110 111 114 115 116
78 48 : 0 2 4 5 8 11 17 19 22 27 28 30 31 32 33 34 36 37 41 42 43 46 47 50 52 56 58 59 68 71 82 83 87 89 90 91 92 96 99 101 104 105 107 109 110 111 114 115
79 52 : 2 5 9 11 13 19 22 23 26 27 30 31 32 33 34 36 37 42 43 45 46 47 50 51 53 59 67 68 69 71 75 77 82 87 89 91 93 94 96 100 101 102 103 104 105 107 109 110 113 114 115 116
80 64 : 0 1 2 6 7 8 11 13 14 15 19 20 21 22 23 28 29 32 35 36 38 39 42 43 44 45 46 47 50 52 54 57 58 59 60 61 64 68 71 74 76 77 82 83 86 88 89 91 92 93 94 95 96 101 102 103 106 107 108 109 112 113 115 116
81 64 : 2 3 4 5 7 8 11 15 16 19 21 23 24 26 27 30 31 32 33 34 35 37 39 40 41 43 45 47 50 53 54 55 56 58 59 61 63 65 66 68 70 71 74 75 79 81 85 88 89 90 91 93 94 95 96 97 98 99 102 107 108 109 110 113
82 64 : 1 2 3 5 6 7 9 11 12 13 15 18 20 21 22 23 24 30 31 34 35 36 37 39 41 43 44 46 47 48 49 51 53 55 59 62 64 65 67 69 70 72 74 76 77 81 82 83 84 85 87 90 91 92 97 98 99 102 104 107 108 109 110 115
83 64 : 0 1 2 3 4 8 15 20 21 23 27 28 30 31 34 35 36 38 39 41 43 44 45 48 49 53 56 59 61 62 63 64 65 66 69 70 72 74 75 76 78 79 82 84 86 89 90 91 93 94 96 97 100 101 102 103 104 106 107 109 110 111 112 113
84 64 : 0 2 6 7 8 9 12 13 14 15 16 17 19 20 23 24 27 29 32 34 36 40 41 43 46 47 54 56 57 60 61 64 65 67 68 69 70 73 74 75 76 78 79 80 81 82 85 90 91 93 96 97 98 99 101 103 104 106 107 108 109 112 113 116
85 64 : 0 3 8 10 11 12 13 16 18 19 21 22 26 27 28 29 30 31 34 35 36 37 40 41 42 43 44 45 46 49 51 52 53 56 57 58 59 61 62 65 66 68 70 73 76 77 78 79 80 82 84 85 90 94 95 96 98 103 107 109 110 112 114 115
86 64 : 1 3 4 6 7 8 9 11 12 13 15 16 18 21 22 24 27 28 29 30 31 32 33 34 36 40 45 46 50 51 52 53 54 56 57 61 64 66 69 70 71 73 76 77 79 81 82 87 89 93 94 95 96 97 98 99 104 106 108 109 110 111 115 116
87 63 : 0 1 2 4 8 10 11 14 16 17 18 19 20 21 22 29 31 32 33 34 35 36 37 39 40 42 46 51 52 54 56 57 58 59 61 63 64 68 69 71 72 73 79 85 88 89 90 91 95 96 98 99 100 102 103 105 107 108 109 110 112 114 115
88 64 : 1 2 5 7 11 14 21 22 23 24 25 26 27 28 30 31 33 34 36 38 43 44 48 49 52 53 54 55 56 58 59 60 63 64 66 67 68 69 72 75 81 83 84 85 87 88 89 90 92 93 96 97 99 100 101 103 104 105 106 109 110 113 114 115
89 64 : 0 1 2 4 7 8 9 10 11 12 15 19 21 27 28 30 31 32 33 35 40 41 43 45 46 47 48 49 52 53 54 58 64 65 66 67 69 70 72 73 76 78 80 81 82 83 86 87 88 89 90 91 93 95 99 100 101 103 106 107 109 110 111 115
90 49 : 0 2 3 7 13 14 17 23 25 26 27 30 31 32 33 34 36 43 46 47 48 50 55 59 60 61 64 66 68 69 76 79 80 82 83 87 89 91 92 93 95 96 104 105 107 109 110 111 115
91 64 : 1 2 3 6 7 8 9 10 11 12 15 16 17 19 20 21 23 26 29 30 31 32 34 35 36 41 43 45 49 50 51 52 55 56 58 59 61 62 64 66 67 68 70 71 73 75 77 82 84 86 88 89 91 93 97 100 101 102 104 106 109 110 112 113
92 64 : 0 1 2 3 7 8 9 11 12 13 18 20 21 24 25 30 33 34 35 38 40 43 44 46 47 50 51 52 53 55 56 57 58 61 62 66 67 70 71 72 73 74 75 80 81 83 84 85 87 88 89 90 97 99 101 102 104 105 107 109 110 112 113 116
93 53 : 0 2 3 4 11 12 13 18 19 23 27 30 31 34 36 37 40 41 42 43 46 47 50 51 54 55 57 58 59 66 67 68 69 72 73 74 82 84 87 89 90 91 96 99 101 102 104 106 107 109 110 114 115
94 64 : 0 2 6 8 10 11 12 13 14 17 18 19 23 25 28 29 30 31 32 34 35 36 38 40 41 42 43 45 47 48 49 52 53 55 59 60 63 65 67 68 69 70 76 77 78 82 83 84 88 89 91 92 96 97 98 101 103 105 106 109 113 114 115 116
95 64 : 1 2 3 4 5 9 10 13 18 19 23 25 26 27 28 29 30 32 33 34 37 38 43 44 46 48 49 50 51 52 53 56 58 60 61 66 67 68 70 72 75 78 80 82 83 86 87 88 89 91 92 93 94 97 99 100 102 103 104 107 109 111 113 115
96 64 : 0 1 2 5 7 10 11 13 14 16 17 18 21 26 29 30 31 32 34 36 37 38 39 40 42 43 44 46 47 49 50 52 56 60 62 64 65 66 69 73 74 75 76 77 78 80 84 90 93 94 95 96 97 98 100 105 106 107 108 109 110 111 114 115
97 65 : 2 4 5 6 8 9 11 13 14 16 19 21 23 24 25 27 28 34 35 36 37 38 39 41 42 45 46 48 49 52 58 59 60 66 68 71 72 73 74 76 77 78 79 82 83 84 88 90 91 93 96 97 98 99 100 101 103 104 105 106 108 109 111 115 116
98 48 : 2 12 19 23 26 27 30 32 33 34 36 37 38 43 46 47 48 49 50 51 56 59 62 68 69 70 75 76 81 82 83 86 87 89 90 91 95 96 101 102 104 107 109 111 112 113 114 115
99 64 : 2 3 5 10 12 14 15 16 19 21 22 25 27 28 29 30 32 33 34 36 37 38 40 41 43 45 47 48 50 51 52 54 55 57 59 60 61 63 64 65 69 71 72 76 77 78 81 82 86 88 89 91 92 93 95 97 98 103 104 107 110 112 114 116
