N C E M
100 67 4950 3960
Opt_part_L_size, Opt_part_R_size, Opt_number_of_colors
24 76 36
N of L changes = 11
Min number of labels in a vertice, Max number of labels in a vertice
42 61
Solution Set
50(41) 59(41) 3(41) 17(41) 6(42) 19(42) 61(42) 65(42) 26(42) 1(43) 8(43) 51(72) 42(72) 41(77) 21(79) 57(81) 28(81) 16(82) 52(84) 62(84) 4(85) 23(86) 15(86) 40(86) 22(87) 54(90) 37(91) 53(91) 2(92) 24(93) 14(94) 31(95) 43(95) 44(95) 18(100) 20(106) 
Number of edges by Color (l n)
0 20 106
1 18 100
2 31 95
3 43 95
4 44 95
5 14 94
6 24 93
7 2 92
8 37 91
9 53 91
10 54 90
11 22 87
12 15 86
13 23 86
14 40 86
15 4 85
16 52 84
17 62 84
18 16 82
19 28 81
20 57 81
21 21 79
22 41 77
23 42 72
24 51 72
25 33 45
26 64 45
27 9 44
28 13 44
29 39 44
30 0 43
31 1 43
32 8 43
33 11 43
34 34 43
35 38 43
36 48 43
37 55 43
38 56 43
39 63 43
40 66 43
41 5 42
42 6 42
43 7 42
44 10 42
45 12 42
46 19 42
47 25 42
48 26 42
49 27 42
50 46 42
51 47 42
52 49 42
53 58 42
54 61 42
55 65 42
56 3 41
57 17 41
58 29 41
59 30 41
60 32 41
61 35 41
62 36 41
63 45 41
64 50 41
65 59 41
66 60 41
Label List by vertices (vertice Id, Number of labels : set of labels
0 61 : 1 2 3 4 5 6 7 8 9 10 11 12 13 14 15 16 17 18 19 20 21 22 23 24 25 26 27 28 29 30 31 32 33 34 35 36 37 38 40 41 45 46 47 48 49 50 51 52 53 54 55 56 57 58 60 61 62 63 64 65 66
1 60 : 0 1 4 5 6 7 8 9 10 12 13 14 15 16 17 19 20 21 22 23 24 25 26 27 28 29 30 31 32 33 34 35 36 37 38 39 40 41 42 43 44 45 46 47 48 49 50 51 52 53 54 56 57 58 60 62 63 64 65 66
2 45 : 0 1 2 8 9 10 11 12 14 15 17 18 20 21 22 23 24 26 27 28 29 31 33 37 38 40 41 42 43 44 45 46 47 49 51 52 53 54 57 58 61 62 63 64 66
3 61 : 0 1 2 4 5 6 7 8 9 10 11 12 13 14 15 16 17 18 19 20 22 23 25 26 27 28 29 30 31 33 34 35 36 37 38 39 40 41 42 44 45 46 47 48 49 50 51 52 53 54 55 56 57 58 59 60 61 63 64 65 66
4 60 : 0 1 2 3 4 5 6 7 8 9 10 11 12 13 15 16 17 18 20 21 22 23 24 25 26 27 28 29 30 31 32 33 34 35 36 38 39 40 42 43 44 45 47 48 49 51 52 53 54 55 56 57 58 59 60 61 63 64 65 66
5 61 : 0 1 2 3 4 5 6 7 8 9 10 11 12 13 14 15 16 17 19 21 22 23 24 25 26 27 28 29 30 32 33 34 35 37 38 39 40 41 42 43 44 45 46 47 48 49 51 52 53 54 55 56 57 58 60 61 62 63 64 65 66
6 60 : 0 1 2 3 4 5 6 7 8 9 10 11 12 13 14 16 18 19 20 22 23 26 27 28 29 30 31 32 33 34 35 36 38 39 41 42 43 44 45 46 47 48 49 50 51 52 53 54 55 56 57 58 59 60 61 62 63 64 65 66
7 60 : 0 1 2 3 4 6 7 8 10 11 12 14 15 16 17 18 19 20 21 22 23 24 26 27 28 29 30 31 32 33 34 35 36 37 38 40 41 42 43 44 45 46 47 48 49 51 52 53 54 55 56 57 58 60 61 62 63 64 65 66
8 60 : 0 2 3 4 5 6 7 8 9 10 11 12 14 15 17 18 20 21 22 23 24 25 26 27 28 29 30 31 32 33 34 35 36 37 38 39 41 42 43 44 45 46 47 48 49 50 51 53 54 55 56 57 58 59 60 61 62 63 65 66
9 45 : 0 2 3 4 7 11 12 13 14 15 16 18 20 21 23 24 25 26 28 30 31 33 36 37 39 40 41 42 43 44 46 48 50 52 53 54 55 57 58 59 60 62 63 65 66
10 61 : 0 1 2 3 4 5 6 7 9 10 11 12 13 14 15 16 17 18 19 20 21 22 23 24 25 26 27 28 29 30 31 32 33 34 35 36 37 39 41 42 43 44 45 46 47 49 50 51 52 53 54 55 56 57 58 59 61 62 64 65 66
11 61 : 0 1 2 3 4 5 6 7 8 9 10 11 12 13 14 15 16 17 20 21 23 24 25 26 27 28 29 30 31 32 33 34 36 37 38 39 40 41 42 43 44 45 46 47 48 49 50 51 52 54 55 56 57 58 60 61 62 63 64 65 66
12 60 : 0 1 2 3 4 5 6 7 8 9 10 11 12 13 14 15 17 18 20 21 22 23 24 25 26 27 28 29 30 31 32 33 34 35 37 38 40 41 42 43 44 45 46 47 48 49 50 51 52 53 54 55 56 58 59 60 62 63 65 66
13 45 : 1 2 3 4 5 6 8 9 12 13 14 15 16 17 18 20 22 23 24 25 28 29 31 33 34 35 37 40 41 42 43 44 51 52 53 54 55 57 59 60 61 62 63 64 66
14 60 : 0 1 2 3 5 6 7 8 9 10 11 12 13 14 15 16 17 18 19 20 21 22 23 24 25 26 27 28 29 30 31 32 33 34 35 36 37 38 39 40 41 43 44 45 46 47 48 49 51 52 53 54 55 56 58 59 60 61 65 66
15 61 : 0 1 2 3 4 5 6 7 9 10 11 12 13 14 15 16 17 19 21 22 23 24 25 26 27 28 29 30 31 32 33 34 35 36 37 38 39 40 41 42 43 44 45 46 47 48 50 51 52 53 54 55 58 59 60 61 62 63 64 65 66
16 47 : 1 2 4 6 7 8 10 11 13 14 15 16 18 20 21 22 23 24 27 28 29 30 31 32 33 34 35 36 37 40 41 42 43 44 45 46 48 49 51 52 53 56 57 62 63 65 66
17 61 : 0 1 2 3 4 5 6 7 8 9 10 11 12 13 14 15 16 17 18 19 20 22 23 24 25 26 27 28 29 30 31 32 33 34 35 36 37 38 39 41 42 44 45 46 47 48 49 50 52 54 55 56 57 58 59 60 61 62 64 65 66
18 61 : 1 2 3 4 5 6 8 9 10 11 12 13 14 15 16 17 18 19 20 21 22 23 24 25 27 28 29 30 31 32 33 34 36 38 39 40 41 42 43 44 45 46 47 48 49 50 52 53 54 55 56 57 58 59 60 61 62 63 64 65 66
19 61 : 0 1 2 3 4 5 6 7 8 9 10 11 12 13 14 15 16 17 18 19 20 21 22 23 24 25 26 28 29 30 31 32 33 34 35 36 38 39 40 41 42 43 44 45 46 47 49 50 51 53 54 55 57 58 59 60 61 62 63 64 65
20 59 : 0 1 2 3 4 5 6 7 9 10 11 12 13 14 15 17 18 19 20 22 23 24 26 27 28 29 31 32 33 34 35 36 37 38 39 40 41 42 43 44 45 47 48 49 51 52 53 55 56 57 58 59 60 61 62 63 64 65 66
21 60 : 0 1 2 3 4 5 6 7 8 9 10 11 13 14 15 16 18 19 20 21 22 24 25 26 27 28 29 30 32 33 34 35 36 37 38 39 40 41 42 43 45 46 47 48 49 50 52 54 55 56 57 58 59 60 61 62 63 64 65 66
22 60 : 0 1 2 3 5 6 7 8 9 10 11 12 13 14 15 16 17 18 19 20 21 22 23 24 25 26 27 29 30 31 32 33 34 35 36 37 38 39 40 41 42 43 44 45 46 47 48 51 52 53 54 55 56 57 58 59 61 63 64 65
23 61 : 0 1 2 4 5 6 7 8 9 10 11 12 13 14 15 16 17 18 19 21 22 23 24 25 26 27 28 29 30 31 32 33 34 35 36 37 38 39 40 41 42 44 45 46 47 48 49 50 52 53 54 55 56 57 58 60 61 63 64 65 66
24 61 : 1 2 3 4 5 6 7 8 9 10 11 13 14 15 16 17 18 19 20 21 22 25 26 27 29 30 31 32 33 34 35 36 37 38 39 40 41 42 43 44 45 46 47 48 49 50 51 53 54 55 56 57 58 59 60 61 62 63 64 65 66
25 60 : 1 2 3 4 5 6 7 8 9 10 11 12 13 14 16 19 21 22 23 24 25 26 27 28 29 30 31 32 34 35 36 37 38 39 40 41 42 43 44 45 46 47 48 49 50 51 52 54 55 56 57 58 59 60 61 62 63 64 65 66
26 60 : 0 1 2 3 4 5 6 7 8 9 10 11 12 13 14 15 16 17 19 20 24 25 26 27 28 29 31 32 33 34 36 37 38 39 40 41 42 43 45 46 47 48 49 50 51 52 53 54 55 56 57 58 59 60 61 62 63 64 65 66
27 60 : 0 1 2 3 5 6 8 9 11 12 13 14 15 16 17 18 19 20 21 22 23 25 26 27 29 30 31 32 33 34 35 36 37 38 39 40 41 42 43 44 45 46 47 48 50 51 53 54 55 56 57 58 59 60 61 62 63 64 65 66
28 60 : 0 1 3 4 5 6 7 9 10 11 12 13 14 15 16 17 18 19 21 22 23 24 25 26 27 28 30 31 32 33 34 35 36 37 38 39 40 41 44 45 46 47 48 49 50 51 52 53 54 55 56 57 58 59 60 61 62 63 64 65
29 60 : 0 1 2 3 6 7 8 9 10 11 12 14 15 16 17 18 19 20 21 22 23 24 25 26 28 29 30 31 32 33 34 35 36 37 38 39 40 41 44 45 46 48 49 50 51 52 53 54 55 56 57 58 59 60 61 62 63 64 65 66
30 60 : 0 2 3 4 5 6 7 8 9 10 11 13 14 15 17 18 19 20 21 22 23 24 25 26 27 28 29 30 31 32 33 34 35 36 37 38 39 40 41 42 43 44 45 46 47 49 50 51 53 54 55 56 57 59 61 62 63 64 65 66
31 60 : 0 1 2 3 4 5 6 7 8 11 12 13 15 16 18 19 20 21 22 23 25 26 27 28 29 30 31 32 33 34 35 36 37 38 41 42 43 44 45 46 47 48 49 50 51 52 53 54 55 56 57 58 59 60 61 62 63 64 65 66
32 60 : 0 1 2 4 6 8 9 10 11 13 14 15 16 17 18 19 20 21 22 23 24 25 26 27 28 29 30 31 32 33 34 35 36 38 39 41 42 43 44 45 46 47 48 49 50 51 52 53 54 55 56 57 58 59 60 62 63 64 65 66
33 46 : 2 4 5 6 8 9 10 11 12 14 15 16 17 18 20 21 22 23 24 26 30 31 34 35 36 37 39 40 41 42 43 44 47 48 49 51 52 53 54 55 57 61 62 64 65 66
34 42 : 0 1 2 3 4 5 7 10 11 12 13 14 15 16 19 20 21 22 23 24 27 28 31 33 34 37 40 41 42 43 49 51 52 53 54 55 56 58 62 63 64 65
35 60 : 0 1 2 3 4 5 6 7 8 9 10 11 12 13 14 15 16 17 18 19 20 21 22 23 24 25 26 27 28 29 30 31 32 33 34 37 38 40 41 43 44 45 46 47 48 49 50 51 52 53 55 56 57 58 59 60 62 63 64 65
36 60 : 0 1 2 3 6 7 8 9 10 11 12 13 14 15 16 18 19 20 21 23 26 27 29 30 31 32 33 34 35 36 37 38 39 40 41 42 43 44 45 46 47 48 49 50 51 52 53 54 55 56 57 58 59 60 61 62 63 64 65 66
37 46 : 0 2 6 8 9 10 13 15 16 17 18 20 21 22 23 24 25 26 28 30 31 33 34 35 36 37 38 40 42 43 44 48 50 51 52 53 54 56 57 58 59 60 61 62 63 64
38 46 : 0 1 2 3 4 5 6 8 9 10 13 14 15 18 19 20 21 22 23 24 31 32 35 36 37 38 40 41 42 43 44 45 46 47 48 49 50 51 52 53 54 55 56 57 59 62
39 60 : 0 1 2 3 4 5 6 7 8 9 10 11 13 15 16 17 18 19 20 21 22 23 24 25 26 27 29 30 31 32 33 34 35 36 37 38 39 40 41 43 44 46 47 49 50 51 52 53 54 55 56 57 58 59 61 62 63 64 65 66
40 59 : 0 1 2 3 4 5 6 7 8 10 11 12 13 14 16 17 18 19 20 22 23 24 25 26 27 29 30 31 32 33 34 35 36 37 38 39 40 42 43 44 45 47 48 49 50 51 52 53 55 56 57 58 59 60 61 62 64 65 66
41 60 : 0 1 2 3 4 5 6 7 8 10 11 12 13 14 15 16 18 19 20 21 23 24 25 26 27 29 31 33 34 35 36 37 38 39 40 41 42 43 44 45 46 47 48 49 50 51 52 53 54 56 57 58 59 60 61 62 63 64 65 66
42 60 : 0 1 2 3 4 5 6 7 8 9 10 11 13 14 16 17 18 19 20 21 22 23 24 25 27 28 29 30 31 32 33 34 35 36 37 38 39 40 42 43 44 45 46 47 48 49 50 52 53 54 56 57 58 59 60 61 62 64 65 66
43 60 : 0 1 2 3 4 6 7 8 9 10 11 12 13 14 15 16 17 18 19 20 21 23 24 25 27 28 29 30 32 33 34 35 36 37 38 39 40 41 42 43 44 45 46 47 48 49 50 51 53 54 55 56 57 58 59 61 62 63 64 65
44 48 : 0 1 2 3 4 7 8 9 10 14 15 16 17 18 19 20 21 22 23 24 27 28 29 31 32 34 37 40 41 42 43 44 45 48 49 51 52 53 54 55 56 57 59 60 61 62 64 66
45 59 : 0 1 2 3 4 5 6 7 8 9 10 11 12 13 14 15 16 17 18 19 20 22 23 24 25 27 28 29 31 32 33 34 36 37 38 39 40 41 42 43 45 46 47 48 49 50 52 53 54 56 57 58 59 60 61 63 64 65 66
46 60 : 0 1 2 3 4 6 7 8 9 10 11 12 13 14 15 16 18 19 20 21 22 23 25 26 27 28 29 30 31 33 34 35 36 37 38 39 40 41 42 43 44 45 46 48 49 50 51 52 53 54 55 56 57 58 59 60 61 63 64 65
47 44 : 0 2 4 5 6 7 8 12 14 15 16 18 19 20 21 22 23 24 25 27 28 30 31 32 34 35 37 39 40 41 44 48 49 50 51 52 53 54 55 56 60 62 64 65
48 60 : 0 1 2 3 4 5 7 8 9 10 11 12 13 14 15 17 18 19 20 21 22 23 24 25 26 27 28 30 32 33 34 35 36 37 38 39 40 41 42 43 44 45 46 47 49 50 51 52 53 54 55 56 58 59 60 61 62 64 65 66
49 60 : 0 1 2 3 4 5 6 7 8 9 11 12 13 15 16 17 18 19 20 21 23 25 26 27 28 30 32 33 34 35 36 37 38 39 40 41 42 43 44 45 46 47 48 49 50 52 53 54 55 56 57 58 59 60 61 62 63 64 65 66
50 60 : 0 1 2 3 4 5 6 7 8 9 10 11 12 13 14 15 16 17 18 19 20 21 22 23 24 25 27 28 29 30 32 33 34 35 36 37 38 39 40 43 45 46 47 48 49 50 51 52 53 54 55 57 58 59 60 62 63 64 65 66
51 59 : 0 1 2 3 4 5 6 7 8 9 10 11 12 13 14 16 17 18 19 21 22 23 24 25 26 27 28 29 30 31 33 34 35 36 37 39 40 42 43 44 46 47 48 49 50 51 52 53 54 55 56 57 58 60 61 62 63 64 66
52 60 : 0 1 2 3 4 5 6 7 8 9 10 11 12 13 14 15 16 17 19 20 21 23 24 25 29 30 31 33 34 35 36 37 38 39 40 41 42 43 44 46 47 48 49 50 51 52 53 54 55 56 57 58 59 60 61 62 63 64 65 66
53 60 : 0 1 3 4 5 6 7 8 9 10 11 12 13 14 15 16 17 18 20 21 22 23 24 25 26 27 28 30 31 32 34 35 36 37 38 39 40 41 42 43 44 45 46 47 48 49 52 53 54 55 56 57 58 59 60 61 62 63 64 66
54 46 : 1 2 3 4 13 14 15 16 18 20 21 23 24 25 27 28 29 31 33 35 36 37 39 40 41 42 43 44 45 47 49 51 52 53 54 55 56 57 58 59 60 61 62 63 64 65
55 59 : 0 1 2 3 4 5 6 7 8 9 10 11 12 13 14 15 16 17 18 19 20 22 24 25 26 27 28 29 30 31 33 34 35 36 37 38 39 40 42 43 44 46 47 48 49 50 52 53 55 56 58 59 60 61 62 63 64 65 66
56 60 : 1 2 4 5 6 7 8 9 10 11 12 13 15 16 17 18 19 21 22 24 25 27 28 29 30 31 32 33 34 35 36 37 38 39 40 42 43 44 45 46 47 48 49 50 51 52 53 54 55 56 57 58 59 60 61 62 63 64 65 66
57 60 : 0 1 2 3 4 5 6 7 10 11 12 13 14 15 16 17 18 19 20 21 22 24 25 26 27 28 29 30 31 32 33 35 36 37 38 39 41 43 44 45 46 47 48 49 50 51 52 53 54 56 57 58 59 60 61 62 63 64 65 66
58 47 : 0 1 2 3 4 5 6 7 9 10 11 13 14 15 16 18 20 21 22 23 24 25 26 28 30 31 34 35 37 39 40 41 42 43 44 47 49 50 51 52 53 54 55 57 59 62 63
59 60 : 0 2 3 4 5 6 7 8 9 10 12 13 14 15 16 17 18 20 21 22 23 24 26 27 28 29 30 31 32 33 34 35 36 37 38 39 41 42 43 44 45 46 47 48 49 51 52 53 54 55 56 58 59 60 61 62 63 64 65 66
60 60 : 0 1 2 3 4 5 6 7 8 9 10 11 12 13 14 15 16 17 18 19 20 21 22 23 24 25 26 27 29 30 31 33 35 37 38 39 40 41 42 43 44 45 46 47 48 49 50 51 52 54 55 56 57 59 60 61 62 63 64 66
61 60 : 0 1 2 3 4 5 6 7 8 9 10 11 12 13 14 15 16 17 18 19 20 22 23 24 25 27 28 29 30 31 32 33 34 35 36 37 38 39 40 42 43 44 45 46 47 48 49 52 53 55 56 57 58 59 61 62 63 64 65 66
62 59 : 0 1 2 5 7 8 9 10 11 12 13 14 15 16 17 18 19 20 21 22 24 25 26 27 28 29 31 32 33 34 35 36 37 38 39 40 41 42 43 44 45 46 47 48 49 50 52 53 54 55 56 58 59 60 62 63 64 65 66
63 60 : 0 1 3 4 5 6 7 8 9 10 11 12 13 14 16 17 19 20 21 22 23 24 25 26 27 28 29 30 31 32 33 35 36 37 39 40 41 42 43 44 45 46 47 49 50 51 52 53 54 55 56 57 58 59 60 62 63 64 65 66
64 60 : 0 1 2 3 4 5 7 8 9 10 11 12 13 14 15 17 18 19 20 21 22 25 26 27 28 29 30 31 32 33 34 35 36 37 38 39 40 42 43 44 45 47 48 49 50 51 52 53 54 55 56 57 58 59 60 61 62 64 65 66
65 44 : 0 2 3 4 6 11 12 14 15 16 18 19 20 21 22 23 24 25 28 30 31 33 36 37 38 39 41 42 43 44 45 46 47 49 50 51 52 54 55 57 58 59 62 64
66 60 : 0 1 2 3 4 5 6 7 8 9 10 12 13 14 15 16 17 18 19 20 21 22 24 25 27 28 29 31 32 33 34 35 36 37 38 39 40 41 42 43 44 45 46 48 49 50 51 54 55 56 57 58 59 60 61 62 63 64 65 66
67 60 : 0 3 4 5 7 8 9 10 11 12 13 14 15 16 17 18 19 21 22 23 24 25 26 27 28 29 30 31 32 33 34 35 36 37 38 39 40 41 43 44 45 46 48 49 50 51 52 53 54 55 57 58 59 60 61 62 63 64 65 66
68 60 : 0 1 2 3 4 5 6 7 8 9 10 11 12 13 14 15 17 18 19 20 21 22 24 25 26 27 28 29 30 31 32 33 35 36 38 40 41 43 44 45 46 47 48 49 50 51 52 53 54 55 56 57 58 60 61 62 63 64 65 66
69 48 : 0 2 4 5 6 7 8 9 11 12 13 14 15 16 17 18 19 20 21 22 23 24 25 27 28 29 30 31 32 33 34 37 40 41 42 43 44 46 48 52 53 54 55 57 58 60 62 64
70 44 : 2 7 9 11 12 14 15 16 17 18 19 20 21 22 24 27 28 31 34 35 36 37 38 39 40 41 42 43 44 45 47 50 51 52 53 54 56 57 58 59 60 63 64 65
71 60 : 0 1 2 3 4 5 6 7 8 9 10 11 12 13 14 17 18 20 22 23 24 25 26 27 28 29 30 31 32 33 34 35 37 38 39 40 41 42 43 44 45 46 47 48 49 51 52 53 54 55 57 58 59 60 61 62 63 64 65 66
72 60 : 0 1 2 4 5 6 7 9 10 11 12 13 14 15 17 18 19 22 23 24 25 26 27 28 29 30 31 32 33 34 35 36 38 39 41 42 43 44 45 46 47 48 49 50 51 52 53 54 55 56 57 58 59 60 61 62 63 64 65 66
73 47 : 2 3 4 5 7 8 10 11 12 13 14 15 16 17 18 20 21 22 23 24 25 26 27 28 29 30 31 32 37 38 39 40 41 42 43 46 48 51 52 53 54 56 57 59 62 65 66
74 60 : 0 1 2 3 4 5 6 7 8 9 10 11 12 13 14 15 16 17 18 19 20 21 22 24 26 27 28 29 31 32 33 34 35 37 38 39 40 41 42 44 45 46 47 48 49 50 51 53 55 56 57 58 59 60 61 62 63 64 65 66
75 60 : 0 1 2 3 4 5 7 8 9 10 11 12 13 14 15 16 17 19 20 21 22 24 25 26 28 29 30 31 32 33 34 35 36 37 38 39 40 41 42 43 44 45 46 47 48 50 51 52 53 54 55 58 59 60 61 62 63 64 65 66
76 60 : 0 1 2 3 4 5 6 7 8 9 10 11 12 13 14 16 17 18 19 20 21 22 23 24 25 26 27 28 30 31 32 33 34 35 36 37 38 39 40 41 42 44 45 46 47 50 51 52 53 55 56 57 58 59 60 61 62 63 64 66
77 60 : 0 2 3 4 5 6 7 8 9 10 11 12 13 14 15 17 19 20 21 22 23 24 25 26 27 28 29 30 31 32 33 34 35 36 37 38 40 41 43 44 45 46 47 48 49 50 51 52 53 54 55 56 57 59 60 61 62 63 64 65
78 60 : 0 1 2 3 5 6 8 9 10 11 12 13 14 16 17 18 19 20 22 23 24 25 26 27 28 29 30 31 32 33 35 36 37 38 39 40 41 42 43 44 46 47 48 49 50 51 53 54 55 56 57 58 59 60 61 62 63 64 65 66
79 60 : 0 1 2 3 4 5 6 7 8 10 11 12 13 14 15 16 17 18 19 20 22 23 24 25 26 27 28 29 31 32 33 34 35 36 37 40 41 42 43 44 45 46 47 48 49 50 52 53 55 56 57 58 59 60 61 62 63 64 65 66
80 47 : 1 2 3 4 5 6 7 10 13 14 15 16 18 20 21 22 23 24 25 28 29 30 31 32 33 34 37 38 39 40 41 42 43 44 47 48 50 51 52 53 54 55 57 60 61 62 64
81 60 : 0 1 2 4 5 6 7 8 9 10 11 12 13 14 15 16 17 18 19 20 22 23 24 25 26 27 28 29 30 31 32 33 34 35 36 38 39 40 41 42 44 46 47 48 49 50 51 52 53 54 55 56 58 59 61 62 63 64 65 66
82 60 : 0 1 2 3 4 5 6 7 8 9 10 11 12 14 15 16 17 18 19 20 21 22 23 24 25 26 27 28 29 30 32 33 34 36 38 39 40 42 43 44 45 46 47 48 49 50 51 52 53 54 55 56 57 58 59 60 61 62 63 66
83 46 : 2 3 4 5 6 8 9 11 13 14 15 16 17 18 20 21 22 23 24 25 26 27 28 31 32 33 37 38 39 40 41 42 43 44 45 46 48 50 51 52 53 54 57 58 60 62
84 46 : 1 2 3 4 5 14 15 16 17 18 19 20 21 22 23 24 26 27 28 31 32 33 34 35 37 40 41 42 43 44 45 46 47 48 50 51 52 53 54 56 57 58 60 62 63 64
85 60 : 0 1 2 3 4 5 6 7 8 9 11 12 13 14 16 17 18 19 20 21 22 23 24 25 26 27 28 29 30 31 32 34 35 36 38 39 40 41 42 43 45 47 49 50 51 52 53 54 55 56 57 58 59 60 61 62 63 64 65 66
86 60 : 0 1 2 3 5 6 7 8 9 10 12 13 14 15 16 17 18 19 21 22 24 25 26 27 28 29 30 31 32 33 34 35 36 37 38 39 40 41 42 43 44 45 47 48 49 50 51 52 53 54 55 56 59 60 61 62 63 64 65 66
87 47 : 0 2 4 7 8 10 12 14 15 16 17 18 19 20 21 22 23 24 26 28 30 31 32 36 37 38 39 40 41 42 43 44 46 47 48 51 52 53 54 56 57 58 60 61 62 63 66
88 60 : 0 1 2 5 6 7 8 9 10 11 12 13 14 15 16 17 18 19 20 21 22 23 24 25 26 27 28 29 30 31 32 33 34 35 36 37 38 39 41 42 43 44 45 46 47 48 49 50 51 52 53 54 56 57 59 60 61 63 64 66
89 59 : 1 2 3 4 5 7 8 9 10 11 12 13 16 17 18 19 20 21 22 23 24 25 26 27 28 29 30 31 33 34 35 36 37 38 39 40 41 43 44 45 46 47 48 49 50 51 53 55 56 57 58 59 60 61 62 63 64 65 66
90 48 : 2 3 4 12 14 15 16 18 19 20 21 22 23 24 25 26 27 28 29 30 31 32 33 34 35 36 37 38 40 41 42 43 44 48 50 51 52 53 54 57 59 60 61 62 63 64 65 66
91 46 : 0 2 4 5 10 11 12 14 15 16 18 19 20 21 22 23 24 25 26 28 29 31 32 33 36 37 38 40 41 42 43 44 45 46 47 48 51 52 53 54 55 57 58 60 61 66
92 60 : 0 1 2 3 4 5 6 7 8 9 11 12 14 15 16 17 18 19 20 21 22 23 25 26 27 28 29 30 31 32 33 34 35 36 37 38 39 40 41 42 45 46 47 48 49 50 51 52 53 54 55 56 58 59 61 62 63 64 65 66
93 59 : 0 2 3 4 5 6 7 8 9 10 11 12 14 16 18 19 21 22 23 24 25 26 27 28 30 31 32 33 34 35 36 37 38 39 40 41 42 43 44 45 46 47 48 49 50 52 53 54 55 56 58 59 60 61 62 63 64 65 66
94 60 : 1 4 5 6 7 8 9 10 11 12 13 14 15 16 17 18 19 20 21 22 23 24 25 26 27 28 29 30 31 32 34 35 36 37 39 40 41 42 43 44 45 46 47 48 49 50 51 52 53 54 55 56 57 58 59 60 62 64 65 66
95 60 : 0 1 2 3 4 5 6 7 8 9 10 11 12 13 14 15 16 17 19 20 21 24 25 27 28 29 30 31 32 34 35 36 37 38 39 40 41 42 43 44 45 46 47 48 49 50 51 54 55 56 57 58 59 60 61 62 63 64 65 66
96 48 : 0 2 3 4 7 9 10 14 15 16 17 18 19 20 21 22 23 24 25 28 29 30 31 32 33 35 37 38 39 40 41 42 43 44 45 47 49 50 51 52 53 54 57 59 61 62 63 65
97 58 : 0 1 3 5 6 7 8 9 10 11 12 13 14 15 16 17 19 20 22 23 24 25 26 27 29 30 31 32 33 34 35 36 38 39 40 41 43 44 45 46 47 48 49 50 51 52 53 55 56 57 58 59 60 61 62 64 65 66
98 59 : 0 1 2 3 4 5 6 7 8 9 11 12 13 14 16 17 18 19 20 21 22 23 24 25 26 27 28 29 30 32 34 35 36 37 39 40 41 42 43 44 45 46 48 49 50 51 52 53 54 55 56 57 59 60 61 62 64 65 66
99 45 : 0 2 3 4 9 10 12 14 15 16 17 18 19 20 21 22 23 24 26 28 29 30 32 33 34 36 37 40 41 42 43 44 45 46 48 49 51 52 53 54 55 56 61 62 63
