N C E M
100 83 4950 3960
Opt_part_L_size, Opt_part_R_size, Opt_number_of_colors
15 85 38
N of L changes = 8
Min number of labels in a vertice, Max number of labels in a vertice
41 71
Solution Set
57(39) 75(39) 34(40) 71(40) 12(41) 16(41) 49(41) 55(41) 58(51) 78(55) 52(56) 20(57) 2(57) 5(58) 10(58) 81(58) 37(59) 80(59) 8(59) 79(60) 33(60) 74(60) 28(61) 40(61) 17(61) 32(62) 22(62) 42(62) 14(62) 41(62) 0(62) 70(63) 31(63) 63(64) 38(64) 45(64) 36(66) 6(66) 
Number of edges by Color (l n)
0 6 66
1 36 66
2 38 64
3 45 64
4 63 64
5 31 63
6 70 63
7 0 62
8 14 62
9 22 62
10 32 62
11 41 62
12 42 62
13 17 61
14 28 61
15 40 61
16 33 60
17 74 60
18 79 60
19 8 59
20 37 59
21 80 59
22 5 58
23 10 58
24 81 58
25 2 57
26 20 57
27 52 56
28 78 55
29 58 51
30 13 42
31 46 42
32 47 42
33 62 42
34 76 42
35 4 41
36 7 41
37 9 41
38 11 41
39 12 41
40 15 41
41 16 41
42 18 41
43 19 41
44 21 41
45 25 41
46 26 41
47 35 41
48 44 41
49 49 41
50 53 41
51 55 41
52 61 41
53 64 41
54 65 41
55 66 41
56 77 41
57 1 40
58 3 40
59 23 40
60 24 40
61 27 40
62 29 40
63 30 40
64 34 40
65 39 40
66 43 40
67 48 40
68 50 40
69 51 40
70 54 40
71 56 40
72 59 40
73 60 40
74 67 40
75 68 40
76 69 40
77 71 40
78 82 40
79 57 39
80 72 39
81 73 39
82 75 39
Label List by vertices (vertice Id, Number of labels : set of labels
0 71 : 1 3 4 5 6 7 8 9 10 11 12 13 14 15 16 17 18 19 20 21 22 23 24 26 27 29 30 31 33 34 35 36 37 38 39 40 41 42 43 44 45 46 47 50 52 53 55 57 58 59 60 61 62 63 64 65 66 68 70 71 72 73 74 75 76 77 78 79 80 81 82
1 71 : 0 1 2 4 6 7 8 9 10 11 12 13 14 15 16 17 18 19 20 21 22 24 25 26 27 28 29 30 31 33 34 35 36 37 39 40 41 43 44 45 46 47 48 49 51 52 53 54 55 56 57 59 61 62 63 64 65 66 67 68 69 70 71 72 73 75 77 78 79 81 82
2 71 : 0 1 3 5 6 9 10 11 12 13 14 15 16 17 18 19 21 22 23 24 25 26 27 28 29 30 31 33 34 35 36 37 38 39 40 41 43 44 45 46 47 48 49 50 51 53 54 55 56 57 59 60 61 62 63 64 65 66 67 68 69 71 73 74 75 76 77 78 79 80 81
3 71 : 0 2 4 5 6 7 8 9 10 11 12 13 14 15 16 18 19 20 21 22 23 24 25 26 27 28 29 30 32 33 34 36 37 38 39 41 42 43 44 46 47 48 49 51 52 53 54 55 56 57 59 60 61 62 64 65 66 67 68 70 71 72 73 74 75 76 77 78 79 81 82
4 71 : 1 2 3 4 5 6 7 8 9 10 12 13 14 15 16 17 18 19 20 21 22 23 24 25 26 27 28 30 31 33 34 35 37 38 39 40 41 43 44 45 47 48 49 51 52 54 55 57 58 59 61 62 63 64 65 66 67 68 69 70 71 72 74 75 76 77 78 79 80 81 82
5 71 : 0 1 2 3 4 7 8 11 12 13 14 15 16 17 18 19 22 23 24 25 26 27 28 29 30 31 32 33 34 35 36 37 38 39 40 43 44 45 46 47 48 49 50 51 52 53 54 55 56 57 58 59 60 61 62 63 64 65 66 67 68 70 71 73 74 75 76 77 78 81 82
6 71 : 0 1 3 5 6 7 8 9 10 11 13 14 15 17 18 19 20 21 22 23 24 25 26 27 28 29 30 31 32 33 34 35 36 37 38 39 41 43 44 45 46 47 48 49 50 51 53 54 55 56 57 58 59 60 61 62 63 64 66 67 68 69 71 72 74 76 77 78 79 81 82
7 71 : 0 2 3 4 5 6 8 9 10 11 12 13 14 15 16 18 19 20 21 23 24 25 27 28 29 30 31 32 33 34 35 36 37 38 39 40 41 42 43 44 45 47 48 49 50 51 52 53 55 56 57 58 59 60 61 62 63 64 65 66 68 69 72 73 75 76 77 78 80 81 82
8 71 : 0 1 2 3 4 6 7 8 9 10 11 12 13 14 15 16 17 18 21 23 24 25 26 27 28 29 30 32 33 34 35 36 38 39 40 41 42 43 44 46 48 50 51 52 53 54 55 56 57 58 59 60 61 62 63 64 66 67 68 69 70 71 72 73 74 75 76 77 78 80 81
9 71 : 0 1 3 4 5 7 8 9 10 11 12 13 15 17 18 19 20 21 22 23 24 25 26 28 29 30 31 32 33 34 35 36 37 38 39 42 43 44 45 46 47 48 49 50 53 54 55 56 57 58 59 60 61 62 64 65 66 67 68 69 70 71 72 73 75 76 77 78 79 80 82
10 71 : 1 3 4 5 6 7 8 9 10 11 12 13 15 16 17 18 19 20 21 22 23 24 25 26 27 28 29 30 31 34 35 36 37 38 39 40 41 42 43 44 46 47 48 49 50 51 52 53 54 56 57 58 59 61 62 64 65 66 67 68 69 70 71 72 73 76 77 78 80 81 82
11 71 : 1 2 3 4 5 7 8 10 11 12 13 14 15 16 17 18 19 20 21 23 24 25 26 27 28 29 30 31 32 33 34 35 36 37 38 39 40 41 42 43 45 46 47 48 49 50 51 53 54 56 57 58 60 61 62 63 64 65 66 68 69 70 71 72 73 74 75 76 78 80 82
12 71 : 0 1 2 4 5 6 7 9 10 11 13 14 16 18 19 20 21 22 23 24 25 26 27 28 29 30 31 32 33 34 35 36 38 39 40 41 43 44 45 46 47 48 49 50 51 52 53 54 55 56 57 58 59 60 62 63 64 65 66 67 68 69 71 72 73 74 76 77 80 81 82
13 71 : 0 1 2 3 4 5 7 8 11 12 13 14 15 18 19 21 22 23 24 25 26 27 28 29 30 32 33 34 37 38 39 40 42 43 44 45 46 47 48 49 50 51 52 53 54 55 57 58 59 61 62 63 64 65 66 67 68 69 70 71 72 73 74 75 76 77 78 79 80 81 82
14 41 : 0 2 5 6 8 10 14 15 17 20 22 28 30 31 32 33 36 37 38 40 41 42 43 44 45 51 52 56 58 59 60 62 63 65 70 71 74 78 79 80 81
15 71 : 0 1 2 3 4 6 7 8 9 11 12 13 14 15 16 18 19 21 22 24 25 26 28 29 31 32 33 34 35 36 39 41 42 43 44 45 46 47 48 49 50 51 52 53 54 55 56 57 58 59 60 61 62 63 64 65 66 67 69 70 71 72 73 74 75 76 77 78 80 81 82
16 71 : 0 2 4 6 7 8 9 10 11 12 14 15 16 17 18 19 20 21 22 23 25 26 27 28 29 30 31 32 33 34 35 36 37 38 39 40 42 43 44 45 46 47 48 49 50 51 54 55 56 57 58 59 60 61 62 64 65 66 67 68 69 70 71 72 73 74 75 76 77 79 82
17 71 : 0 1 2 3 4 5 6 7 8 11 12 13 14 15 16 17 18 20 21 22 23 24 25 26 27 28 29 30 32 33 34 35 36 37 39 40 41 42 44 45 46 47 48 49 50 51 52 53 54 55 56 57 58 60 62 63 64 66 67 68 69 70 71 72 73 74 76 79 80 81 82
18 71 : 0 1 2 4 5 6 7 8 9 10 11 12 13 14 15 16 18 21 22 23 24 25 27 28 29 30 31 32 34 35 36 38 39 40 41 42 43 44 45 46 47 48 49 51 53 54 55 58 59 60 61 62 63 64 65 66 67 68 69 70 71 72 73 74 75 76 77 78 79 80 82
19 71 : 0 1 2 3 4 6 7 8 9 10 11 12 13 14 15 16 17 18 19 21 22 23 24 26 27 29 33 34 35 38 39 40 42 43 45 46 47 48 49 50 51 52 53 54 55 56 57 58 59 60 61 62 63 64 65 66 67 68 69 70 71 72 73 75 76 77 78 79 80 81 82
20 71 : 1 2 3 4 5 6 7 8 9 11 12 13 15 16 17 18 20 21 22 23 24 25 26 27 28 29 30 32 33 34 35 38 39 40 41 42 43 44 45 46 47 48 49 50 51 53 54 55 56 59 60 61 62 63 64 65 66 67 68 69 70 72 73 74 75 76 77 79 80 81 82
21 71 : 0 1 3 4 5 6 8 9 10 11 12 13 14 15 16 17 18 19 20 21 22 23 24 25 26 27 28 29 31 32 33 34 35 36 38 39 40 41 42 44 45 46 47 48 49 50 53 54 55 56 57 58 59 60 62 63 64 65 66 67 68 69 70 71 72 73 74 75 76 77 80
22 71 : 0 1 3 4 5 6 7 8 9 10 11 12 13 14 15 16 18 19 20 21 22 23 24 25 26 27 28 29 32 33 34 35 36 37 38 39 40 41 42 43 44 45 46 47 48 49 50 51 52 53 54 55 56 59 60 61 62 63 64 65 66 67 68 69 70 72 73 76 79 80 82
23 71 : 0 1 2 3 4 5 6 7 8 9 10 11 12 13 15 17 18 19 20 21 22 23 24 25 26 27 28 30 32 33 34 36 37 38 39 40 42 44 45 46 47 48 50 51 53 54 55 56 57 58 59 61 62 63 64 65 66 67 68 69 70 71 74 75 76 77 78 79 80 81 82
24 71 : 1 2 3 4 5 7 8 9 10 11 12 13 14 15 16 17 18 19 20 21 23 24 25 26 27 29 30 31 32 34 37 38 39 40 41 42 44 45 46 47 48 49 50 51 52 53 55 56 59 60 61 62 63 64 65 66 67 68 69 70 71 72 73 74 75 76 77 78 79 81 82
25 71 : 0 2 3 5 6 7 8 9 10 11 12 13 14 15 16 17 18 19 20 21 22 24 25 26 27 28 29 32 33 34 35 36 37 38 39 40 41 43 44 45 46 47 48 49 50 51 54 55 56 57 58 59 60 62 63 65 66 67 68 69 70 71 72 73 74 75 77 78 79 80 82
26 43 : 0 2 3 5 6 8 9 14 15 17 18 20 22 23 28 31 32 36 37 38 41 42 43 44 45 47 49 50 52 53 55 58 60 61 63 70 71 73 74 78 79 80 81
27 71 : 0 1 2 3 4 5 7 8 10 11 12 13 15 16 18 19 20 21 22 23 25 26 27 28 29 30 31 32 34 35 36 37 38 39 41 42 43 44 45 46 48 49 50 51 53 54 55 56 57 58 59 60 61 62 64 65 66 67 69 70 71 72 73 74 75 76 77 78 79 81 82
28 71 : 1 2 3 4 5 6 7 8 9 10 11 12 13 15 16 17 18 19 20 21 22 23 24 25 26 27 28 29 30 31 32 34 35 36 37 38 39 44 45 46 47 48 49 50 51 52 53 54 55 57 58 60 61 62 63 64 65 66 67 68 69 70 71 72 73 74 76 77 79 81 82
29 71 : 1 2 3 4 5 6 7 9 11 12 13 14 15 16 17 19 20 21 22 23 25 26 27 28 29 30 33 34 35 36 37 38 39 40 41 43 44 45 46 47 48 49 51 53 54 55 56 57 58 59 60 61 62 63 64 65 66 67 68 69 71 72 73 74 75 76 77 78 79 80 82
30 71 : 0 1 3 4 5 7 8 9 11 12 13 15 16 17 18 20 21 22 23 24 25 27 28 29 30 31 33 34 35 36 37 38 39 40 42 43 44 45 46 47 48 49 50 51 53 54 55 56 57 58 59 61 62 63 64 65 66 68 69 70 71 72 73 75 76 77 78 79 80 81 82
31 71 : 1 2 3 4 5 6 7 8 9 11 12 13 14 15 16 17 18 20 21 22 23 24 25 26 27 28 29 30 35 36 38 39 40 41 42 43 44 46 47 48 49 50 51 52 53 54 55 56 57 58 59 60 61 62 63 64 65 67 68 69 70 71 73 74 75 76 77 78 79 81 82
32 71 : 1 2 3 4 5 6 7 8 9 10 11 12 13 15 16 17 18 19 20 22 23 24 25 27 28 29 30 31 33 34 35 36 37 38 39 40 44 45 46 47 49 50 51 52 53 54 55 56 57 58 59 60 61 62 64 65 66 67 68 69 70 71 72 73 74 75 76 77 78 79 82
33 71 : 0 1 2 3 4 5 6 7 8 9 10 11 12 13 14 15 16 17 18 19 22 24 25 26 27 28 29 30 31 32 33 34 35 36 37 38 39 41 42 43 44 45 46 47 48 49 50 51 53 55 56 57 58 59 60 64 65 67 68 69 71 72 73 74 75 76 77 78 79 81 82
34 71 : 0 1 3 4 5 6 8 9 10 11 12 13 14 15 16 17 18 19 20 23 24 26 27 28 29 30 31 32 33 35 36 37 38 39 41 42 43 44 46 47 48 50 51 53 54 55 56 57 58 59 60 61 63 64 65 66 67 68 69 70 72 73 74 75 76 77 78 79 80 81 82
35 71 : 0 1 3 4 5 6 7 8 9 10 11 12 13 14 15 16 17 18 19 20 21 22 24 25 26 27 29 30 31 32 33 34 35 38 39 40 41 43 44 46 47 48 49 50 51 53 54 55 56 57 58 59 60 61 64 65 66 67 68 69 70 71 73 74 75 76 77 79 80 81 82
36 71 : 1 2 3 4 5 7 8 9 10 11 12 13 15 16 17 18 19 20 21 22 23 24 25 26 27 28 29 30 31 32 33 34 35 36 39 41 42 44 45 46 47 48 49 50 51 52 53 54 55 56 57 59 60 61 62 63 64 65 67 68 69 71 72 73 74 75 76 77 78 80 81
37 71 : 1 3 4 5 6 7 8 9 10 11 12 13 14 15 16 17 18 19 20 21 23 24 25 26 27 28 29 30 32 34 35 36 38 39 41 43 44 45 46 48 49 50 51 52 53 54 55 56 57 58 59 60 61 62 63 64 65 66 67 68 69 70 71 72 73 74 75 77 80 81 82
38 71 : 0 1 2 3 5 7 8 9 10 11 12 13 15 16 17 18 19 20 21 22 23 24 25 26 27 28 29 30 31 32 33 35 36 37 39 40 41 42 44 45 46 47 49 51 52 53 54 55 56 57 60 61 62 64 65 66 67 68 69 70 71 72 73 74 75 77 78 79 80 81 82
39 71 : 0 1 2 3 4 5 6 7 8 9 10 11 12 13 14 15 16 18 19 20 21 22 24 25 27 28 29 30 31 34 35 36 37 38 39 40 41 42 43 44 45 47 48 49 50 51 52 55 56 57 59 60 61 62 63 64 65 66 67 68 71 72 73 74 75 76 77 78 79 80 81
40 71 : 0 1 3 4 6 7 9 10 12 13 14 15 16 17 18 19 20 21 22 23 24 25 26 27 30 31 33 34 35 37 38 39 40 41 42 43 44 45 46 47 48 49 50 51 52 53 54 56 57 58 59 60 61 62 64 65 66 67 68 69 70 72 73 74 75 76 77 78 79 80 82
41 41 : 0 1 2 5 6 7 8 14 17 19 20 21 22 27 28 31 33 36 37 38 40 41 42 45 47 52 53 58 59 60 63 66 69 70 74 75 76 78 79 80 81
42 71 : 0 3 4 5 7 8 9 11 12 13 14 15 16 17 18 20 21 22 23 24 25 26 27 28 29 30 32 33 34 35 36 37 38 39 40 41 43 45 46 47 48 49 50 51 52 54 55 56 57 58 59 61 62 63 64 66 67 68 69 70 71 72 73 74 75 76 77 78 80 81 82
43 71 : 0 1 3 4 5 6 7 10 11 12 13 14 15 16 17 18 19 20 21 22 23 24 25 26 27 28 29 30 31 32 33 34 36 38 39 40 41 42 43 45 46 48 49 50 51 52 53 54 56 57 58 59 60 61 62 65 66 67 68 70 71 72 73 74 75 76 77 78 80 81 82
44 71 : 0 1 2 3 4 5 6 7 9 10 11 12 13 14 16 17 18 19 20 22 23 24 25 26 27 28 29 30 31 34 35 37 38 39 40 41 42 43 44 46 47 48 49 51 52 53 54 55 57 59 60 61 63 64 65 66 67 68 69 70 71 72 73 75 76 77 78 79 80 81 82
45 71 : 0 3 4 5 7 8 9 10 11 12 13 14 15 16 17 19 20 22 23 24 25 26 27 28 29 30 32 33 34 35 36 38 39 40 41 43 45 46 47 48 49 50 51 52 53 54 55 56 58 59 60 61 62 63 64 65 66 67 68 69 70 71 72 73 75 76 77 78 79 80 82
46 70 : 0 1 2 3 4 5 6 7 8 9 10 11 12 13 15 16 17 18 19 20 21 22 23 24 25 26 27 28 29 30 31 33 34 35 36 37 38 39 40 43 44 45 46 47 48 49 50 51 52 53 54 56 57 59 61 62 64 67 68 69 71 72 73 74 75 76 77 78 81 82
47 43 : 0 2 5 6 7 8 9 10 12 13 14 16 17 20 23 28 31 32 33 35 36 37 40 41 42 45 47 52 53 55 58 62 63 67 69 70 71 74 77 78 79 80 81
48 71 : 0 1 4 5 6 7 8 9 10 11 12 13 14 15 16 18 19 20 21 23 24 25 26 27 28 29 31 32 33 34 36 37 38 40 41 43 44 46 47 48 49 50 51 52 53 54 55 56 57 58 59 60 61 62 64 65 66 67 68 70 71 72 73 75 76 77 78 79 80 81 82
49 71 : 0 1 2 3 4 5 7 8 9 10 11 12 13 14 15 16 17 18 19 20 21 22 23 24 25 26 27 28 30 32 33 34 36 38 39 40 41 42 43 44 45 46 47 48 49 50 51 53 54 56 57 58 59 61 62 63 65 66 67 68 69 71 72 73 74 76 77 78 79 80 82
50 70 : 3 4 6 7 8 9 10 11 12 13 15 16 17 18 19 20 21 22 23 24 25 26 27 28 29 30 31 32 33 34 35 36 37 38 39 40 41 42 43 44 45 47 48 49 50 51 53 54 55 57 58 59 60 62 63 64 66 67 69 71 72 73 74 75 76 77 78 80 81 82
51 41 : 0 2 6 8 10 14 16 17 20 22 24 28 30 31 32 33 36 37 38 40 41 42 43 45 46 50 52 56 58 60 62 63 67 69 70 74 75 78 79 80 81
52 71 : 0 1 2 3 4 5 6 7 8 9 10 11 13 14 15 16 17 18 19 20 21 22 24 25 26 27 28 29 30 31 33 34 35 36 37 38 40 42 43 44 45 46 47 48 51 53 54 55 57 58 59 60 61 62 63 64 65 66 68 69 70 72 73 74 75 76 77 79 80 81 82
53 69 : 0 1 2 4 5 9 11 12 13 14 15 16 17 18 19 20 22 23 24 25 26 27 28 29 30 31 32 33 34 35 36 37 39 40 41 42 43 44 45 47 48 49 50 51 53 55 56 57 58 59 60 61 62 64 65 67 68 70 71 72 73 74 75 76 77 78 79 81 82
54 70 : 1 2 3 4 5 7 9 10 11 12 13 14 15 16 17 18 19 20 21 22 23 24 25 26 27 28 29 30 31 32 34 35 36 37 38 39 40 41 42 43 44 46 47 48 49 51 52 53 54 55 56 57 61 62 63 64 65 66 67 68 69 70 71 72 73 75 76 77 81 82
55 41 : 0 2 5 6 8 10 13 14 15 17 19 20 22 25 26 28 31 32 33 36 37 38 39 40 41 42 45 47 51 52 56 58 62 63 70 72 73 74 78 80 81
56 70 : 0 1 3 4 5 6 7 9 10 11 12 13 14 15 16 17 18 19 20 21 22 23 24 25 26 27 29 30 31 32 33 34 35 37 38 39 42 43 44 45 46 47 49 50 51 53 54 56 57 58 59 60 61 62 63 64 65 66 67 68 69 70 71 72 73 74 75 76 79 82
57 70 : 1 4 5 6 8 11 12 13 14 15 16 17 18 19 20 21 22 23 24 25 26 27 28 29 30 31 32 33 34 35 36 37 38 39 40 41 42 43 44 46 47 48 49 50 53 54 55 56 57 58 59 60 61 62 63 64 65 66 67 68 70 71 72 73 75 77 78 79 81 82
58 70 : 0 1 2 3 4 6 7 9 10 11 12 13 14 15 16 17 18 19 20 21 22 23 25 26 27 28 29 30 32 34 35 36 38 39 40 43 44 46 47 48 49 50 51 52 53 54 55 56 57 58 59 60 61 63 64 65 66 67 68 69 71 72 73 74 75 76 79 80 81 82
59 69 : 0 1 2 3 4 6 7 9 10 11 12 13 14 16 17 18 19 20 21 22 23 25 26 28 29 30 31 32 33 34 35 37 38 39 42 43 44 46 47 48 49 50 51 53 54 55 57 59 60 61 62 64 65 66 67 68 69 70 71 72 73 74 75 76 78 79 80 81 82
60 70 : 0 1 2 3 4 6 7 9 10 11 12 14 15 17 18 19 20 21 22 23 24 25 26 27 29 30 31 32 33 34 35 36 38 39 40 41 42 43 44 45 46 47 48 49 50 51 53 54 55 56 57 58 59 60 61 62 64 65 66 67 68 69 70 71 74 76 77 80 81 82
61 70 : 0 1 2 3 4 5 6 7 8 10 11 12 13 14 15 16 18 19 21 22 23 24 25 26 27 28 29 30 33 34 35 36 37 38 39 40 41 42 43 44 45 46 47 48 49 50 51 52 53 54 55 56 59 60 61 62 64 65 67 68 69 70 71 72 74 75 76 77 78 81
62 71 : 0 1 2 3 4 5 6 7 8 9 11 12 13 14 15 16 18 19 20 21 22 23 24 25 26 28 29 30 32 33 34 35 36 37 39 41 42 43 44 46 48 49 50 51 52 53 54 55 56 57 58 59 60 61 62 63 64 65 66 67 69 70 71 72 73 74 75 76 77 80 82
63 71 : 0 1 2 3 4 6 7 8 9 10 11 12 13 14 15 16 17 18 19 21 22 23 24 25 27 29 30 34 35 36 37 38 39 40 42 43 44 46 47 48 49 50 51 52 53 54 55 56 57 58 59 60 61 62 63 64 65 66 67 68 70 71 72 73 74 75 76 77 78 79 82
64 41 : 0 2 3 5 6 7 8 9 12 14 15 17 19 20 22 25 28 30 31 32 33 36 37 38 40 41 45 47 49 54 56 58 63 66 70 74 76 78 79 80 81
65 41 : 0 2 4 5 6 10 14 16 17 19 20 22 25 28 30 31 32 33 36 37 38 40 41 42 45 48 50 53 54 58 63 65 70 71 74 76 78 79 80 81 82
66 70 : 0 1 3 5 6 7 10 11 12 13 14 16 17 18 19 20 21 22 23 24 25 26 27 28 29 30 32 34 35 36 38 39 40 41 42 43 44 45 46 47 48 49 50 51 52 53 54 55 56 58 59 60 61 62 63 64 65 66 67 68 69 71 73 75 76 78 79 80 81 82
67 70 : 0 1 2 3 4 5 6 7 9 10 11 12 13 14 15 18 19 20 21 23 24 25 26 27 28 29 30 31 32 33 35 36 37 38 40 41 42 43 44 46 48 49 50 51 52 53 54 55 56 57 59 60 61 63 64 65 66 67 68 69 72 73 74 75 76 77 79 80 81 82
68 70 : 0 1 2 3 4 5 6 7 8 9 10 11 12 13 15 18 19 21 23 24 25 26 28 29 30 31 32 33 34 35 37 38 40 41 42 43 44 46 47 48 50 53 54 55 57 58 59 60 61 62 63 64 65 66 67 68 69 70 71 72 73 74 75 76 77 78 79 80 81 82
69 41 : 0 2 5 6 8 9 10 11 14 17 19 20 22 24 25 28 31 32 33 35 36 38 41 42 43 45 48 52 58 59 61 65 66 69 70 74 75 78 79 80 81
70 43 : 0 2 3 5 6 8 9 10 13 14 15 17 19 20 22 28 31 32 33 36 37 38 40 41 42 45 46 52 56 58 62 63 65 67 69 70 74 76 77 78 79 80 81
71 70 : 1 2 3 4 6 7 8 9 10 11 12 13 14 15 16 17 18 20 21 22 23 25 26 27 28 29 30 32 33 34 35 36 39 40 42 43 44 45 47 49 50 51 52 53 54 55 56 57 58 59 60 61 62 64 65 66 67 68 69 70 71 72 73 74 75 76 77 79 80 82
72 70 : 1 2 3 4 5 6 7 8 9 10 11 13 14 17 18 20 21 22 23 24 25 26 27 28 29 30 31 32 34 35 36 37 38 39 40 41 42 43 44 46 47 48 49 50 51 52 53 54 55 56 57 58 59 60 61 62 63 64 65 66 67 68 69 71 72 73 76 77 80 82
73 70 : 0 1 2 3 4 7 9 11 13 14 15 16 17 18 19 20 21 23 24 25 26 27 28 29 30 31 32 33 35 36 37 39 40 41 42 43 44 45 46 47 48 49 50 51 52 53 54 55 56 58 59 60 61 62 63 64 66 67 68 69 70 71 72 74 75 76 77 78 80 82
74 70 : 0 1 2 3 4 6 7 8 10 11 12 13 14 15 17 18 19 20 21 23 25 26 27 28 29 30 34 35 36 37 39 41 42 43 44 45 46 47 48 49 50 51 52 53 54 55 56 57 58 59 60 61 62 63 64 65 66 67 68 69 70 71 72 74 75 76 77 80 81 82
75 70 : 0 1 2 3 4 6 7 8 9 10 11 12 13 14 15 16 17 18 19 20 21 22 23 24 25 26 29 30 31 33 34 35 37 38 39 40 41 42 44 45 46 47 48 49 50 51 52 53 54 55 56 57 59 60 61 64 65 67 69 71 72 73 74 75 76 77 79 80 81 82
76 45 : 0 2 4 5 6 8 10 14 15 17 18 20 22 26 28 29 30 31 32 33 34 36 37 38 40 41 42 44 45 46 47 52 57 58 63 66 67 70 74 75 77 78 79 80 81
77 71 : 0 1 2 3 4 6 7 8 9 10 11 12 14 15 18 19 20 21 22 23 24 25 26 27 28 29 32 34 35 37 38 39 40 41 42 43 44 46 47 48 49 50 51 52 53 54 55 56 57 58 59 60 61 62 64 65 66 67 68 69 70 71 72 73 75 76 77 79 80 81 82
78 42 : 0 2 3 6 8 9 10 12 13 14 16 17 20 21 22 24 26 28 31 32 33 35 36 37 38 40 41 42 45 50 51 52 55 58 63 65 70 72 74 79 80 81
79 70 : 0 1 2 3 4 5 6 7 8 9 11 12 13 15 16 17 18 19 21 23 24 26 27 28 29 30 31 32 33 35 36 37 38 41 42 44 46 47 48 49 50 51 52 53 54 55 56 57 58 59 60 61 62 63 64 65 66 68 69 70 71 72 73 74 75 76 77 78 79 82
80 70 : 0 1 2 3 4 5 8 9 10 11 12 14 15 16 17 18 19 20 21 22 23 24 26 27 28 29 30 31 32 33 34 35 36 37 39 40 42 43 44 45 46 47 49 50 51 52 53 54 55 56 57 58 59 60 61 62 64 65 66 67 68 69 70 72 74 76 77 79 81 82
81 71 : 0 1 2 3 4 6 7 8 10 11 12 13 14 16 18 19 21 22 23 25 26 27 29 31 33 34 35 36 37 39 40 41 42 43 44 45 46 47 48 49 50 51 52 53 54 55 56 57 58 60 61 62 63 64 65 66 67 68 69 70 71 72 73 74 75 76 77 78 79 81 82
82 42 : 0 2 5 6 7 8 9 14 17 20 21 22 28 30 32 33 36 37 38 40 41 42 43 45 46 47 50 51 52 58 59 61 62 63 70 74 76 78 79 80 81 82
83 70 : 0 1 3 4 5 6 7 8 9 10 11 12 13 15 16 18 19 21 22 23 24 25 26 28 29 30 32 33 34 35 36 37 39 40 43 44 45 46 48 49 50 52 53 54 55 56 57 58 59 60 61 62 64 65 66 67 68 69 70 71 72 73 74 75 76 77 78 79 81 82
84 70 : 1 2 3 4 5 6 7 8 9 10 12 13 14 15 16 19 20 21 23 24 25 26 27 28 30 31 33 34 35 36 37 38 39 40 41 42 43 44 46 47 48 49 50 51 52 53 55 56 57 59 60 61 62 63 64 65 66 67 68 69 70 71 75 76 77 78 79 80 81 82
85 44 : 0 1 2 5 6 8 9 10 14 16 17 19 20 22 26 28 31 32 33 35 36 37 38 40 41 42 43 44 45 47 50 52 58 60 63 65 66 69 70 74 78 79 80 81
86 70 : 0 1 2 3 4 5 7 8 9 10 11 12 13 14 15 16 17 18 20 21 22 23 24 25 26 27 28 29 30 32 34 35 36 37 38 39 40 41 42 43 44 46 48 49 50 53 54 55 56 57 58 60 62 63 64 65 66 68 69 70 71 72 73 74 75 76 77 78 81 82
87 69 : 1 2 3 4 6 7 8 9 10 11 13 14 15 16 18 19 20 21 23 24 25 26 27 29 30 31 32 33 34 35 36 38 39 40 42 43 44 45 46 47 50 51 52 54 55 56 57 58 59 60 61 62 63 64 65 67 68 69 70 72 73 75 76 77 78 79 80 81 82
88 70 : 0 1 3 4 5 6 7 8 9 10 11 13 14 15 16 18 19 20 21 22 23 24 25 26 27 28 29 31 32 33 34 35 37 40 42 43 44 46 47 48 49 51 52 53 54 55 56 57 58 59 60 61 62 63 64 65 66 67 68 69 70 73 74 75 76 77 78 79 80 81
89 70 : 0 1 2 3 4 5 7 8 9 10 11 12 13 16 17 18 19 20 21 22 23 24 25 26 27 29 34 35 36 37 38 39 40 41 42 44 46 47 48 49 50 51 53 54 55 56 57 58 60 61 62 63 64 65 66 67 68 69 70 71 72 73 74 75 76 77 78 79 81 82
90 70 : 0 1 3 4 5 7 8 9 10 11 12 13 15 16 18 19 20 21 22 23 25 27 29 30 31 32 33 34 35 36 37 39 40 41 42 43 44 45 46 47 48 49 50 51 53 54 56 59 60 61 62 63 64 65 66 67 68 69 71 72 73 74 75 76 77 78 79 80 81 82
91 70 : 1 2 3 4 5 6 7 8 9 10 11 12 13 14 15 18 19 20 21 22 23 24 25 26 27 28 29 30 32 34 35 37 38 39 41 42 43 44 45 46 47 48 49 50 52 53 54 56 57 58 60 61 62 63 64 65 66 67 68 69 72 73 74 75 76 77 78 79 80 82
92 70 : 0 1 2 3 4 5 6 7 8 9 11 13 14 15 16 18 20 21 22 23 24 25 26 27 30 31 32 34 35 36 37 38 39 43 44 45 46 47 48 49 51 52 53 54 55 56 57 58 59 60 61 62 63 64 65 66 67 68 69 71 72 73 74 75 76 77 78 79 80 82
93 70 : 0 1 3 4 5 6 7 9 10 11 12 13 14 16 17 18 19 20 21 22 23 24 25 26 27 28 29 31 33 35 37 38 39 40 41 42 43 44 45 46 47 48 49 50 51 52 53 54 55 56 57 59 60 61 62 63 64 66 67 68 69 70 71 72 73 77 78 79 80 82
94 70 : 0 1 2 3 4 5 7 8 9 10 11 12 13 14 16 17 18 19 21 22 23 24 25 26 27 28 29 30 32 33 34 35 37 38 39 41 43 45 46 47 48 49 50 51 52 53 54 55 56 57 58 59 60 61 62 64 65 66 68 70 71 72 73 74 76 77 78 79 81 82
95 42 : 0 2 5 6 8 10 11 14 17 19 21 22 24 27 28 29 31 32 33 36 37 38 39 40 41 42 45 52 56 58 60 61 63 66 70 74 76 77 78 79 80 81
96 70 : 0 1 2 3 4 5 7 8 9 10 11 13 15 16 17 18 19 20 21 22 23 24 26 27 28 30 31 32 33 34 35 37 38 39 41 42 43 44 45 47 48 49 50 51 52 54 55 57 58 59 61 62 63 64 65 66 68 69 70 71 72 73 74 75 77 78 79 80 81 82
97 70 : 0 1 3 4 5 6 7 8 9 10 12 14 15 16 17 18 19 21 22 23 24 26 27 28 29 30 31 32 34 35 36 37 38 40 41 42 43 45 46 47 48 49 50 51 52 53 54 55 56 57 59 60 61 62 64 66 67 68 69 70 71 72 73 74 76 77 78 79 80 82
98 70 : 1 2 4 5 6 7 9 10 12 13 14 15 16 17 19 20 21 22 23 24 25 26 27 28 29 30 31 32 33 34 35 36 37 39 42 43 44 45 46 47 48 49 50 51 52 53 54 55 56 57 58 59 60 61 62 63 64 65 66 67 68 71 72 73 75 76 77 79 81 82
99 70 : 1 2 3 4 5 6 7 8 9 11 12 13 14 15 16 17 19 20 21 22 23 24 25 26 27 29 30 31 32 33 34 35 38 39 41 42 43 44 46 48 49 50 52 53 54 55 56 57 59 60 61 62 63 64 65 67 68 69 70 71 72 73 74 75 76 77 79 80 81 82
