N C E M
100 100 4950 3960
Opt_part_L_size, Opt_part_R_size, Opt_number_of_colors
21 79 37
N of L changes = 7
Min number of labels in a vertice, Max number of labels in a vertice
44 67
Solution Set
54(28) 98(28) 13(29) 42(29) 57(29) 5(30) 24(30) 84(49) 59(51) 32(53) 26(55) 64(58) 86(59) 31(59) 96(60) 15(60) 38(61) 40(62) 37(62) 67(62) 35(63) 88(64) 21(64) 46(65) 12(66) 94(68) 99(68) 1(68) 87(69) 62(70) 33(70) 68(70) 44(70) 78(71) 0(72) 85(72) 56(80) 
Number of edges by Color (l n)
0 56 80
1 0 72
2 85 72
3 78 71
4 33 70
5 44 70
6 62 70
7 68 70
8 87 69
9 1 68
10 94 68
11 99 68
12 12 66
13 46 65
14 21 64
15 88 64
16 35 63
17 37 62
18 40 62
19 67 62
20 38 61
21 15 60
22 96 60
23 31 59
24 86 59
25 64 58
26 26 55
27 32 53
28 59 51
29 84 49
30 2 30
31 3 30
32 4 30
33 5 30
34 6 30
35 8 30
36 14 30
37 16 30
38 18 30
39 19 30
40 24 30
41 29 30
42 41 30
43 43 30
44 47 30
45 52 30
46 61 30
47 7 29
48 9 29
49 10 29
50 11 29
51 13 29
52 17 29
53 20 29
54 22 29
55 23 29
56 25 29
57 27 29
58 28 29
59 30 29
60 34 29
61 36 29
62 39 29
63 42 29
64 45 29
65 48 29
66 49 29
67 50 29
68 51 29
69 53 29
70 55 29
71 57 29
72 58 29
73 60 29
74 63 29
75 65 29
76 70 29
77 71 29
78 72 29
79 73 29
80 74 29
81 75 29
82 76 29
83 77 29
84 80 29
85 82 29
86 89 29
87 90 29
88 91 29
89 92 29
90 93 29
91 97 29
92 54 28
93 66 28
94 69 28
95 79 28
96 81 28
97 83 28
98 95 28
99 98 28
Label List by vertices (vertice Id, Number of labels : set of labels
0 47 : 0 1 2 5 7 12 13 14 15 18 20 21 23 26 27 29 31 32 33 35 37 38 40 43 44 45 46 49 50 55 56 62 64 67 68 78 83 84 85 86 88 89 92 94 96 98 99
1 67 : 0 1 2 3 4 5 6 7 8 9 10 11 14 15 16 18 19 20 21 22 23 26 27 28 29 30 31 33 35 36 38 39 40 42 43 44 47 48 50 51 52 53 54 57 59 60 64 66 68 69 70 72 74 75 77 78 81 83 85 86 87 88 89 91 92 97 99
2 66 : 0 1 2 3 4 8 10 12 15 16 17 18 19 20 21 24 25 26 27 28 29 30 31 32 33 34 37 38 41 42 43 44 45 46 49 50 51 53 55 56 57 59 61 64 65 67 68 69 70 71 72 73 78 79 80 82 85 86 87 89 91 92 93 94 95 97
3 66 : 0 1 3 4 5 7 8 9 10 12 17 18 19 21 22 24 26 27 28 31 33 34 35 36 37 38 39 40 41 42 43 44 46 47 48 50 51 55 56 57 59 62 64 66 68 69 70 71 72 74 75 77 79 80 82 84 86 87 88 89 91 92 94 95 97 98
4 66 : 0 1 2 3 4 5 7 9 12 13 14 15 16 17 18 19 23 24 27 28 29 30 32 34 35 36 38 39 40 41 43 44 45 46 47 49 51 52 54 55 57 58 60 61 62 64 65 67 68 70 72 73 74 75 76 77 79 80 81 82 85 87 90 91 93 97
5 66 : 0 1 2 4 5 6 8 9 11 12 13 16 17 18 20 23 24 25 26 28 32 33 35 37 39 42 44 45 47 50 51 52 53 54 56 57 58 59 60 61 62 63 65 66 67 68 69 70 72 74 75 76 77 78 79 81 82 84 86 87 90 92 94 95 96 99
6 67 : 0 1 2 3 4 5 9 10 11 12 13 16 17 18 20 21 22 23 24 25 27 29 30 31 32 33 34 36 38 39 43 47 49 50 51 52 53 55 56 57 60 62 63 64 65 69 70 71 72 73 74 76 77 78 80 82 83 84 86 88 89 92 94 95 96 98 99
7 47 : 0 1 4 7 15 17 18 21 22 23 26 27 29 30 31 32 33 35 37 38 39 40 41 43 44 46 47 48 51 56 59 62 64 67 68 73 78 84 85 86 87 88 92 94 96 97 99
8 66 : 1 2 4 6 7 8 10 16 17 18 19 20 21 23 24 27 28 29 30 31 32 34 35 37 40 41 44 45 46 47 48 49 50 52 54 55 56 57 59 60 62 63 64 68 69 72 73 74 75 76 77 78 80 81 82 84 85 86 87 88 89 90 92 93 94 98
9 66 : 0 1 3 4 5 7 8 9 13 15 17 18 19 20 21 22 24 25 26 30 31 32 34 35 36 37 39 40 43 45 49 51 52 53 54 56 60 61 62 63 64 66 68 69 71 72 74 75 76 77 78 79 81 82 83 84 86 87 88 89 90 93 94 95 98 99
10 50 : 0 1 4 12 15 20 21 22 24 25 26 28 29 31 32 33 34 35 37 38 40 44 45 46 47 49 56 57 58 59 60 62 64 66 67 68 72 73 78 79 82 84 85 86 87 88 94 95 96 99
11 67 : 0 1 3 4 6 7 8 9 11 12 14 16 18 19 21 22 24 25 28 29 30 31 33 36 37 38 39 40 41 42 43 46 47 49 50 52 53 55 56 57 58 60 61 62 63 66 67 69 70 71 72 73 79 81 83 85 86 88 89 90 91 92 94 95 96 98 99
12 50 : 0 1 5 7 9 12 15 16 21 24 26 27 31 32 33 35 36 37 38 39 40 43 44 46 49 56 59 61 62 64 65 67 68 69 70 78 79 82 83 84 85 86 87 88 89 91 94 96 98 99
13 67 : 0 1 2 3 4 6 7 8 9 10 11 12 14 17 18 21 22 26 27 28 29 31 33 34 35 37 39 40 41 42 43 44 45 46 47 48 49 50 52 53 57 58 61 63 66 68 70 71 73 75 77 78 81 82 83 85 87 88 89 90 91 92 93 94 96 97 98
14 66 : 0 1 2 4 5 6 7 8 9 14 15 17 19 21 22 24 25 26 27 28 29 30 32 33 34 38 39 40 41 42 44 45 46 47 49 50 51 52 54 58 60 62 63 65 66 70 71 72 77 81 82 83 85 86 87 88 89 90 91 92 93 94 95 96 97 99
15 67 : 1 2 4 5 6 7 10 13 15 18 19 20 21 25 26 28 29 30 33 35 36 38 39 40 41 42 43 46 47 48 49 50 51 53 54 55 56 59 60 61 64 65 66 68 69 70 71 73 74 75 78 79 80 83 84 85 86 87 89 90 91 92 93 94 96 98 99
16 47 : 0 1 3 4 6 8 12 15 17 21 26 27 31 32 35 37 38 40 41 42 44 45 46 48 51 56 58 59 64 67 68 71 75 77 78 82 83 84 85 86 87 88 90 93 94 96 99
17 66 : 0 1 5 6 7 10 11 13 14 16 17 18 19 20 21 23 24 25 26 27 28 29 30 33 34 35 41 44 45 46 47 48 49 50 51 52 53 55 56 57 61 62 66 67 68 71 72 73 74 76 77 78 79 81 82 85 86 87 89 90 92 94 95 96 97 99
18 47 : 0 2 5 6 10 12 14 15 21 26 28 31 32 35 36 37 38 40 44 46 55 56 58 59 61 62 63 64 67 68 71 73 75 76 78 80 84 85 86 87 88 93 94 95 96 97 99
19 67 : 0 1 2 3 4 6 8 10 11 16 17 18 19 20 21 23 24 26 30 31 32 33 34 35 38 39 40 43 44 46 47 49 50 52 55 56 57 58 59 60 61 62 63 64 65 67 68 69 70 71 75 76 77 78 79 80 81 83 84 85 87 90 94 95 97 98 99
20 66 : 0 1 3 5 6 7 9 10 11 12 13 16 18 19 20 22 23 24 26 27 28 29 32 34 36 38 39 40 43 44 45 49 50 51 52 55 58 59 60 61 62 64 66 67 68 69 70 71 72 74 75 76 79 82 84 85 87 88 89 90 91 92 93 94 96 97
21 66 : 0 1 2 3 4 5 6 7 8 9 10 13 14 15 16 17 18 20 21 24 27 28 29 30 32 33 34 35 36 37 38 41 43 44 45 50 51 53 54 55 57 58 59 60 61 63 64 66 67 69 70 71 75 76 77 78 82 84 87 88 89 91 93 96 98 99
22 67 : 0 1 2 3 6 7 8 9 13 15 16 21 23 24 25 26 27 29 31 33 35 36 37 38 39 40 43 45 46 47 48 50 51 53 54 55 56 58 59 60 61 62 63 65 66 67 68 70 71 72 73 74 77 78 79 80 81 82 83 87 88 89 91 92 93 94 96
23 66 : 0 1 3 4 7 9 10 12 13 16 18 21 22 23 24 28 30 31 32 33 34 36 38 39 41 43 45 46 47 48 49 51 52 53 56 57 58 60 61 63 64 65 66 67 68 69 72 73 74 75 76 77 78 79 81 83 86 88 89 91 93 94 95 96 98 99
24 47 : 0 1 7 9 12 15 19 21 26 30 31 32 33 35 36 37 38 40 42 43 44 46 47 48 49 56 58 59 60 61 62 64 66 67 68 76 77 78 81 84 85 86 87 88 94 96 99
25 66 : 0 2 3 4 6 7 9 10 11 12 13 14 15 16 17 18 19 20 21 22 25 26 27 28 30 33 39 40 41 42 45 46 47 48 49 54 55 56 57 60 61 62 63 64 65 66 67 69 70 72 73 74 80 81 82 83 87 88 89 91 93 94 95 96 98 99
26 66 : 2 5 6 7 8 9 10 12 13 15 16 17 18 19 20 21 22 23 24 29 30 35 38 39 40 41 42 43 44 46 49 51 52 53 54 55 56 58 59 60 64 65 66 68 69 71 73 75 76 78 79 80 81 82 83 84 86 88 89 90 91 92 93 95 97 99
27 66 : 0 1 2 3 4 5 6 11 13 14 17 22 23 24 25 26 27 29 30 31 32 33 34 36 37 38 40 42 43 44 46 48 49 51 52 54 56 59 60 63 64 66 69 70 71 72 73 74 75 76 78 80 81 82 83 84 85 89 90 91 92 94 95 97 98 99
28 66 : 1 2 5 6 7 8 9 10 11 13 14 16 17 18 20 22 23 24 25 26 30 31 34 35 37 38 40 41 44 45 46 48 49 51 52 54 55 59 60 61 62 64 66 67 68 69 70 71 72 73 74 78 79 80 83 84 88 89 90 92 93 94 95 96 97 98
29 66 : 5 7 8 9 11 12 13 14 15 16 17 20 24 25 29 31 32 34 35 36 37 38 42 45 48 49 50 51 52 53 54 55 56 59 60 61 62 63 65 66 69 71 72 73 76 77 78 79 80 81 82 83 84 85 87 88 89 90 91 92 93 95 96 97 98 99
30 66 : 2 3 5 6 7 9 10 11 12 13 14 16 17 19 20 22 24 26 30 32 34 36 38 39 40 41 42 43 44 45 47 49 52 53 54 55 56 60 63 65 66 67 68 69 70 71 72 73 74 75 77 79 81 82 83 85 86 87 88 89 90 91 93 95 98 99
31 66 : 2 3 7 8 10 11 12 15 18 19 20 21 22 23 24 26 27 28 30 33 34 35 37 39 40 41 42 45 47 48 49 50 52 54 55 57 58 60 62 63 64 66 67 68 69 71 72 74 75 77 79 80 81 82 83 84 85 86 88 89 90 91 93 96 97 98
32 66 : 0 1 2 5 7 10 11 12 15 16 19 20 21 22 23 25 26 27 29 30 31 33 34 35 36 38 39 41 42 43 44 45 47 48 49 50 51 52 53 54 55 57 62 63 64 65 67 68 69 70 72 74 75 77 80 81 82 83 88 89 90 93 96 97 98 99
33 65 : 0 2 3 4 5 6 7 8 9 10 11 14 15 16 18 19 21 23 24 27 29 31 32 34 35 36 39 42 43 44 45 46 47 49 52 54 55 56 57 58 59 60 61 62 63 64 67 69 71 74 75 76 77 84 85 86 87 88 89 90 91 94 96 97 98
34 66 : 0 2 3 4 6 7 10 12 13 15 19 20 23 24 26 27 28 29 30 31 32 33 34 35 36 37 38 40 42 43 45 46 48 49 50 52 53 55 56 57 58 59 61 62 63 68 69 71 73 77 79 81 82 84 85 87 88 89 90 91 92 93 94 95 96 98
35 66 : 0 1 2 4 7 8 9 11 12 13 14 15 16 18 20 23 25 26 27 29 30 31 33 34 35 37 38 39 40 41 43 44 45 46 47 48 51 52 54 55 57 60 61 62 63 65 67 68 69 70 71 72 74 76 79 81 82 83 85 87 88 90 92 96 98 99
36 45 : 0 1 11 12 15 18 21 23 26 31 32 33 35 36 37 38 39 44 46 47 50 56 57 59 61 62 67 68 78 79 81 82 85 86 87 88 89 90 92 93 94 95 96 97 99
37 66 : 0 2 4 5 6 7 11 12 13 14 16 19 22 24 25 27 28 29 31 32 33 35 36 38 41 42 43 44 45 46 50 51 52 53 54 55 56 57 59 61 62 63 64 65 68 69 72 73 74 75 76 77 78 85 86 87 89 90 91 92 93 94 95 96 97 99
38 47 : 0 2 5 8 9 12 15 17 20 21 22 24 26 31 32 33 34 35 37 38 39 40 42 44 46 53 54 56 57 62 64 67 68 69 72 78 80 84 85 86 87 89 92 93 94 96 99
39 66 : 1 2 3 4 5 6 9 10 11 12 13 14 15 17 18 19 20 21 22 23 26 27 32 33 35 37 39 41 42 43 44 45 46 47 48 54 55 56 57 58 59 60 63 64 69 70 72 73 74 75 76 77 78 81 82 83 84 87 88 89 90 93 94 96 97 99
40 49 : 0 1 3 6 12 15 21 26 27 28 30 31 32 33 34 35 36 38 39 40 41 44 46 51 53 56 58 59 62 64 65 67 68 73 75 78 80 84 85 86 87 88 89 90 94 95 96 98 99
41 66 : 1 2 3 5 6 7 8 9 10 11 12 13 14 15 16 18 20 21 22 23 24 25 28 29 32 33 34 35 37 38 39 40 41 46 48 49 51 53 55 57 58 60 61 63 66 68 72 73 74 76 77 79 81 84 86 87 88 90 91 93 94 95 96 97 98 99
42 66 : 0 4 6 8 11 12 13 15 16 17 18 20 21 22 23 24 26 27 28 29 30 32 35 36 37 39 40 41 42 43 44 47 49 50 51 52 54 56 61 62 63 64 65 66 67 68 69 72 73 74 75 76 79 80 82 84 85 86 88 90 92 93 94 96 98 99
43 66 : 1 5 6 9 11 12 13 14 15 16 17 18 19 20 21 22 23 25 28 33 34 35 36 37 38 39 40 41 42 43 44 45 46 47 48 49 50 51 53 55 56 57 58 59 62 64 66 69 70 71 72 73 74 75 77 78 79 80 85 87 91 95 96 97 98 99
44 49 : 0 1 5 8 9 12 15 18 21 26 28 31 32 33 35 37 38 40 42 44 45 46 48 49 50 52 54 56 58 59 61 62 64 67 68 71 77 78 81 82 84 86 87 88 90 92 94 96 99
45 66 : 0 3 4 5 6 7 9 12 13 15 17 19 22 23 25 26 27 28 29 30 32 33 36 37 38 39 41 43 45 47 49 50 51 53 56 58 59 60 61 62 63 64 65 66 68 70 71 72 73 74 75 76 77 78 80 81 82 85 86 89 91 92 95 97 98 99
46 44 : 1 2 4 8 10 11 12 14 15 16 17 21 31 33 35 37 38 39 40 44 46 47 48 54 58 59 62 64 67 68 73 74 76 78 80 82 85 86 87 88 89 94 96 99
47 66 : 0 1 2 3 4 6 8 9 10 13 14 15 18 19 20 21 22 23 24 25 26 27 28 29 31 33 35 36 37 38 39 40 41 42 45 46 47 49 50 51 52 53 54 55 57 58 61 62 63 65 69 72 73 74 75 76 78 79 80 82 84 85 88 91 93 96
48 66 : 0 1 4 5 10 11 12 14 15 18 19 21 22 23 25 26 28 29 33 34 35 36 37 39 40 41 44 45 47 48 49 51 52 53 55 56 58 60 61 62 63 66 68 69 70 71 72 73 74 78 79 80 81 84 85 86 87 88 90 91 92 95 96 97 98 99
49 66 : 0 2 3 4 7 8 10 11 12 16 17 19 20 21 23 24 25 26 28 30 31 34 36 38 39 40 41 43 44 45 47 48 49 50 52 53 54 56 57 61 63 64 65 66 67 68 71 72 73 74 76 78 79 80 81 82 83 85 88 89 93 94 96 97 98 99
50 66 : 2 3 4 5 6 7 8 9 11 12 14 15 17 19 20 21 22 24 25 26 27 28 29 30 31 32 33 35 36 37 39 43 44 46 47 49 51 52 54 57 64 65 66 67 69 70 71 73 74 75 76 78 80 82 83 86 87 89 90 91 92 93 95 97 98 99
51 66 : 0 1 2 5 6 8 9 10 11 14 15 16 17 19 20 23 27 29 31 33 34 35 40 41 42 43 44 46 47 48 50 51 52 53 55 56 57 59 62 63 64 66 68 70 71 72 73 74 75 76 77 78 79 80 81 82 85 87 88 90 91 92 93 94 95 97
52 66 : 0 3 4 7 10 11 12 13 14 15 20 21 22 23 25 26 28 29 30 31 32 33 34 35 36 42 43 44 46 47 48 49 51 52 53 55 58 59 61 62 64 65 66 68 69 70 71 73 74 76 79 81 83 84 85 86 87 88 90 91 93 94 95 96 98 99
53 66 : 0 1 4 5 7 8 9 10 11 12 14 16 17 19 21 22 23 24 25 26 27 28 32 35 37 38 39 40 45 46 47 48 50 51 52 53 54 55 58 59 62 63 67 68 70 72 73 74 75 77 78 79 82 83 84 87 88 89 90 91 92 93 94 95 97 98
54 47 : 0 1 2 4 9 11 12 13 15 21 25 26 27 31 32 33 35 37 38 40 41 44 46 48 49 56 59 60 62 64 65 67 68 74 75 78 80 84 85 86 87 88 93 94 96 97 99
55 66 : 0 1 3 4 5 8 9 10 12 13 14 16 17 18 19 20 23 25 28 29 30 31 32 33 34 35 36 38 40 41 42 43 46 49 50 52 53 54 55 56 57 58 59 60 62 63 64 65 66 68 72 73 77 78 79 81 84 85 87 89 90 91 92 93 96 97
56 66 : 0 4 6 12 13 14 15 16 17 18 20 22 23 24 25 28 29 30 31 32 33 35 36 37 38 39 40 41 43 44 45 47 48 51 52 53 56 60 61 62 63 64 65 66 67 68 69 70 72 73 75 76 79 80 81 82 83 84 85 86 88 89 90 92 93 95
57 66 : 0 1 2 5 6 8 9 10 11 13 14 15 17 20 21 23 24 26 27 29 30 31 32 34 35 36 38 41 42 43 48 49 50 51 52 53 55 57 58 60 61 62 65 67 68 74 75 76 78 79 80 81 82 83 84 85 86 87 88 89 90 91 92 94 95 97
58 65 : 2 3 5 7 8 9 11 13 14 15 16 17 18 20 22 25 28 29 30 31 32 34 35 36 37 39 40 41 42 45 47 48 50 51 53 55 58 61 62 63 66 68 69 70 71 73 74 75 76 77 78 79 80 81 82 83 84 85 86 87 88 90 91 96 98
59 66 : 0 1 2 3 4 5 6 8 10 12 13 15 16 17 19 20 22 23 24 25 26 27 29 31 32 33 34 36 38 40 42 44 45 46 47 48 50 53 56 57 58 61 65 67 68 69 70 72 74 76 78 79 80 83 85 87 88 89 90 91 94 95 96 97 98 99
60 66 : 0 1 2 4 5 7 8 9 10 11 12 13 14 15 16 17 18 19 20 21 22 23 24 25 27 28 29 31 33 34 37 40 41 42 43 44 46 47 48 49 50 52 56 57 62 65 66 67 68 69 71 75 78 79 80 81 82 83 87 88 91 92 94 96 97 99
61 49 : 0 1 3 11 12 14 15 18 19 21 23 24 26 29 30 31 32 33 35 36 37 38 40 41 44 46 56 59 60 62 65 67 68 70 75 77 78 80 84 85 86 87 88 91 92 94 96 97 99
62 66 : 0 3 5 6 7 8 9 10 12 13 14 15 17 18 19 20 22 23 25 28 29 30 32 33 34 35 37 40 41 42 44 46 47 49 50 51 52 53 54 55 56 58 59 60 61 64 65 68 70 71 72 73 74 77 79 82 85 86 89 91 92 93 95 96 98 99
63 46 : 0 1 4 8 11 12 13 19 22 24 26 27 31 33 35 37 38 40 41 43 44 45 46 50 53 55 56 59 60 62 64 67 68 73 74 78 84 85 86 87 88 90 94 95 96 99
64 66 : 2 3 4 7 8 10 12 14 15 16 17 18 19 20 21 22 23 24 25 26 28 31 33 34 35 36 37 38 39 41 43 44 45 46 48 49 53 55 56 58 60 62 63 65 69 70 71 74 76 77 78 80 81 82 83 84 85 87 88 90 94 95 96 97 98 99
65 66 : 0 1 2 5 7 8 9 13 14 15 16 17 18 19 20 22 24 25 27 28 30 32 34 36 37 41 45 47 48 49 50 52 53 54 55 56 57 58 60 61 63 64 65 66 67 69 70 71 72 74 77 78 79 80 81 82 83 84 85 87 89 93 95 96 97 98
66 66 : 2 3 4 5 6 8 10 13 14 15 16 18 19 21 23 25 26 27 28 30 31 32 33 34 38 39 40 42 44 46 47 48 50 51 53 57 59 60 61 63 64 65 66 67 68 69 70 71 72 74 77 78 79 80 82 83 86 87 89 92 93 94 95 96 98 99
67 66 : 0 1 2 3 4 6 7 9 10 11 14 15 16 17 20 21 23 25 27 28 29 30 32 35 36 37 40 42 43 46 47 49 50 51 52 53 55 56 57 63 64 65 66 68 69 70 72 73 74 76 77 78 80 81 82 85 87 88 90 91 94 95 96 97 98 99
68 66 : 0 1 2 3 4 5 6 7 8 9 10 11 12 13 16 17 18 21 22 26 27 28 30 32 34 35 37 40 41 43 44 45 48 50 51 52 53 54 56 57 58 59 60 61 62 65 66 67 68 70 72 73 74 75 76 80 83 87 88 90 91 92 93 97 98 99
69 65 : 2 4 5 6 7 8 10 11 12 13 14 15 16 17 18 19 23 24 25 27 28 29 31 34 35 38 42 43 45 46 47 48 49 52 53 54 55 56 58 59 61 62 64 66 68 71 72 73 74 75 76 77 78 80 82 83 84 85 88 89 90 92 95 97 98
70 66 : 0 1 8 9 11 13 14 15 16 17 18 19 20 22 24 25 26 29 30 32 35 36 37 39 40 41 42 43 45 46 47 48 49 50 51 53 54 57 58 59 60 61 62 63 65 66 68 70 71 74 76 78 79 81 82 83 85 86 87 89 92 93 94 96 97 99
71 66 : 1 2 3 4 5 6 7 8 9 10 12 13 16 18 19 21 22 27 28 30 31 32 33 34 35 36 37 38 39 40 44 45 46 48 50 51 52 53 55 57 58 60 61 62 63 65 66 67 70 71 72 73 74 75 76 77 79 80 81 85 86 87 91 94 95 96
72 66 : 1 2 3 4 5 6 9 10 14 15 16 17 18 19 20 22 25 26 27 30 34 36 37 40 44 45 46 47 48 50 51 54 57 58 60 61 62 63 64 66 67 68 69 72 73 74 75 76 77 78 79 80 81 84 85 87 88 89 90 91 92 94 95 97 98 99
73 66 : 1 3 4 5 6 7 8 10 14 15 17 18 19 20 22 23 24 25 26 27 28 32 33 34 36 37 38 40 41 42 43 44 48 50 51 52 54 55 58 59 60 63 64 67 70 71 72 73 74 76 77 78 82 83 84 85 86 87 89 91 92 93 94 95 96 98
74 66 : 0 3 6 8 11 12 13 14 15 17 18 20 21 22 23 24 25 27 29 30 33 34 35 36 38 39 40 41 42 46 47 49 50 51 52 53 55 56 57 60 62 63 65 66 67 69 70 71 72 75 76 78 80 84 85 86 87 88 89 91 93 94 95 96 98 99
75 66 : 0 3 6 7 8 9 11 12 13 14 15 16 21 25 26 27 28 29 30 31 32 33 34 39 42 43 45 49 51 52 53 54 55 56 57 60 61 62 63 65 66 68 69 70 72 73 74 75 76 77 78 80 81 85 86 87 89 91 92 93 94 95 96 97 98 99
76 66 : 2 4 5 6 8 10 13 16 18 21 22 23 24 26 27 28 29 31 33 36 37 41 42 43 44 45 46 47 50 51 52 53 54 57 58 60 61 63 65 66 67 68 69 71 72 74 75 76 78 79 80 81 83 84 85 86 87 89 91 92 93 94 96 97 98 99
77 65 : 0 1 2 3 4 5 6 8 9 10 11 12 14 16 17 18 19 21 22 25 27 29 34 37 38 39 41 42 43 44 46 47 48 54 55 57 58 59 60 61 62 63 64 65 69 70 71 73 76 77 78 79 80 81 83 86 87 88 90 92 93 94 97 98 99
78 46 : 0 1 2 3 6 9 12 13 15 19 21 22 31 33 35 36 37 38 40 41 42 44 46 56 59 62 64 65 67 68 73 75 76 78 79 80 82 83 84 85 86 87 88 94 97 99
79 66 : 0 2 3 4 6 7 8 9 11 14 19 21 22 25 27 28 29 30 31 32 34 35 36 37 38 39 41 43 45 48 50 51 52 54 55 56 57 58 60 61 62 63 65 66 67 68 69 71 73 75 77 78 79 81 83 84 85 87 88 90 92 94 95 96 97 99
80 66 : 0 1 2 3 4 5 6 7 8 11 13 15 16 18 19 21 23 25 27 29 30 31 32 35 36 38 39 40 42 44 45 46 48 49 51 52 53 54 56 58 59 60 62 65 66 68 69 70 71 73 74 75 76 78 79 81 83 84 85 87 88 91 92 95 96 97
81 66 : 1 2 3 5 7 11 13 14 17 19 20 21 22 23 26 27 29 30 32 33 35 36 38 39 41 42 44 45 46 47 50 51 53 54 55 56 57 59 61 62 63 64 65 67 70 71 72 75 76 77 78 80 82 83 85 87 88 91 92 93 94 95 96 97 98 99
82 66 : 0 1 3 4 5 8 9 10 11 12 13 14 15 16 19 20 21 23 26 29 30 32 33 34 35 38 40 41 42 43 44 45 46 49 50 51 52 53 54 57 58 59 60 64 65 69 70 72 75 76 77 79 82 84 85 86 87 89 90 91 94 95 96 97 98 99
83 66 : 0 2 4 5 6 7 9 10 11 12 13 14 16 17 19 23 25 29 33 35 36 37 38 39 40 41 43 44 45 46 48 49 50 51 52 53 54 55 56 57 58 59 61 62 63 64 65 66 71 75 76 79 80 82 84 85 87 88 90 92 93 94 95 96 97 99
84 66 : 0 1 3 5 6 7 10 12 13 14 15 16 17 18 19 20 22 23 24 25 26 27 28 29 30 31 34 36 37 38 41 42 43 44 45 46 48 49 50 52 53 55 56 57 58 61 62 63 64 65 70 71 73 74 75 78 82 83 87 88 92 93 94 95 97 99
85 48 : 0 1 3 10 11 12 14 15 19 20 21 22 26 32 33 35 37 38 40 42 43 44 46 50 52 55 56 59 62 64 67 68 70 76 78 79 80 81 83 84 85 86 87 88 91 94 96 99
86 66 : 0 1 3 5 6 8 10 12 13 14 15 17 18 20 21 23 24 26 28 29 30 31 34 36 37 38 39 42 43 45 47 48 52 54 56 57 59 60 61 62 63 64 65 66 67 69 71 75 77 78 79 80 81 82 84 85 86 87 88 90 92 93 94 96 97 99
87 66 : 0 1 5 6 7 8 10 11 12 13 14 16 17 19 21 22 23 24 25 27 28 29 30 31 32 33 34 37 38 39 40 43 44 45 47 48 49 50 51 52 53 54 57 58 59 61 62 63 65 66 67 68 71 76 79 80 81 83 84 85 86 87 89 91 94 98
88 47 : 0 1 3 5 6 10 11 12 13 15 16 18 21 25 26 31 32 33 35 37 38 40 41 44 46 47 48 52 56 58 59 62 64 67 68 77 78 84 85 86 87 88 90 93 94 96 99
89 46 : 0 1 12 14 15 16 21 22 25 26 30 31 32 33 35 37 38 39 40 42 44 45 46 56 59 60 62 65 67 68 78 79 80 82 83 84 85 86 87 88 90 91 94 95 96 99
90 66 : 0 1 2 3 4 5 6 7 9 11 13 15 16 18 19 20 21 25 28 29 31 33 34 35 36 38 41 43 44 46 47 48 50 52 53 54 55 57 58 61 63 65 66 69 70 72 74 76 77 80 81 84 85 86 87 88 89 90 91 92 93 94 95 96 97 98
91 65 : 0 1 2 3 4 5 6 8 9 10 11 12 13 14 16 17 19 20 21 22 25 27 30 31 33 35 37 38 39 40 42 43 44 46 48 49 52 53 54 55 56 58 59 60 61 62 64 66 68 69 70 72 77 80 82 83 84 86 87 88 91 92 93 94 99
92 65 : 0 1 3 4 5 7 8 9 10 12 14 15 16 17 18 19 20 21 22 23 24 25 26 28 29 32 37 38 42 43 44 45 46 47 49 50 53 54 55 56 58 60 61 62 63 66 68 71 72 73 75 76 77 78 81 83 84 85 86 87 88 90 92 94 95
93 47 : 0 1 8 9 11 12 15 21 22 24 26 31 32 33 35 36 37 38 40 41 44 48 50 51 54 56 59 61 62 63 64 67 68 75 76 77 78 79 80 83 85 86 87 88 94 96 99
94 65 : 0 1 2 3 8 10 12 13 14 15 16 18 19 23 24 25 26 28 29 30 31 32 33 34 39 40 42 43 44 45 48 49 51 55 56 57 58 59 62 64 65 66 67 68 69 70 71 73 74 76 77 81 82 83 85 86 87 88 90 91 93 94 95 97 98
95 66 : 0 1 2 3 4 5 6 7 8 9 10 11 12 17 18 20 21 23 24 25 26 28 29 32 33 35 37 38 40 41 42 43 45 46 47 49 52 54 55 56 57 60 61 62 63 64 65 67 70 72 75 76 77 78 83 84 85 86 87 88 89 92 93 95 97 98
96 65 : 0 1 2 3 4 7 8 10 11 14 15 16 17 18 19 20 21 23 24 25 27 28 30 31 34 36 37 38 39 40 42 44 46 47 48 51 54 57 58 60 62 63 64 67 68 70 71 73 75 76 77 80 81 82 85 86 89 90 91 92 93 94 96 97 99
97 48 : 0 1 6 9 12 15 19 21 24 27 30 31 32 33 34 35 37 38 39 40 41 44 46 52 53 54 56 59 62 64 68 70 71 73 74 75 78 79 83 84 85 86 87 88 90 94 96 99
98 65 : 0 1 2 3 6 7 8 9 11 12 14 17 20 21 22 23 24 26 28 29 30 31 32 33 35 36 37 38 40 42 44 46 47 48 51 53 56 58 59 61 63 65 66 67 69 70 71 72 73 75 76 77 80 81 84 85 86 88 89 91 92 93 94 98 99
99 66 : 0 1 2 3 4 5 6 7 9 10 11 12 14 16 17 18 20 21 22 24 25 26 27 28 32 33 34 36 37 38 39 41 46 47 50 54 55 57 58 60 61 64 65 67 69 70 71 72 73 74 75 77 78 81 83 84 86 87 89 90 91 93 94 96 97 98
